  Cleaning ProcGenCityEditor Binaries...
UnrealBuildTool : error : Unable to clean target while hot-reloading. Close the editor and try again.
                          (see ../Programs/UnrealBuildTool/Log.txt for full exception trace)
  Using 'git status' to determine working set for adaptive non-unity build.
  Creating makefile for hot reloading ProcGenCityEditor (modules to compile have changed)
  Compiling game modules for hot reload
  Using Visual Studio 2017 14.15.26726 toolchain (C:\Program Files (x86)\Microsoft Visual Studio\2017\Community\VC\Tools\MSVC\14.15.26726) and Windows 10.0.17134.0 SDK (C:\Program Files (x86)\Windows Kits\10).
  Building 6 actions with 8 processes...
    [1/6] Branch.gen.cpp
c:\users\kevin\documents\github\honours-project\procgencity\source\procgencity\Checker.h(53): error C3646: 'SetNewBranchDirection': unknown override specifier
c:\users\kevin\documents\github\honours-project\procgencity\source\procgencity\Checker.h(53): error C2059: syntax error: '('
c:\users\kevin\documents\github\honours-project\procgencity\source\procgencity\Checker.h(53): error C2238: unexpected token(s) preceding ';'
    [2/6] Boundary.cpp
c:\users\kevin\documents\github\honours-project\procgencity\source\procgencity\Checker.h(53): error C3646: 'SetNewBranchDirection': unknown override specifier
c:\users\kevin\documents\github\honours-project\procgencity\source\procgencity\Checker.h(53): error C2059: syntax error: '('
c:\users\kevin\documents\github\honours-project\procgencity\source\procgencity\Checker.h(53): error C2238: unexpected token(s) preceding ';'
    [3/6] Branch.cpp
c:\users\kevin\documents\github\honours-project\procgencity\source\procgencity\Checker.h(53): error C3646: 'SetNewBranchDirection': unknown override specifier
c:\users\kevin\documents\github\honours-project\procgencity\source\procgencity\Checker.h(53): error C2059: syntax error: '('
c:\users\kevin\documents\github\honours-project\procgencity\source\procgencity\Checker.h(53): error C2238: unexpected token(s) preceding ';'
    [4/6] Boundary.gen.cpp
c:\users\kevin\documents\github\honours-project\procgencity\source\procgencity\Checker.h(53): error C3646: 'SetNewBranchDirection': unknown override specifier
c:\users\kevin\documents\github\honours-project\procgencity\source\procgencity\Checker.h(53): error C2059: syntax error: '('
c:\users\kevin\documents\github\honours-project\procgencity\source\procgencity\Checker.h(53): error C2238: unexpected token(s) preceding ';'
UnrealBuildTool : error : UBT ERROR: Failed to produce item: C:\Users\kevin\Documents\GitHub\Honours-Project\ProcGenCity\Binaries\Win64\UE4Editor-ProcGenCity-2545.dll
                          (see ../Programs/UnrealBuildTool/Log.txt for full exception trace)
  Total build time: 7.26 seconds (Parallel executor: 0.00 seconds)
C:\Program Files (x86)\Microsoft Visual Studio\2017\Community\Common7\IDE\VC\VCTargets\Microsoft.MakeFile.Targets(49,5): error MSB3073: The command ""C:\Program Files\Epic Games\UE_4.20\Engine\Build\BatchFiles\Rebuild.bat" ProcGenCityEditor Win64 Development "C:\Users\kevin\Documents\GitHub\Honours-Project\ProcGenCity\ProcGenCity.uproject" -WaitMutex -FromMsBuild" exited with code -1.
