Log file open, 10/31/18 19:48:43
LogWindows: Failed to load 'aqProf.dll' (GetLastError=126)
LogWindows: File 'aqProf.dll' does not exist
LogWindows: Failed to load 'VtuneApi.dll' (GetLastError=126)
LogWindows: File 'VtuneApi.dll' does not exist
LogWindows: Failed to load 'VtuneApi32e.dll' (GetLastError=126)
LogWindows: File 'VtuneApi32e.dll' does not exist
LogInit: Display: Running engine for game: ProcGenCity
LogPlatformFile: Not using cached read wrapper
LogTaskGraph: Started task graph with 5 named threads and 23 total threads with 3 sets of task threads.
LogStats: Stats thread started at 0.372102
LogD3D11RHI: Loaded GFSDK_Aftermath_Lib.x64.dll
LogICUInternationalization: Display: ICU TimeZone Detection - Raw Offset: +0:00, Platform Override: ''
LogPluginManager: Mounting plugin Paper2D
LogPluginManager: Mounting plugin AISupport
LogPluginManager: Mounting plugin LightPropagationVolume
LogPluginManager: Mounting plugin CLionSourceCodeAccess
LogPluginManager: Mounting plugin CodeLiteSourceCodeAccess
LogPluginManager: Mounting plugin GitSourceControl
LogPluginManager: Mounting plugin KDevelopSourceCodeAccess
LogPluginManager: Mounting plugin NullSourceCodeAccess
LogPluginManager: Mounting plugin PerforceSourceControl
LogPluginManager: Mounting plugin SubversionSourceControl
LogPluginManager: Mounting plugin UObjectPlugin
LogPluginManager: Mounting plugin VisualStudioCodeSourceCodeAccess
LogPluginManager: Mounting plugin VisualStudioSourceCodeAccess
LogPluginManager: Mounting plugin XCodeSourceCodeAccess
LogPluginManager: Mounting plugin AssetManagerEditor
LogPluginManager: Mounting plugin CryptoKeys
LogPluginManager: Mounting plugin DataValidation
LogPluginManager: Mounting plugin FacialAnimation
LogPluginManager: Mounting plugin GameplayTagsEditor
LogPluginManager: Mounting plugin MacGraphicsSwitching
LogPluginManager: Mounting plugin MeshEditor
LogPluginManager: Mounting plugin MobileLauncherProfileWizard
LogPluginManager: Mounting plugin PluginBrowser
LogPluginManager: Mounting plugin SpeedTreeImporter
LogPluginManager: Mounting plugin DatasmithContent
LogPluginManager: Mounting plugin AlembicImporter
LogPluginManager: Mounting plugin AppleImageUtils
LogPluginManager: Mounting plugin AppleVision
LogPluginManager: Mounting plugin BackChannel
LogPluginManager: Mounting plugin CharacterAI
LogPluginManager: Mounting plugin GeometryCache
LogPluginManager: Mounting plugin HTML5Networking
LogPluginManager: Mounting plugin ProxyLODPlugin
LogPluginManager: Mounting plugin MagicLeap
LogPluginManager: Mounting plugin MagicLeapEmulator
LogPluginManager: Mounting plugin MagicLeapMedia
LogPluginManager: Mounting plugin AndroidMedia
LogPluginManager: Mounting plugin AvfMedia
LogPluginManager: Mounting plugin ImgMedia
LogPluginManager: Mounting plugin LinearTimecode
LogPluginManager: Mounting plugin MediaCompositing
LogPluginManager: Mounting plugin MediaPlayerEditor
LogPluginManager: Mounting plugin WmfMedia
LogPluginManager: Mounting plugin TcpMessaging
LogPluginManager: Mounting plugin UdpMessaging
LogPluginManager: Mounting plugin ActorSequence
LogPluginManager: Mounting plugin LevelSequenceEditor
LogPluginManager: Mounting plugin MatineeToLevelSequence
LogPluginManager: Mounting plugin NetcodeUnitTest
LogPluginManager: Mounting plugin NUTUnrealEngine4
LogPluginManager: Mounting plugin OnlineSubsystemGooglePlay
LogPluginManager: Mounting plugin OnlineSubsystemIOS
LogPluginManager: Mounting plugin OnlineSubsystem
LogPluginManager: Mounting plugin OnlineSubsystemNull
LogPluginManager: Mounting plugin OnlineSubsystemUtils
LogPluginManager: Mounting plugin LauncherChunkInstaller
LogPluginManager: Mounting plugin AndroidDeviceProfileSelector
LogPluginManager: Mounting plugin AndroidMoviePlayer
LogPluginManager: Mounting plugin AndroidPermission
LogPluginManager: Mounting plugin AppleMoviePlayer
LogPluginManager: Mounting plugin ArchVisCharacter
LogPluginManager: Mounting plugin AudioCapture
LogPluginManager: Mounting plugin CableComponent
LogPluginManager: Mounting plugin CustomMeshComponent
LogPluginManager: Mounting plugin EditableMesh
LogPluginManager: Mounting plugin ExampleDeviceProfileSelector
LogPluginManager: Mounting plugin GoogleCloudMessaging
LogPluginManager: Mounting plugin ImmediatePhysics
LogPluginManager: Mounting plugin IOSDeviceProfileSelector
LogPluginManager: Mounting plugin LinuxDeviceProfileSelector
LogPluginManager: Mounting plugin LocationServicesBPLibrary
LogPluginManager: Mounting plugin MobilePatchingUtils
LogPluginManager: Mounting plugin OculusVR
LogPluginManager: Plugin shader directory ../../../Engine/Plugins/Runtime/Oculus/OculusVR/Shaders found
LogPluginManager: Mapping shader source directory ../../../Engine/Plugins/Runtime/Oculus/OculusVR/Shaders to virtual directory /Plugin/OculusVR
LogPluginManager: Mounting plugin PhysXVehicles
LogPluginManager: Mounting plugin ProceduralMeshComponent
LogPluginManager: Mounting plugin RuntimePhysXCooking
LogPluginManager: Mounting plugin SteamVR
LogPluginManager: Mounting plugin WindowsMoviePlayer
LogStreaming: Display: Took  0.175s to configure plugins.
LogInit: Using libcurl 7.55.1-DEV
LogInit:  - built for x86_64-pc-win32
LogInit:  - supports SSL with OpenSSL/1.0.2h
LogInit:  - supports HTTP deflate (compression) using libz 1.2.8
LogInit:  - other features:
LogInit:      CURL_VERSION_SSL
LogInit:      CURL_VERSION_LIBZ
LogInit:      CURL_VERSION_IPV6
LogInit:      CURL_VERSION_ASYNCHDNS
LogInit:      CURL_VERSION_LARGEFILE
LogInit:      CURL_VERSION_IDN
LogInit:  CurlRequestOptions (configurable via config and command line):
LogInit:  - bVerifyPeer = false  - Libcurl will NOT verify peer certificate
LogInit:  - bUseHttpProxy = false  - Libcurl will NOT use HTTP proxy
LogInit:  - bDontReuseConnections = false  - Libcurl will reuse connections
LogInit:  - CertBundlePath = nullptr  - Libcurl will use whatever was configured at build time.
LogInit:  - MaxHostConnections = 16  - Libcurl will limit the number of connections to a host
LogInit:  - LocalHostAddr = Default
LogInit:  - BufferSize = 65536
LogInit: WinSock: version 1.1 (2.2), MaxSocks=32767, MaxUdp=65467
LogInit: Build: ++UE4+Release-4.20-CL-4369336
LogInit: Engine Version: 4.20.3-4369336+++UE4+Release-4.20
LogInit: Compatible Engine Version: 4.20.0-4212847+++UE4+Release-4.20
LogInit: Net CL: 4212847
LogInit: OS: Windows 10 (), CPU: Intel(R) Core(TM) i7-4770K CPU @ 3.50GHz, GPU: NVIDIA GeForce GTX 1060 6GB
LogInit: Compiled (64-bit): Sep 17 2018 12:26:19
LogInit: Compiled with Visual C++: 19.13.26129.00
LogInit: Build Configuration: Development
LogInit: Branch Name: ++UE4+Release-4.20
LogInit: Command Line:  
LogInit: Base Directory: C:/Program Files/Epic Games/UE_4.20/Engine/Binaries/Win64/
LogInit: Installed Engine Build: 1
LogDevObjectVersion: Number of dev versions registered: 20
LogDevObjectVersion:   Dev-Blueprints (B0D832E4-1F89-4F0D-ACCF-7EB736FD4AA2): 10
LogDevObjectVersion:   Dev-Build (E1C64328-A22C-4D53-A36C-8E866417BD8C): 0
LogDevObjectVersion:   Dev-Core (375EC13C-06E4-48FB-B500-84F0262A717E): 2
LogDevObjectVersion:   Dev-Editor (E4B068ED-F494-42E9-A231-DA0B2E46BB41): 24
LogDevObjectVersion:   Dev-Framework (CFFC743F-43B0-4480-9391-14DF171D2073): 34
LogDevObjectVersion:   Dev-Mobile (B02B49B5-BB20-44E9-A304-32B752E40360): 2
LogDevObjectVersion:   Dev-Networking (A4E4105C-59A1-49B5-A7C5-40C4547EDFEE): 0
LogDevObjectVersion:   Dev-Online (39C831C9-5AE6-47DC-9A44-9C173E1C8E7C): 0
LogDevObjectVersion:   Dev-Physics (78F01B33-EBEA-4F98-B9B4-84EACCB95AA2): 0
LogDevObjectVersion:   Dev-Platform (6631380F-2D4D-43E0-8009-CF276956A95A): 0
LogDevObjectVersion:   Dev-Rendering (12F88B9F-8875-4AFC-A67C-D90C383ABD29): 26
LogDevObjectVersion:   Dev-Sequencer (7B5AE74C-D270-4C10-A958-57980B212A5A): 9
LogDevObjectVersion:   Dev-VR (D7296918-1DD6-4BDD-9DE2-64A83CC13884): 2
LogDevObjectVersion:   Dev-LoadTimes (C2A15278-BFE7-4AFE-6C17-90FF531DF755): 1
LogDevObjectVersion:   Private-Geometry (6EACA3D4-40EC-4CC1-B786-8BED09428FC5): 3
LogDevObjectVersion:   Dev-AnimPhys (29E575DD-E0A3-4627-9D10-D276232CDCEA): 17
LogDevObjectVersion:   Dev-ReflectionCapture (6B266CEC-1EC7-4B8F-A30B-E4D90942FC07): 1
LogDevObjectVersion:   Dev-Automation (0DF73D61-A23F-47EA-B727-89E90C41499A): 1
LogDevObjectVersion:   FortniteMain (601D1886-AC64-4F84-AA16-D3DE0DEAC7D6): 12
LogDevObjectVersion:   Dev-Enterprise (9DFFBCD6-494F-0158-E221-12823C92A888): 1
LogStreaming: Display: Took  0.011s to delete old logs.
LogInit: Presizing for max 8388607 objects, including 0 objects not considered by GC, pre-allocating 0 bytes for permanent pool.
LogInit: Object subsystem initialized
[2018.10.31-19.48.44:723][  0]LogInit: Selected Device Profile: [Windows]
[2018.10.31-19.48.44:723][  0]LogInit: Applying CVar settings loaded from the selected device profile: [Windows]
[2018.10.31-19.48.44:800][  0]LogHAL: Display: Platform has ~ 16 GB [17062375424 / 17179869184 / 16], which maps to Larger [LargestMinGB=32, LargerMinGB=12, DefaultMinGB=8, SmallerMinGB=6, SmallestMinGB=0)
[2018.10.31-19.48.44:800][  0]LogInit: Setting Device Profile CVar: [[r.Vulkan.UseRealUBs:1]]
[2018.10.31-19.48.44:800][  0]LogInit: Going up to parent DeviceProfile []
[2018.10.31-19.48.44:800][  0]LogInit: Computer: KEVIN
[2018.10.31-19.48.44:801][  0]LogInit: User: Grizz
[2018.10.31-19.48.44:801][  0]LogInit: CPU Page size=4096, Cores=4
[2018.10.31-19.48.44:801][  0]LogInit: High frequency timer resolution =3.410073 MHz
[2018.10.31-19.48.44:801][  0]LogMemory: Memory total: Physical=15.9GB (16GB approx)
[2018.10.31-19.48.44:801][  0]LogMemory: Platform Memory Stats for Windows
[2018.10.31-19.48.44:801][  0]LogMemory: Process Physical Memory: 100.36 MB used, 100.36 MB peak
[2018.10.31-19.48.44:801][  0]LogMemory: Process Virtual Memory: 91.25 MB used, 91.25 MB peak
[2018.10.31-19.48.44:801][  0]LogMemory: Physical Memory: 13044.97 MB used,  3226.98 MB free, 16271.95 MB total
[2018.10.31-19.48.44:801][  0]LogMemory: Virtual Memory: 4640.32 MB used,  3226.98 MB free, 134217728.00 MB total
[2018.10.31-19.48.45:023][  0]LogInit: Using OS detected language (en-GB).
[2018.10.31-19.48.45:023][  0]LogInit: Using OS detected locale (en-GB).
[2018.10.31-19.48.45:082][  0]LogTextLocalizationManager: No specific localization for 'en-GB' exists, so the 'en' localization will be used.
[2018.10.31-19.48.45:857][  0]LogStreaming: Display: Took  0.834s to InitEngineTextLocalization.
[2018.10.31-19.48.45:857][  0]LogInit: Setting process to per monitor DPI aware
[2018.10.31-19.48.46:284][  0]LogSlate: New Slate User Created.  User Index 0, Is Virtual User: 0
[2018.10.31-19.48.46:284][  0]LogSlate: Slate User Registered.  User Index 0, Is Virtual User: 0
[2018.10.31-19.48.55:453][  0]LogHMD: Failed to initialize OpenVR with code 105
[2018.10.31-19.48.55:453][  0]LogD3D11RHI: D3D11 adapters:
[2018.10.31-19.48.55:536][  0]LogD3D11RHI:    0. 'NVIDIA GeForce GTX 1060 6GB' (Feature Level 11_0)
[2018.10.31-19.48.55:536][  0]LogD3D11RHI:       6052/0/8135 MB DedicatedVideo/DedicatedSystem/SharedSystem, Outputs:2, VendorId:0x10de
[2018.10.31-19.48.55:717][  0]LogD3D11RHI:    1. 'Intel(R) HD Graphics 4600' (Feature Level 11_0)
[2018.10.31-19.48.55:717][  0]LogD3D11RHI:       112/0/2048 MB DedicatedVideo/DedicatedSystem/SharedSystem, Outputs:0, VendorId:0x8086
[2018.10.31-19.48.55:750][  0]LogD3D11RHI:    2. 'Microsoft Basic Render Driver' (Feature Level 11_0)
[2018.10.31-19.48.55:750][  0]LogD3D11RHI:       0/0/8135 MB DedicatedVideo/DedicatedSystem/SharedSystem, Outputs:0, VendorId:0x1414
[2018.10.31-19.48.55:750][  0]LogD3D11RHI: Chosen D3D11 Adapter: 0
[2018.10.31-19.48.55:803][  0]LogD3D11RHI: Creating new Direct3DDevice
[2018.10.31-19.48.55:803][  0]LogD3D11RHI:     GPU DeviceId: 0x1c03 (for the marketing name, search the web for "GPU Device Id")
[2018.10.31-19.48.55:803][  0]LogWindows: EnumDisplayDevices:
[2018.10.31-19.48.55:803][  0]LogWindows:    0. 'NVIDIA GeForce GTX 1060 6GB' (P:1 D:1)
[2018.10.31-19.48.55:804][  0]LogWindows:    1. 'NVIDIA GeForce GTX 1060 6GB' (P:0 D:1)
[2018.10.31-19.48.55:804][  0]LogWindows:    2. 'NVIDIA GeForce GTX 1060 6GB' (P:0 D:0)
[2018.10.31-19.48.55:804][  0]LogWindows:    3. 'NVIDIA GeForce GTX 1060 6GB' (P:0 D:0)
[2018.10.31-19.48.55:804][  0]LogWindows:    4. 'Intel(R) HD Graphics 4600' (P:0 D:0)
[2018.10.31-19.48.55:804][  0]LogWindows:    5. 'Intel(R) HD Graphics 4600' (P:0 D:0)
[2018.10.31-19.48.55:805][  0]LogWindows:    6. 'Intel(R) HD Graphics 4600' (P:0 D:0)
[2018.10.31-19.48.55:805][  0]LogWindows: DebugString: PrimaryIsNotTheChoosenAdapter PrimaryIsNotTheChoosenAdapter PrimaryIsNotTheChoosenAdapter FoundDriverCount:4 
[2018.10.31-19.48.55:805][  0]LogD3D11RHI:     Adapter Name: NVIDIA GeForce GTX 1060 6GB
[2018.10.31-19.48.55:805][  0]LogD3D11RHI:   Driver Version: 416.34 (internal:25.21.14.1634, unified:416.34)
[2018.10.31-19.48.55:805][  0]LogD3D11RHI:      Driver Date: 10-10-2018
[2018.10.31-19.48.55:805][  0]LogRHI: Texture pool is 4236 MB (70% of 6052 MB)
[2018.10.31-19.48.55:947][  0]LogD3D11RHI: Async texture creation enabled
[2018.10.31-19.48.56:178][  0]LogD3D11RHI: GPU Timing Frequency: 1000.000000 (Debug: 2 2)
[2018.10.31-19.48.56:306][  0]LogShaderCompilers: Guid format shader working directory is -30 characters bigger than the processId version (../../../../../../Users/Grizz/Documents/GitHub/Honours-Project/ProcGenCity/Intermediate/Shaders/WorkingDirectory/268768/).
[2018.10.31-19.48.56:307][  0]LogShaderCompilers: Cleaned the shader compiler working directory 'C:/Users/Grizz/AppData/Local/Temp/UnrealShaderWorkingDir/36BA1C7F425B0551FC01CE9169563772/'.
[2018.10.31-19.48.56:810][  0]LogTemp: Display: Loaded TP AllDesktopTargetPlatform
[2018.10.31-19.48.56:829][  0]LogTemp: Display: Loaded TP MacClientTargetPlatform
[2018.10.31-19.48.56:842][  0]LogTemp: Display: Loaded TP MacNoEditorTargetPlatform
[2018.10.31-19.48.56:857][  0]LogTemp: Display: Loaded TP MacServerTargetPlatform
[2018.10.31-19.48.56:902][  0]LogTemp: Display: Loaded TP MacTargetPlatform
[2018.10.31-19.48.56:934][  0]LogTemp: Display: Loaded TP WindowsClientTargetPlatform
[2018.10.31-19.48.56:959][  0]LogTemp: Display: Loaded TP WindowsNoEditorTargetPlatform
[2018.10.31-19.48.56:977][  0]LogTemp: Display: Loaded TP WindowsServerTargetPlatform
[2018.10.31-19.48.56:986][  0]LogTemp: Display: Loaded TP WindowsTargetPlatform
[2018.10.31-19.48.57:120][  0]LogTemp: Display: Loaded TP AndroidTargetPlatform
[2018.10.31-19.48.57:120][  0]LogTemp: Display: Loaded TP AndroidTargetPlatform
[2018.10.31-19.48.57:120][  0]LogTemp: Display: Loaded TP AndroidTargetPlatform
[2018.10.31-19.48.57:120][  0]LogTemp: Display: Loaded TP AndroidTargetPlatform
[2018.10.31-19.48.57:120][  0]LogTemp: Display: Loaded TP AndroidTargetPlatform
[2018.10.31-19.48.57:120][  0]LogTemp: Display: Loaded TP AndroidTargetPlatform
[2018.10.31-19.48.57:120][  0]LogTemp: Display: Loaded TP AndroidTargetPlatform
[2018.10.31-19.48.57:120][  0]LogTemp: Display: Loaded TP AndroidTargetPlatform
[2018.10.31-19.48.57:120][  0]LogTemp: Display: Loaded TP AndroidTargetPlatform
[2018.10.31-19.48.57:120][  0]LogTemp: Display: Loaded TP AndroidTargetPlatform
[2018.10.31-19.48.57:120][  0]LogTemp: Display: Loaded TP AndroidTargetPlatform
[2018.10.31-19.48.57:120][  0]LogTemp: Display: Loaded TP AndroidTargetPlatform
[2018.10.31-19.48.57:120][  0]LogTemp: Display: Loaded TP AndroidTargetPlatform
[2018.10.31-19.48.57:120][  0]LogTemp: Display: Loaded TP AndroidTargetPlatform
[2018.10.31-19.48.57:121][  0]LogTemp: Display: Loaded TP AndroidTargetPlatform
[2018.10.31-19.48.57:121][  0]LogTemp: Display: Loaded TP AndroidTargetPlatform
[2018.10.31-19.48.57:121][  0]LogTemp: Display: Loaded TP AndroidTargetPlatform
[2018.10.31-19.48.57:121][  0]LogTemp: Display: Loaded TP AndroidTargetPlatform
[2018.10.31-19.48.57:159][  0]LogTemp: Display: Loaded TP HTML5TargetPlatform
[2018.10.31-19.48.57:273][  0]LogTemp: Display: Loaded TP IOSTargetPlatform
[2018.10.31-19.48.57:273][  0]LogTemp: Display: Loaded TP IOSTargetPlatform
[2018.10.31-19.48.57:296][  0]LogTemp: Display: Loaded TP TVOSTargetPlatform
[2018.10.31-19.48.57:296][  0]LogTemp: Display: Loaded TP TVOSTargetPlatform
[2018.10.31-19.48.57:325][  0]LogTemp: Display: Loaded TP LinuxClientTargetPlatform
[2018.10.31-19.48.57:348][  0]LogTemp: Display: Loaded TP LinuxNoEditorTargetPlatform
[2018.10.31-19.48.57:361][  0]LogTemp: Display: Loaded TP LinuxServerTargetPlatform
[2018.10.31-19.48.57:395][  0]LogTemp: Display: Loaded TP LinuxTargetPlatform
[2018.10.31-19.48.57:405][  0]LogTemp: Display: Loaded TP LuminTargetPlatform
[2018.10.31-19.48.57:405][  0]LogTargetPlatformManager: Display: Building Assets For Windows
[2018.10.31-19.48.57:682][  0]LogXGEController: Cleaning working directory: C:/Users/Grizz/AppData/Local/Temp/UnrealXGEWorkingDir/
[2018.10.31-19.48.57:682][  0]LogXGEController: Cannot use XGE Controller as Incredibuild is not installed on this machine.
[2018.10.31-19.48.57:682][  0]LogShaderCompilers: Cannot use XGE Shader Compiler as Incredibuild is not installed on this machine.
[2018.10.31-19.48.57:682][  0]LogShaderCompilers: Display: Using Local Shader Compiler.
[2018.10.31-19.49.04:726][  0]LogDerivedDataCache: Display: Max Cache Size: 512 MB
[2018.10.31-19.49.05:264][  0]LogDerivedDataCache: Loaded boot cache 0.52s 71MB C:/Users/Grizz/AppData/Local/UnrealEngine/4.20/DerivedDataCache/Boot.ddc.
[2018.10.31-19.49.05:264][  0]LogDerivedDataCache: Display: Loaded Boot cache: C:/Users/Grizz/AppData/Local/UnrealEngine/4.20/DerivedDataCache/Boot.ddc
[2018.10.31-19.49.05:264][  0]LogDerivedDataCache: FDerivedDataBackendGraph:  Pak pak cache file ../../../../../../Users/Grizz/Documents/GitHub/Honours-Project/ProcGenCity/DerivedDataCache/DDC.ddp not found, will not use a pak cache.
[2018.10.31-19.49.05:264][  0]LogDerivedDataCache: Unable to find inner node Pak for hierarchical cache Hierarchy.
[2018.10.31-19.49.05:264][  0]LogDerivedDataCache: FDerivedDataBackendGraph:  CompressedPak pak cache file ../../../../../../Users/Grizz/Documents/GitHub/Honours-Project/ProcGenCity/DerivedDataCache/Compressed.ddp not found, will not use a pak cache.
[2018.10.31-19.49.05:264][  0]LogDerivedDataCache: Unable to find inner node CompressedPak for hierarchical cache Hierarchy.
[2018.10.31-19.49.05:327][  0]LogDerivedDataCache: Display: Pak cache opened for reading ../../../Engine/DerivedDataCache/Compressed.ddp.
[2018.10.31-19.49.05:340][  0]LogDerivedDataCache: Using Local data cache path C:/Users/Grizz/AppData/Local/UnrealEngine/Common/DerivedDataCache: Writable
[2018.10.31-19.49.05:340][  0]LogDerivedDataCache: Shared data cache path not found in *engine.ini, will not use an Shared cache.
[2018.10.31-19.49.05:340][  0]LogDerivedDataCache: Unable to find inner node Shared for hierarchical cache Hierarchy.
[2018.10.31-19.49.05:357][  0]LogMaterial: Verifying Global Shaders for PCD3D_SM5
[2018.10.31-19.49.05:359][  0]LogSlate: Using FreeType 2.6.0
[2018.10.31-19.49.05:359][  0]LogSlate: SlateFontServices - WITH_FREETYPE: 1, WITH_HARFBUZZ: 1
[2018.10.31-19.49.05:472][  0]LogAssetRegistry: FAssetRegistry took 0.0261 seconds to start up
[2018.10.31-19.49.06:642][  0]LogInit: Selected Device Profile: [Windows]
[2018.10.31-19.49.08:162][  0]LogSimplygon: Simplygon DLL not present - disabling.
[2018.10.31-19.49.08:344][  0]LogMeshReduction: Using SimplygonSwarm for distributed automatic mesh merging
[2018.10.31-19.49.08:344][  0]LogMeshReduction: Using ProxyLODMeshReduction for automatic mesh merging
[2018.10.31-19.49.08:344][  0]LogMeshReduction: Using QuadricMeshReduction for automatic static mesh reduction
[2018.10.31-19.49.08:344][  0]LogMeshReduction: No automatic skeletal mesh reduction module available
[2018.10.31-19.49.08:424][  0]LogNetVersion: ProcGenCity 1.0.0, NetCL: 4212847, EngineNetVer: 5, GameNetVer: 0 (Checksum: 2895139612)
[2018.10.31-19.49.14:907][  0]LogPackageLocalizationCache: Processed 11 localized package path(s) for 2 prioritized culture(s) in 0.351155 seconds
[2018.10.31-19.49.14:915][  0]LogUObjectArray: 38425 objects as part of root set at end of initial load.
[2018.10.31-19.49.14:915][  0]LogUObjectAllocator: 6690872 out of 0 bytes used by permanent object pool.
[2018.10.31-19.49.14:915][  0]LogUObjectArray: CloseDisregardForGC: 0/0 objects in disregard for GC pool
[2018.10.31-19.49.44:774][  0]LogTcpMessaging: Initializing TcpMessaging bridge
[2018.10.31-19.49.44:797][  0]LogUdpMessaging: Initializing bridge on interface 0.0.0.0:0 to multicast group 230.0.0.1:6666.
[2018.10.31-19.49.46:078][  0]SourceControl: Source control is disabled
[2018.10.31-19.49.46:078][  0]SourceControl: Source control is disabled
[2018.10.31-19.49.46:241][  0]SourceControl: Source control is disabled
[2018.10.31-19.49.46:392][  0]SourceControl: Source control is disabled
[2018.10.31-19.49.47:419][  0]LogAndroidPermission: UAndroidPermissionCallbackProxy::GetInstance
[2018.10.31-19.49.47:924][  0]LogOcInput: OculusInput pre-init called
[2018.10.31-19.49.48:512][  0]LogEngine: Initializing Engine...
[2018.10.31-19.49.48:516][  0]LogHMD: Failed to initialize OpenVR with code 105
[2018.10.31-19.49.48:543][  0]LogStats: UGameplayTagsManager::ConstructGameplayTagTree: ImportINI prefixes -  0.000 s
[2018.10.31-19.49.48:543][  0]LogStats: UGameplayTagsManager::ConstructGameplayTagTree: Construct from data asset -  0.000 s
[2018.10.31-19.49.48:543][  0]LogStats: UGameplayTagsManager::ConstructGameplayTagTree: ImportINI -  0.000 s
[2018.10.31-19.49.48:544][  0]LogStats: UGameplayTagsManager::ConstructGameplayTagTree: GameplayTagTreeChangedEvent.Broadcast -  0.000 s
[2018.10.31-19.49.49:434][  0]LogInit: Initializing FReadOnlyCVARCache
[2018.10.31-19.49.49:564][  0]LogAIModule: Creating AISystem for world Untitled
[2018.10.31-19.49.49:655][  0]LogInit: XAudio2 using 'Speakers (Realtek High Definition Audio)' : 2 channels at 48 kHz using 32 bits per sample (channel mask 0x3)
[2018.10.31-19.49.50:084][  0]LogInit: FAudioDevice initialized.
[2018.10.31-19.49.50:085][  0]LogNetVersion: Set ProjectVersion to 1.0.0.0. Version Checksum will be recalculated on next use.
[2018.10.31-19.49.50:223][  0]LogDerivedDataCache: Saved boot cache 0.14s 71MB C:/Users/Grizz/AppData/Local/UnrealEngine/4.20/DerivedDataCache/Boot.ddc.
[2018.10.31-19.49.50:244][  0]LogInit: Texture streaming: Enabled
[2018.10.31-19.49.50:582][  0]LogEngineSessionManager: EngineSessionManager initialized
[2018.10.31-19.49.50:631][  0]LogEngineSessionManager: EngineSessionManager sent abnormal shutdown report. Type=Crashed, SessionId={EE77EE88-40C2-C328-0A38-0D959B25ECBD}
[2018.10.31-19.49.50:734][  0]LogInit: Transaction tracking system initialized
[2018.10.31-19.49.50:924][  0]BlueprintLog: New page: Editor Load
[2018.10.31-19.49.51:387][  0]LocalizationService: Localization service is disabled
[2018.10.31-19.49.54:020][  0]LogFileCache: Scanning file cache for directory 'C:/Users/Grizz/Documents/GitHub/Honours-Project/ProcGenCity/Content/' took 0.03s
[2018.10.31-19.49.54:020][  0]LogCook: Display: Max memory allowance for cook 16384mb min free memory 0mb
[2018.10.31-19.49.54:020][  0]LogCook: Display: Mobile HDR setting 1
[2018.10.31-19.49.54:020][  0]LogGameplayTags: Display: UGameplayTagsManager::DoneAddingNativeTags. DelegateIsBound: 0
[2018.10.31-19.49.54:020][  0]LogStats: UGameplayTagsManager::ConstructGameplayTagTree: ImportINI prefixes -  0.000 s
[2018.10.31-19.49.54:020][  0]LogStats: UGameplayTagsManager::ConstructGameplayTagTree: Construct from data asset -  0.000 s
[2018.10.31-19.49.54:020][  0]LogStats: UGameplayTagsManager::ConstructGameplayTagTree: ImportINI -  0.000 s
[2018.10.31-19.49.54:020][  0]LogStats: UGameplayTagsManager::ConstructGameplayTagTree: GameplayTagTreeChangedEvent.Broadcast -  0.000 s
[2018.10.31-19.49.55:748][  0]SourceControl: Source control is disabled
[2018.10.31-19.49.55:847][  0]LogWindowsTextInputMethodSystem: Display: IME system now deactivated.
[2018.10.31-19.49.55:848][  0]LogSlate: Took 0.000191 seconds to synchronously load lazily loaded font '../../../Engine/Content/Slate/Fonts/Roboto-Regular.ttf' (155K)
[2018.10.31-19.49.59:213][  0]LogSlate: Window 'Restore Packages' being destroyed
[2018.10.31-19.49.59:213][  0]LogWindowsTextInputMethodSystem: Display: IME system now deactivated.
[2018.10.31-19.49.59:216][  0]LogWindowsTextInputMethodSystem: Display: IME system now deactivated.
[2018.10.31-19.49.59:226][  0]Cmd: MAP LOAD FILE="../../../../../../Users/Grizz/Documents/GitHub/Honours-Project/ProcGenCity/Content/StarterContent/Maps/Minimal_Default.umap" TEMPLATE=0 SHOWPROGRESS=1 FEATURELEVEL=3
[2018.10.31-19.49.59:226][  0]LightingResults: New page: Lighting Build
[2018.10.31-19.49.59:471][  0]MapCheck: New page: Map Check
[2018.10.31-19.49.59:471][  0]LightingResults: New page: Lighting Build
[2018.10.31-19.50.02:170][  0]LogAIModule: Creating AISystem for world Minimal_Default
[2018.10.31-19.50.02:887][  0]LogEditorServer: Finished looking for orphan Actors (0.000 secs)
[2018.10.31-19.50.02:930][  0]Cmd: MAP CHECKDEP NOCLEARLOG
[2018.10.31-19.50.03:012][  0]MapCheck: Map check complete: 0 Error(s), 0 Warning(s), took 81.487ms to complete.
[2018.10.31-19.50.03:012][  0]LogFileHelpers: Loading map 'Minimal_Default' took 3.787
[2018.10.31-19.50.03:788][  0]LogSlate: Updating window title bar state: overlay mode, drag disabled, window buttons hidden, title bar hidden
[2018.10.31-19.50.03:814][  0]LogSlate: Updating window title bar state: overlay mode, drag disabled, window buttons hidden, title bar hidden
[2018.10.31-19.50.03:824][  0]LogSlate: Updating window title bar state: overlay mode, drag disabled, window buttons hidden, title bar hidden
[2018.10.31-19.50.03:831][  0]LogSlate: Updating window title bar state: overlay mode, drag disabled, window buttons hidden, title bar hidden
[2018.10.31-19.50.04:027][  0]LogCollectionManager: Loaded 0 collections in 0.002910 seconds
[2018.10.31-19.50.04:105][  0]LogFileCache: Scanning file cache for directory 'C:/Users/Grizz/Documents/GitHub/Honours-Project/ProcGenCity/Saved/Collections/' took 0.01s
[2018.10.31-19.50.04:105][  0]LogFileCache: Scanning file cache for directory 'C:/Users/Grizz/Documents/GitHub/Honours-Project/ProcGenCity/Content/Developers/Grizz/Collections/' took 0.01s
[2018.10.31-19.50.04:105][  0]LogFileCache: Scanning file cache for directory 'C:/Users/Grizz/Documents/GitHub/Honours-Project/ProcGenCity/Content/Collections/' took 0.01s
[2018.10.31-19.50.04:105][  0]LogCollectionManager: Rebuilt the GUID cache for 0 collections in 0.000001 seconds
[2018.10.31-19.50.04:135][  0]LogContentBrowser: Native class hierarchy populated in 0.0304 seconds. Added 2575 classes and 605 folders.
[2018.10.31-19.50.04:186][  0]LogContentBrowser: Native class hierarchy updated for 'WidgetCarousel' in 0.0020 seconds. Added 0 classes and 0 folders.
[2018.10.31-19.50.06:390][  0]LogContentBrowser: Native class hierarchy updated for 'AddContentDialog' in 0.0004 seconds. Added 0 classes and 0 folders.
[2018.10.31-19.50.06:419][  0]LogContentBrowser: Native class hierarchy updated for 'SceneOutliner' in 0.0004 seconds. Added 1 classes and 2 folders.
[2018.10.31-19.50.06:578][  0]LogSlate: Took 0.000209 seconds to synchronously load lazily loaded font '../../../Engine/Content/Slate/Fonts/Roboto-Bold.ttf' (160K)
[2018.10.31-19.50.06:617][  0]LogSlate: Took 0.032926 seconds to synchronously load lazily loaded font '../../../Engine/Content/Editor/Slate/Fonts/FontAwesome.ttf' (139K)
[2018.10.31-19.50.06:906][  0]LogRenderer: Reallocating scene render targets to support 1616x1004 Format 10 NumSamples 1 (Frame:1).
[2018.10.31-19.50.07:247][  0]LogContentBrowser: Native class hierarchy updated for 'HierarchicalLODOutliner' in 0.0005 seconds. Added 0 classes and 0 folders.
[2018.10.31-19.50.07:247][  0]LogLoad: (Engine Initialization) Total time: 86.19 seconds
[2018.10.31-19.50.07:247][  0]LogLoad: (Engine Initialization) Total Blueprint compile time: 0.00 seconds
[2018.10.31-19.50.07:278][  0]LogContentStreaming: Texture pool size now 1000 MB
[2018.10.31-19.50.07:312][  1]LogAssetRegistry: Asset discovery search completed in 61.8626 seconds
[2018.10.31-19.50.07:314][  1]LogCollectionManager: Rebuilt the object cache for 0 collections in 0.000000 seconds (found 0 objects)
[2018.10.31-19.50.07:314][  1]LogCollectionManager: Fixed up redirectors for 0 collections in 0.000049 seconds (updated 0 objects)
[2018.10.31-19.50.08:432][ 54]LogSlate: Took 0.138599 seconds to synchronously load lazily loaded font '../../../Engine/Content/Slate/Fonts/Roboto-Light.ttf' (167K)
[2018.10.31-19.56.41:168][522]LogSlate: FSceneViewport::OnFocusLost() reason 0
[2018.10.31-19.56.41:410][522]Candidate modules for hot reload:
[2018.10.31-19.56.41:410][522]  ProcGenCity
[2018.10.31-19.56.41:411][522]Launching UnrealBuildTool... [C:/Program Files/Epic Games/UE_4.20/Engine/Binaries/DotNET/UnrealBuildTool.exe  -ModuleWithSuffix=ProcGenCity,8089 Win64 Development -TargetType=Editor -Project="../../../../../../Users/Grizz/Documents/GitHub/Honours-Project/ProcGenCity/ProcGenCity.uproject" -canskiplink "C:/Users/Grizz/Documents/GitHub/Honours-Project/ProcGenCity/ProcGenCity.uproject" ]
[2018.10.31-19.56.41:412][522]Warning: Starting HotReload took  0.2s.
[2018.10.31-19.57.02:407][729]CompilerResultsLog: New page: Compilation - 31 Oct 2018 19:57:02
[2018.10.31-19.57.02:407][729]CompilerResultsLog: Using 'git status' to determine working set for adaptive non-unity build.
[2018.10.31-19.57.02:407][729]CompilerResultsLog: Compiling game modules for hot reload
[2018.10.31-19.57.02:407][729]CompilerResultsLog: Building 3 actions with 8 processes...
[2018.10.31-19.57.02:407][729]CompilerResultsLog:   [1/3] LotDesigner.cpp
[2018.10.31-19.57.02:407][729]CompilerResultsLog:   [2/3] UE4Editor-ProcGenCity-8089.lib
[2018.10.31-19.57.02:407][729]CompilerResultsLog:      Creating library C:\Users\Grizz\Documents\GitHub\Honours-Project\ProcGenCity\Intermediate\Build\Win64\UE4Editor\Development\ProcGenCity\UE4Editor-ProcGenCity-8089.lib and object C:\Users\Grizz\Documents\GitHub\Honours-Project\ProcGenCity\Intermediate\Build\Win64\UE4Editor\Development\ProcGenCity\UE4Editor-ProcGenCity-8089.exp
[2018.10.31-19.57.02:407][729]CompilerResultsLog:   [3/3] UE4Editor-ProcGenCity-8089.dll
[2018.10.31-19.57.02:407][729]CompilerResultsLog:      Creating library C:\Users\Grizz\Documents\GitHub\Honours-Project\ProcGenCity\Intermediate\Build\Win64\UE4Editor\Development\ProcGenCity\UE4Editor-ProcGenCity-8089.suppressed.lib and object C:\Users\Grizz\Documents\GitHub\Honours-Project\ProcGenCity\Intermediate\Build\Win64\UE4Editor\Development\ProcGenCity\UE4Editor-ProcGenCity-8089.suppressed.exp
[2018.10.31-19.57.02:407][729]CompilerResultsLog: Total build time: 20.13 seconds (Parallel executor: 13.54 seconds)
[2018.10.31-19.57.02:407][729]LogMainFrame: MainFrame: Module compiling took 21.130 seconds
[2018.10.31-19.57.02:460][729]LogContentBrowser: Native class hierarchy updated for 'ProcGenCity' in 0.0005 seconds. Added 3 classes and 2 folders.
[2018.10.31-19.57.02:462][729]Display: HotReload successful (0 functions remapped  0 scriptstructs remapped)
[2018.10.31-19.57.02:587][729]LogContentBrowser: Native class hierarchy populated in 0.0097 seconds. Added 2576 classes and 607 folders.
[2018.10.31-19.57.02:673][729]Display: HotReload took 21.5s.
[2018.10.31-19.57.07:247][ 23]LogActor: Warning: MyLotDesigner_C /Game/StarterContent/Maps/Minimal_Default.Minimal_Default:PersistentLevel.MyLotDesigner_C_0 has natively added scene component(s), but none of them were set as the actor's RootComponent - picking one arbitrarily
[2018.10.31-19.57.07:247][ 23]LogWindows: Windows GetLastError: The operation completed successfully. (0)
[2018.10.31-19.57.11:013][ 23]LogWindows: Error: === Critical error: ===
[2018.10.31-19.57.11:013][ 23]LogWindows: Error: 
[2018.10.31-19.57.11:013][ 23]LogWindows: Error: Assertion failed: (Index >= 0) & (Index < ArrayNum) [File:C:\Program Files\Epic Games\UE_4.20\Engine\Source\Runtime\Core\Public\Containers/Array.h] [Line: 611] 
[2018.10.31-19.57.11:013][ 23]LogWindows: Error: Array index out of bounds: 1 from an array of size 0
[2018.10.31-19.57.11:013][ 23]LogWindows: Error: 
[2018.10.31-19.57.11:013][ 23]LogWindows: Error: 
[2018.10.31-19.57.11:013][ 23]LogWindows: Error: [Callstack] 0x00007ff85ebaa388 KERNELBASE.dll!UnknownFunction []
[2018.10.31-19.57.11:013][ 23]LogWindows: Error: [Callstack] 0x00007ff848366850 UE4Editor-ApplicationCore.dll!UnknownFunction []
[2018.10.31-19.57.11:013][ 23]LogWindows: Error: [Callstack] 0x00007ff8081562fc UE4Editor-Core.dll!UnknownFunction []
[2018.10.31-19.57.11:013][ 23]LogWindows: Error: [Callstack] 0x00007ff8080e51db UE4Editor-Core.dll!UnknownFunction []
[2018.10.31-19.57.11:013][ 23]LogWindows: Error: [Callstack] 0x00007ff809933a84 UE4Editor-ProcGenCity-8089.dll!ALotDesigner::OnConstruction() [c:\users\grizz\documents\github\honours-project\procgencity\source\procgencity\lotdesigner.cpp:46]
[2018.10.31-19.57.11:013][ 23]LogWindows: Error: [Callstack] 0x00007ff801834eff UE4Editor-Engine.dll!UnknownFunction []
[2018.10.31-19.57.11:013][ 23]LogWindows: Error: [Callstack] 0x00007ff8018387c4 UE4Editor-Engine.dll!UnknownFunction []
[2018.10.31-19.57.11:013][ 23]LogWindows: Error: [Callstack] 0x00007ff8018576f3 UE4Editor-Engine.dll!UnknownFunction []
[2018.10.31-19.57.11:013][ 23]LogWindows: Error: [Callstack] 0x00007ff80219f646 UE4Editor-Engine.dll!UnknownFunction []
[2018.10.31-19.57.11:013][ 23]LogWindows: Error: [Callstack] 0x00007ff805875b93 UE4Editor-UnrealEd.dll!UnknownFunction []
[2018.10.31-19.57.11:013][ 23]LogWindows: Error: [Callstack] 0x00007ff80583f37c UE4Editor-UnrealEd.dll!UnknownFunction []
[2018.10.31-19.57.11:013][ 23]LogWindows: Error: [Callstack] 0x00007ff805434266 UE4Editor-UnrealEd.dll!UnknownFunction []
[2018.10.31-19.57.11:013][ 23]LogWindows: Error: [Callstack] 0x00007ff8053d4792 UE4Editor-UnrealEd.dll!UnknownFunction []
[2018.10.31-19.57.11:013][ 23]LogWindows: Error: [Callstack] 0x00007ff805c79c77 UE4Editor-UnrealEd.dll!UnknownFunction []
[2018.10.31-19.57.11:013][ 23]LogWindows: Error: [Callstack] 0x00007ff805c4fe9f UE4Editor-UnrealEd.dll!UnknownFunction []
[2018.10.31-19.57.11:013][ 23]LogWindows: Error: [Callstack] 0x00007ff805c4f577 UE4Editor-UnrealEd.dll!UnknownFunction []
[2018.10.31-19.57.11:013][ 23]LogWindows: Error: [Callstack] 0x00007ffff1c28d9f UE4Editor-LevelEditor.dll!UnknownFunction []
[2018.10.31-19.57.11:013][ 23]LogWindows: Error: [Callstack] 0x00007ffff1c4484e UE4Editor-LevelEditor.dll!UnknownFunction []
[2018.10.31-19.57.11:013][ 23]LogWindows: Error: [Callstack] 0x00007ff809da65fe UE4Editor-Slate.dll!UnknownFunction []
[2018.10.31-19.57.11:013][ 23]LogWindows: Error: [Callstack] 0x00007ff809e41263 UE4Editor-Slate.dll!UnknownFunction []
[2018.10.31-19.57.11:013][ 23]LogWindows: Error: [Callstack] 0x00007ff809e28538 UE4Editor-Slate.dll!UnknownFunction []
[2018.10.31-19.57.11:013][ 23]LogWindows: Error: [Callstack] 0x00007ff809e1b073 UE4Editor-Slate.dll!UnknownFunction []
[2018.10.31-19.57.11:013][ 23]LogWindows: Error: [Callstack] 0x00007ff84835d007 UE4Editor-ApplicationCore.dll!UnknownFunction []
[2018.10.31-19.57.11:013][ 23]LogWindows: Error: [Callstack] 0x00007ff848350270 UE4Editor-ApplicationCore.dll!UnknownFunction []
[2018.10.31-19.57.11:013][ 23]LogWindows: Error: [Callstack] 0x00007ff84835f4c5 UE4Editor-ApplicationCore.dll!UnknownFunction []
[2018.10.31-19.57.11:013][ 23]LogWindows: Error: [Callstack] 0x00007ff84834c209 UE4Editor-ApplicationCore.dll!UnknownFunction []
[2018.10.31-19.57.11:013][ 23]LogWindows: Error: [Callstack] 0x00007ff860106cc1 USER32.dll!UnknownFunction []
[2018.10.31-19.57.11:013][ 23]LogWindows: Error: [Callstack] 0x00007ff860106693 USER32.dll!UnknownFunction []
[2018.10.31-19.57.11:013][ 23]LogWindows: Error: [Callstack] 0x00007ff848360646 UE4Editor-ApplicationCore.dll!UnknownFunction []
[2018.10.31-19.57.11:013][ 23]LogWindows: Error: [Callstack] 0x00007ff625b054e5 UE4Editor.exe!UnknownFunction []
[2018.10.31-19.57.11:013][ 23]LogWindows: Error: [Callstack] 0x00007ff625b15b3c UE4Editor.exe!UnknownFunction []
[2018.10.31-19.57.11:013][ 23]LogWindows: Error: [Callstack] 0x00007ff625b15bba UE4Editor.exe!UnknownFunction []
[2018.10.31-19.57.11:013][ 23]LogWindows: Error: [Callstack] 0x00007ff625b23dac UE4Editor.exe!UnknownFunction []
[2018.10.31-19.57.11:013][ 23]LogWindows: Error: [Callstack] 0x00007ff625b25aaa UE4Editor.exe!UnknownFunction []
[2018.10.31-19.57.11:013][ 23]LogWindows: Error: [Callstack] 0x00007ff860043034 KERNEL32.DLL!UnknownFunction []
[2018.10.31-19.57.11:013][ 23]LogWindows: Error: [Callstack] 0x00007ff8627f1461 ntdll.dll!UnknownFunction []
[2018.10.31-19.57.11:013][ 23]LogWindows: Error: 
[2018.10.31-19.57.11:025][ 23]LogExit: Executing StaticShutdownAfterError
[2018.10.31-19.57.11:029][ 23]LogWindows: FPlatformMisc::RequestExit(1)
[2018.10.31-19.57.11:037][ 23]Log file closed, 10/31/18 19:57:11
