Log file open, 02/05/19 19:33:25
LogWindows: Failed to load 'aqProf.dll' (GetLastError=126)
LogWindows: File 'aqProf.dll' does not exist
LogWindows: Failed to load 'VtuneApi.dll' (GetLastError=126)
LogWindows: File 'VtuneApi.dll' does not exist
LogWindows: Failed to load 'VtuneApi32e.dll' (GetLastError=126)
LogWindows: File 'VtuneApi32e.dll' does not exist
LogInit: Display: Running engine for game: ProcGenCity
LogPlatformFile: Not using cached read wrapper
LogTaskGraph: Started task graph with 5 named threads and 23 total threads with 3 sets of task threads.
LogStats: Stats thread started at 0.306100
LogD3D11RHI: Loaded GFSDK_Aftermath_Lib.x64.dll
LogICUInternationalization: Display: ICU TimeZone Detection - Raw Offset: +0:00, Platform Override: ''
LogPluginManager: Mounting plugin Paper2D
LogPluginManager: Mounting plugin AISupport
LogPluginManager: Mounting plugin LightPropagationVolume
LogPluginManager: Mounting plugin CLionSourceCodeAccess
LogPluginManager: Mounting plugin CodeLiteSourceCodeAccess
LogPluginManager: Mounting plugin GitSourceControl
LogPluginManager: Mounting plugin KDevelopSourceCodeAccess
LogPluginManager: Mounting plugin NullSourceCodeAccess
LogPluginManager: Mounting plugin PerforceSourceControl
LogPluginManager: Mounting plugin SubversionSourceControl
LogPluginManager: Mounting plugin UObjectPlugin
LogPluginManager: Mounting plugin VisualStudioCodeSourceCodeAccess
LogPluginManager: Mounting plugin VisualStudioSourceCodeAccess
LogPluginManager: Mounting plugin XCodeSourceCodeAccess
LogPluginManager: Mounting plugin AssetManagerEditor
LogPluginManager: Mounting plugin CryptoKeys
LogPluginManager: Mounting plugin DataValidation
LogPluginManager: Mounting plugin FacialAnimation
LogPluginManager: Mounting plugin GameplayTagsEditor
LogPluginManager: Mounting plugin MacGraphicsSwitching
LogPluginManager: Mounting plugin MeshEditor
LogPluginManager: Mounting plugin MobileLauncherProfileWizard
LogPluginManager: Mounting plugin PluginBrowser
LogPluginManager: Mounting plugin SpeedTreeImporter
LogPluginManager: Mounting plugin DatasmithContent
LogPluginManager: Mounting plugin AlembicImporter
LogPluginManager: Mounting plugin AppleImageUtils
LogPluginManager: Mounting plugin AppleVision
LogPluginManager: Mounting plugin BackChannel
LogPluginManager: Mounting plugin CharacterAI
LogPluginManager: Mounting plugin GeometryCache
LogPluginManager: Mounting plugin HTML5Networking
LogPluginManager: Mounting plugin ProxyLODPlugin
LogPluginManager: Mounting plugin MagicLeap
LogPluginManager: Mounting plugin MagicLeapEmulator
LogPluginManager: Mounting plugin MagicLeapMedia
LogPluginManager: Mounting plugin AndroidMedia
LogPluginManager: Mounting plugin AvfMedia
LogPluginManager: Mounting plugin ImgMedia
LogPluginManager: Mounting plugin LinearTimecode
LogPluginManager: Mounting plugin MediaCompositing
LogPluginManager: Mounting plugin MediaPlayerEditor
LogPluginManager: Mounting plugin WmfMedia
LogPluginManager: Mounting plugin TcpMessaging
LogPluginManager: Mounting plugin UdpMessaging
LogPluginManager: Mounting plugin ActorSequence
LogPluginManager: Mounting plugin LevelSequenceEditor
LogPluginManager: Mounting plugin MatineeToLevelSequence
LogPluginManager: Mounting plugin NetcodeUnitTest
LogPluginManager: Mounting plugin NUTUnrealEngine4
LogPluginManager: Mounting plugin OnlineSubsystemGooglePlay
LogPluginManager: Mounting plugin OnlineSubsystemIOS
LogPluginManager: Mounting plugin OnlineSubsystem
LogPluginManager: Mounting plugin OnlineSubsystemNull
LogPluginManager: Mounting plugin OnlineSubsystemUtils
LogPluginManager: Mounting plugin LauncherChunkInstaller
LogPluginManager: Mounting plugin AndroidDeviceProfileSelector
LogPluginManager: Mounting plugin AndroidMoviePlayer
LogPluginManager: Mounting plugin AndroidPermission
LogPluginManager: Mounting plugin AppleMoviePlayer
LogPluginManager: Mounting plugin ArchVisCharacter
LogPluginManager: Mounting plugin AudioCapture
LogPluginManager: Mounting plugin CableComponent
LogPluginManager: Mounting plugin CustomMeshComponent
LogPluginManager: Mounting plugin EditableMesh
LogPluginManager: Mounting plugin ExampleDeviceProfileSelector
LogPluginManager: Mounting plugin GoogleCloudMessaging
LogPluginManager: Mounting plugin ImmediatePhysics
LogPluginManager: Mounting plugin IOSDeviceProfileSelector
LogPluginManager: Mounting plugin LinuxDeviceProfileSelector
LogPluginManager: Mounting plugin LocationServicesBPLibrary
LogPluginManager: Mounting plugin MobilePatchingUtils
LogPluginManager: Mounting plugin OculusVR
LogPluginManager: Plugin shader directory ../../../Engine/Plugins/Runtime/Oculus/OculusVR/Shaders found
LogPluginManager: Mapping shader source directory ../../../Engine/Plugins/Runtime/Oculus/OculusVR/Shaders to virtual directory /Plugin/OculusVR
LogPluginManager: Mounting plugin PhysXVehicles
LogPluginManager: Mounting plugin ProceduralMeshComponent
LogPluginManager: Mounting plugin RuntimePhysXCooking
LogPluginManager: Mounting plugin SteamVR
LogPluginManager: Mounting plugin WindowsMoviePlayer
LogStreaming: Display: Took  0.147s to configure plugins.
LogInit: Using libcurl 7.55.1-DEV
LogInit:  - built for x86_64-pc-win32
LogInit:  - supports SSL with OpenSSL/1.0.2h
LogInit:  - supports HTTP deflate (compression) using libz 1.2.8
LogInit:  - other features:
LogInit:      CURL_VERSION_SSL
LogInit:      CURL_VERSION_LIBZ
LogInit:      CURL_VERSION_IPV6
LogInit:      CURL_VERSION_ASYNCHDNS
LogInit:      CURL_VERSION_LARGEFILE
LogInit:      CURL_VERSION_IDN
LogInit:  CurlRequestOptions (configurable via config and command line):
LogInit:  - bVerifyPeer = false  - Libcurl will NOT verify peer certificate
LogInit:  - bUseHttpProxy = false  - Libcurl will NOT use HTTP proxy
LogInit:  - bDontReuseConnections = false  - Libcurl will reuse connections
LogInit:  - CertBundlePath = nullptr  - Libcurl will use whatever was configured at build time.
LogInit:  - MaxHostConnections = 16  - Libcurl will limit the number of connections to a host
LogInit:  - LocalHostAddr = Default
LogInit:  - BufferSize = 65536
LogInit: WinSock: version 1.1 (2.2), MaxSocks=32767, MaxUdp=65467
LogHMD: Failed initializing OVRPlugin 1.25.0
LogInit: Build: ++UE4+Release-4.20-CL-4369336
LogInit: Engine Version: 4.20.3-4369336+++UE4+Release-4.20
LogInit: Compatible Engine Version: 4.20.0-4212847+++UE4+Release-4.20
LogInit: Net CL: 4212847
LogInit: OS: Windows 10 (), CPU: Intel(R) Core(TM) i7-4770K CPU @ 3.50GHz, GPU: NVIDIA GeForce GTX 1060 6GB
LogInit: Compiled (64-bit): Sep 17 2018 12:26:19
LogInit: Compiled with Visual C++: 19.13.26129.00
LogInit: Build Configuration: Development
LogInit: Branch Name: ++UE4+Release-4.20
LogInit: Command Line:  
LogInit: Base Directory: C:/Program Files/Epic Games/UE_4.20/Engine/Binaries/Win64/
LogInit: Installed Engine Build: 1
LogDevObjectVersion: Number of dev versions registered: 20
LogDevObjectVersion:   Dev-Blueprints (B0D832E4-1F89-4F0D-ACCF-7EB736FD4AA2): 10
LogDevObjectVersion:   Dev-Build (E1C64328-A22C-4D53-A36C-8E866417BD8C): 0
LogDevObjectVersion:   Dev-Core (375EC13C-06E4-48FB-B500-84F0262A717E): 2
LogDevObjectVersion:   Dev-Editor (E4B068ED-F494-42E9-A231-DA0B2E46BB41): 24
LogDevObjectVersion:   Dev-Framework (CFFC743F-43B0-4480-9391-14DF171D2073): 34
LogDevObjectVersion:   Dev-Mobile (B02B49B5-BB20-44E9-A304-32B752E40360): 2
LogDevObjectVersion:   Dev-Networking (A4E4105C-59A1-49B5-A7C5-40C4547EDFEE): 0
LogDevObjectVersion:   Dev-Online (39C831C9-5AE6-47DC-9A44-9C173E1C8E7C): 0
LogDevObjectVersion:   Dev-Physics (78F01B33-EBEA-4F98-B9B4-84EACCB95AA2): 0
LogDevObjectVersion:   Dev-Platform (6631380F-2D4D-43E0-8009-CF276956A95A): 0
LogDevObjectVersion:   Dev-Rendering (12F88B9F-8875-4AFC-A67C-D90C383ABD29): 26
LogDevObjectVersion:   Dev-Sequencer (7B5AE74C-D270-4C10-A958-57980B212A5A): 9
LogDevObjectVersion:   Dev-VR (D7296918-1DD6-4BDD-9DE2-64A83CC13884): 2
LogDevObjectVersion:   Dev-LoadTimes (C2A15278-BFE7-4AFE-6C17-90FF531DF755): 1
LogDevObjectVersion:   Private-Geometry (6EACA3D4-40EC-4CC1-B786-8BED09428FC5): 3
LogDevObjectVersion:   Dev-AnimPhys (29E575DD-E0A3-4627-9D10-D276232CDCEA): 17
LogDevObjectVersion:   Dev-ReflectionCapture (6B266CEC-1EC7-4B8F-A30B-E4D90942FC07): 1
LogDevObjectVersion:   Dev-Automation (0DF73D61-A23F-47EA-B727-89E90C41499A): 1
LogDevObjectVersion:   FortniteMain (601D1886-AC64-4F84-AA16-D3DE0DEAC7D6): 12
LogDevObjectVersion:   Dev-Enterprise (9DFFBCD6-494F-0158-E221-12823C92A888): 1
LogStreaming: Display: Took  0.007s to delete old logs.
LogInit: Presizing for max 8388607 objects, including 0 objects not considered by GC, pre-allocating 0 bytes for permanent pool.
LogInit: Object subsystem initialized
[2019.02.05-19.33.26:128][  0]LogInit: Selected Device Profile: [Windows]
[2019.02.05-19.33.26:128][  0]LogInit: Applying CVar settings loaded from the selected device profile: [Windows]
[2019.02.05-19.33.26:142][  0]LogHAL: Display: Platform has ~ 16 GB [17062375424 / 17179869184 / 16], which maps to Larger [LargestMinGB=32, LargerMinGB=12, DefaultMinGB=8, SmallerMinGB=6, SmallestMinGB=0)
[2019.02.05-19.33.26:142][  0]LogInit: Setting Device Profile CVar: [[r.Vulkan.UseRealUBs:1]]
[2019.02.05-19.33.26:142][  0]LogInit: Going up to parent DeviceProfile []
[2019.02.05-19.33.26:142][  0]LogInit: Computer: KEVIN
[2019.02.05-19.33.26:142][  0]LogInit: User: Grizz
[2019.02.05-19.33.26:142][  0]LogInit: CPU Page size=4096, Cores=4
[2019.02.05-19.33.26:142][  0]LogInit: High frequency timer resolution =3.410078 MHz
[2019.02.05-19.33.26:142][  0]LogMemory: Memory total: Physical=15.9GB (16GB approx)
[2019.02.05-19.33.26:142][  0]LogMemory: Platform Memory Stats for Windows
[2019.02.05-19.33.26:142][  0]LogMemory: Process Physical Memory: 102.65 MB used, 102.65 MB peak
[2019.02.05-19.33.26:142][  0]LogMemory: Process Virtual Memory: 94.27 MB used, 94.27 MB peak
[2019.02.05-19.33.26:142][  0]LogMemory: Physical Memory: 8099.55 MB used,  8172.40 MB free, 16271.95 MB total
[2019.02.05-19.33.26:142][  0]LogMemory: Virtual Memory: 4655.52 MB used,  8172.40 MB free, 134217728.00 MB total
[2019.02.05-19.33.26:169][  0]LogInit: Using OS detected language (en-GB).
[2019.02.05-19.33.26:169][  0]LogInit: Using OS detected locale (en-GB).
[2019.02.05-19.33.26:170][  0]LogTextLocalizationManager: No specific localization for 'en-GB' exists, so the 'en' localization will be used.
[2019.02.05-19.33.26:575][  0]LogStreaming: Display: Took  0.406s to InitEngineTextLocalization.
[2019.02.05-19.33.26:575][  0]LogInit: Setting process to per monitor DPI aware
[2019.02.05-19.33.26:638][  0]LogSlate: New Slate User Created.  User Index 0, Is Virtual User: 0
[2019.02.05-19.33.26:638][  0]LogSlate: Slate User Registered.  User Index 0, Is Virtual User: 0
[2019.02.05-19.33.32:171][  0]LogHMD: Failed to initialize OpenVR with code 108
[2019.02.05-19.33.32:171][  0]LogD3D11RHI: D3D11 adapters:
[2019.02.05-19.33.32:266][  0]LogD3D11RHI:    0. 'NVIDIA GeForce GTX 1060 6GB' (Feature Level 11_0)
[2019.02.05-19.33.32:266][  0]LogD3D11RHI:       6052/0/8135 MB DedicatedVideo/DedicatedSystem/SharedSystem, Outputs:2, VendorId:0x10de
[2019.02.05-19.33.32:274][  0]LogD3D11RHI:    1. 'Intel(R) HD Graphics 4600' (Feature Level 11_0)
[2019.02.05-19.33.32:274][  0]LogD3D11RHI:       112/0/2048 MB DedicatedVideo/DedicatedSystem/SharedSystem, Outputs:0, VendorId:0x8086
[2019.02.05-19.33.32:277][  0]LogD3D11RHI:    2. 'Microsoft Basic Render Driver' (Feature Level 11_0)
[2019.02.05-19.33.32:277][  0]LogD3D11RHI:       0/0/8135 MB DedicatedVideo/DedicatedSystem/SharedSystem, Outputs:0, VendorId:0x1414
[2019.02.05-19.33.32:277][  0]LogD3D11RHI: Chosen D3D11 Adapter: 0
[2019.02.05-19.33.32:290][  0]LogD3D11RHI: Creating new Direct3DDevice
[2019.02.05-19.33.32:290][  0]LogD3D11RHI:     GPU DeviceId: 0x1c03 (for the marketing name, search the web for "GPU Device Id")
[2019.02.05-19.33.32:290][  0]LogWindows: EnumDisplayDevices:
[2019.02.05-19.33.32:290][  0]LogWindows:    0. 'NVIDIA GeForce GTX 1060 6GB' (P:0 D:1)
[2019.02.05-19.33.32:291][  0]LogWindows:    1. 'NVIDIA GeForce GTX 1060 6GB' (P:1 D:1)
[2019.02.05-19.33.32:291][  0]LogWindows:    2. 'NVIDIA GeForce GTX 1060 6GB' (P:0 D:0)
[2019.02.05-19.33.32:291][  0]LogWindows:    3. 'NVIDIA GeForce GTX 1060 6GB' (P:0 D:0)
[2019.02.05-19.33.32:291][  0]LogWindows:    4. 'Intel(R) HD Graphics 4600' (P:0 D:0)
[2019.02.05-19.33.32:292][  0]LogWindows:    5. 'Intel(R) HD Graphics 4600' (P:0 D:0)
[2019.02.05-19.33.32:292][  0]LogWindows:    6. 'Intel(R) HD Graphics 4600' (P:0 D:0)
[2019.02.05-19.33.32:293][  0]LogWindows: DebugString: PrimaryIsNotTheChoosenAdapter PrimaryIsNotTheChoosenAdapter PrimaryIsNotTheChoosenAdapter FoundDriverCount:4 
[2019.02.05-19.33.32:293][  0]LogD3D11RHI:     Adapter Name: NVIDIA GeForce GTX 1060 6GB
[2019.02.05-19.33.32:293][  0]LogD3D11RHI:   Driver Version: 417.71 (internal:25.21.14.1771, unified:417.71)
[2019.02.05-19.33.32:293][  0]LogD3D11RHI:      Driver Date: 1-11-2019
[2019.02.05-19.33.32:293][  0]LogRHI: Texture pool is 4236 MB (70% of 6052 MB)
[2019.02.05-19.33.32:349][  0]LogD3D11RHI: Async texture creation enabled
[2019.02.05-19.33.32:391][  0]LogD3D11RHI: GPU Timing Frequency: 1000.000000 (Debug: 2 2)
[2019.02.05-19.33.32:492][  0]LogShaderCompilers: Guid format shader working directory is -29 characters bigger than the processId version (../../../../../../Users/Grizz/Documents/GitHub/Honours-Project/ProcGenCity/Intermediate/Shaders/WorkingDirectory/27504/).
[2019.02.05-19.33.32:492][  0]LogShaderCompilers: Cleaned the shader compiler working directory 'C:/Users/Grizz/AppData/Local/Temp/UnrealShaderWorkingDir/B9488E3F43FC0441E356C9A0DF068D0A/'.
[2019.02.05-19.33.32:966][  0]LogTemp: Display: Loaded TP AllDesktopTargetPlatform
[2019.02.05-19.33.32:983][  0]LogTemp: Display: Loaded TP MacClientTargetPlatform
[2019.02.05-19.33.32:999][  0]LogTemp: Display: Loaded TP MacNoEditorTargetPlatform
[2019.02.05-19.33.33:015][  0]LogTemp: Display: Loaded TP MacServerTargetPlatform
[2019.02.05-19.33.33:033][  0]LogTemp: Display: Loaded TP MacTargetPlatform
[2019.02.05-19.33.33:049][  0]LogTemp: Display: Loaded TP WindowsClientTargetPlatform
[2019.02.05-19.33.33:065][  0]LogTemp: Display: Loaded TP WindowsNoEditorTargetPlatform
[2019.02.05-19.33.33:079][  0]LogTemp: Display: Loaded TP WindowsServerTargetPlatform
[2019.02.05-19.33.33:088][  0]LogTemp: Display: Loaded TP WindowsTargetPlatform
[2019.02.05-19.33.33:196][  0]LogTemp: Display: Loaded TP AndroidTargetPlatform
[2019.02.05-19.33.33:196][  0]LogTemp: Display: Loaded TP AndroidTargetPlatform
[2019.02.05-19.33.33:196][  0]LogTemp: Display: Loaded TP AndroidTargetPlatform
[2019.02.05-19.33.33:196][  0]LogTemp: Display: Loaded TP AndroidTargetPlatform
[2019.02.05-19.33.33:196][  0]LogTemp: Display: Loaded TP AndroidTargetPlatform
[2019.02.05-19.33.33:196][  0]LogTemp: Display: Loaded TP AndroidTargetPlatform
[2019.02.05-19.33.33:196][  0]LogTemp: Display: Loaded TP AndroidTargetPlatform
[2019.02.05-19.33.33:196][  0]LogTemp: Display: Loaded TP AndroidTargetPlatform
[2019.02.05-19.33.33:196][  0]LogTemp: Display: Loaded TP AndroidTargetPlatform
[2019.02.05-19.33.33:196][  0]LogTemp: Display: Loaded TP AndroidTargetPlatform
[2019.02.05-19.33.33:196][  0]LogTemp: Display: Loaded TP AndroidTargetPlatform
[2019.02.05-19.33.33:196][  0]LogTemp: Display: Loaded TP AndroidTargetPlatform
[2019.02.05-19.33.33:196][  0]LogTemp: Display: Loaded TP AndroidTargetPlatform
[2019.02.05-19.33.33:196][  0]LogTemp: Display: Loaded TP AndroidTargetPlatform
[2019.02.05-19.33.33:196][  0]LogTemp: Display: Loaded TP AndroidTargetPlatform
[2019.02.05-19.33.33:196][  0]LogTemp: Display: Loaded TP AndroidTargetPlatform
[2019.02.05-19.33.33:196][  0]LogTemp: Display: Loaded TP AndroidTargetPlatform
[2019.02.05-19.33.33:196][  0]LogTemp: Display: Loaded TP AndroidTargetPlatform
[2019.02.05-19.33.33:198][  0]LogTemp: Display: Loaded TP HTML5TargetPlatform
[2019.02.05-19.33.33:267][  0]LogTemp: Display: Loaded TP IOSTargetPlatform
[2019.02.05-19.33.33:267][  0]LogTemp: Display: Loaded TP IOSTargetPlatform
[2019.02.05-19.33.33:295][  0]LogTemp: Display: Loaded TP TVOSTargetPlatform
[2019.02.05-19.33.33:295][  0]LogTemp: Display: Loaded TP TVOSTargetPlatform
[2019.02.05-19.33.33:310][  0]LogTemp: Display: Loaded TP LinuxClientTargetPlatform
[2019.02.05-19.33.33:323][  0]LogTemp: Display: Loaded TP LinuxNoEditorTargetPlatform
[2019.02.05-19.33.33:342][  0]LogTemp: Display: Loaded TP LinuxServerTargetPlatform
[2019.02.05-19.33.33:365][  0]LogTemp: Display: Loaded TP LinuxTargetPlatform
[2019.02.05-19.33.33:380][  0]LogTemp: Display: Loaded TP LuminTargetPlatform
[2019.02.05-19.33.33:380][  0]LogTargetPlatformManager: Display: Building Assets For Windows
[2019.02.05-19.33.33:505][  0]LogXGEController: Cleaning working directory: C:/Users/Grizz/AppData/Local/Temp/UnrealXGEWorkingDir/
[2019.02.05-19.33.33:505][  0]LogXGEController: Cannot use XGE Controller as Incredibuild is not installed on this machine.
[2019.02.05-19.33.33:505][  0]LogShaderCompilers: Cannot use XGE Shader Compiler as Incredibuild is not installed on this machine.
[2019.02.05-19.33.33:505][  0]LogShaderCompilers: Display: Using Local Shader Compiler.
[2019.02.05-19.33.34:576][  0]LogDerivedDataCache: Display: Max Cache Size: 512 MB
[2019.02.05-19.33.34:677][  0]LogDerivedDataCache: Loaded boot cache 0.10s 71MB C:/Users/Grizz/AppData/Local/UnrealEngine/4.20/DerivedDataCache/Boot.ddc.
[2019.02.05-19.33.34:677][  0]LogDerivedDataCache: Display: Loaded Boot cache: C:/Users/Grizz/AppData/Local/UnrealEngine/4.20/DerivedDataCache/Boot.ddc
[2019.02.05-19.33.34:678][  0]LogDerivedDataCache: FDerivedDataBackendGraph:  Pak pak cache file ../../../../../../Users/Grizz/Documents/GitHub/Honours-Project/ProcGenCity/DerivedDataCache/DDC.ddp not found, will not use a pak cache.
[2019.02.05-19.33.34:678][  0]LogDerivedDataCache: Unable to find inner node Pak for hierarchical cache Hierarchy.
[2019.02.05-19.33.34:678][  0]LogDerivedDataCache: FDerivedDataBackendGraph:  CompressedPak pak cache file ../../../../../../Users/Grizz/Documents/GitHub/Honours-Project/ProcGenCity/DerivedDataCache/Compressed.ddp not found, will not use a pak cache.
[2019.02.05-19.33.34:678][  0]LogDerivedDataCache: Unable to find inner node CompressedPak for hierarchical cache Hierarchy.
[2019.02.05-19.33.34:693][  0]LogDerivedDataCache: Display: Pak cache opened for reading ../../../Engine/DerivedDataCache/Compressed.ddp.
[2019.02.05-19.33.34:706][  0]LogDerivedDataCache: Using Local data cache path C:/Users/Grizz/AppData/Local/UnrealEngine/Common/DerivedDataCache: Writable
[2019.02.05-19.33.34:706][  0]LogDerivedDataCache: Shared data cache path not found in *engine.ini, will not use an Shared cache.
[2019.02.05-19.33.34:706][  0]LogDerivedDataCache: Unable to find inner node Shared for hierarchical cache Hierarchy.
[2019.02.05-19.33.34:729][  0]LogMaterial: Verifying Global Shaders for PCD3D_SM5
[2019.02.05-19.33.34:731][  0]LogSlate: Using FreeType 2.6.0
[2019.02.05-19.33.34:731][  0]LogSlate: SlateFontServices - WITH_FREETYPE: 1, WITH_HARFBUZZ: 1
[2019.02.05-19.33.34:828][  0]LogAssetRegistry: FAssetRegistry took 0.0265 seconds to start up
[2019.02.05-19.33.35:213][  0]LogInit: Selected Device Profile: [Windows]
[2019.02.05-19.33.35:370][  0]LogSimplygon: Simplygon DLL not present - disabling.
[2019.02.05-19.33.35:376][  0]LogMeshReduction: Using SimplygonSwarm for distributed automatic mesh merging
[2019.02.05-19.33.35:376][  0]LogMeshReduction: Using ProxyLODMeshReduction for automatic mesh merging
[2019.02.05-19.33.35:376][  0]LogMeshReduction: Using QuadricMeshReduction for automatic static mesh reduction
[2019.02.05-19.33.35:376][  0]LogMeshReduction: No automatic skeletal mesh reduction module available
[2019.02.05-19.33.35:406][  0]LogNetVersion: ProcGenCity 1.0.0, NetCL: 4212847, EngineNetVer: 5, GameNetVer: 0 (Checksum: 2895139612)
[2019.02.05-19.33.36:035][  0]LogPackageLocalizationCache: Processed 11 localized package path(s) for 2 prioritized culture(s) in 0.128352 seconds
[2019.02.05-19.33.36:042][  0]LogUObjectArray: 38425 objects as part of root set at end of initial load.
[2019.02.05-19.33.36:043][  0]LogUObjectAllocator: 6690872 out of 0 bytes used by permanent object pool.
[2019.02.05-19.33.36:043][  0]LogUObjectArray: CloseDisregardForGC: 0/0 objects in disregard for GC pool
[2019.02.05-19.33.37:065][  0]LogTcpMessaging: Initializing TcpMessaging bridge
[2019.02.05-19.33.37:080][  0]LogUdpMessaging: Initializing bridge on interface 0.0.0.0:0 to multicast group 230.0.0.1:6666.
[2019.02.05-19.33.37:250][  0]SourceControl: Source control is disabled
[2019.02.05-19.33.37:250][  0]SourceControl: Source control is disabled
[2019.02.05-19.33.37:253][  0]SourceControl: Source control is disabled
[2019.02.05-19.33.37:254][  0]SourceControl: Source control is disabled
[2019.02.05-19.33.37:427][  0]LogAndroidPermission: UAndroidPermissionCallbackProxy::GetInstance
[2019.02.05-19.33.37:852][  0]LogOcInput: OculusInput pre-init called
[2019.02.05-19.33.37:915][  0]LogEngine: Initializing Engine...
[2019.02.05-19.33.37:965][  0]LogHMD: Failed to initialize OpenVR with code 108
[2019.02.05-19.33.37:966][  0]LogStats: UGameplayTagsManager::ConstructGameplayTagTree: ImportINI prefixes -  0.000 s
[2019.02.05-19.33.37:966][  0]LogStats: UGameplayTagsManager::ConstructGameplayTagTree: Construct from data asset -  0.000 s
[2019.02.05-19.33.37:967][  0]LogStats: UGameplayTagsManager::ConstructGameplayTagTree: ImportINI -  0.000 s
[2019.02.05-19.33.37:967][  0]LogStats: UGameplayTagsManager::ConstructGameplayTagTree: GameplayTagTreeChangedEvent.Broadcast -  0.000 s
[2019.02.05-19.33.38:186][  0]LogInit: Initializing FReadOnlyCVARCache
[2019.02.05-19.33.38:210][  0]LogAIModule: Creating AISystem for world Untitled
[2019.02.05-19.33.38:372][  0]LogInit: XAudio2 using 'Speakers (Realtek High Definition Audio)' : 2 channels at 48 kHz using 32 bits per sample (channel mask 0x3)
[2019.02.05-19.33.38:384][  0]LogInit: FAudioDevice initialized.
[2019.02.05-19.33.38:384][  0]LogNetVersion: Set ProjectVersion to 1.0.0.0. Version Checksum will be recalculated on next use.
[2019.02.05-19.33.38:610][  0]LogDerivedDataCache: Saved boot cache 0.23s 71MB C:/Users/Grizz/AppData/Local/UnrealEngine/4.20/DerivedDataCache/Boot.ddc.
[2019.02.05-19.33.38:626][  0]LogInit: Texture streaming: Enabled
[2019.02.05-19.33.38:651][  0]LogEngineSessionManager: EngineSessionManager initialized
[2019.02.05-19.33.38:651][  0]LogEngineSessionManager: EngineSessionManager sent abnormal shutdown report. Type=Crashed, SessionId={859E35BA-4250-657F-AD2F-B68F55083D6E}
[2019.02.05-19.33.38:672][  0]LogInit: Transaction tracking system initialized
[2019.02.05-19.33.38:716][  0]BlueprintLog: New page: Editor Load
[2019.02.05-19.33.38:841][  0]LocalizationService: Localization service is disabled
[2019.02.05-19.33.39:149][  0]LogCook: Display: Max memory allowance for cook 16384mb min free memory 0mb
[2019.02.05-19.33.39:149][  0]LogCook: Display: Mobile HDR setting 1
[2019.02.05-19.33.39:149][  0]LogGameplayTags: Display: UGameplayTagsManager::DoneAddingNativeTags. DelegateIsBound: 0
[2019.02.05-19.33.39:149][  0]LogStats: UGameplayTagsManager::ConstructGameplayTagTree: ImportINI prefixes -  0.000 s
[2019.02.05-19.33.39:149][  0]LogStats: UGameplayTagsManager::ConstructGameplayTagTree: Construct from data asset -  0.000 s
[2019.02.05-19.33.39:149][  0]LogStats: UGameplayTagsManager::ConstructGameplayTagTree: ImportINI -  0.000 s
[2019.02.05-19.33.39:149][  0]LogStats: UGameplayTagsManager::ConstructGameplayTagTree: GameplayTagTreeChangedEvent.Broadcast -  0.000 s
[2019.02.05-19.33.39:316][  0]LogFileCache: Scanning file cache for directory 'C:/Users/Grizz/Documents/GitHub/Honours-Project/ProcGenCity/Content/' took 0.02s
[2019.02.05-19.33.39:317][  0]SourceControl: Source control is disabled
[2019.02.05-19.33.39:317][  0]Cmd: MAP LOAD FILE="../../../../../../Users/Grizz/Documents/GitHub/Honours-Project/ProcGenCity/Content/StarterContent/Maps/Minimal_Default.umap" TEMPLATE=0 SHOWPROGRESS=1 FEATURELEVEL=3
[2019.02.05-19.33.39:318][  0]LightingResults: New page: Lighting Build
[2019.02.05-19.33.39:324][  0]MapCheck: New page: Map Check
[2019.02.05-19.33.39:324][  0]LightingResults: New page: Lighting Build
[2019.02.05-19.33.39:698][  0]LogAIModule: Creating AISystem for world Minimal_Default
[2019.02.05-19.33.39:716][  0]LogEditorServer: Finished looking for orphan Actors (0.000 secs)
[2019.02.05-19.33.39:740][  0]Cmd: MAP CHECKDEP NOCLEARLOG
[2019.02.05-19.33.39:833][  0]MapCheck: Map check complete: 0 Error(s), 0 Warning(s), took 93.122ms to complete.
[2019.02.05-19.33.39:833][  0]LogFileHelpers: Loading map 'Minimal_Default' took 0.516
[2019.02.05-19.33.39:961][  0]LogSlate: Updating window title bar state: overlay mode, drag disabled, window buttons hidden, title bar hidden
[2019.02.05-19.33.39:968][  0]LogSlate: Updating window title bar state: overlay mode, drag disabled, window buttons hidden, title bar hidden
[2019.02.05-19.33.39:976][  0]LogSlate: Updating window title bar state: overlay mode, drag disabled, window buttons hidden, title bar hidden
[2019.02.05-19.33.39:983][  0]LogSlate: Updating window title bar state: overlay mode, drag disabled, window buttons hidden, title bar hidden
[2019.02.05-19.33.39:994][  0]LogCollectionManager: Loaded 0 collections in 0.003616 seconds
[2019.02.05-19.33.40:047][  0]LogFileCache: Scanning file cache for directory 'C:/Users/Grizz/Documents/GitHub/Honours-Project/ProcGenCity/Saved/Collections/' took 0.01s
[2019.02.05-19.33.40:047][  0]LogFileCache: Scanning file cache for directory 'C:/Users/Grizz/Documents/GitHub/Honours-Project/ProcGenCity/Content/Developers/Grizz/Collections/' took 0.01s
[2019.02.05-19.33.40:047][  0]LogFileCache: Scanning file cache for directory 'C:/Users/Grizz/Documents/GitHub/Honours-Project/ProcGenCity/Content/Collections/' took 0.01s
[2019.02.05-19.33.40:047][  0]LogCollectionManager: Rebuilt the GUID cache for 0 collections in 0.000000 seconds
[2019.02.05-19.33.40:058][  0]LogContentBrowser: Native class hierarchy populated in 0.0107 seconds. Added 2579 classes and 605 folders.
[2019.02.05-19.33.40:069][  0]LogContentBrowser: Native class hierarchy updated for 'WidgetCarousel' in 0.0004 seconds. Added 0 classes and 0 folders.
[2019.02.05-19.33.40:142][  0]LogContentBrowser: Native class hierarchy updated for 'AddContentDialog' in 0.0004 seconds. Added 0 classes and 0 folders.
[2019.02.05-19.33.40:149][  0]LogContentBrowser: Native class hierarchy updated for 'SceneOutliner' in 0.0004 seconds. Added 1 classes and 2 folders.
[2019.02.05-19.33.40:168][  0]LogSlate: Took 0.000248 seconds to synchronously load lazily loaded font '../../../Engine/Content/Slate/Fonts/Roboto-Regular.ttf' (155K)
[2019.02.05-19.33.40:171][  0]LogSlate: Took 0.000304 seconds to synchronously load lazily loaded font '../../../Engine/Content/Slate/Fonts/Roboto-Bold.ttf' (160K)
[2019.02.05-19.33.40:178][  0]LogSlate: Took 0.000314 seconds to synchronously load lazily loaded font '../../../Engine/Content/Editor/Slate/Fonts/FontAwesome.ttf' (139K)
[2019.02.05-19.33.40:267][  0]LogRenderer: Reallocating scene render targets to support 1940x1228 Format 10 NumSamples 1 (Frame:1).
[2019.02.05-19.33.40:491][  0]LogContentBrowser: Native class hierarchy updated for 'HierarchicalLODOutliner' in 0.0005 seconds. Added 0 classes and 0 folders.
[2019.02.05-19.33.40:492][  0]LogLoad: (Engine Initialization) Total time: 17.74 seconds
[2019.02.05-19.33.40:492][  0]LogLoad: (Engine Initialization) Total Blueprint compile time: 0.00 seconds
[2019.02.05-19.33.40:501][  0]LogWindowsTextInputMethodSystem: Display: IME system now deactivated.
[2019.02.05-19.33.40:505][  0]LogActor: Warning: Road /Engine/Transient.World_0:PersistentLevel.Road_0 has natively added scene component(s), but none of them were set as the actor's RootComponent - picking one arbitrarily
[2019.02.05-19.33.40:518][  0]LogActor: Warning: LotPlacement /Engine/Transient.World_1:PersistentLevel.LotPlacement_0 has natively added scene component(s), but none of them were set as the actor's RootComponent - picking one arbitrarily
[2019.02.05-19.33.40:538][  0]LogContentStreaming: Texture pool size now 1000 MB
[2019.02.05-19.33.40:580][  1]LogAssetRegistry: Asset discovery search completed in 5.7750 seconds
[2019.02.05-19.33.40:582][  1]LogCollectionManager: Rebuilt the object cache for 0 collections in 0.000000 seconds (found 0 objects)
[2019.02.05-19.33.40:582][  1]LogCollectionManager: Fixed up redirectors for 0 collections in 0.000057 seconds (updated 0 objects)
[2019.02.05-19.33.42:730][124]LogEditorViewport: Clicking on Actor (LMB): NewProcMesh_C (NewProcMesh)
[2019.02.05-19.33.43:612][211]Cmd: DELETE
[2019.02.05-19.33.43:612][211]Cmd: ACTOR DELETE
[2019.02.05-19.33.43:623][211]LogEditorActor: Deleted Actor: NewProcMesh_C
[2019.02.05-19.33.43:644][211]LogEditorActor: Deleted 1 Actors (0.031 secs)
[2019.02.05-19.43.31:836][207]LogSlate: Took 0.000257 seconds to synchronously load lazily loaded font '../../../Engine/Content/Slate/Fonts/Roboto-Light.ttf' (167K)
[2019.02.05-19.43.41:304][234]LogSavePackage: Moving '../../../../../../Users/Grizz/Documents/GitHub/Honours-Project/ProcGenCity/Saved/Minimal_Default_Auto1D0489E42469995465FB17F93D9E79C2C.tmp' to '../../../../../../Users/Grizz/Documents/GitHub/Honours-Project/ProcGenCity/Saved/Autosaves/Game/StarterContent/Maps/Minimal_Default_Auto1.umap'
[2019.02.05-19.43.41:313][234]LogFileHelpers: Editor autosave (incl. sublevels) for '/Game/StarterContent/Maps/Minimal_Default' took 0.449
[2019.02.05-19.43.41:313][234]LogFileHelpers: Editor autosave (incl. sublevels) for all levels took 0.449
[2019.02.05-20.16.51:881][341]LogSlate: FSceneViewport::OnFocusLost() reason 0
[2019.02.05-20.16.52:078][355]Candidate modules for hot reload:
[2019.02.05-20.16.52:078][355]  ProcGenCity
[2019.02.05-20.16.52:078][355]Launching UnrealBuildTool... [C:/Program Files/Epic Games/UE_4.20/Engine/Binaries/DotNET/UnrealBuildTool.exe  -ModuleWithSuffix=ProcGenCity,9015 Win64 Development -TargetType=Editor -Project="../../../../../../Users/Grizz/Documents/GitHub/Honours-Project/ProcGenCity/ProcGenCity.uproject" -canskiplink "C:/Users/Grizz/Documents/GitHub/Honours-Project/ProcGenCity/ProcGenCity.uproject" ]
[2019.02.05-20.16.52:122][355]Warning: Starting HotReload took  0.1s.
[2019.02.05-20.18.16:208][714]CompilerResultsLog: New page: Compilation - 5 Feb 2019 20:18:16
[2019.02.05-20.18.16:208][714]CompilerResultsLog: Using 'git status' to determine working set for adaptive non-unity build.
[2019.02.05-20.18.16:209][714]CompilerResultsLog: Creating makefile for hot reloading ProcGenCityEditor (no existing makefile)
[2019.02.05-20.18.16:209][714]CompilerResultsLog: Compiling game modules for hot reload
[2019.02.05-20.18.16:209][714]CompilerResultsLog: Using Visual Studio 2017 14.15.26726 toolchain (C:\Program Files (x86)\Microsoft Visual Studio\2017\Community\VC\Tools\MSVC\14.15.26726) and Windows 10.0.17134.0 SDK (C:\Program Files (x86)\Windows Kits\10).
[2019.02.05-20.18.16:209][714]CompilerResultsLog: Building 3 actions with 8 processes...
[2019.02.05-20.18.16:209][714]CompilerResultsLog:   [1/3] NewProcMesh.cpp
[2019.02.05-20.18.16:209][714]CompilerResultsLog:   [2/3] UE4Editor-ProcGenCity-9015.lib
[2019.02.05-20.18.16:209][714]CompilerResultsLog:      Creating library C:\Users\Grizz\Documents\GitHub\Honours-Project\ProcGenCity\Intermediate\Build\Win64\UE4Editor\Development\ProcGenCity\UE4Editor-ProcGenCity-9015.lib and object C:\Users\Grizz\Documents\GitHub\Honours-Project\ProcGenCity\Intermediate\Build\Win64\UE4Editor\Development\ProcGenCity\UE4Editor-ProcGenCity-9015.exp
[2019.02.05-20.18.16:209][714]CompilerResultsLog:   [3/3] UE4Editor-ProcGenCity-9015.dll
[2019.02.05-20.18.16:209][714]CompilerResultsLog:      Creating library C:\Users\Grizz\Documents\GitHub\Honours-Project\ProcGenCity\Intermediate\Build\Win64\UE4Editor\Development\ProcGenCity\UE4Editor-ProcGenCity-9015.suppressed.lib and object C:\Users\Grizz\Documents\GitHub\Honours-Project\ProcGenCity\Intermediate\Build\Win64\UE4Editor\Development\ProcGenCity\UE4Editor-ProcGenCity-9015.suppressed.exp
[2019.02.05-20.18.16:209][714]CompilerResultsLog: Total build time: 83.58 seconds (Parallel executor: 4.75 seconds)
[2019.02.05-20.18.16:209][714]LogMainFrame: MainFrame: Module compiling took 84.147 seconds
[2019.02.05-20.18.16:354][714]LogContentBrowser: Native class hierarchy updated for 'ProcGenCity' in 0.0014 seconds. Added 7 classes and 2 folders.
[2019.02.05-20.18.16:356][714]Display: HotReload successful (0 functions remapped  0 scriptstructs remapped)
[2019.02.05-20.18.16:519][714]LogContentBrowser: Native class hierarchy populated in 0.0145 seconds. Added 2580 classes and 607 folders.
[2019.02.05-20.18.16:521][714]Display: HotReload took 84.5s.
[2019.02.05-20.18.20:482][917]LogActor: Warning: MyRoad_C /Engine/Transient.World_3:PersistentLevel.MyRoad_C_0 has natively added scene component(s), but none of them were set as the actor's RootComponent - picking one arbitrarily
[2019.02.05-20.18.21:601][  9]LogActor: Warning: NewProcMesh_C /Game/StarterContent/Maps/Minimal_Default.Minimal_Default:PersistentLevel.NewProcMesh_C_0 has natively added scene component(s), but none of them were set as the actor's RootComponent - picking one arbitrarily
[2019.02.05-20.18.21:888][ 38]LogActor: Warning: NewProcMesh_C /Game/StarterContent/Maps/Minimal_Default.Minimal_Default:PersistentLevel.NewProcMesh_C_1 has natively added scene component(s), but none of them were set as the actor's RootComponent - picking one arbitrarily
[2019.02.05-20.18.39:691][268]LogSlate: FSceneViewport::OnFocusLost() reason 0
[2019.02.05-20.18.39:811][271]Candidate modules for hot reload:
[2019.02.05-20.18.39:811][271]  ProcGenCity
[2019.02.05-20.18.39:811][271]Launching UnrealBuildTool... [C:/Program Files/Epic Games/UE_4.20/Engine/Binaries/DotNET/UnrealBuildTool.exe  -ModuleWithSuffix=ProcGenCity,4738 Win64 Development -TargetType=Editor -Project="../../../../../../Users/Grizz/Documents/GitHub/Honours-Project/ProcGenCity/ProcGenCity.uproject" -canskiplink "C:/Users/Grizz/Documents/GitHub/Honours-Project/ProcGenCity/ProcGenCity.uproject" ]
[2019.02.05-20.18.39:865][271]Warning: Starting HotReload took  0.1s.
[2019.02.05-20.18.40:855][366]LogEditorViewport: Clicking on Actor (LMB): NewProcMesh_C (NewProcMesh)
[2019.02.05-20.18.41:177][396]Cmd: DELETE
[2019.02.05-20.18.41:177][396]Cmd: ACTOR DELETE
[2019.02.05-20.18.41:189][396]LogEditorActor: Deleted Actor: NewProcMesh_C
[2019.02.05-20.18.41:210][396]LogEditorActor: Deleted 1 Actors (0.032 secs)
[2019.02.05-20.18.47:632][  3]CompilerResultsLog: New page: Compilation - 5 Feb 2019 20:18:47
[2019.02.05-20.18.47:632][  3]CompilerResultsLog: Using 'git status' to determine working set for adaptive non-unity build.
[2019.02.05-20.18.47:632][  3]CompilerResultsLog: Compiling game modules for hot reload
[2019.02.05-20.18.47:632][  3]CompilerResultsLog: Building 3 actions with 8 processes...
[2019.02.05-20.18.47:632][  3]CompilerResultsLog:   [1/3] NewProcMesh.cpp
[2019.02.05-20.18.47:632][  3]CompilerResultsLog:   [2/3] UE4Editor-ProcGenCity-4738.lib
[2019.02.05-20.18.47:632][  3]CompilerResultsLog:      Creating library C:\Users\Grizz\Documents\GitHub\Honours-Project\ProcGenCity\Intermediate\Build\Win64\UE4Editor\Development\ProcGenCity\UE4Editor-ProcGenCity-4738.lib and object C:\Users\Grizz\Documents\GitHub\Honours-Project\ProcGenCity\Intermediate\Build\Win64\UE4Editor\Development\ProcGenCity\UE4Editor-ProcGenCity-4738.exp
[2019.02.05-20.18.47:632][  3]CompilerResultsLog:   [3/3] UE4Editor-ProcGenCity-4738.dll
[2019.02.05-20.18.47:632][  3]CompilerResultsLog:      Creating library C:\Users\Grizz\Documents\GitHub\Honours-Project\ProcGenCity\Intermediate\Build\Win64\UE4Editor\Development\ProcGenCity\UE4Editor-ProcGenCity-4738.suppressed.lib and object C:\Users\Grizz\Documents\GitHub\Honours-Project\ProcGenCity\Intermediate\Build\Win64\UE4Editor\Development\ProcGenCity\UE4Editor-ProcGenCity-4738.suppressed.exp
[2019.02.05-20.18.47:633][  3]CompilerResultsLog: Total build time: 7.31 seconds (Parallel executor: 3.70 seconds)
[2019.02.05-20.18.47:633][  3]LogMainFrame: MainFrame: Module compiling took 7.838 seconds
[2019.02.05-20.18.47:676][  3]LogContentBrowser: Native class hierarchy updated for 'ProcGenCity' in 0.0006 seconds. Added 7 classes and 2 folders.
[2019.02.05-20.18.47:678][  3]Display: HotReload successful (0 functions remapped  0 scriptstructs remapped)
[2019.02.05-20.18.47:732][  3]LogContentBrowser: Native class hierarchy populated in 0.0108 seconds. Added 2580 classes and 607 folders.
[2019.02.05-20.18.47:732][  3]Display: HotReload took  8.0s.
[2019.02.05-20.18.49:618][  8]LogSlate: FSceneViewport::OnFocusLost() reason 0
[2019.02.05-20.18.49:741][ 15]LogActor: Warning: NewProcMesh_C /Game/StarterContent/Maps/Minimal_Default.Minimal_Default:PersistentLevel.NewProcMesh_C_4 has natively added scene component(s), but none of them were set as the actor's RootComponent - picking one arbitrarily
[2019.02.05-20.18.50:067][ 41]LogActor: Warning: NewProcMesh_C /Game/StarterContent/Maps/Minimal_Default.Minimal_Default:PersistentLevel.NewProcMesh_C_5 has natively added scene component(s), but none of them were set as the actor's RootComponent - picking one arbitrarily
[2019.02.05-20.18.55:993][484]LogSlate: FSceneViewport::OnFocusLost() reason 0
[2019.02.05-20.18.56:581][526]LogEditorViewport: Clicking on Actor (LMB): NewProcMesh_C (NewProcMesh)
[2019.02.05-20.18.57:212][596]Cmd: DELETE
[2019.02.05-20.18.57:212][596]Cmd: ACTOR DELETE
[2019.02.05-20.18.57:221][596]LogEditorActor: Deleted Actor: NewProcMesh_C
[2019.02.05-20.18.57:240][596]LogEditorActor: Deleted 1 Actors (0.029 secs)
[2019.02.05-20.18.59:795][899]LogSlate: FSceneViewport::OnFocusLost() reason 0
[2019.02.05-20.18.59:904][908]Candidate modules for hot reload:
[2019.02.05-20.18.59:904][908]  ProcGenCity
[2019.02.05-20.18.59:904][908]Launching UnrealBuildTool... [C:/Program Files/Epic Games/UE_4.20/Engine/Binaries/DotNET/UnrealBuildTool.exe  -ModuleWithSuffix=ProcGenCity,8033 Win64 Development -TargetType=Editor -Project="../../../../../../Users/Grizz/Documents/GitHub/Honours-Project/ProcGenCity/ProcGenCity.uproject" -canskiplink "C:/Users/Grizz/Documents/GitHub/Honours-Project/ProcGenCity/ProcGenCity.uproject" ]
[2019.02.05-20.18.59:978][908]Warning: Starting HotReload took  0.1s.
[2019.02.05-20.19.07:216][ 48]CompilerResultsLog: New page: Compilation - 5 Feb 2019 20:19:07
[2019.02.05-20.19.07:216][ 48]CompilerResultsLog: Using 'git status' to determine working set for adaptive non-unity build.
[2019.02.05-20.19.07:216][ 48]CompilerResultsLog: Compiling game modules for hot reload
[2019.02.05-20.19.07:216][ 48]CompilerResultsLog: Building 3 actions with 8 processes...
[2019.02.05-20.19.07:216][ 48]CompilerResultsLog:   [1/3] NewProcMesh.cpp
[2019.02.05-20.19.07:216][ 48]CompilerResultsLog:   [2/3] UE4Editor-ProcGenCity-8033.lib
[2019.02.05-20.19.07:216][ 48]CompilerResultsLog:      Creating library C:\Users\Grizz\Documents\GitHub\Honours-Project\ProcGenCity\Intermediate\Build\Win64\UE4Editor\Development\ProcGenCity\UE4Editor-ProcGenCity-8033.lib and object C:\Users\Grizz\Documents\GitHub\Honours-Project\ProcGenCity\Intermediate\Build\Win64\UE4Editor\Development\ProcGenCity\UE4Editor-ProcGenCity-8033.exp
[2019.02.05-20.19.07:216][ 48]CompilerResultsLog:   [3/3] UE4Editor-ProcGenCity-8033.dll
[2019.02.05-20.19.07:216][ 48]CompilerResultsLog:      Creating library C:\Users\Grizz\Documents\GitHub\Honours-Project\ProcGenCity\Intermediate\Build\Win64\UE4Editor\Development\ProcGenCity\UE4Editor-ProcGenCity-8033.suppressed.lib and object C:\Users\Grizz\Documents\GitHub\Honours-Project\ProcGenCity\Intermediate\Build\Win64\UE4Editor\Development\ProcGenCity\UE4Editor-ProcGenCity-8033.suppressed.exp
[2019.02.05-20.19.07:216][ 48]CompilerResultsLog: Total build time: 6.74 seconds (Parallel executor: 3.32 seconds)
[2019.02.05-20.19.07:216][ 48]LogMainFrame: MainFrame: Module compiling took 7.326 seconds
[2019.02.05-20.19.07:258][ 48]LogContentBrowser: Native class hierarchy updated for 'ProcGenCity' in 0.0008 seconds. Added 7 classes and 2 folders.
[2019.02.05-20.19.07:261][ 48]Display: HotReload successful (0 functions remapped  0 scriptstructs remapped)
[2019.02.05-20.19.07:315][ 48]LogContentBrowser: Native class hierarchy populated in 0.0100 seconds. Added 2580 classes and 607 folders.
[2019.02.05-20.19.07:315][ 48]Display: HotReload took  7.4s.
[2019.02.05-20.19.13:136][393]LogActor: Warning: NewProcMesh_C /Game/StarterContent/Maps/Minimal_Default.Minimal_Default:PersistentLevel.NewProcMesh_C_7 has natively added scene component(s), but none of them were set as the actor's RootComponent - picking one arbitrarily
[2019.02.05-20.19.13:137][393]LogWindows: Windows GetLastError: The operation completed successfully. (0)
[2019.02.05-20.19.15:298][393]LogWindows: Error: === Critical error: ===
[2019.02.05-20.19.15:298][393]LogWindows: Error: 
[2019.02.05-20.19.15:298][393]LogWindows: Error: Assertion failed: (Index >= 0) & (Index < ArrayNum) [File:C:\Program Files\Epic Games\UE_4.20\Engine\Source\Runtime\Core\Public\Containers/Array.h] [Line: 611] 
[2019.02.05-20.19.15:298][393]LogWindows: Error: Array index out of bounds: 0 from an array of size 0
[2019.02.05-20.19.15:298][393]LogWindows: Error: 
[2019.02.05-20.19.15:298][393]LogWindows: Error: 
[2019.02.05-20.19.15:298][393]LogWindows: Error: [Callstack] 0x00007fff2650a388 KERNELBASE.dll!UnknownFunction []
[2019.02.05-20.19.15:298][393]LogWindows: Error: [Callstack] 0x00007ffefbe26850 UE4Editor-ApplicationCore.dll!UnknownFunction []
[2019.02.05-20.19.15:298][393]LogWindows: Error: [Callstack] 0x00007ffed8e862fc UE4Editor-Core.dll!UnknownFunction []
[2019.02.05-20.19.15:298][393]LogWindows: Error: [Callstack] 0x00007ffed8e151db UE4Editor-Core.dll!UnknownFunction []
[2019.02.05-20.19.15:298][393]LogWindows: Error: [Callstack] 0x00007ffef0301fc3 UE4Editor-ProcGenCity-8033.dll!ANewProcMesh::CreateRoof() [c:\users\grizz\documents\github\honours-project\procgencity\source\procgencity\newprocmesh.cpp:140]
[2019.02.05-20.19.15:298][393]LogWindows: Error: [Callstack] 0x00007ffef03028f7 UE4Editor-ProcGenCity-8033.dll!ANewProcMesh::DrawMesh() [c:\users\grizz\documents\github\honours-project\procgencity\source\procgencity\newprocmesh.cpp:98]
[2019.02.05-20.19.15:299][393]LogWindows: Error: [Callstack] 0x00007ffef0302bbf UE4Editor-ProcGenCity-8033.dll!ANewProcMesh::OnConstruction() [c:\users\grizz\documents\github\honours-project\procgencity\source\procgencity\newprocmesh.cpp:110]
[2019.02.05-20.19.15:299][393]LogWindows: Error: [Callstack] 0x00007ffec6144eff UE4Editor-Engine.dll!UnknownFunction []
[2019.02.05-20.19.15:299][393]LogWindows: Error: [Callstack] 0x00007ffec61487c4 UE4Editor-Engine.dll!UnknownFunction []
[2019.02.05-20.19.15:299][393]LogWindows: Error: [Callstack] 0x00007ffec61676f3 UE4Editor-Engine.dll!UnknownFunction []
[2019.02.05-20.19.15:299][393]LogWindows: Error: [Callstack] 0x00007ffec6aaf646 UE4Editor-Engine.dll!UnknownFunction []
[2019.02.05-20.19.15:299][393]LogWindows: Error: [Callstack] 0x00007ffec4d75b93 UE4Editor-UnrealEd.dll!UnknownFunction []
[2019.02.05-20.19.15:299][393]LogWindows: Error: [Callstack] 0x00007ffec4d3f37c UE4Editor-UnrealEd.dll!UnknownFunction []
[2019.02.05-20.19.15:299][393]LogWindows: Error: [Callstack] 0x00007ffec4934266 UE4Editor-UnrealEd.dll!UnknownFunction []
[2019.02.05-20.19.15:299][393]LogWindows: Error: [Callstack] 0x00007ffec48d4792 UE4Editor-UnrealEd.dll!UnknownFunction []
[2019.02.05-20.19.15:299][393]LogWindows: Error: [Callstack] 0x00007ffec5179c77 UE4Editor-UnrealEd.dll!UnknownFunction []
[2019.02.05-20.19.15:299][393]LogWindows: Error: [Callstack] 0x00007ffec514fe9f UE4Editor-UnrealEd.dll!UnknownFunction []
[2019.02.05-20.19.15:299][393]LogWindows: Error: [Callstack] 0x00007ffec514f577 UE4Editor-UnrealEd.dll!UnknownFunction []
[2019.02.05-20.19.15:299][393]LogWindows: Error: [Callstack] 0x00007ffec06a8d9f UE4Editor-LevelEditor.dll!UnknownFunction []
[2019.02.05-20.19.15:299][393]LogWindows: Error: [Callstack] 0x00007ffec06c484e UE4Editor-LevelEditor.dll!UnknownFunction []
[2019.02.05-20.19.15:299][393]LogWindows: Error: [Callstack] 0x00007ffed9c865fe UE4Editor-Slate.dll!UnknownFunction []
[2019.02.05-20.19.15:299][393]LogWindows: Error: [Callstack] 0x00007ffed9d21263 UE4Editor-Slate.dll!UnknownFunction []
[2019.02.05-20.19.15:299][393]LogWindows: Error: [Callstack] 0x00007ffed9d08538 UE4Editor-Slate.dll!UnknownFunction []
[2019.02.05-20.19.15:299][393]LogWindows: Error: [Callstack] 0x00007ffed9cfb073 UE4Editor-Slate.dll!UnknownFunction []
[2019.02.05-20.19.15:299][393]LogWindows: Error: [Callstack] 0x00007ffefbe1d007 UE4Editor-ApplicationCore.dll!UnknownFunction []
[2019.02.05-20.19.15:299][393]LogWindows: Error: [Callstack] 0x00007ffefbe10270 UE4Editor-ApplicationCore.dll!UnknownFunction []
[2019.02.05-20.19.15:299][393]LogWindows: Error: [Callstack] 0x00007ffefbe1f4c5 UE4Editor-ApplicationCore.dll!UnknownFunction []
[2019.02.05-20.19.15:299][393]LogWindows: Error: [Callstack] 0x00007ffefbe0c209 UE4Editor-ApplicationCore.dll!UnknownFunction []
[2019.02.05-20.19.15:299][393]LogWindows: Error: [Callstack] 0x00007fff27036d41 USER32.dll!UnknownFunction []
[2019.02.05-20.19.15:299][393]LogWindows: Error: [Callstack] 0x00007fff27036713 USER32.dll!UnknownFunction []
[2019.02.05-20.19.15:299][393]LogWindows: Error: [Callstack] 0x00007ffefbe20646 UE4Editor-ApplicationCore.dll!UnknownFunction []
[2019.02.05-20.19.15:299][393]LogWindows: Error: [Callstack] 0x00007ff7895754e5 UE4Editor.exe!UnknownFunction []
[2019.02.05-20.19.15:299][393]LogWindows: Error: [Callstack] 0x00007ff789585b3c UE4Editor.exe!UnknownFunction []
[2019.02.05-20.19.15:299][393]LogWindows: Error: [Callstack] 0x00007ff789585bba UE4Editor.exe!UnknownFunction []
[2019.02.05-20.19.15:299][393]LogWindows: Error: [Callstack] 0x00007ff789593dac UE4Editor.exe!UnknownFunction []
[2019.02.05-20.19.15:299][393]LogWindows: Error: [Callstack] 0x00007ff789595aaa UE4Editor.exe!UnknownFunction []
[2019.02.05-20.19.15:299][393]LogWindows: Error: [Callstack] 0x00007fff26ee3034 KERNEL32.DLL!UnknownFunction []
[2019.02.05-20.19.15:299][393]LogWindows: Error: [Callstack] 0x00007fff299c3691 ntdll.dll!UnknownFunction []
[2019.02.05-20.19.15:299][393]LogWindows: Error: 
[2019.02.05-20.19.16:440][393]LogExit: Executing StaticShutdownAfterError
[2019.02.05-20.19.16:461][393]LogWindows: FPlatformMisc::RequestExit(1)
[2019.02.05-20.19.16:471][393]Log file closed, 02/05/19 20:19:16
