Log file open, 02/26/19 21:43:19
LogWindows: Failed to load 'aqProf.dll' (GetLastError=126)
LogWindows: File 'aqProf.dll' does not exist
LogWindows: Failed to load 'VSPerf140.dll' (GetLastError=126)
LogWindows: File 'VSPerf140.dll' does not exist
LogWindows: Failed to load 'VtuneApi.dll' (GetLastError=126)
LogWindows: File 'VtuneApi.dll' does not exist
LogWindows: Failed to load 'VtuneApi32e.dll' (GetLastError=126)
LogWindows: File 'VtuneApi32e.dll' does not exist
LogInit: Display: Running engine for game: ProcGenCity
LogPlatformFile: Not using cached read wrapper
LogTaskGraph: Started task graph with 5 named threads and 23 total threads with 3 sets of task threads.
LogStats: Stats thread started at 0.359986
LogD3D11RHI: Loaded GFSDK_Aftermath_Lib.x64.dll
LogICUInternationalization: Display: ICU TimeZone Detection - Raw Offset: +0:00, Platform Override: ''
LogPluginManager: Mounting plugin Paper2D
LogPluginManager: Mounting plugin AISupport
LogPluginManager: Mounting plugin LightPropagationVolume
LogPluginManager: Mounting plugin CLionSourceCodeAccess
LogPluginManager: Mounting plugin CodeLiteSourceCodeAccess
LogPluginManager: Mounting plugin GitSourceControl
LogPluginManager: Mounting plugin KDevelopSourceCodeAccess
LogPluginManager: Mounting plugin NullSourceCodeAccess
LogPluginManager: Mounting plugin PerforceSourceControl
LogPluginManager: Mounting plugin SubversionSourceControl
LogPluginManager: Mounting plugin UObjectPlugin
LogPluginManager: Mounting plugin VisualStudioCodeSourceCodeAccess
LogPluginManager: Mounting plugin VisualStudioSourceCodeAccess
LogPluginManager: Mounting plugin XCodeSourceCodeAccess
LogPluginManager: Mounting plugin AssetManagerEditor
LogPluginManager: Mounting plugin CryptoKeys
LogPluginManager: Mounting plugin DataValidation
LogPluginManager: Mounting plugin FacialAnimation
LogPluginManager: Mounting plugin GameplayTagsEditor
LogPluginManager: Mounting plugin MacGraphicsSwitching
LogPluginManager: Mounting plugin MeshEditor
LogPluginManager: Mounting plugin MobileLauncherProfileWizard
LogPluginManager: Mounting plugin PluginBrowser
LogPluginManager: Mounting plugin SpeedTreeImporter
LogPluginManager: Mounting plugin DatasmithContent
LogPluginManager: Mounting plugin AlembicImporter
LogPluginManager: Mounting plugin AppleImageUtils
LogPluginManager: Mounting plugin AppleVision
LogPluginManager: Mounting plugin BackChannel
LogPluginManager: Mounting plugin CharacterAI
LogPluginManager: Mounting plugin GeometryCache
LogPluginManager: Mounting plugin HTML5Networking
LogPluginManager: Mounting plugin ProxyLODPlugin
LogPluginManager: Mounting plugin MagicLeap
LogPluginManager: Mounting plugin MagicLeapEmulator
LogPluginManager: Mounting plugin MagicLeapMedia
LogPluginManager: Mounting plugin AndroidMedia
LogPluginManager: Mounting plugin AvfMedia
LogPluginManager: Mounting plugin ImgMedia
LogPluginManager: Mounting plugin LinearTimecode
LogPluginManager: Mounting plugin MediaCompositing
LogPluginManager: Mounting plugin MediaPlayerEditor
LogPluginManager: Mounting plugin WmfMedia
LogPluginManager: Mounting plugin TcpMessaging
LogPluginManager: Mounting plugin UdpMessaging
LogPluginManager: Mounting plugin ActorSequence
LogPluginManager: Mounting plugin LevelSequenceEditor
LogPluginManager: Mounting plugin MatineeToLevelSequence
LogPluginManager: Mounting plugin NetcodeUnitTest
LogPluginManager: Mounting plugin NUTUnrealEngine4
LogPluginManager: Mounting plugin OnlineSubsystemGooglePlay
LogPluginManager: Mounting plugin OnlineSubsystemIOS
LogPluginManager: Mounting plugin OnlineSubsystem
LogPluginManager: Mounting plugin OnlineSubsystemNull
LogPluginManager: Mounting plugin OnlineSubsystemUtils
LogPluginManager: Mounting plugin LauncherChunkInstaller
LogPluginManager: Mounting plugin AndroidDeviceProfileSelector
LogPluginManager: Mounting plugin AndroidMoviePlayer
LogPluginManager: Mounting plugin AndroidPermission
LogPluginManager: Mounting plugin AppleMoviePlayer
LogPluginManager: Mounting plugin ArchVisCharacter
LogPluginManager: Mounting plugin AudioCapture
LogPluginManager: Mounting plugin CableComponent
LogPluginManager: Mounting plugin CustomMeshComponent
LogPluginManager: Mounting plugin EditableMesh
LogPluginManager: Mounting plugin ExampleDeviceProfileSelector
LogPluginManager: Mounting plugin GoogleCloudMessaging
LogPluginManager: Mounting plugin ImmediatePhysics
LogPluginManager: Mounting plugin IOSDeviceProfileSelector
LogPluginManager: Mounting plugin LinuxDeviceProfileSelector
LogPluginManager: Mounting plugin LocationServicesBPLibrary
LogPluginManager: Mounting plugin MobilePatchingUtils
LogPluginManager: Mounting plugin OculusVR
LogPluginManager: Plugin shader directory ../../../Engine/Plugins/Runtime/Oculus/OculusVR/Shaders found
LogPluginManager: Mapping shader source directory ../../../Engine/Plugins/Runtime/Oculus/OculusVR/Shaders to virtual directory /Plugin/OculusVR
LogPluginManager: Mounting plugin PhysXVehicles
LogPluginManager: Mounting plugin ProceduralMeshComponent
LogPluginManager: Mounting plugin RuntimePhysXCooking
LogPluginManager: Mounting plugin SteamVR
LogPluginManager: Mounting plugin WindowsMoviePlayer
LogStreaming: Display: Took  0.265s to configure plugins.
LogInit: Using libcurl 7.55.1-DEV
LogInit:  - built for x86_64-pc-win32
LogInit:  - supports SSL with OpenSSL/1.0.2h
LogInit:  - supports HTTP deflate (compression) using libz 1.2.8
LogInit:  - other features:
LogInit:      CURL_VERSION_SSL
LogInit:      CURL_VERSION_LIBZ
LogInit:      CURL_VERSION_IPV6
LogInit:      CURL_VERSION_ASYNCHDNS
LogInit:      CURL_VERSION_LARGEFILE
LogInit:      CURL_VERSION_IDN
LogInit:  CurlRequestOptions (configurable via config and command line):
LogInit:  - bVerifyPeer = false  - Libcurl will NOT verify peer certificate
LogInit:  - bUseHttpProxy = false  - Libcurl will NOT use HTTP proxy
LogInit:  - bDontReuseConnections = false  - Libcurl will reuse connections
LogInit:  - CertBundlePath = nullptr  - Libcurl will use whatever was configured at build time.
LogInit:  - MaxHostConnections = 16  - Libcurl will limit the number of connections to a host
LogInit:  - LocalHostAddr = Default
LogInit:  - BufferSize = 65536
LogInit: WinSock: version 1.1 (2.2), MaxSocks=32767, MaxUdp=65467
LogHMD: Failed initializing OVRPlugin 1.25.0
LogInit: Build: ++UE4+Release-4.20-CL-4369336
LogInit: Engine Version: 4.20.3-4369336+++UE4+Release-4.20
LogInit: Compatible Engine Version: 4.20.0-4212847+++UE4+Release-4.20
LogInit: Net CL: 4212847
LogInit: OS: Windows 10 (), CPU: Intel(R) Core(TM) i7-8550U CPU @ 1.80GHz, GPU: Intel(R) UHD Graphics 620
LogInit: Compiled (64-bit): Sep 17 2018 12:26:19
LogInit: Compiled with Visual C++: 19.13.26129.00
LogInit: Build Configuration: Development
LogInit: Branch Name: ++UE4+Release-4.20
LogInit: Command Line:  
LogInit: Base Directory: C:/Program Files/Epic Games/UE_4.20/Engine/Binaries/Win64/
LogInit: Installed Engine Build: 1
LogDevObjectVersion: Number of dev versions registered: 20
LogDevObjectVersion:   Dev-Blueprints (B0D832E4-1F89-4F0D-ACCF-7EB736FD4AA2): 10
LogDevObjectVersion:   Dev-Build (E1C64328-A22C-4D53-A36C-8E866417BD8C): 0
LogDevObjectVersion:   Dev-Core (375EC13C-06E4-48FB-B500-84F0262A717E): 2
LogDevObjectVersion:   Dev-Editor (E4B068ED-F494-42E9-A231-DA0B2E46BB41): 24
LogDevObjectVersion:   Dev-Framework (CFFC743F-43B0-4480-9391-14DF171D2073): 34
LogDevObjectVersion:   Dev-Mobile (B02B49B5-BB20-44E9-A304-32B752E40360): 2
LogDevObjectVersion:   Dev-Networking (A4E4105C-59A1-49B5-A7C5-40C4547EDFEE): 0
LogDevObjectVersion:   Dev-Online (39C831C9-5AE6-47DC-9A44-9C173E1C8E7C): 0
LogDevObjectVersion:   Dev-Physics (78F01B33-EBEA-4F98-B9B4-84EACCB95AA2): 0
LogDevObjectVersion:   Dev-Platform (6631380F-2D4D-43E0-8009-CF276956A95A): 0
LogDevObjectVersion:   Dev-Rendering (12F88B9F-8875-4AFC-A67C-D90C383ABD29): 26
LogDevObjectVersion:   Dev-Sequencer (7B5AE74C-D270-4C10-A958-57980B212A5A): 9
LogDevObjectVersion:   Dev-VR (D7296918-1DD6-4BDD-9DE2-64A83CC13884): 2
LogDevObjectVersion:   Dev-LoadTimes (C2A15278-BFE7-4AFE-6C17-90FF531DF755): 1
LogDevObjectVersion:   Private-Geometry (6EACA3D4-40EC-4CC1-B786-8BED09428FC5): 3
LogDevObjectVersion:   Dev-AnimPhys (29E575DD-E0A3-4627-9D10-D276232CDCEA): 17
LogDevObjectVersion:   Dev-ReflectionCapture (6B266CEC-1EC7-4B8F-A30B-E4D90942FC07): 1
LogDevObjectVersion:   Dev-Automation (0DF73D61-A23F-47EA-B727-89E90C41499A): 1
LogDevObjectVersion:   FortniteMain (601D1886-AC64-4F84-AA16-D3DE0DEAC7D6): 12
LogDevObjectVersion:   Dev-Enterprise (9DFFBCD6-494F-0158-E221-12823C92A888): 1
LogStreaming: Display: Took  0.012s to delete old logs.
LogInit: Presizing for max 8388607 objects, including 0 objects not considered by GC, pre-allocating 0 bytes for permanent pool.
LogInit: Object subsystem initialized
[2019.02.26-21.43.20:734][  0]LogInit: Selected Device Profile: [Windows]
[2019.02.26-21.43.20:734][  0]LogInit: Applying CVar settings loaded from the selected device profile: [Windows]
[2019.02.26-21.43.20:768][  0]LogHAL: Display: Platform has ~ 16 GB [17058729984 / 17179869184 / 16], which maps to Larger [LargestMinGB=32, LargerMinGB=12, DefaultMinGB=8, SmallerMinGB=6, SmallestMinGB=0)
[2019.02.26-21.43.20:768][  0]LogInit: Setting Device Profile CVar: [[r.Vulkan.UseRealUBs:1]]
[2019.02.26-21.43.20:768][  0]LogInit: Going up to parent DeviceProfile []
[2019.02.26-21.43.20:769][  0]LogInit: Computer: LAPTOP-TLBN2SQS
[2019.02.26-21.43.20:769][  0]LogInit: User: kevin
[2019.02.26-21.43.20:769][  0]LogInit: CPU Page size=4096, Cores=4
[2019.02.26-21.43.20:769][  0]LogInit: High frequency timer resolution =1.945312 MHz
[2019.02.26-21.43.20:770][  0]LogMemory: Memory total: Physical=15.9GB (16GB approx)
[2019.02.26-21.43.20:770][  0]LogMemory: Platform Memory Stats for Windows
[2019.02.26-21.43.20:770][  0]LogMemory: Process Physical Memory: 102.02 MB used, 102.02 MB peak
[2019.02.26-21.43.20:770][  0]LogMemory: Process Virtual Memory: 94.21 MB used, 94.21 MB peak
[2019.02.26-21.43.20:770][  0]LogMemory: Physical Memory: 7927.66 MB used,  8340.82 MB free, 16268.47 MB total
[2019.02.26-21.43.20:770][  0]LogMemory: Virtual Memory: 4655.32 MB used,  8340.82 MB free, 134217728.00 MB total
[2019.02.26-21.43.20:822][  0]LogInit: Using OS detected language (en-GB).
[2019.02.26-21.43.20:822][  0]LogInit: Using OS detected locale (en-GB).
[2019.02.26-21.43.20:825][  0]LogTextLocalizationManager: No specific localization for 'en-GB' exists, so the 'en' localization will be used.
[2019.02.26-21.43.21:534][  0]LogStreaming: Display: Took  0.712s to InitEngineTextLocalization.
[2019.02.26-21.43.21:534][  0]LogInit: Setting process to per monitor DPI aware
[2019.02.26-21.43.21:601][  0]LogSlate: New Slate User Created.  User Index 0, Is Virtual User: 0
[2019.02.26-21.43.21:601][  0]LogSlate: Slate User Registered.  User Index 0, Is Virtual User: 0
[2019.02.26-21.43.22:051][  0]LogHMD: Failed to initialize OpenVR with code 100
[2019.02.26-21.43.22:051][  0]LogD3D11RHI: D3D11 adapters:
[2019.02.26-21.43.22:894][  0]LogD3D11RHI:    0. 'NVIDIA GeForce MX150' (Feature Level 11_0)
[2019.02.26-21.43.22:894][  0]LogD3D11RHI:       4027/0/8134 MB DedicatedVideo/DedicatedSystem/SharedSystem, Outputs:1, VendorId:0x10de
[2019.02.26-21.43.22:929][  0]LogD3D11RHI:    1. 'Intel(R) UHD Graphics 620' (Feature Level 11_0)
[2019.02.26-21.43.22:929][  0]LogD3D11RHI:       128/0/8134 MB DedicatedVideo/DedicatedSystem/SharedSystem, Outputs:0, VendorId:0x8086
[2019.02.26-21.43.22:934][  0]LogD3D11RHI:    2. 'Microsoft Basic Render Driver' (Feature Level 11_0)
[2019.02.26-21.43.22:934][  0]LogD3D11RHI:       0/0/8134 MB DedicatedVideo/DedicatedSystem/SharedSystem, Outputs:0, VendorId:0x1414
[2019.02.26-21.43.22:934][  0]LogD3D11RHI: Chosen D3D11 Adapter: 0
[2019.02.26-21.43.23:022][  0]LogD3D11RHI: Creating new Direct3DDevice
[2019.02.26-21.43.23:022][  0]LogD3D11RHI:     GPU DeviceId: 0x1d10 (for the marketing name, search the web for "GPU Device Id")
[2019.02.26-21.43.23:022][  0]LogWindows: EnumDisplayDevices:
[2019.02.26-21.43.23:023][  0]LogWindows:    0. 'Intel(R) UHD Graphics 620' (P:1 D:1)
[2019.02.26-21.43.23:023][  0]LogWindows:    1. 'Intel(R) UHD Graphics 620' (P:0 D:0)
[2019.02.26-21.43.23:024][  0]LogWindows:    2. 'Intel(R) UHD Graphics 620' (P:0 D:0)
[2019.02.26-21.43.23:024][  0]LogWindows: DebugString: PrimaryIsNotTheChoosenAdapter PrimaryIsNotTheChoosenAdapter PrimaryIsNotTheChoosenAdapter FoundDriverCount:0 
[2019.02.26-21.43.23:024][  0]LogD3D11RHI:     Adapter Name: NVIDIA GeForce MX150
[2019.02.26-21.43.23:025][  0]LogD3D11RHI:   Driver Version: Unknown (internal:Unknown, unified:Unknown)
[2019.02.26-21.43.23:025][  0]LogD3D11RHI:      Driver Date: Unknown
[2019.02.26-21.43.23:025][  0]LogRHI: Texture pool is 2819 MB (70% of 4027 MB)
[2019.02.26-21.43.23:120][  0]LogD3D11RHI: Async texture creation enabled
[2019.02.26-21.43.23:144][  0]LogD3D11RHI: GPU Timing Frequency: 1000.000000 (Debug: 2 2)
[2019.02.26-21.43.23:145][  0]LogShaderCompilers: Guid format shader working directory is -29 characters bigger than the processId version (../../../../../../Users/kevin/Documents/GitHub/Honours-Project/ProcGenCity/Intermediate/Shaders/WorkingDirectory/20112/).
[2019.02.26-21.43.23:145][  0]LogShaderCompilers: Cleaned the shader compiler working directory 'C:/Users/kevin/AppData/Local/Temp/UnrealShaderWorkingDir/5E45A92745296290151A139163A1A793/'.
[2019.02.26-21.43.23:687][  0]LogTemp: Display: Loaded TP AllDesktopTargetPlatform
[2019.02.26-21.43.23:714][  0]LogTemp: Display: Loaded TP MacClientTargetPlatform
[2019.02.26-21.43.23:735][  0]LogTemp: Display: Loaded TP MacNoEditorTargetPlatform
[2019.02.26-21.43.23:758][  0]LogTemp: Display: Loaded TP MacServerTargetPlatform
[2019.02.26-21.43.23:783][  0]LogTemp: Display: Loaded TP MacTargetPlatform
[2019.02.26-21.43.23:806][  0]LogTemp: Display: Loaded TP WindowsClientTargetPlatform
[2019.02.26-21.43.23:839][  0]LogTemp: Display: Loaded TP WindowsNoEditorTargetPlatform
[2019.02.26-21.43.23:862][  0]LogTemp: Display: Loaded TP WindowsServerTargetPlatform
[2019.02.26-21.43.23:876][  0]LogTemp: Display: Loaded TP WindowsTargetPlatform
[2019.02.26-21.43.24:030][  0]LogTemp: Display: Loaded TP AndroidTargetPlatform
[2019.02.26-21.43.24:030][  0]LogTemp: Display: Loaded TP AndroidTargetPlatform
[2019.02.26-21.43.24:031][  0]LogTemp: Display: Loaded TP AndroidTargetPlatform
[2019.02.26-21.43.24:031][  0]LogTemp: Display: Loaded TP AndroidTargetPlatform
[2019.02.26-21.43.24:031][  0]LogTemp: Display: Loaded TP AndroidTargetPlatform
[2019.02.26-21.43.24:031][  0]LogTemp: Display: Loaded TP AndroidTargetPlatform
[2019.02.26-21.43.24:031][  0]LogTemp: Display: Loaded TP AndroidTargetPlatform
[2019.02.26-21.43.24:031][  0]LogTemp: Display: Loaded TP AndroidTargetPlatform
[2019.02.26-21.43.24:031][  0]LogTemp: Display: Loaded TP AndroidTargetPlatform
[2019.02.26-21.43.24:031][  0]LogTemp: Display: Loaded TP AndroidTargetPlatform
[2019.02.26-21.43.24:031][  0]LogTemp: Display: Loaded TP AndroidTargetPlatform
[2019.02.26-21.43.24:031][  0]LogTemp: Display: Loaded TP AndroidTargetPlatform
[2019.02.26-21.43.24:031][  0]LogTemp: Display: Loaded TP AndroidTargetPlatform
[2019.02.26-21.43.24:031][  0]LogTemp: Display: Loaded TP AndroidTargetPlatform
[2019.02.26-21.43.24:031][  0]LogTemp: Display: Loaded TP AndroidTargetPlatform
[2019.02.26-21.43.24:031][  0]LogTemp: Display: Loaded TP AndroidTargetPlatform
[2019.02.26-21.43.24:031][  0]LogTemp: Display: Loaded TP AndroidTargetPlatform
[2019.02.26-21.43.24:031][  0]LogTemp: Display: Loaded TP AndroidTargetPlatform
[2019.02.26-21.43.24:033][  0]LogTemp: Display: Loaded TP HTML5TargetPlatform
[2019.02.26-21.43.24:118][  0]LogTemp: Display: Loaded TP IOSTargetPlatform
[2019.02.26-21.43.24:118][  0]LogTemp: Display: Loaded TP IOSTargetPlatform
[2019.02.26-21.43.24:163][  0]LogTemp: Display: Loaded TP TVOSTargetPlatform
[2019.02.26-21.43.24:163][  0]LogTemp: Display: Loaded TP TVOSTargetPlatform
[2019.02.26-21.43.24:184][  0]LogTemp: Display: Loaded TP LinuxClientTargetPlatform
[2019.02.26-21.43.24:207][  0]LogTemp: Display: Loaded TP LinuxNoEditorTargetPlatform
[2019.02.26-21.43.24:227][  0]LogTemp: Display: Loaded TP LinuxServerTargetPlatform
[2019.02.26-21.43.24:249][  0]LogTemp: Display: Loaded TP LinuxTargetPlatform
[2019.02.26-21.43.24:262][  0]LogTemp: Display: Loaded TP LuminTargetPlatform
[2019.02.26-21.43.24:263][  0]LogTargetPlatformManager: Display: Building Assets For Windows
[2019.02.26-21.43.24:399][  0]LogXGEController: Cleaning working directory: C:/Users/kevin/AppData/Local/Temp/UnrealXGEWorkingDir/
[2019.02.26-21.43.24:399][  0]LogXGEController: Cannot use XGE Controller as Incredibuild is not installed on this machine.
[2019.02.26-21.43.24:399][  0]LogShaderCompilers: Cannot use XGE Shader Compiler as Incredibuild is not installed on this machine.
[2019.02.26-21.43.24:399][  0]LogShaderCompilers: Display: Using Local Shader Compiler.
[2019.02.26-21.43.25:919][  0]LogDerivedDataCache: Display: Max Cache Size: 512 MB
[2019.02.26-21.43.26:032][  0]LogDerivedDataCache: Loaded boot cache 0.11s 71MB C:/Users/kevin/AppData/Local/UnrealEngine/4.20/DerivedDataCache/Boot.ddc.
[2019.02.26-21.43.26:034][  0]LogDerivedDataCache: Display: Loaded Boot cache: C:/Users/kevin/AppData/Local/UnrealEngine/4.20/DerivedDataCache/Boot.ddc
[2019.02.26-21.43.26:034][  0]LogDerivedDataCache: FDerivedDataBackendGraph:  Pak pak cache file ../../../../../../Users/kevin/Documents/GitHub/Honours-Project/ProcGenCity/DerivedDataCache/DDC.ddp not found, will not use a pak cache.
[2019.02.26-21.43.26:034][  0]LogDerivedDataCache: Unable to find inner node Pak for hierarchical cache Hierarchy.
[2019.02.26-21.43.26:035][  0]LogDerivedDataCache: FDerivedDataBackendGraph:  CompressedPak pak cache file ../../../../../../Users/kevin/Documents/GitHub/Honours-Project/ProcGenCity/DerivedDataCache/Compressed.ddp not found, will not use a pak cache.
[2019.02.26-21.43.26:035][  0]LogDerivedDataCache: Unable to find inner node CompressedPak for hierarchical cache Hierarchy.
[2019.02.26-21.43.26:060][  0]LogDerivedDataCache: Display: Pak cache opened for reading ../../../Engine/DerivedDataCache/Compressed.ddp.
[2019.02.26-21.43.26:074][  0]LogDerivedDataCache: Using Local data cache path C:/Users/kevin/AppData/Local/UnrealEngine/Common/DerivedDataCache: Writable
[2019.02.26-21.43.26:074][  0]LogDerivedDataCache: Shared data cache path not found in *engine.ini, will not use an Shared cache.
[2019.02.26-21.43.26:074][  0]LogDerivedDataCache: Unable to find inner node Shared for hierarchical cache Hierarchy.
[2019.02.26-21.43.26:109][  0]LogMaterial: Verifying Global Shaders for PCD3D_SM5
[2019.02.26-21.43.26:112][  0]LogSlate: Using FreeType 2.6.0
[2019.02.26-21.43.26:112][  0]LogSlate: SlateFontServices - WITH_FREETYPE: 1, WITH_HARFBUZZ: 1
[2019.02.26-21.43.26:231][  0]LogAssetRegistry: FAssetRegistry took 0.0332 seconds to start up
[2019.02.26-21.43.26:837][  0]LogInit: Selected Device Profile: [Windows]
[2019.02.26-21.43.27:071][  0]LogSimplygon: Simplygon DLL not present - disabling.
[2019.02.26-21.43.27:082][  0]LogMeshReduction: Using SimplygonSwarm for distributed automatic mesh merging
[2019.02.26-21.43.27:082][  0]LogMeshReduction: Using ProxyLODMeshReduction for automatic mesh merging
[2019.02.26-21.43.27:082][  0]LogMeshReduction: Using QuadricMeshReduction for automatic static mesh reduction
[2019.02.26-21.43.27:082][  0]LogMeshReduction: No automatic skeletal mesh reduction module available
[2019.02.26-21.43.27:112][  0]LogNetVersion: ProcGenCity 1.0.0, NetCL: 4212847, EngineNetVer: 5, GameNetVer: 0 (Checksum: 2895139612)
[2019.02.26-21.43.28:407][  0]LogPackageLocalizationCache: Processed 11 localized package path(s) for 2 prioritized culture(s) in 0.297493 seconds
[2019.02.26-21.43.28:416][  0]LogUObjectArray: 38425 objects as part of root set at end of initial load.
[2019.02.26-21.43.28:416][  0]LogUObjectAllocator: 6690864 out of 0 bytes used by permanent object pool.
[2019.02.26-21.43.28:416][  0]LogUObjectArray: CloseDisregardForGC: 0/0 objects in disregard for GC pool
[2019.02.26-21.43.30:157][  0]LogTcpMessaging: Initializing TcpMessaging bridge
[2019.02.26-21.43.30:171][  0]LogUdpMessaging: Initializing bridge on interface 0.0.0.0:0 to multicast group 230.0.0.1:6666.
[2019.02.26-21.43.30:408][  0]SourceControl: Source control is disabled
[2019.02.26-21.43.30:408][  0]SourceControl: Source control is disabled
[2019.02.26-21.43.30:410][  0]SourceControl: Source control is disabled
[2019.02.26-21.43.30:411][  0]SourceControl: Source control is disabled
[2019.02.26-21.43.30:645][  0]LogAndroidPermission: UAndroidPermissionCallbackProxy::GetInstance
[2019.02.26-21.43.30:731][  0]LogOcInput: OculusInput pre-init called
[2019.02.26-21.43.30:824][  0]LogEngine: Initializing Engine...
[2019.02.26-21.43.30:826][  0]LogHMD: Failed to initialize OpenVR with code 100
[2019.02.26-21.43.30:828][  0]LogStats: UGameplayTagsManager::ConstructGameplayTagTree: ImportINI prefixes -  0.000 s
[2019.02.26-21.43.30:828][  0]LogStats: UGameplayTagsManager::ConstructGameplayTagTree: Construct from data asset -  0.000 s
[2019.02.26-21.43.30:828][  0]LogStats: UGameplayTagsManager::ConstructGameplayTagTree: ImportINI -  0.000 s
[2019.02.26-21.43.30:828][  0]LogStats: UGameplayTagsManager::ConstructGameplayTagTree: GameplayTagTreeChangedEvent.Broadcast -  0.000 s
[2019.02.26-21.43.31:340][  0]LogInit: Initializing FReadOnlyCVARCache
[2019.02.26-21.43.31:373][  0]LogAIModule: Creating AISystem for world Untitled
[2019.02.26-21.43.31:387][  0]LogInit: XAudio2 using 'Speaker/Headphone (Realtek High Definition Audio(SST))' : 2 channels at 48 kHz using 32 bits per sample (channel mask 0x3)
[2019.02.26-21.43.32:103][  0]LogInit: FAudioDevice initialized.
[2019.02.26-21.43.32:103][  0]LogNetVersion: Set ProjectVersion to 1.0.0.0. Version Checksum will be recalculated on next use.
[2019.02.26-21.43.32:252][  0]LogDerivedDataCache: Saved boot cache 0.15s 71MB C:/Users/kevin/AppData/Local/UnrealEngine/4.20/DerivedDataCache/Boot.ddc.
[2019.02.26-21.43.32:264][  0]LogInit: Texture streaming: Enabled
[2019.02.26-21.43.32:295][  0]LogEngineSessionManager: EngineSessionManager initialized
[2019.02.26-21.43.32:295][  0]LogEngineSessionManager: EngineSessionManager sent abnormal shutdown report. Type=Crashed, SessionId={5D2B9805-4BCF-9F87-3402-A388638DAA9D}
[2019.02.26-21.43.32:323][  0]LogInit: Transaction tracking system initialized
[2019.02.26-21.43.32:388][  0]BlueprintLog: New page: Editor Load
[2019.02.26-21.43.32:553][  0]LocalizationService: Localization service is disabled
[2019.02.26-21.43.33:697][  0]LogCook: Display: Max memory allowance for cook 16384mb min free memory 0mb
[2019.02.26-21.43.33:697][  0]LogCook: Display: Mobile HDR setting 1
[2019.02.26-21.43.33:697][  0]LogGameplayTags: Display: UGameplayTagsManager::DoneAddingNativeTags. DelegateIsBound: 0
[2019.02.26-21.43.33:697][  0]LogStats: UGameplayTagsManager::ConstructGameplayTagTree: ImportINI prefixes -  0.000 s
[2019.02.26-21.43.33:697][  0]LogStats: UGameplayTagsManager::ConstructGameplayTagTree: Construct from data asset -  0.000 s
[2019.02.26-21.43.33:698][  0]LogStats: UGameplayTagsManager::ConstructGameplayTagTree: ImportINI -  0.000 s
[2019.02.26-21.43.33:698][  0]LogStats: UGameplayTagsManager::ConstructGameplayTagTree: GameplayTagTreeChangedEvent.Broadcast -  0.000 s
[2019.02.26-21.43.33:989][  0]LogFileCache: Scanning file cache for directory 'C:/Users/kevin/Documents/GitHub/Honours-Project/ProcGenCity/Content/' took 0.02s
[2019.02.26-21.43.33:989][  0]SourceControl: Source control is disabled
[2019.02.26-21.43.33:990][  0]Cmd: MAP LOAD FILE="../../../../../../Users/kevin/Documents/GitHub/Honours-Project/ProcGenCity/Content/StarterContent/Maps/Minimal_Default.umap" TEMPLATE=0 SHOWPROGRESS=1 FEATURELEVEL=3
[2019.02.26-21.43.33:991][  0]LightingResults: New page: Lighting Build
[2019.02.26-21.43.33:996][  0]MapCheck: New page: Map Check
[2019.02.26-21.43.33:996][  0]LightingResults: New page: Lighting Build
[2019.02.26-21.43.34:840][  0]LogAIModule: Creating AISystem for world Minimal_Default
[2019.02.26-21.43.34:872][  0]LogEditorServer: Finished looking for orphan Actors (0.000 secs)
[2019.02.26-21.43.34:924][  0]Cmd: MAP CHECKDEP NOCLEARLOG
[2019.02.26-21.43.35:078][  0]MapCheck: Map check complete: 0 Error(s), 0 Warning(s), took 153.094ms to complete.
[2019.02.26-21.43.35:078][  0]LogFileHelpers: Loading map 'Minimal_Default' took 1.089
[2019.02.26-21.43.35:238][  0]LogSlate: Updating window title bar state: overlay mode, drag disabled, window buttons hidden, title bar hidden
[2019.02.26-21.43.35:250][  0]LogSlate: Updating window title bar state: overlay mode, drag disabled, window buttons hidden, title bar hidden
[2019.02.26-21.43.35:262][  0]LogSlate: Updating window title bar state: overlay mode, drag disabled, window buttons hidden, title bar hidden
[2019.02.26-21.43.35:274][  0]LogSlate: Updating window title bar state: overlay mode, drag disabled, window buttons hidden, title bar hidden
[2019.02.26-21.43.35:287][  0]LogCollectionManager: Loaded 0 collections in 0.004171 seconds
[2019.02.26-21.43.35:342][  0]LogFileCache: Scanning file cache for directory 'C:/Users/kevin/Documents/GitHub/Honours-Project/ProcGenCity/Saved/Collections/' took 0.01s
[2019.02.26-21.43.35:343][  0]LogFileCache: Scanning file cache for directory 'C:/Users/kevin/Documents/GitHub/Honours-Project/ProcGenCity/Content/Developers/kevin/Collections/' took 0.01s
[2019.02.26-21.43.35:343][  0]LogFileCache: Scanning file cache for directory 'C:/Users/kevin/Documents/GitHub/Honours-Project/ProcGenCity/Content/Collections/' took 0.01s
[2019.02.26-21.43.35:343][  0]LogCollectionManager: Rebuilt the GUID cache for 0 collections in 0.000001 seconds
[2019.02.26-21.43.35:381][  0]LogContentBrowser: Native class hierarchy populated in 0.0383 seconds. Added 2583 classes and 605 folders.
[2019.02.26-21.43.35:416][  0]LogContentBrowser: Native class hierarchy updated for 'WidgetCarousel' in 0.0019 seconds. Added 0 classes and 0 folders.
[2019.02.26-21.43.35:568][  0]LogContentBrowser: Native class hierarchy updated for 'AddContentDialog' in 0.0007 seconds. Added 0 classes and 0 folders.
[2019.02.26-21.43.35:579][  0]LogContentBrowser: Native class hierarchy updated for 'SceneOutliner' in 0.0010 seconds. Added 1 classes and 2 folders.
[2019.02.26-21.43.35:612][  0]LogSlate: Took 0.000417 seconds to synchronously load lazily loaded font '../../../Engine/Content/Slate/Fonts/Roboto-Regular.ttf' (155K)
[2019.02.26-21.43.35:628][  0]LogSlate: Took 0.000837 seconds to synchronously load lazily loaded font '../../../Engine/Content/Slate/Fonts/Roboto-Bold.ttf' (160K)
[2019.02.26-21.43.35:652][  0]LogSlate: Took 0.000972 seconds to synchronously load lazily loaded font '../../../Engine/Content/Editor/Slate/Fonts/FontAwesome.ttf' (139K)
[2019.02.26-21.43.35:876][  0]LogRenderer: Reallocating scene render targets to support 1284x576 Format 9 NumSamples 1 (Frame:1).
[2019.02.26-21.43.36:076][  0]LogContentBrowser: Native class hierarchy updated for 'HierarchicalLODOutliner' in 0.0006 seconds. Added 0 classes and 0 folders.
[2019.02.26-21.43.36:076][  0]LogLoad: (Engine Initialization) Total time: 20.01 seconds
[2019.02.26-21.43.36:076][  0]LogLoad: (Engine Initialization) Total Blueprint compile time: 0.00 seconds
[2019.02.26-21.43.36:136][  0]LogContentStreaming: Texture pool size now 400 MB
[2019.02.26-21.43.36:318][  1]LogSlate: Took 0.000672 seconds to synchronously load lazily loaded font '../../../Engine/Content/Slate/Fonts/Roboto-Light.ttf' (167K)
[2019.02.26-21.43.36:685][  4]LogAssetRegistry: Asset discovery search completed in 10.4759 seconds
[2019.02.26-21.43.36:688][  4]LogCollectionManager: Rebuilt the object cache for 0 collections in 0.000000 seconds (found 0 objects)
[2019.02.26-21.43.36:688][  4]LogCollectionManager: Fixed up redirectors for 0 collections in 0.000065 seconds (updated 0 objects)
[2019.02.26-21.44.29:706][257]LogSlate: FSceneViewport::OnFocusLost() reason 0
[2019.02.26-21.44.30:001][269]Candidate modules for hot reload:
[2019.02.26-21.44.30:002][269]  ProcGenCity
[2019.02.26-21.44.30:002][269]Launching UnrealBuildTool... [C:/Program Files/Epic Games/UE_4.20/Engine/Binaries/DotNET/UnrealBuildTool.exe  -ModuleWithSuffix=ProcGenCity,1158 Win64 Development -TargetType=Editor -Project="../../../../../../Users/kevin/Documents/GitHub/Honours-Project/ProcGenCity/ProcGenCity.uproject" -canskiplink "C:/Users/kevin/Documents/GitHub/Honours-Project/ProcGenCity/ProcGenCity.uproject" ]
[2019.02.26-21.44.30:010][269]Warning: Starting HotReload took  0.1s.
[2019.02.26-21.45.36:105][937]CompilerResultsLog: New page: Compilation - 26 Feb 2019 21:45:36
[2019.02.26-21.45.36:105][937]CompilerResultsLog: Using 'git status' to determine working set for adaptive non-unity build.
[2019.02.26-21.45.36:105][937]CompilerResultsLog: Compiling game modules for hot reload
[2019.02.26-21.45.36:106][937]CompilerResultsLog: Parsing headers for ProcGenCityEditor
[2019.02.26-21.45.36:106][937]CompilerResultsLog:   Running UnrealHeaderTool "C:\Users\kevin\Documents\GitHub\Honours-Project\ProcGenCity\ProcGenCity.uproject" "C:\Users\kevin\Documents\GitHub\Honours-Project\ProcGenCity\Intermediate\Build\Win64\ProcGenCityEditor\Development\ProcGenCityEditor.uhtmanifest" -LogCmds="loginit warning, logexit warning, logdatabase error" -Unattended -WarningsAsErrors -installed
[2019.02.26-21.45.36:106][937]CompilerResultsLog: LogCompile: Error: Circular dependency detected for filename C:\Users\kevin\Documents\GitHub\Honours-Project\ProcGenCity\Source\ProcGenCity\Branch.h!
[2019.02.26-21.45.36:106][937]CompilerResultsLog: Reflection code generated for ProcGenCityEditor in 23.4327239 seconds
[2019.02.26-21.45.36:106][937]CompilerResultsLog: Building 9 actions with 8 processes...
[2019.02.26-21.45.36:106][937]CompilerResultsLog:   [1/9] ProcGenCity.init.gen.cpp
[2019.02.26-21.45.36:106][937]CompilerResultsLog:   [2/9] Branch.gen.cpp
[2019.02.26-21.45.36:106][937]CompilerResultsLog:   [3/9] Boundary.cpp
[2019.02.26-21.45.36:106][937]CompilerResultsLog:   [4/9] Checker.gen.cpp
[2019.02.26-21.45.36:106][937]CompilerResultsLog:   [5/9] Boundary.gen.cpp
[2019.02.26-21.45.36:106][937]CompilerResultsLog:   [6/9] Branch.cpp
[2019.02.26-21.45.36:106][937]CompilerResultsLog:   [7/9] Checker.cpp
[2019.02.26-21.45.36:106][937]CompilerResultsLog:   [8/9] UE4Editor-ProcGenCity-1158.lib
[2019.02.26-21.45.36:106][937]CompilerResultsLog:      Creating library C:\Users\kevin\Documents\GitHub\Honours-Project\ProcGenCity\Intermediate\Build\Win64\UE4Editor\Development\ProcGenCity\UE4Editor-ProcGenCity-1158.lib and object C:\Users\kevin\Documents\GitHub\Honours-Project\ProcGenCity\Intermediate\Build\Win64\UE4Editor\Development\ProcGenCity\UE4Editor-ProcGenCity-1158.exp
[2019.02.26-21.45.36:106][937]CompilerResultsLog:   [9/9] UE4Editor-ProcGenCity-1158.dll
[2019.02.26-21.45.36:106][937]CompilerResultsLog:      Creating library C:\Users\kevin\Documents\GitHub\Honours-Project\ProcGenCity\Intermediate\Build\Win64\UE4Editor\Development\ProcGenCity\UE4Editor-ProcGenCity-1158.suppressed.lib and object C:\Users\kevin\Documents\GitHub\Honours-Project\ProcGenCity\Intermediate\Build\Win64\UE4Editor\Development\ProcGenCity\UE4Editor-ProcGenCity-1158.suppressed.exp
[2019.02.26-21.45.36:106][937]CompilerResultsLog: Total build time: 65.02 seconds (Parallel executor: 32.92 seconds)
[2019.02.26-21.45.36:106][937]LogMainFrame: MainFrame: Module compiling took 66.119 seconds
[2019.02.26-21.45.36:179][937]LogClass: Could not find existing class Checker in package /Script/ProcGenCity for HotReload, assuming new class
[2019.02.26-21.45.36:188][937]LogClass: EBranchState HotReload.
[2019.02.26-21.45.36:195][937]LogHotReload: Re-instancing Checker after hot-reload.
[2019.02.26-21.45.36:295][937]LogContentBrowser: Native class hierarchy updated for 'ProcGenCity' in 0.0008 seconds. Added 11 classes and 2 folders.
[2019.02.26-21.45.36:299][937]Display: HotReload successful (0 functions remapped  0 scriptstructs remapped)
[2019.02.26-21.45.36:464][937]LogContentBrowser: Native class hierarchy populated in 0.0206 seconds. Added 2584 classes and 607 folders.
[2019.02.26-21.45.36:465][937]Display: HotReload took 66.6s.
[2019.02.26-21.45.44:666][131]LogSlate: Took 0.000431 seconds to synchronously load lazily loaded font '../../../Engine/Content/Slate/Fonts/Roboto-Light.ttf' (167K)
[2019.02.26-21.45.44:680][131]LogAssetEditorManager: Opening Asset editor for Blueprint /Game/BP/NewProcMesh.NewProcMesh
[2019.02.26-21.45.46:121][131]LogContentBrowser: Native class hierarchy updated for 'BlueprintGraph' in 0.0033 seconds. Added 116 classes and 0 folders.
[2019.02.26-21.45.47:671][131]LogActor: Warning: NewProcMesh_C /Engine/Transient.World_1:PersistentLevel.NewProcMesh_C_0 has natively added scene component(s), but none of them were set as the actor's RootComponent - picking one arbitrarily
[2019.02.26-21.45.51:231][270]LogSlate: Window 'NewProcMesh' being destroyed
[2019.02.26-21.47.29:043][770]LogSlate: Window 'ProcGenCity - Unreal Editor' being destroyed
[2019.02.26-21.47.29:045][770]LogWindowsTextInputMethodSystem: Display: IME system now deactivated.
[2019.02.26-21.47.29:344][771]Cmd: QUIT_EDITOR
[2019.02.26-21.47.29:443][771]LogExit: Preparing to exit.
[2019.02.26-21.47.30:415][771]LogExit: Editor shut down
[2019.02.26-21.47.30:415][771]LogExit: Transaction tracking system shut down
[2019.02.26-21.47.31:151][771]LogExit: Object subsystem successfully closed.
[2019.02.26-21.47.31:183][771]LogShaderCompilers: Display: Shaders left to compile 0
[2019.02.26-21.47.31:191][771]LogD3D11RHI: Shutdown
[2019.02.26-21.47.31:191][771]LogD3D11RHI: CleanupD3DDevice
[2019.02.26-21.47.31:196][771]LogD3D11RHI: ~FD3D11DynamicRHI
[2019.02.26-21.47.31:291][771]LogModuleManager: Shutting down and abandoning module BlueprintGraph (615)
[2019.02.26-21.47.31:291][771]LogModuleManager: Shutting down and abandoning module ProcGenCity (613)
[2019.02.26-21.47.31:291][771]LogModuleManager: Shutting down and abandoning module HierarchicalLODOutliner (612)
[2019.02.26-21.47.31:291][771]LogModuleManager: Shutting down and abandoning module SceneOutliner (610)
[2019.02.26-21.47.31:291][771]LogModuleManager: Shutting down and abandoning module AddContentDialog (608)
[2019.02.26-21.47.31:292][771]LogModuleManager: Shutting down and abandoning module WidgetCarousel (607)
[2019.02.26-21.47.31:293][771]LogModuleManager: Shutting down and abandoning module EditorWidgets (604)
[2019.02.26-21.47.31:293][771]LogModuleManager: Shutting down and abandoning module CollectionManager (602)
[2019.02.26-21.47.31:294][771]LogModuleManager: Shutting down and abandoning module StatsViewer (600)
[2019.02.26-21.47.31:295][771]LogModuleManager: Shutting down and abandoning module FoliageEdit (598)
[2019.02.26-21.47.31:296][771]LogModuleManager: Shutting down and abandoning module LandscapeEditor (596)
[2019.02.26-21.47.31:298][771]LogModuleManager: Shutting down and abandoning module MeshPaintMode (594)
[2019.02.26-21.47.31:298][771]LogModuleManager: Shutting down and abandoning module SceneDepthPickerMode (592)
[2019.02.26-21.47.31:299][771]LogModuleManager: Shutting down and abandoning module ActorPickerMode (590)
[2019.02.26-21.47.31:299][771]LogModuleManager: Shutting down and abandoning module GeometryMode (588)
[2019.02.26-21.47.31:299][771]LogModuleManager: Shutting down and abandoning module TextureAlignMode (586)
[2019.02.26-21.47.31:299][771]LogModuleManager: Shutting down and abandoning module BspMode (584)
[2019.02.26-21.47.31:299][771]LogModuleManager: Shutting down and abandoning module PIEPreviewDeviceProfileSelector (582)
[2019.02.26-21.47.31:299][771]LogModuleManager: Shutting down and abandoning module SequenceRecorderSections (580)
[2019.02.26-21.47.31:299][771]LogModuleManager: Shutting down and abandoning module AutomationWorker (578)
[2019.02.26-21.47.31:299][771]LogModuleManager: Shutting down and abandoning module AudioCaptureEditor (576)
[2019.02.26-21.47.31:299][771]LogModuleManager: Shutting down and abandoning module SequenceRecorder (575)
[2019.02.26-21.47.31:300][771]LogModuleManager: Shutting down and abandoning module MatineeToLevelSequence (572)
[2019.02.26-21.47.31:300][771]LogModuleManager: Shutting down and abandoning module LevelSequenceEditor (570)
[2019.02.26-21.47.31:302][771]LogModuleManager: Shutting down and abandoning module PlacementMode (569)
[2019.02.26-21.47.31:302][771]LogModuleManager: Shutting down and abandoning module MaterialEditor (568)
[2019.02.26-21.47.31:305][771]LogModuleManager: Shutting down and abandoning module WmfMediaFactory (564)
[2019.02.26-21.47.31:305][771]LogModuleManager: Shutting down and abandoning module WmfMediaEditor (562)
[2019.02.26-21.47.31:305][771]LogModuleManager: Shutting down and abandoning module MediaPlayerEditor (560)
[2019.02.26-21.47.31:307][771]LogModuleManager: Shutting down and abandoning module OpenExrWrapper (558)
[2019.02.26-21.47.31:307][771]LogModuleManager: Shutting down and abandoning module ImgMediaFactory (556)
[2019.02.26-21.47.31:307][771]LogModuleManager: Shutting down and abandoning module ImgMediaEditor (554)
[2019.02.26-21.47.31:307][771]LogModuleManager: Shutting down and abandoning module AvfMediaFactory (552)
[2019.02.26-21.47.31:307][771]LogModuleManager: Shutting down and abandoning module AvfMediaEditor (550)
[2019.02.26-21.47.31:307][771]LogModuleManager: Shutting down and abandoning module AndroidMediaFactory (548)
[2019.02.26-21.47.31:307][771]LogModuleManager: Shutting down and abandoning module AndroidMediaEditor (546)
[2019.02.26-21.47.31:307][771]LogModuleManager: Shutting down and abandoning module MagicLeapCameraPreviewFactory (544)
[2019.02.26-21.47.31:307][771]LogModuleManager: Shutting down and abandoning module MagicLeapMediaFactory (542)
[2019.02.26-21.47.31:307][771]LogModuleManager: Shutting down and abandoning module MagicLeapMediaEditor (540)
[2019.02.26-21.47.31:307][771]LogModuleManager: Shutting down and abandoning module CharacterAI (538)
[2019.02.26-21.47.31:307][771]LogModuleManager: Shutting down and abandoning module SmartSnapping (536)
[2019.02.26-21.47.31:307][771]LogModuleManager: Shutting down and abandoning module SessionServices (534)
[2019.02.26-21.47.31:307][771]LogModuleManager: Shutting down and abandoning module ViewportSnapping (532)
[2019.02.26-21.47.31:307][771]LogModuleManager: Shutting down and abandoning module ViewportInteraction (530)
[2019.02.26-21.47.31:307][771]LogModuleManager: Shutting down and abandoning module ClothPainter (528)
[2019.02.26-21.47.31:308][771]LogModuleManager: Shutting down and abandoning module SkeletalMeshEditor (527)
[2019.02.26-21.47.31:311][771]LogModuleManager: Shutting down and abandoning module LogVisualizer (524)
[2019.02.26-21.47.31:313][771]LogModuleManager: Shutting down and abandoning module IntroTutorials (522)
[2019.02.26-21.47.31:313][771]LogModuleManager: Shutting down and abandoning module GameProjectGeneration (521)
[2019.02.26-21.47.31:315][771]LogModuleManager: Shutting down and abandoning module LuminPlatformEditor (518)
[2019.02.26-21.47.31:315][771]LogModuleManager: Shutting down and abandoning module IOSPlatformEditor (516)
[2019.02.26-21.47.31:315][771]LogModuleManager: Shutting down and abandoning module HTML5PlatformEditor (514)
[2019.02.26-21.47.31:315][771]LogModuleManager: Shutting down and abandoning module AndroidPlatformEditor (512)
[2019.02.26-21.47.31:315][771]LogModuleManager: Shutting down and abandoning module AndroidDeviceDetection (511)
[2019.02.26-21.47.31:766][771]LogModuleManager: Shutting down and abandoning module WindowsPlatformEditor (508)
[2019.02.26-21.47.31:767][771]LogModuleManager: Shutting down and abandoning module LuminRuntimeSettings (506)
[2019.02.26-21.47.31:767][771]LogModuleManager: Shutting down and abandoning module IOSRuntimeSettings (504)
[2019.02.26-21.47.31:767][771]LogModuleManager: Shutting down and abandoning module AndroidRuntimeSettings (502)
[2019.02.26-21.47.31:767][771]LogModuleManager: Shutting down and abandoning module InputBindingEditor (500)
[2019.02.26-21.47.31:769][771]LogModuleManager: Shutting down and abandoning module MergeActors (498)
[2019.02.26-21.47.31:770][771]LogModuleManager: Shutting down and abandoning module LocalizationDashboard (496)
[2019.02.26-21.47.31:772][771]LogModuleManager: Shutting down and abandoning module LocalizationService (495)
[2019.02.26-21.47.31:773][771]LogModuleManager: Shutting down and abandoning module HardwareTargeting (492)
[2019.02.26-21.47.31:773][771]LogModuleManager: Shutting down and abandoning module DeviceProfileEditor (490)
[2019.02.26-21.47.31:773][771]LogModuleManager: Shutting down and abandoning module UndoHistory (488)
[2019.02.26-21.47.31:773][771]LogModuleManager: Shutting down and abandoning module XmlParser (486)
[2019.02.26-21.47.31:773][771]LogModuleManager: Shutting down and abandoning module Blutility (484)
[2019.02.26-21.47.31:773][771]LogModuleManager: Shutting down and abandoning module ProjectSettingsViewer (482)
[2019.02.26-21.47.31:774][771]LogModuleManager: Shutting down and abandoning module ProjectTargetPlatformEditor (481)
[2019.02.26-21.47.31:774][771]LogModuleManager: Shutting down and abandoning module EditorSettingsViewer (478)
[2019.02.26-21.47.31:774][771]LogModuleManager: Shutting down and abandoning module SettingsEditor (476)
[2019.02.26-21.47.31:775][771]LogModuleManager: Shutting down and abandoning module ProjectLauncher (474)
[2019.02.26-21.47.31:776][771]LogModuleManager: Shutting down and abandoning module SessionFrontend (472)
[2019.02.26-21.47.31:777][771]LogModuleManager: Shutting down and abandoning module ProfilerClient (470)
[2019.02.26-21.47.31:777][771]LogModuleManager: Shutting down and abandoning module DeviceManager (468)
[2019.02.26-21.47.31:778][771]LogModuleManager: Shutting down and abandoning module TargetDeviceServices (467)
[2019.02.26-21.47.31:833][771]LogModuleManager: Shutting down and abandoning module AutomationController (464)
[2019.02.26-21.47.31:835][771]LogModuleManager: Shutting down and abandoning module AutomationWindow (462)
[2019.02.26-21.47.31:836][771]LogModuleManager: Shutting down and abandoning module Layers (460)
[2019.02.26-21.47.31:856][771]LogModuleManager: Shutting down and abandoning module ComponentVisualizers (458)
[2019.02.26-21.47.31:856][771]LogModuleManager: Shutting down and abandoning module DetailCustomizations (456)
[2019.02.26-21.47.31:857][771]LogModuleManager: Shutting down and abandoning module PackagesDialog (454)
[2019.02.26-21.47.31:857][771]LogModuleManager: Shutting down and abandoning module Persona (452)
[2019.02.26-21.47.31:858][771]LogModuleManager: Shutting down and abandoning module AdvancedPreviewScene (451)
[2019.02.26-21.47.31:859][771]LogModuleManager: Shutting down and abandoning module AnimGraph (449)
[2019.02.26-21.47.31:859][771]LogModuleManager: Shutting down and abandoning module Kismet (446)
[2019.02.26-21.47.31:874][771]LogModuleManager: Shutting down and abandoning module GraphEditor (444)
[2019.02.26-21.47.31:875][771]LogModuleManager: Shutting down and abandoning module ClassViewer (442)
[2019.02.26-21.47.31:875][771]LogModuleManager: Shutting down and abandoning module Toolbox (440)
[2019.02.26-21.47.31:875][771]LogModuleManager: Shutting down and abandoning module DesktopPlatform (439)
[2019.02.26-21.47.31:875][771]LogModuleManager: Shutting down and abandoning module ModuleUI (436)
[2019.02.26-21.47.31:876][771]LogModuleManager: Shutting down and abandoning module MovieSceneTools (434)
[2019.02.26-21.47.31:877][771]LogModuleManager: Shutting down and abandoning module OutputLog (432)
[2019.02.26-21.47.31:877][771]LogModuleManager: Shutting down and abandoning module GammaUI (430)
[2019.02.26-21.47.31:878][771]LogModuleManager: Shutting down and abandoning module Documentation (428)
[2019.02.26-21.47.31:878][771]LogModuleManager: Shutting down and abandoning module MovieSceneTracks (426)
[2019.02.26-21.47.31:878][771]LogModuleManager: Shutting down and abandoning module MovieScene (424)
[2019.02.26-21.47.31:878][771]LogModuleManager: Shutting down and abandoning module StreamingPauseRendering (422)
[2019.02.26-21.47.31:879][771]LogModuleManager: Shutting down and abandoning module LauncherPlatform (420)
[2019.02.26-21.47.31:879][771]LogModuleManager: Shutting down and abandoning module AnalyticsET (418)
[2019.02.26-21.47.31:879][771]LogModuleManager: Shutting down and abandoning module PortalServices (416)
[2019.02.26-21.47.31:879][771]LogModuleManager: Shutting down and abandoning module PortalRpc (414)
[2019.02.26-21.47.31:879][771]LogModuleManager: Shutting down and abandoning module MessagingRpc (412)
[2019.02.26-21.47.31:879][771]LogModuleManager: Shutting down and abandoning module AIModule (410)
[2019.02.26-21.47.31:880][771]LogModuleManager: Shutting down and abandoning module GameplayDebugger (409)
[2019.02.26-21.47.31:880][771]LogModuleManager: Shutting down and abandoning module AITestSuite (407)
[2019.02.26-21.47.31:881][771]LogModuleManager: Shutting down and abandoning module NavigationSystem (405)
[2019.02.26-21.47.31:881][771]LogModuleManager: Shutting down and abandoning module ProfilerService (402)
[2019.02.26-21.47.32:074][771]LogModuleManager: Shutting down and abandoning module TaskGraph (400)
[2019.02.26-21.47.32:075][771]LogModuleManager: Shutting down and abandoning module SteamVRController (398)
[2019.02.26-21.47.32:075][771]LogModuleManager: Shutting down and abandoning module ProceduralMeshComponentEditor (396)
[2019.02.26-21.47.32:075][771]LogModuleManager: Shutting down and abandoning module ProceduralMeshComponent (394)
[2019.02.26-21.47.32:075][771]LogModuleManager: Shutting down and abandoning module OculusInput (392)
[2019.02.26-21.47.32:075][771]LogModuleManager: Shutting down and abandoning module MobilePatchingUtils (390)
[2019.02.26-21.47.32:075][771]LogModuleManager: Shutting down and abandoning module EditableMesh (388)
[2019.02.26-21.47.32:076][771]LogModuleManager: Shutting down and abandoning module CustomMeshComponent (386)
[2019.02.26-21.47.32:076][771]LogModuleManager: Shutting down and abandoning module CableComponent (384)
[2019.02.26-21.47.32:076][771]LogModuleManager: Shutting down and abandoning module AudioCapture (382)
[2019.02.26-21.47.32:076][771]LogModuleManager: Shutting down and abandoning module ArchVisCharacter (380)
[2019.02.26-21.47.32:076][771]LogModuleManager: Shutting down and abandoning module AndroidPermission (378)
[2019.02.26-21.47.32:076][771]LogModuleManager: Shutting down and abandoning module NUTUnrealEngine4 (376)
[2019.02.26-21.47.32:076][771]LogModuleManager: Shutting down and abandoning module NetcodeUnitTest (374)
[2019.02.26-21.47.32:078][771]LogModuleManager: Shutting down and abandoning module MediaCompositingEditor (372)
[2019.02.26-21.47.32:078][771]LogModuleManager: Shutting down and abandoning module MediaCompositing (370)
[2019.02.26-21.47.32:078][771]LogModuleManager: Shutting down and abandoning module LinearTimecode (368)
[2019.02.26-21.47.32:078][771]LogModuleManager: Shutting down and abandoning module ImgMedia (366)
[2019.02.26-21.47.32:084][771]LogModuleManager: Shutting down and abandoning module HTML5Networking (364)
[2019.02.26-21.47.32:084][771]LogModuleManager: Shutting down and abandoning module GeometryCacheTracks (362)
[2019.02.26-21.47.32:084][771]LogModuleManager: Shutting down and abandoning module GeometryCacheSequencer (360)
[2019.02.26-21.47.32:084][771]LogModuleManager: Shutting down and abandoning module BackChannel (358)
[2019.02.26-21.47.32:085][771]LogModuleManager: Shutting down and abandoning module AppleVision (356)
[2019.02.26-21.47.32:085][771]LogModuleManager: Shutting down and abandoning module AppleImageUtils (354)
[2019.02.26-21.47.32:085][771]LogModuleManager: Shutting down and abandoning module AlembicImporter (352)
[2019.02.26-21.47.32:085][771]LogModuleManager: Shutting down and abandoning module AlembicLibrary (351)
[2019.02.26-21.47.32:085][771]LogModuleManager: Shutting down and abandoning module GeometryCache (350)
[2019.02.26-21.47.32:085][771]LogModuleManager: Shutting down and abandoning module GeometryCacheEd (349)
[2019.02.26-21.47.32:085][771]LogModuleManager: Shutting down and abandoning module DatasmithContentEditor (344)
[2019.02.26-21.47.32:085][771]LogModuleManager: Shutting down and abandoning module DatasmithContent (342)
[2019.02.26-21.47.32:086][771]LogModuleManager: Shutting down and abandoning module SpeedTreeImporter (340)
[2019.02.26-21.47.32:086][771]LogModuleManager: Shutting down and abandoning module PluginBrowser (338)
[2019.02.26-21.47.32:089][771]LogModuleManager: Shutting down and abandoning module MobileLauncherProfileWizard (336)
[2019.02.26-21.47.32:089][771]LogModuleManager: Shutting down and abandoning module PolygonModeling (334)
[2019.02.26-21.47.32:089][771]LogModuleManager: Shutting down and abandoning module MeshEditor (332)
[2019.02.26-21.47.32:090][771]LogModuleManager: Shutting down and abandoning module CryptoKeysOpenSSL (330)
[2019.02.26-21.47.32:090][771]LogModuleManager: Shutting down and abandoning module CryptoKeys (328)
[2019.02.26-21.47.32:090][771]LogModuleManager: Shutting down and abandoning module VisualStudioSourceCodeAccess (326)
[2019.02.26-21.47.32:090][771]LogModuleManager: Shutting down and abandoning module VisualStudioCodeSourceCodeAccess (324)
[2019.02.26-21.47.32:090][771]LogModuleManager: Shutting down and abandoning module UObjectPlugin (322)
[2019.02.26-21.47.32:090][771]LogModuleManager: Shutting down and abandoning module SubversionSourceControl (320)
[2019.02.26-21.47.32:091][771]LogModuleManager: Shutting down and abandoning module PerforceSourceControl (318)
[2019.02.26-21.47.32:093][771]LogModuleManager: Shutting down and abandoning module GitSourceControl (316)
[2019.02.26-21.47.32:093][771]LogModuleManager: Shutting down and abandoning module SourceControl (315)
[2019.02.26-21.47.32:093][771]LogModuleManager: Shutting down and abandoning module CLionSourceCodeAccess (312)
[2019.02.26-21.47.32:093][771]LogModuleManager: Shutting down and abandoning module LightPropagationVolumeEditor (310)
[2019.02.26-21.47.32:093][771]LogModuleManager: Shutting down and abandoning module PaperTiledImporter (308)
[2019.02.26-21.47.32:093][771]LogModuleManager: Shutting down and abandoning module PaperSpriteSheetImporter (306)
[2019.02.26-21.47.32:094][771]LogModuleManager: Shutting down and abandoning module Paper2DEditor (304)
[2019.02.26-21.47.32:095][771]LogModuleManager: Shutting down and abandoning module MeshPaint (303)
[2019.02.26-21.47.32:095][771]LogModuleManager: Shutting down and abandoning module RuntimePhysXCooking (298)
[2019.02.26-21.47.32:095][771]LogModuleManager: Shutting down and abandoning module PhysXVehiclesEditor (296)
[2019.02.26-21.47.32:095][771]LogModuleManager: Shutting down and abandoning module PhysXVehicles (294)
[2019.02.26-21.47.32:095][771]LogModuleManager: Shutting down and abandoning module OculusEditor (292)
[2019.02.26-21.47.32:096][771]LogModuleManager: Shutting down and abandoning module LocationServicesBPLibrary (290)
[2019.02.26-21.47.32:096][771]LogModuleManager: Shutting down and abandoning module ImmediatePhysicsEditor (288)
[2019.02.26-21.47.32:096][771]LogModuleManager: Shutting down and abandoning module ImmediatePhysics (286)
[2019.02.26-21.47.32:097][771]LogModuleManager: Shutting down and abandoning module ActorSequence (284)
[2019.02.26-21.47.32:097][771]LogModuleManager: Shutting down and abandoning module UdpMessaging (282)
[2019.02.26-21.47.32:199][771]LogModuleManager: Shutting down and abandoning module TcpMessaging (280)
[2019.02.26-21.47.32:300][771]LogModuleManager: Shutting down and abandoning module MagicLeapAudio (278)
[2019.02.26-21.47.32:300][771]LogModuleManager: Shutting down and abandoning module GameplayTagsEditor (276)
[2019.02.26-21.47.32:301][771]LogModuleManager: Shutting down and abandoning module FacialAnimationEditor (274)
[2019.02.26-21.47.32:301][771]LogModuleManager: Shutting down and abandoning module FacialAnimation (272)
[2019.02.26-21.47.32:301][771]LogModuleManager: Shutting down and abandoning module DataValidation (270)
[2019.02.26-21.47.32:301][771]LogModuleManager: Shutting down and abandoning module AssetManagerEditor (268)
[2019.02.26-21.47.32:302][771]LogModuleManager: Shutting down and abandoning module LevelEditor (267)
[2019.02.26-21.47.32:304][771]LogModuleManager: Shutting down and abandoning module PixelInspectorModule (266)
[2019.02.26-21.47.32:305][771]LogModuleManager: Shutting down and abandoning module CommonMenuExtensions (264)
[2019.02.26-21.47.32:305][771]LogModuleManager: Shutting down and abandoning module MainFrame (262)
[2019.02.26-21.47.32:305][771]LogModuleManager: Shutting down and abandoning module HotReload (261)
[2019.02.26-21.47.32:306][771]LogModuleManager: Shutting down and abandoning module ContentBrowser (257)
[2019.02.26-21.47.32:307][771]LogModuleManager: Shutting down and abandoning module TreeMap (255)
[2019.02.26-21.47.32:308][771]LogModuleManager: Shutting down and abandoning module LightPropagationVolumeRuntime (252)
[2019.02.26-21.47.32:308][771]LogModuleManager: Shutting down and abandoning module AISupportModule (250)
[2019.02.26-21.47.32:308][771]LogModuleManager: Shutting down and abandoning module Paper2D (248)
[2019.02.26-21.47.32:308][771]LogModuleManager: Shutting down and abandoning module WindowsMoviePlayer (246)
[2019.02.26-21.47.32:308][771]LogModuleManager: Shutting down and abandoning module WmfMedia (244)
[2019.02.26-21.47.32:311][771]LogModuleManager: Shutting down and abandoning module Media (243)
[2019.02.26-21.47.32:317][771]LogModuleManager: Shutting down and abandoning module PacketHandler (240)
[2019.02.26-21.47.32:317][771]LogModuleManager: Shutting down and abandoning module ClothingSystemEditor (238)
[2019.02.26-21.47.32:317][771]LogModuleManager: Shutting down and abandoning module ClothingSystemRuntime (236)
[2019.02.26-21.47.32:318][771]LogModuleManager: Shutting down and abandoning module MediaAssets (234)
[2019.02.26-21.47.32:318][771]LogModuleManager: Shutting down and abandoning module Overlay (232)
[2019.02.26-21.47.32:318][771]LogModuleManager: Shutting down and abandoning module OverlayEditor (231)
[2019.02.26-21.47.32:319][771]LogModuleManager: Shutting down and abandoning module VREditor (228)
[2019.02.26-21.47.32:319][771]LogModuleManager: Shutting down and abandoning module StringTableEditor (226)
[2019.02.26-21.47.32:320][771]LogModuleManager: Shutting down and abandoning module GameplayTasksEditor (224)
[2019.02.26-21.47.32:320][771]LogModuleManager: Shutting down and abandoning module BehaviorTreeEditor (222)
[2019.02.26-21.47.32:322][771]LogModuleManager: Shutting down and abandoning module FunctionalTesting (220)
[2019.02.26-21.47.32:323][771]LogModuleManager: Shutting down and abandoning module CollisionAnalyzer (218)
[2019.02.26-21.47.32:324][771]LogModuleManager: Shutting down and abandoning module WorkspaceMenuStructure (217)
[2019.02.26-21.47.32:324][771]LogModuleManager: Shutting down and abandoning module UMG (214)
[2019.02.26-21.47.32:325][771]LogModuleManager: Shutting down and abandoning module UMGEditor (213)
[2019.02.26-21.47.32:326][771]LogModuleManager: Shutting down and abandoning module Sequencer (212)
[2019.02.26-21.47.32:328][771]LogModuleManager: Shutting down and abandoning module MessageLog (209)
[2019.02.26-21.47.32:328][771]LogModuleManager: Shutting down and abandoning module SlateReflector (204)
[2019.02.26-21.47.32:330][771]LogModuleManager: Shutting down and abandoning module Slate (202)
[2019.02.26-21.47.32:330][771]LogModuleManager: Shutting down and abandoning module EditorStyle (200)
[2019.02.26-21.47.32:334][771]LogModuleManager: Shutting down and abandoning module MRMesh (198)
[2019.02.26-21.47.32:334][771]LogModuleManager: Shutting down and abandoning module SourceCodeAccess (196)
[2019.02.26-21.47.32:334][771]LogModuleManager: Shutting down and abandoning module HeadMountedDisplay (194)
[2019.02.26-21.47.32:334][771]LogModuleManager: Shutting down and abandoning module XAudio2 (192)
[2019.02.26-21.47.32:334][771]LogModuleManager: Shutting down and abandoning module Networking (190)
[2019.02.26-21.47.32:334][771]LogModuleManager: Shutting down and abandoning module Core (188)
[2019.02.26-21.47.32:334][771]LogModuleManager: Shutting down and abandoning module LevelSequence (186)
[2019.02.26-21.47.32:334][771]LogModuleManager: Shutting down and abandoning module KismetCompiler (184)
[2019.02.26-21.47.32:334][771]LogModuleManager: Shutting down and abandoning module MeshUtilities (182)
[2019.02.26-21.47.32:334][771]LogModuleManager: Shutting down and abandoning module MeshMergeUtilities (181)
[2019.02.26-21.47.32:335][771]LogModuleManager: Shutting down and abandoning module MeshReductionInterface (180)
[2019.02.26-21.47.32:335][771]LogModuleManager: Shutting down and abandoning module SimplygonSwarm (179)
[2019.02.26-21.47.32:336][771]LogModuleManager: Shutting down and abandoning module ProxyLODMeshReduction (177)
[2019.02.26-21.47.32:337][771]LogModuleManager: Shutting down and abandoning module SimplygonMeshReduction (175)
[2019.02.26-21.47.32:337][771]LogModuleManager: Shutting down and abandoning module QuadricMeshReduction (173)
[2019.02.26-21.47.32:337][771]LogModuleManager: Shutting down and abandoning module MaterialBaking (169)
[2019.02.26-21.47.32:338][771]LogModuleManager: Shutting down and abandoning module DirectoryWatcher (165)
[2019.02.26-21.47.32:338][771]LogModuleManager: Shutting down and abandoning module DerivedDataCache (162)
[2019.02.26-21.47.32:424][771]LogDerivedDataCache: Shutdown
[2019.02.26-21.47.32:425][771]LogModuleManager: Shutting down and abandoning module XGEController (160)
[2019.02.26-21.47.32:425][771]LogXGEController: Cleaning working directory: C:/Users/kevin/AppData/Local/Temp/UnrealXGEWorkingDir/
[2019.02.26-21.47.32:425][771]LogModuleManager: Shutting down and abandoning module TargetPlatform (158)
[2019.02.26-21.47.32:425][771]LogModuleManager: Shutting down and abandoning module VulkanShaderFormat (157)
[2019.02.26-21.47.32:426][771]LogModuleManager: Shutting down and abandoning module ShaderFormatVectorVM (155)
[2019.02.26-21.47.32:426][771]LogModuleManager: Shutting down and abandoning module ShaderFormatOpenGL (153)
[2019.02.26-21.47.32:426][771]LogModuleManager: Shutting down and abandoning module ShaderFormatD3D (151)
[2019.02.26-21.47.32:427][771]LogModuleManager: Shutting down and abandoning module MetalShaderFormat (149)
[2019.02.26-21.47.32:427][771]LogModuleManager: Shutting down and abandoning module TextureFormatUncompressed (147)
[2019.02.26-21.47.32:428][771]LogModuleManager: Shutting down and abandoning module TextureFormatPVR (145)
[2019.02.26-21.47.32:428][771]LogModuleManager: Shutting down and abandoning module TextureFormatDXT (143)
[2019.02.26-21.47.32:428][771]LogModuleManager: Shutting down and abandoning module TextureFormatIntelISPCTexComp (141)
[2019.02.26-21.47.32:428][771]LogModuleManager: Shutting down and abandoning module TextureFormatASTC (139)
[2019.02.26-21.47.32:428][771]LogModuleManager: Shutting down and abandoning module ImageWrapper (138)
[2019.02.26-21.47.32:428][771]LogModuleManager: Shutting down and abandoning module TextureFormatAndroid (135)
[2019.02.26-21.47.32:428][771]LogModuleManager: Shutting down and abandoning module AudioFormatOpus (133)
[2019.02.26-21.47.32:428][771]LogModuleManager: Shutting down and abandoning module AudioFormatOgg (131)
[2019.02.26-21.47.32:428][771]LogModuleManager: Shutting down and abandoning module AudioFormatADPCM (129)
[2019.02.26-21.47.32:428][771]LogModuleManager: Shutting down and abandoning module LuminTargetPlatform (127)
[2019.02.26-21.47.32:428][771]LogModuleManager: Shutting down and abandoning module LinuxTargetPlatform (125)
[2019.02.26-21.47.32:428][771]LogModuleManager: Shutting down and abandoning module LinuxServerTargetPlatform (123)
[2019.02.26-21.47.32:429][771]LogModuleManager: Shutting down and abandoning module LinuxNoEditorTargetPlatform (121)
[2019.02.26-21.47.32:429][771]LogModuleManager: Shutting down and abandoning module LinuxClientTargetPlatform (119)
[2019.02.26-21.47.32:429][771]LogModuleManager: Shutting down and abandoning module TVOSTargetPlatform (117)
[2019.02.26-21.47.32:431][771]LogModuleManager: Shutting down and abandoning module Messaging (115)
[2019.02.26-21.47.32:431][771]LogModuleManager: Shutting down and abandoning module IOSTargetPlatform (113)
[2019.02.26-21.47.32:433][771]LogModuleManager: Shutting down and abandoning module HTML5TargetPlatform (111)
[2019.02.26-21.47.32:433][771]LogModuleManager: Shutting down and abandoning module AndroidTargetPlatform (109)
[2019.02.26-21.47.32:451][771]LogModuleManager: Shutting down and abandoning module WindowsTargetPlatform (107)
[2019.02.26-21.47.32:451][771]LogModuleManager: Shutting down and abandoning module WindowsServerTargetPlatform (105)
[2019.02.26-21.47.32:451][771]LogModuleManager: Shutting down and abandoning module WindowsNoEditorTargetPlatform (103)
[2019.02.26-21.47.32:451][771]LogModuleManager: Shutting down and abandoning module WindowsClientTargetPlatform (101)
[2019.02.26-21.47.32:451][771]LogModuleManager: Shutting down and abandoning module MacTargetPlatform (99)
[2019.02.26-21.47.32:451][771]LogModuleManager: Shutting down and abandoning module MacServerTargetPlatform (97)
[2019.02.26-21.47.32:451][771]LogModuleManager: Shutting down and abandoning module MacNoEditorTargetPlatform (95)
[2019.02.26-21.47.32:451][771]LogModuleManager: Shutting down and abandoning module MacClientTargetPlatform (93)
[2019.02.26-21.47.32:451][771]LogModuleManager: Shutting down and abandoning module AllDesktopTargetPlatform (91)
[2019.02.26-21.47.32:451][771]LogModuleManager: Shutting down and abandoning module InputCore (88)
[2019.02.26-21.47.32:451][771]LogModuleManager: Shutting down and abandoning module Settings (86)
[2019.02.26-21.47.32:451][771]LogModuleManager: Shutting down and abandoning module PhysXCooking (84)
[2019.02.26-21.47.32:451][771]LogModuleManager: Shutting down and abandoning module SteamVR (82)
[2019.02.26-21.47.32:451][771]LogModuleManager: Shutting down and abandoning module OculusHMD (80)
[2019.02.26-21.47.32:452][771]LogModuleManager: Shutting down and abandoning module ExampleDeviceProfileSelector (78)
[2019.02.26-21.47.32:452][771]LogModuleManager: Shutting down and abandoning module LauncherChunkInstaller (76)
[2019.02.26-21.47.32:452][771]LogModuleManager: Shutting down and abandoning module OnlineBlueprintSupport (74)
[2019.02.26-21.47.32:452][771]LogModuleManager: Shutting down and abandoning module OnlineSubsystem (70)
[2019.02.26-21.47.32:456][771]LogModuleManager: Shutting down and abandoning module XMPP (65)
[2019.02.26-21.47.32:458][771]LogModuleManager: Shutting down and abandoning module WebSockets (64)
[2019.02.26-21.47.32:496][771]LogModuleManager: Shutting down and abandoning module HTTP (61)
[2019.02.26-21.47.32:496][771]LogHttp: Display: Http module shutting down, but needs to wait on 1 outstanding Http requests:
[2019.02.26-21.47.32:496][771]LogHttp: Display: 	verb=[POST] url=[https://datarouter.ol.epicgames.com/datarouter/api/v1/public/data?SessionID=%7BDEEFCD3B-48A2-19D4-3EC2-6F9BD66AE805%7D&AppID=UEEditor.Rocket.Release&AppVersion=4.20.3-4369336%2B%2B%2BUE4%2BRelease-4.20&UserID=74385d0c44d561e504a41196c0c04f7c%7C376366b50c2344869c8cfe76ddc4be9a%7Ce6faaaae-1f66-40db-a240-95dcda6edba3&AppEnvironment=datacollector-binary&UploadType=eteventstream] status=Processing
[2019.02.26-21.47.32:507][771]LogModuleManager: Shutting down and abandoning module SSL (60)
[2019.02.26-21.47.32:509][771]LogModuleManager: Shutting down and abandoning module MagicLeapEmulator (56)
[2019.02.26-21.47.32:509][771]LogModuleManager: Shutting down and abandoning module MagicLeapPrivileges (54)
[2019.02.26-21.47.32:509][771]LogModuleManager: Shutting down and abandoning module MagicLeapIdentity (52)
[2019.02.26-21.47.32:509][771]LogModuleManager: Shutting down and abandoning module MagicLeapHelperVulkan (50)
[2019.02.26-21.47.32:509][771]LogModuleManager: Shutting down and abandoning module MagicLeapHelperOpenGL (48)
[2019.02.26-21.47.32:509][771]LogModuleManager: Shutting down and abandoning module MagicLeapSecureStorage (46)
[2019.02.26-21.47.32:509][771]LogModuleManager: Shutting down and abandoning module MagicLeapGestures (44)
[2019.02.26-21.47.32:509][771]LogModuleManager: Shutting down and abandoning module MagicLeapEyeTracker (42)
[2019.02.26-21.47.32:509][771]LogModuleManager: Shutting down and abandoning module MagicLeapController (40)
[2019.02.26-21.47.32:509][771]LogSlate: Slate User Destroyed.  User Index 0, Is Virtual User: 0
[2019.02.26-21.47.32:509][771]LogModuleManager: Shutting down and abandoning module MagicLeap (38)
[2019.02.26-21.47.32:509][771]LogModuleManager: Shutting down and abandoning module AnimationModifiers (36)
[2019.02.26-21.47.32:510][771]LogModuleManager: Shutting down and abandoning module PropertyEditor (35)
[2019.02.26-21.47.32:510][771]LogModuleManager: Shutting down and abandoning module AudioEditor (32)
[2019.02.26-21.47.32:511][771]LogModuleManager: Shutting down and abandoning module TextureCompressor (30)
[2019.02.26-21.47.32:511][771]LogModuleManager: Shutting down and abandoning module ShaderCore (28)
[2019.02.26-21.47.32:511][771]LogModuleManager: Shutting down and abandoning module Landscape (26)
[2019.02.26-21.47.32:511][771]LogModuleManager: Shutting down and abandoning module SlateRHIRenderer (24)
[2019.02.26-21.47.32:512][771]LogModuleManager: Shutting down and abandoning module OpenGLDrv (22)
[2019.02.26-21.47.32:512][771]LogModuleManager: Shutting down and abandoning module D3D11RHI (20)
[2019.02.26-21.47.32:512][771]LogModuleManager: Shutting down and abandoning module AnimGraphRuntime (18)
[2019.02.26-21.47.32:514][771]LogModuleManager: Shutting down and abandoning module Renderer (16)
[2019.02.26-21.47.32:514][771]LogModuleManager: Shutting down and abandoning module Engine (14)
[2019.02.26-21.47.32:514][771]LogModuleManager: Shutting down and abandoning module CoreUObject (12)
[2019.02.26-21.47.32:514][771]LogModuleManager: Shutting down and abandoning module NetworkFile (10)
[2019.02.26-21.47.32:514][771]LogModuleManager: Shutting down and abandoning module CookedIterativeFile (8)
[2019.02.26-21.47.32:514][771]LogModuleManager: Shutting down and abandoning module StreamingFile (6)
[2019.02.26-21.47.32:514][771]LogModuleManager: Shutting down and abandoning module SandboxFile (4)
[2019.02.26-21.47.32:514][771]LogModuleManager: Shutting down and abandoning module PakFile (2)
[2019.02.26-21.47.32:525][771]LogExit: Exiting.
[2019.02.26-21.47.32:536][771]Log file closed, 02/26/19 21:47:32
