Log file open, 10/17/18 15:21:34
LogWindows: Failed to load 'aqProf.dll' (GetLastError=126)
LogWindows: File 'aqProf.dll' does not exist
LogWindows: Failed to load 'VtuneApi.dll' (GetLastError=126)
LogWindows: File 'VtuneApi.dll' does not exist
LogWindows: Failed to load 'VtuneApi32e.dll' (GetLastError=126)
LogWindows: File 'VtuneApi32e.dll' does not exist
LogInit: Display: Running engine for game: ProcGenCity
LogPlatformFile: Not using cached read wrapper
LogTaskGraph: Started task graph with 5 named threads and 23 total threads with 3 sets of task threads.
LogStats: Stats thread started at 0.291665
LogD3D11RHI: Loaded GFSDK_Aftermath_Lib.x64.dll
LogICUInternationalization: Display: ICU TimeZone Detection - Raw Offset: +0:00, Platform Override: ''
LogPluginManager: Mounting plugin Paper2D
LogPluginManager: Mounting plugin AISupport
LogPluginManager: Mounting plugin LightPropagationVolume
LogPluginManager: Mounting plugin CLionSourceCodeAccess
LogPluginManager: Mounting plugin CodeLiteSourceCodeAccess
LogPluginManager: Mounting plugin GitSourceControl
LogPluginManager: Mounting plugin KDevelopSourceCodeAccess
LogPluginManager: Mounting plugin NullSourceCodeAccess
LogPluginManager: Mounting plugin PerforceSourceControl
LogPluginManager: Mounting plugin SubversionSourceControl
LogPluginManager: Mounting plugin UObjectPlugin
LogPluginManager: Mounting plugin VisualStudioCodeSourceCodeAccess
LogPluginManager: Mounting plugin VisualStudioSourceCodeAccess
LogPluginManager: Mounting plugin XCodeSourceCodeAccess
LogPluginManager: Mounting plugin AssetManagerEditor
LogPluginManager: Mounting plugin CryptoKeys
LogPluginManager: Mounting plugin DataValidation
LogPluginManager: Mounting plugin FacialAnimation
LogPluginManager: Mounting plugin GameplayTagsEditor
LogPluginManager: Mounting plugin MacGraphicsSwitching
LogPluginManager: Mounting plugin MeshEditor
LogPluginManager: Mounting plugin MobileLauncherProfileWizard
LogPluginManager: Mounting plugin PluginBrowser
LogPluginManager: Mounting plugin SpeedTreeImporter
LogPluginManager: Mounting plugin DatasmithContent
LogPluginManager: Mounting plugin AlembicImporter
LogPluginManager: Mounting plugin AppleImageUtils
LogPluginManager: Mounting plugin AppleVision
LogPluginManager: Mounting plugin BackChannel
LogPluginManager: Mounting plugin CharacterAI
LogPluginManager: Mounting plugin GeometryCache
LogPluginManager: Mounting plugin HTML5Networking
LogPluginManager: Mounting plugin ProxyLODPlugin
LogPluginManager: Mounting plugin MagicLeap
LogPluginManager: Mounting plugin MagicLeapEmulator
LogPluginManager: Mounting plugin MagicLeapMedia
LogPluginManager: Mounting plugin AndroidMedia
LogPluginManager: Mounting plugin AvfMedia
LogPluginManager: Mounting plugin ImgMedia
LogPluginManager: Mounting plugin LinearTimecode
LogPluginManager: Mounting plugin MediaCompositing
LogPluginManager: Mounting plugin MediaPlayerEditor
LogPluginManager: Mounting plugin WmfMedia
LogPluginManager: Mounting plugin TcpMessaging
LogPluginManager: Mounting plugin UdpMessaging
LogPluginManager: Mounting plugin ActorSequence
LogPluginManager: Mounting plugin LevelSequenceEditor
LogPluginManager: Mounting plugin MatineeToLevelSequence
LogPluginManager: Mounting plugin NetcodeUnitTest
LogPluginManager: Mounting plugin NUTUnrealEngine4
LogPluginManager: Mounting plugin OnlineSubsystemGooglePlay
LogPluginManager: Mounting plugin OnlineSubsystemIOS
LogPluginManager: Mounting plugin OnlineSubsystem
LogPluginManager: Mounting plugin OnlineSubsystemNull
LogPluginManager: Mounting plugin OnlineSubsystemUtils
LogPluginManager: Mounting plugin LauncherChunkInstaller
LogPluginManager: Mounting plugin AndroidDeviceProfileSelector
LogPluginManager: Mounting plugin AndroidMoviePlayer
LogPluginManager: Mounting plugin AndroidPermission
LogPluginManager: Mounting plugin AppleMoviePlayer
LogPluginManager: Mounting plugin ArchVisCharacter
LogPluginManager: Mounting plugin AudioCapture
LogPluginManager: Mounting plugin CableComponent
LogPluginManager: Mounting plugin CustomMeshComponent
LogPluginManager: Mounting plugin EditableMesh
LogPluginManager: Mounting plugin ExampleDeviceProfileSelector
LogPluginManager: Mounting plugin GoogleCloudMessaging
LogPluginManager: Mounting plugin ImmediatePhysics
LogPluginManager: Mounting plugin IOSDeviceProfileSelector
LogPluginManager: Mounting plugin LinuxDeviceProfileSelector
LogPluginManager: Mounting plugin LocationServicesBPLibrary
LogPluginManager: Mounting plugin MobilePatchingUtils
LogPluginManager: Mounting plugin OculusVR
LogPluginManager: Plugin shader directory ../../../Engine/Plugins/Runtime/Oculus/OculusVR/Shaders found
LogPluginManager: Mapping shader source directory ../../../Engine/Plugins/Runtime/Oculus/OculusVR/Shaders to virtual directory /Plugin/OculusVR
LogPluginManager: Mounting plugin PhysXVehicles
LogPluginManager: Mounting plugin ProceduralMeshComponent
LogPluginManager: Mounting plugin RuntimePhysXCooking
LogPluginManager: Mounting plugin SteamVR
LogPluginManager: Mounting plugin WindowsMoviePlayer
LogStreaming: Display: Took  0.092s to configure plugins.
LogInit: Using libcurl 7.55.1-DEV
LogInit:  - built for x86_64-pc-win32
LogInit:  - supports SSL with OpenSSL/1.0.2h
LogInit:  - supports HTTP deflate (compression) using libz 1.2.8
LogInit:  - other features:
LogInit:      CURL_VERSION_SSL
LogInit:      CURL_VERSION_LIBZ
LogInit:      CURL_VERSION_IPV6
LogInit:      CURL_VERSION_ASYNCHDNS
LogInit:      CURL_VERSION_LARGEFILE
LogInit:      CURL_VERSION_IDN
LogInit:  CurlRequestOptions (configurable via config and command line):
LogInit:  - bVerifyPeer = false  - Libcurl will NOT verify peer certificate
LogInit:  - bUseHttpProxy = false  - Libcurl will NOT use HTTP proxy
LogInit:  - bDontReuseConnections = false  - Libcurl will reuse connections
LogInit:  - CertBundlePath = nullptr  - Libcurl will use whatever was configured at build time.
LogInit:  - MaxHostConnections = 16  - Libcurl will limit the number of connections to a host
LogInit:  - LocalHostAddr = Default
LogInit:  - BufferSize = 65536
LogInit: WinSock: version 1.1 (2.2), MaxSocks=32767, MaxUdp=65467
LogInit: Build: ++UE4+Release-4.20-CL-4369336
LogInit: Engine Version: 4.20.3-4369336+++UE4+Release-4.20
LogInit: Compatible Engine Version: 4.20.0-4212847+++UE4+Release-4.20
LogInit: Net CL: 4212847
LogInit: OS: Windows 10 (), CPU: Intel(R) Core(TM) i7-4770K CPU @ 3.50GHz, GPU: NVIDIA GeForce GTX 1060 6GB
LogInit: Compiled (64-bit): Sep 17 2018 12:26:19
LogInit: Compiled with Visual C++: 19.13.26129.00
LogInit: Build Configuration: Development
LogInit: Branch Name: ++UE4+Release-4.20
LogInit: Command Line:  
LogInit: Base Directory: C:/Program Files/Epic Games/UE_4.20/Engine/Binaries/Win64/
LogInit: Installed Engine Build: 1
LogDevObjectVersion: Number of dev versions registered: 20
LogDevObjectVersion:   Dev-Blueprints (B0D832E4-1F89-4F0D-ACCF-7EB736FD4AA2): 10
LogDevObjectVersion:   Dev-Build (E1C64328-A22C-4D53-A36C-8E866417BD8C): 0
LogDevObjectVersion:   Dev-Core (375EC13C-06E4-48FB-B500-84F0262A717E): 2
LogDevObjectVersion:   Dev-Editor (E4B068ED-F494-42E9-A231-DA0B2E46BB41): 24
LogDevObjectVersion:   Dev-Framework (CFFC743F-43B0-4480-9391-14DF171D2073): 34
LogDevObjectVersion:   Dev-Mobile (B02B49B5-BB20-44E9-A304-32B752E40360): 2
LogDevObjectVersion:   Dev-Networking (A4E4105C-59A1-49B5-A7C5-40C4547EDFEE): 0
LogDevObjectVersion:   Dev-Online (39C831C9-5AE6-47DC-9A44-9C173E1C8E7C): 0
LogDevObjectVersion:   Dev-Physics (78F01B33-EBEA-4F98-B9B4-84EACCB95AA2): 0
LogDevObjectVersion:   Dev-Platform (6631380F-2D4D-43E0-8009-CF276956A95A): 0
LogDevObjectVersion:   Dev-Rendering (12F88B9F-8875-4AFC-A67C-D90C383ABD29): 26
LogDevObjectVersion:   Dev-Sequencer (7B5AE74C-D270-4C10-A958-57980B212A5A): 9
LogDevObjectVersion:   Dev-VR (D7296918-1DD6-4BDD-9DE2-64A83CC13884): 2
LogDevObjectVersion:   Dev-LoadTimes (C2A15278-BFE7-4AFE-6C17-90FF531DF755): 1
LogDevObjectVersion:   Private-Geometry (6EACA3D4-40EC-4CC1-B786-8BED09428FC5): 3
LogDevObjectVersion:   Dev-AnimPhys (29E575DD-E0A3-4627-9D10-D276232CDCEA): 17
LogDevObjectVersion:   Dev-ReflectionCapture (6B266CEC-1EC7-4B8F-A30B-E4D90942FC07): 1
LogDevObjectVersion:   Dev-Automation (0DF73D61-A23F-47EA-B727-89E90C41499A): 1
LogDevObjectVersion:   FortniteMain (601D1886-AC64-4F84-AA16-D3DE0DEAC7D6): 12
LogDevObjectVersion:   Dev-Enterprise (9DFFBCD6-494F-0158-E221-12823C92A888): 1
LogStreaming: Display: Took  0.002s to delete old logs.
LogInit: Presizing for max 8388607 objects, including 0 objects not considered by GC, pre-allocating 0 bytes for permanent pool.
LogInit: Object subsystem initialized
[2018.10.17-14.21.35:229][  0]LogInit: Selected Device Profile: [Windows]
[2018.10.17-14.21.35:229][  0]LogInit: Applying CVar settings loaded from the selected device profile: [Windows]
[2018.10.17-14.21.35:269][  0]LogHAL: Display: Platform has ~ 16 GB [17062375424 / 17179869184 / 16], which maps to Larger [LargestMinGB=32, LargerMinGB=12, DefaultMinGB=8, SmallerMinGB=6, SmallestMinGB=0)
[2018.10.17-14.21.35:270][  0]LogInit: Setting Device Profile CVar: [[r.Vulkan.UseRealUBs:1]]
[2018.10.17-14.21.35:270][  0]LogInit: Going up to parent DeviceProfile []
[2018.10.17-14.21.35:270][  0]LogInit: Computer: KEVIN
[2018.10.17-14.21.35:270][  0]LogInit: User: Grizz
[2018.10.17-14.21.35:270][  0]LogInit: CPU Page size=4096, Cores=4
[2018.10.17-14.21.35:270][  0]LogInit: High frequency timer resolution =3.410073 MHz
[2018.10.17-14.21.35:270][  0]LogMemory: Memory total: Physical=15.9GB (16GB approx)
[2018.10.17-14.21.35:270][  0]LogMemory: Platform Memory Stats for Windows
[2018.10.17-14.21.35:270][  0]LogMemory: Process Physical Memory: 99.95 MB used, 99.95 MB peak
[2018.10.17-14.21.35:270][  0]LogMemory: Process Virtual Memory: 91.07 MB used, 91.07 MB peak
[2018.10.17-14.21.35:270][  0]LogMemory: Physical Memory: 8374.67 MB used,  7897.28 MB free, 16271.95 MB total
[2018.10.17-14.21.35:270][  0]LogMemory: Virtual Memory: 4640.32 MB used,  7897.28 MB free, 134217728.00 MB total
[2018.10.17-14.21.35:295][  0]LogInit: Using OS detected language (en-GB).
[2018.10.17-14.21.35:295][  0]LogInit: Using OS detected locale (en-GB).
[2018.10.17-14.21.35:296][  0]LogTextLocalizationManager: No specific localization for 'en-GB' exists, so the 'en' localization will be used.
[2018.10.17-14.21.35:775][  0]LogStreaming: Display: Took  0.480s to InitEngineTextLocalization.
[2018.10.17-14.21.35:775][  0]LogInit: Setting process to per monitor DPI aware
[2018.10.17-14.21.36:083][  0]LogSlate: New Slate User Created.  User Index 0, Is Virtual User: 0
[2018.10.17-14.21.36:084][  0]LogSlate: Slate User Registered.  User Index 0, Is Virtual User: 0
[2018.10.17-14.21.41:266][  0]LogHMD: Failed to initialize OpenVR with code 105
[2018.10.17-14.21.41:266][  0]LogD3D11RHI: D3D11 adapters:
[2018.10.17-14.21.41:323][  0]LogD3D11RHI:    0. 'NVIDIA GeForce GTX 1060 6GB' (Feature Level 11_0)
[2018.10.17-14.21.41:323][  0]LogD3D11RHI:       6052/0/8135 MB DedicatedVideo/DedicatedSystem/SharedSystem, Outputs:2, VendorId:0x10de
[2018.10.17-14.21.41:329][  0]LogD3D11RHI:    1. 'Intel(R) HD Graphics 4600' (Feature Level 11_0)
[2018.10.17-14.21.41:329][  0]LogD3D11RHI:       112/0/2048 MB DedicatedVideo/DedicatedSystem/SharedSystem, Outputs:0, VendorId:0x8086
[2018.10.17-14.21.41:330][  0]LogD3D11RHI:    2. 'Microsoft Basic Render Driver' (Feature Level 11_0)
[2018.10.17-14.21.41:330][  0]LogD3D11RHI:       0/0/8135 MB DedicatedVideo/DedicatedSystem/SharedSystem, Outputs:0, VendorId:0x1414
[2018.10.17-14.21.41:330][  0]LogD3D11RHI: Chosen D3D11 Adapter: 0
[2018.10.17-14.21.41:343][  0]LogD3D11RHI: Creating new Direct3DDevice
[2018.10.17-14.21.41:343][  0]LogD3D11RHI:     GPU DeviceId: 0x1c03 (for the marketing name, search the web for "GPU Device Id")
[2018.10.17-14.21.41:343][  0]LogWindows: EnumDisplayDevices:
[2018.10.17-14.21.41:343][  0]LogWindows:    0. 'NVIDIA GeForce GTX 1060 6GB' (P:1 D:1)
[2018.10.17-14.21.41:344][  0]LogWindows:    1. 'NVIDIA GeForce GTX 1060 6GB' (P:0 D:1)
[2018.10.17-14.21.41:344][  0]LogWindows:    2. 'NVIDIA GeForce GTX 1060 6GB' (P:0 D:0)
[2018.10.17-14.21.41:344][  0]LogWindows:    3. 'NVIDIA GeForce GTX 1060 6GB' (P:0 D:0)
[2018.10.17-14.21.41:344][  0]LogWindows:    4. 'Intel(R) HD Graphics 4600' (P:0 D:0)
[2018.10.17-14.21.41:344][  0]LogWindows:    5. 'Intel(R) HD Graphics 4600' (P:0 D:0)
[2018.10.17-14.21.41:344][  0]LogWindows:    6. 'Intel(R) HD Graphics 4600' (P:0 D:0)
[2018.10.17-14.21.41:344][  0]LogWindows: DebugString: PrimaryIsNotTheChoosenAdapter PrimaryIsNotTheChoosenAdapter PrimaryIsNotTheChoosenAdapter FoundDriverCount:4 
[2018.10.17-14.21.41:344][  0]LogD3D11RHI:     Adapter Name: NVIDIA GeForce GTX 1060 6GB
[2018.10.17-14.21.41:344][  0]LogD3D11RHI:   Driver Version: 416.16 (internal:25.21.14.1616, unified:416.16)
[2018.10.17-14.21.41:345][  0]LogD3D11RHI:      Driver Date: 10-2-2018
[2018.10.17-14.21.41:345][  0]LogRHI: Texture pool is 4236 MB (70% of 6052 MB)
[2018.10.17-14.21.41:385][  0]LogD3D11RHI: Async texture creation enabled
[2018.10.17-14.21.41:417][  0]LogD3D11RHI: GPU Timing Frequency: 1000.000000 (Debug: 2 2)
[2018.10.17-14.21.41:513][  0]LogShaderCompilers: Guid format shader working directory is -29 characters bigger than the processId version (../../../../../../Users/Grizz/Documents/GitHub/Honours-Project/ProcGenCity/Intermediate/Shaders/WorkingDirectory/85864/).
[2018.10.17-14.21.41:514][  0]LogShaderCompilers: Cleaned the shader compiler working directory 'C:/Users/Grizz/AppData/Local/Temp/UnrealShaderWorkingDir/34D210BD494FF6D9C0B5E9B52280B7FF/'.
[2018.10.17-14.21.41:862][  0]LogTemp: Display: Loaded TP AllDesktopTargetPlatform
[2018.10.17-14.21.41:875][  0]LogTemp: Display: Loaded TP MacClientTargetPlatform
[2018.10.17-14.21.41:889][  0]LogTemp: Display: Loaded TP MacNoEditorTargetPlatform
[2018.10.17-14.21.41:903][  0]LogTemp: Display: Loaded TP MacServerTargetPlatform
[2018.10.17-14.21.41:938][  0]LogTemp: Display: Loaded TP MacTargetPlatform
[2018.10.17-14.21.41:953][  0]LogTemp: Display: Loaded TP WindowsClientTargetPlatform
[2018.10.17-14.21.41:967][  0]LogTemp: Display: Loaded TP WindowsNoEditorTargetPlatform
[2018.10.17-14.21.41:980][  0]LogTemp: Display: Loaded TP WindowsServerTargetPlatform
[2018.10.17-14.21.41:987][  0]LogTemp: Display: Loaded TP WindowsTargetPlatform
[2018.10.17-14.21.42:088][  0]LogTemp: Display: Loaded TP AndroidTargetPlatform
[2018.10.17-14.21.42:088][  0]LogTemp: Display: Loaded TP AndroidTargetPlatform
[2018.10.17-14.21.42:088][  0]LogTemp: Display: Loaded TP AndroidTargetPlatform
[2018.10.17-14.21.42:088][  0]LogTemp: Display: Loaded TP AndroidTargetPlatform
[2018.10.17-14.21.42:088][  0]LogTemp: Display: Loaded TP AndroidTargetPlatform
[2018.10.17-14.21.42:088][  0]LogTemp: Display: Loaded TP AndroidTargetPlatform
[2018.10.17-14.21.42:088][  0]LogTemp: Display: Loaded TP AndroidTargetPlatform
[2018.10.17-14.21.42:088][  0]LogTemp: Display: Loaded TP AndroidTargetPlatform
[2018.10.17-14.21.42:088][  0]LogTemp: Display: Loaded TP AndroidTargetPlatform
[2018.10.17-14.21.42:088][  0]LogTemp: Display: Loaded TP AndroidTargetPlatform
[2018.10.17-14.21.42:088][  0]LogTemp: Display: Loaded TP AndroidTargetPlatform
[2018.10.17-14.21.42:088][  0]LogTemp: Display: Loaded TP AndroidTargetPlatform
[2018.10.17-14.21.42:088][  0]LogTemp: Display: Loaded TP AndroidTargetPlatform
[2018.10.17-14.21.42:088][  0]LogTemp: Display: Loaded TP AndroidTargetPlatform
[2018.10.17-14.21.42:088][  0]LogTemp: Display: Loaded TP AndroidTargetPlatform
[2018.10.17-14.21.42:088][  0]LogTemp: Display: Loaded TP AndroidTargetPlatform
[2018.10.17-14.21.42:088][  0]LogTemp: Display: Loaded TP AndroidTargetPlatform
[2018.10.17-14.21.42:088][  0]LogTemp: Display: Loaded TP AndroidTargetPlatform
[2018.10.17-14.21.42:090][  0]LogTemp: Display: Loaded TP HTML5TargetPlatform
[2018.10.17-14.21.42:183][  0]LogTemp: Display: Loaded TP IOSTargetPlatform
[2018.10.17-14.21.42:183][  0]LogTemp: Display: Loaded TP IOSTargetPlatform
[2018.10.17-14.21.42:217][  0]LogTemp: Display: Loaded TP TVOSTargetPlatform
[2018.10.17-14.21.42:217][  0]LogTemp: Display: Loaded TP TVOSTargetPlatform
[2018.10.17-14.21.42:236][  0]LogTemp: Display: Loaded TP LinuxClientTargetPlatform
[2018.10.17-14.21.42:253][  0]LogTemp: Display: Loaded TP LinuxNoEditorTargetPlatform
[2018.10.17-14.21.42:266][  0]LogTemp: Display: Loaded TP LinuxServerTargetPlatform
[2018.10.17-14.21.42:301][  0]LogTemp: Display: Loaded TP LinuxTargetPlatform
[2018.10.17-14.21.42:311][  0]LogTemp: Display: Loaded TP LuminTargetPlatform
[2018.10.17-14.21.42:311][  0]LogTargetPlatformManager: Display: Building Assets For Windows
[2018.10.17-14.21.42:366][  0]LogXGEController: Cleaning working directory: C:/Users/Grizz/AppData/Local/Temp/UnrealXGEWorkingDir/
[2018.10.17-14.21.42:366][  0]LogXGEController: Cannot use XGE Controller as Incredibuild is not installed on this machine.
[2018.10.17-14.21.42:366][  0]LogShaderCompilers: Cannot use XGE Shader Compiler as Incredibuild is not installed on this machine.
[2018.10.17-14.21.42:366][  0]LogShaderCompilers: Display: Using Local Shader Compiler.
[2018.10.17-14.21.48:974][  0]LogDerivedDataCache: Display: Max Cache Size: 512 MB
[2018.10.17-14.21.49:312][  0]LogDerivedDataCache: Loaded boot cache 0.34s 71MB C:/Users/Grizz/AppData/Local/UnrealEngine/4.20/DerivedDataCache/Boot.ddc.
[2018.10.17-14.21.49:313][  0]LogDerivedDataCache: Display: Loaded Boot cache: C:/Users/Grizz/AppData/Local/UnrealEngine/4.20/DerivedDataCache/Boot.ddc
[2018.10.17-14.21.49:313][  0]LogDerivedDataCache: FDerivedDataBackendGraph:  Pak pak cache file ../../../../../../Users/Grizz/Documents/GitHub/Honours-Project/ProcGenCity/DerivedDataCache/DDC.ddp not found, will not use a pak cache.
[2018.10.17-14.21.49:313][  0]LogDerivedDataCache: Unable to find inner node Pak for hierarchical cache Hierarchy.
[2018.10.17-14.21.49:313][  0]LogDerivedDataCache: FDerivedDataBackendGraph:  CompressedPak pak cache file ../../../../../../Users/Grizz/Documents/GitHub/Honours-Project/ProcGenCity/DerivedDataCache/Compressed.ddp not found, will not use a pak cache.
[2018.10.17-14.21.49:313][  0]LogDerivedDataCache: Unable to find inner node CompressedPak for hierarchical cache Hierarchy.
[2018.10.17-14.21.49:337][  0]LogDerivedDataCache: Display: Pak cache opened for reading ../../../Engine/DerivedDataCache/Compressed.ddp.
[2018.10.17-14.21.49:349][  0]LogDerivedDataCache: Using Local data cache path C:/Users/Grizz/AppData/Local/UnrealEngine/Common/DerivedDataCache: Writable
[2018.10.17-14.21.49:349][  0]LogDerivedDataCache: Shared data cache path not found in *engine.ini, will not use an Shared cache.
[2018.10.17-14.21.49:349][  0]LogDerivedDataCache: Unable to find inner node Shared for hierarchical cache Hierarchy.
[2018.10.17-14.21.49:366][  0]LogMaterial: Verifying Global Shaders for PCD3D_SM5
[2018.10.17-14.21.49:368][  0]LogSlate: Using FreeType 2.6.0
[2018.10.17-14.21.49:368][  0]LogSlate: SlateFontServices - WITH_FREETYPE: 1, WITH_HARFBUZZ: 1
[2018.10.17-14.21.49:439][  0]LogAssetRegistry: FAssetRegistry took 0.0261 seconds to start up
[2018.10.17-14.21.49:752][  0]LogInit: Selected Device Profile: [Windows]
[2018.10.17-14.21.49:895][  0]LogSimplygon: Simplygon DLL not present - disabling.
[2018.10.17-14.21.49:898][  0]LogMeshReduction: Using SimplygonSwarm for distributed automatic mesh merging
[2018.10.17-14.21.49:898][  0]LogMeshReduction: Using ProxyLODMeshReduction for automatic mesh merging
[2018.10.17-14.21.49:898][  0]LogMeshReduction: Using QuadricMeshReduction for automatic static mesh reduction
[2018.10.17-14.21.49:898][  0]LogMeshReduction: No automatic skeletal mesh reduction module available
[2018.10.17-14.21.49:922][  0]LogNetVersion: ProcGenCity 1.0.0, NetCL: 4212847, EngineNetVer: 5, GameNetVer: 0 (Checksum: 2895139612)
[2018.10.17-14.21.50:464][  0]LogPackageLocalizationCache: Processed 11 localized package path(s) for 2 prioritized culture(s) in 0.126245 seconds
[2018.10.17-14.21.50:470][  0]LogUObjectArray: 38425 objects as part of root set at end of initial load.
[2018.10.17-14.21.50:470][  0]LogUObjectAllocator: 6690872 out of 0 bytes used by permanent object pool.
[2018.10.17-14.21.50:470][  0]LogUObjectArray: CloseDisregardForGC: 0/0 objects in disregard for GC pool
[2018.10.17-14.22.14:934][  0]LogTcpMessaging: Initializing TcpMessaging bridge
[2018.10.17-14.22.14:946][  0]LogUdpMessaging: Initializing bridge on interface 0.0.0.0:0 to multicast group 230.0.0.1:6666.
[2018.10.17-14.22.15:468][  0]SourceControl: Source control is disabled
[2018.10.17-14.22.15:468][  0]SourceControl: Source control is disabled
[2018.10.17-14.22.15:469][  0]SourceControl: Source control is disabled
[2018.10.17-14.22.15:470][  0]SourceControl: Source control is disabled
[2018.10.17-14.22.15:794][  0]LogAndroidPermission: UAndroidPermissionCallbackProxy::GetInstance
[2018.10.17-14.22.15:953][  0]LogOcInput: OculusInput pre-init called
[2018.10.17-14.22.16:036][  0]LogEngine: Initializing Engine...
[2018.10.17-14.22.16:039][  0]LogHMD: Failed to initialize OpenVR with code 105
[2018.10.17-14.22.16:040][  0]LogStats: UGameplayTagsManager::ConstructGameplayTagTree: ImportINI prefixes -  0.000 s
[2018.10.17-14.22.16:040][  0]LogStats: UGameplayTagsManager::ConstructGameplayTagTree: Construct from data asset -  0.000 s
[2018.10.17-14.22.16:041][  0]LogStats: UGameplayTagsManager::ConstructGameplayTagTree: ImportINI -  0.000 s
[2018.10.17-14.22.16:041][  0]LogStats: UGameplayTagsManager::ConstructGameplayTagTree: GameplayTagTreeChangedEvent.Broadcast -  0.000 s
[2018.10.17-14.22.16:239][  0]LogInit: Initializing FReadOnlyCVARCache
[2018.10.17-14.22.16:253][  0]LogAIModule: Creating AISystem for world Untitled
[2018.10.17-14.22.16:294][  0]LogInit: XAudio2 using 'Speakers (Razer Surround Audio Controller)' : 6 channels at 48 kHz using 16 bits per sample (channel mask 0x3f)
[2018.10.17-14.22.16:303][  0]LogInit: FAudioDevice initialized.
[2018.10.17-14.22.16:303][  0]LogNetVersion: Set ProjectVersion to 1.0.0.0. Version Checksum will be recalculated on next use.
[2018.10.17-14.22.16:412][  0]LogDerivedDataCache: Saved boot cache 0.11s 71MB C:/Users/Grizz/AppData/Local/UnrealEngine/4.20/DerivedDataCache/Boot.ddc.
[2018.10.17-14.22.16:431][  0]LogInit: Texture streaming: Enabled
[2018.10.17-14.22.16:459][  0]LogEngineSessionManager: EngineSessionManager initialized
[2018.10.17-14.22.16:459][  0]LogEngineSessionManager: EngineSessionManager sent abnormal shutdown report. Type=Crashed, SessionId={C0EA7C5A-4FA3-2A14-CEBC-F38DFABC7523}
[2018.10.17-14.22.16:480][  0]LogInit: Transaction tracking system initialized
[2018.10.17-14.22.16:504][  0]BlueprintLog: New page: Editor Load
[2018.10.17-14.22.16:574][  0]LocalizationService: Localization service is disabled
[2018.10.17-14.22.16:929][  0]LogCook: Display: Max memory allowance for cook 16384mb min free memory 0mb
[2018.10.17-14.22.16:929][  0]LogCook: Display: Mobile HDR setting 1
[2018.10.17-14.22.16:929][  0]LogGameplayTags: Display: UGameplayTagsManager::DoneAddingNativeTags. DelegateIsBound: 0
[2018.10.17-14.22.16:929][  0]LogStats: UGameplayTagsManager::ConstructGameplayTagTree: ImportINI prefixes -  0.000 s
[2018.10.17-14.22.16:929][  0]LogStats: UGameplayTagsManager::ConstructGameplayTagTree: Construct from data asset -  0.000 s
[2018.10.17-14.22.16:929][  0]LogStats: UGameplayTagsManager::ConstructGameplayTagTree: ImportINI -  0.000 s
[2018.10.17-14.22.16:929][  0]LogStats: UGameplayTagsManager::ConstructGameplayTagTree: GameplayTagTreeChangedEvent.Broadcast -  0.000 s
[2018.10.17-14.22.17:278][  0]LogFileCache: Scanning file cache for directory 'C:/Users/Grizz/Documents/GitHub/Honours-Project/ProcGenCity/Content/' took 0.02s
[2018.10.17-14.22.17:690][  0]SourceControl: Source control is disabled
[2018.10.17-14.22.17:690][  0]Cmd: MAP LOAD FILE="../../../../../../Users/Grizz/Documents/GitHub/Honours-Project/ProcGenCity/Content/StarterContent/Maps/Minimal_Default.umap" TEMPLATE=0 SHOWPROGRESS=1 FEATURELEVEL=3
[2018.10.17-14.22.17:691][  0]LightingResults: New page: Lighting Build
[2018.10.17-14.22.17:694][  0]MapCheck: New page: Map Check
[2018.10.17-14.22.17:694][  0]LightingResults: New page: Lighting Build
[2018.10.17-14.22.18:012][  0]LogAIModule: Creating AISystem for world Minimal_Default
[2018.10.17-14.22.18:028][  0]LogEditorServer: Finished looking for orphan Actors (0.000 secs)
[2018.10.17-14.22.18:050][  0]Cmd: MAP CHECKDEP NOCLEARLOG
[2018.10.17-14.22.18:111][  0]MapCheck: Map check complete: 0 Error(s), 0 Warning(s), took 61.429ms to complete.
[2018.10.17-14.22.18:111][  0]LogFileHelpers: Loading map 'Minimal_Default' took 0.421
[2018.10.17-14.22.18:295][  0]LogSlate: Updating window title bar state: overlay mode, drag disabled, window buttons hidden, title bar hidden
[2018.10.17-14.22.18:304][  0]LogSlate: Updating window title bar state: overlay mode, drag disabled, window buttons hidden, title bar hidden
[2018.10.17-14.22.18:312][  0]LogSlate: Updating window title bar state: overlay mode, drag disabled, window buttons hidden, title bar hidden
[2018.10.17-14.22.18:320][  0]LogSlate: Updating window title bar state: overlay mode, drag disabled, window buttons hidden, title bar hidden
[2018.10.17-14.22.18:327][  0]LogCollectionManager: Loaded 0 collections in 0.001629 seconds
[2018.10.17-14.22.18:381][  0]LogFileCache: Scanning file cache for directory 'C:/Users/Grizz/Documents/GitHub/Honours-Project/ProcGenCity/Saved/Collections/' took 0.01s
[2018.10.17-14.22.18:381][  0]LogFileCache: Scanning file cache for directory 'C:/Users/Grizz/Documents/GitHub/Honours-Project/ProcGenCity/Content/Developers/Grizz/Collections/' took 0.01s
[2018.10.17-14.22.18:381][  0]LogFileCache: Scanning file cache for directory 'C:/Users/Grizz/Documents/GitHub/Honours-Project/ProcGenCity/Content/Collections/' took 0.01s
[2018.10.17-14.22.18:381][  0]LogCollectionManager: Rebuilt the GUID cache for 0 collections in 0.000000 seconds
[2018.10.17-14.22.18:401][  0]LogContentBrowser: Native class hierarchy populated in 0.0197 seconds. Added 2573 classes and 605 folders.
[2018.10.17-14.22.18:409][  0]LogContentBrowser: Native class hierarchy updated for 'WidgetCarousel' in 0.0004 seconds. Added 0 classes and 0 folders.
[2018.10.17-14.22.19:609][  0]LogContentBrowser: Native class hierarchy updated for 'AddContentDialog' in 0.0007 seconds. Added 0 classes and 0 folders.
[2018.10.17-14.22.19:617][  0]LogContentBrowser: Native class hierarchy updated for 'SceneOutliner' in 0.0007 seconds. Added 1 classes and 2 folders.
[2018.10.17-14.22.19:658][  0]LogSlate: Took 0.000373 seconds to synchronously load lazily loaded font '../../../Engine/Content/Slate/Fonts/Roboto-Regular.ttf' (155K)
[2018.10.17-14.22.19:663][  0]LogSlate: Took 0.000467 seconds to synchronously load lazily loaded font '../../../Engine/Content/Slate/Fonts/Roboto-Bold.ttf' (160K)
[2018.10.17-14.22.19:707][  0]LogSlate: Took 0.036973 seconds to synchronously load lazily loaded font '../../../Engine/Content/Editor/Slate/Fonts/FontAwesome.ttf' (139K)
[2018.10.17-14.22.19:830][  0]LogRenderer: Reallocating scene render targets to support 1616x1004 Format 10 NumSamples 1 (Frame:1).
[2018.10.17-14.22.19:958][  0]LogSlate: FSceneViewport::OnFocusLost() reason 2
[2018.10.17-14.22.19:972][  0]LogSlate: Window 'Tutorials' being destroyed
[2018.10.17-14.22.20:003][  0]LogContentBrowser: Native class hierarchy updated for 'HierarchicalLODOutliner' in 0.0004 seconds. Added 0 classes and 0 folders.
[2018.10.17-14.22.20:003][  0]LogLoad: (Engine Initialization) Total time: 46.64 seconds
[2018.10.17-14.22.20:003][  0]LogLoad: (Engine Initialization) Total Blueprint compile time: 0.00 seconds
[2018.10.17-14.22.20:038][  0]LogContentStreaming: Texture pool size now 1000 MB
[2018.10.17-14.22.20:085][  1]LogAssetRegistry: Asset discovery search completed in 30.6679 seconds
[2018.10.17-14.22.20:086][  1]LogCollectionManager: Rebuilt the object cache for 0 collections in 0.000000 seconds (found 0 objects)
[2018.10.17-14.22.20:086][  1]LogCollectionManager: Fixed up redirectors for 0 collections in 0.000045 seconds (updated 0 objects)
[2018.10.17-14.22.29:877][ 31]LogSlate: FSceneViewport::OnFocusLost() reason 0
[2018.10.17-14.22.32:199][263]Candidate modules for hot reload:
[2018.10.17-14.22.32:199][263]  ProcGenCity
[2018.10.17-14.22.32:199][263]Launching UnrealBuildTool... [C:/Program Files/Epic Games/UE_4.20/Engine/Binaries/DotNET/UnrealBuildTool.exe  -ModuleWithSuffix=ProcGenCity,219 Win64 Development -TargetType=Editor -Project="../../../../../../Users/Grizz/Documents/GitHub/Honours-Project/ProcGenCity/ProcGenCity.uproject" -canskiplink "C:/Users/Grizz/Documents/GitHub/Honours-Project/ProcGenCity/ProcGenCity.uproject" ]
[2018.10.17-14.22.32:201][263]Warning: Starting HotReload took  0.1s.
[2018.10.17-14.22.41:816][409]CompilerResultsLog: New page: Compilation - 17 Oct 2018 16:22:41
[2018.10.17-14.22.41:816][409]CompilerResultsLog: Using 'git status' to determine working set for adaptive non-unity build.
[2018.10.17-14.22.41:816][409]CompilerResultsLog: Compiling game modules for hot reload
[2018.10.17-14.22.41:816][409]CompilerResultsLog: Building 3 actions with 8 processes...
[2018.10.17-14.22.41:816][409]CompilerResultsLog:   [1/3] SplineNetwork.cpp
[2018.10.17-14.22.41:816][409]CompilerResultsLog:   [2/3] UE4Editor-ProcGenCity-219.lib
[2018.10.17-14.22.41:816][409]CompilerResultsLog:      Creating library C:\Users\Grizz\Documents\GitHub\Honours-Project\ProcGenCity\Intermediate\Build\Win64\UE4Editor\Development\ProcGenCity\UE4Editor-ProcGenCity-219.lib and object C:\Users\Grizz\Documents\GitHub\Honours-Project\ProcGenCity\Intermediate\Build\Win64\UE4Editor\Development\ProcGenCity\UE4Editor-ProcGenCity-219.exp
[2018.10.17-14.22.41:816][409]CompilerResultsLog:   [3/3] UE4Editor-ProcGenCity-219.dll
[2018.10.17-14.22.41:816][409]CompilerResultsLog:      Creating library C:\Users\Grizz\Documents\GitHub\Honours-Project\ProcGenCity\Intermediate\Build\Win64\UE4Editor\Development\ProcGenCity\UE4Editor-ProcGenCity-219.suppressed.lib and object C:\Users\Grizz\Documents\GitHub\Honours-Project\ProcGenCity\Intermediate\Build\Win64\UE4Editor\Development\ProcGenCity\UE4Editor-ProcGenCity-219.suppressed.exp
[2018.10.17-14.22.41:816][409]CompilerResultsLog: Total build time: 9.34 seconds (Parallel executor: 6.08 seconds)
[2018.10.17-14.22.41:816][409]LogMainFrame: MainFrame: Module compiling took 9.627 seconds
[2018.10.17-14.22.41:881][409]LogContentBrowser: Native class hierarchy updated for 'ProcGenCity' in 0.0004 seconds. Added 1 classes and 2 folders.
[2018.10.17-14.22.41:883][409]Display: HotReload successful (0 functions remapped  0 scriptstructs remapped)
[2018.10.17-14.22.42:006][409]LogContentBrowser: Native class hierarchy populated in 0.0094 seconds. Added 2574 classes and 607 folders.
[2018.10.17-14.22.42:007][409]Display: HotReload took  9.9s.
[2018.10.17-14.23.53:277][631]LogSlate: FSceneViewport::OnFocusLost() reason 0
[2018.10.17-14.23.53:383][642]Candidate modules for hot reload:
[2018.10.17-14.23.53:383][642]  ProcGenCity
[2018.10.17-14.23.53:383][642]Launching UnrealBuildTool... [C:/Program Files/Epic Games/UE_4.20/Engine/Binaries/DotNET/UnrealBuildTool.exe  -ModuleWithSuffix=ProcGenCity,8093 Win64 Development -TargetType=Editor -Project="../../../../../../Users/Grizz/Documents/GitHub/Honours-Project/ProcGenCity/ProcGenCity.uproject" -canskiplink "C:/Users/Grizz/Documents/GitHub/Honours-Project/ProcGenCity/ProcGenCity.uproject" ]
[2018.10.17-14.23.53:406][642]Warning: Starting HotReload took  0.0s.
[2018.10.17-14.23.56:947][ 56]CompilerResultsLog: New page: Compilation - 17 Oct 2018 16:23:56
[2018.10.17-14.23.56:947][ 56]CompilerResultsLog: Using 'git status' to determine working set for adaptive non-unity build.
[2018.10.17-14.23.56:947][ 56]CompilerResultsLog: Compiling game modules for hot reload
[2018.10.17-14.23.56:947][ 56]CompilerResultsLog: Target is up to date
[2018.10.17-14.23.56:947][ 56]CompilerResultsLog: Total build time: 3.26 seconds (NoActionsToExecute executor: 0.00 seconds)
[2018.10.17-14.23.56:947][ 56]LogMainFrame: MainFrame: Module compiling took 3.573 seconds
[2018.10.17-14.23.56:988][ 56]LogContentBrowser: Native class hierarchy populated in 0.0143 seconds. Added 2574 classes and 607 folders.
[2018.10.17-14.23.56:988][ 56]Display: HotReload took  3.6s.
[2018.10.17-14.24.13:429][ 18]LogSlate: Took 0.000218 seconds to synchronously load lazily loaded font '../../../Engine/Content/Slate/Fonts/Roboto-Light.ttf' (167K)
[2018.10.17-14.24.13:510][ 18]LogSlate: Took 0.016488 seconds to synchronously load lazily loaded font '../../../Engine/Content/Slate/Fonts/Roboto-BoldCondensed.ttf' (158K)
[2018.10.17-14.24.15:401][241]LogAssetEditorManager: Opening Asset editor for Blueprint /Game/MySplineNetwork.MySplineNetwork
[2018.10.17-14.24.16:634][241]LogContentBrowser: Native class hierarchy updated for 'BlueprintGraph' in 0.0007 seconds. Added 116 classes and 0 folders.
[2018.10.17-14.24.17:748][241]LogSlate: Window 'Add Blueprint Class' being destroyed
[2018.10.17-14.24.19:090][241]LogWindows: Error: === Critical error: ===
[2018.10.17-14.24.19:090][241]LogWindows: Error: 
[2018.10.17-14.24.19:090][241]LogWindows: Error: Fatal error!
[2018.10.17-14.24.19:090][241]LogWindows: Error: 
[2018.10.17-14.24.19:090][241]LogWindows: Error: Unhandled Exception: EXCEPTION_ACCESS_VIOLATION reading address 0x000000e0
[2018.10.17-14.24.19:090][241]LogWindows: Error: 
[2018.10.17-14.24.19:090][241]LogWindows: Error: [Callstack] 0x00007ffff4a2498c UE4Editor-Engine.dll!UnknownFunction []
[2018.10.17-14.24.19:090][241]LogWindows: Error: [Callstack] 0x00007ffff486f89f UE4Editor-Engine.dll!UnknownFunction []
[2018.10.17-14.24.19:090][241]LogWindows: Error: [Callstack] 0x00007ffff493f91f UE4Editor-Engine.dll!UnknownFunction []
[2018.10.17-14.24.19:090][241]LogWindows: Error: [Callstack] 0x00007ffff532927d UE4Editor-Engine.dll!UnknownFunction []
[2018.10.17-14.24.19:090][241]LogWindows: Error: [Callstack] 0x00007fffdd051fc4 UE4Editor-ProcGenCity-219.dll!ASplineNetwork::CreateSplineMesh() [c:\users\grizz\documents\github\honours-project\procgencity\source\procgencity\splinenetwork.cpp:89]
[2018.10.17-14.24.19:090][241]LogWindows: Error: [Callstack] 0x00007ffff44e4eff UE4Editor-Engine.dll!UnknownFunction []
[2018.10.17-14.24.19:090][241]LogWindows: Error: [Callstack] 0x00007ffff44e87c4 UE4Editor-Engine.dll!UnknownFunction []
[2018.10.17-14.24.19:090][241]LogWindows: Error: [Callstack] 0x00007ffff45076f3 UE4Editor-Engine.dll!UnknownFunction []
[2018.10.17-14.24.19:090][241]LogWindows: Error: [Callstack] 0x00007ffff4e4f646 UE4Editor-Engine.dll!UnknownFunction []
[2018.10.17-14.24.19:090][241]LogWindows: Error: [Callstack] 0x00007ffff4e4fc87 UE4Editor-Engine.dll!UnknownFunction []
[2018.10.17-14.24.19:090][241]LogWindows: Error: [Callstack] 0x00007ffff06e8f26 UE4Editor-Kismet.dll!UnknownFunction []
[2018.10.17-14.24.19:090][241]LogWindows: Error: [Callstack] 0x00007ffff06e54d0 UE4Editor-Kismet.dll!UnknownFunction []
[2018.10.17-14.24.19:090][241]LogWindows: Error: [Callstack] 0x00007ffff23ae612 UE4Editor-UnrealEd.dll!UnknownFunction []
[2018.10.17-14.24.19:090][241]LogWindows: Error: [Callstack] 0x00007ffff27a64b2 UE4Editor-UnrealEd.dll!UnknownFunction []
[2018.10.17-14.24.19:090][241]LogWindows: Error: [Callstack] 0x00007ffff309f666 UE4Editor-UnrealEd.dll!UnknownFunction []
[2018.10.17-14.24.19:090][241]LogWindows: Error: [Callstack] 0x00007ff659785cbd UE4Editor.exe!UnknownFunction []
[2018.10.17-14.24.19:090][241]LogWindows: Error: [Callstack] 0x00007ff659795b3c UE4Editor.exe!UnknownFunction []
[2018.10.17-14.24.19:090][241]LogWindows: Error: [Callstack] 0x00007ff659795bba UE4Editor.exe!UnknownFunction []
[2018.10.17-14.24.19:090][241]LogWindows: Error: [Callstack] 0x00007ff6597a3dac UE4Editor.exe!UnknownFunction []
[2018.10.17-14.24.19:090][241]LogWindows: Error: [Callstack] 0x00007ff6597a5aaa UE4Editor.exe!UnknownFunction []
[2018.10.17-14.24.19:090][241]LogWindows: Error: [Callstack] 0x00007ff860043034 KERNEL32.DLL!UnknownFunction []
[2018.10.17-14.24.19:090][241]LogWindows: Error: [Callstack] 0x00007ff8627f1461 ntdll.dll!UnknownFunction []
[2018.10.17-14.24.19:090][241]LogWindows: Error: 
[2018.10.17-14.24.19:111][241]LogExit: Executing StaticShutdownAfterError
[2018.10.17-14.24.19:115][241]LogWindows: FPlatformMisc::RequestExit(1)
[2018.10.17-14.24.19:121][241]Log file closed, 10/17/18 15:24:19
