Log file open, 11/19/18 20:23:46
LogWindows: Failed to load 'aqProf.dll' (GetLastError=126)
LogWindows: File 'aqProf.dll' does not exist
LogWindows: Failed to load 'VSPerf140.dll' (GetLastError=126)
LogWindows: File 'VSPerf140.dll' does not exist
LogWindows: Failed to load 'VtuneApi.dll' (GetLastError=126)
LogWindows: File 'VtuneApi.dll' does not exist
LogWindows: Failed to load 'VtuneApi32e.dll' (GetLastError=126)
LogWindows: File 'VtuneApi32e.dll' does not exist
LogInit: Display: Running engine for game: ProcGenCity
LogPlatformFile: Not using cached read wrapper
LogTaskGraph: Started task graph with 5 named threads and 23 total threads with 3 sets of task threads.
LogStats: Stats thread started at 0.326196
LogD3D11RHI: Loaded GFSDK_Aftermath_Lib.x64.dll
LogICUInternationalization: Display: ICU TimeZone Detection - Raw Offset: +0:00, Platform Override: ''
LogPluginManager: Mounting plugin Paper2D
LogPluginManager: Mounting plugin AISupport
LogPluginManager: Mounting plugin LightPropagationVolume
LogPluginManager: Mounting plugin CLionSourceCodeAccess
LogPluginManager: Mounting plugin CodeLiteSourceCodeAccess
LogPluginManager: Mounting plugin GitSourceControl
LogPluginManager: Mounting plugin KDevelopSourceCodeAccess
LogPluginManager: Mounting plugin NullSourceCodeAccess
LogPluginManager: Mounting plugin PerforceSourceControl
LogPluginManager: Mounting plugin SubversionSourceControl
LogPluginManager: Mounting plugin UObjectPlugin
LogPluginManager: Mounting plugin VisualStudioCodeSourceCodeAccess
LogPluginManager: Mounting plugin VisualStudioSourceCodeAccess
LogPluginManager: Mounting plugin XCodeSourceCodeAccess
LogPluginManager: Mounting plugin AssetManagerEditor
LogPluginManager: Mounting plugin CryptoKeys
LogPluginManager: Mounting plugin DataValidation
LogPluginManager: Mounting plugin FacialAnimation
LogPluginManager: Mounting plugin GameplayTagsEditor
LogPluginManager: Mounting plugin MacGraphicsSwitching
LogPluginManager: Mounting plugin MeshEditor
LogPluginManager: Mounting plugin MobileLauncherProfileWizard
LogPluginManager: Mounting plugin PluginBrowser
LogPluginManager: Mounting plugin SpeedTreeImporter
LogPluginManager: Mounting plugin DatasmithContent
LogPluginManager: Mounting plugin AlembicImporter
LogPluginManager: Mounting plugin AppleImageUtils
LogPluginManager: Mounting plugin AppleVision
LogPluginManager: Mounting plugin BackChannel
LogPluginManager: Mounting plugin CharacterAI
LogPluginManager: Mounting plugin GeometryCache
LogPluginManager: Mounting plugin HTML5Networking
LogPluginManager: Mounting plugin ProxyLODPlugin
LogPluginManager: Mounting plugin MagicLeap
LogPluginManager: Mounting plugin MagicLeapEmulator
LogPluginManager: Mounting plugin MagicLeapMedia
LogPluginManager: Mounting plugin AndroidMedia
LogPluginManager: Mounting plugin AvfMedia
LogPluginManager: Mounting plugin ImgMedia
LogPluginManager: Mounting plugin LinearTimecode
LogPluginManager: Mounting plugin MediaCompositing
LogPluginManager: Mounting plugin MediaPlayerEditor
LogPluginManager: Mounting plugin WmfMedia
LogPluginManager: Mounting plugin TcpMessaging
LogPluginManager: Mounting plugin UdpMessaging
LogPluginManager: Mounting plugin ActorSequence
LogPluginManager: Mounting plugin LevelSequenceEditor
LogPluginManager: Mounting plugin MatineeToLevelSequence
LogPluginManager: Mounting plugin NetcodeUnitTest
LogPluginManager: Mounting plugin NUTUnrealEngine4
LogPluginManager: Mounting plugin OnlineSubsystemGooglePlay
LogPluginManager: Mounting plugin OnlineSubsystemIOS
LogPluginManager: Mounting plugin OnlineSubsystem
LogPluginManager: Mounting plugin OnlineSubsystemNull
LogPluginManager: Mounting plugin OnlineSubsystemUtils
LogPluginManager: Mounting plugin LauncherChunkInstaller
LogPluginManager: Mounting plugin AndroidDeviceProfileSelector
LogPluginManager: Mounting plugin AndroidMoviePlayer
LogPluginManager: Mounting plugin AndroidPermission
LogPluginManager: Mounting plugin AppleMoviePlayer
LogPluginManager: Mounting plugin ArchVisCharacter
LogPluginManager: Mounting plugin AudioCapture
LogPluginManager: Mounting plugin CableComponent
LogPluginManager: Mounting plugin CustomMeshComponent
LogPluginManager: Mounting plugin EditableMesh
LogPluginManager: Mounting plugin ExampleDeviceProfileSelector
LogPluginManager: Mounting plugin GoogleCloudMessaging
LogPluginManager: Mounting plugin ImmediatePhysics
LogPluginManager: Mounting plugin IOSDeviceProfileSelector
LogPluginManager: Mounting plugin LinuxDeviceProfileSelector
LogPluginManager: Mounting plugin LocationServicesBPLibrary
LogPluginManager: Mounting plugin MobilePatchingUtils
LogPluginManager: Mounting plugin OculusVR
LogPluginManager: Plugin shader directory ../../../Engine/Plugins/Runtime/Oculus/OculusVR/Shaders found
LogPluginManager: Mapping shader source directory ../../../Engine/Plugins/Runtime/Oculus/OculusVR/Shaders to virtual directory /Plugin/OculusVR
LogPluginManager: Mounting plugin PhysXVehicles
LogPluginManager: Mounting plugin ProceduralMeshComponent
LogPluginManager: Mounting plugin RuntimePhysXCooking
LogPluginManager: Mounting plugin SteamVR
LogPluginManager: Mounting plugin WindowsMoviePlayer
LogStreaming: Display: Took  0.435s to configure plugins.
LogInit: Using libcurl 7.55.1-DEV
LogInit:  - built for x86_64-pc-win32
LogInit:  - supports SSL with OpenSSL/1.0.2h
LogInit:  - supports HTTP deflate (compression) using libz 1.2.8
LogInit:  - other features:
LogInit:      CURL_VERSION_SSL
LogInit:      CURL_VERSION_LIBZ
LogInit:      CURL_VERSION_IPV6
LogInit:      CURL_VERSION_ASYNCHDNS
LogInit:      CURL_VERSION_LARGEFILE
LogInit:      CURL_VERSION_IDN
LogInit:  CurlRequestOptions (configurable via config and command line):
LogInit:  - bVerifyPeer = false  - Libcurl will NOT verify peer certificate
LogInit:  - bUseHttpProxy = false  - Libcurl will NOT use HTTP proxy
LogInit:  - bDontReuseConnections = false  - Libcurl will reuse connections
LogInit:  - CertBundlePath = nullptr  - Libcurl will use whatever was configured at build time.
LogInit:  - MaxHostConnections = 16  - Libcurl will limit the number of connections to a host
LogInit:  - LocalHostAddr = Default
LogInit:  - BufferSize = 65536
LogInit: WinSock: version 1.1 (2.2), MaxSocks=32767, MaxUdp=65467
LogInit: Build: ++UE4+Release-4.20-CL-4369336
LogInit: Engine Version: 4.20.3-4369336+++UE4+Release-4.20
LogInit: Compatible Engine Version: 4.20.0-4212847+++UE4+Release-4.20
LogInit: Net CL: 4212847
LogInit: OS: Windows 10 (), CPU: Intel(R) Core(TM) i7-8550U CPU @ 1.80GHz, GPU: Intel(R) UHD Graphics 620
LogInit: Compiled (64-bit): Sep 17 2018 12:26:19
LogInit: Compiled with Visual C++: 19.13.26129.00
LogInit: Build Configuration: Development
LogInit: Branch Name: ++UE4+Release-4.20
LogInit: Command Line:  
LogInit: Base Directory: C:/Program Files/Epic Games/UE_4.20/Engine/Binaries/Win64/
LogInit: Installed Engine Build: 1
LogDevObjectVersion: Number of dev versions registered: 20
LogDevObjectVersion:   Dev-Blueprints (B0D832E4-1F89-4F0D-ACCF-7EB736FD4AA2): 10
LogDevObjectVersion:   Dev-Build (E1C64328-A22C-4D53-A36C-8E866417BD8C): 0
LogDevObjectVersion:   Dev-Core (375EC13C-06E4-48FB-B500-84F0262A717E): 2
LogDevObjectVersion:   Dev-Editor (E4B068ED-F494-42E9-A231-DA0B2E46BB41): 24
LogDevObjectVersion:   Dev-Framework (CFFC743F-43B0-4480-9391-14DF171D2073): 34
LogDevObjectVersion:   Dev-Mobile (B02B49B5-BB20-44E9-A304-32B752E40360): 2
LogDevObjectVersion:   Dev-Networking (A4E4105C-59A1-49B5-A7C5-40C4547EDFEE): 0
LogDevObjectVersion:   Dev-Online (39C831C9-5AE6-47DC-9A44-9C173E1C8E7C): 0
LogDevObjectVersion:   Dev-Physics (78F01B33-EBEA-4F98-B9B4-84EACCB95AA2): 0
LogDevObjectVersion:   Dev-Platform (6631380F-2D4D-43E0-8009-CF276956A95A): 0
LogDevObjectVersion:   Dev-Rendering (12F88B9F-8875-4AFC-A67C-D90C383ABD29): 26
LogDevObjectVersion:   Dev-Sequencer (7B5AE74C-D270-4C10-A958-57980B212A5A): 9
LogDevObjectVersion:   Dev-VR (D7296918-1DD6-4BDD-9DE2-64A83CC13884): 2
LogDevObjectVersion:   Dev-LoadTimes (C2A15278-BFE7-4AFE-6C17-90FF531DF755): 1
LogDevObjectVersion:   Private-Geometry (6EACA3D4-40EC-4CC1-B786-8BED09428FC5): 3
LogDevObjectVersion:   Dev-AnimPhys (29E575DD-E0A3-4627-9D10-D276232CDCEA): 17
LogDevObjectVersion:   Dev-ReflectionCapture (6B266CEC-1EC7-4B8F-A30B-E4D90942FC07): 1
LogDevObjectVersion:   Dev-Automation (0DF73D61-A23F-47EA-B727-89E90C41499A): 1
LogDevObjectVersion:   FortniteMain (601D1886-AC64-4F84-AA16-D3DE0DEAC7D6): 12
LogDevObjectVersion:   Dev-Enterprise (9DFFBCD6-494F-0158-E221-12823C92A888): 1
LogStreaming: Display: Took  0.012s to delete old logs.
LogInit: Presizing for max 8388607 objects, including 0 objects not considered by GC, pre-allocating 0 bytes for permanent pool.
LogInit: Object subsystem initialized
[2018.11.19-20.23.47:020][  0]LogInit: Selected Device Profile: [Windows]
[2018.11.19-20.23.47:020][  0]LogInit: Applying CVar settings loaded from the selected device profile: [Windows]
[2018.11.19-20.23.47:045][  0]LogHAL: Display: Platform has ~ 16 GB [17058729984 / 17179869184 / 16], which maps to Larger [LargestMinGB=32, LargerMinGB=12, DefaultMinGB=8, SmallerMinGB=6, SmallestMinGB=0)
[2018.11.19-20.23.47:045][  0]LogInit: Setting Device Profile CVar: [[r.Vulkan.UseRealUBs:1]]
[2018.11.19-20.23.47:045][  0]LogInit: Going up to parent DeviceProfile []
[2018.11.19-20.23.47:045][  0]LogInit: Computer: LAPTOP-TLBN2SQS
[2018.11.19-20.23.47:045][  0]LogInit: User: kevin
[2018.11.19-20.23.47:045][  0]LogInit: CPU Page size=4096, Cores=4
[2018.11.19-20.23.47:045][  0]LogInit: High frequency timer resolution =1.945315 MHz
[2018.11.19-20.23.47:046][  0]LogMemory: Memory total: Physical=15.9GB (16GB approx)
[2018.11.19-20.23.47:046][  0]LogMemory: Platform Memory Stats for Windows
[2018.11.19-20.23.47:046][  0]LogMemory: Process Physical Memory: 99.63 MB used, 99.63 MB peak
[2018.11.19-20.23.47:046][  0]LogMemory: Process Virtual Memory: 90.98 MB used, 90.98 MB peak
[2018.11.19-20.23.47:046][  0]LogMemory: Physical Memory: 7088.06 MB used,  9180.41 MB free, 16268.47 MB total
[2018.11.19-20.23.47:046][  0]LogMemory: Virtual Memory: 4640.04 MB used,  9180.41 MB free, 134217728.00 MB total
[2018.11.19-20.23.47:118][  0]LogInit: Using OS detected language (en-GB).
[2018.11.19-20.23.47:118][  0]LogInit: Using OS detected locale (en-GB).
[2018.11.19-20.23.47:120][  0]LogTextLocalizationManager: No specific localization for 'en-GB' exists, so the 'en' localization will be used.
[2018.11.19-20.23.47:810][  0]LogStreaming: Display: Took  0.693s to InitEngineTextLocalization.
[2018.11.19-20.23.47:811][  0]LogInit: Setting process to per monitor DPI aware
[2018.11.19-20.23.47:874][  0]LogSlate: New Slate User Created.  User Index 0, Is Virtual User: 0
[2018.11.19-20.23.47:874][  0]LogSlate: Slate User Registered.  User Index 0, Is Virtual User: 0
[2018.11.19-20.23.48:419][  0]LogHMD: Failed to initialize OpenVR with code 110
[2018.11.19-20.23.48:419][  0]LogD3D11RHI: D3D11 adapters:
[2018.11.19-20.23.49:526][  0]LogD3D11RHI:    0. 'NVIDIA GeForce MX150' (Feature Level 11_0)
[2018.11.19-20.23.49:526][  0]LogD3D11RHI:       4027/0/8134 MB DedicatedVideo/DedicatedSystem/SharedSystem, Outputs:1, VendorId:0x10de
[2018.11.19-20.23.49:551][  0]LogD3D11RHI:    1. 'Intel(R) UHD Graphics 620' (Feature Level 11_0)
[2018.11.19-20.23.49:551][  0]LogD3D11RHI:       128/0/8134 MB DedicatedVideo/DedicatedSystem/SharedSystem, Outputs:0, VendorId:0x8086
[2018.11.19-20.23.49:554][  0]LogD3D11RHI:    2. 'Microsoft Basic Render Driver' (Feature Level 11_0)
[2018.11.19-20.23.49:555][  0]LogD3D11RHI:       0/0/8134 MB DedicatedVideo/DedicatedSystem/SharedSystem, Outputs:0, VendorId:0x1414
[2018.11.19-20.23.49:555][  0]LogD3D11RHI: Chosen D3D11 Adapter: 0
[2018.11.19-20.23.49:589][  0]LogD3D11RHI: Creating new Direct3DDevice
[2018.11.19-20.23.49:589][  0]LogD3D11RHI:     GPU DeviceId: 0x1d10 (for the marketing name, search the web for "GPU Device Id")
[2018.11.19-20.23.49:589][  0]LogWindows: EnumDisplayDevices:
[2018.11.19-20.23.49:590][  0]LogWindows:    0. 'Intel(R) UHD Graphics 620' (P:1 D:1)
[2018.11.19-20.23.49:590][  0]LogWindows:    1. 'Intel(R) UHD Graphics 620' (P:0 D:0)
[2018.11.19-20.23.49:590][  0]LogWindows:    2. 'Intel(R) UHD Graphics 620' (P:0 D:0)
[2018.11.19-20.23.49:590][  0]LogWindows: DebugString: PrimaryIsNotTheChoosenAdapter PrimaryIsNotTheChoosenAdapter PrimaryIsNotTheChoosenAdapter FoundDriverCount:0 
[2018.11.19-20.23.49:590][  0]LogD3D11RHI:     Adapter Name: NVIDIA GeForce MX150
[2018.11.19-20.23.49:590][  0]LogD3D11RHI:   Driver Version: Unknown (internal:Unknown, unified:Unknown)
[2018.11.19-20.23.49:590][  0]LogD3D11RHI:      Driver Date: Unknown
[2018.11.19-20.23.49:590][  0]LogRHI: Texture pool is 2819 MB (70% of 4027 MB)
[2018.11.19-20.23.49:644][  0]LogD3D11RHI: Async texture creation enabled
[2018.11.19-20.23.49:664][  0]LogD3D11RHI: GPU Timing Frequency: 1000.000000 (Debug: 2 2)
[2018.11.19-20.23.49:666][  0]LogShaderCompilers: Guid format shader working directory is -29 characters bigger than the processId version (../../../../../../Users/kevin/Documents/GitHub/Honours-Project/ProcGenCity/Intermediate/Shaders/WorkingDirectory/19052/).
[2018.11.19-20.23.49:666][  0]LogShaderCompilers: Cleaned the shader compiler working directory 'C:/Users/kevin/AppData/Local/Temp/UnrealShaderWorkingDir/1D12F2F5433702C701F549988241B087/'.
[2018.11.19-20.23.50:115][  0]LogTemp: Display: Loaded TP AllDesktopTargetPlatform
[2018.11.19-20.23.50:135][  0]LogTemp: Display: Loaded TP MacClientTargetPlatform
[2018.11.19-20.23.50:157][  0]LogTemp: Display: Loaded TP MacNoEditorTargetPlatform
[2018.11.19-20.23.50:176][  0]LogTemp: Display: Loaded TP MacServerTargetPlatform
[2018.11.19-20.23.50:198][  0]LogTemp: Display: Loaded TP MacTargetPlatform
[2018.11.19-20.23.50:224][  0]LogTemp: Display: Loaded TP WindowsClientTargetPlatform
[2018.11.19-20.23.50:245][  0]LogTemp: Display: Loaded TP WindowsNoEditorTargetPlatform
[2018.11.19-20.23.50:278][  0]LogTemp: Display: Loaded TP WindowsServerTargetPlatform
[2018.11.19-20.23.50:291][  0]LogTemp: Display: Loaded TP WindowsTargetPlatform
[2018.11.19-20.23.50:411][  0]LogTemp: Display: Loaded TP AndroidTargetPlatform
[2018.11.19-20.23.50:411][  0]LogTemp: Display: Loaded TP AndroidTargetPlatform
[2018.11.19-20.23.50:411][  0]LogTemp: Display: Loaded TP AndroidTargetPlatform
[2018.11.19-20.23.50:411][  0]LogTemp: Display: Loaded TP AndroidTargetPlatform
[2018.11.19-20.23.50:411][  0]LogTemp: Display: Loaded TP AndroidTargetPlatform
[2018.11.19-20.23.50:411][  0]LogTemp: Display: Loaded TP AndroidTargetPlatform
[2018.11.19-20.23.50:411][  0]LogTemp: Display: Loaded TP AndroidTargetPlatform
[2018.11.19-20.23.50:411][  0]LogTemp: Display: Loaded TP AndroidTargetPlatform
[2018.11.19-20.23.50:411][  0]LogTemp: Display: Loaded TP AndroidTargetPlatform
[2018.11.19-20.23.50:411][  0]LogTemp: Display: Loaded TP AndroidTargetPlatform
[2018.11.19-20.23.50:411][  0]LogTemp: Display: Loaded TP AndroidTargetPlatform
[2018.11.19-20.23.50:411][  0]LogTemp: Display: Loaded TP AndroidTargetPlatform
[2018.11.19-20.23.50:411][  0]LogTemp: Display: Loaded TP AndroidTargetPlatform
[2018.11.19-20.23.50:411][  0]LogTemp: Display: Loaded TP AndroidTargetPlatform
[2018.11.19-20.23.50:411][  0]LogTemp: Display: Loaded TP AndroidTargetPlatform
[2018.11.19-20.23.50:411][  0]LogTemp: Display: Loaded TP AndroidTargetPlatform
[2018.11.19-20.23.50:411][  0]LogTemp: Display: Loaded TP AndroidTargetPlatform
[2018.11.19-20.23.50:411][  0]LogTemp: Display: Loaded TP AndroidTargetPlatform
[2018.11.19-20.23.50:414][  0]LogTemp: Display: Loaded TP HTML5TargetPlatform
[2018.11.19-20.23.50:491][  0]LogTemp: Display: Loaded TP IOSTargetPlatform
[2018.11.19-20.23.50:491][  0]LogTemp: Display: Loaded TP IOSTargetPlatform
[2018.11.19-20.23.50:547][  0]LogTemp: Display: Loaded TP TVOSTargetPlatform
[2018.11.19-20.23.50:547][  0]LogTemp: Display: Loaded TP TVOSTargetPlatform
[2018.11.19-20.23.50:566][  0]LogTemp: Display: Loaded TP LinuxClientTargetPlatform
[2018.11.19-20.23.50:587][  0]LogTemp: Display: Loaded TP LinuxNoEditorTargetPlatform
[2018.11.19-20.23.50:605][  0]LogTemp: Display: Loaded TP LinuxServerTargetPlatform
[2018.11.19-20.23.50:624][  0]LogTemp: Display: Loaded TP LinuxTargetPlatform
[2018.11.19-20.23.50:640][  0]LogTemp: Display: Loaded TP LuminTargetPlatform
[2018.11.19-20.23.50:641][  0]LogTargetPlatformManager: Display: Building Assets For Windows
[2018.11.19-20.23.50:765][  0]LogXGEController: Cleaning working directory: C:/Users/kevin/AppData/Local/Temp/UnrealXGEWorkingDir/
[2018.11.19-20.23.50:765][  0]LogXGEController: Cannot use XGE Controller as Incredibuild is not installed on this machine.
[2018.11.19-20.23.50:765][  0]LogShaderCompilers: Cannot use XGE Shader Compiler as Incredibuild is not installed on this machine.
[2018.11.19-20.23.50:765][  0]LogShaderCompilers: Display: Using Local Shader Compiler.
[2018.11.19-20.23.52:144][  0]LogDerivedDataCache: Display: Max Cache Size: 512 MB
[2018.11.19-20.23.52:229][  0]LogDerivedDataCache: Loaded boot cache 0.08s 71MB C:/Users/kevin/AppData/Local/UnrealEngine/4.20/DerivedDataCache/Boot.ddc.
[2018.11.19-20.23.52:230][  0]LogDerivedDataCache: Display: Loaded Boot cache: C:/Users/kevin/AppData/Local/UnrealEngine/4.20/DerivedDataCache/Boot.ddc
[2018.11.19-20.23.52:230][  0]LogDerivedDataCache: FDerivedDataBackendGraph:  Pak pak cache file ../../../../../../Users/kevin/Documents/GitHub/Honours-Project/ProcGenCity/DerivedDataCache/DDC.ddp not found, will not use a pak cache.
[2018.11.19-20.23.52:230][  0]LogDerivedDataCache: Unable to find inner node Pak for hierarchical cache Hierarchy.
[2018.11.19-20.23.52:230][  0]LogDerivedDataCache: FDerivedDataBackendGraph:  CompressedPak pak cache file ../../../../../../Users/kevin/Documents/GitHub/Honours-Project/ProcGenCity/DerivedDataCache/Compressed.ddp not found, will not use a pak cache.
[2018.11.19-20.23.52:230][  0]LogDerivedDataCache: Unable to find inner node CompressedPak for hierarchical cache Hierarchy.
[2018.11.19-20.23.52:249][  0]LogDerivedDataCache: Display: Pak cache opened for reading ../../../Engine/DerivedDataCache/Compressed.ddp.
[2018.11.19-20.23.52:264][  0]LogDerivedDataCache: Using Local data cache path C:/Users/kevin/AppData/Local/UnrealEngine/Common/DerivedDataCache: Writable
[2018.11.19-20.23.52:264][  0]LogDerivedDataCache: Shared data cache path not found in *engine.ini, will not use an Shared cache.
[2018.11.19-20.23.52:264][  0]LogDerivedDataCache: Unable to find inner node Shared for hierarchical cache Hierarchy.
[2018.11.19-20.23.52:300][  0]LogMaterial: Verifying Global Shaders for PCD3D_SM5
[2018.11.19-20.23.52:302][  0]LogSlate: Using FreeType 2.6.0
[2018.11.19-20.23.52:303][  0]LogSlate: SlateFontServices - WITH_FREETYPE: 1, WITH_HARFBUZZ: 1
[2018.11.19-20.23.52:439][  0]LogAssetRegistry: FAssetRegistry took 0.0293 seconds to start up
[2018.11.19-20.23.53:054][  0]LogInit: Selected Device Profile: [Windows]
[2018.11.19-20.23.53:358][  0]LogSimplygon: Simplygon DLL not present - disabling.
[2018.11.19-20.23.53:367][  0]LogMeshReduction: Using SimplygonSwarm for distributed automatic mesh merging
[2018.11.19-20.23.53:367][  0]LogMeshReduction: Using ProxyLODMeshReduction for automatic mesh merging
[2018.11.19-20.23.53:367][  0]LogMeshReduction: Using QuadricMeshReduction for automatic static mesh reduction
[2018.11.19-20.23.53:367][  0]LogMeshReduction: No automatic skeletal mesh reduction module available
[2018.11.19-20.23.53:412][  0]LogNetVersion: ProcGenCity 1.0.0, NetCL: 4212847, EngineNetVer: 5, GameNetVer: 0 (Checksum: 2895139612)
[2018.11.19-20.23.54:514][  0]LogPackageLocalizationCache: Processed 11 localized package path(s) for 2 prioritized culture(s) in 0.260683 seconds
[2018.11.19-20.23.54:523][  0]LogUObjectArray: 38425 objects as part of root set at end of initial load.
[2018.11.19-20.23.54:523][  0]LogUObjectAllocator: 6690872 out of 0 bytes used by permanent object pool.
[2018.11.19-20.23.54:523][  0]LogUObjectArray: CloseDisregardForGC: 0/0 objects in disregard for GC pool
[2018.11.19-20.23.56:300][  0]LogTcpMessaging: Initializing TcpMessaging bridge
[2018.11.19-20.23.56:317][  0]LogUdpMessaging: Initializing bridge on interface 0.0.0.0:0 to multicast group 230.0.0.1:6666.
[2018.11.19-20.23.56:571][  0]SourceControl: Source control is disabled
[2018.11.19-20.23.56:571][  0]SourceControl: Source control is disabled
[2018.11.19-20.23.56:574][  0]SourceControl: Source control is disabled
[2018.11.19-20.23.56:577][  0]SourceControl: Source control is disabled
[2018.11.19-20.23.56:835][  0]LogAndroidPermission: UAndroidPermissionCallbackProxy::GetInstance
[2018.11.19-20.23.56:930][  0]LogOcInput: OculusInput pre-init called
[2018.11.19-20.23.57:032][  0]LogEngine: Initializing Engine...
[2018.11.19-20.23.57:034][  0]LogHMD: Failed to initialize OpenVR with code 110
[2018.11.19-20.23.57:037][  0]LogStats: UGameplayTagsManager::ConstructGameplayTagTree: ImportINI prefixes -  0.000 s
[2018.11.19-20.23.57:037][  0]LogStats: UGameplayTagsManager::ConstructGameplayTagTree: Construct from data asset -  0.000 s
[2018.11.19-20.23.57:037][  0]LogStats: UGameplayTagsManager::ConstructGameplayTagTree: ImportINI -  0.000 s
[2018.11.19-20.23.57:037][  0]LogStats: UGameplayTagsManager::ConstructGameplayTagTree: GameplayTagTreeChangedEvent.Broadcast -  0.000 s
[2018.11.19-20.23.57:436][  0]LogInit: Initializing FReadOnlyCVARCache
[2018.11.19-20.23.57:466][  0]LogAIModule: Creating AISystem for world Untitled
[2018.11.19-20.23.57:505][  0]LogInit: XAudio2 using 'Speaker/Headphone (Realtek High Definition Audio(SST))' : 2 channels at 48 kHz using 32 bits per sample (channel mask 0x3)
[2018.11.19-20.23.58:297][  0]LogInit: FAudioDevice initialized.
[2018.11.19-20.23.58:297][  0]LogNetVersion: Set ProjectVersion to 1.0.0.0. Version Checksum will be recalculated on next use.
[2018.11.19-20.23.58:453][  0]LogDerivedDataCache: Saved boot cache 0.16s 71MB C:/Users/kevin/AppData/Local/UnrealEngine/4.20/DerivedDataCache/Boot.ddc.
[2018.11.19-20.23.58:480][  0]LogInit: Texture streaming: Enabled
[2018.11.19-20.23.58:532][  0]LogEngineSessionManager: EngineSessionManager initialized
[2018.11.19-20.23.58:532][  0]LogEngineSessionManager: EngineSessionManager sent abnormal shutdown report. Type=Crashed, SessionId={D7E02E2E-4CAF-A716-DC2F-0D9B14FB313B}
[2018.11.19-20.23.58:571][  0]LogInit: Transaction tracking system initialized
[2018.11.19-20.23.58:635][  0]BlueprintLog: New page: Editor Load
[2018.11.19-20.23.58:811][  0]LocalizationService: Localization service is disabled
[2018.11.19-20.23.59:866][  0]LogCook: Display: Max memory allowance for cook 16384mb min free memory 0mb
[2018.11.19-20.23.59:866][  0]LogCook: Display: Mobile HDR setting 1
[2018.11.19-20.23.59:866][  0]LogGameplayTags: Display: UGameplayTagsManager::DoneAddingNativeTags. DelegateIsBound: 0
[2018.11.19-20.23.59:866][  0]LogStats: UGameplayTagsManager::ConstructGameplayTagTree: ImportINI prefixes -  0.000 s
[2018.11.19-20.23.59:866][  0]LogStats: UGameplayTagsManager::ConstructGameplayTagTree: Construct from data asset -  0.000 s
[2018.11.19-20.23.59:866][  0]LogStats: UGameplayTagsManager::ConstructGameplayTagTree: ImportINI -  0.000 s
[2018.11.19-20.23.59:866][  0]LogStats: UGameplayTagsManager::ConstructGameplayTagTree: GameplayTagTreeChangedEvent.Broadcast -  0.000 s
[2018.11.19-20.24.00:164][  0]LogFileCache: Scanning file cache for directory 'C:/Users/kevin/Documents/GitHub/Honours-Project/ProcGenCity/Content/' took 0.02s
[2018.11.19-20.24.00:164][  0]SourceControl: Source control is disabled
[2018.11.19-20.24.00:164][  0]Cmd: MAP LOAD FILE="../../../../../../Users/kevin/Documents/GitHub/Honours-Project/ProcGenCity/Content/StarterContent/Maps/Minimal_Default.umap" TEMPLATE=0 SHOWPROGRESS=1 FEATURELEVEL=3
[2018.11.19-20.24.00:165][  0]LightingResults: New page: Lighting Build
[2018.11.19-20.24.00:172][  0]MapCheck: New page: Map Check
[2018.11.19-20.24.00:172][  0]LightingResults: New page: Lighting Build
[2018.11.19-20.24.00:921][  0]LogAIModule: Creating AISystem for world Minimal_Default
[2018.11.19-20.24.00:962][  0]LogEditorServer: Finished looking for orphan Actors (0.000 secs)
[2018.11.19-20.24.01:003][  0]Cmd: MAP CHECKDEP NOCLEARLOG
[2018.11.19-20.24.01:216][  0]MapCheck: Map check complete: 0 Error(s), 0 Warning(s), took 212.176ms to complete.
[2018.11.19-20.24.01:216][  0]LogFileHelpers: Loading map 'Minimal_Default' took 1.052
[2018.11.19-20.24.01:372][  0]LogSlate: Updating window title bar state: overlay mode, drag disabled, window buttons hidden, title bar hidden
[2018.11.19-20.24.01:386][  0]LogSlate: Updating window title bar state: overlay mode, drag disabled, window buttons hidden, title bar hidden
[2018.11.19-20.24.01:403][  0]LogSlate: Updating window title bar state: overlay mode, drag disabled, window buttons hidden, title bar hidden
[2018.11.19-20.24.01:416][  0]LogSlate: Updating window title bar state: overlay mode, drag disabled, window buttons hidden, title bar hidden
[2018.11.19-20.24.01:429][  0]LogCollectionManager: Loaded 0 collections in 0.003809 seconds
[2018.11.19-20.24.01:480][  0]LogFileCache: Scanning file cache for directory 'C:/Users/kevin/Documents/GitHub/Honours-Project/ProcGenCity/Saved/Collections/' took 0.01s
[2018.11.19-20.24.01:480][  0]LogFileCache: Scanning file cache for directory 'C:/Users/kevin/Documents/GitHub/Honours-Project/ProcGenCity/Content/Developers/kevin/Collections/' took 0.01s
[2018.11.19-20.24.01:480][  0]LogFileCache: Scanning file cache for directory 'C:/Users/kevin/Documents/GitHub/Honours-Project/ProcGenCity/Content/Collections/' took 0.01s
[2018.11.19-20.24.01:480][  0]LogCollectionManager: Rebuilt the GUID cache for 0 collections in 0.000001 seconds
[2018.11.19-20.24.01:497][  0]LogContentBrowser: Native class hierarchy populated in 0.0165 seconds. Added 2576 classes and 605 folders.
[2018.11.19-20.24.01:511][  0]LogContentBrowser: Native class hierarchy updated for 'WidgetCarousel' in 0.0008 seconds. Added 0 classes and 0 folders.
[2018.11.19-20.24.01:644][  0]LogContentBrowser: Native class hierarchy updated for 'AddContentDialog' in 0.0009 seconds. Added 0 classes and 0 folders.
[2018.11.19-20.24.01:653][  0]LogContentBrowser: Native class hierarchy updated for 'SceneOutliner' in 0.0006 seconds. Added 1 classes and 2 folders.
[2018.11.19-20.24.01:681][  0]LogSlate: Took 0.000451 seconds to synchronously load lazily loaded font '../../../Engine/Content/Slate/Fonts/Roboto-Regular.ttf' (155K)
[2018.11.19-20.24.01:688][  0]LogSlate: Took 0.000583 seconds to synchronously load lazily loaded font '../../../Engine/Content/Slate/Fonts/Roboto-Bold.ttf' (160K)
[2018.11.19-20.24.01:700][  0]LogSlate: Took 0.000425 seconds to synchronously load lazily loaded font '../../../Engine/Content/Editor/Slate/Fonts/FontAwesome.ttf' (139K)
[2018.11.19-20.24.01:845][  0]LogRenderer: Reallocating scene render targets to support 1208x576 Format 9 NumSamples 1 (Frame:1).
[2018.11.19-20.24.02:053][  0]LogContentBrowser: Native class hierarchy updated for 'HierarchicalLODOutliner' in 0.0008 seconds. Added 0 classes and 0 folders.
[2018.11.19-20.24.02:053][  0]LogLoad: (Engine Initialization) Total time: 19.17 seconds
[2018.11.19-20.24.02:053][  0]LogLoad: (Engine Initialization) Total Blueprint compile time: 0.00 seconds
[2018.11.19-20.24.02:094][  0]LogContentStreaming: Texture pool size now 400 MB
[2018.11.19-20.24.02:151][  0]LogSlate: Took 0.000405 seconds to synchronously load lazily loaded font '../../../Engine/Content/Slate/Fonts/Roboto-Light.ttf' (167K)
[2018.11.19-20.24.02:292][  2]LogAssetRegistry: Asset discovery search completed in 9.8747 seconds
[2018.11.19-20.24.02:293][  2]LogCollectionManager: Rebuilt the object cache for 0 collections in 0.000001 seconds (found 0 objects)
[2018.11.19-20.24.02:293][  2]LogCollectionManager: Fixed up redirectors for 0 collections in 0.000077 seconds (updated 0 objects)
[2018.11.19-20.24.25:799][151]LogSlate: FSceneViewport::OnFocusLost() reason 0
[2018.11.19-20.24.26:086][171]Candidate modules for hot reload:
[2018.11.19-20.24.26:086][171]  ProcGenCity
[2018.11.19-20.24.26:087][171]Launching UnrealBuildTool... [C:/Program Files/Epic Games/UE_4.20/Engine/Binaries/DotNET/UnrealBuildTool.exe  -ModuleWithSuffix=ProcGenCity,815 Win64 Development -TargetType=Editor -Project="../../../../../../Users/kevin/Documents/GitHub/Honours-Project/ProcGenCity/ProcGenCity.uproject" -canskiplink "C:/Users/kevin/Documents/GitHub/Honours-Project/ProcGenCity/ProcGenCity.uproject" ]
[2018.11.19-20.24.26:091][171]Warning: Starting HotReload took  0.1s.
[2018.11.19-20.24.38:575][248]CompilerResultsLog: New page: Compilation - 19 Nov 2018 20:24:38
[2018.11.19-20.24.38:575][248]CompilerResultsLog: Using 'git status' to determine working set for adaptive non-unity build.
[2018.11.19-20.24.38:575][248]CompilerResultsLog: Compiling game modules for hot reload
[2018.11.19-20.24.38:575][248]CompilerResultsLog: Building 4 actions with 8 processes...
[2018.11.19-20.24.38:575][248]CompilerResultsLog:   [1/4] MyProcMesh.cpp
[2018.11.19-20.24.38:575][248]CompilerResultsLog:   [2/4] LotPlacement.cpp
[2018.11.19-20.24.38:575][248]CompilerResultsLog:   [3/4] UE4Editor-ProcGenCity-815.lib
[2018.11.19-20.24.38:575][248]CompilerResultsLog:      Creating library C:\Users\kevin\Documents\GitHub\Honours-Project\ProcGenCity\Intermediate\Build\Win64\UE4Editor\Development\ProcGenCity\UE4Editor-ProcGenCity-815.lib and object C:\Users\kevin\Documents\GitHub\Honours-Project\ProcGenCity\Intermediate\Build\Win64\UE4Editor\Development\ProcGenCity\UE4Editor-ProcGenCity-815.exp
[2018.11.19-20.24.38:576][248]CompilerResultsLog:   [4/4] UE4Editor-ProcGenCity-815.dll
[2018.11.19-20.24.38:576][248]CompilerResultsLog:      Creating library C:\Users\kevin\Documents\GitHub\Honours-Project\ProcGenCity\Intermediate\Build\Win64\UE4Editor\Development\ProcGenCity\UE4Editor-ProcGenCity-815.suppressed.lib and object C:\Users\kevin\Documents\GitHub\Honours-Project\ProcGenCity\Intermediate\Build\Win64\UE4Editor\Development\ProcGenCity\UE4Editor-ProcGenCity-815.suppressed.exp
[2018.11.19-20.24.38:576][248]CompilerResultsLog: Total build time: 11.84 seconds (Parallel executor: 5.18 seconds)
[2018.11.19-20.24.38:576][248]LogMainFrame: MainFrame: Module compiling took 12.504 seconds
[2018.11.19-20.24.39:732][248]LogContentBrowser: Native class hierarchy updated for 'ProcGenCity' in 0.0011 seconds. Added 4 classes and 2 folders.
[2018.11.19-20.24.39:737][248]Display: HotReload successful (0 functions remapped  0 scriptstructs remapped)
[2018.11.19-20.24.39:915][248]LogContentBrowser: Native class hierarchy populated in 0.0189 seconds. Added 2577 classes and 607 folders.
[2018.11.19-20.24.39:917][248]Display: HotReload took 13.9s.
[2018.11.19-20.24.59:304][436]LogSlate: FSceneViewport::OnFocusLost() reason 0
[2018.11.19-20.24.59:444][446]LogActor: Warning: MyLotPlacement_C /Engine/Transient.World_0:PersistentLevel.MyLotPlacement_C_0 has natively added scene component(s), but none of them were set as the actor's RootComponent - picking one arbitrarily
[2018.11.19-20.24.59:445][446]LogActor: Warning: MyLotDesigner_C /Engine/Transient.World_0:PersistentLevel.MyLotDesigner_C_0 has natively added scene component(s), but none of them were set as the actor's RootComponent - picking one arbitrarily
[2018.11.19-20.24.59:445][446]LogActor: Warning: MyLotDesigner_C /Engine/Transient.World_0:PersistentLevel.MyLotDesigner_C_1 has natively added scene component(s), but none of them were set as the actor's RootComponent - picking one arbitrarily
[2018.11.19-20.24.59:445][446]LogActor: Warning: MyLotDesigner_C /Engine/Transient.World_0:PersistentLevel.MyLotDesigner_C_2 has natively added scene component(s), but none of them were set as the actor's RootComponent - picking one arbitrarily
[2018.11.19-20.24.59:445][446]LogActor: Warning: MyLotDesigner_C /Engine/Transient.World_0:PersistentLevel.MyLotDesigner_C_3 has natively added scene component(s), but none of them were set as the actor's RootComponent - picking one arbitrarily
[2018.11.19-20.24.59:446][446]LogActor: Warning: MyProcMesh /Engine/Transient.World_0:PersistentLevel.MyProcMesh_0 has natively added scene component(s), but none of them were set as the actor's RootComponent - picking one arbitrarily
[2018.11.19-20.24.59:475][446]LogActor: Warning: MyLotDesigner_C /Engine/Transient.World_1:PersistentLevel.MyLotDesigner_C_0 has natively added scene component(s), but none of them were set as the actor's RootComponent - picking one arbitrarily
[2018.11.19-20.24.59:523][447]LogActor: Warning: MyLotPlacement_C /Game/StarterContent/Maps/Minimal_Default.Minimal_Default:PersistentLevel.MyLotPlacement_C_0 has natively added scene component(s), but none of them were set as the actor's RootComponent - picking one arbitrarily
[2018.11.19-20.24.59:523][447]LogActor: Warning: MyLotDesigner_C /Game/StarterContent/Maps/Minimal_Default.Minimal_Default:PersistentLevel.MyLotDesigner_C_0 has natively added scene component(s), but none of them were set as the actor's RootComponent - picking one arbitrarily
[2018.11.19-20.24.59:529][447]LogActor: Warning: MyLotDesigner_C /Game/StarterContent/Maps/Minimal_Default.Minimal_Default:PersistentLevel.MyLotDesigner_C_1 has natively added scene component(s), but none of them were set as the actor's RootComponent - picking one arbitrarily
[2018.11.19-20.24.59:529][447]LogActor: Warning: MyLotDesigner_C /Game/StarterContent/Maps/Minimal_Default.Minimal_Default:PersistentLevel.MyLotDesigner_C_2 has natively added scene component(s), but none of them were set as the actor's RootComponent - picking one arbitrarily
[2018.11.19-20.24.59:530][447]LogActor: Warning: MyLotDesigner_C /Game/StarterContent/Maps/Minimal_Default.Minimal_Default:PersistentLevel.MyLotDesigner_C_3 has natively added scene component(s), but none of them were set as the actor's RootComponent - picking one arbitrarily
[2018.11.19-20.24.59:530][447]LogActor: Warning: MyProcMesh /Game/StarterContent/Maps/Minimal_Default.Minimal_Default:PersistentLevel.MyProcMesh_0 has natively added scene component(s), but none of them were set as the actor's RootComponent - picking one arbitrarily
[2018.11.19-20.25.04:269][797]LogActor: Warning: MyLotPlacement_C /Game/StarterContent/Maps/Minimal_Default.Minimal_Default:PersistentLevel.MyLotPlacement_C_1 has natively added scene component(s), but none of them were set as the actor's RootComponent - picking one arbitrarily
[2018.11.19-20.25.04:270][797]LogActor: Warning: MyLotDesigner_C /Game/StarterContent/Maps/Minimal_Default.Minimal_Default:PersistentLevel.MyLotDesigner_C_4 has natively added scene component(s), but none of them were set as the actor's RootComponent - picking one arbitrarily
[2018.11.19-20.25.04:270][797]LogActor: Warning: MyLotDesigner_C /Game/StarterContent/Maps/Minimal_Default.Minimal_Default:PersistentLevel.MyLotDesigner_C_5 has natively added scene component(s), but none of them were set as the actor's RootComponent - picking one arbitrarily
[2018.11.19-20.25.04:271][797]LogActor: Warning: MyLotDesigner_C /Game/StarterContent/Maps/Minimal_Default.Minimal_Default:PersistentLevel.MyLotDesigner_C_6 has natively added scene component(s), but none of them were set as the actor's RootComponent - picking one arbitrarily
[2018.11.19-20.25.04:275][797]LogActor: Warning: MyLotDesigner_C /Game/StarterContent/Maps/Minimal_Default.Minimal_Default:PersistentLevel.MyLotDesigner_C_7 has natively added scene component(s), but none of them were set as the actor's RootComponent - picking one arbitrarily
[2018.11.19-20.25.04:276][797]LogActor: Warning: MyProcMesh /Game/StarterContent/Maps/Minimal_Default.Minimal_Default:PersistentLevel.MyProcMesh_1 has natively added scene component(s), but none of them were set as the actor's RootComponent - picking one arbitrarily
[2018.11.19-20.25.19:912][166]LogSlate: FSceneViewport::OnFocusLost() reason 0
[2018.11.19-20.25.44:927][103]LogSlate: Took 0.000356 seconds to synchronously load lazily loaded font '../../../Engine/Content/Slate/Fonts/Roboto-Light.ttf' (167K)
[2018.11.19-20.25.55:875][866]LogEditorViewport: Clicking on Actor (LMB): MyProcMesh (MyProcMesh1)
[2018.11.19-20.26.02:793][449]LogSlate: FSceneViewport::OnFocusLost() reason 0
[2018.11.19-20.27.19:018][472]Candidate modules for hot reload:
[2018.11.19-20.27.19:018][472]  ProcGenCity
[2018.11.19-20.27.19:018][472]Launching UnrealBuildTool... [C:/Program Files/Epic Games/UE_4.20/Engine/Binaries/DotNET/UnrealBuildTool.exe  -ModuleWithSuffix=ProcGenCity,9301 Win64 Development -TargetType=Editor -Project="../../../../../../Users/kevin/Documents/GitHub/Honours-Project/ProcGenCity/ProcGenCity.uproject" -canskiplink "C:/Users/kevin/Documents/GitHub/Honours-Project/ProcGenCity/ProcGenCity.uproject" ]
[2018.11.19-20.27.19:022][472]Warning: Starting HotReload took  0.0s.
[2018.11.19-20.27.20:263][551]LogEditorViewport: Clicking on Actor (LMB): MyLotDesigner_C (MyLotDesigner3)
[2018.11.19-20.27.25:875][963]Cmd: DELETE
[2018.11.19-20.27.25:875][963]Cmd: ACTOR DELETE
[2018.11.19-20.27.25:891][963]LogEditorActor: Deleted Actor: MyLotDesigner_C
[2018.11.19-20.27.25:893][963]LogEditorActor: Deleted Actor: MyLotDesigner_C
[2018.11.19-20.27.25:894][963]LogEditorActor: Deleted Actor: MyLotDesigner_C
[2018.11.19-20.27.25:895][963]LogEditorActor: Deleted Actor: MyLotDesigner_C
[2018.11.19-20.27.25:896][963]LogEditorActor: Deleted Actor: MyProcMesh
[2018.11.19-20.27.25:937][963]LogEditorActor: Deleted 5 Actors (0.061 secs)
[2018.11.19-20.27.27:148][ 77]LogEditorViewport: Clicking on Actor (LMB): MyProcMesh (MyProcMesh1)
[2018.11.19-20.27.27:841][122]LogSlate: Took 0.000558 seconds to synchronously load lazily loaded font '../../../Engine/Content/Slate/Fonts/Roboto-Italic.ttf' (157K)
[2018.11.19-20.27.30:964][343]CompilerResultsLog: New page: Compilation - 19 Nov 2018 20:27:30
[2018.11.19-20.27.30:964][343]CompilerResultsLog: Using 'git status' to determine working set for adaptive non-unity build.
[2018.11.19-20.27.30:964][343]CompilerResultsLog: Compiling game modules for hot reload
[2018.11.19-20.27.30:964][343]CompilerResultsLog: Building 3 actions with 8 processes...
[2018.11.19-20.27.30:964][343]CompilerResultsLog:   [1/3] MyProcMesh.cpp
[2018.11.19-20.27.30:964][343]CompilerResultsLog:   [2/3] UE4Editor-ProcGenCity-9301.lib
[2018.11.19-20.27.30:964][343]CompilerResultsLog:      Creating library C:\Users\kevin\Documents\GitHub\Honours-Project\ProcGenCity\Intermediate\Build\Win64\UE4Editor\Development\ProcGenCity\UE4Editor-ProcGenCity-9301.lib and object C:\Users\kevin\Documents\GitHub\Honours-Project\ProcGenCity\Intermediate\Build\Win64\UE4Editor\Development\ProcGenCity\UE4Editor-ProcGenCity-9301.exp
[2018.11.19-20.27.30:965][343]CompilerResultsLog:   [3/3] UE4Editor-ProcGenCity-9301.dll
[2018.11.19-20.27.30:965][343]CompilerResultsLog:      Creating library C:\Users\kevin\Documents\GitHub\Honours-Project\ProcGenCity\Intermediate\Build\Win64\UE4Editor\Development\ProcGenCity\UE4Editor-ProcGenCity-9301.suppressed.lib and object C:\Users\kevin\Documents\GitHub\Honours-Project\ProcGenCity\Intermediate\Build\Win64\UE4Editor\Development\ProcGenCity\UE4Editor-ProcGenCity-9301.suppressed.exp
[2018.11.19-20.27.30:965][343]CompilerResultsLog: Total build time: 11.28 seconds (Parallel executor: 4.48 seconds)
[2018.11.19-20.27.30:965][343]LogMainFrame: MainFrame: Module compiling took 11.960 seconds
[2018.11.19-20.27.33:899][343]LogContentBrowser: Native class hierarchy updated for 'ProcGenCity' in 0.0006 seconds. Added 4 classes and 2 folders.
[2018.11.19-20.27.33:902][343]Display: HotReload successful (0 functions remapped  0 scriptstructs remapped)
[2018.11.19-20.27.33:978][343]LogContentBrowser: Native class hierarchy populated in 0.0117 seconds. Added 2577 classes and 607 folders.
[2018.11.19-20.27.33:978][343]Display: HotReload took 15.0s.
[2018.11.19-20.27.33:981][343]LogSlate: FSceneViewport::OnFocusLost() reason 0
[2018.11.19-20.28.00:300][523]LogEditorViewport: Clicking on Actor (LMB): MyLotPlacement_C (MyLotPlacement)
[2018.11.19-20.28.05:276][977]LogEditorViewport: Clicking on Actor (LMB): MyProcMesh (MyProcMesh1)
[2018.11.19-20.28.12:286][595]LogSlate: FSceneViewport::OnFocusLost() reason 0
[2018.11.19-20.28.15:711][905]LogEditorActor: Actor MyProcMesh1 is referenced by MyLotPlacement.
[2018.11.19-20.28.18:276][905]LogSlate: Window 'Message' being destroyed
[2018.11.19-20.28.18:286][905]LogEditorActor: Deleted Actor: MyProcMesh
[2018.11.19-20.28.18:287][905]LogEditorActor: Actor MyLotDesigner4 is referenced by MyLotPlacement.
[2018.11.19-20.28.18:288][905]LogEditorActor: Deleted Actor: MyLotDesigner_C
[2018.11.19-20.28.18:288][905]LogEditorActor: Actor MyLotDesigner5 is referenced by MyLotPlacement.
[2018.11.19-20.28.18:288][905]LogEditorActor: Deleted Actor: MyLotDesigner_C
[2018.11.19-20.28.18:289][905]LogEditorActor: Actor MyLotDesigner6 is referenced by MyLotPlacement.
[2018.11.19-20.28.18:289][905]LogEditorActor: Deleted Actor: MyLotDesigner_C
[2018.11.19-20.28.18:290][905]LogEditorActor: Actor MyLotDesigner7 is referenced by MyLotPlacement.
[2018.11.19-20.28.18:291][905]LogEditorActor: Deleted Actor: MyLotDesigner_C
[2018.11.19-20.28.18:291][905]LogEditorActor: Actor MyLotPlacement is referenced by MyLotDesigner4.
[2018.11.19-20.28.18:291][905]LogEditorActor: Actor MyLotPlacement is referenced by MyLotDesigner5.
[2018.11.19-20.28.18:291][905]LogEditorActor: Actor MyLotPlacement is referenced by MyLotDesigner6.
[2018.11.19-20.28.18:291][905]LogEditorActor: Actor MyLotPlacement is referenced by MyLotDesigner7.
[2018.11.19-20.28.18:291][905]LogEditorActor: Actor MyLotPlacement is referenced by MyProcMesh1.
[2018.11.19-20.28.18:291][905]LogEditorActor: Deleted Actor: MyLotPlacement_C
[2018.11.19-20.28.18:327][905]LogEditorActor: Deleted 6 Actors (2.629 secs)
[2018.11.19-20.28.19:826][ 36]LogActor: Warning: MyLotPlacement_C /Game/StarterContent/Maps/Minimal_Default.Minimal_Default:PersistentLevel.MyLotPlacement_C_3 has natively added scene component(s), but none of them were set as the actor's RootComponent - picking one arbitrarily
[2018.11.19-20.28.19:827][ 36]LogActor: Warning: MyLotDesigner_C /Game/StarterContent/Maps/Minimal_Default.Minimal_Default:PersistentLevel.MyLotDesigner_C_8 has natively added scene component(s), but none of them were set as the actor's RootComponent - picking one arbitrarily
[2018.11.19-20.28.19:827][ 36]LogActor: Warning: MyLotDesigner_C /Game/StarterContent/Maps/Minimal_Default.Minimal_Default:PersistentLevel.MyLotDesigner_C_9 has natively added scene component(s), but none of them were set as the actor's RootComponent - picking one arbitrarily
[2018.11.19-20.28.19:828][ 36]LogActor: Warning: MyLotDesigner_C /Game/StarterContent/Maps/Minimal_Default.Minimal_Default:PersistentLevel.MyLotDesigner_C_10 has natively added scene component(s), but none of them were set as the actor's RootComponent - picking one arbitrarily
[2018.11.19-20.28.19:828][ 36]LogActor: Warning: MyLotDesigner_C /Game/StarterContent/Maps/Minimal_Default.Minimal_Default:PersistentLevel.MyLotDesigner_C_11 has natively added scene component(s), but none of them were set as the actor's RootComponent - picking one arbitrarily
[2018.11.19-20.28.19:828][ 36]LogActor: Warning: MyProcMesh /Game/StarterContent/Maps/Minimal_Default.Minimal_Default:PersistentLevel.MyProcMesh_2 has natively added scene component(s), but none of them were set as the actor's RootComponent - picking one arbitrarily
[2018.11.19-20.28.22:830][316]LogActor: Warning: MyLotPlacement_C /Game/StarterContent/Maps/Minimal_Default.Minimal_Default:PersistentLevel.MyLotPlacement_C_5 has natively added scene component(s), but none of them were set as the actor's RootComponent - picking one arbitrarily
[2018.11.19-20.28.22:831][316]LogActor: Warning: MyLotDesigner_C /Game/StarterContent/Maps/Minimal_Default.Minimal_Default:PersistentLevel.MyLotDesigner_C_12 has natively added scene component(s), but none of them were set as the actor's RootComponent - picking one arbitrarily
[2018.11.19-20.28.22:832][316]LogActor: Warning: MyLotDesigner_C /Game/StarterContent/Maps/Minimal_Default.Minimal_Default:PersistentLevel.MyLotDesigner_C_13 has natively added scene component(s), but none of them were set as the actor's RootComponent - picking one arbitrarily
[2018.11.19-20.28.22:833][316]LogActor: Warning: MyLotDesigner_C /Game/StarterContent/Maps/Minimal_Default.Minimal_Default:PersistentLevel.MyLotDesigner_C_14 has natively added scene component(s), but none of them were set as the actor's RootComponent - picking one arbitrarily
[2018.11.19-20.28.22:833][316]LogActor: Warning: MyLotDesigner_C /Game/StarterContent/Maps/Minimal_Default.Minimal_Default:PersistentLevel.MyLotDesigner_C_15 has natively added scene component(s), but none of them were set as the actor's RootComponent - picking one arbitrarily
[2018.11.19-20.28.22:834][316]LogActor: Warning: MyProcMesh /Game/StarterContent/Maps/Minimal_Default.Minimal_Default:PersistentLevel.MyProcMesh_3 has natively added scene component(s), but none of them were set as the actor's RootComponent - picking one arbitrarily
[2018.11.19-20.28.50:875][ 71]LogSlate: FSceneViewport::OnFocusLost() reason 2
[2018.11.19-20.28.52:310][147]LogEditorViewport: Clicking on Actor (LMB): MyProcMesh (MyProcMesh2)
[2018.11.19-20.28.58:161][471]Cmd: DELETE
[2018.11.19-20.28.58:161][471]Cmd: ACTOR DELETE
[2018.11.19-20.28.58:176][471]LogEditorActor: Deleted Actor: MyProcMesh
[2018.11.19-20.28.58:178][471]LogEditorActor: Deleted Actor: MyLotDesigner_C
[2018.11.19-20.28.58:179][471]LogEditorActor: Deleted Actor: MyLotDesigner_C
[2018.11.19-20.28.58:180][471]LogEditorActor: Deleted Actor: MyLotDesigner_C
[2018.11.19-20.28.58:180][471]LogEditorActor: Deleted Actor: MyLotDesigner_C
[2018.11.19-20.28.58:227][471]LogEditorActor: Deleted 5 Actors (0.065 secs)
[2018.11.19-20.28.59:814][564]LogSlate: FSceneViewport::OnFocusLost() reason 0
[2018.11.19-20.29.00:084][576]Candidate modules for hot reload:
[2018.11.19-20.29.00:084][576]  ProcGenCity
[2018.11.19-20.29.00:085][576]Launching UnrealBuildTool... [C:/Program Files/Epic Games/UE_4.20/Engine/Binaries/DotNET/UnrealBuildTool.exe  -ModuleWithSuffix=ProcGenCity,7910 Win64 Development -TargetType=Editor -Project="../../../../../../Users/kevin/Documents/GitHub/Honours-Project/ProcGenCity/ProcGenCity.uproject" -canskiplink "C:/Users/kevin/Documents/GitHub/Honours-Project/ProcGenCity/ProcGenCity.uproject" ]
[2018.11.19-20.29.00:089][576]Warning: Starting HotReload took  0.1s.
[2018.11.19-20.29.01:153][635]LogEditorViewport: Clicking on Actor (LMB): MyLotPlacement_C (MyLotPlacement)
[2018.11.19-20.29.11:600][255]CompilerResultsLog: New page: Compilation - 19 Nov 2018 20:29:11
[2018.11.19-20.29.11:600][255]CompilerResultsLog: Using 'git status' to determine working set for adaptive non-unity build.
[2018.11.19-20.29.11:600][255]CompilerResultsLog: Compiling game modules for hot reload
[2018.11.19-20.29.11:600][255]CompilerResultsLog: Building 3 actions with 8 processes...
[2018.11.19-20.29.11:600][255]CompilerResultsLog:   [1/3] MyProcMesh.cpp
[2018.11.19-20.29.11:600][255]CompilerResultsLog:   [2/3] UE4Editor-ProcGenCity-7910.lib
[2018.11.19-20.29.11:600][255]CompilerResultsLog:      Creating library C:\Users\kevin\Documents\GitHub\Honours-Project\ProcGenCity\Intermediate\Build\Win64\UE4Editor\Development\ProcGenCity\UE4Editor-ProcGenCity-7910.lib and object C:\Users\kevin\Documents\GitHub\Honours-Project\ProcGenCity\Intermediate\Build\Win64\UE4Editor\Development\ProcGenCity\UE4Editor-ProcGenCity-7910.exp
[2018.11.19-20.29.11:600][255]CompilerResultsLog:   [3/3] UE4Editor-ProcGenCity-7910.dll
[2018.11.19-20.29.11:600][255]CompilerResultsLog:      Creating library C:\Users\kevin\Documents\GitHub\Honours-Project\ProcGenCity\Intermediate\Build\Win64\UE4Editor\Development\ProcGenCity\UE4Editor-ProcGenCity-7910.suppressed.lib and object C:\Users\kevin\Documents\GitHub\Honours-Project\ProcGenCity\Intermediate\Build\Win64\UE4Editor\Development\ProcGenCity\UE4Editor-ProcGenCity-7910.suppressed.exp
[2018.11.19-20.29.11:600][255]CompilerResultsLog: Total build time: 10.87 seconds (Parallel executor: 4.19 seconds)
[2018.11.19-20.29.11:601][255]LogMainFrame: MainFrame: Module compiling took 11.529 seconds
[2018.11.19-20.29.13:039][255]LogContentBrowser: Native class hierarchy updated for 'ProcGenCity' in 0.0009 seconds. Added 4 classes and 2 folders.
[2018.11.19-20.29.13:043][255]Display: HotReload successful (0 functions remapped  0 scriptstructs remapped)
[2018.11.19-20.29.13:128][255]LogContentBrowser: Native class hierarchy populated in 0.0127 seconds. Added 2577 classes and 607 folders.
[2018.11.19-20.29.13:129][255]Display: HotReload took 13.1s.
[2018.11.19-20.29.20:123][672]LogEditorViewport: Clicking on Actor (LMB): MyProcMesh (MyProcMesh3)
[2018.11.19-20.29.22:378][803]LogEditorViewport: Clicking on Actor (LMB): MyLotPlacement_C (MyLotPlacement)
[2018.11.19-20.29.23:652][876]LogEditorViewport: Clicking on Actor (LMB): MyProcMesh (MyProcMesh3)
[2018.11.19-20.29.31:877][353]LogEditorViewport: Clicking on Actor (LMB): MyProcMesh (MyProcMesh3)
[2018.11.19-20.29.38:060][712]LogSlate: FSceneViewport::OnFocusLost() reason 0
[2018.11.19-20.29.40:858][875]LogEditorActor: Actor MyLotDesigner12 is referenced by MyLotPlacement.
[2018.11.19-20.29.43:142][875]LogSlate: Window 'Message' being destroyed
[2018.11.19-20.29.43:155][875]LogEditorActor: Deleted Actor: MyLotDesigner_C
[2018.11.19-20.29.43:156][875]LogEditorActor: Actor MyLotDesigner13 is referenced by MyLotPlacement.
[2018.11.19-20.29.43:156][875]LogEditorActor: Deleted Actor: MyLotDesigner_C
[2018.11.19-20.29.43:157][875]LogEditorActor: Actor MyLotDesigner14 is referenced by MyLotPlacement.
[2018.11.19-20.29.43:158][875]LogEditorActor: Deleted Actor: MyLotDesigner_C
[2018.11.19-20.29.43:159][875]LogEditorActor: Actor MyLotDesigner15 is referenced by MyLotPlacement.
[2018.11.19-20.29.43:159][875]LogEditorActor: Deleted Actor: MyLotDesigner_C
[2018.11.19-20.29.43:160][875]LogEditorActor: Actor MyLotPlacement is referenced by MyLotDesigner12.
[2018.11.19-20.29.43:160][875]LogEditorActor: Actor MyLotPlacement is referenced by MyLotDesigner13.
[2018.11.19-20.29.43:160][875]LogEditorActor: Actor MyLotPlacement is referenced by MyLotDesigner14.
[2018.11.19-20.29.43:160][875]LogEditorActor: Actor MyLotPlacement is referenced by MyLotDesigner15.
[2018.11.19-20.29.43:160][875]LogEditorActor: Actor MyLotPlacement is referenced by MyProcMesh3.
[2018.11.19-20.29.43:161][875]LogEditorActor: Deleted Actor: MyLotPlacement_C
[2018.11.19-20.29.43:161][875]LogEditorActor: Actor MyProcMesh3 is referenced by MyLotPlacement.
[2018.11.19-20.29.43:161][875]LogEditorActor: Deleted Actor: MyProcMesh
[2018.11.19-20.29.43:197][875]LogEditorActor: Deleted 6 Actors (2.351 secs)
[2018.11.19-20.29.44:452][947]LogActor: Warning: MyLotPlacement_C /Game/StarterContent/Maps/Minimal_Default.Minimal_Default:PersistentLevel.MyLotPlacement_C_7 has natively added scene component(s), but none of them were set as the actor's RootComponent - picking one arbitrarily
[2018.11.19-20.29.44:453][947]LogActor: Warning: MyLotDesigner_C /Game/StarterContent/Maps/Minimal_Default.Minimal_Default:PersistentLevel.MyLotDesigner_C_16 has natively added scene component(s), but none of them were set as the actor's RootComponent - picking one arbitrarily
[2018.11.19-20.29.44:453][947]LogActor: Warning: MyLotDesigner_C /Game/StarterContent/Maps/Minimal_Default.Minimal_Default:PersistentLevel.MyLotDesigner_C_17 has natively added scene component(s), but none of them were set as the actor's RootComponent - picking one arbitrarily
[2018.11.19-20.29.44:454][947]LogActor: Warning: MyLotDesigner_C /Game/StarterContent/Maps/Minimal_Default.Minimal_Default:PersistentLevel.MyLotDesigner_C_18 has natively added scene component(s), but none of them were set as the actor's RootComponent - picking one arbitrarily
[2018.11.19-20.29.44:454][947]LogActor: Warning: MyLotDesigner_C /Game/StarterContent/Maps/Minimal_Default.Minimal_Default:PersistentLevel.MyLotDesigner_C_19 has natively added scene component(s), but none of them were set as the actor's RootComponent - picking one arbitrarily
[2018.11.19-20.29.44:454][947]LogActor: Warning: MyProcMesh /Game/StarterContent/Maps/Minimal_Default.Minimal_Default:PersistentLevel.MyProcMesh_4 has natively added scene component(s), but none of them were set as the actor's RootComponent - picking one arbitrarily
[2018.11.19-20.29.46:040][ 39]LogActor: Warning: MyLotPlacement_C /Game/StarterContent/Maps/Minimal_Default.Minimal_Default:PersistentLevel.MyLotPlacement_C_9 has natively added scene component(s), but none of them were set as the actor's RootComponent - picking one arbitrarily
[2018.11.19-20.29.46:041][ 39]LogActor: Warning: MyLotDesigner_C /Game/StarterContent/Maps/Minimal_Default.Minimal_Default:PersistentLevel.MyLotDesigner_C_20 has natively added scene component(s), but none of them were set as the actor's RootComponent - picking one arbitrarily
[2018.11.19-20.29.46:042][ 39]LogActor: Warning: MyLotDesigner_C /Game/StarterContent/Maps/Minimal_Default.Minimal_Default:PersistentLevel.MyLotDesigner_C_21 has natively added scene component(s), but none of them were set as the actor's RootComponent - picking one arbitrarily
[2018.11.19-20.29.46:043][ 39]LogActor: Warning: MyLotDesigner_C /Game/StarterContent/Maps/Minimal_Default.Minimal_Default:PersistentLevel.MyLotDesigner_C_22 has natively added scene component(s), but none of them were set as the actor's RootComponent - picking one arbitrarily
[2018.11.19-20.29.46:043][ 39]LogActor: Warning: MyLotDesigner_C /Game/StarterContent/Maps/Minimal_Default.Minimal_Default:PersistentLevel.MyLotDesigner_C_23 has natively added scene component(s), but none of them were set as the actor's RootComponent - picking one arbitrarily
[2018.11.19-20.29.46:044][ 39]LogActor: Warning: MyProcMesh /Game/StarterContent/Maps/Minimal_Default.Minimal_Default:PersistentLevel.MyProcMesh_5 has natively added scene component(s), but none of them were set as the actor's RootComponent - picking one arbitrarily
[2018.11.19-20.29.53:916][490]LogSlate: FSceneViewport::OnFocusLost() reason 0
[2018.11.19-20.30.05:811][791]Candidate modules for hot reload:
[2018.11.19-20.30.05:811][791]  ProcGenCity
[2018.11.19-20.30.05:812][791]Launching UnrealBuildTool... [C:/Program Files/Epic Games/UE_4.20/Engine/Binaries/DotNET/UnrealBuildTool.exe  -ModuleWithSuffix=ProcGenCity,7509 Win64 Development -TargetType=Editor -Project="../../../../../../Users/kevin/Documents/GitHub/Honours-Project/ProcGenCity/ProcGenCity.uproject" -canskiplink "C:/Users/kevin/Documents/GitHub/Honours-Project/ProcGenCity/ProcGenCity.uproject" ]
[2018.11.19-20.30.05:814][791]Warning: Starting HotReload took  0.1s.
[2018.11.19-20.30.16:564][408]Cmd: DELETE
[2018.11.19-20.30.16:564][408]Cmd: ACTOR DELETE
[2018.11.19-20.30.16:579][408]LogEditorActor: Deleted Actor: MyProcMesh
[2018.11.19-20.30.16:580][408]LogEditorActor: Deleted Actor: MyLotDesigner_C
[2018.11.19-20.30.16:581][408]LogEditorActor: Deleted Actor: MyLotDesigner_C
[2018.11.19-20.30.16:582][408]LogEditorActor: Deleted Actor: MyLotDesigner_C
[2018.11.19-20.30.16:583][408]LogEditorActor: Deleted Actor: MyLotDesigner_C
[2018.11.19-20.30.16:627][408]LogEditorActor: Deleted 5 Actors (0.063 secs)
[2018.11.19-20.30.16:874][423]CompilerResultsLog: New page: Compilation - 19 Nov 2018 20:30:16
[2018.11.19-20.30.16:874][423]CompilerResultsLog: Using 'git status' to determine working set for adaptive non-unity build.
[2018.11.19-20.30.16:874][423]CompilerResultsLog: Compiling game modules for hot reload
[2018.11.19-20.30.16:874][423]CompilerResultsLog: Building 3 actions with 8 processes...
[2018.11.19-20.30.16:874][423]CompilerResultsLog:   [1/3] MyProcMesh.cpp
[2018.11.19-20.30.16:874][423]CompilerResultsLog:   [2/3] UE4Editor-ProcGenCity-7509.lib
[2018.11.19-20.30.16:874][423]CompilerResultsLog:      Creating library C:\Users\kevin\Documents\GitHub\Honours-Project\ProcGenCity\Intermediate\Build\Win64\UE4Editor\Development\ProcGenCity\UE4Editor-ProcGenCity-7509.lib and object C:\Users\kevin\Documents\GitHub\Honours-Project\ProcGenCity\Intermediate\Build\Win64\UE4Editor\Development\ProcGenCity\UE4Editor-ProcGenCity-7509.exp
[2018.11.19-20.30.16:874][423]CompilerResultsLog:   [3/3] UE4Editor-ProcGenCity-7509.dll
[2018.11.19-20.30.16:874][423]CompilerResultsLog:      Creating library C:\Users\kevin\Documents\GitHub\Honours-Project\ProcGenCity\Intermediate\Build\Win64\UE4Editor\Development\ProcGenCity\UE4Editor-ProcGenCity-7509.suppressed.lib and object C:\Users\kevin\Documents\GitHub\Honours-Project\ProcGenCity\Intermediate\Build\Win64\UE4Editor\Development\ProcGenCity\UE4Editor-ProcGenCity-7509.suppressed.exp
[2018.11.19-20.30.16:874][423]CompilerResultsLog: Total build time: 10.44 seconds (Parallel executor: 4.10 seconds)
[2018.11.19-20.30.16:874][423]LogMainFrame: MainFrame: Module compiling took 11.075 seconds
[2018.11.19-20.30.17:490][423]LogContentBrowser: Native class hierarchy updated for 'ProcGenCity' in 0.0008 seconds. Added 4 classes and 2 folders.
[2018.11.19-20.30.17:493][423]Display: HotReload successful (0 functions remapped  0 scriptstructs remapped)
[2018.11.19-20.30.17:573][423]LogContentBrowser: Native class hierarchy populated in 0.0136 seconds. Added 2577 classes and 607 folders.
[2018.11.19-20.30.17:573][423]Display: HotReload took 11.8s.
[2018.11.19-20.30.23:294][765]LogEditorViewport: Clicking on Actor (LMB): MyLotPlacement_C (MyLotPlacement)
[2018.11.19-20.30.31:786][263]LogSlate: FSceneViewport::OnFocusLost() reason 0
[2018.11.19-20.30.32:587][307]LogEditorActor: Actor MyProcMesh5 is referenced by MyLotPlacement.
[2018.11.19-20.30.34:740][307]LogSlate: Window 'Message' being destroyed
[2018.11.19-20.30.34:756][307]LogEditorActor: Deleted Actor: MyProcMesh
[2018.11.19-20.30.34:794][307]LogEditorActor: Deleted 1 Actors (2.220 secs)
[2018.11.19-20.30.35:631][357]LogEditorViewport: Clicking on Actor (LMB): MyLotPlacement_C (MyLotPlacement)
[2018.11.19-20.30.39:016][408]LogWindows: Error: === Critical error: ===
[2018.11.19-20.30.39:016][408]LogWindows: Error: 
[2018.11.19-20.30.39:017][408]LogWindows: Error: Fatal error!
[2018.11.19-20.30.39:017][408]LogWindows: Error: 
[2018.11.19-20.30.39:017][408]LogWindows: Error: Unhandled Exception: EXCEPTION_ACCESS_VIOLATION reading address 0x00000170
[2018.11.19-20.30.39:017][408]LogWindows: Error: 
[2018.11.19-20.30.39:017][408]LogWindows: Error: [Callstack] 0x00007fff487ee989 UE4Editor-Engine.dll!UnknownFunction []
[2018.11.19-20.30.39:017][408]LogWindows: Error: [Callstack] 0x00007fff2c035460 UE4Editor-ProcGenCity-7509.dll!ALotPlacement::OnConstruction() [c:\users\kevin\documents\github\honours-project\procgencity\source\procgencity\lotplacement.cpp:63]
[2018.11.19-20.30.39:017][408]LogWindows: Error: [Callstack] 0x00007fff487b4eff UE4Editor-Engine.dll!UnknownFunction []
[2018.11.19-20.30.39:017][408]LogWindows: Error: [Callstack] 0x00007fff487e71f1 UE4Editor-Engine.dll!UnknownFunction []
[2018.11.19-20.30.39:017][408]LogWindows: Error: [Callstack] 0x00007fff487d5198 UE4Editor-Engine.dll!UnknownFunction []
[2018.11.19-20.30.39:017][408]LogWindows: Error: [Callstack] 0x00007fff5a6742d2 UE4Editor-UnrealEd.dll!UnknownFunction []
[2018.11.19-20.30.39:017][408]LogWindows: Error: [Callstack] 0x00007fff5ab791f5 UE4Editor-UnrealEd.dll!UnknownFunction []
[2018.11.19-20.30.39:017][408]LogWindows: Error: [Callstack] 0x00007fff5ab798ca UE4Editor-UnrealEd.dll!UnknownFunction []
[2018.11.19-20.30.39:017][408]LogWindows: Error: [Callstack] 0x00007fff5aba29c3 UE4Editor-UnrealEd.dll!UnknownFunction []
[2018.11.19-20.30.39:017][408]LogWindows: Error: [Callstack] 0x00007fff5a7bc7e2 UE4Editor-UnrealEd.dll!UnknownFunction []
[2018.11.19-20.30.39:017][408]LogWindows: Error: [Callstack] 0x00007fff5a7b791d UE4Editor-UnrealEd.dll!UnknownFunction []
[2018.11.19-20.30.39:017][408]LogWindows: Error: [Callstack] 0x00007fff5abb63c1 UE4Editor-UnrealEd.dll!UnknownFunction []
[2018.11.19-20.30.39:017][408]LogWindows: Error: [Callstack] 0x00007fff5a6c76e2 UE4Editor-UnrealEd.dll!UnknownFunction []
[2018.11.19-20.30.39:017][408]LogWindows: Error: [Callstack] 0x00007fff5afbf666 UE4Editor-UnrealEd.dll!UnknownFunction []
[2018.11.19-20.30.39:017][408]LogWindows: Error: [Callstack] 0x00007ff7be2d5cbd UE4Editor.exe!UnknownFunction []
[2018.11.19-20.30.39:017][408]LogWindows: Error: [Callstack] 0x00007ff7be2e5b3c UE4Editor.exe!UnknownFunction []
[2018.11.19-20.30.39:017][408]LogWindows: Error: [Callstack] 0x00007ff7be2e5bba UE4Editor.exe!UnknownFunction []
[2018.11.19-20.30.39:017][408]LogWindows: Error: [Callstack] 0x00007ff7be2f3dac UE4Editor.exe!UnknownFunction []
[2018.11.19-20.30.39:017][408]LogWindows: Error: [Callstack] 0x00007ff7be2f5aaa UE4Editor.exe!UnknownFunction []
[2018.11.19-20.30.39:017][408]LogWindows: Error: [Callstack] 0x00007fff9bb93034 KERNEL32.DLL!UnknownFunction []
[2018.11.19-20.30.39:017][408]LogWindows: Error: [Callstack] 0x00007fff9c701471 ntdll.dll!UnknownFunction []
[2018.11.19-20.30.39:017][408]LogWindows: Error: 
[2018.11.19-20.30.39:045][408]LogExit: Executing StaticShutdownAfterError
[2018.11.19-20.30.39:050][408]LogWindows: FPlatformMisc::RequestExit(1)
[2018.11.19-20.30.39:059][408]Log file closed, 11/19/18 20:30:39
