Log file open, 02/12/19 16:50:37
LogWindows: Failed to load 'aqProf.dll' (GetLastError=126)
LogWindows: File 'aqProf.dll' does not exist
LogWindows: Failed to load 'VtuneApi.dll' (GetLastError=126)
LogWindows: File 'VtuneApi.dll' does not exist
LogWindows: Failed to load 'VtuneApi32e.dll' (GetLastError=126)
LogWindows: File 'VtuneApi32e.dll' does not exist
LogInit: Display: Running engine for game: ProcGenCity
LogPlatformFile: Not using cached read wrapper
LogTaskGraph: Started task graph with 5 named threads and 23 total threads with 3 sets of task threads.
LogStats: Stats thread started at 4.778918
LogD3D11RHI: Loaded GFSDK_Aftermath_Lib.x64.dll
LogICUInternationalization: Display: ICU TimeZone Detection - Raw Offset: +0:00, Platform Override: ''
LogPluginManager: Mounting plugin Paper2D
LogPluginManager: Mounting plugin AISupport
LogPluginManager: Mounting plugin LightPropagationVolume
LogPluginManager: Mounting plugin CLionSourceCodeAccess
LogPluginManager: Mounting plugin CodeLiteSourceCodeAccess
LogPluginManager: Mounting plugin GitSourceControl
LogPluginManager: Mounting plugin KDevelopSourceCodeAccess
LogPluginManager: Mounting plugin NullSourceCodeAccess
LogPluginManager: Mounting plugin PerforceSourceControl
LogPluginManager: Mounting plugin SubversionSourceControl
LogPluginManager: Mounting plugin UObjectPlugin
LogPluginManager: Mounting plugin VisualStudioCodeSourceCodeAccess
LogPluginManager: Mounting plugin VisualStudioSourceCodeAccess
LogPluginManager: Mounting plugin XCodeSourceCodeAccess
LogPluginManager: Mounting plugin AssetManagerEditor
LogPluginManager: Mounting plugin CryptoKeys
LogPluginManager: Mounting plugin DataValidation
LogPluginManager: Mounting plugin FacialAnimation
LogPluginManager: Mounting plugin GameplayTagsEditor
LogPluginManager: Mounting plugin MacGraphicsSwitching
LogPluginManager: Mounting plugin MeshEditor
LogPluginManager: Mounting plugin MobileLauncherProfileWizard
LogPluginManager: Mounting plugin PluginBrowser
LogPluginManager: Mounting plugin SpeedTreeImporter
LogPluginManager: Mounting plugin DatasmithContent
LogPluginManager: Mounting plugin AlembicImporter
LogPluginManager: Mounting plugin AppleImageUtils
LogPluginManager: Mounting plugin AppleVision
LogPluginManager: Mounting plugin BackChannel
LogPluginManager: Mounting plugin CharacterAI
LogPluginManager: Mounting plugin GeometryCache
LogPluginManager: Mounting plugin HTML5Networking
LogPluginManager: Mounting plugin ProxyLODPlugin
LogPluginManager: Mounting plugin MagicLeap
LogPluginManager: Mounting plugin MagicLeapEmulator
LogPluginManager: Mounting plugin MagicLeapMedia
LogPluginManager: Mounting plugin AndroidMedia
LogPluginManager: Mounting plugin AvfMedia
LogPluginManager: Mounting plugin ImgMedia
LogPluginManager: Mounting plugin LinearTimecode
LogPluginManager: Mounting plugin MediaCompositing
LogPluginManager: Mounting plugin MediaPlayerEditor
LogPluginManager: Mounting plugin WmfMedia
LogPluginManager: Mounting plugin TcpMessaging
LogPluginManager: Mounting plugin UdpMessaging
LogPluginManager: Mounting plugin ActorSequence
LogPluginManager: Mounting plugin LevelSequenceEditor
LogPluginManager: Mounting plugin MatineeToLevelSequence
LogPluginManager: Mounting plugin NetcodeUnitTest
LogPluginManager: Mounting plugin NUTUnrealEngine4
LogPluginManager: Mounting plugin OnlineSubsystemGooglePlay
LogPluginManager: Mounting plugin OnlineSubsystemIOS
LogPluginManager: Mounting plugin OnlineSubsystem
LogPluginManager: Mounting plugin OnlineSubsystemNull
LogPluginManager: Mounting plugin OnlineSubsystemUtils
LogPluginManager: Mounting plugin LauncherChunkInstaller
LogPluginManager: Mounting plugin AndroidDeviceProfileSelector
LogPluginManager: Mounting plugin AndroidMoviePlayer
LogPluginManager: Mounting plugin AndroidPermission
LogPluginManager: Mounting plugin AppleMoviePlayer
LogPluginManager: Mounting plugin ArchVisCharacter
LogPluginManager: Mounting plugin AudioCapture
LogPluginManager: Mounting plugin CableComponent
LogPluginManager: Mounting plugin CustomMeshComponent
LogPluginManager: Mounting plugin EditableMesh
LogPluginManager: Mounting plugin ExampleDeviceProfileSelector
LogPluginManager: Mounting plugin GoogleCloudMessaging
LogPluginManager: Mounting plugin ImmediatePhysics
LogPluginManager: Mounting plugin IOSDeviceProfileSelector
LogPluginManager: Mounting plugin LinuxDeviceProfileSelector
LogPluginManager: Mounting plugin LocationServicesBPLibrary
LogPluginManager: Mounting plugin MobilePatchingUtils
LogPluginManager: Mounting plugin OculusVR
LogPluginManager: Plugin shader directory ../../../Engine/Plugins/Runtime/Oculus/OculusVR/Shaders found
LogPluginManager: Mapping shader source directory ../../../Engine/Plugins/Runtime/Oculus/OculusVR/Shaders to virtual directory /Plugin/OculusVR
LogPluginManager: Mounting plugin PhysXVehicles
LogPluginManager: Mounting plugin ProceduralMeshComponent
LogPluginManager: Mounting plugin RuntimePhysXCooking
LogPluginManager: Mounting plugin SteamVR
LogPluginManager: Mounting plugin WindowsMoviePlayer
LogStreaming: Display: Took  0.464s to configure plugins.
LogInit: Using libcurl 7.55.1-DEV
LogInit:  - built for x86_64-pc-win32
LogInit:  - supports SSL with OpenSSL/1.0.2h
LogInit:  - supports HTTP deflate (compression) using libz 1.2.8
LogInit:  - other features:
LogInit:      CURL_VERSION_SSL
LogInit:      CURL_VERSION_LIBZ
LogInit:      CURL_VERSION_IPV6
LogInit:      CURL_VERSION_ASYNCHDNS
LogInit:      CURL_VERSION_LARGEFILE
LogInit:      CURL_VERSION_IDN
LogInit:  CurlRequestOptions (configurable via config and command line):
LogInit:  - bVerifyPeer = false  - Libcurl will NOT verify peer certificate
LogInit:  - bUseHttpProxy = false  - Libcurl will NOT use HTTP proxy
LogInit:  - bDontReuseConnections = false  - Libcurl will reuse connections
LogInit:  - CertBundlePath = nullptr  - Libcurl will use whatever was configured at build time.
LogInit:  - MaxHostConnections = 16  - Libcurl will limit the number of connections to a host
LogInit:  - LocalHostAddr = Default
LogInit:  - BufferSize = 65536
LogInit: WinSock: version 1.1 (2.2), MaxSocks=32767, MaxUdp=65467
LogHMD: Failed initializing OVRPlugin 1.25.0
LogInit: Build: ++UE4+Release-4.20-CL-4369336
LogInit: Engine Version: 4.20.3-4369336+++UE4+Release-4.20
LogInit: Compatible Engine Version: 4.20.0-4212847+++UE4+Release-4.20
LogInit: Net CL: 4212847
LogInit: OS: Windows 10 (), CPU: Intel(R) Core(TM) i7-4770K CPU @ 3.50GHz, GPU: NVIDIA GeForce GTX 1060 6GB
LogInit: Compiled (64-bit): Sep 17 2018 12:26:19
LogInit: Compiled with Visual C++: 19.13.26129.00
LogInit: Build Configuration: Development
LogInit: Branch Name: ++UE4+Release-4.20
LogInit: Command Line:  
LogInit: Base Directory: C:/Program Files/Epic Games/UE_4.20/Engine/Binaries/Win64/
LogInit: Installed Engine Build: 1
LogDevObjectVersion: Number of dev versions registered: 20
LogDevObjectVersion:   Dev-Blueprints (B0D832E4-1F89-4F0D-ACCF-7EB736FD4AA2): 10
LogDevObjectVersion:   Dev-Build (E1C64328-A22C-4D53-A36C-8E866417BD8C): 0
LogDevObjectVersion:   Dev-Core (375EC13C-06E4-48FB-B500-84F0262A717E): 2
LogDevObjectVersion:   Dev-Editor (E4B068ED-F494-42E9-A231-DA0B2E46BB41): 24
LogDevObjectVersion:   Dev-Framework (CFFC743F-43B0-4480-9391-14DF171D2073): 34
LogDevObjectVersion:   Dev-Mobile (B02B49B5-BB20-44E9-A304-32B752E40360): 2
LogDevObjectVersion:   Dev-Networking (A4E4105C-59A1-49B5-A7C5-40C4547EDFEE): 0
LogDevObjectVersion:   Dev-Online (39C831C9-5AE6-47DC-9A44-9C173E1C8E7C): 0
LogDevObjectVersion:   Dev-Physics (78F01B33-EBEA-4F98-B9B4-84EACCB95AA2): 0
LogDevObjectVersion:   Dev-Platform (6631380F-2D4D-43E0-8009-CF276956A95A): 0
LogDevObjectVersion:   Dev-Rendering (12F88B9F-8875-4AFC-A67C-D90C383ABD29): 26
LogDevObjectVersion:   Dev-Sequencer (7B5AE74C-D270-4C10-A958-57980B212A5A): 9
LogDevObjectVersion:   Dev-VR (D7296918-1DD6-4BDD-9DE2-64A83CC13884): 2
LogDevObjectVersion:   Dev-LoadTimes (C2A15278-BFE7-4AFE-6C17-90FF531DF755): 1
LogDevObjectVersion:   Private-Geometry (6EACA3D4-40EC-4CC1-B786-8BED09428FC5): 3
LogDevObjectVersion:   Dev-AnimPhys (29E575DD-E0A3-4627-9D10-D276232CDCEA): 17
LogDevObjectVersion:   Dev-ReflectionCapture (6B266CEC-1EC7-4B8F-A30B-E4D90942FC07): 1
LogDevObjectVersion:   Dev-Automation (0DF73D61-A23F-47EA-B727-89E90C41499A): 1
LogDevObjectVersion:   FortniteMain (601D1886-AC64-4F84-AA16-D3DE0DEAC7D6): 12
LogDevObjectVersion:   Dev-Enterprise (9DFFBCD6-494F-0158-E221-12823C92A888): 1
LogStreaming: Display: Took  0.110s to delete old logs.
LogInit: Presizing for max 8388607 objects, including 0 objects not considered by GC, pre-allocating 0 bytes for permanent pool.
LogInit: Object subsystem initialized
[2019.02.12-16.50.46:925][  0]LogInit: Selected Device Profile: [Windows]
[2019.02.12-16.50.46:925][  0]LogInit: Applying CVar settings loaded from the selected device profile: [Windows]
[2019.02.12-16.50.46:991][  0]LogHAL: Display: Platform has ~ 16 GB [17062375424 / 17179869184 / 16], which maps to Larger [LargestMinGB=32, LargerMinGB=12, DefaultMinGB=8, SmallerMinGB=6, SmallestMinGB=0)
[2019.02.12-16.50.47:011][  0]LogInit: Setting Device Profile CVar: [[r.Vulkan.UseRealUBs:1]]
[2019.02.12-16.50.47:021][  0]LogInit: Going up to parent DeviceProfile []
[2019.02.12-16.50.47:104][  0]LogInit: Computer: KEVIN
[2019.02.12-16.50.47:104][  0]LogInit: User: Grizz
[2019.02.12-16.50.47:104][  0]LogInit: CPU Page size=4096, Cores=4
[2019.02.12-16.50.47:104][  0]LogInit: High frequency timer resolution =3.410081 MHz
[2019.02.12-16.50.47:122][  0]LogMemory: Memory total: Physical=15.9GB (16GB approx)
[2019.02.12-16.50.47:122][  0]LogMemory: Platform Memory Stats for Windows
[2019.02.12-16.50.47:122][  0]LogMemory: Process Physical Memory: 101.99 MB used, 101.99 MB peak
[2019.02.12-16.50.47:122][  0]LogMemory: Process Virtual Memory: 92.67 MB used, 92.67 MB peak
[2019.02.12-16.50.47:122][  0]LogMemory: Physical Memory: 8689.08 MB used,  7582.87 MB free, 16271.95 MB total
[2019.02.12-16.50.47:122][  0]LogMemory: Virtual Memory: 4653.96 MB used,  7582.87 MB free, 134217728.00 MB total
[2019.02.12-16.50.48:477][  0]LogInit: Using OS detected language (en-GB).
[2019.02.12-16.50.48:477][  0]LogInit: Using OS detected locale (en-GB).
[2019.02.12-16.50.48:716][  0]LogTextLocalizationManager: No specific localization for 'en-GB' exists, so the 'en' localization will be used.
[2019.02.12-16.50.54:389][  0]LogStreaming: Display: Took  5.920s to InitEngineTextLocalization.
[2019.02.12-16.50.54:415][  0]LogInit: Setting process to per monitor DPI aware
[2019.02.12-16.50.57:310][  0]LogSlate: New Slate User Created.  User Index 0, Is Virtual User: 0
[2019.02.12-16.50.57:310][  0]LogSlate: Slate User Registered.  User Index 0, Is Virtual User: 0
[2019.02.12-16.51.12:102][  0]LogHMD: Failed to initialize OpenVR with code 108
[2019.02.12-16.51.12:141][  0]LogD3D11RHI: D3D11 adapters:
[2019.02.12-16.51.12:280][  0]LogD3D11RHI:    0. 'NVIDIA GeForce GTX 1060 6GB' (Feature Level 11_0)
[2019.02.12-16.51.12:280][  0]LogD3D11RHI:       6052/0/8135 MB DedicatedVideo/DedicatedSystem/SharedSystem, Outputs:2, VendorId:0x10de
[2019.02.12-16.51.12:348][  0]LogD3D11RHI:    1. 'Intel(R) HD Graphics 4600' (Feature Level 11_0)
[2019.02.12-16.51.12:348][  0]LogD3D11RHI:       112/0/2048 MB DedicatedVideo/DedicatedSystem/SharedSystem, Outputs:0, VendorId:0x8086
[2019.02.12-16.51.12:352][  0]LogD3D11RHI:    2. 'Microsoft Basic Render Driver' (Feature Level 11_0)
[2019.02.12-16.51.12:352][  0]LogD3D11RHI:       0/0/8135 MB DedicatedVideo/DedicatedSystem/SharedSystem, Outputs:0, VendorId:0x1414
[2019.02.12-16.51.12:352][  0]LogD3D11RHI: Chosen D3D11 Adapter: 0
[2019.02.12-16.51.12:446][  0]LogD3D11RHI: Creating new Direct3DDevice
[2019.02.12-16.51.12:446][  0]LogD3D11RHI:     GPU DeviceId: 0x1c03 (for the marketing name, search the web for "GPU Device Id")
[2019.02.12-16.51.12:920][  0]LogWindows: EnumDisplayDevices:
[2019.02.12-16.51.12:920][  0]LogWindows:    0. 'NVIDIA GeForce GTX 1060 6GB' (P:1 D:1)
[2019.02.12-16.51.12:937][  0]LogWindows:    1. 'NVIDIA GeForce GTX 1060 6GB' (P:0 D:1)
[2019.02.12-16.51.12:937][  0]LogWindows:    2. 'NVIDIA GeForce GTX 1060 6GB' (P:0 D:0)
[2019.02.12-16.51.12:938][  0]LogWindows:    3. 'NVIDIA GeForce GTX 1060 6GB' (P:0 D:0)
[2019.02.12-16.51.12:938][  0]LogWindows:    4. 'Intel(R) HD Graphics 4600' (P:0 D:0)
[2019.02.12-16.51.12:939][  0]LogWindows:    5. 'Intel(R) HD Graphics 4600' (P:0 D:0)
[2019.02.12-16.51.12:939][  0]LogWindows:    6. 'Intel(R) HD Graphics 4600' (P:0 D:0)
[2019.02.12-16.51.12:940][  0]LogWindows: DebugString: PrimaryIsNotTheChoosenAdapter PrimaryIsNotTheChoosenAdapter PrimaryIsNotTheChoosenAdapter FoundDriverCount:4 
[2019.02.12-16.51.12:940][  0]LogD3D11RHI:     Adapter Name: NVIDIA GeForce GTX 1060 6GB
[2019.02.12-16.51.12:940][  0]LogD3D11RHI:   Driver Version: 417.71 (internal:25.21.14.1771, unified:417.71)
[2019.02.12-16.51.12:940][  0]LogD3D11RHI:      Driver Date: 1-11-2019
[2019.02.12-16.51.12:940][  0]LogRHI: Texture pool is 4236 MB (70% of 6052 MB)
[2019.02.12-16.51.13:709][  0]LogD3D11RHI: Async texture creation enabled
[2019.02.12-16.51.14:505][  0]LogD3D11RHI: GPU Timing Frequency: 1000.000000 (Debug: 2 2)
[2019.02.12-16.51.14:836][  0]LogShaderCompilers: Guid format shader working directory is -29 characters bigger than the processId version (../../../../../../Users/Grizz/Documents/GitHub/Honours-Project/ProcGenCity/Intermediate/Shaders/WorkingDirectory/47608/).
[2019.02.12-16.51.14:836][  0]LogShaderCompilers: Cleaned the shader compiler working directory 'C:/Users/Grizz/AppData/Local/Temp/UnrealShaderWorkingDir/E041DF9C4C15CDCDE4B013AF9322312E/'.
[2019.02.12-16.51.21:665][  0]LogTemp: Display: Loaded TP AllDesktopTargetPlatform
[2019.02.12-16.51.21:700][  0]LogTemp: Display: Loaded TP MacClientTargetPlatform
[2019.02.12-16.51.21:777][  0]LogTemp: Display: Loaded TP MacNoEditorTargetPlatform
[2019.02.12-16.51.21:818][  0]LogTemp: Display: Loaded TP MacServerTargetPlatform
[2019.02.12-16.51.21:876][  0]LogTemp: Display: Loaded TP MacTargetPlatform
[2019.02.12-16.51.22:041][  0]LogTemp: Display: Loaded TP WindowsClientTargetPlatform
[2019.02.12-16.51.22:138][  0]LogTemp: Display: Loaded TP WindowsNoEditorTargetPlatform
[2019.02.12-16.51.22:338][  0]LogTemp: Display: Loaded TP WindowsServerTargetPlatform
[2019.02.12-16.51.22:529][  0]LogTemp: Display: Loaded TP WindowsTargetPlatform
[2019.02.12-16.51.22:908][  0]LogTemp: Display: Loaded TP AndroidTargetPlatform
[2019.02.12-16.51.22:908][  0]LogTemp: Display: Loaded TP AndroidTargetPlatform
[2019.02.12-16.51.22:908][  0]LogTemp: Display: Loaded TP AndroidTargetPlatform
[2019.02.12-16.51.22:909][  0]LogTemp: Display: Loaded TP AndroidTargetPlatform
[2019.02.12-16.51.22:909][  0]LogTemp: Display: Loaded TP AndroidTargetPlatform
[2019.02.12-16.51.22:909][  0]LogTemp: Display: Loaded TP AndroidTargetPlatform
[2019.02.12-16.51.22:909][  0]LogTemp: Display: Loaded TP AndroidTargetPlatform
[2019.02.12-16.51.22:909][  0]LogTemp: Display: Loaded TP AndroidTargetPlatform
[2019.02.12-16.51.22:909][  0]LogTemp: Display: Loaded TP AndroidTargetPlatform
[2019.02.12-16.51.22:909][  0]LogTemp: Display: Loaded TP AndroidTargetPlatform
[2019.02.12-16.51.22:909][  0]LogTemp: Display: Loaded TP AndroidTargetPlatform
[2019.02.12-16.51.22:909][  0]LogTemp: Display: Loaded TP AndroidTargetPlatform
[2019.02.12-16.51.22:909][  0]LogTemp: Display: Loaded TP AndroidTargetPlatform
[2019.02.12-16.51.22:909][  0]LogTemp: Display: Loaded TP AndroidTargetPlatform
[2019.02.12-16.51.22:909][  0]LogTemp: Display: Loaded TP AndroidTargetPlatform
[2019.02.12-16.51.22:909][  0]LogTemp: Display: Loaded TP AndroidTargetPlatform
[2019.02.12-16.51.22:909][  0]LogTemp: Display: Loaded TP AndroidTargetPlatform
[2019.02.12-16.51.22:909][  0]LogTemp: Display: Loaded TP AndroidTargetPlatform
[2019.02.12-16.51.23:003][  0]LogTemp: Display: Loaded TP HTML5TargetPlatform
[2019.02.12-16.51.24:086][  0]LogTemp: Display: Loaded TP IOSTargetPlatform
[2019.02.12-16.51.24:086][  0]LogTemp: Display: Loaded TP IOSTargetPlatform
[2019.02.12-16.51.24:229][  0]LogTemp: Display: Loaded TP TVOSTargetPlatform
[2019.02.12-16.51.24:229][  0]LogTemp: Display: Loaded TP TVOSTargetPlatform
[2019.02.12-16.51.24:361][  0]LogTemp: Display: Loaded TP LinuxClientTargetPlatform
[2019.02.12-16.51.24:498][  0]LogTemp: Display: Loaded TP LinuxNoEditorTargetPlatform
[2019.02.12-16.51.24:679][  0]LogTemp: Display: Loaded TP LinuxServerTargetPlatform
[2019.02.12-16.51.24:955][  0]LogTemp: Display: Loaded TP LinuxTargetPlatform
[2019.02.12-16.51.25:105][  0]LogTemp: Display: Loaded TP LuminTargetPlatform
[2019.02.12-16.51.25:105][  0]LogTargetPlatformManager: Display: Building Assets For Windows
[2019.02.12-16.51.28:631][  0]LogXGEController: Cleaning working directory: C:/Users/Grizz/AppData/Local/Temp/UnrealXGEWorkingDir/
[2019.02.12-16.51.28:632][  0]LogXGEController: Cannot use XGE Controller as Incredibuild is not installed on this machine.
[2019.02.12-16.51.28:632][  0]LogShaderCompilers: Cannot use XGE Shader Compiler as Incredibuild is not installed on this machine.
[2019.02.12-16.51.28:655][  0]LogShaderCompilers: Display: Using Local Shader Compiler.
[2019.02.12-16.51.46:016][  0]LogDerivedDataCache: Display: Max Cache Size: 512 MB
[2019.02.12-16.51.46:493][  0]LogDerivedDataCache: Loaded boot cache 0.48s 71MB C:/Users/Grizz/AppData/Local/UnrealEngine/4.20/DerivedDataCache/Boot.ddc.
[2019.02.12-16.51.46:494][  0]LogDerivedDataCache: Display: Loaded Boot cache: C:/Users/Grizz/AppData/Local/UnrealEngine/4.20/DerivedDataCache/Boot.ddc
[2019.02.12-16.51.46:494][  0]LogDerivedDataCache: FDerivedDataBackendGraph:  Pak pak cache file ../../../../../../Users/Grizz/Documents/GitHub/Honours-Project/ProcGenCity/DerivedDataCache/DDC.ddp not found, will not use a pak cache.
[2019.02.12-16.51.46:494][  0]LogDerivedDataCache: Unable to find inner node Pak for hierarchical cache Hierarchy.
[2019.02.12-16.51.46:494][  0]LogDerivedDataCache: FDerivedDataBackendGraph:  CompressedPak pak cache file ../../../../../../Users/Grizz/Documents/GitHub/Honours-Project/ProcGenCity/DerivedDataCache/Compressed.ddp not found, will not use a pak cache.
[2019.02.12-16.51.46:494][  0]LogDerivedDataCache: Unable to find inner node CompressedPak for hierarchical cache Hierarchy.
[2019.02.12-16.51.46:552][  0]LogDerivedDataCache: Display: Pak cache opened for reading ../../../Engine/DerivedDataCache/Compressed.ddp.
[2019.02.12-16.51.46:585][  0]LogDerivedDataCache: Using Local data cache path C:/Users/Grizz/AppData/Local/UnrealEngine/Common/DerivedDataCache: Writable
[2019.02.12-16.51.46:585][  0]LogDerivedDataCache: Shared data cache path not found in *engine.ini, will not use an Shared cache.
[2019.02.12-16.51.46:585][  0]LogDerivedDataCache: Unable to find inner node Shared for hierarchical cache Hierarchy.
[2019.02.12-16.51.46:692][  0]LogMaterial: Verifying Global Shaders for PCD3D_SM5
[2019.02.12-16.51.46:776][  0]LogSlate: Using FreeType 2.6.0
[2019.02.12-16.51.46:866][  0]LogSlate: SlateFontServices - WITH_FREETYPE: 1, WITH_HARFBUZZ: 1
[2019.02.12-16.51.49:495][  0]LogAssetRegistry: FAssetRegistry took 0.0302 seconds to start up
[2019.02.12-16.52.00:438][  0]LogInit: Selected Device Profile: [Windows]
[2019.02.12-16.52.04:006][  0]LogSimplygon: Simplygon DLL not present - disabling.
[2019.02.12-16.52.04:120][  0]LogMeshReduction: Using SimplygonSwarm for distributed automatic mesh merging
[2019.02.12-16.52.04:120][  0]LogMeshReduction: Using ProxyLODMeshReduction for automatic mesh merging
[2019.02.12-16.52.04:120][  0]LogMeshReduction: Using QuadricMeshReduction for automatic static mesh reduction
[2019.02.12-16.52.04:120][  0]LogMeshReduction: No automatic skeletal mesh reduction module available
[2019.02.12-16.52.06:072][  0]LogNetVersion: ProcGenCity 1.0.0, NetCL: 4212847, EngineNetVer: 5, GameNetVer: 0 (Checksum: 2895139612)
[2019.02.12-16.52.12:501][  0]LogPackageLocalizationCache: Processed 11 localized package path(s) for 2 prioritized culture(s) in 0.199498 seconds
[2019.02.12-16.52.12:629][  0]LogUObjectArray: 38425 objects as part of root set at end of initial load.
[2019.02.12-16.52.12:629][  0]LogUObjectAllocator: 6690872 out of 0 bytes used by permanent object pool.
[2019.02.12-16.52.12:629][  0]LogUObjectArray: CloseDisregardForGC: 0/0 objects in disregard for GC pool
[2019.02.12-16.52.34:243][  0]LogTcpMessaging: Initializing TcpMessaging bridge
[2019.02.12-16.52.34:279][  0]LogUdpMessaging: Initializing bridge on interface 0.0.0.0:0 to multicast group 230.0.0.1:6666.
[2019.02.12-16.52.37:936][  0]SourceControl: Source control is disabled
[2019.02.12-16.52.37:936][  0]SourceControl: Source control is disabled
[2019.02.12-16.52.38:001][  0]SourceControl: Source control is disabled
[2019.02.12-16.52.38:016][  0]SourceControl: Source control is disabled
[2019.02.12-16.52.39:334][  0]LogAndroidPermission: UAndroidPermissionCallbackProxy::GetInstance
[2019.02.12-16.52.39:828][  0]LogOcInput: OculusInput pre-init called
[2019.02.12-16.52.40:523][  0]LogEngine: Initializing Engine...
[2019.02.12-16.52.46:016][  0]LogHMD: Failed to initialize OpenVR with code 108
[2019.02.12-16.52.46:145][  0]LogStats: UGameplayTagsManager::ConstructGameplayTagTree: ImportINI prefixes -  0.000 s
[2019.02.12-16.52.46:145][  0]LogStats: UGameplayTagsManager::ConstructGameplayTagTree: Construct from data asset -  0.000 s
[2019.02.12-16.52.46:145][  0]LogStats: UGameplayTagsManager::ConstructGameplayTagTree: ImportINI -  0.000 s
[2019.02.12-16.52.46:146][  0]LogStats: UGameplayTagsManager::ConstructGameplayTagTree: GameplayTagTreeChangedEvent.Broadcast -  0.000 s
[2019.02.12-16.52.47:529][  0]LogInit: Initializing FReadOnlyCVARCache
[2019.02.12-16.52.48:365][  0]LogAIModule: Creating AISystem for world Untitled
[2019.02.12-16.52.48:632][  0]LogInit: XAudio2 using 'Speakers (Realtek High Definition Audio)' : 2 channels at 48 kHz using 32 bits per sample (channel mask 0x3)
[2019.02.12-16.52.48:714][  0]LogInit: FAudioDevice initialized.
[2019.02.12-16.52.48:714][  0]LogNetVersion: Set ProjectVersion to 1.0.0.0. Version Checksum will be recalculated on next use.
[2019.02.12-16.52.48:877][  0]LogDerivedDataCache: Saved boot cache 0.16s 71MB C:/Users/Grizz/AppData/Local/UnrealEngine/4.20/DerivedDataCache/Boot.ddc.
[2019.02.12-16.52.48:893][  0]LogInit: Texture streaming: Enabled
[2019.02.12-16.52.49:190][  0]LogEngineSessionManager: EngineSessionManager initialized
[2019.02.12-16.52.49:396][  0]LogInit: Transaction tracking system initialized
[2019.02.12-16.52.49:717][  0]BlueprintLog: New page: Editor Load
[2019.02.12-16.52.51:459][  0]LocalizationService: Localization service is disabled
[2019.02.12-16.52.56:657][  0]LogFileCache: Scanning file cache for directory 'C:/Users/Grizz/Documents/GitHub/Honours-Project/ProcGenCity/Content/' took 0.07s
[2019.02.12-16.52.56:657][  0]LogCook: Display: Max memory allowance for cook 16384mb min free memory 0mb
[2019.02.12-16.52.56:694][  0]LogCook: Display: Mobile HDR setting 1
[2019.02.12-16.52.56:709][  0]LogGameplayTags: Display: UGameplayTagsManager::DoneAddingNativeTags. DelegateIsBound: 0
[2019.02.12-16.52.56:709][  0]LogStats: UGameplayTagsManager::ConstructGameplayTagTree: ImportINI prefixes -  0.000 s
[2019.02.12-16.52.56:709][  0]LogStats: UGameplayTagsManager::ConstructGameplayTagTree: Construct from data asset -  0.000 s
[2019.02.12-16.52.56:710][  0]LogStats: UGameplayTagsManager::ConstructGameplayTagTree: ImportINI -  0.000 s
[2019.02.12-16.52.56:710][  0]LogStats: UGameplayTagsManager::ConstructGameplayTagTree: GameplayTagTreeChangedEvent.Broadcast -  0.000 s
[2019.02.12-16.53.00:910][  0]SourceControl: Source control is disabled
[2019.02.12-16.53.00:937][  0]Cmd: MAP LOAD FILE="../../../../../../Users/Grizz/Documents/GitHub/Honours-Project/ProcGenCity/Content/StarterContent/Maps/Minimal_Default.umap" TEMPLATE=0 SHOWPROGRESS=1 FEATURELEVEL=3
[2019.02.12-16.53.00:939][  0]LightingResults: New page: Lighting Build
[2019.02.12-16.53.01:135][  0]MapCheck: New page: Map Check
[2019.02.12-16.53.01:135][  0]LightingResults: New page: Lighting Build
[2019.02.12-16.53.03:783][  0]LogAIModule: Creating AISystem for world Minimal_Default
[2019.02.12-16.53.04:594][  0]LogEditorServer: Finished looking for orphan Actors (0.000 secs)
[2019.02.12-16.53.04:726][  0]Cmd: MAP CHECKDEP NOCLEARLOG
[2019.02.12-16.53.04:821][  0]MapCheck: Map check complete: 0 Error(s), 0 Warning(s), took 95.076ms to complete.
[2019.02.12-16.53.04:822][  0]LogFileHelpers: Loading map 'Minimal_Default' took 3.903
[2019.02.12-16.53.06:623][  0]LogSlate: Updating window title bar state: overlay mode, drag disabled, window buttons hidden, title bar hidden
[2019.02.12-16.53.06:632][  0]LogSlate: Updating window title bar state: overlay mode, drag disabled, window buttons hidden, title bar hidden
[2019.02.12-16.53.06:640][  0]LogSlate: Updating window title bar state: overlay mode, drag disabled, window buttons hidden, title bar hidden
[2019.02.12-16.53.06:647][  0]LogSlate: Updating window title bar state: overlay mode, drag disabled, window buttons hidden, title bar hidden
[2019.02.12-16.53.06:772][  0]LogCollectionManager: Loaded 0 collections in 0.003459 seconds
[2019.02.12-16.53.06:979][  0]LogFileCache: Scanning file cache for directory 'C:/Users/Grizz/Documents/GitHub/Honours-Project/ProcGenCity/Saved/Collections/' took 0.01s
[2019.02.12-16.53.06:979][  0]LogFileCache: Scanning file cache for directory 'C:/Users/Grizz/Documents/GitHub/Honours-Project/ProcGenCity/Content/Developers/Grizz/Collections/' took 0.01s
[2019.02.12-16.53.06:979][  0]LogFileCache: Scanning file cache for directory 'C:/Users/Grizz/Documents/GitHub/Honours-Project/ProcGenCity/Content/Collections/' took 0.01s
[2019.02.12-16.53.06:979][  0]LogCollectionManager: Rebuilt the GUID cache for 0 collections in 0.000000 seconds
[2019.02.12-16.53.07:069][  0]LogContentBrowser: Native class hierarchy populated in 0.0864 seconds. Added 2579 classes and 605 folders.
[2019.02.12-16.53.07:175][  0]LogContentBrowser: Native class hierarchy updated for 'WidgetCarousel' in 0.0005 seconds. Added 0 classes and 0 folders.
[2019.02.12-16.53.08:840][  0]LogContentBrowser: Native class hierarchy updated for 'AddContentDialog' in 0.0006 seconds. Added 0 classes and 0 folders.
[2019.02.12-16.53.08:879][  0]LogContentBrowser: Native class hierarchy updated for 'SceneOutliner' in 0.0005 seconds. Added 1 classes and 2 folders.
[2019.02.12-16.53.09:592][  0]LogSlate: Took 0.018895 seconds to synchronously load lazily loaded font '../../../Engine/Content/Slate/Fonts/Roboto-Regular.ttf' (155K)
[2019.02.12-16.53.09:626][  0]LogSlate: Took 0.016873 seconds to synchronously load lazily loaded font '../../../Engine/Content/Slate/Fonts/Roboto-Bold.ttf' (160K)
[2019.02.12-16.53.09:686][  0]LogSlate: Took 0.017923 seconds to synchronously load lazily loaded font '../../../Engine/Content/Editor/Slate/Fonts/FontAwesome.ttf' (139K)
[2019.02.12-16.53.10:305][  0]LogRenderer: Reallocating scene render targets to support 1616x1032 Format 10 NumSamples 1 (Frame:1).
[2019.02.12-16.53.11:686][  0]LogContentBrowser: Native class hierarchy updated for 'HierarchicalLODOutliner' in 0.0006 seconds. Added 0 classes and 0 folders.
[2019.02.12-16.53.11:686][  0]LogLoad: (Engine Initialization) Total time: 194.98 seconds
[2019.02.12-16.53.11:686][  0]LogLoad: (Engine Initialization) Total Blueprint compile time: 0.00 seconds
[2019.02.12-16.53.12:052][  0]LogContentStreaming: Texture pool size now 1000 MB
[2019.02.12-16.53.12:316][  1]LogActor: Warning: MyRoad_C /Engine/Transient.World_0:PersistentLevel.MyRoad_C_0 has natively added scene component(s), but none of them were set as the actor's RootComponent - picking one arbitrarily
[2019.02.12-16.53.12:362][  1]LogAssetRegistry: Asset discovery search completed in 82.8917 seconds
[2019.02.12-16.53.12:364][  1]LogCollectionManager: Rebuilt the object cache for 0 collections in 0.000000 seconds (found 0 objects)
[2019.02.12-16.53.12:364][  1]LogCollectionManager: Fixed up redirectors for 0 collections in 0.000049 seconds (updated 0 objects)
[2019.02.12-16.53.54:454][503]LogSlate: FSceneViewport::OnFocusLost() reason 0
[2019.02.12-16.54.35:801][143]LogSlate: FSceneViewport::OnFocusLost() reason 0
[2019.02.12-16.54.43:275][ 16]LogSlate: FSceneViewport::OnFocusLost() reason 0
[2019.02.12-16.54.53:870][998]LogEditorViewport: Clicking on Actor (LMB): BP_Sky_Sphere_C (BP_Sky_Sphere)
[2019.02.12-16.55.34:165][393]LogSlate: Took 0.071581 seconds to synchronously load lazily loaded font '../../../Engine/Content/Slate/Fonts/Roboto-Italic.ttf' (157K)
[2019.02.12-16.55.34:897][395]LogEditorViewport: Clicking on Actor (LMB): BP_Sky_Sphere_C (BP_Sky_Sphere)
[2019.02.12-17.03.02:950][645]LogSlate: Took 0.020049 seconds to synchronously load lazily loaded font '../../../Engine/Content/Slate/Fonts/Roboto-Light.ttf' (167K)
[2019.02.12-17.03.13:290][672]LogSavePackage: Moving '../../../../../../Users/Grizz/Documents/GitHub/Honours-Project/ProcGenCity/Saved/Minimal_Default_Auto192D516544298CC5AEC54A3BAF00A94E4.tmp' to '../../../../../../Users/Grizz/Documents/GitHub/Honours-Project/ProcGenCity/Saved/Autosaves/Game/StarterContent/Maps/Minimal_Default_Auto1.umap'
[2019.02.12-17.03.13:377][672]LogFileHelpers: Editor autosave (incl. sublevels) for '/Game/StarterContent/Maps/Minimal_Default' took 1.383
[2019.02.12-17.03.13:377][672]LogFileHelpers: Editor autosave (incl. sublevels) for all levels took 1.383
[2019.02.12-17.24.55:833][565]LogSlate: FSceneViewport::OnFocusLost() reason 0
[2019.02.12-17.24.57:500][722]LogActor: Warning: Road /Engine/Transient.World_4:PersistentLevel.Road_0 has natively added scene component(s), but none of them were set as the actor's RootComponent - picking one arbitrarily
[2019.02.12-17.24.57:514][723]LogActor: Warning: LotPlacement /Engine/Transient.World_5:PersistentLevel.LotPlacement_0 has natively added scene component(s), but none of them were set as the actor's RootComponent - picking one arbitrarily
[2019.02.12-17.24.58:970][869]LogSlate: Took 0.000293 seconds to synchronously load lazily loaded font '../../../Engine/Content/Slate/Fonts/Roboto-Light.ttf' (167K)
[2019.02.12-17.25.03:359][276]LogSlate: Took 0.317011 seconds to synchronously load lazily loaded font '../../../Engine/Content/Slate/Fonts/Roboto-BoldCondensed.ttf' (158K)
[2019.02.12-17.25.29:920][357]Running C:/Program Files/Epic Games/UE_4.20/Engine/Binaries/DotNET/UnrealBuildTool.exe  -projectfiles -project="C:/Users/Grizz/Documents/GitHub/Honours-Project/ProcGenCity/ProcGenCity.uproject" -game -rocket -progress
[2019.02.12-17.25.30:528][357]Discovering modules, targets and source code for project...
[2019.02.12-17.25.41:025][357]C:\Program Files\Epic Games\UE_4.20\Engine\Source\ThirdParty\Expat\Expat.Build.cs: warning: Referenced directory 'C:\Program Files\Epic Games\UE_4.20\Engine\Source\ThirdParty\Expat\expat-2.2.0\Win64\VS2015\Release' does not exist.
[2019.02.12-17.25.56:537][357]LogVSAccessor: Warning: Couldn't access Visual Studio
[2019.02.12-17.25.56:620][357]Candidate modules for hot reload:
[2019.02.12-17.25.56:620][357]  ProcGenCity
[2019.02.12-17.25.56:621][357]Launching UnrealBuildTool... [C:/Program Files/Epic Games/UE_4.20/Engine/Binaries/DotNET/UnrealBuildTool.exe  -ModuleWithSuffix=ProcGenCity,9280 Win64 Development -TargetType=Editor -Project="../../../../../../Users/Grizz/Documents/GitHub/Honours-Project/ProcGenCity/ProcGenCity.uproject" -canskiplink "C:/Users/Grizz/Documents/GitHub/Honours-Project/ProcGenCity/ProcGenCity.uproject" ]
[2019.02.12-17.30.02:131][357]CompilerResultsLog: New page: Compilation - 12 Feb 2019 17:30:02
[2019.02.12-17.30.02:146][357]CompilerResultsLog: Using 'git status' to determine working set for adaptive non-unity build.
[2019.02.12-17.30.02:146][357]CompilerResultsLog: Creating makefile for hot reloading ProcGenCityEditor (new files with reflected types)
[2019.02.12-17.30.02:146][357]CompilerResultsLog: Compiling game modules for hot reload
[2019.02.12-17.30.02:146][357]CompilerResultsLog: Using Visual Studio 2017 14.15.26726 toolchain (C:\Program Files (x86)\Microsoft Visual Studio\2017\Community\VC\Tools\MSVC\14.15.26726) and Windows 10.0.17134.0 SDK (C:\Program Files (x86)\Windows Kits\10).
[2019.02.12-17.30.02:146][357]CompilerResultsLog: Parsing headers for ProcGenCityEditor
[2019.02.12-17.30.02:146][357]CompilerResultsLog:   Running UnrealHeaderTool "C:\Users\Grizz\Documents\GitHub\Honours-Project\ProcGenCity\ProcGenCity.uproject" "C:\Users\Grizz\Documents\GitHub\Honours-Project\ProcGenCity\Intermediate\Build\Win64\ProcGenCityEditor\Development\ProcGenCityEditor.uhtmanifest" -LogCmds="loginit warning, logexit warning, logdatabase error" -Unattended -WarningsAsErrors -installed
[2019.02.12-17.30.02:146][357]CompilerResultsLog: LogCompile: Error: Circular dependency detected for filename C:\Users\Grizz\Documents\GitHub\Honours-Project\ProcGenCity\Source\ProcGenCity\LotCalculator.h!
[2019.02.12-17.30.02:146][357]CompilerResultsLog: Reflection code generated for ProcGenCityEditor in 13.0712361 seconds
[2019.02.12-17.30.02:146][357]CompilerResultsLog: Building 5 actions with 8 processes...
[2019.02.12-17.30.02:146][357]CompilerResultsLog:   [1/5] ProcGenCity.init.gen.cpp
[2019.02.12-17.30.02:146][357]CompilerResultsLog:   [2/5] LRoad.cpp
[2019.02.12-17.30.02:146][357]CompilerResultsLog:   [3/5] LRoad.gen.cpp
[2019.02.12-17.30.02:146][357]CompilerResultsLog:   [4/5] UE4Editor-ProcGenCity-9280.lib
[2019.02.12-17.30.02:146][357]CompilerResultsLog:      Creating library C:\Users\Grizz\Documents\GitHub\Honours-Project\ProcGenCity\Intermediate\Build\Win64\UE4Editor\Development\ProcGenCity\UE4Editor-ProcGenCity-9280.lib and object C:\Users\Grizz\Documents\GitHub\Honours-Project\ProcGenCity\Intermediate\Build\Win64\UE4Editor\Development\ProcGenCity\UE4Editor-ProcGenCity-9280.exp
[2019.02.12-17.30.02:146][357]CompilerResultsLog:   [5/5] UE4Editor-ProcGenCity-9280.dll
[2019.02.12-17.30.02:146][357]CompilerResultsLog:      Creating library C:\Users\Grizz\Documents\GitHub\Honours-Project\ProcGenCity\Intermediate\Build\Win64\UE4Editor\Development\ProcGenCity\UE4Editor-ProcGenCity-9280.suppressed.lib and object C:\Users\Grizz\Documents\GitHub\Honours-Project\ProcGenCity\Intermediate\Build\Win64\UE4Editor\Development\ProcGenCity\UE4Editor-ProcGenCity-9280.suppressed.exp
[2019.02.12-17.30.02:146][357]CompilerResultsLog: Total build time: 245.15 seconds (Parallel executor: 119.65 seconds)
[2019.02.12-17.30.02:166][357]LogMainFrame: MainFrame: Module compiling took 245.630 seconds
[2019.02.12-17.30.02:284][357]LogClass: Could not find existing class LRoad in package /Script/ProcGenCity for HotReload, assuming new class
[2019.02.12-17.30.02:314][357]LogContentBrowser: Native class hierarchy updated for 'ProcGenCity' in 0.0012 seconds. Added 8 classes and 2 folders.
[2019.02.12-17.30.02:315][357]Display: HotReload successful (0 functions remapped  0 scriptstructs remapped)
[2019.02.12-17.30.02:486][357]LogContentBrowser: Native class hierarchy populated in 0.0148 seconds. Added 2581 classes and 607 folders.
[2019.02.12-17.30.02:568][357]Display: HotReload took 246.0s.
[2019.02.12-17.30.02:569][357]Warning: HotReload operation took 246.0s.
[2019.02.12-17.30.03:867][357]LogSlate: Window 'Add C++ Class' being destroyed
[2019.02.12-17.30.04:641][357]LogHotReload: New module detected: UE4Editor-ProcGenCity-9280.dll
[2019.02.12-17.30.05:158][358]LogHotReload: Starting Hot-Reload from IDE
[2019.02.12-17.30.05:265][358]LogContentBrowser: Native class hierarchy updated for 'ProcGenCity' in 0.0006 seconds. Added 8 classes and 2 folders.
[2019.02.12-17.30.05:268][358]Display: HotReload successful (0 functions remapped  0 scriptstructs remapped)
[2019.02.12-17.30.05:302][358]LogContentBrowser: Native class hierarchy populated in 0.0105 seconds. Added 2581 classes and 607 folders.
[2019.02.12-17.30.05:313][358]Display: HotReload took  0.2s.
[2019.02.12-17.30.27:622][411]LogVSAccessor: Warning: Visual Studio is open but could not be queried - it may be blocked by a modal operation
[2019.02.12-17.30.27:639][412]LogVSAccessor: Warning: Visual Studio is open but could not be queried - it may be blocked by a modal operation
[2019.02.12-17.30.27:973][413]LogVSAccessor: Warning: Visual Studio is open but could not be queried - it may be blocked by a modal operation
[2019.02.12-17.30.28:313][414]LogVSAccessor: Warning: Visual Studio is open but could not be queried - it may be blocked by a modal operation
[2019.02.12-17.30.28:653][415]LogVSAccessor: Warning: Visual Studio is open but could not be queried - it may be blocked by a modal operation
[2019.02.12-17.30.28:992][416]LogVSAccessor: Warning: Visual Studio is open but could not be queried - it may be blocked by a modal operation
[2019.02.12-17.30.29:330][417]LogVSAccessor: Warning: Visual Studio is open but could not be queried - it may be blocked by a modal operation
[2019.02.12-17.30.29:672][418]LogVSAccessor: Warning: Visual Studio is open but could not be queried - it may be blocked by a modal operation
[2019.02.12-17.30.30:010][419]LogVSAccessor: Warning: Visual Studio is open but could not be queried - it may be blocked by a modal operation
[2019.02.12-17.30.30:349][420]LogVSAccessor: Warning: Visual Studio is open but could not be queried - it may be blocked by a modal operation
[2019.02.12-17.30.30:682][421]LogVSAccessor: Warning: Visual Studio is open but could not be queried - it may be blocked by a modal operation
[2019.02.12-17.30.31:019][422]LogVSAccessor: Warning: Visual Studio is open but could not be queried - it may be blocked by a modal operation
[2019.02.12-17.30.31:358][423]LogVSAccessor: Warning: Visual Studio is open but could not be queried - it may be blocked by a modal operation
[2019.02.12-17.33.40:190][865]LogAssetEditorManager: Opening Asset editor for Class /Script/ProcGenCity.NewProcMesh
[2019.02.12-20.21.32:274][786]LogSavePackage: Moving '../../../../../../Users/Grizz/Documents/GitHub/Honours-Project/ProcGenCity/Saved/Minimal_DefaultD6A9655046C75D8B6F3381B07E092355.tmp' to '../../../../../../Users/Grizz/Documents/GitHub/Honours-Project/ProcGenCity/Content/StarterContent/Maps/Minimal_Default.umap'
[2019.02.12-20.21.32:544][786]LogFileHelpers: Saving map 'Minimal_Default' took 0.968
[2019.02.12-20.21.33:446][830]LogSlate: Window 'ProcGenCity - Unreal Editor' being destroyed
[2019.02.12-20.21.33:449][830]LogWindowsTextInputMethodSystem: Display: IME system now deactivated.
[2019.02.12-20.21.34:567][831]Cmd: QUIT_EDITOR
[2019.02.12-20.21.35:483][831]LogExit: Preparing to exit.
[2019.02.12-20.21.38:188][831]LogExit: Editor shut down
[2019.02.12-20.21.38:204][831]LogExit: Transaction tracking system shut down
[2019.02.12-20.21.41:205][831]LogExit: Object subsystem successfully closed.
[2019.02.12-20.21.41:760][831]LogShaderCompilers: Display: Shaders left to compile 0
[2019.02.12-20.21.41:796][831]LogD3D11RHI: Shutdown
[2019.02.12-20.21.41:796][831]LogD3D11RHI: CleanupD3DDevice
[2019.02.12-20.21.42:118][831]LogD3D11RHI: ~FD3D11DynamicRHI
[2019.02.12-20.21.43:581][831]LogModuleManager: Shutting down and abandoning module ProcGenCity (614)
[2019.02.12-20.21.43:581][831]LogModuleManager: Shutting down and abandoning module HierarchicalLODOutliner (612)
[2019.02.12-20.21.43:581][831]LogModuleManager: Shutting down and abandoning module SceneOutliner (610)
[2019.02.12-20.21.43:581][831]LogModuleManager: Shutting down and abandoning module AddContentDialog (608)
[2019.02.12-20.21.43:765][831]LogModuleManager: Shutting down and abandoning module WidgetCarousel (607)
[2019.02.12-20.21.43:765][831]LogModuleManager: Shutting down and abandoning module EditorWidgets (604)
[2019.02.12-20.21.43:765][831]LogModuleManager: Shutting down and abandoning module CollectionManager (602)
[2019.02.12-20.21.43:781][831]LogModuleManager: Shutting down and abandoning module StatsViewer (600)
[2019.02.12-20.21.43:800][831]LogModuleManager: Shutting down and abandoning module FoliageEdit (598)
[2019.02.12-20.21.43:809][831]LogModuleManager: Shutting down and abandoning module LandscapeEditor (596)
[2019.02.12-20.21.43:955][831]LogModuleManager: Shutting down and abandoning module MeshPaintMode (594)
[2019.02.12-20.21.43:998][831]LogModuleManager: Shutting down and abandoning module SceneDepthPickerMode (592)
[2019.02.12-20.21.43:998][831]LogModuleManager: Shutting down and abandoning module ActorPickerMode (590)
[2019.02.12-20.21.43:998][831]LogModuleManager: Shutting down and abandoning module GeometryMode (588)
[2019.02.12-20.21.43:998][831]LogModuleManager: Shutting down and abandoning module TextureAlignMode (586)
[2019.02.12-20.21.43:998][831]LogModuleManager: Shutting down and abandoning module BspMode (584)
[2019.02.12-20.21.43:998][831]LogModuleManager: Shutting down and abandoning module PIEPreviewDeviceProfileSelector (582)
[2019.02.12-20.21.44:016][831]LogModuleManager: Shutting down and abandoning module SequenceRecorderSections (580)
[2019.02.12-20.21.44:042][831]LogModuleManager: Shutting down and abandoning module AutomationWorker (578)
[2019.02.12-20.21.44:042][831]LogModuleManager: Shutting down and abandoning module AudioCaptureEditor (576)
[2019.02.12-20.21.44:042][831]LogModuleManager: Shutting down and abandoning module SequenceRecorder (575)
[2019.02.12-20.21.44:065][831]LogModuleManager: Shutting down and abandoning module MatineeToLevelSequence (572)
[2019.02.12-20.21.44:196][831]LogModuleManager: Shutting down and abandoning module LevelSequenceEditor (570)
[2019.02.12-20.21.44:402][831]LogModuleManager: Shutting down and abandoning module PlacementMode (569)
[2019.02.12-20.21.44:402][831]LogModuleManager: Shutting down and abandoning module MaterialEditor (568)
[2019.02.12-20.21.44:523][831]LogModuleManager: Shutting down and abandoning module WmfMediaFactory (564)
[2019.02.12-20.21.44:523][831]LogModuleManager: Shutting down and abandoning module WmfMediaEditor (562)
[2019.02.12-20.21.44:523][831]LogModuleManager: Shutting down and abandoning module MediaPlayerEditor (560)
[2019.02.12-20.21.44:561][831]LogModuleManager: Shutting down and abandoning module OpenExrWrapper (558)
[2019.02.12-20.21.44:561][831]LogModuleManager: Shutting down and abandoning module ImgMediaFactory (556)
[2019.02.12-20.21.44:561][831]LogModuleManager: Shutting down and abandoning module ImgMediaEditor (554)
[2019.02.12-20.21.44:561][831]LogModuleManager: Shutting down and abandoning module AvfMediaFactory (552)
[2019.02.12-20.21.44:561][831]LogModuleManager: Shutting down and abandoning module AvfMediaEditor (550)
[2019.02.12-20.21.44:561][831]LogModuleManager: Shutting down and abandoning module AndroidMediaFactory (548)
[2019.02.12-20.21.44:561][831]LogModuleManager: Shutting down and abandoning module AndroidMediaEditor (546)
[2019.02.12-20.21.44:561][831]LogModuleManager: Shutting down and abandoning module MagicLeapCameraPreviewFactory (544)
[2019.02.12-20.21.44:561][831]LogModuleManager: Shutting down and abandoning module MagicLeapMediaFactory (542)
[2019.02.12-20.21.44:561][831]LogModuleManager: Shutting down and abandoning module MagicLeapMediaEditor (540)
[2019.02.12-20.21.44:561][831]LogModuleManager: Shutting down and abandoning module CharacterAI (538)
[2019.02.12-20.21.44:561][831]LogModuleManager: Shutting down and abandoning module SmartSnapping (536)
[2019.02.12-20.21.44:561][831]LogModuleManager: Shutting down and abandoning module SessionServices (534)
[2019.02.12-20.21.44:561][831]LogModuleManager: Shutting down and abandoning module ViewportSnapping (532)
[2019.02.12-20.21.44:561][831]LogModuleManager: Shutting down and abandoning module ViewportInteraction (530)
[2019.02.12-20.21.44:561][831]LogModuleManager: Shutting down and abandoning module ClothPainter (528)
[2019.02.12-20.21.44:602][831]LogModuleManager: Shutting down and abandoning module SkeletalMeshEditor (527)
[2019.02.12-20.21.44:635][831]LogModuleManager: Shutting down and abandoning module LogVisualizer (524)
[2019.02.12-20.21.44:660][831]LogModuleManager: Shutting down and abandoning module IntroTutorials (522)
[2019.02.12-20.21.44:698][831]LogModuleManager: Shutting down and abandoning module GameProjectGeneration (521)
[2019.02.12-20.21.44:698][831]LogModuleManager: Shutting down and abandoning module LuminPlatformEditor (518)
[2019.02.12-20.21.44:698][831]LogModuleManager: Shutting down and abandoning module IOSPlatformEditor (516)
[2019.02.12-20.21.44:723][831]LogModuleManager: Shutting down and abandoning module HTML5PlatformEditor (514)
[2019.02.12-20.21.44:724][831]LogModuleManager: Shutting down and abandoning module AndroidPlatformEditor (512)
[2019.02.12-20.21.44:724][831]LogModuleManager: Shutting down and abandoning module AndroidDeviceDetection (511)
[2019.02.12-20.21.45:817][831]LogModuleManager: Shutting down and abandoning module WindowsPlatformEditor (508)
[2019.02.12-20.21.45:818][831]LogModuleManager: Shutting down and abandoning module LuminRuntimeSettings (506)
[2019.02.12-20.21.45:818][831]LogModuleManager: Shutting down and abandoning module IOSRuntimeSettings (504)
[2019.02.12-20.21.45:818][831]LogModuleManager: Shutting down and abandoning module AndroidRuntimeSettings (502)
[2019.02.12-20.21.45:818][831]LogModuleManager: Shutting down and abandoning module InputBindingEditor (500)
[2019.02.12-20.21.45:834][831]LogModuleManager: Shutting down and abandoning module MergeActors (498)
[2019.02.12-20.21.45:853][831]LogModuleManager: Shutting down and abandoning module LocalizationDashboard (496)
[2019.02.12-20.21.45:887][831]LogModuleManager: Shutting down and abandoning module LocalizationService (495)
[2019.02.12-20.21.45:914][831]LogModuleManager: Shutting down and abandoning module HardwareTargeting (492)
[2019.02.12-20.21.45:914][831]LogModuleManager: Shutting down and abandoning module DeviceProfileEditor (490)
[2019.02.12-20.21.45:914][831]LogModuleManager: Shutting down and abandoning module UndoHistory (488)
[2019.02.12-20.21.45:941][831]LogModuleManager: Shutting down and abandoning module XmlParser (486)
[2019.02.12-20.21.45:941][831]LogModuleManager: Shutting down and abandoning module Blutility (484)
[2019.02.12-20.21.45:951][831]LogModuleManager: Shutting down and abandoning module ProjectSettingsViewer (482)
[2019.02.12-20.21.45:951][831]LogModuleManager: Shutting down and abandoning module ProjectTargetPlatformEditor (481)
[2019.02.12-20.21.45:951][831]LogModuleManager: Shutting down and abandoning module EditorSettingsViewer (478)
[2019.02.12-20.21.45:951][831]LogModuleManager: Shutting down and abandoning module SettingsEditor (476)
[2019.02.12-20.21.46:006][831]LogModuleManager: Shutting down and abandoning module ProjectLauncher (474)
[2019.02.12-20.21.46:029][831]LogModuleManager: Shutting down and abandoning module SessionFrontend (472)
[2019.02.12-20.21.46:053][831]LogModuleManager: Shutting down and abandoning module ProfilerClient (470)
[2019.02.12-20.21.46:075][831]LogModuleManager: Shutting down and abandoning module DeviceManager (468)
[2019.02.12-20.21.46:092][831]LogModuleManager: Shutting down and abandoning module TargetDeviceServices (467)
[2019.02.12-20.21.46:159][831]LogModuleManager: Shutting down and abandoning module AutomationController (464)
[2019.02.12-20.21.46:179][831]LogModuleManager: Shutting down and abandoning module AutomationWindow (462)
[2019.02.12-20.21.46:202][831]LogModuleManager: Shutting down and abandoning module Layers (460)
[2019.02.12-20.21.46:223][831]LogModuleManager: Shutting down and abandoning module ComponentVisualizers (458)
[2019.02.12-20.21.46:224][831]LogModuleManager: Shutting down and abandoning module DetailCustomizations (456)
[2019.02.12-20.21.46:258][831]LogModuleManager: Shutting down and abandoning module PackagesDialog (454)
[2019.02.12-20.21.46:258][831]LogModuleManager: Shutting down and abandoning module Persona (452)
[2019.02.12-20.21.46:300][831]LogModuleManager: Shutting down and abandoning module AdvancedPreviewScene (451)
[2019.02.12-20.21.46:300][831]LogModuleManager: Shutting down and abandoning module AnimGraph (449)
[2019.02.12-20.21.46:308][831]LogModuleManager: Shutting down and abandoning module Kismet (446)
[2019.02.12-20.21.46:338][831]LogModuleManager: Shutting down and abandoning module GraphEditor (444)
[2019.02.12-20.21.46:394][831]LogModuleManager: Shutting down and abandoning module ClassViewer (442)
[2019.02.12-20.21.46:397][831]LogModuleManager: Shutting down and abandoning module Toolbox (440)
[2019.02.12-20.21.46:397][831]LogModuleManager: Shutting down and abandoning module DesktopPlatform (439)
[2019.02.12-20.21.46:397][831]LogModuleManager: Shutting down and abandoning module ModuleUI (436)
[2019.02.12-20.21.46:417][831]LogModuleManager: Shutting down and abandoning module MovieSceneTools (434)
[2019.02.12-20.21.46:445][831]LogModuleManager: Shutting down and abandoning module OutputLog (432)
[2019.02.12-20.21.46:445][831]LogModuleManager: Shutting down and abandoning module GammaUI (430)
[2019.02.12-20.21.46:462][831]LogModuleManager: Shutting down and abandoning module Documentation (428)
[2019.02.12-20.21.46:462][831]LogModuleManager: Shutting down and abandoning module MovieSceneTracks (426)
[2019.02.12-20.21.46:462][831]LogModuleManager: Shutting down and abandoning module MovieScene (424)
[2019.02.12-20.21.46:474][831]LogModuleManager: Shutting down and abandoning module StreamingPauseRendering (422)
[2019.02.12-20.21.46:486][831]LogModuleManager: Shutting down and abandoning module LauncherPlatform (420)
[2019.02.12-20.21.46:486][831]LogModuleManager: Shutting down and abandoning module AnalyticsET (418)
[2019.02.12-20.21.46:486][831]LogModuleManager: Shutting down and abandoning module PortalServices (416)
[2019.02.12-20.21.46:486][831]LogModuleManager: Shutting down and abandoning module PortalRpc (414)
[2019.02.12-20.21.46:486][831]LogModuleManager: Shutting down and abandoning module MessagingRpc (412)
[2019.02.12-20.21.46:486][831]LogModuleManager: Shutting down and abandoning module AIModule (410)
[2019.02.12-20.21.46:506][831]LogModuleManager: Shutting down and abandoning module GameplayDebugger (409)
[2019.02.12-20.21.46:516][831]LogModuleManager: Shutting down and abandoning module AITestSuite (407)
[2019.02.12-20.21.46:562][831]LogModuleManager: Shutting down and abandoning module NavigationSystem (405)
[2019.02.12-20.21.46:562][831]LogModuleManager: Shutting down and abandoning module ProfilerService (402)
[2019.02.12-20.21.46:754][831]LogModuleManager: Shutting down and abandoning module TaskGraph (400)
[2019.02.12-20.21.46:780][831]LogModuleManager: Shutting down and abandoning module SteamVRController (398)
[2019.02.12-20.21.46:780][831]LogModuleManager: Shutting down and abandoning module ProceduralMeshComponentEditor (396)
[2019.02.12-20.21.46:780][831]LogModuleManager: Shutting down and abandoning module ProceduralMeshComponent (394)
[2019.02.12-20.21.46:810][831]LogModuleManager: Shutting down and abandoning module OculusInput (392)
[2019.02.12-20.21.46:810][831]LogModuleManager: Shutting down and abandoning module MobilePatchingUtils (390)
[2019.02.12-20.21.46:810][831]LogModuleManager: Shutting down and abandoning module EditableMesh (388)
[2019.02.12-20.21.46:842][831]LogModuleManager: Shutting down and abandoning module CustomMeshComponent (386)
[2019.02.12-20.21.46:842][831]LogModuleManager: Shutting down and abandoning module CableComponent (384)
[2019.02.12-20.21.46:842][831]LogModuleManager: Shutting down and abandoning module AudioCapture (382)
[2019.02.12-20.21.46:842][831]LogModuleManager: Shutting down and abandoning module ArchVisCharacter (380)
[2019.02.12-20.21.46:842][831]LogModuleManager: Shutting down and abandoning module AndroidPermission (378)
[2019.02.12-20.21.46:842][831]LogModuleManager: Shutting down and abandoning module NUTUnrealEngine4 (376)
[2019.02.12-20.21.46:842][831]LogModuleManager: Shutting down and abandoning module NetcodeUnitTest (374)
[2019.02.12-20.21.46:876][831]LogModuleManager: Shutting down and abandoning module MediaCompositingEditor (372)
[2019.02.12-20.21.46:876][831]LogModuleManager: Shutting down and abandoning module MediaCompositing (370)
[2019.02.12-20.21.46:876][831]LogModuleManager: Shutting down and abandoning module LinearTimecode (368)
[2019.02.12-20.21.46:876][831]LogModuleManager: Shutting down and abandoning module ImgMedia (366)
[2019.02.12-20.21.46:893][831]LogModuleManager: Shutting down and abandoning module HTML5Networking (364)
[2019.02.12-20.21.46:894][831]LogModuleManager: Shutting down and abandoning module GeometryCacheTracks (362)
[2019.02.12-20.21.46:894][831]LogModuleManager: Shutting down and abandoning module GeometryCacheSequencer (360)
[2019.02.12-20.21.46:894][831]LogModuleManager: Shutting down and abandoning module BackChannel (358)
[2019.02.12-20.21.46:903][831]LogModuleManager: Shutting down and abandoning module AppleVision (356)
[2019.02.12-20.21.46:903][831]LogModuleManager: Shutting down and abandoning module AppleImageUtils (354)
[2019.02.12-20.21.46:903][831]LogModuleManager: Shutting down and abandoning module AlembicImporter (352)
[2019.02.12-20.21.46:903][831]LogModuleManager: Shutting down and abandoning module AlembicLibrary (351)
[2019.02.12-20.21.46:904][831]LogModuleManager: Shutting down and abandoning module GeometryCache (350)
[2019.02.12-20.21.46:904][831]LogModuleManager: Shutting down and abandoning module GeometryCacheEd (349)
[2019.02.12-20.21.46:904][831]LogModuleManager: Shutting down and abandoning module DatasmithContentEditor (344)
[2019.02.12-20.21.46:916][831]LogModuleManager: Shutting down and abandoning module DatasmithContent (342)
[2019.02.12-20.21.46:916][831]LogModuleManager: Shutting down and abandoning module SpeedTreeImporter (340)
[2019.02.12-20.21.46:917][831]LogModuleManager: Shutting down and abandoning module PluginBrowser (338)
[2019.02.12-20.21.46:934][831]LogModuleManager: Shutting down and abandoning module MobileLauncherProfileWizard (336)
[2019.02.12-20.21.46:946][831]LogModuleManager: Shutting down and abandoning module PolygonModeling (334)
[2019.02.12-20.21.46:946][831]LogModuleManager: Shutting down and abandoning module MeshEditor (332)
[2019.02.12-20.21.46:960][831]LogModuleManager: Shutting down and abandoning module CryptoKeysOpenSSL (330)
[2019.02.12-20.21.46:969][831]LogModuleManager: Shutting down and abandoning module CryptoKeys (328)
[2019.02.12-20.21.46:969][831]LogModuleManager: Shutting down and abandoning module VisualStudioSourceCodeAccess (326)
[2019.02.12-20.21.46:969][831]LogModuleManager: Shutting down and abandoning module VisualStudioCodeSourceCodeAccess (324)
[2019.02.12-20.21.46:970][831]LogModuleManager: Shutting down and abandoning module UObjectPlugin (322)
[2019.02.12-20.21.46:970][831]LogModuleManager: Shutting down and abandoning module SubversionSourceControl (320)
[2019.02.12-20.21.46:985][831]LogModuleManager: Shutting down and abandoning module PerforceSourceControl (318)
[2019.02.12-20.21.47:031][831]LogModuleManager: Shutting down and abandoning module GitSourceControl (316)
[2019.02.12-20.21.47:095][831]LogModuleManager: Shutting down and abandoning module SourceControl (315)
[2019.02.12-20.21.47:135][831]LogModuleManager: Shutting down and abandoning module CLionSourceCodeAccess (312)
[2019.02.12-20.21.47:135][831]LogModuleManager: Shutting down and abandoning module LightPropagationVolumeEditor (310)
[2019.02.12-20.21.47:135][831]LogModuleManager: Shutting down and abandoning module PaperTiledImporter (308)
[2019.02.12-20.21.47:135][831]LogModuleManager: Shutting down and abandoning module PaperSpriteSheetImporter (306)
[2019.02.12-20.21.47:135][831]LogModuleManager: Shutting down and abandoning module Paper2DEditor (304)
[2019.02.12-20.21.47:197][831]LogModuleManager: Shutting down and abandoning module MeshPaint (303)
[2019.02.12-20.21.47:208][831]LogModuleManager: Shutting down and abandoning module RuntimePhysXCooking (298)
[2019.02.12-20.21.47:208][831]LogModuleManager: Shutting down and abandoning module PhysXVehiclesEditor (296)
[2019.02.12-20.21.47:208][831]LogModuleManager: Shutting down and abandoning module PhysXVehicles (294)
[2019.02.12-20.21.47:208][831]LogModuleManager: Shutting down and abandoning module OculusEditor (292)
[2019.02.12-20.21.47:228][831]LogModuleManager: Shutting down and abandoning module LocationServicesBPLibrary (290)
[2019.02.12-20.21.47:228][831]LogModuleManager: Shutting down and abandoning module ImmediatePhysicsEditor (288)
[2019.02.12-20.21.47:228][831]LogModuleManager: Shutting down and abandoning module ImmediatePhysics (286)
[2019.02.12-20.21.47:249][831]LogModuleManager: Shutting down and abandoning module ActorSequence (284)
[2019.02.12-20.21.47:249][831]LogModuleManager: Shutting down and abandoning module UdpMessaging (282)
[2019.02.12-20.21.47:350][831]LogModuleManager: Shutting down and abandoning module TcpMessaging (280)
[2019.02.12-20.21.47:480][831]LogModuleManager: Shutting down and abandoning module MagicLeapAudio (278)
[2019.02.12-20.21.47:480][831]LogModuleManager: Shutting down and abandoning module GameplayTagsEditor (276)
[2019.02.12-20.21.47:508][831]LogModuleManager: Shutting down and abandoning module FacialAnimationEditor (274)
[2019.02.12-20.21.47:508][831]LogModuleManager: Shutting down and abandoning module FacialAnimation (272)
[2019.02.12-20.21.47:508][831]LogModuleManager: Shutting down and abandoning module DataValidation (270)
[2019.02.12-20.21.47:508][831]LogModuleManager: Shutting down and abandoning module AssetManagerEditor (268)
[2019.02.12-20.21.47:543][831]LogModuleManager: Shutting down and abandoning module LevelEditor (267)
[2019.02.12-20.21.47:564][831]LogModuleManager: Shutting down and abandoning module PixelInspectorModule (266)
[2019.02.12-20.21.47:576][831]LogModuleManager: Shutting down and abandoning module CommonMenuExtensions (264)
[2019.02.12-20.21.47:576][831]LogModuleManager: Shutting down and abandoning module MainFrame (262)
[2019.02.12-20.21.47:586][831]LogModuleManager: Shutting down and abandoning module HotReload (261)
[2019.02.12-20.21.47:586][831]LogModuleManager: Shutting down and abandoning module ContentBrowser (257)
[2019.02.12-20.21.47:591][831]LogModuleManager: Shutting down and abandoning module TreeMap (255)
[2019.02.12-20.21.47:595][831]LogModuleManager: Shutting down and abandoning module LightPropagationVolumeRuntime (252)
[2019.02.12-20.21.47:595][831]LogModuleManager: Shutting down and abandoning module AISupportModule (250)
[2019.02.12-20.21.47:595][831]LogModuleManager: Shutting down and abandoning module Paper2D (248)
[2019.02.12-20.21.47:605][831]LogModuleManager: Shutting down and abandoning module WindowsMoviePlayer (246)
[2019.02.12-20.21.47:618][831]LogModuleManager: Shutting down and abandoning module WmfMedia (244)
[2019.02.12-20.21.47:632][831]LogModuleManager: Shutting down and abandoning module Media (243)
[2019.02.12-20.21.47:638][831]LogModuleManager: Shutting down and abandoning module PacketHandler (240)
[2019.02.12-20.21.47:638][831]LogModuleManager: Shutting down and abandoning module ClothingSystemEditor (238)
[2019.02.12-20.21.47:638][831]LogModuleManager: Shutting down and abandoning module ClothingSystemRuntime (236)
[2019.02.12-20.21.47:647][831]LogModuleManager: Shutting down and abandoning module MediaAssets (234)
[2019.02.12-20.21.47:647][831]LogModuleManager: Shutting down and abandoning module Overlay (232)
[2019.02.12-20.21.47:647][831]LogModuleManager: Shutting down and abandoning module OverlayEditor (231)
[2019.02.12-20.21.47:647][831]LogModuleManager: Shutting down and abandoning module VREditor (228)
[2019.02.12-20.21.47:658][831]LogModuleManager: Shutting down and abandoning module StringTableEditor (226)
[2019.02.12-20.21.47:677][831]LogModuleManager: Shutting down and abandoning module GameplayTasksEditor (224)
[2019.02.12-20.21.47:677][831]LogModuleManager: Shutting down and abandoning module BehaviorTreeEditor (222)
[2019.02.12-20.21.47:703][831]LogModuleManager: Shutting down and abandoning module FunctionalTesting (220)
[2019.02.12-20.21.47:716][831]LogModuleManager: Shutting down and abandoning module CollisionAnalyzer (218)
[2019.02.12-20.21.47:729][831]LogModuleManager: Shutting down and abandoning module WorkspaceMenuStructure (217)
[2019.02.12-20.21.47:730][831]LogModuleManager: Shutting down and abandoning module UMG (214)
[2019.02.12-20.21.47:738][831]LogModuleManager: Shutting down and abandoning module UMGEditor (213)
[2019.02.12-20.21.47:755][831]LogModuleManager: Shutting down and abandoning module Sequencer (212)
[2019.02.12-20.21.47:798][831]LogModuleManager: Shutting down and abandoning module MessageLog (209)
[2019.02.12-20.21.47:798][831]LogModuleManager: Shutting down and abandoning module SlateReflector (204)
[2019.02.12-20.21.47:819][831]LogModuleManager: Shutting down and abandoning module Slate (202)
[2019.02.12-20.21.47:819][831]LogModuleManager: Shutting down and abandoning module EditorStyle (200)
[2019.02.12-20.21.47:823][831]LogModuleManager: Shutting down and abandoning module MRMesh (198)
[2019.02.12-20.21.47:839][831]LogModuleManager: Shutting down and abandoning module SourceCodeAccess (196)
[2019.02.12-20.21.47:839][831]LogModuleManager: Shutting down and abandoning module HeadMountedDisplay (194)
[2019.02.12-20.21.47:839][831]LogModuleManager: Shutting down and abandoning module XAudio2 (192)
[2019.02.12-20.21.47:839][831]LogModuleManager: Shutting down and abandoning module Networking (190)
[2019.02.12-20.21.47:839][831]LogModuleManager: Shutting down and abandoning module Core (188)
[2019.02.12-20.21.47:839][831]LogModuleManager: Shutting down and abandoning module LevelSequence (186)
[2019.02.12-20.21.47:839][831]LogModuleManager: Shutting down and abandoning module KismetCompiler (184)
[2019.02.12-20.21.47:839][831]LogModuleManager: Shutting down and abandoning module MeshUtilities (182)
[2019.02.12-20.21.47:854][831]LogModuleManager: Shutting down and abandoning module MeshMergeUtilities (181)
[2019.02.12-20.21.47:869][831]LogModuleManager: Shutting down and abandoning module MeshReductionInterface (180)
[2019.02.12-20.21.47:869][831]LogModuleManager: Shutting down and abandoning module SimplygonSwarm (179)
[2019.02.12-20.21.47:876][831]LogModuleManager: Shutting down and abandoning module ProxyLODMeshReduction (177)
[2019.02.12-20.21.47:894][831]LogModuleManager: Shutting down and abandoning module SimplygonMeshReduction (175)
[2019.02.12-20.21.47:894][831]LogModuleManager: Shutting down and abandoning module QuadricMeshReduction (173)
[2019.02.12-20.21.47:911][831]LogModuleManager: Shutting down and abandoning module MaterialBaking (169)
[2019.02.12-20.21.47:921][831]LogModuleManager: Shutting down and abandoning module DirectoryWatcher (165)
[2019.02.12-20.21.47:965][831]LogModuleManager: Shutting down and abandoning module DerivedDataCache (162)
[2019.02.12-20.21.47:985][831]LogDerivedDataCache: Shutdown
[2019.02.12-20.21.47:985][831]LogModuleManager: Shutting down and abandoning module XGEController (160)
[2019.02.12-20.21.47:985][831]LogXGEController: Cleaning working directory: C:/Users/Grizz/AppData/Local/Temp/UnrealXGEWorkingDir/
[2019.02.12-20.21.48:006][831]LogModuleManager: Shutting down and abandoning module TargetPlatform (158)
[2019.02.12-20.21.48:032][831]LogModuleManager: Shutting down and abandoning module VulkanShaderFormat (157)
[2019.02.12-20.21.48:051][831]LogModuleManager: Shutting down and abandoning module ShaderFormatVectorVM (155)
[2019.02.12-20.21.48:058][831]LogModuleManager: Shutting down and abandoning module ShaderFormatOpenGL (153)
[2019.02.12-20.21.48:073][831]LogModuleManager: Shutting down and abandoning module ShaderFormatD3D (151)
[2019.02.12-20.21.48:073][831]LogModuleManager: Shutting down and abandoning module MetalShaderFormat (149)
[2019.02.12-20.21.48:088][831]LogModuleManager: Shutting down and abandoning module TextureFormatUncompressed (147)
[2019.02.12-20.21.48:089][831]LogModuleManager: Shutting down and abandoning module TextureFormatPVR (145)
[2019.02.12-20.21.48:089][831]LogModuleManager: Shutting down and abandoning module TextureFormatDXT (143)
[2019.02.12-20.21.48:101][831]LogModuleManager: Shutting down and abandoning module TextureFormatIntelISPCTexComp (141)
[2019.02.12-20.21.48:106][831]LogModuleManager: Shutting down and abandoning module TextureFormatASTC (139)
[2019.02.12-20.21.48:106][831]LogModuleManager: Shutting down and abandoning module ImageWrapper (138)
[2019.02.12-20.21.48:106][831]LogModuleManager: Shutting down and abandoning module TextureFormatAndroid (135)
[2019.02.12-20.21.48:106][831]LogModuleManager: Shutting down and abandoning module AudioFormatOpus (133)
[2019.02.12-20.21.48:107][831]LogModuleManager: Shutting down and abandoning module AudioFormatOgg (131)
[2019.02.12-20.21.48:107][831]LogModuleManager: Shutting down and abandoning module AudioFormatADPCM (129)
[2019.02.12-20.21.48:107][831]LogModuleManager: Shutting down and abandoning module LuminTargetPlatform (127)
[2019.02.12-20.21.48:107][831]LogModuleManager: Shutting down and abandoning module LinuxTargetPlatform (125)
[2019.02.12-20.21.48:107][831]LogModuleManager: Shutting down and abandoning module LinuxServerTargetPlatform (123)
[2019.02.12-20.21.48:107][831]LogModuleManager: Shutting down and abandoning module LinuxNoEditorTargetPlatform (121)
[2019.02.12-20.21.48:140][831]LogModuleManager: Shutting down and abandoning module LinuxClientTargetPlatform (119)
[2019.02.12-20.21.48:156][831]LogModuleManager: Shutting down and abandoning module TVOSTargetPlatform (117)
[2019.02.12-20.21.48:355][831]LogModuleManager: Shutting down and abandoning module Messaging (115)
[2019.02.12-20.21.48:355][831]LogModuleManager: Shutting down and abandoning module IOSTargetPlatform (113)
[2019.02.12-20.21.48:497][831]LogModuleManager: Shutting down and abandoning module HTML5TargetPlatform (111)
[2019.02.12-20.21.48:497][831]LogModuleManager: Shutting down and abandoning module AndroidTargetPlatform (109)
[2019.02.12-20.21.49:058][831]LogModuleManager: Shutting down and abandoning module WindowsTargetPlatform (107)
[2019.02.12-20.21.49:058][831]LogModuleManager: Shutting down and abandoning module WindowsServerTargetPlatform (105)
[2019.02.12-20.21.49:058][831]LogModuleManager: Shutting down and abandoning module WindowsNoEditorTargetPlatform (103)
[2019.02.12-20.21.49:058][831]LogModuleManager: Shutting down and abandoning module WindowsClientTargetPlatform (101)
[2019.02.12-20.21.49:059][831]LogModuleManager: Shutting down and abandoning module MacTargetPlatform (99)
[2019.02.12-20.21.49:061][831]LogModuleManager: Shutting down and abandoning module MacServerTargetPlatform (97)
[2019.02.12-20.21.49:061][831]LogModuleManager: Shutting down and abandoning module MacNoEditorTargetPlatform (95)
[2019.02.12-20.21.49:061][831]LogModuleManager: Shutting down and abandoning module MacClientTargetPlatform (93)
[2019.02.12-20.21.49:061][831]LogModuleManager: Shutting down and abandoning module AllDesktopTargetPlatform (91)
[2019.02.12-20.21.49:061][831]LogModuleManager: Shutting down and abandoning module InputCore (88)
[2019.02.12-20.21.49:061][831]LogModuleManager: Shutting down and abandoning module Settings (86)
[2019.02.12-20.21.49:061][831]LogModuleManager: Shutting down and abandoning module PhysXCooking (84)
[2019.02.12-20.21.49:061][831]LogModuleManager: Shutting down and abandoning module SteamVR (82)
[2019.02.12-20.21.49:061][831]LogModuleManager: Shutting down and abandoning module OculusHMD (80)
[2019.02.12-20.21.49:070][831]LogModuleManager: Shutting down and abandoning module ExampleDeviceProfileSelector (78)
[2019.02.12-20.21.49:070][831]LogModuleManager: Shutting down and abandoning module LauncherChunkInstaller (76)
[2019.02.12-20.21.49:070][831]LogModuleManager: Shutting down and abandoning module OnlineBlueprintSupport (74)
[2019.02.12-20.21.49:070][831]LogModuleManager: Shutting down and abandoning module OnlineSubsystem (70)
[2019.02.12-20.21.49:103][831]LogModuleManager: Shutting down and abandoning module XMPP (65)
[2019.02.12-20.21.49:132][831]LogModuleManager: Shutting down and abandoning module WebSockets (64)
[2019.02.12-20.21.49:184][831]LogModuleManager: Shutting down and abandoning module HTTP (61)
[2019.02.12-20.21.49:187][831]LogHttp: Display: Http module shutting down, but needs to wait on 1 outstanding Http requests:
[2019.02.12-20.21.49:187][831]LogHttp: Display: 	verb=[POST] url=[https://datarouter.ol.epicgames.com/datarouter/api/v1/public/data?SessionID=%7B7F55DB8D-465B-0728-4ED6-0D80723ED75D%7D&AppID=UEEditor.Rocket.Release&AppVersion=4.20.3-4369336%2B%2B%2BUE4%2BRelease-4.20&UserID=99f1fef04ee08b5c0286e1bff4a3a914%7C376366b50c2344869c8cfe76ddc4be9a%7Cb69d4af5-f56e-4f70-9ec4-ba256a657e02&AppEnvironment=datacollector-binary&UploadType=eteventstream] status=Processing
[2019.02.12-20.21.49:216][831]LogModuleManager: Shutting down and abandoning module SSL (60)
[2019.02.12-20.21.49:231][831]LogModuleManager: Shutting down and abandoning module MagicLeapEmulator (56)
[2019.02.12-20.21.49:231][831]LogModuleManager: Shutting down and abandoning module MagicLeapPrivileges (54)
[2019.02.12-20.21.49:231][831]LogModuleManager: Shutting down and abandoning module MagicLeapIdentity (52)
[2019.02.12-20.21.49:231][831]LogModuleManager: Shutting down and abandoning module MagicLeapHelperVulkan (50)
[2019.02.12-20.21.49:231][831]LogModuleManager: Shutting down and abandoning module MagicLeapHelperOpenGL (48)
[2019.02.12-20.21.49:231][831]LogModuleManager: Shutting down and abandoning module MagicLeapSecureStorage (46)
[2019.02.12-20.21.49:231][831]LogModuleManager: Shutting down and abandoning module MagicLeapGestures (44)
[2019.02.12-20.21.49:231][831]LogModuleManager: Shutting down and abandoning module MagicLeapEyeTracker (42)
[2019.02.12-20.21.49:231][831]LogModuleManager: Shutting down and abandoning module MagicLeapController (40)
[2019.02.12-20.21.49:253][831]LogSlate: Slate User Destroyed.  User Index 0, Is Virtual User: 0
[2019.02.12-20.21.49:253][831]LogModuleManager: Shutting down and abandoning module MagicLeap (38)
[2019.02.12-20.21.49:253][831]LogModuleManager: Shutting down and abandoning module AnimationModifiers (36)
[2019.02.12-20.21.49:283][831]LogModuleManager: Shutting down and abandoning module PropertyEditor (35)
[2019.02.12-20.21.49:283][831]LogModuleManager: Shutting down and abandoning module AudioEditor (32)
[2019.02.12-20.21.49:298][831]LogModuleManager: Shutting down and abandoning module TextureCompressor (30)
[2019.02.12-20.21.49:307][831]LogModuleManager: Shutting down and abandoning module ShaderCore (28)
[2019.02.12-20.21.49:307][831]LogModuleManager: Shutting down and abandoning module Landscape (26)
[2019.02.12-20.21.49:307][831]LogModuleManager: Shutting down and abandoning module SlateRHIRenderer (24)
[2019.02.12-20.21.49:332][831]LogModuleManager: Shutting down and abandoning module OpenGLDrv (22)
[2019.02.12-20.21.49:345][831]LogModuleManager: Shutting down and abandoning module D3D11RHI (20)
[2019.02.12-20.21.49:345][831]LogModuleManager: Shutting down and abandoning module AnimGraphRuntime (18)
[2019.02.12-20.21.49:355][831]LogModuleManager: Shutting down and abandoning module Renderer (16)
[2019.02.12-20.21.49:355][831]LogModuleManager: Shutting down and abandoning module Engine (14)
[2019.02.12-20.21.49:355][831]LogModuleManager: Shutting down and abandoning module CoreUObject (12)
[2019.02.12-20.21.49:355][831]LogModuleManager: Shutting down and abandoning module NetworkFile (10)
[2019.02.12-20.21.49:363][831]LogModuleManager: Shutting down and abandoning module CookedIterativeFile (8)
[2019.02.12-20.21.49:363][831]LogModuleManager: Shutting down and abandoning module StreamingFile (6)
[2019.02.12-20.21.49:373][831]LogModuleManager: Shutting down and abandoning module SandboxFile (4)
[2019.02.12-20.21.49:373][831]LogModuleManager: Shutting down and abandoning module PakFile (2)
[2019.02.12-20.21.49:402][831]LogExit: Exiting.
[2019.02.12-20.21.49:561][831]Log file closed, 02/12/19 20:21:49
