Log file open, 10/17/18 15:26:47
LogWindows: Failed to load 'aqProf.dll' (GetLastError=126)
LogWindows: File 'aqProf.dll' does not exist
LogWindows: Failed to load 'VtuneApi.dll' (GetLastError=126)
LogWindows: File 'VtuneApi.dll' does not exist
LogWindows: Failed to load 'VtuneApi32e.dll' (GetLastError=126)
LogWindows: File 'VtuneApi32e.dll' does not exist
LogInit: Display: Running engine for game: ProcGenCity
LogPlatformFile: Not using cached read wrapper
LogTaskGraph: Started task graph with 5 named threads and 23 total threads with 3 sets of task threads.
LogStats: Stats thread started at 0.280999
LogD3D11RHI: Loaded GFSDK_Aftermath_Lib.x64.dll
LogICUInternationalization: Display: ICU TimeZone Detection - Raw Offset: +0:00, Platform Override: ''
LogPluginManager: Mounting plugin Paper2D
LogPluginManager: Mounting plugin AISupport
LogPluginManager: Mounting plugin LightPropagationVolume
LogPluginManager: Mounting plugin CLionSourceCodeAccess
LogPluginManager: Mounting plugin CodeLiteSourceCodeAccess
LogPluginManager: Mounting plugin GitSourceControl
LogPluginManager: Mounting plugin KDevelopSourceCodeAccess
LogPluginManager: Mounting plugin NullSourceCodeAccess
LogPluginManager: Mounting plugin PerforceSourceControl
LogPluginManager: Mounting plugin SubversionSourceControl
LogPluginManager: Mounting plugin UObjectPlugin
LogPluginManager: Mounting plugin VisualStudioCodeSourceCodeAccess
LogPluginManager: Mounting plugin VisualStudioSourceCodeAccess
LogPluginManager: Mounting plugin XCodeSourceCodeAccess
LogPluginManager: Mounting plugin AssetManagerEditor
LogPluginManager: Mounting plugin CryptoKeys
LogPluginManager: Mounting plugin DataValidation
LogPluginManager: Mounting plugin FacialAnimation
LogPluginManager: Mounting plugin GameplayTagsEditor
LogPluginManager: Mounting plugin MacGraphicsSwitching
LogPluginManager: Mounting plugin MeshEditor
LogPluginManager: Mounting plugin MobileLauncherProfileWizard
LogPluginManager: Mounting plugin PluginBrowser
LogPluginManager: Mounting plugin SpeedTreeImporter
LogPluginManager: Mounting plugin DatasmithContent
LogPluginManager: Mounting plugin AlembicImporter
LogPluginManager: Mounting plugin AppleImageUtils
LogPluginManager: Mounting plugin AppleVision
LogPluginManager: Mounting plugin BackChannel
LogPluginManager: Mounting plugin CharacterAI
LogPluginManager: Mounting plugin GeometryCache
LogPluginManager: Mounting plugin HTML5Networking
LogPluginManager: Mounting plugin ProxyLODPlugin
LogPluginManager: Mounting plugin MagicLeap
LogPluginManager: Mounting plugin MagicLeapEmulator
LogPluginManager: Mounting plugin MagicLeapMedia
LogPluginManager: Mounting plugin AndroidMedia
LogPluginManager: Mounting plugin AvfMedia
LogPluginManager: Mounting plugin ImgMedia
LogPluginManager: Mounting plugin LinearTimecode
LogPluginManager: Mounting plugin MediaCompositing
LogPluginManager: Mounting plugin MediaPlayerEditor
LogPluginManager: Mounting plugin WmfMedia
LogPluginManager: Mounting plugin TcpMessaging
LogPluginManager: Mounting plugin UdpMessaging
LogPluginManager: Mounting plugin ActorSequence
LogPluginManager: Mounting plugin LevelSequenceEditor
LogPluginManager: Mounting plugin MatineeToLevelSequence
LogPluginManager: Mounting plugin NetcodeUnitTest
LogPluginManager: Mounting plugin NUTUnrealEngine4
LogPluginManager: Mounting plugin OnlineSubsystemGooglePlay
LogPluginManager: Mounting plugin OnlineSubsystemIOS
LogPluginManager: Mounting plugin OnlineSubsystem
LogPluginManager: Mounting plugin OnlineSubsystemNull
LogPluginManager: Mounting plugin OnlineSubsystemUtils
LogPluginManager: Mounting plugin LauncherChunkInstaller
LogPluginManager: Mounting plugin AndroidDeviceProfileSelector
LogPluginManager: Mounting plugin AndroidMoviePlayer
LogPluginManager: Mounting plugin AndroidPermission
LogPluginManager: Mounting plugin AppleMoviePlayer
LogPluginManager: Mounting plugin ArchVisCharacter
LogPluginManager: Mounting plugin AudioCapture
LogPluginManager: Mounting plugin CableComponent
LogPluginManager: Mounting plugin CustomMeshComponent
LogPluginManager: Mounting plugin EditableMesh
LogPluginManager: Mounting plugin ExampleDeviceProfileSelector
LogPluginManager: Mounting plugin GoogleCloudMessaging
LogPluginManager: Mounting plugin ImmediatePhysics
LogPluginManager: Mounting plugin IOSDeviceProfileSelector
LogPluginManager: Mounting plugin LinuxDeviceProfileSelector
LogPluginManager: Mounting plugin LocationServicesBPLibrary
LogPluginManager: Mounting plugin MobilePatchingUtils
LogPluginManager: Mounting plugin OculusVR
LogPluginManager: Plugin shader directory ../../../Engine/Plugins/Runtime/Oculus/OculusVR/Shaders found
LogPluginManager: Mapping shader source directory ../../../Engine/Plugins/Runtime/Oculus/OculusVR/Shaders to virtual directory /Plugin/OculusVR
LogPluginManager: Mounting plugin PhysXVehicles
LogPluginManager: Mounting plugin ProceduralMeshComponent
LogPluginManager: Mounting plugin RuntimePhysXCooking
LogPluginManager: Mounting plugin SteamVR
LogPluginManager: Mounting plugin WindowsMoviePlayer
LogStreaming: Display: Took  0.164s to configure plugins.
LogInit: Using libcurl 7.55.1-DEV
LogInit:  - built for x86_64-pc-win32
LogInit:  - supports SSL with OpenSSL/1.0.2h
LogInit:  - supports HTTP deflate (compression) using libz 1.2.8
LogInit:  - other features:
LogInit:      CURL_VERSION_SSL
LogInit:      CURL_VERSION_LIBZ
LogInit:      CURL_VERSION_IPV6
LogInit:      CURL_VERSION_ASYNCHDNS
LogInit:      CURL_VERSION_LARGEFILE
LogInit:      CURL_VERSION_IDN
LogInit:  CurlRequestOptions (configurable via config and command line):
LogInit:  - bVerifyPeer = false  - Libcurl will NOT verify peer certificate
LogInit:  - bUseHttpProxy = false  - Libcurl will NOT use HTTP proxy
LogInit:  - bDontReuseConnections = false  - Libcurl will reuse connections
LogInit:  - CertBundlePath = nullptr  - Libcurl will use whatever was configured at build time.
LogInit:  - MaxHostConnections = 16  - Libcurl will limit the number of connections to a host
LogInit:  - LocalHostAddr = Default
LogInit:  - BufferSize = 65536
LogInit: WinSock: version 1.1 (2.2), MaxSocks=32767, MaxUdp=65467
LogInit: Build: ++UE4+Release-4.20-CL-4369336
LogInit: Engine Version: 4.20.3-4369336+++UE4+Release-4.20
LogInit: Compatible Engine Version: 4.20.0-4212847+++UE4+Release-4.20
LogInit: Net CL: 4212847
LogInit: OS: Windows 10 (), CPU: Intel(R) Core(TM) i7-4770K CPU @ 3.50GHz, GPU: NVIDIA GeForce GTX 1060 6GB
LogInit: Compiled (64-bit): Sep 17 2018 12:26:19
LogInit: Compiled with Visual C++: 19.13.26129.00
LogInit: Build Configuration: Development
LogInit: Branch Name: ++UE4+Release-4.20
LogInit: Command Line:  
LogInit: Base Directory: C:/Program Files/Epic Games/UE_4.20/Engine/Binaries/Win64/
LogInit: Installed Engine Build: 1
LogDevObjectVersion: Number of dev versions registered: 20
LogDevObjectVersion:   Dev-Blueprints (B0D832E4-1F89-4F0D-ACCF-7EB736FD4AA2): 10
LogDevObjectVersion:   Dev-Build (E1C64328-A22C-4D53-A36C-8E866417BD8C): 0
LogDevObjectVersion:   Dev-Core (375EC13C-06E4-48FB-B500-84F0262A717E): 2
LogDevObjectVersion:   Dev-Editor (E4B068ED-F494-42E9-A231-DA0B2E46BB41): 24
LogDevObjectVersion:   Dev-Framework (CFFC743F-43B0-4480-9391-14DF171D2073): 34
LogDevObjectVersion:   Dev-Mobile (B02B49B5-BB20-44E9-A304-32B752E40360): 2
LogDevObjectVersion:   Dev-Networking (A4E4105C-59A1-49B5-A7C5-40C4547EDFEE): 0
LogDevObjectVersion:   Dev-Online (39C831C9-5AE6-47DC-9A44-9C173E1C8E7C): 0
LogDevObjectVersion:   Dev-Physics (78F01B33-EBEA-4F98-B9B4-84EACCB95AA2): 0
LogDevObjectVersion:   Dev-Platform (6631380F-2D4D-43E0-8009-CF276956A95A): 0
LogDevObjectVersion:   Dev-Rendering (12F88B9F-8875-4AFC-A67C-D90C383ABD29): 26
LogDevObjectVersion:   Dev-Sequencer (7B5AE74C-D270-4C10-A958-57980B212A5A): 9
LogDevObjectVersion:   Dev-VR (D7296918-1DD6-4BDD-9DE2-64A83CC13884): 2
LogDevObjectVersion:   Dev-LoadTimes (C2A15278-BFE7-4AFE-6C17-90FF531DF755): 1
LogDevObjectVersion:   Private-Geometry (6EACA3D4-40EC-4CC1-B786-8BED09428FC5): 3
LogDevObjectVersion:   Dev-AnimPhys (29E575DD-E0A3-4627-9D10-D276232CDCEA): 17
LogDevObjectVersion:   Dev-ReflectionCapture (6B266CEC-1EC7-4B8F-A30B-E4D90942FC07): 1
LogDevObjectVersion:   Dev-Automation (0DF73D61-A23F-47EA-B727-89E90C41499A): 1
LogDevObjectVersion:   FortniteMain (601D1886-AC64-4F84-AA16-D3DE0DEAC7D6): 12
LogDevObjectVersion:   Dev-Enterprise (9DFFBCD6-494F-0158-E221-12823C92A888): 1
LogStreaming: Display: Took  0.003s to delete old logs.
LogInit: Presizing for max 8388607 objects, including 0 objects not considered by GC, pre-allocating 0 bytes for permanent pool.
LogInit: Object subsystem initialized
[2018.10.17-14.26.47:471][  0]LogInit: Selected Device Profile: [Windows]
[2018.10.17-14.26.47:471][  0]LogInit: Applying CVar settings loaded from the selected device profile: [Windows]
[2018.10.17-14.26.47:486][  0]LogHAL: Display: Platform has ~ 16 GB [17062375424 / 17179869184 / 16], which maps to Larger [LargestMinGB=32, LargerMinGB=12, DefaultMinGB=8, SmallerMinGB=6, SmallestMinGB=0)
[2018.10.17-14.26.47:486][  0]LogInit: Setting Device Profile CVar: [[r.Vulkan.UseRealUBs:1]]
[2018.10.17-14.26.47:486][  0]LogInit: Going up to parent DeviceProfile []
[2018.10.17-14.26.47:510][  0]LogInit: Computer: KEVIN
[2018.10.17-14.26.47:510][  0]LogInit: User: Grizz
[2018.10.17-14.26.47:510][  0]LogInit: CPU Page size=4096, Cores=4
[2018.10.17-14.26.47:510][  0]LogInit: High frequency timer resolution =3.410073 MHz
[2018.10.17-14.26.47:510][  0]LogMemory: Memory total: Physical=15.9GB (16GB approx)
[2018.10.17-14.26.47:510][  0]LogMemory: Platform Memory Stats for Windows
[2018.10.17-14.26.47:510][  0]LogMemory: Process Physical Memory: 100.00 MB used, 100.00 MB peak
[2018.10.17-14.26.47:510][  0]LogMemory: Process Virtual Memory: 91.13 MB used, 91.13 MB peak
[2018.10.17-14.26.47:510][  0]LogMemory: Physical Memory: 8405.31 MB used,  7866.64 MB free, 16271.95 MB total
[2018.10.17-14.26.47:510][  0]LogMemory: Virtual Memory: 4640.32 MB used,  7866.64 MB free, 134217728.00 MB total
[2018.10.17-14.26.47:533][  0]LogInit: Using OS detected language (en-GB).
[2018.10.17-14.26.47:533][  0]LogInit: Using OS detected locale (en-GB).
[2018.10.17-14.26.47:535][  0]LogTextLocalizationManager: No specific localization for 'en-GB' exists, so the 'en' localization will be used.
[2018.10.17-14.26.48:018][  0]LogStreaming: Display: Took  0.485s to InitEngineTextLocalization.
[2018.10.17-14.26.48:018][  0]LogInit: Setting process to per monitor DPI aware
[2018.10.17-14.26.48:183][  0]LogSlate: New Slate User Created.  User Index 0, Is Virtual User: 0
[2018.10.17-14.26.48:183][  0]LogSlate: Slate User Registered.  User Index 0, Is Virtual User: 0
[2018.10.17-14.26.53:936][  0]LogHMD: Failed to initialize OpenVR with code 105
[2018.10.17-14.26.53:936][  0]LogD3D11RHI: D3D11 adapters:
[2018.10.17-14.26.54:007][  0]LogD3D11RHI:    0. 'NVIDIA GeForce GTX 1060 6GB' (Feature Level 11_0)
[2018.10.17-14.26.54:007][  0]LogD3D11RHI:       6052/0/8135 MB DedicatedVideo/DedicatedSystem/SharedSystem, Outputs:2, VendorId:0x10de
[2018.10.17-14.26.54:012][  0]LogD3D11RHI:    1. 'Intel(R) HD Graphics 4600' (Feature Level 11_0)
[2018.10.17-14.26.54:012][  0]LogD3D11RHI:       112/0/2048 MB DedicatedVideo/DedicatedSystem/SharedSystem, Outputs:0, VendorId:0x8086
[2018.10.17-14.26.54:014][  0]LogD3D11RHI:    2. 'Microsoft Basic Render Driver' (Feature Level 11_0)
[2018.10.17-14.26.54:014][  0]LogD3D11RHI:       0/0/8135 MB DedicatedVideo/DedicatedSystem/SharedSystem, Outputs:0, VendorId:0x1414
[2018.10.17-14.26.54:014][  0]LogD3D11RHI: Chosen D3D11 Adapter: 0
[2018.10.17-14.26.54:026][  0]LogD3D11RHI: Creating new Direct3DDevice
[2018.10.17-14.26.54:026][  0]LogD3D11RHI:     GPU DeviceId: 0x1c03 (for the marketing name, search the web for "GPU Device Id")
[2018.10.17-14.26.54:026][  0]LogWindows: EnumDisplayDevices:
[2018.10.17-14.26.54:026][  0]LogWindows:    0. 'NVIDIA GeForce GTX 1060 6GB' (P:1 D:1)
[2018.10.17-14.26.54:026][  0]LogWindows:    1. 'NVIDIA GeForce GTX 1060 6GB' (P:0 D:1)
[2018.10.17-14.26.54:027][  0]LogWindows:    2. 'NVIDIA GeForce GTX 1060 6GB' (P:0 D:0)
[2018.10.17-14.26.54:027][  0]LogWindows:    3. 'NVIDIA GeForce GTX 1060 6GB' (P:0 D:0)
[2018.10.17-14.26.54:027][  0]LogWindows:    4. 'Intel(R) HD Graphics 4600' (P:0 D:0)
[2018.10.17-14.26.54:027][  0]LogWindows:    5. 'Intel(R) HD Graphics 4600' (P:0 D:0)
[2018.10.17-14.26.54:028][  0]LogWindows:    6. 'Intel(R) HD Graphics 4600' (P:0 D:0)
[2018.10.17-14.26.54:028][  0]LogWindows: DebugString: PrimaryIsNotTheChoosenAdapter PrimaryIsNotTheChoosenAdapter PrimaryIsNotTheChoosenAdapter FoundDriverCount:4 
[2018.10.17-14.26.54:028][  0]LogD3D11RHI:     Adapter Name: NVIDIA GeForce GTX 1060 6GB
[2018.10.17-14.26.54:028][  0]LogD3D11RHI:   Driver Version: 416.16 (internal:25.21.14.1616, unified:416.16)
[2018.10.17-14.26.54:028][  0]LogD3D11RHI:      Driver Date: 10-2-2018
[2018.10.17-14.26.54:028][  0]LogRHI: Texture pool is 4236 MB (70% of 6052 MB)
[2018.10.17-14.26.54:074][  0]LogD3D11RHI: Async texture creation enabled
[2018.10.17-14.26.54:106][  0]LogD3D11RHI: GPU Timing Frequency: 1000.000000 (Debug: 2 2)
[2018.10.17-14.26.54:203][  0]LogShaderCompilers: Guid format shader working directory is -29 characters bigger than the processId version (../../../../../../Users/Grizz/Documents/GitHub/Honours-Project/ProcGenCity/Intermediate/Shaders/WorkingDirectory/85644/).
[2018.10.17-14.26.54:204][  0]LogShaderCompilers: Cleaned the shader compiler working directory 'C:/Users/Grizz/AppData/Local/Temp/UnrealShaderWorkingDir/07B458BD4CDE4946411A8C9093137C59/'.
[2018.10.17-14.26.54:475][  0]LogTemp: Display: Loaded TP AllDesktopTargetPlatform
[2018.10.17-14.26.54:488][  0]LogTemp: Display: Loaded TP MacClientTargetPlatform
[2018.10.17-14.26.54:506][  0]LogTemp: Display: Loaded TP MacNoEditorTargetPlatform
[2018.10.17-14.26.54:524][  0]LogTemp: Display: Loaded TP MacServerTargetPlatform
[2018.10.17-14.26.54:542][  0]LogTemp: Display: Loaded TP MacTargetPlatform
[2018.10.17-14.26.54:558][  0]LogTemp: Display: Loaded TP WindowsClientTargetPlatform
[2018.10.17-14.26.54:574][  0]LogTemp: Display: Loaded TP WindowsNoEditorTargetPlatform
[2018.10.17-14.26.54:591][  0]LogTemp: Display: Loaded TP WindowsServerTargetPlatform
[2018.10.17-14.26.54:599][  0]LogTemp: Display: Loaded TP WindowsTargetPlatform
[2018.10.17-14.26.54:679][  0]LogTemp: Display: Loaded TP AndroidTargetPlatform
[2018.10.17-14.26.54:679][  0]LogTemp: Display: Loaded TP AndroidTargetPlatform
[2018.10.17-14.26.54:679][  0]LogTemp: Display: Loaded TP AndroidTargetPlatform
[2018.10.17-14.26.54:679][  0]LogTemp: Display: Loaded TP AndroidTargetPlatform
[2018.10.17-14.26.54:679][  0]LogTemp: Display: Loaded TP AndroidTargetPlatform
[2018.10.17-14.26.54:679][  0]LogTemp: Display: Loaded TP AndroidTargetPlatform
[2018.10.17-14.26.54:679][  0]LogTemp: Display: Loaded TP AndroidTargetPlatform
[2018.10.17-14.26.54:679][  0]LogTemp: Display: Loaded TP AndroidTargetPlatform
[2018.10.17-14.26.54:679][  0]LogTemp: Display: Loaded TP AndroidTargetPlatform
[2018.10.17-14.26.54:679][  0]LogTemp: Display: Loaded TP AndroidTargetPlatform
[2018.10.17-14.26.54:679][  0]LogTemp: Display: Loaded TP AndroidTargetPlatform
[2018.10.17-14.26.54:679][  0]LogTemp: Display: Loaded TP AndroidTargetPlatform
[2018.10.17-14.26.54:679][  0]LogTemp: Display: Loaded TP AndroidTargetPlatform
[2018.10.17-14.26.54:679][  0]LogTemp: Display: Loaded TP AndroidTargetPlatform
[2018.10.17-14.26.54:679][  0]LogTemp: Display: Loaded TP AndroidTargetPlatform
[2018.10.17-14.26.54:679][  0]LogTemp: Display: Loaded TP AndroidTargetPlatform
[2018.10.17-14.26.54:679][  0]LogTemp: Display: Loaded TP AndroidTargetPlatform
[2018.10.17-14.26.54:679][  0]LogTemp: Display: Loaded TP AndroidTargetPlatform
[2018.10.17-14.26.54:680][  0]LogTemp: Display: Loaded TP HTML5TargetPlatform
[2018.10.17-14.26.54:740][  0]LogTemp: Display: Loaded TP IOSTargetPlatform
[2018.10.17-14.26.54:740][  0]LogTemp: Display: Loaded TP IOSTargetPlatform
[2018.10.17-14.26.54:769][  0]LogTemp: Display: Loaded TP TVOSTargetPlatform
[2018.10.17-14.26.54:769][  0]LogTemp: Display: Loaded TP TVOSTargetPlatform
[2018.10.17-14.26.54:782][  0]LogTemp: Display: Loaded TP LinuxClientTargetPlatform
[2018.10.17-14.26.54:793][  0]LogTemp: Display: Loaded TP LinuxNoEditorTargetPlatform
[2018.10.17-14.26.54:806][  0]LogTemp: Display: Loaded TP LinuxServerTargetPlatform
[2018.10.17-14.26.54:819][  0]LogTemp: Display: Loaded TP LinuxTargetPlatform
[2018.10.17-14.26.54:828][  0]LogTemp: Display: Loaded TP LuminTargetPlatform
[2018.10.17-14.26.54:828][  0]LogTargetPlatformManager: Display: Building Assets For Windows
[2018.10.17-14.26.54:883][  0]LogXGEController: Cleaning working directory: C:/Users/Grizz/AppData/Local/Temp/UnrealXGEWorkingDir/
[2018.10.17-14.26.54:883][  0]LogXGEController: Cannot use XGE Controller as Incredibuild is not installed on this machine.
[2018.10.17-14.26.54:883][  0]LogShaderCompilers: Cannot use XGE Shader Compiler as Incredibuild is not installed on this machine.
[2018.10.17-14.26.54:883][  0]LogShaderCompilers: Display: Using Local Shader Compiler.
[2018.10.17-14.26.55:633][  0]LogDerivedDataCache: Display: Max Cache Size: 512 MB
[2018.10.17-14.26.55:683][  0]LogDerivedDataCache: Loaded boot cache 0.05s 71MB C:/Users/Grizz/AppData/Local/UnrealEngine/4.20/DerivedDataCache/Boot.ddc.
[2018.10.17-14.26.55:683][  0]LogDerivedDataCache: Display: Loaded Boot cache: C:/Users/Grizz/AppData/Local/UnrealEngine/4.20/DerivedDataCache/Boot.ddc
[2018.10.17-14.26.55:683][  0]LogDerivedDataCache: FDerivedDataBackendGraph:  Pak pak cache file ../../../../../../Users/Grizz/Documents/GitHub/Honours-Project/ProcGenCity/DerivedDataCache/DDC.ddp not found, will not use a pak cache.
[2018.10.17-14.26.55:684][  0]LogDerivedDataCache: Unable to find inner node Pak for hierarchical cache Hierarchy.
[2018.10.17-14.26.55:684][  0]LogDerivedDataCache: FDerivedDataBackendGraph:  CompressedPak pak cache file ../../../../../../Users/Grizz/Documents/GitHub/Honours-Project/ProcGenCity/DerivedDataCache/Compressed.ddp not found, will not use a pak cache.
[2018.10.17-14.26.55:684][  0]LogDerivedDataCache: Unable to find inner node CompressedPak for hierarchical cache Hierarchy.
[2018.10.17-14.26.55:696][  0]LogDerivedDataCache: Display: Pak cache opened for reading ../../../Engine/DerivedDataCache/Compressed.ddp.
[2018.10.17-14.26.55:708][  0]LogDerivedDataCache: Using Local data cache path C:/Users/Grizz/AppData/Local/UnrealEngine/Common/DerivedDataCache: Writable
[2018.10.17-14.26.55:708][  0]LogDerivedDataCache: Shared data cache path not found in *engine.ini, will not use an Shared cache.
[2018.10.17-14.26.55:708][  0]LogDerivedDataCache: Unable to find inner node Shared for hierarchical cache Hierarchy.
[2018.10.17-14.26.55:727][  0]LogMaterial: Verifying Global Shaders for PCD3D_SM5
[2018.10.17-14.26.55:728][  0]LogSlate: Using FreeType 2.6.0
[2018.10.17-14.26.55:729][  0]LogSlate: SlateFontServices - WITH_FREETYPE: 1, WITH_HARFBUZZ: 1
[2018.10.17-14.26.55:798][  0]LogAssetRegistry: FAssetRegistry took 0.0261 seconds to start up
[2018.10.17-14.26.56:169][  0]LogInit: Selected Device Profile: [Windows]
[2018.10.17-14.26.56:292][  0]LogSimplygon: Simplygon DLL not present - disabling.
[2018.10.17-14.26.56:294][  0]LogMeshReduction: Using SimplygonSwarm for distributed automatic mesh merging
[2018.10.17-14.26.56:294][  0]LogMeshReduction: Using ProxyLODMeshReduction for automatic mesh merging
[2018.10.17-14.26.56:294][  0]LogMeshReduction: Using QuadricMeshReduction for automatic static mesh reduction
[2018.10.17-14.26.56:294][  0]LogMeshReduction: No automatic skeletal mesh reduction module available
[2018.10.17-14.26.56:318][  0]LogNetVersion: ProcGenCity 1.0.0, NetCL: 4212847, EngineNetVer: 5, GameNetVer: 0 (Checksum: 2895139612)
[2018.10.17-14.26.56:867][  0]LogPackageLocalizationCache: Processed 11 localized package path(s) for 2 prioritized culture(s) in 0.115363 seconds
[2018.10.17-14.26.56:872][  0]LogUObjectArray: 38425 objects as part of root set at end of initial load.
[2018.10.17-14.26.56:872][  0]LogUObjectAllocator: 6690872 out of 0 bytes used by permanent object pool.
[2018.10.17-14.26.56:873][  0]LogUObjectArray: CloseDisregardForGC: 0/0 objects in disregard for GC pool
[2018.10.17-14.26.57:758][  0]LogTcpMessaging: Initializing TcpMessaging bridge
[2018.10.17-14.26.57:771][  0]LogUdpMessaging: Initializing bridge on interface 0.0.0.0:0 to multicast group 230.0.0.1:6666.
[2018.10.17-14.26.57:938][  0]SourceControl: Source control is disabled
[2018.10.17-14.26.57:938][  0]SourceControl: Source control is disabled
[2018.10.17-14.26.57:939][  0]SourceControl: Source control is disabled
[2018.10.17-14.26.57:940][  0]SourceControl: Source control is disabled
[2018.10.17-14.26.58:096][  0]LogAndroidPermission: UAndroidPermissionCallbackProxy::GetInstance
[2018.10.17-14.26.58:238][  0]LogOcInput: OculusInput pre-init called
[2018.10.17-14.26.58:318][  0]LogEngine: Initializing Engine...
[2018.10.17-14.26.58:321][  0]LogHMD: Failed to initialize OpenVR with code 105
[2018.10.17-14.26.58:322][  0]LogStats: UGameplayTagsManager::ConstructGameplayTagTree: ImportINI prefixes -  0.000 s
[2018.10.17-14.26.58:322][  0]LogStats: UGameplayTagsManager::ConstructGameplayTagTree: Construct from data asset -  0.000 s
[2018.10.17-14.26.58:322][  0]LogStats: UGameplayTagsManager::ConstructGameplayTagTree: ImportINI -  0.000 s
[2018.10.17-14.26.58:322][  0]LogStats: UGameplayTagsManager::ConstructGameplayTagTree: GameplayTagTreeChangedEvent.Broadcast -  0.000 s
[2018.10.17-14.26.58:605][  0]LogInit: Initializing FReadOnlyCVARCache
[2018.10.17-14.26.58:617][  0]LogAIModule: Creating AISystem for world Untitled
[2018.10.17-14.26.58:649][  0]LogInit: XAudio2 using 'Speakers (Razer Surround Audio Controller)' : 6 channels at 48 kHz using 16 bits per sample (channel mask 0x3f)
[2018.10.17-14.26.58:658][  0]LogInit: FAudioDevice initialized.
[2018.10.17-14.26.58:658][  0]LogNetVersion: Set ProjectVersion to 1.0.0.0. Version Checksum will be recalculated on next use.
[2018.10.17-14.26.58:794][  0]LogDerivedDataCache: Saved boot cache 0.14s 71MB C:/Users/Grizz/AppData/Local/UnrealEngine/4.20/DerivedDataCache/Boot.ddc.
[2018.10.17-14.26.58:806][  0]LogInit: Texture streaming: Enabled
[2018.10.17-14.26.58:843][  0]LogEngineSessionManager: EngineSessionManager initialized
[2018.10.17-14.26.58:843][  0]LogEngineSessionManager: EngineSessionManager sent abnormal shutdown report. Type=Crashed, SessionId={A3370EF2-4A0A-998A-1C64-1EBD9FC6143B}
[2018.10.17-14.26.58:887][  0]LogInit: Transaction tracking system initialized
[2018.10.17-14.26.58:927][  0]BlueprintLog: New page: Editor Load
[2018.10.17-14.26.59:023][  0]LocalizationService: Localization service is disabled
[2018.10.17-14.26.59:304][  0]LogCook: Display: Max memory allowance for cook 16384mb min free memory 0mb
[2018.10.17-14.26.59:304][  0]LogCook: Display: Mobile HDR setting 1
[2018.10.17-14.26.59:304][  0]LogGameplayTags: Display: UGameplayTagsManager::DoneAddingNativeTags. DelegateIsBound: 0
[2018.10.17-14.26.59:304][  0]LogStats: UGameplayTagsManager::ConstructGameplayTagTree: ImportINI prefixes -  0.000 s
[2018.10.17-14.26.59:304][  0]LogStats: UGameplayTagsManager::ConstructGameplayTagTree: Construct from data asset -  0.000 s
[2018.10.17-14.26.59:304][  0]LogStats: UGameplayTagsManager::ConstructGameplayTagTree: ImportINI -  0.000 s
[2018.10.17-14.26.59:304][  0]LogStats: UGameplayTagsManager::ConstructGameplayTagTree: GameplayTagTreeChangedEvent.Broadcast -  0.000 s
[2018.10.17-14.26.59:430][  0]LogFileCache: Scanning file cache for directory 'C:/Users/Grizz/Documents/GitHub/Honours-Project/ProcGenCity/Content/' took 0.02s
[2018.10.17-14.26.59:431][  0]SourceControl: Source control is disabled
[2018.10.17-14.26.59:431][  0]Cmd: MAP LOAD FILE="../../../../../../Users/Grizz/Documents/GitHub/Honours-Project/ProcGenCity/Content/StarterContent/Maps/Minimal_Default.umap" TEMPLATE=0 SHOWPROGRESS=1 FEATURELEVEL=3
[2018.10.17-14.26.59:431][  0]LightingResults: New page: Lighting Build
[2018.10.17-14.26.59:434][  0]MapCheck: New page: Map Check
[2018.10.17-14.26.59:434][  0]LightingResults: New page: Lighting Build
[2018.10.17-14.26.59:739][  0]LogAIModule: Creating AISystem for world Minimal_Default
[2018.10.17-14.26.59:755][  0]LogEditorServer: Finished looking for orphan Actors (0.000 secs)
[2018.10.17-14.26.59:778][  0]Cmd: MAP CHECKDEP NOCLEARLOG
[2018.10.17-14.26.59:844][  0]MapCheck: Map check complete: 0 Error(s), 0 Warning(s), took 65.499ms to complete.
[2018.10.17-14.26.59:844][  0]LogFileHelpers: Loading map 'Minimal_Default' took 0.413
[2018.10.17-14.26.59:952][  0]LogSlate: Updating window title bar state: overlay mode, drag disabled, window buttons hidden, title bar hidden
[2018.10.17-14.26.59:960][  0]LogSlate: Updating window title bar state: overlay mode, drag disabled, window buttons hidden, title bar hidden
[2018.10.17-14.26.59:968][  0]LogSlate: Updating window title bar state: overlay mode, drag disabled, window buttons hidden, title bar hidden
[2018.10.17-14.26.59:975][  0]LogSlate: Updating window title bar state: overlay mode, drag disabled, window buttons hidden, title bar hidden
[2018.10.17-14.26.59:982][  0]LogCollectionManager: Loaded 0 collections in 0.001800 seconds
[2018.10.17-14.27.00:030][  0]LogFileCache: Scanning file cache for directory 'C:/Users/Grizz/Documents/GitHub/Honours-Project/ProcGenCity/Saved/Collections/' took 0.01s
[2018.10.17-14.27.00:030][  0]LogFileCache: Scanning file cache for directory 'C:/Users/Grizz/Documents/GitHub/Honours-Project/ProcGenCity/Content/Developers/Grizz/Collections/' took 0.01s
[2018.10.17-14.27.00:030][  0]LogFileCache: Scanning file cache for directory 'C:/Users/Grizz/Documents/GitHub/Honours-Project/ProcGenCity/Content/Collections/' took 0.01s
[2018.10.17-14.27.00:030][  0]LogCollectionManager: Rebuilt the GUID cache for 0 collections in 0.000000 seconds
[2018.10.17-14.27.00:043][  0]LogContentBrowser: Native class hierarchy populated in 0.0126 seconds. Added 2573 classes and 605 folders.
[2018.10.17-14.27.00:049][  0]LogContentBrowser: Native class hierarchy updated for 'WidgetCarousel' in 0.0004 seconds. Added 0 classes and 0 folders.
[2018.10.17-14.27.00:095][  0]LogContentBrowser: Native class hierarchy updated for 'AddContentDialog' in 0.0004 seconds. Added 0 classes and 0 folders.
[2018.10.17-14.27.00:100][  0]LogContentBrowser: Native class hierarchy updated for 'SceneOutliner' in 0.0005 seconds. Added 1 classes and 2 folders.
[2018.10.17-14.27.00:115][  0]LogSlate: Took 0.000340 seconds to synchronously load lazily loaded font '../../../Engine/Content/Slate/Fonts/Roboto-Regular.ttf' (155K)
[2018.10.17-14.27.00:118][  0]LogSlate: Took 0.000189 seconds to synchronously load lazily loaded font '../../../Engine/Content/Slate/Fonts/Roboto-Bold.ttf' (160K)
[2018.10.17-14.27.00:123][  0]LogSlate: Took 0.000200 seconds to synchronously load lazily loaded font '../../../Engine/Content/Editor/Slate/Fonts/FontAwesome.ttf' (139K)
[2018.10.17-14.27.00:205][  0]LogRenderer: Reallocating scene render targets to support 1616x1004 Format 10 NumSamples 1 (Frame:1).
[2018.10.17-14.27.00:321][  0]LogSlate: FSceneViewport::OnFocusLost() reason 2
[2018.10.17-14.27.00:338][  0]LogSlate: Window 'Tutorials' being destroyed
[2018.10.17-14.27.00:369][  0]LogContentBrowser: Native class hierarchy updated for 'HierarchicalLODOutliner' in 0.0003 seconds. Added 0 classes and 0 folders.
[2018.10.17-14.27.00:370][  0]LogLoad: (Engine Initialization) Total time: 14.80 seconds
[2018.10.17-14.27.00:370][  0]LogLoad: (Engine Initialization) Total Blueprint compile time: 0.00 seconds
[2018.10.17-14.27.00:404][  0]LogContentStreaming: Texture pool size now 1000 MB
[2018.10.17-14.27.00:452][  1]LogAssetRegistry: Asset discovery search completed in 4.6768 seconds
[2018.10.17-14.27.00:454][  1]LogCollectionManager: Rebuilt the object cache for 0 collections in 0.000001 seconds (found 0 objects)
[2018.10.17-14.27.00:454][  1]LogCollectionManager: Fixed up redirectors for 0 collections in 0.000070 seconds (updated 0 objects)
[2018.10.17-14.27.13:141][ 39]LogSlate: FSceneViewport::OnFocusLost() reason 0
[2018.10.17-14.27.13:219][ 39]Candidate modules for hot reload:
[2018.10.17-14.27.13:219][ 39]  ProcGenCity
[2018.10.17-14.27.13:219][ 39]Launching UnrealBuildTool... [C:/Program Files/Epic Games/UE_4.20/Engine/Binaries/DotNET/UnrealBuildTool.exe  -ModuleWithSuffix=ProcGenCity,4454 Win64 Development -TargetType=Editor -Project="../../../../../../Users/Grizz/Documents/GitHub/Honours-Project/ProcGenCity/ProcGenCity.uproject" -canskiplink "C:/Users/Grizz/Documents/GitHub/Honours-Project/ProcGenCity/ProcGenCity.uproject" ]
[2018.10.17-14.27.13:221][ 39]Warning: Starting HotReload took  0.1s.
[2018.10.17-14.27.23:195][754]CompilerResultsLog: New page: Compilation - 17 Oct 2018 16:27:23
[2018.10.17-14.27.23:195][754]CompilerResultsLog: Using 'git status' to determine working set for adaptive non-unity build.
[2018.10.17-14.27.23:195][754]CompilerResultsLog: Compiling game modules for hot reload
[2018.10.17-14.27.23:195][754]CompilerResultsLog: Building 3 actions with 8 processes...
[2018.10.17-14.27.23:195][754]CompilerResultsLog:   [1/3] SplineNetwork.cpp
[2018.10.17-14.27.23:195][754]CompilerResultsLog:   [2/3] UE4Editor-ProcGenCity-4454.lib
[2018.10.17-14.27.23:195][754]CompilerResultsLog:      Creating library C:\Users\Grizz\Documents\GitHub\Honours-Project\ProcGenCity\Intermediate\Build\Win64\UE4Editor\Development\ProcGenCity\UE4Editor-ProcGenCity-4454.lib and object C:\Users\Grizz\Documents\GitHub\Honours-Project\ProcGenCity\Intermediate\Build\Win64\UE4Editor\Development\ProcGenCity\UE4Editor-ProcGenCity-4454.exp
[2018.10.17-14.27.23:195][754]CompilerResultsLog:   [3/3] UE4Editor-ProcGenCity-4454.dll
[2018.10.17-14.27.23:195][754]CompilerResultsLog:      Creating library C:\Users\Grizz\Documents\GitHub\Honours-Project\ProcGenCity\Intermediate\Build\Win64\UE4Editor\Development\ProcGenCity\UE4Editor-ProcGenCity-4454.suppressed.lib and object C:\Users\Grizz\Documents\GitHub\Honours-Project\ProcGenCity\Intermediate\Build\Win64\UE4Editor\Development\ProcGenCity\UE4Editor-ProcGenCity-4454.suppressed.exp
[2018.10.17-14.27.23:195][754]CompilerResultsLog: Total build time: 9.63 seconds (Parallel executor: 4.10 seconds)
[2018.10.17-14.27.23:195][754]LogMainFrame: MainFrame: Module compiling took 9.986 seconds
[2018.10.17-14.27.23:237][754]LogContentBrowser: Native class hierarchy updated for 'ProcGenCity' in 0.0004 seconds. Added 1 classes and 2 folders.
[2018.10.17-14.27.23:239][754]Display: HotReload successful (0 functions remapped  0 scriptstructs remapped)
[2018.10.17-14.27.23:383][754]LogContentBrowser: Native class hierarchy populated in 0.0112 seconds. Added 2574 classes and 607 folders.
[2018.10.17-14.27.23:385][754]Display: HotReload took 10.2s.
[2018.10.17-14.27.29:669][117]LogSlate: Took 0.000178 seconds to synchronously load lazily loaded font '../../../Engine/Content/Slate/Fonts/Roboto-Light.ttf' (167K)
[2018.10.17-14.27.29:743][117]LogSlate: Took 0.000189 seconds to synchronously load lazily loaded font '../../../Engine/Content/Slate/Fonts/Roboto-BoldCondensed.ttf' (158K)
[2018.10.17-14.27.30:639][222]LogAssetEditorManager: Opening Asset editor for Blueprint /Game/MySplineNetwork.MySplineNetwork
[2018.10.17-14.27.31:455][222]LogContentBrowser: Native class hierarchy updated for 'BlueprintGraph' in 0.0016 seconds. Added 116 classes and 0 folders.
[2018.10.17-14.27.32:747][222]LogSlate: Window 'Add Blueprint Class' being destroyed
[2018.10.17-14.27.39:942][894]LogRenderer: Reallocating scene render targets to support 1616x1260 Format 10 NumSamples 1 (Frame:658).
[2018.10.17-14.27.40:107][913]LogSlate: Window 'MySplineNetwork*' being destroyed
[2018.10.17-14.27.44:678][263]LogWindows: Error: === Critical error: ===
[2018.10.17-14.27.44:678][263]LogWindows: Error: 
[2018.10.17-14.27.44:679][263]LogWindows: Error: Fatal error!
[2018.10.17-14.27.44:679][263]LogWindows: Error: 
[2018.10.17-14.27.44:679][263]LogWindows: Error: Unhandled Exception: EXCEPTION_ACCESS_VIOLATION reading address 0x000000e0
[2018.10.17-14.27.44:679][263]LogWindows: Error: 
[2018.10.17-14.27.44:679][263]LogWindows: Error: [Callstack] 0x00007ffff542498c UE4Editor-Engine.dll!UnknownFunction []
[2018.10.17-14.27.44:679][263]LogWindows: Error: [Callstack] 0x00007ffff526f89f UE4Editor-Engine.dll!UnknownFunction []
[2018.10.17-14.27.44:679][263]LogWindows: Error: [Callstack] 0x00007ffff543643a UE4Editor-Engine.dll!UnknownFunction []
[2018.10.17-14.27.44:679][263]LogWindows: Error: [Callstack] 0x00007fffdcda1fa5 UE4Editor-ProcGenCity-4454.dll!ASplineNetwork::CreateSplineMesh() [c:\users\grizz\documents\github\honours-project\procgencity\source\procgencity\splinenetwork.cpp:90]
[2018.10.17-14.27.44:679][263]LogWindows: Error: [Callstack] 0x00007ffff4ee4eff UE4Editor-Engine.dll!UnknownFunction []
[2018.10.17-14.27.44:679][263]LogWindows: Error: [Callstack] 0x00007ffff4ee87c4 UE4Editor-Engine.dll!UnknownFunction []
[2018.10.17-14.27.44:679][263]LogWindows: Error: [Callstack] 0x00007ffff4f076f3 UE4Editor-Engine.dll!UnknownFunction []
[2018.10.17-14.27.44:679][263]LogWindows: Error: [Callstack] 0x00007ffff584f646 UE4Editor-Engine.dll!UnknownFunction []
[2018.10.17-14.27.44:679][263]LogWindows: Error: [Callstack] 0x00007ffff3295b93 UE4Editor-UnrealEd.dll!UnknownFunction []
[2018.10.17-14.27.44:679][263]LogWindows: Error: [Callstack] 0x00007ffff325f37c UE4Editor-UnrealEd.dll!UnknownFunction []
[2018.10.17-14.27.44:679][263]LogWindows: Error: [Callstack] 0x00007ffff2e54266 UE4Editor-UnrealEd.dll!UnknownFunction []
[2018.10.17-14.27.44:679][263]LogWindows: Error: [Callstack] 0x00007ffff2df4792 UE4Editor-UnrealEd.dll!UnknownFunction []
[2018.10.17-14.27.44:679][263]LogWindows: Error: [Callstack] 0x00007ffff3699c77 UE4Editor-UnrealEd.dll!UnknownFunction []
[2018.10.17-14.27.44:679][263]LogWindows: Error: [Callstack] 0x00007ffff366fe9f UE4Editor-UnrealEd.dll!UnknownFunction []
[2018.10.17-14.27.44:679][263]LogWindows: Error: [Callstack] 0x00007ffff366f577 UE4Editor-UnrealEd.dll!UnknownFunction []
[2018.10.17-14.27.44:679][263]LogWindows: Error: [Callstack] 0x00007fffed2a8d9f UE4Editor-LevelEditor.dll!UnknownFunction []
[2018.10.17-14.27.44:679][263]LogWindows: Error: [Callstack] 0x00007fffed2c484e UE4Editor-LevelEditor.dll!UnknownFunction []
[2018.10.17-14.27.44:679][263]LogWindows: Error: [Callstack] 0x00007ffff48065fe UE4Editor-Slate.dll!UnknownFunction []
[2018.10.17-14.27.44:679][263]LogWindows: Error: [Callstack] 0x00007ffff48a1263 UE4Editor-Slate.dll!UnknownFunction []
[2018.10.17-14.27.44:679][263]LogWindows: Error: [Callstack] 0x00007ffff4888538 UE4Editor-Slate.dll!UnknownFunction []
[2018.10.17-14.27.44:679][263]LogWindows: Error: [Callstack] 0x00007ffff487b073 UE4Editor-Slate.dll!UnknownFunction []
[2018.10.17-14.27.44:679][263]LogWindows: Error: [Callstack] 0x00007ff82d26d007 UE4Editor-ApplicationCore.dll!UnknownFunction []
[2018.10.17-14.27.44:679][263]LogWindows: Error: [Callstack] 0x00007ff82d260270 UE4Editor-ApplicationCore.dll!UnknownFunction []
[2018.10.17-14.27.44:679][263]LogWindows: Error: [Callstack] 0x00007ff82d26f4c5 UE4Editor-ApplicationCore.dll!UnknownFunction []
[2018.10.17-14.27.44:679][263]LogWindows: Error: [Callstack] 0x00007ff82d25c209 UE4Editor-ApplicationCore.dll!UnknownFunction []
[2018.10.17-14.27.44:679][263]LogWindows: Error: [Callstack] 0x00007ff860106cc1 USER32.dll!UnknownFunction []
[2018.10.17-14.27.44:679][263]LogWindows: Error: [Callstack] 0x00007ff860106693 USER32.dll!UnknownFunction []
[2018.10.17-14.27.44:679][263]LogWindows: Error: [Callstack] 0x00007ff82d270646 UE4Editor-ApplicationCore.dll!UnknownFunction []
[2018.10.17-14.27.44:679][263]LogWindows: Error: [Callstack] 0x00007ff6597854e5 UE4Editor.exe!UnknownFunction []
[2018.10.17-14.27.44:679][263]LogWindows: Error: [Callstack] 0x00007ff659795b3c UE4Editor.exe!UnknownFunction []
[2018.10.17-14.27.44:679][263]LogWindows: Error: [Callstack] 0x00007ff659795bba UE4Editor.exe!UnknownFunction []
[2018.10.17-14.27.44:679][263]LogWindows: Error: [Callstack] 0x00007ff6597a3dac UE4Editor.exe!UnknownFunction []
[2018.10.17-14.27.44:679][263]LogWindows: Error: [Callstack] 0x00007ff6597a5aaa UE4Editor.exe!UnknownFunction []
[2018.10.17-14.27.44:679][263]LogWindows: Error: [Callstack] 0x00007ff860043034 KERNEL32.DLL!UnknownFunction []
[2018.10.17-14.27.44:679][263]LogWindows: Error: [Callstack] 0x00007ff8627f1461 ntdll.dll!UnknownFunction []
[2018.10.17-14.27.44:679][263]LogWindows: Error: 
[2018.10.17-14.27.44:696][263]LogExit: Executing StaticShutdownAfterError
[2018.10.17-14.27.44:699][263]LogWindows: FPlatformMisc::RequestExit(1)
[2018.10.17-14.27.44:710][263]Log file closed, 10/17/18 15:27:44
