Log file open, 10/31/18 20:08:17
LogWindows: Failed to load 'aqProf.dll' (GetLastError=126)
LogWindows: File 'aqProf.dll' does not exist
LogWindows: Failed to load 'VtuneApi.dll' (GetLastError=126)
LogWindows: File 'VtuneApi.dll' does not exist
LogWindows: Failed to load 'VtuneApi32e.dll' (GetLastError=126)
LogWindows: File 'VtuneApi32e.dll' does not exist
LogInit: Display: Running engine for game: ProcGenCity
LogPlatformFile: Not using cached read wrapper
LogTaskGraph: Started task graph with 5 named threads and 23 total threads with 3 sets of task threads.
LogStats: Stats thread started at 0.318075
LogD3D11RHI: Loaded GFSDK_Aftermath_Lib.x64.dll
LogICUInternationalization: Display: ICU TimeZone Detection - Raw Offset: +0:00, Platform Override: ''
LogPluginManager: Mounting plugin Paper2D
LogPluginManager: Mounting plugin AISupport
LogPluginManager: Mounting plugin LightPropagationVolume
LogPluginManager: Mounting plugin CLionSourceCodeAccess
LogPluginManager: Mounting plugin CodeLiteSourceCodeAccess
LogPluginManager: Mounting plugin GitSourceControl
LogPluginManager: Mounting plugin KDevelopSourceCodeAccess
LogPluginManager: Mounting plugin NullSourceCodeAccess
LogPluginManager: Mounting plugin PerforceSourceControl
LogPluginManager: Mounting plugin SubversionSourceControl
LogPluginManager: Mounting plugin UObjectPlugin
LogPluginManager: Mounting plugin VisualStudioCodeSourceCodeAccess
LogPluginManager: Mounting plugin VisualStudioSourceCodeAccess
LogPluginManager: Mounting plugin XCodeSourceCodeAccess
LogPluginManager: Mounting plugin AssetManagerEditor
LogPluginManager: Mounting plugin CryptoKeys
LogPluginManager: Mounting plugin DataValidation
LogPluginManager: Mounting plugin FacialAnimation
LogPluginManager: Mounting plugin GameplayTagsEditor
LogPluginManager: Mounting plugin MacGraphicsSwitching
LogPluginManager: Mounting plugin MeshEditor
LogPluginManager: Mounting plugin MobileLauncherProfileWizard
LogPluginManager: Mounting plugin PluginBrowser
LogPluginManager: Mounting plugin SpeedTreeImporter
LogPluginManager: Mounting plugin DatasmithContent
LogPluginManager: Mounting plugin AlembicImporter
LogPluginManager: Mounting plugin AppleImageUtils
LogPluginManager: Mounting plugin AppleVision
LogPluginManager: Mounting plugin BackChannel
LogPluginManager: Mounting plugin CharacterAI
LogPluginManager: Mounting plugin GeometryCache
LogPluginManager: Mounting plugin HTML5Networking
LogPluginManager: Mounting plugin ProxyLODPlugin
LogPluginManager: Mounting plugin MagicLeap
LogPluginManager: Mounting plugin MagicLeapEmulator
LogPluginManager: Mounting plugin MagicLeapMedia
LogPluginManager: Mounting plugin AndroidMedia
LogPluginManager: Mounting plugin AvfMedia
LogPluginManager: Mounting plugin ImgMedia
LogPluginManager: Mounting plugin LinearTimecode
LogPluginManager: Mounting plugin MediaCompositing
LogPluginManager: Mounting plugin MediaPlayerEditor
LogPluginManager: Mounting plugin WmfMedia
LogPluginManager: Mounting plugin TcpMessaging
LogPluginManager: Mounting plugin UdpMessaging
LogPluginManager: Mounting plugin ActorSequence
LogPluginManager: Mounting plugin LevelSequenceEditor
LogPluginManager: Mounting plugin MatineeToLevelSequence
LogPluginManager: Mounting plugin NetcodeUnitTest
LogPluginManager: Mounting plugin NUTUnrealEngine4
LogPluginManager: Mounting plugin OnlineSubsystemGooglePlay
LogPluginManager: Mounting plugin OnlineSubsystemIOS
LogPluginManager: Mounting plugin OnlineSubsystem
LogPluginManager: Mounting plugin OnlineSubsystemNull
LogPluginManager: Mounting plugin OnlineSubsystemUtils
LogPluginManager: Mounting plugin LauncherChunkInstaller
LogPluginManager: Mounting plugin AndroidDeviceProfileSelector
LogPluginManager: Mounting plugin AndroidMoviePlayer
LogPluginManager: Mounting plugin AndroidPermission
LogPluginManager: Mounting plugin AppleMoviePlayer
LogPluginManager: Mounting plugin ArchVisCharacter
LogPluginManager: Mounting plugin AudioCapture
LogPluginManager: Mounting plugin CableComponent
LogPluginManager: Mounting plugin CustomMeshComponent
LogPluginManager: Mounting plugin EditableMesh
LogPluginManager: Mounting plugin ExampleDeviceProfileSelector
LogPluginManager: Mounting plugin GoogleCloudMessaging
LogPluginManager: Mounting plugin ImmediatePhysics
LogPluginManager: Mounting plugin IOSDeviceProfileSelector
LogPluginManager: Mounting plugin LinuxDeviceProfileSelector
LogPluginManager: Mounting plugin LocationServicesBPLibrary
LogPluginManager: Mounting plugin MobilePatchingUtils
LogPluginManager: Mounting plugin OculusVR
LogPluginManager: Plugin shader directory ../../../Engine/Plugins/Runtime/Oculus/OculusVR/Shaders found
LogPluginManager: Mapping shader source directory ../../../Engine/Plugins/Runtime/Oculus/OculusVR/Shaders to virtual directory /Plugin/OculusVR
LogPluginManager: Mounting plugin PhysXVehicles
LogPluginManager: Mounting plugin ProceduralMeshComponent
LogPluginManager: Mounting plugin RuntimePhysXCooking
LogPluginManager: Mounting plugin SteamVR
LogPluginManager: Mounting plugin WindowsMoviePlayer
LogStreaming: Display: Took  0.213s to configure plugins.
LogInit: Using libcurl 7.55.1-DEV
LogInit:  - built for x86_64-pc-win32
LogInit:  - supports SSL with OpenSSL/1.0.2h
LogInit:  - supports HTTP deflate (compression) using libz 1.2.8
LogInit:  - other features:
LogInit:      CURL_VERSION_SSL
LogInit:      CURL_VERSION_LIBZ
LogInit:      CURL_VERSION_IPV6
LogInit:      CURL_VERSION_ASYNCHDNS
LogInit:      CURL_VERSION_LARGEFILE
LogInit:      CURL_VERSION_IDN
LogInit:  CurlRequestOptions (configurable via config and command line):
LogInit:  - bVerifyPeer = false  - Libcurl will NOT verify peer certificate
LogInit:  - bUseHttpProxy = false  - Libcurl will NOT use HTTP proxy
LogInit:  - bDontReuseConnections = false  - Libcurl will reuse connections
LogInit:  - CertBundlePath = nullptr  - Libcurl will use whatever was configured at build time.
LogInit:  - MaxHostConnections = 16  - Libcurl will limit the number of connections to a host
LogInit:  - LocalHostAddr = Default
LogInit:  - BufferSize = 65536
LogInit: WinSock: version 1.1 (2.2), MaxSocks=32767, MaxUdp=65467
LogInit: Build: ++UE4+Release-4.20-CL-4369336
LogInit: Engine Version: 4.20.3-4369336+++UE4+Release-4.20
LogInit: Compatible Engine Version: 4.20.0-4212847+++UE4+Release-4.20
LogInit: Net CL: 4212847
LogInit: OS: Windows 10 (), CPU: Intel(R) Core(TM) i7-4770K CPU @ 3.50GHz, GPU: NVIDIA GeForce GTX 1060 6GB
LogInit: Compiled (64-bit): Sep 17 2018 12:26:19
LogInit: Compiled with Visual C++: 19.13.26129.00
LogInit: Build Configuration: Development
LogInit: Branch Name: ++UE4+Release-4.20
LogInit: Command Line:  
LogInit: Base Directory: C:/Program Files/Epic Games/UE_4.20/Engine/Binaries/Win64/
LogInit: Installed Engine Build: 1
LogDevObjectVersion: Number of dev versions registered: 20
LogDevObjectVersion:   Dev-Blueprints (B0D832E4-1F89-4F0D-ACCF-7EB736FD4AA2): 10
LogDevObjectVersion:   Dev-Build (E1C64328-A22C-4D53-A36C-8E866417BD8C): 0
LogDevObjectVersion:   Dev-Core (375EC13C-06E4-48FB-B500-84F0262A717E): 2
LogDevObjectVersion:   Dev-Editor (E4B068ED-F494-42E9-A231-DA0B2E46BB41): 24
LogDevObjectVersion:   Dev-Framework (CFFC743F-43B0-4480-9391-14DF171D2073): 34
LogDevObjectVersion:   Dev-Mobile (B02B49B5-BB20-44E9-A304-32B752E40360): 2
LogDevObjectVersion:   Dev-Networking (A4E4105C-59A1-49B5-A7C5-40C4547EDFEE): 0
LogDevObjectVersion:   Dev-Online (39C831C9-5AE6-47DC-9A44-9C173E1C8E7C): 0
LogDevObjectVersion:   Dev-Physics (78F01B33-EBEA-4F98-B9B4-84EACCB95AA2): 0
LogDevObjectVersion:   Dev-Platform (6631380F-2D4D-43E0-8009-CF276956A95A): 0
LogDevObjectVersion:   Dev-Rendering (12F88B9F-8875-4AFC-A67C-D90C383ABD29): 26
LogDevObjectVersion:   Dev-Sequencer (7B5AE74C-D270-4C10-A958-57980B212A5A): 9
LogDevObjectVersion:   Dev-VR (D7296918-1DD6-4BDD-9DE2-64A83CC13884): 2
LogDevObjectVersion:   Dev-LoadTimes (C2A15278-BFE7-4AFE-6C17-90FF531DF755): 1
LogDevObjectVersion:   Private-Geometry (6EACA3D4-40EC-4CC1-B786-8BED09428FC5): 3
LogDevObjectVersion:   Dev-AnimPhys (29E575DD-E0A3-4627-9D10-D276232CDCEA): 17
LogDevObjectVersion:   Dev-ReflectionCapture (6B266CEC-1EC7-4B8F-A30B-E4D90942FC07): 1
LogDevObjectVersion:   Dev-Automation (0DF73D61-A23F-47EA-B727-89E90C41499A): 1
LogDevObjectVersion:   FortniteMain (601D1886-AC64-4F84-AA16-D3DE0DEAC7D6): 12
LogDevObjectVersion:   Dev-Enterprise (9DFFBCD6-494F-0158-E221-12823C92A888): 1
LogStreaming: Display: Took  0.002s to delete old logs.
LogInit: Presizing for max 8388607 objects, including 0 objects not considered by GC, pre-allocating 0 bytes for permanent pool.
LogInit: Object subsystem initialized
[2018.10.31-20.08.18:106][  0]LogInit: Selected Device Profile: [Windows]
[2018.10.31-20.08.18:106][  0]LogInit: Applying CVar settings loaded from the selected device profile: [Windows]
[2018.10.31-20.08.18:140][  0]LogHAL: Display: Platform has ~ 16 GB [17062375424 / 17179869184 / 16], which maps to Larger [LargestMinGB=32, LargerMinGB=12, DefaultMinGB=8, SmallerMinGB=6, SmallestMinGB=0)
[2018.10.31-20.08.18:140][  0]LogInit: Setting Device Profile CVar: [[r.Vulkan.UseRealUBs:1]]
[2018.10.31-20.08.18:140][  0]LogInit: Going up to parent DeviceProfile []
[2018.10.31-20.08.18:172][  0]LogInit: Computer: KEVIN
[2018.10.31-20.08.18:172][  0]LogInit: User: Grizz
[2018.10.31-20.08.18:172][  0]LogInit: CPU Page size=4096, Cores=4
[2018.10.31-20.08.18:172][  0]LogInit: High frequency timer resolution =3.410073 MHz
[2018.10.31-20.08.18:173][  0]LogMemory: Memory total: Physical=15.9GB (16GB approx)
[2018.10.31-20.08.18:173][  0]LogMemory: Platform Memory Stats for Windows
[2018.10.31-20.08.18:173][  0]LogMemory: Process Physical Memory: 100.13 MB used, 100.13 MB peak
[2018.10.31-20.08.18:173][  0]LogMemory: Process Virtual Memory: 90.96 MB used, 90.96 MB peak
[2018.10.31-20.08.18:173][  0]LogMemory: Physical Memory: 13704.05 MB used,  2567.89 MB free, 16271.95 MB total
[2018.10.31-20.08.18:173][  0]LogMemory: Virtual Memory: 4640.32 MB used,  2567.89 MB free, 134217728.00 MB total
[2018.10.31-20.08.18:218][  0]LogInit: Using OS detected language (en-GB).
[2018.10.31-20.08.18:218][  0]LogInit: Using OS detected locale (en-GB).
[2018.10.31-20.08.18:220][  0]LogTextLocalizationManager: No specific localization for 'en-GB' exists, so the 'en' localization will be used.
[2018.10.31-20.08.18:742][  0]LogStreaming: Display: Took  0.524s to InitEngineTextLocalization.
[2018.10.31-20.08.18:742][  0]LogInit: Setting process to per monitor DPI aware
[2018.10.31-20.08.19:057][  0]LogSlate: New Slate User Created.  User Index 0, Is Virtual User: 0
[2018.10.31-20.08.19:057][  0]LogSlate: Slate User Registered.  User Index 0, Is Virtual User: 0
[2018.10.31-20.08.27:476][  0]LogHMD: Failed to initialize OpenVR with code 105
[2018.10.31-20.08.27:476][  0]LogD3D11RHI: D3D11 adapters:
[2018.10.31-20.08.27:559][  0]LogD3D11RHI:    0. 'NVIDIA GeForce GTX 1060 6GB' (Feature Level 11_0)
[2018.10.31-20.08.27:559][  0]LogD3D11RHI:       6052/0/8135 MB DedicatedVideo/DedicatedSystem/SharedSystem, Outputs:2, VendorId:0x10de
[2018.10.31-20.08.27:564][  0]LogD3D11RHI:    1. 'Intel(R) HD Graphics 4600' (Feature Level 11_0)
[2018.10.31-20.08.27:564][  0]LogD3D11RHI:       112/0/2048 MB DedicatedVideo/DedicatedSystem/SharedSystem, Outputs:0, VendorId:0x8086
[2018.10.31-20.08.27:566][  0]LogD3D11RHI:    2. 'Microsoft Basic Render Driver' (Feature Level 11_0)
[2018.10.31-20.08.27:566][  0]LogD3D11RHI:       0/0/8135 MB DedicatedVideo/DedicatedSystem/SharedSystem, Outputs:0, VendorId:0x1414
[2018.10.31-20.08.27:566][  0]LogD3D11RHI: Chosen D3D11 Adapter: 0
[2018.10.31-20.08.27:596][  0]LogD3D11RHI: Creating new Direct3DDevice
[2018.10.31-20.08.27:596][  0]LogD3D11RHI:     GPU DeviceId: 0x1c03 (for the marketing name, search the web for "GPU Device Id")
[2018.10.31-20.08.27:596][  0]LogWindows: EnumDisplayDevices:
[2018.10.31-20.08.27:597][  0]LogWindows:    0. 'NVIDIA GeForce GTX 1060 6GB' (P:1 D:1)
[2018.10.31-20.08.27:597][  0]LogWindows:    1. 'NVIDIA GeForce GTX 1060 6GB' (P:0 D:1)
[2018.10.31-20.08.27:597][  0]LogWindows:    2. 'NVIDIA GeForce GTX 1060 6GB' (P:0 D:0)
[2018.10.31-20.08.27:597][  0]LogWindows:    3. 'NVIDIA GeForce GTX 1060 6GB' (P:0 D:0)
[2018.10.31-20.08.27:597][  0]LogWindows:    4. 'Intel(R) HD Graphics 4600' (P:0 D:0)
[2018.10.31-20.08.27:597][  0]LogWindows:    5. 'Intel(R) HD Graphics 4600' (P:0 D:0)
[2018.10.31-20.08.27:598][  0]LogWindows:    6. 'Intel(R) HD Graphics 4600' (P:0 D:0)
[2018.10.31-20.08.27:598][  0]LogWindows: DebugString: PrimaryIsNotTheChoosenAdapter PrimaryIsNotTheChoosenAdapter PrimaryIsNotTheChoosenAdapter FoundDriverCount:4 
[2018.10.31-20.08.27:598][  0]LogD3D11RHI:     Adapter Name: NVIDIA GeForce GTX 1060 6GB
[2018.10.31-20.08.27:598][  0]LogD3D11RHI:   Driver Version: 416.34 (internal:25.21.14.1634, unified:416.34)
[2018.10.31-20.08.27:598][  0]LogD3D11RHI:      Driver Date: 10-10-2018
[2018.10.31-20.08.27:598][  0]LogRHI: Texture pool is 4236 MB (70% of 6052 MB)
[2018.10.31-20.08.27:633][  0]LogD3D11RHI: Async texture creation enabled
[2018.10.31-20.08.27:669][  0]LogD3D11RHI: GPU Timing Frequency: 1000.000000 (Debug: 2 2)
[2018.10.31-20.08.27:763][  0]LogShaderCompilers: Guid format shader working directory is -30 characters bigger than the processId version (../../../../../../Users/Grizz/Documents/GitHub/Honours-Project/ProcGenCity/Intermediate/Shaders/WorkingDirectory/268512/).
[2018.10.31-20.08.27:763][  0]LogShaderCompilers: Cleaned the shader compiler working directory 'C:/Users/Grizz/AppData/Local/Temp/UnrealShaderWorkingDir/A6ED19604D839A04435066A8ED278811/'.
[2018.10.31-20.08.28:045][  0]LogTemp: Display: Loaded TP AllDesktopTargetPlatform
[2018.10.31-20.08.28:057][  0]LogTemp: Display: Loaded TP MacClientTargetPlatform
[2018.10.31-20.08.28:072][  0]LogTemp: Display: Loaded TP MacNoEditorTargetPlatform
[2018.10.31-20.08.28:085][  0]LogTemp: Display: Loaded TP MacServerTargetPlatform
[2018.10.31-20.08.28:109][  0]LogTemp: Display: Loaded TP MacTargetPlatform
[2018.10.31-20.08.28:121][  0]LogTemp: Display: Loaded TP WindowsClientTargetPlatform
[2018.10.31-20.08.28:137][  0]LogTemp: Display: Loaded TP WindowsNoEditorTargetPlatform
[2018.10.31-20.08.28:151][  0]LogTemp: Display: Loaded TP WindowsServerTargetPlatform
[2018.10.31-20.08.28:158][  0]LogTemp: Display: Loaded TP WindowsTargetPlatform
[2018.10.31-20.08.28:272][  0]LogTemp: Display: Loaded TP AndroidTargetPlatform
[2018.10.31-20.08.28:272][  0]LogTemp: Display: Loaded TP AndroidTargetPlatform
[2018.10.31-20.08.28:272][  0]LogTemp: Display: Loaded TP AndroidTargetPlatform
[2018.10.31-20.08.28:272][  0]LogTemp: Display: Loaded TP AndroidTargetPlatform
[2018.10.31-20.08.28:272][  0]LogTemp: Display: Loaded TP AndroidTargetPlatform
[2018.10.31-20.08.28:272][  0]LogTemp: Display: Loaded TP AndroidTargetPlatform
[2018.10.31-20.08.28:272][  0]LogTemp: Display: Loaded TP AndroidTargetPlatform
[2018.10.31-20.08.28:272][  0]LogTemp: Display: Loaded TP AndroidTargetPlatform
[2018.10.31-20.08.28:272][  0]LogTemp: Display: Loaded TP AndroidTargetPlatform
[2018.10.31-20.08.28:272][  0]LogTemp: Display: Loaded TP AndroidTargetPlatform
[2018.10.31-20.08.28:272][  0]LogTemp: Display: Loaded TP AndroidTargetPlatform
[2018.10.31-20.08.28:272][  0]LogTemp: Display: Loaded TP AndroidTargetPlatform
[2018.10.31-20.08.28:272][  0]LogTemp: Display: Loaded TP AndroidTargetPlatform
[2018.10.31-20.08.28:272][  0]LogTemp: Display: Loaded TP AndroidTargetPlatform
[2018.10.31-20.08.28:272][  0]LogTemp: Display: Loaded TP AndroidTargetPlatform
[2018.10.31-20.08.28:272][  0]LogTemp: Display: Loaded TP AndroidTargetPlatform
[2018.10.31-20.08.28:272][  0]LogTemp: Display: Loaded TP AndroidTargetPlatform
[2018.10.31-20.08.28:272][  0]LogTemp: Display: Loaded TP AndroidTargetPlatform
[2018.10.31-20.08.28:274][  0]LogTemp: Display: Loaded TP HTML5TargetPlatform
[2018.10.31-20.08.28:352][  0]LogTemp: Display: Loaded TP IOSTargetPlatform
[2018.10.31-20.08.28:352][  0]LogTemp: Display: Loaded TP IOSTargetPlatform
[2018.10.31-20.08.28:375][  0]LogTemp: Display: Loaded TP TVOSTargetPlatform
[2018.10.31-20.08.28:375][  0]LogTemp: Display: Loaded TP TVOSTargetPlatform
[2018.10.31-20.08.28:387][  0]LogTemp: Display: Loaded TP LinuxClientTargetPlatform
[2018.10.31-20.08.28:399][  0]LogTemp: Display: Loaded TP LinuxNoEditorTargetPlatform
[2018.10.31-20.08.28:411][  0]LogTemp: Display: Loaded TP LinuxServerTargetPlatform
[2018.10.31-20.08.28:444][  0]LogTemp: Display: Loaded TP LinuxTargetPlatform
[2018.10.31-20.08.28:453][  0]LogTemp: Display: Loaded TP LuminTargetPlatform
[2018.10.31-20.08.28:453][  0]LogTargetPlatformManager: Display: Building Assets For Windows
[2018.10.31-20.08.28:520][  0]LogXGEController: Cannot use XGE Controller as Incredibuild is not installed on this machine.
[2018.10.31-20.08.28:520][  0]LogShaderCompilers: Cannot use XGE Shader Compiler as Incredibuild is not installed on this machine.
[2018.10.31-20.08.28:520][  0]LogShaderCompilers: Display: Using Local Shader Compiler.
[2018.10.31-20.08.33:161][  0]LogDerivedDataCache: Display: Max Cache Size: 512 MB
[2018.10.31-20.08.33:359][  0]LogDerivedDataCache: Loaded boot cache 0.20s 71MB C:/Users/Grizz/AppData/Local/UnrealEngine/4.20/DerivedDataCache/Boot.ddc.
[2018.10.31-20.08.33:359][  0]LogDerivedDataCache: Display: Loaded Boot cache: C:/Users/Grizz/AppData/Local/UnrealEngine/4.20/DerivedDataCache/Boot.ddc
[2018.10.31-20.08.33:359][  0]LogDerivedDataCache: FDerivedDataBackendGraph:  Pak pak cache file ../../../../../../Users/Grizz/Documents/GitHub/Honours-Project/ProcGenCity/DerivedDataCache/DDC.ddp not found, will not use a pak cache.
[2018.10.31-20.08.33:359][  0]LogDerivedDataCache: Unable to find inner node Pak for hierarchical cache Hierarchy.
[2018.10.31-20.08.33:359][  0]LogDerivedDataCache: FDerivedDataBackendGraph:  CompressedPak pak cache file ../../../../../../Users/Grizz/Documents/GitHub/Honours-Project/ProcGenCity/DerivedDataCache/Compressed.ddp not found, will not use a pak cache.
[2018.10.31-20.08.33:359][  0]LogDerivedDataCache: Unable to find inner node CompressedPak for hierarchical cache Hierarchy.
[2018.10.31-20.08.33:372][  0]LogDerivedDataCache: Display: Pak cache opened for reading ../../../Engine/DerivedDataCache/Compressed.ddp.
[2018.10.31-20.08.33:384][  0]LogDerivedDataCache: Using Local data cache path C:/Users/Grizz/AppData/Local/UnrealEngine/Common/DerivedDataCache: Writable
[2018.10.31-20.08.33:384][  0]LogDerivedDataCache: Shared data cache path not found in *engine.ini, will not use an Shared cache.
[2018.10.31-20.08.33:384][  0]LogDerivedDataCache: Unable to find inner node Shared for hierarchical cache Hierarchy.
[2018.10.31-20.08.33:401][  0]LogMaterial: Verifying Global Shaders for PCD3D_SM5
[2018.10.31-20.08.33:402][  0]LogSlate: Using FreeType 2.6.0
[2018.10.31-20.08.33:430][  0]LogSlate: SlateFontServices - WITH_FREETYPE: 1, WITH_HARFBUZZ: 1
[2018.10.31-20.08.35:747][  0]LogAssetRegistry: FAssetRegistry took 0.0262 seconds to start up
[2018.10.31-20.08.36:066][  0]LogInit: Selected Device Profile: [Windows]
[2018.10.31-20.08.36:237][  0]LogSimplygon: Simplygon DLL not present - disabling.
[2018.10.31-20.08.36:242][  0]LogMeshReduction: Using SimplygonSwarm for distributed automatic mesh merging
[2018.10.31-20.08.36:242][  0]LogMeshReduction: Using ProxyLODMeshReduction for automatic mesh merging
[2018.10.31-20.08.36:242][  0]LogMeshReduction: Using QuadricMeshReduction for automatic static mesh reduction
[2018.10.31-20.08.36:242][  0]LogMeshReduction: No automatic skeletal mesh reduction module available
[2018.10.31-20.08.36:264][  0]LogNetVersion: ProcGenCity 1.0.0, NetCL: 4212847, EngineNetVer: 5, GameNetVer: 0 (Checksum: 2895139612)
[2018.10.31-20.08.36:814][  0]LogPackageLocalizationCache: Processed 11 localized package path(s) for 2 prioritized culture(s) in 0.104507 seconds
[2018.10.31-20.08.36:820][  0]LogUObjectArray: 38425 objects as part of root set at end of initial load.
[2018.10.31-20.08.36:820][  0]LogUObjectAllocator: 6690872 out of 0 bytes used by permanent object pool.
[2018.10.31-20.08.36:820][  0]LogUObjectArray: CloseDisregardForGC: 0/0 objects in disregard for GC pool
[2018.10.31-20.08.57:613][  0]LogTcpMessaging: Initializing TcpMessaging bridge
[2018.10.31-20.08.57:626][  0]LogUdpMessaging: Initializing bridge on interface 0.0.0.0:0 to multicast group 230.0.0.1:6666.
[2018.10.31-20.08.58:264][  0]SourceControl: Source control is disabled
[2018.10.31-20.08.58:264][  0]SourceControl: Source control is disabled
[2018.10.31-20.08.58:265][  0]SourceControl: Source control is disabled
[2018.10.31-20.08.58:266][  0]SourceControl: Source control is disabled
[2018.10.31-20.08.58:582][  0]LogAndroidPermission: UAndroidPermissionCallbackProxy::GetInstance
[2018.10.31-20.08.58:756][  0]LogOcInput: OculusInput pre-init called
[2018.10.31-20.08.58:843][  0]LogEngine: Initializing Engine...
[2018.10.31-20.08.58:846][  0]LogHMD: Failed to initialize OpenVR with code 105
[2018.10.31-20.08.58:848][  0]LogStats: UGameplayTagsManager::ConstructGameplayTagTree: ImportINI prefixes -  0.000 s
[2018.10.31-20.08.58:848][  0]LogStats: UGameplayTagsManager::ConstructGameplayTagTree: Construct from data asset -  0.000 s
[2018.10.31-20.08.58:848][  0]LogStats: UGameplayTagsManager::ConstructGameplayTagTree: ImportINI -  0.000 s
[2018.10.31-20.08.58:848][  0]LogStats: UGameplayTagsManager::ConstructGameplayTagTree: GameplayTagTreeChangedEvent.Broadcast -  0.000 s
[2018.10.31-20.08.59:041][  0]LogInit: Initializing FReadOnlyCVARCache
[2018.10.31-20.08.59:055][  0]LogAIModule: Creating AISystem for world Untitled
[2018.10.31-20.08.59:132][  0]LogInit: XAudio2 using 'Speakers (Realtek High Definition Audio)' : 2 channels at 48 kHz using 32 bits per sample (channel mask 0x3)
[2018.10.31-20.08.59:140][  0]LogInit: FAudioDevice initialized.
[2018.10.31-20.08.59:140][  0]LogNetVersion: Set ProjectVersion to 1.0.0.0. Version Checksum will be recalculated on next use.
[2018.10.31-20.08.59:352][  0]LogDerivedDataCache: Saved boot cache 0.21s 71MB C:/Users/Grizz/AppData/Local/UnrealEngine/4.20/DerivedDataCache/Boot.ddc.
[2018.10.31-20.08.59:363][  0]LogInit: Texture streaming: Enabled
[2018.10.31-20.08.59:379][  0]LogEngineSessionManager: EngineSessionManager initialized
[2018.10.31-20.08.59:421][  0]LogInit: Transaction tracking system initialized
[2018.10.31-20.08.59:445][  0]BlueprintLog: New page: Editor Load
[2018.10.31-20.08.59:539][  0]LocalizationService: Localization service is disabled
[2018.10.31-20.08.59:832][  0]LogCook: Display: Max memory allowance for cook 16384mb min free memory 0mb
[2018.10.31-20.08.59:832][  0]LogCook: Display: Mobile HDR setting 1
[2018.10.31-20.08.59:832][  0]LogGameplayTags: Display: UGameplayTagsManager::DoneAddingNativeTags. DelegateIsBound: 0
[2018.10.31-20.08.59:832][  0]LogStats: UGameplayTagsManager::ConstructGameplayTagTree: ImportINI prefixes -  0.000 s
[2018.10.31-20.08.59:832][  0]LogStats: UGameplayTagsManager::ConstructGameplayTagTree: Construct from data asset -  0.000 s
[2018.10.31-20.08.59:832][  0]LogStats: UGameplayTagsManager::ConstructGameplayTagTree: ImportINI -  0.000 s
[2018.10.31-20.08.59:832][  0]LogStats: UGameplayTagsManager::ConstructGameplayTagTree: GameplayTagTreeChangedEvent.Broadcast -  0.000 s
[2018.10.31-20.09.00:391][  0]LogFileCache: Scanning file cache for directory 'C:/Users/Grizz/Documents/GitHub/Honours-Project/ProcGenCity/Content/' took 0.02s
[2018.10.31-20.09.00:391][  0]SourceControl: Source control is disabled
[2018.10.31-20.09.00:391][  0]Cmd: MAP LOAD FILE="../../../../../../Users/Grizz/Documents/GitHub/Honours-Project/ProcGenCity/Content/StarterContent/Maps/Minimal_Default.umap" TEMPLATE=0 SHOWPROGRESS=1 FEATURELEVEL=3
[2018.10.31-20.09.00:391][  0]LightingResults: New page: Lighting Build
[2018.10.31-20.09.00:394][  0]MapCheck: New page: Map Check
[2018.10.31-20.09.00:394][  0]LightingResults: New page: Lighting Build
[2018.10.31-20.09.00:781][  0]LogAIModule: Creating AISystem for world Minimal_Default
[2018.10.31-20.09.00:884][  0]LogEditorServer: Finished looking for orphan Actors (0.000 secs)
[2018.10.31-20.09.00:907][  0]Cmd: MAP CHECKDEP NOCLEARLOG
[2018.10.31-20.09.00:969][  0]MapCheck: Map check complete: 0 Error(s), 0 Warning(s), took 62.053ms to complete.
[2018.10.31-20.09.00:969][  0]LogFileHelpers: Loading map 'Minimal_Default' took 0.578
[2018.10.31-20.09.01:374][  0]LogSlate: Updating window title bar state: overlay mode, drag disabled, window buttons hidden, title bar hidden
[2018.10.31-20.09.01:381][  0]LogSlate: Updating window title bar state: overlay mode, drag disabled, window buttons hidden, title bar hidden
[2018.10.31-20.09.01:388][  0]LogSlate: Updating window title bar state: overlay mode, drag disabled, window buttons hidden, title bar hidden
[2018.10.31-20.09.01:396][  0]LogSlate: Updating window title bar state: overlay mode, drag disabled, window buttons hidden, title bar hidden
[2018.10.31-20.09.01:405][  0]LogCollectionManager: Loaded 0 collections in 0.001352 seconds
[2018.10.31-20.09.01:451][  0]LogFileCache: Scanning file cache for directory 'C:/Users/Grizz/Documents/GitHub/Honours-Project/ProcGenCity/Saved/Collections/' took 0.01s
[2018.10.31-20.09.01:451][  0]LogFileCache: Scanning file cache for directory 'C:/Users/Grizz/Documents/GitHub/Honours-Project/ProcGenCity/Content/Developers/Grizz/Collections/' took 0.01s
[2018.10.31-20.09.01:451][  0]LogFileCache: Scanning file cache for directory 'C:/Users/Grizz/Documents/GitHub/Honours-Project/ProcGenCity/Content/Collections/' took 0.01s
[2018.10.31-20.09.01:451][  0]LogCollectionManager: Rebuilt the GUID cache for 0 collections in 0.000000 seconds
[2018.10.31-20.09.01:460][  0]LogContentBrowser: Native class hierarchy populated in 0.0090 seconds. Added 2575 classes and 605 folders.
[2018.10.31-20.09.01:467][  0]LogContentBrowser: Native class hierarchy updated for 'WidgetCarousel' in 0.0004 seconds. Added 0 classes and 0 folders.
[2018.10.31-20.09.02:391][  0]LogContentBrowser: Native class hierarchy updated for 'AddContentDialog' in 0.0003 seconds. Added 0 classes and 0 folders.
[2018.10.31-20.09.02:395][  0]LogContentBrowser: Native class hierarchy updated for 'SceneOutliner' in 0.0003 seconds. Added 1 classes and 2 folders.
[2018.10.31-20.09.02:409][  0]LogSlate: Took 0.000206 seconds to synchronously load lazily loaded font '../../../Engine/Content/Slate/Fonts/Roboto-Regular.ttf' (155K)
[2018.10.31-20.09.02:411][  0]LogSlate: Took 0.000184 seconds to synchronously load lazily loaded font '../../../Engine/Content/Slate/Fonts/Roboto-Bold.ttf' (160K)
[2018.10.31-20.09.02:417][  0]LogSlate: Took 0.000347 seconds to synchronously load lazily loaded font '../../../Engine/Content/Editor/Slate/Fonts/FontAwesome.ttf' (139K)
[2018.10.31-20.09.02:498][  0]LogRenderer: Reallocating scene render targets to support 1616x1004 Format 10 NumSamples 1 (Frame:1).
[2018.10.31-20.09.02:711][  0]LogContentBrowser: Native class hierarchy updated for 'HierarchicalLODOutliner' in 0.0004 seconds. Added 0 classes and 0 folders.
[2018.10.31-20.09.02:711][  0]LogLoad: (Engine Initialization) Total time: 48.76 seconds
[2018.10.31-20.09.02:711][  0]LogLoad: (Engine Initialization) Total Blueprint compile time: 0.00 seconds
[2018.10.31-20.09.02:750][  0]LogContentStreaming: Texture pool size now 1000 MB
[2018.10.31-20.09.02:786][  1]LogAssetRegistry: Asset discovery search completed in 27.0620 seconds
[2018.10.31-20.09.02:788][  1]LogCollectionManager: Rebuilt the object cache for 0 collections in 0.000000 seconds (found 0 objects)
[2018.10.31-20.09.02:788][  1]LogCollectionManager: Fixed up redirectors for 0 collections in 0.000044 seconds (updated 0 objects)
[2018.10.31-20.09.26:705][627]LogSlate: FSceneViewport::OnFocusLost() reason 0
[2018.10.31-20.09.26:817][635]Candidate modules for hot reload:
[2018.10.31-20.09.26:817][635]  ProcGenCity
[2018.10.31-20.09.26:817][635]Launching UnrealBuildTool... [C:/Program Files/Epic Games/UE_4.20/Engine/Binaries/DotNET/UnrealBuildTool.exe  -ModuleWithSuffix=ProcGenCity,7065 Win64 Development -TargetType=Editor -Project="../../../../../../Users/Grizz/Documents/GitHub/Honours-Project/ProcGenCity/ProcGenCity.uproject" -canskiplink "C:/Users/Grizz/Documents/GitHub/Honours-Project/ProcGenCity/ProcGenCity.uproject" ]
[2018.10.31-20.09.26:819][635]Warning: Starting HotReload took  0.0s.
[2018.10.31-20.09.45:831][311]CompilerResultsLog: New page: Compilation - 31 Oct 2018 20:09:45
[2018.10.31-20.09.45:831][311]CompilerResultsLog: Using 'git status' to determine working set for adaptive non-unity build.
[2018.10.31-20.09.45:831][311]CompilerResultsLog: Compiling game modules for hot reload
[2018.10.31-20.09.45:831][311]CompilerResultsLog: Building 3 actions with 8 processes...
[2018.10.31-20.09.45:831][311]CompilerResultsLog:   [1/3] LotDesigner.cpp
[2018.10.31-20.09.45:831][311]CompilerResultsLog:   [2/3] UE4Editor-ProcGenCity-7065.lib
[2018.10.31-20.09.45:832][311]CompilerResultsLog:      Creating library C:\Users\Grizz\Documents\GitHub\Honours-Project\ProcGenCity\Intermediate\Build\Win64\UE4Editor\Development\ProcGenCity\UE4Editor-ProcGenCity-7065.lib and object C:\Users\Grizz\Documents\GitHub\Honours-Project\ProcGenCity\Intermediate\Build\Win64\UE4Editor\Development\ProcGenCity\UE4Editor-ProcGenCity-7065.exp
[2018.10.31-20.09.45:832][311]CompilerResultsLog:   [3/3] UE4Editor-ProcGenCity-7065.dll
[2018.10.31-20.09.45:832][311]CompilerResultsLog:      Creating library C:\Users\Grizz\Documents\GitHub\Honours-Project\ProcGenCity\Intermediate\Build\Win64\UE4Editor\Development\ProcGenCity\UE4Editor-ProcGenCity-7065.suppressed.lib and object C:\Users\Grizz\Documents\GitHub\Honours-Project\ProcGenCity\Intermediate\Build\Win64\UE4Editor\Development\ProcGenCity\UE4Editor-ProcGenCity-7065.suppressed.exp
[2018.10.31-20.09.45:832][311]CompilerResultsLog: Total build time: 18.45 seconds (Parallel executor: 11.32 seconds)
[2018.10.31-20.09.45:832][311]LogMainFrame: MainFrame: Module compiling took 19.022 seconds
[2018.10.31-20.09.45:910][311]LogContentBrowser: Native class hierarchy updated for 'ProcGenCity' in 0.0004 seconds. Added 3 classes and 2 folders.
[2018.10.31-20.09.45:912][311]Display: HotReload successful (0 functions remapped  0 scriptstructs remapped)
[2018.10.31-20.09.46:044][311]LogContentBrowser: Native class hierarchy populated in 0.0087 seconds. Added 2576 classes and 607 folders.
[2018.10.31-20.09.46:045][311]Display: HotReload took 19.3s.
[2018.10.31-20.10.04:221][365]LogSlate: FSceneViewport::OnFocusLost() reason 0
[2018.10.31-20.10.05:669][510]Candidate modules for hot reload:
[2018.10.31-20.10.05:669][510]  ProcGenCity
[2018.10.31-20.10.05:670][510]Launching UnrealBuildTool... [C:/Program Files/Epic Games/UE_4.20/Engine/Binaries/DotNET/UnrealBuildTool.exe  -ModuleWithSuffix=ProcGenCity,7759 Win64 Development -TargetType=Editor -Project="../../../../../../Users/Grizz/Documents/GitHub/Honours-Project/ProcGenCity/ProcGenCity.uproject" -canskiplink "C:/Users/Grizz/Documents/GitHub/Honours-Project/ProcGenCity/ProcGenCity.uproject" ]
[2018.10.31-20.10.05:671][510]Warning: Starting HotReload took  0.0s.
[2018.10.31-20.10.14:040][432]CompilerResultsLog: New page: Compilation - 31 Oct 2018 20:10:14
[2018.10.31-20.10.14:040][432]CompilerResultsLog: Using 'git status' to determine working set for adaptive non-unity build.
[2018.10.31-20.10.14:041][432]CompilerResultsLog: Compiling game modules for hot reload
[2018.10.31-20.10.14:041][432]CompilerResultsLog: Building 3 actions with 8 processes...
[2018.10.31-20.10.14:041][432]CompilerResultsLog:   [1/3] LotDesigner.cpp
[2018.10.31-20.10.14:041][432]CompilerResultsLog:   [2/3] UE4Editor-ProcGenCity-7759.lib
[2018.10.31-20.10.14:041][432]CompilerResultsLog:      Creating library C:\Users\Grizz\Documents\GitHub\Honours-Project\ProcGenCity\Intermediate\Build\Win64\UE4Editor\Development\ProcGenCity\UE4Editor-ProcGenCity-7759.lib and object C:\Users\Grizz\Documents\GitHub\Honours-Project\ProcGenCity\Intermediate\Build\Win64\UE4Editor\Development\ProcGenCity\UE4Editor-ProcGenCity-7759.exp
[2018.10.31-20.10.14:041][432]CompilerResultsLog:   [3/3] UE4Editor-ProcGenCity-7759.dll
[2018.10.31-20.10.14:041][432]CompilerResultsLog:      Creating library C:\Users\Grizz\Documents\GitHub\Honours-Project\ProcGenCity\Intermediate\Build\Win64\UE4Editor\Development\ProcGenCity\UE4Editor-ProcGenCity-7759.suppressed.lib and object C:\Users\Grizz\Documents\GitHub\Honours-Project\ProcGenCity\Intermediate\Build\Win64\UE4Editor\Development\ProcGenCity\UE4Editor-ProcGenCity-7759.suppressed.exp
[2018.10.31-20.10.14:041][432]CompilerResultsLog: Total build time: 8.10 seconds (Parallel executor: 1.98 seconds)
[2018.10.31-20.10.14:041][432]LogMainFrame: MainFrame: Module compiling took 8.380 seconds
[2018.10.31-20.10.14:075][432]LogContentBrowser: Native class hierarchy updated for 'ProcGenCity' in 0.0004 seconds. Added 3 classes and 2 folders.
[2018.10.31-20.10.14:077][432]Display: HotReload successful (0 functions remapped  0 scriptstructs remapped)
[2018.10.31-20.10.14:129][432]LogContentBrowser: Native class hierarchy populated in 0.0087 seconds. Added 2576 classes and 607 folders.
[2018.10.31-20.10.14:129][432]Display: HotReload took  8.5s.
[2018.10.31-20.10.51:673][741]Candidate modules for hot reload:
[2018.10.31-20.10.51:673][741]  ProcGenCity
[2018.10.31-20.10.51:673][741]Launching UnrealBuildTool... [C:/Program Files/Epic Games/UE_4.20/Engine/Binaries/DotNET/UnrealBuildTool.exe  -ModuleWithSuffix=ProcGenCity,9242 Win64 Development -TargetType=Editor -Project="../../../../../../Users/Grizz/Documents/GitHub/Honours-Project/ProcGenCity/ProcGenCity.uproject" -canskiplink "C:/Users/Grizz/Documents/GitHub/Honours-Project/ProcGenCity/ProcGenCity.uproject" ]
[2018.10.31-20.10.51:675][741]Warning: Starting HotReload took  0.0s.
[2018.10.31-20.10.58:256][459]CompilerResultsLog: New page: Compilation - 31 Oct 2018 20:10:58
[2018.10.31-20.10.58:256][459]CompilerResultsLog: Using 'git status' to determine working set for adaptive non-unity build.
[2018.10.31-20.10.58:256][459]CompilerResultsLog: Compiling game modules for hot reload
[2018.10.31-20.10.58:256][459]CompilerResultsLog: Target is up to date
[2018.10.31-20.10.58:256][459]CompilerResultsLog: Total build time: 6.32 seconds (NoActionsToExecute executor: 0.00 seconds)
[2018.10.31-20.10.58:256][459]LogMainFrame: MainFrame: Module compiling took 6.590 seconds
[2018.10.31-20.10.58:289][459]LogContentBrowser: Native class hierarchy populated in 0.0106 seconds. Added 2576 classes and 607 folders.
[2018.10.31-20.10.58:289][459]Display: HotReload took  6.6s.
[2018.10.31-20.11.23:424][225]LogActor: Warning: MyLotDesigner_C /Game/StarterContent/Maps/Minimal_Default.Minimal_Default:PersistentLevel.MyLotDesigner_C_0 has natively added scene component(s), but none of them were set as the actor's RootComponent - picking one arbitrarily
[2018.10.31-20.11.23:426][225]LogWindows: Windows GetLastError: The operation completed successfully. (0)
[2018.10.31-20.11.25:052][225]LogWindows: Error: === Critical error: ===
[2018.10.31-20.11.25:052][225]LogWindows: Error: 
[2018.10.31-20.11.25:052][225]LogWindows: Error: Assertion failed: (Index >= 0) & (Index < ArrayNum) [File:C:\Program Files\Epic Games\UE_4.20\Engine\Source\Runtime\Core\Public\Containers/Array.h] [Line: 611] 
[2018.10.31-20.11.25:052][225]LogWindows: Error: Array index out of bounds: 1 from an array of size 0
[2018.10.31-20.11.25:052][225]LogWindows: Error: 
[2018.10.31-20.11.25:052][225]LogWindows: Error: 
[2018.10.31-20.11.25:052][225]LogWindows: Error: [Callstack] 0x00007ff85ebaa388 KERNELBASE.dll!UnknownFunction []
[2018.10.31-20.11.25:052][225]LogWindows: Error: [Callstack] 0x00007ff848366850 UE4Editor-ApplicationCore.dll!UnknownFunction []
[2018.10.31-20.11.25:052][225]LogWindows: Error: [Callstack] 0x00007ff8081562fc UE4Editor-Core.dll!UnknownFunction []
[2018.10.31-20.11.25:052][225]LogWindows: Error: [Callstack] 0x00007ff8080e51db UE4Editor-Core.dll!UnknownFunction []
[2018.10.31-20.11.25:052][225]LogWindows: Error: [Callstack] 0x00007fffe0a639d1 UE4Editor-ProcGenCity-7759.dll!ALotDesigner::OnConstruction() [c:\users\grizz\documents\github\honours-project\procgencity\source\procgencity\lotdesigner.cpp:42]
[2018.10.31-20.11.25:052][225]LogWindows: Error: [Callstack] 0x00007ff801834eff UE4Editor-Engine.dll!UnknownFunction []
[2018.10.31-20.11.25:052][225]LogWindows: Error: [Callstack] 0x00007ff8018671f1 UE4Editor-Engine.dll!UnknownFunction []
[2018.10.31-20.11.25:053][225]LogWindows: Error: [Callstack] 0x00007ff801854e8e UE4Editor-Engine.dll!UnknownFunction []
[2018.10.31-20.11.25:053][225]LogWindows: Error: [Callstack] 0x00007ff80186e931 UE4Editor-Engine.dll!UnknownFunction []
[2018.10.31-20.11.25:053][225]LogWindows: Error: [Callstack] 0x00007ff8057816ce UE4Editor-UnrealEd.dll!UnknownFunction []
[2018.10.31-20.11.25:053][225]LogWindows: Error: [Callstack] 0x00007ff80583f3db UE4Editor-UnrealEd.dll!UnknownFunction []
[2018.10.31-20.11.25:053][225]LogWindows: Error: [Callstack] 0x00007ff805434266 UE4Editor-UnrealEd.dll!UnknownFunction []
[2018.10.31-20.11.25:053][225]LogWindows: Error: [Callstack] 0x00007ff8053d4792 UE4Editor-UnrealEd.dll!UnknownFunction []
[2018.10.31-20.11.25:053][225]LogWindows: Error: [Callstack] 0x00007ff805c79c77 UE4Editor-UnrealEd.dll!UnknownFunction []
[2018.10.31-20.11.25:053][225]LogWindows: Error: [Callstack] 0x00007ff805c4fe9f UE4Editor-UnrealEd.dll!UnknownFunction []
[2018.10.31-20.11.25:053][225]LogWindows: Error: [Callstack] 0x00007ff805c4f577 UE4Editor-UnrealEd.dll!UnknownFunction []
[2018.10.31-20.11.25:053][225]LogWindows: Error: [Callstack] 0x00007ffff15f8d9f UE4Editor-LevelEditor.dll!UnknownFunction []
[2018.10.31-20.11.25:053][225]LogWindows: Error: [Callstack] 0x00007ffff161484e UE4Editor-LevelEditor.dll!UnknownFunction []
[2018.10.31-20.11.25:053][225]LogWindows: Error: [Callstack] 0x00007ff8079c65fe UE4Editor-Slate.dll!UnknownFunction []
[2018.10.31-20.11.25:053][225]LogWindows: Error: [Callstack] 0x00007ff807a61263 UE4Editor-Slate.dll!UnknownFunction []
[2018.10.31-20.11.25:053][225]LogWindows: Error: [Callstack] 0x00007ff807a48538 UE4Editor-Slate.dll!UnknownFunction []
[2018.10.31-20.11.25:053][225]LogWindows: Error: [Callstack] 0x00007ff807a3b073 UE4Editor-Slate.dll!UnknownFunction []
[2018.10.31-20.11.25:053][225]LogWindows: Error: [Callstack] 0x00007ff84835d007 UE4Editor-ApplicationCore.dll!UnknownFunction []
[2018.10.31-20.11.25:053][225]LogWindows: Error: [Callstack] 0x00007ff848350270 UE4Editor-ApplicationCore.dll!UnknownFunction []
[2018.10.31-20.11.25:053][225]LogWindows: Error: [Callstack] 0x00007ff84835f4c5 UE4Editor-ApplicationCore.dll!UnknownFunction []
[2018.10.31-20.11.25:053][225]LogWindows: Error: [Callstack] 0x00007ff84834c209 UE4Editor-ApplicationCore.dll!UnknownFunction []
[2018.10.31-20.11.25:053][225]LogWindows: Error: [Callstack] 0x00007ff860106cc1 USER32.dll!UnknownFunction []
[2018.10.31-20.11.25:053][225]LogWindows: Error: [Callstack] 0x00007ff860106693 USER32.dll!UnknownFunction []
[2018.10.31-20.11.25:053][225]LogWindows: Error: [Callstack] 0x00007ff848360646 UE4Editor-ApplicationCore.dll!UnknownFunction []
[2018.10.31-20.11.25:053][225]LogWindows: Error: [Callstack] 0x00007ff625b054e5 UE4Editor.exe!UnknownFunction []
[2018.10.31-20.11.25:053][225]LogWindows: Error: [Callstack] 0x00007ff625b15b3c UE4Editor.exe!UnknownFunction []
[2018.10.31-20.11.25:053][225]LogWindows: Error: [Callstack] 0x00007ff625b15bba UE4Editor.exe!UnknownFunction []
[2018.10.31-20.11.25:053][225]LogWindows: Error: [Callstack] 0x00007ff625b23dac UE4Editor.exe!UnknownFunction []
[2018.10.31-20.11.25:053][225]LogWindows: Error: [Callstack] 0x00007ff625b25aaa UE4Editor.exe!UnknownFunction []
[2018.10.31-20.11.25:053][225]LogWindows: Error: [Callstack] 0x00007ff860043034 KERNEL32.DLL!UnknownFunction []
[2018.10.31-20.11.25:053][225]LogWindows: Error: [Callstack] 0x00007ff8627f1461 ntdll.dll!UnknownFunction []
[2018.10.31-20.11.25:053][225]LogWindows: Error: 
[2018.10.31-20.11.25:072][225]LogExit: Executing StaticShutdownAfterError
[2018.10.31-20.11.25:075][225]LogWindows: FPlatformMisc::RequestExit(1)
[2018.10.31-20.11.25:086][225]Log file closed, 10/31/18 20:11:25
