Log file open, 10/17/18 15:34:44
LogWindows: Failed to load 'aqProf.dll' (GetLastError=126)
LogWindows: File 'aqProf.dll' does not exist
LogWindows: Failed to load 'VtuneApi.dll' (GetLastError=126)
LogWindows: File 'VtuneApi.dll' does not exist
LogWindows: Failed to load 'VtuneApi32e.dll' (GetLastError=126)
LogWindows: File 'VtuneApi32e.dll' does not exist
LogInit: Display: Running engine for game: ProcGenCity
LogPlatformFile: Not using cached read wrapper
LogTaskGraph: Started task graph with 5 named threads and 23 total threads with 3 sets of task threads.
LogStats: Stats thread started at 0.277153
LogD3D11RHI: Loaded GFSDK_Aftermath_Lib.x64.dll
LogICUInternationalization: Display: ICU TimeZone Detection - Raw Offset: +0:00, Platform Override: ''
LogPluginManager: Mounting plugin Paper2D
LogPluginManager: Mounting plugin AISupport
LogPluginManager: Mounting plugin LightPropagationVolume
LogPluginManager: Mounting plugin CLionSourceCodeAccess
LogPluginManager: Mounting plugin CodeLiteSourceCodeAccess
LogPluginManager: Mounting plugin GitSourceControl
LogPluginManager: Mounting plugin KDevelopSourceCodeAccess
LogPluginManager: Mounting plugin NullSourceCodeAccess
LogPluginManager: Mounting plugin PerforceSourceControl
LogPluginManager: Mounting plugin SubversionSourceControl
LogPluginManager: Mounting plugin UObjectPlugin
LogPluginManager: Mounting plugin VisualStudioCodeSourceCodeAccess
LogPluginManager: Mounting plugin VisualStudioSourceCodeAccess
LogPluginManager: Mounting plugin XCodeSourceCodeAccess
LogPluginManager: Mounting plugin AssetManagerEditor
LogPluginManager: Mounting plugin CryptoKeys
LogPluginManager: Mounting plugin DataValidation
LogPluginManager: Mounting plugin FacialAnimation
LogPluginManager: Mounting plugin GameplayTagsEditor
LogPluginManager: Mounting plugin MacGraphicsSwitching
LogPluginManager: Mounting plugin MeshEditor
LogPluginManager: Mounting plugin MobileLauncherProfileWizard
LogPluginManager: Mounting plugin PluginBrowser
LogPluginManager: Mounting plugin SpeedTreeImporter
LogPluginManager: Mounting plugin DatasmithContent
LogPluginManager: Mounting plugin AlembicImporter
LogPluginManager: Mounting plugin AppleImageUtils
LogPluginManager: Mounting plugin AppleVision
LogPluginManager: Mounting plugin BackChannel
LogPluginManager: Mounting plugin CharacterAI
LogPluginManager: Mounting plugin GeometryCache
LogPluginManager: Mounting plugin HTML5Networking
LogPluginManager: Mounting plugin ProxyLODPlugin
LogPluginManager: Mounting plugin MagicLeap
LogPluginManager: Mounting plugin MagicLeapEmulator
LogPluginManager: Mounting plugin MagicLeapMedia
LogPluginManager: Mounting plugin AndroidMedia
LogPluginManager: Mounting plugin AvfMedia
LogPluginManager: Mounting plugin ImgMedia
LogPluginManager: Mounting plugin LinearTimecode
LogPluginManager: Mounting plugin MediaCompositing
LogPluginManager: Mounting plugin MediaPlayerEditor
LogPluginManager: Mounting plugin WmfMedia
LogPluginManager: Mounting plugin TcpMessaging
LogPluginManager: Mounting plugin UdpMessaging
LogPluginManager: Mounting plugin ActorSequence
LogPluginManager: Mounting plugin LevelSequenceEditor
LogPluginManager: Mounting plugin MatineeToLevelSequence
LogPluginManager: Mounting plugin NetcodeUnitTest
LogPluginManager: Mounting plugin NUTUnrealEngine4
LogPluginManager: Mounting plugin OnlineSubsystemGooglePlay
LogPluginManager: Mounting plugin OnlineSubsystemIOS
LogPluginManager: Mounting plugin OnlineSubsystem
LogPluginManager: Mounting plugin OnlineSubsystemNull
LogPluginManager: Mounting plugin OnlineSubsystemUtils
LogPluginManager: Mounting plugin LauncherChunkInstaller
LogPluginManager: Mounting plugin AndroidDeviceProfileSelector
LogPluginManager: Mounting plugin AndroidMoviePlayer
LogPluginManager: Mounting plugin AndroidPermission
LogPluginManager: Mounting plugin AppleMoviePlayer
LogPluginManager: Mounting plugin ArchVisCharacter
LogPluginManager: Mounting plugin AudioCapture
LogPluginManager: Mounting plugin CableComponent
LogPluginManager: Mounting plugin CustomMeshComponent
LogPluginManager: Mounting plugin EditableMesh
LogPluginManager: Mounting plugin ExampleDeviceProfileSelector
LogPluginManager: Mounting plugin GoogleCloudMessaging
LogPluginManager: Mounting plugin ImmediatePhysics
LogPluginManager: Mounting plugin IOSDeviceProfileSelector
LogPluginManager: Mounting plugin LinuxDeviceProfileSelector
LogPluginManager: Mounting plugin LocationServicesBPLibrary
LogPluginManager: Mounting plugin MobilePatchingUtils
LogPluginManager: Mounting plugin OculusVR
LogPluginManager: Plugin shader directory ../../../Engine/Plugins/Runtime/Oculus/OculusVR/Shaders found
LogPluginManager: Mapping shader source directory ../../../Engine/Plugins/Runtime/Oculus/OculusVR/Shaders to virtual directory /Plugin/OculusVR
LogPluginManager: Mounting plugin PhysXVehicles
LogPluginManager: Mounting plugin ProceduralMeshComponent
LogPluginManager: Mounting plugin RuntimePhysXCooking
LogPluginManager: Mounting plugin SteamVR
LogPluginManager: Mounting plugin WindowsMoviePlayer
LogStreaming: Display: Took  0.173s to configure plugins.
LogInit: Using libcurl 7.55.1-DEV
LogInit:  - built for x86_64-pc-win32
LogInit:  - supports SSL with OpenSSL/1.0.2h
LogInit:  - supports HTTP deflate (compression) using libz 1.2.8
LogInit:  - other features:
LogInit:      CURL_VERSION_SSL
LogInit:      CURL_VERSION_LIBZ
LogInit:      CURL_VERSION_IPV6
LogInit:      CURL_VERSION_ASYNCHDNS
LogInit:      CURL_VERSION_LARGEFILE
LogInit:      CURL_VERSION_IDN
LogInit:  CurlRequestOptions (configurable via config and command line):
LogInit:  - bVerifyPeer = false  - Libcurl will NOT verify peer certificate
LogInit:  - bUseHttpProxy = false  - Libcurl will NOT use HTTP proxy
LogInit:  - bDontReuseConnections = false  - Libcurl will reuse connections
LogInit:  - CertBundlePath = nullptr  - Libcurl will use whatever was configured at build time.
LogInit:  - MaxHostConnections = 16  - Libcurl will limit the number of connections to a host
LogInit:  - LocalHostAddr = Default
LogInit:  - BufferSize = 65536
LogInit: WinSock: version 1.1 (2.2), MaxSocks=32767, MaxUdp=65467
LogInit: Build: ++UE4+Release-4.20-CL-4369336
LogInit: Engine Version: 4.20.3-4369336+++UE4+Release-4.20
LogInit: Compatible Engine Version: 4.20.0-4212847+++UE4+Release-4.20
LogInit: Net CL: 4212847
LogInit: OS: Windows 10 (), CPU: Intel(R) Core(TM) i7-4770K CPU @ 3.50GHz, GPU: NVIDIA GeForce GTX 1060 6GB
LogInit: Compiled (64-bit): Sep 17 2018 12:26:19
LogInit: Compiled with Visual C++: 19.13.26129.00
LogInit: Build Configuration: Development
LogInit: Branch Name: ++UE4+Release-4.20
LogInit: Command Line:  
LogInit: Base Directory: C:/Program Files/Epic Games/UE_4.20/Engine/Binaries/Win64/
LogInit: Installed Engine Build: 1
LogDevObjectVersion: Number of dev versions registered: 20
LogDevObjectVersion:   Dev-Blueprints (B0D832E4-1F89-4F0D-ACCF-7EB736FD4AA2): 10
LogDevObjectVersion:   Dev-Build (E1C64328-A22C-4D53-A36C-8E866417BD8C): 0
LogDevObjectVersion:   Dev-Core (375EC13C-06E4-48FB-B500-84F0262A717E): 2
LogDevObjectVersion:   Dev-Editor (E4B068ED-F494-42E9-A231-DA0B2E46BB41): 24
LogDevObjectVersion:   Dev-Framework (CFFC743F-43B0-4480-9391-14DF171D2073): 34
LogDevObjectVersion:   Dev-Mobile (B02B49B5-BB20-44E9-A304-32B752E40360): 2
LogDevObjectVersion:   Dev-Networking (A4E4105C-59A1-49B5-A7C5-40C4547EDFEE): 0
LogDevObjectVersion:   Dev-Online (39C831C9-5AE6-47DC-9A44-9C173E1C8E7C): 0
LogDevObjectVersion:   Dev-Physics (78F01B33-EBEA-4F98-B9B4-84EACCB95AA2): 0
LogDevObjectVersion:   Dev-Platform (6631380F-2D4D-43E0-8009-CF276956A95A): 0
LogDevObjectVersion:   Dev-Rendering (12F88B9F-8875-4AFC-A67C-D90C383ABD29): 26
LogDevObjectVersion:   Dev-Sequencer (7B5AE74C-D270-4C10-A958-57980B212A5A): 9
LogDevObjectVersion:   Dev-VR (D7296918-1DD6-4BDD-9DE2-64A83CC13884): 2
LogDevObjectVersion:   Dev-LoadTimes (C2A15278-BFE7-4AFE-6C17-90FF531DF755): 1
LogDevObjectVersion:   Private-Geometry (6EACA3D4-40EC-4CC1-B786-8BED09428FC5): 3
LogDevObjectVersion:   Dev-AnimPhys (29E575DD-E0A3-4627-9D10-D276232CDCEA): 17
LogDevObjectVersion:   Dev-ReflectionCapture (6B266CEC-1EC7-4B8F-A30B-E4D90942FC07): 1
LogDevObjectVersion:   Dev-Automation (0DF73D61-A23F-47EA-B727-89E90C41499A): 1
LogDevObjectVersion:   FortniteMain (601D1886-AC64-4F84-AA16-D3DE0DEAC7D6): 12
LogDevObjectVersion:   Dev-Enterprise (9DFFBCD6-494F-0158-E221-12823C92A888): 1
LogStreaming: Display: Took  0.002s to delete old logs.
LogInit: Presizing for max 8388607 objects, including 0 objects not considered by GC, pre-allocating 0 bytes for permanent pool.
LogInit: Object subsystem initialized
[2018.10.17-14.34.44:863][  0]LogInit: Selected Device Profile: [Windows]
[2018.10.17-14.34.44:863][  0]LogInit: Applying CVar settings loaded from the selected device profile: [Windows]
[2018.10.17-14.34.45:055][  0]LogHAL: Display: Platform has ~ 16 GB [17062375424 / 17179869184 / 16], which maps to Larger [LargestMinGB=32, LargerMinGB=12, DefaultMinGB=8, SmallerMinGB=6, SmallestMinGB=0)
[2018.10.17-14.34.45:055][  0]LogInit: Setting Device Profile CVar: [[r.Vulkan.UseRealUBs:1]]
[2018.10.17-14.34.45:055][  0]LogInit: Going up to parent DeviceProfile []
[2018.10.17-14.34.45:102][  0]LogInit: Computer: KEVIN
[2018.10.17-14.34.45:102][  0]LogInit: User: Grizz
[2018.10.17-14.34.45:102][  0]LogInit: CPU Page size=4096, Cores=4
[2018.10.17-14.34.45:102][  0]LogInit: High frequency timer resolution =3.410073 MHz
[2018.10.17-14.34.45:102][  0]LogMemory: Memory total: Physical=15.9GB (16GB approx)
[2018.10.17-14.34.45:102][  0]LogMemory: Platform Memory Stats for Windows
[2018.10.17-14.34.45:102][  0]LogMemory: Process Physical Memory: 99.95 MB used, 99.95 MB peak
[2018.10.17-14.34.45:102][  0]LogMemory: Process Virtual Memory: 91.08 MB used, 91.08 MB peak
[2018.10.17-14.34.45:102][  0]LogMemory: Physical Memory: 8185.32 MB used,  8086.63 MB free, 16271.95 MB total
[2018.10.17-14.34.45:102][  0]LogMemory: Virtual Memory: 4640.32 MB used,  8086.63 MB free, 134217728.00 MB total
[2018.10.17-14.34.45:121][  0]LogInit: Using OS detected language (en-GB).
[2018.10.17-14.34.45:121][  0]LogInit: Using OS detected locale (en-GB).
[2018.10.17-14.34.45:122][  0]LogTextLocalizationManager: No specific localization for 'en-GB' exists, so the 'en' localization will be used.
[2018.10.17-14.34.45:623][  0]LogStreaming: Display: Took  0.501s to InitEngineTextLocalization.
[2018.10.17-14.34.45:623][  0]LogInit: Setting process to per monitor DPI aware
[2018.10.17-14.34.45:689][  0]LogSlate: New Slate User Created.  User Index 0, Is Virtual User: 0
[2018.10.17-14.34.45:689][  0]LogSlate: Slate User Registered.  User Index 0, Is Virtual User: 0
[2018.10.17-14.34.52:870][  0]LogHMD: Failed to initialize OpenVR with code 105
[2018.10.17-14.34.52:870][  0]LogD3D11RHI: D3D11 adapters:
[2018.10.17-14.34.52:941][  0]LogD3D11RHI:    0. 'NVIDIA GeForce GTX 1060 6GB' (Feature Level 11_0)
[2018.10.17-14.34.52:941][  0]LogD3D11RHI:       6052/0/8135 MB DedicatedVideo/DedicatedSystem/SharedSystem, Outputs:2, VendorId:0x10de
[2018.10.17-14.34.52:947][  0]LogD3D11RHI:    1. 'Intel(R) HD Graphics 4600' (Feature Level 11_0)
[2018.10.17-14.34.52:947][  0]LogD3D11RHI:       112/0/2048 MB DedicatedVideo/DedicatedSystem/SharedSystem, Outputs:0, VendorId:0x8086
[2018.10.17-14.34.52:949][  0]LogD3D11RHI:    2. 'Microsoft Basic Render Driver' (Feature Level 11_0)
[2018.10.17-14.34.52:949][  0]LogD3D11RHI:       0/0/8135 MB DedicatedVideo/DedicatedSystem/SharedSystem, Outputs:0, VendorId:0x1414
[2018.10.17-14.34.52:949][  0]LogD3D11RHI: Chosen D3D11 Adapter: 0
[2018.10.17-14.34.52:962][  0]LogD3D11RHI: Creating new Direct3DDevice
[2018.10.17-14.34.52:962][  0]LogD3D11RHI:     GPU DeviceId: 0x1c03 (for the marketing name, search the web for "GPU Device Id")
[2018.10.17-14.34.52:962][  0]LogWindows: EnumDisplayDevices:
[2018.10.17-14.34.52:962][  0]LogWindows:    0. 'NVIDIA GeForce GTX 1060 6GB' (P:1 D:1)
[2018.10.17-14.34.52:963][  0]LogWindows:    1. 'NVIDIA GeForce GTX 1060 6GB' (P:0 D:1)
[2018.10.17-14.34.52:963][  0]LogWindows:    2. 'NVIDIA GeForce GTX 1060 6GB' (P:0 D:0)
[2018.10.17-14.34.52:963][  0]LogWindows:    3. 'NVIDIA GeForce GTX 1060 6GB' (P:0 D:0)
[2018.10.17-14.34.52:963][  0]LogWindows:    4. 'Intel(R) HD Graphics 4600' (P:0 D:0)
[2018.10.17-14.34.52:963][  0]LogWindows:    5. 'Intel(R) HD Graphics 4600' (P:0 D:0)
[2018.10.17-14.34.52:963][  0]LogWindows:    6. 'Intel(R) HD Graphics 4600' (P:0 D:0)
[2018.10.17-14.34.52:964][  0]LogWindows: DebugString: PrimaryIsNotTheChoosenAdapter PrimaryIsNotTheChoosenAdapter PrimaryIsNotTheChoosenAdapter FoundDriverCount:4 
[2018.10.17-14.34.52:964][  0]LogD3D11RHI:     Adapter Name: NVIDIA GeForce GTX 1060 6GB
[2018.10.17-14.34.52:964][  0]LogD3D11RHI:   Driver Version: 416.16 (internal:25.21.14.1616, unified:416.16)
[2018.10.17-14.34.52:964][  0]LogD3D11RHI:      Driver Date: 10-2-2018
[2018.10.17-14.34.52:964][  0]LogRHI: Texture pool is 4236 MB (70% of 6052 MB)
[2018.10.17-14.34.53:004][  0]LogD3D11RHI: Async texture creation enabled
[2018.10.17-14.34.53:032][  0]LogD3D11RHI: GPU Timing Frequency: 1000.000000 (Debug: 2 2)
[2018.10.17-14.34.53:128][  0]LogShaderCompilers: Guid format shader working directory is -29 characters bigger than the processId version (../../../../../../Users/Grizz/Documents/GitHub/Honours-Project/ProcGenCity/Intermediate/Shaders/WorkingDirectory/79892/).
[2018.10.17-14.34.53:128][  0]LogShaderCompilers: Cleaned the shader compiler working directory 'C:/Users/Grizz/AppData/Local/Temp/UnrealShaderWorkingDir/69179552453888A9A44C7ABD9312216A/'.
[2018.10.17-14.34.53:499][  0]LogTemp: Display: Loaded TP AllDesktopTargetPlatform
[2018.10.17-14.34.53:513][  0]LogTemp: Display: Loaded TP MacClientTargetPlatform
[2018.10.17-14.34.53:527][  0]LogTemp: Display: Loaded TP MacNoEditorTargetPlatform
[2018.10.17-14.34.53:540][  0]LogTemp: Display: Loaded TP MacServerTargetPlatform
[2018.10.17-14.34.53:604][  0]LogTemp: Display: Loaded TP MacTargetPlatform
[2018.10.17-14.34.53:619][  0]LogTemp: Display: Loaded TP WindowsClientTargetPlatform
[2018.10.17-14.34.53:633][  0]LogTemp: Display: Loaded TP WindowsNoEditorTargetPlatform
[2018.10.17-14.34.53:647][  0]LogTemp: Display: Loaded TP WindowsServerTargetPlatform
[2018.10.17-14.34.53:653][  0]LogTemp: Display: Loaded TP WindowsTargetPlatform
[2018.10.17-14.34.53:754][  0]LogTemp: Display: Loaded TP AndroidTargetPlatform
[2018.10.17-14.34.53:754][  0]LogTemp: Display: Loaded TP AndroidTargetPlatform
[2018.10.17-14.34.53:754][  0]LogTemp: Display: Loaded TP AndroidTargetPlatform
[2018.10.17-14.34.53:754][  0]LogTemp: Display: Loaded TP AndroidTargetPlatform
[2018.10.17-14.34.53:754][  0]LogTemp: Display: Loaded TP AndroidTargetPlatform
[2018.10.17-14.34.53:754][  0]LogTemp: Display: Loaded TP AndroidTargetPlatform
[2018.10.17-14.34.53:754][  0]LogTemp: Display: Loaded TP AndroidTargetPlatform
[2018.10.17-14.34.53:754][  0]LogTemp: Display: Loaded TP AndroidTargetPlatform
[2018.10.17-14.34.53:754][  0]LogTemp: Display: Loaded TP AndroidTargetPlatform
[2018.10.17-14.34.53:754][  0]LogTemp: Display: Loaded TP AndroidTargetPlatform
[2018.10.17-14.34.53:754][  0]LogTemp: Display: Loaded TP AndroidTargetPlatform
[2018.10.17-14.34.53:754][  0]LogTemp: Display: Loaded TP AndroidTargetPlatform
[2018.10.17-14.34.53:754][  0]LogTemp: Display: Loaded TP AndroidTargetPlatform
[2018.10.17-14.34.53:754][  0]LogTemp: Display: Loaded TP AndroidTargetPlatform
[2018.10.17-14.34.53:754][  0]LogTemp: Display: Loaded TP AndroidTargetPlatform
[2018.10.17-14.34.53:754][  0]LogTemp: Display: Loaded TP AndroidTargetPlatform
[2018.10.17-14.34.53:754][  0]LogTemp: Display: Loaded TP AndroidTargetPlatform
[2018.10.17-14.34.53:754][  0]LogTemp: Display: Loaded TP AndroidTargetPlatform
[2018.10.17-14.34.53:755][  0]LogTemp: Display: Loaded TP HTML5TargetPlatform
[2018.10.17-14.34.53:866][  0]LogTemp: Display: Loaded TP IOSTargetPlatform
[2018.10.17-14.34.53:866][  0]LogTemp: Display: Loaded TP IOSTargetPlatform
[2018.10.17-14.34.53:889][  0]LogTemp: Display: Loaded TP TVOSTargetPlatform
[2018.10.17-14.34.53:889][  0]LogTemp: Display: Loaded TP TVOSTargetPlatform
[2018.10.17-14.34.53:901][  0]LogTemp: Display: Loaded TP LinuxClientTargetPlatform
[2018.10.17-14.34.53:914][  0]LogTemp: Display: Loaded TP LinuxNoEditorTargetPlatform
[2018.10.17-14.34.53:926][  0]LogTemp: Display: Loaded TP LinuxServerTargetPlatform
[2018.10.17-14.34.54:006][  0]LogTemp: Display: Loaded TP LinuxTargetPlatform
[2018.10.17-14.34.54:021][  0]LogTemp: Display: Loaded TP LuminTargetPlatform
[2018.10.17-14.34.54:021][  0]LogTargetPlatformManager: Display: Building Assets For Windows
[2018.10.17-14.34.54:078][  0]LogXGEController: Cleaning working directory: C:/Users/Grizz/AppData/Local/Temp/UnrealXGEWorkingDir/
[2018.10.17-14.34.54:079][  0]LogXGEController: Cannot use XGE Controller as Incredibuild is not installed on this machine.
[2018.10.17-14.34.54:079][  0]LogShaderCompilers: Cannot use XGE Shader Compiler as Incredibuild is not installed on this machine.
[2018.10.17-14.34.54:079][  0]LogShaderCompilers: Display: Using Local Shader Compiler.
[2018.10.17-14.35.00:633][  0]LogDerivedDataCache: Display: Max Cache Size: 512 MB
[2018.10.17-14.35.00:683][  0]LogDerivedDataCache: Loaded boot cache 0.05s 71MB C:/Users/Grizz/AppData/Local/UnrealEngine/4.20/DerivedDataCache/Boot.ddc.
[2018.10.17-14.35.00:683][  0]LogDerivedDataCache: Display: Loaded Boot cache: C:/Users/Grizz/AppData/Local/UnrealEngine/4.20/DerivedDataCache/Boot.ddc
[2018.10.17-14.35.00:684][  0]LogDerivedDataCache: FDerivedDataBackendGraph:  Pak pak cache file ../../../../../../Users/Grizz/Documents/GitHub/Honours-Project/ProcGenCity/DerivedDataCache/DDC.ddp not found, will not use a pak cache.
[2018.10.17-14.35.00:684][  0]LogDerivedDataCache: Unable to find inner node Pak for hierarchical cache Hierarchy.
[2018.10.17-14.35.00:684][  0]LogDerivedDataCache: FDerivedDataBackendGraph:  CompressedPak pak cache file ../../../../../../Users/Grizz/Documents/GitHub/Honours-Project/ProcGenCity/DerivedDataCache/Compressed.ddp not found, will not use a pak cache.
[2018.10.17-14.35.00:684][  0]LogDerivedDataCache: Unable to find inner node CompressedPak for hierarchical cache Hierarchy.
[2018.10.17-14.35.00:698][  0]LogDerivedDataCache: Display: Pak cache opened for reading ../../../Engine/DerivedDataCache/Compressed.ddp.
[2018.10.17-14.35.00:711][  0]LogDerivedDataCache: Using Local data cache path C:/Users/Grizz/AppData/Local/UnrealEngine/Common/DerivedDataCache: Writable
[2018.10.17-14.35.00:711][  0]LogDerivedDataCache: Shared data cache path not found in *engine.ini, will not use an Shared cache.
[2018.10.17-14.35.00:711][  0]LogDerivedDataCache: Unable to find inner node Shared for hierarchical cache Hierarchy.
[2018.10.17-14.35.00:728][  0]LogMaterial: Verifying Global Shaders for PCD3D_SM5
[2018.10.17-14.35.00:730][  0]LogSlate: Using FreeType 2.6.0
[2018.10.17-14.35.00:730][  0]LogSlate: SlateFontServices - WITH_FREETYPE: 1, WITH_HARFBUZZ: 1
[2018.10.17-14.35.00:803][  0]LogAssetRegistry: FAssetRegistry took 0.0267 seconds to start up
[2018.10.17-14.35.01:138][  0]LogInit: Selected Device Profile: [Windows]
[2018.10.17-14.35.01:272][  0]LogSimplygon: Simplygon DLL not present - disabling.
[2018.10.17-14.35.01:275][  0]LogMeshReduction: Using SimplygonSwarm for distributed automatic mesh merging
[2018.10.17-14.35.01:275][  0]LogMeshReduction: Using ProxyLODMeshReduction for automatic mesh merging
[2018.10.17-14.35.01:275][  0]LogMeshReduction: Using QuadricMeshReduction for automatic static mesh reduction
[2018.10.17-14.35.01:275][  0]LogMeshReduction: No automatic skeletal mesh reduction module available
[2018.10.17-14.35.01:299][  0]LogNetVersion: ProcGenCity 1.0.0, NetCL: 4212847, EngineNetVer: 5, GameNetVer: 0 (Checksum: 2895139612)
[2018.10.17-14.35.01:777][  0]LogPackageLocalizationCache: Processed 11 localized package path(s) for 2 prioritized culture(s) in 0.107114 seconds
[2018.10.17-14.35.01:783][  0]LogUObjectArray: 38425 objects as part of root set at end of initial load.
[2018.10.17-14.35.01:783][  0]LogUObjectAllocator: 6690872 out of 0 bytes used by permanent object pool.
[2018.10.17-14.35.01:783][  0]LogUObjectArray: CloseDisregardForGC: 0/0 objects in disregard for GC pool
[2018.10.17-14.35.27:483][  0]LogTcpMessaging: Initializing TcpMessaging bridge
[2018.10.17-14.35.27:500][  0]LogUdpMessaging: Initializing bridge on interface 0.0.0.0:0 to multicast group 230.0.0.1:6666.
[2018.10.17-14.35.28:116][  0]SourceControl: Source control is disabled
[2018.10.17-14.35.28:116][  0]SourceControl: Source control is disabled
[2018.10.17-14.35.28:117][  0]SourceControl: Source control is disabled
[2018.10.17-14.35.28:118][  0]SourceControl: Source control is disabled
[2018.10.17-14.35.28:372][  0]LogAndroidPermission: UAndroidPermissionCallbackProxy::GetInstance
[2018.10.17-14.35.28:510][  0]LogOcInput: OculusInput pre-init called
[2018.10.17-14.35.28:634][  0]LogEngine: Initializing Engine...
[2018.10.17-14.35.28:637][  0]LogHMD: Failed to initialize OpenVR with code 105
[2018.10.17-14.35.28:639][  0]LogStats: UGameplayTagsManager::ConstructGameplayTagTree: ImportINI prefixes -  0.000 s
[2018.10.17-14.35.28:639][  0]LogStats: UGameplayTagsManager::ConstructGameplayTagTree: Construct from data asset -  0.000 s
[2018.10.17-14.35.28:639][  0]LogStats: UGameplayTagsManager::ConstructGameplayTagTree: ImportINI -  0.000 s
[2018.10.17-14.35.28:639][  0]LogStats: UGameplayTagsManager::ConstructGameplayTagTree: GameplayTagTreeChangedEvent.Broadcast -  0.000 s
[2018.10.17-14.35.28:836][  0]LogInit: Initializing FReadOnlyCVARCache
[2018.10.17-14.35.28:850][  0]LogAIModule: Creating AISystem for world Untitled
[2018.10.17-14.35.28:903][  0]LogInit: XAudio2 using 'Speakers (Razer Surround Audio Controller)' : 6 channels at 48 kHz using 16 bits per sample (channel mask 0x3f)
[2018.10.17-14.35.28:911][  0]LogInit: FAudioDevice initialized.
[2018.10.17-14.35.28:911][  0]LogNetVersion: Set ProjectVersion to 1.0.0.0. Version Checksum will be recalculated on next use.
[2018.10.17-14.35.29:208][  0]LogDerivedDataCache: Saved boot cache 0.30s 71MB C:/Users/Grizz/AppData/Local/UnrealEngine/4.20/DerivedDataCache/Boot.ddc.
[2018.10.17-14.35.29:229][  0]LogInit: Texture streaming: Enabled
[2018.10.17-14.35.29:253][  0]LogEngineSessionManager: EngineSessionManager initialized
[2018.10.17-14.35.29:253][  0]LogEngineSessionManager: EngineSessionManager sent abnormal shutdown report. Type=Crashed, SessionId={9B109BF5-47EB-3FD6-6425-8BBD486E9890}
[2018.10.17-14.35.29:276][  0]LogInit: Transaction tracking system initialized
[2018.10.17-14.35.29:300][  0]BlueprintLog: New page: Editor Load
[2018.10.17-14.35.29:394][  0]LocalizationService: Localization service is disabled
[2018.10.17-14.35.30:054][  0]LogCook: Display: Max memory allowance for cook 16384mb min free memory 0mb
[2018.10.17-14.35.30:054][  0]LogCook: Display: Mobile HDR setting 1
[2018.10.17-14.35.30:054][  0]LogGameplayTags: Display: UGameplayTagsManager::DoneAddingNativeTags. DelegateIsBound: 0
[2018.10.17-14.35.30:054][  0]LogStats: UGameplayTagsManager::ConstructGameplayTagTree: ImportINI prefixes -  0.000 s
[2018.10.17-14.35.30:054][  0]LogStats: UGameplayTagsManager::ConstructGameplayTagTree: Construct from data asset -  0.000 s
[2018.10.17-14.35.30:054][  0]LogStats: UGameplayTagsManager::ConstructGameplayTagTree: ImportINI -  0.000 s
[2018.10.17-14.35.30:054][  0]LogStats: UGameplayTagsManager::ConstructGameplayTagTree: GameplayTagTreeChangedEvent.Broadcast -  0.000 s
[2018.10.17-14.35.31:101][  0]LogFileCache: Scanning file cache for directory 'C:/Users/Grizz/Documents/GitHub/Honours-Project/ProcGenCity/Content/' took 0.02s
[2018.10.17-14.35.31:122][  0]SourceControl: Source control is disabled
[2018.10.17-14.35.31:122][  0]Cmd: MAP LOAD FILE="../../../../../../Users/Grizz/Documents/GitHub/Honours-Project/ProcGenCity/Content/StarterContent/Maps/Minimal_Default.umap" TEMPLATE=0 SHOWPROGRESS=1 FEATURELEVEL=3
[2018.10.17-14.35.31:122][  0]LightingResults: New page: Lighting Build
[2018.10.17-14.35.31:128][  0]MapCheck: New page: Map Check
[2018.10.17-14.35.31:129][  0]LightingResults: New page: Lighting Build
[2018.10.17-14.35.31:755][  0]LogAIModule: Creating AISystem for world Minimal_Default
[2018.10.17-14.35.31:786][  0]LogEditorServer: Finished looking for orphan Actors (0.000 secs)
[2018.10.17-14.35.31:810][  0]Cmd: MAP CHECKDEP NOCLEARLOG
[2018.10.17-14.35.31:872][  0]MapCheck: Map check complete: 0 Error(s), 0 Warning(s), took 61.223ms to complete.
[2018.10.17-14.35.31:872][  0]LogFileHelpers: Loading map 'Minimal_Default' took 0.750
[2018.10.17-14.35.32:141][  0]LogSlate: Updating window title bar state: overlay mode, drag disabled, window buttons hidden, title bar hidden
[2018.10.17-14.35.32:162][  0]LogSlate: Updating window title bar state: overlay mode, drag disabled, window buttons hidden, title bar hidden
[2018.10.17-14.35.32:178][  0]LogSlate: Updating window title bar state: overlay mode, drag disabled, window buttons hidden, title bar hidden
[2018.10.17-14.35.32:188][  0]LogSlate: Updating window title bar state: overlay mode, drag disabled, window buttons hidden, title bar hidden
[2018.10.17-14.35.32:197][  0]LogCollectionManager: Loaded 0 collections in 0.002044 seconds
[2018.10.17-14.35.32:242][  0]LogFileCache: Scanning file cache for directory 'C:/Users/Grizz/Documents/GitHub/Honours-Project/ProcGenCity/Saved/Collections/' took 0.01s
[2018.10.17-14.35.32:242][  0]LogFileCache: Scanning file cache for directory 'C:/Users/Grizz/Documents/GitHub/Honours-Project/ProcGenCity/Content/Developers/Grizz/Collections/' took 0.01s
[2018.10.17-14.35.32:242][  0]LogFileCache: Scanning file cache for directory 'C:/Users/Grizz/Documents/GitHub/Honours-Project/ProcGenCity/Content/Collections/' took 0.01s
[2018.10.17-14.35.32:242][  0]LogCollectionManager: Rebuilt the GUID cache for 0 collections in 0.000000 seconds
[2018.10.17-14.35.32:251][  0]LogContentBrowser: Native class hierarchy populated in 0.0090 seconds. Added 2573 classes and 605 folders.
[2018.10.17-14.35.32:257][  0]LogContentBrowser: Native class hierarchy updated for 'WidgetCarousel' in 0.0003 seconds. Added 0 classes and 0 folders.
[2018.10.17-14.35.33:406][  0]LogContentBrowser: Native class hierarchy updated for 'AddContentDialog' in 0.0003 seconds. Added 0 classes and 0 folders.
[2018.10.17-14.35.33:411][  0]LogContentBrowser: Native class hierarchy updated for 'SceneOutliner' in 0.0003 seconds. Added 1 classes and 2 folders.
[2018.10.17-14.35.33:441][  0]LogSlate: Took 0.000410 seconds to synchronously load lazily loaded font '../../../Engine/Content/Slate/Fonts/Roboto-Regular.ttf' (155K)
[2018.10.17-14.35.33:446][  0]LogSlate: Took 0.000325 seconds to synchronously load lazily loaded font '../../../Engine/Content/Slate/Fonts/Roboto-Bold.ttf' (160K)
[2018.10.17-14.35.33:456][  0]LogSlate: Took 0.000460 seconds to synchronously load lazily loaded font '../../../Engine/Content/Editor/Slate/Fonts/FontAwesome.ttf' (139K)
[2018.10.17-14.35.33:629][  0]LogRenderer: Reallocating scene render targets to support 1616x1004 Format 10 NumSamples 1 (Frame:1).
[2018.10.17-14.35.33:741][  0]LogSlate: FSceneViewport::OnFocusLost() reason 2
[2018.10.17-14.35.33:758][  0]LogSlate: Window 'Tutorials' being destroyed
[2018.10.17-14.35.33:793][  0]LogContentBrowser: Native class hierarchy updated for 'HierarchicalLODOutliner' in 0.0005 seconds. Added 0 classes and 0 folders.
[2018.10.17-14.35.33:793][  0]LogLoad: (Engine Initialization) Total time: 50.73 seconds
[2018.10.17-14.35.33:793][  0]LogLoad: (Engine Initialization) Total Blueprint compile time: 0.00 seconds
[2018.10.17-14.35.33:828][  0]LogContentStreaming: Texture pool size now 1000 MB
[2018.10.17-14.35.33:932][  1]LogAssetRegistry: Asset discovery search completed in 33.1524 seconds
[2018.10.17-14.35.33:936][  1]LogCollectionManager: Rebuilt the object cache for 0 collections in 0.000000 seconds (found 0 objects)
[2018.10.17-14.35.33:936][  1]LogCollectionManager: Fixed up redirectors for 0 collections in 0.000100 seconds (updated 0 objects)
[2018.10.17-14.36.01:673][ 84]LogSlate: FSceneViewport::OnFocusLost() reason 0
[2018.10.17-14.36.01:760][ 84]Candidate modules for hot reload:
[2018.10.17-14.36.01:760][ 84]  ProcGenCity
[2018.10.17-14.36.01:760][ 84]Launching UnrealBuildTool... [C:/Program Files/Epic Games/UE_4.20/Engine/Binaries/DotNET/UnrealBuildTool.exe  -ModuleWithSuffix=ProcGenCity,7113 Win64 Development -TargetType=Editor -Project="../../../../../../Users/Grizz/Documents/GitHub/Honours-Project/ProcGenCity/ProcGenCity.uproject" -canskiplink "C:/Users/Grizz/Documents/GitHub/Honours-Project/ProcGenCity/ProcGenCity.uproject" ]
[2018.10.17-14.36.01:843][ 84]Warning: Starting HotReload took  0.2s.
[2018.10.17-14.36.21:737][415]CompilerResultsLog: New page: Compilation - 17 Oct 2018 16:36:21
[2018.10.17-14.36.21:737][415]CompilerResultsLog: Using 'git status' to determine working set for adaptive non-unity build.
[2018.10.17-14.36.21:738][415]CompilerResultsLog: Compiling game modules for hot reload
[2018.10.17-14.36.21:738][415]CompilerResultsLog: Parsing headers for ProcGenCityEditor
[2018.10.17-14.36.21:738][415]CompilerResultsLog:   Running UnrealHeaderTool "C:\Users\Grizz\Documents\GitHub\Honours-Project\ProcGenCity\ProcGenCity.uproject" "C:\Users\Grizz\Documents\GitHub\Honours-Project\ProcGenCity\Intermediate\Build\Win64\ProcGenCityEditor\Development\ProcGenCityEditor.uhtmanifest" -LogCmds="loginit warning, logexit warning, logdatabase error" -Unattended -WarningsAsErrors -installed
[2018.10.17-14.36.21:738][415]CompilerResultsLog: Reflection code generated for ProcGenCityEditor in 11.6781775 seconds
[2018.10.17-14.36.21:738][415]CompilerResultsLog: Building 5 actions with 8 processes...
[2018.10.17-14.36.21:738][415]CompilerResultsLog:   [1/5] ProcGenCity.init.gen.cpp
[2018.10.17-14.36.21:738][415]CompilerResultsLog:   [2/5] SplineNetwork.cpp
[2018.10.17-14.36.21:738][415]CompilerResultsLog:   [3/5] SplineNetwork.gen.cpp
[2018.10.17-14.36.21:738][415]CompilerResultsLog:   [4/5] UE4Editor-ProcGenCity-7113.lib
[2018.10.17-14.36.21:738][415]CompilerResultsLog:      Creating library C:\Users\Grizz\Documents\GitHub\Honours-Project\ProcGenCity\Intermediate\Build\Win64\UE4Editor\Development\ProcGenCity\UE4Editor-ProcGenCity-7113.lib and object C:\Users\Grizz\Documents\GitHub\Honours-Project\ProcGenCity\Intermediate\Build\Win64\UE4Editor\Development\ProcGenCity\UE4Editor-ProcGenCity-7113.exp
[2018.10.17-14.36.21:738][415]CompilerResultsLog:   [5/5] UE4Editor-ProcGenCity-7113.dll
[2018.10.17-14.36.21:738][415]CompilerResultsLog:      Creating library C:\Users\Grizz\Documents\GitHub\Honours-Project\ProcGenCity\Intermediate\Build\Win64\UE4Editor\Development\ProcGenCity\UE4Editor-ProcGenCity-7113.suppressed.lib and object C:\Users\Grizz\Documents\GitHub\Honours-Project\ProcGenCity\Intermediate\Build\Win64\UE4Editor\Development\ProcGenCity\UE4Editor-ProcGenCity-7113.suppressed.exp
[2018.10.17-14.36.21:738][415]CompilerResultsLog: Total build time: 19.55 seconds (Parallel executor: 2.56 seconds)
[2018.10.17-14.36.21:738][415]LogMainFrame: MainFrame: Module compiling took 19.988 seconds
[2018.10.17-14.36.21:771][415]LogClass: Could not find existing class SplineNetwork in package /Script/ProcGenCity for HotReload, assuming new class
[2018.10.17-14.36.21:774][415]LogHotReload: Re-instancing SplineNetwork after hot-reload.
[2018.10.17-14.36.21:823][415]LogContentBrowser: Native class hierarchy updated for 'ProcGenCity' in 0.0004 seconds. Added 1 classes and 2 folders.
[2018.10.17-14.36.21:825][415]Display: HotReload successful (0 functions remapped  0 scriptstructs remapped)
[2018.10.17-14.36.21:859][415]LogContentBrowser: Native class hierarchy populated in 0.0094 seconds. Added 2574 classes and 607 folders.
[2018.10.17-14.36.21:860][415]Display: HotReload took 20.2s.
[2018.10.17-14.36.28:651][223]LogSlate: Took 0.000165 seconds to synchronously load lazily loaded font '../../../Engine/Content/Slate/Fonts/Roboto-Light.ttf' (167K)
[2018.10.17-14.36.28:717][223]LogSlate: Took 0.000231 seconds to synchronously load lazily loaded font '../../../Engine/Content/Slate/Fonts/Roboto-BoldCondensed.ttf' (158K)
[2018.10.17-14.36.31:268][526]LogAssetEditorManager: Opening Asset editor for Blueprint /Game/BP/MySplineNetwork.MySplineNetwork
[2018.10.17-14.36.32:883][526]LogContentBrowser: Native class hierarchy updated for 'BlueprintGraph' in 0.0028 seconds. Added 116 classes and 0 folders.
[2018.10.17-14.36.34:071][526]LogSlate: Window 'Add Blueprint Class' being destroyed
[2018.10.17-14.36.34:182][527]LogRenderer: Reallocating scene render targets to support 1616x1260 Format 10 NumSamples 1 (Frame:1).
[2018.10.17-14.36.41:687][171]BlueprintLog: New page: Compile MySplineNetwork
[2018.10.17-14.36.43:085][218]Cmd: OBJ SAVEPACKAGE PACKAGE="/Game/BP/MySplineNetwork" FILE="../../../../../../Users/Grizz/Documents/GitHub/Honours-Project/ProcGenCity/Content/BP/MySplineNetwork.uasset" SILENT=true
[2018.10.17-14.36.43:489][218]LogSavePackage: Moving '../../../../../../Users/Grizz/Documents/GitHub/Honours-Project/ProcGenCity/Saved/MySplineNetwork3EC506D8470BF9AFB1A19DB920A8F24D.tmp' to '../../../../../../Users/Grizz/Documents/GitHub/Honours-Project/ProcGenCity/Content/BP/MySplineNetwork.uasset'
[2018.10.17-14.37.00:645][210]LogSlate: FSceneViewport::OnFocusLost() reason 0
[2018.10.17-14.37.07:054][956]LogAssetEditorManager: Opening Asset editor for Blueprint /Game/BP/mySpline.mySpline
[2018.10.17-14.37.08:127][957]LogSlate: Took 0.015242 seconds to synchronously load lazily loaded font '../../../Engine/Content/Slate/Fonts/Roboto-Italic.ttf' (157K)
[2018.10.17-14.37.10:267][130]LogSlate: Window 'mySpline' being destroyed
[2018.10.17-14.37.42:157][840]LogSlate: FSceneViewport::OnFocusLost() reason 0
[2018.10.17-14.38.37:635][687]LogSlate: FSceneViewport::OnFocusLost() reason 2
[2018.10.17-14.39.43:632][ 29]LogSlate: FSceneViewport::OnFocusLost() reason 0
[2018.10.17-14.39.43:761][ 37]Candidate modules for hot reload:
[2018.10.17-14.39.43:761][ 37]  ProcGenCity
[2018.10.17-14.39.43:762][ 37]Launching UnrealBuildTool... [C:/Program Files/Epic Games/UE_4.20/Engine/Binaries/DotNET/UnrealBuildTool.exe  -ModuleWithSuffix=ProcGenCity,3424 Win64 Development -TargetType=Editor -Project="../../../../../../Users/Grizz/Documents/GitHub/Honours-Project/ProcGenCity/ProcGenCity.uproject" -canskiplink "C:/Users/Grizz/Documents/GitHub/Honours-Project/ProcGenCity/ProcGenCity.uproject" ]
[2018.10.17-14.39.43:835][ 37]Warning: Starting HotReload took  0.1s.
[2018.10.17-14.39.49:301][652]CompilerResultsLog: New page: Compilation - 17 Oct 2018 16:39:49
[2018.10.17-14.39.49:301][652]CompilerResultsLog: Using 'git status' to determine working set for adaptive non-unity build.
[2018.10.17-14.39.49:301][652]CompilerResultsLog: Compiling game modules for hot reload
[2018.10.17-14.39.49:301][652]CompilerResultsLog: Building 3 actions with 8 processes...
[2018.10.17-14.39.49:301][652]CompilerResultsLog:   [1/3] SplineNetwork.cpp
[2018.10.17-14.39.49:301][652]CompilerResultsLog:   [2/3] UE4Editor-ProcGenCity-3424.lib
[2018.10.17-14.39.49:301][652]CompilerResultsLog:      Creating library C:\Users\Grizz\Documents\GitHub\Honours-Project\ProcGenCity\Intermediate\Build\Win64\UE4Editor\Development\ProcGenCity\UE4Editor-ProcGenCity-3424.lib and object C:\Users\Grizz\Documents\GitHub\Honours-Project\ProcGenCity\Intermediate\Build\Win64\UE4Editor\Development\ProcGenCity\UE4Editor-ProcGenCity-3424.exp
[2018.10.17-14.39.49:301][652]CompilerResultsLog:   [3/3] UE4Editor-ProcGenCity-3424.dll
[2018.10.17-14.39.49:301][652]CompilerResultsLog:      Creating library C:\Users\Grizz\Documents\GitHub\Honours-Project\ProcGenCity\Intermediate\Build\Win64\UE4Editor\Development\ProcGenCity\UE4Editor-ProcGenCity-3424.suppressed.lib and object C:\Users\Grizz\Documents\GitHub\Honours-Project\ProcGenCity\Intermediate\Build\Win64\UE4Editor\Development\ProcGenCity\UE4Editor-ProcGenCity-3424.suppressed.exp
[2018.10.17-14.39.49:301][652]CompilerResultsLog: Total build time: 4.99 seconds (Parallel executor: 1.90 seconds)
[2018.10.17-14.39.49:301][652]LogMainFrame: MainFrame: Module compiling took 5.549 seconds
[2018.10.17-14.39.49:349][652]LogContentBrowser: Native class hierarchy updated for 'ProcGenCity' in 0.0005 seconds. Added 1 classes and 2 folders.
[2018.10.17-14.39.49:353][652]Display: HotReload successful (0 functions remapped  0 scriptstructs remapped)
[2018.10.17-14.39.49:813][652]LogContentBrowser: Native class hierarchy populated in 0.0095 seconds. Added 2574 classes and 607 folders.
[2018.10.17-14.39.49:813][652]Display: HotReload took  6.1s.
[2018.10.17-14.39.52:713][976]LogSlate: FSceneViewport::OnFocusLost() reason 0
[2018.10.17-14.39.58:984][622]LogSlate: FSceneViewport::OnFocusLost() reason 0
[2018.10.17-14.39.59:949][719]LogEditorActor: Deleted Actor: MySplineNetwork_C
[2018.10.17-14.40.00:050][719]LogEditorActor: Deleted 1 Actors (0.213 secs)
[2018.10.17-14.40.00:873][813]LogEditorActor: Deleted Actor: MySplineNetwork_C
[2018.10.17-14.40.00:957][813]LogEditorActor: Deleted 1 Actors (0.090 secs)
[2018.10.17-14.40.05:022][271]LogSlate: FSceneViewport::OnFocusLost() reason 0
[2018.10.17-14.40.27:496][839]Cmd: TRANSACTION UNDO
[2018.10.17-14.40.27:496][839]LogEditorTransaction: Undo Move Actors
[2018.10.17-14.40.35:213][676]LogEditorViewport: Clicking on Actor (LMB): MySplineNetwork_C (MySplineNetwork)
[2018.10.17-14.40.35:759][735]LogSlate: FSceneViewport::OnFocusLost() reason 2
[2018.10.17-14.41.00:842][639]LogSlate: FSceneViewport::OnFocusLost() reason 2
[2018.10.17-14.41.10:395][743]LogEditorViewport: Clicking on Actor (LMB): StaticMeshActor (Ground141)
[2018.10.17-14.41.11:238][835]LogEditorViewport: Clicking on Actor (LMB): MySplineNetwork_C (MySplineNetwork)
[2018.10.17-14.41.13:509][ 97]LogEditorViewport: Clicking on Actor (LMB): MySplineNetwork_C (MySplineNetwork)
[2018.10.17-14.41.18:743][697]LogEditorViewport: Clicking on Actor (LMB): MySplineNetwork_C (MySplineNetwork)
[2018.10.17-14.41.25:363][428]LogSlate: FSceneViewport::OnFocusLost() reason 2
[2018.10.17-14.41.26:447][543]LogSlate: FSceneViewport::OnFocusLost() reason 2
[2018.10.17-14.41.27:511][543]LogSavePackage: Moving '../../../../../../Users/Grizz/Documents/GitHub/Honours-Project/ProcGenCity/Saved/Minimal_Default5F4127574AC8306AF6AA70AA3B228D8C.tmp' to '../../../../../../Users/Grizz/Documents/GitHub/Honours-Project/ProcGenCity/Content/StarterContent/Maps/Minimal_Default.umap'
[2018.10.17-14.41.27:782][543]LogFileHelpers: Saving map 'Minimal_Default' took 1.330
[2018.10.17-14.41.39:248][947]LogSlate: FSceneViewport::OnFocusLost() reason 0
[2018.10.17-14.41.41:446][957]LogActorComponent: UnregisterComponent: (/Engine/Transient.EditorFloorComp) Not registered. Aborting.
[2018.10.17-14.41.41:690][957]LogSlate: Window 'ProcGenCity - Unreal Editor' being destroyed
[2018.10.17-14.41.41:691][957]LogWindowsTextInputMethodSystem: Display: IME system now deactivated.
[2018.10.17-14.41.43:110][958]Cmd: QUIT_EDITOR
[2018.10.17-14.41.44:982][958]LogExit: Preparing to exit.
[2018.10.17-14.41.49:072][958]LogExit: Editor shut down
[2018.10.17-14.41.49:073][958]LogExit: Transaction tracking system shut down
[2018.10.17-14.41.53:004][958]LogExit: Object subsystem successfully closed.
[2018.10.17-14.41.53:056][958]LogShaderCompilers: Display: Shaders left to compile 0
[2018.10.17-14.41.53:103][958]LogD3D11RHI: Shutdown
[2018.10.17-14.41.53:103][958]LogD3D11RHI: CleanupD3DDevice
[2018.10.17-14.41.53:172][958]LogD3D11RHI: ~FD3D11DynamicRHI
[2018.10.17-14.41.55:032][958]LogModuleManager: Shutting down and abandoning module ProcGenCity (616)
[2018.10.17-14.41.55:032][958]LogModuleManager: Shutting down and abandoning module BlueprintGraph (615)
[2018.10.17-14.41.55:032][958]LogModuleManager: Shutting down and abandoning module HierarchicalLODOutliner (612)
[2018.10.17-14.41.55:032][958]LogModuleManager: Shutting down and abandoning module SceneOutliner (610)
[2018.10.17-14.41.55:032][958]LogModuleManager: Shutting down and abandoning module AddContentDialog (608)
[2018.10.17-14.41.55:051][958]LogModuleManager: Shutting down and abandoning module WidgetCarousel (607)
[2018.10.17-14.41.55:051][958]LogModuleManager: Shutting down and abandoning module EditorWidgets (604)
[2018.10.17-14.41.55:051][958]LogModuleManager: Shutting down and abandoning module CollectionManager (602)
[2018.10.17-14.41.55:062][958]LogModuleManager: Shutting down and abandoning module StatsViewer (600)
[2018.10.17-14.41.55:071][958]LogModuleManager: Shutting down and abandoning module FoliageEdit (598)
[2018.10.17-14.41.55:089][958]LogModuleManager: Shutting down and abandoning module LandscapeEditor (596)
[2018.10.17-14.41.55:118][958]LogModuleManager: Shutting down and abandoning module MeshPaintMode (594)
[2018.10.17-14.41.55:128][958]LogModuleManager: Shutting down and abandoning module SceneDepthPickerMode (592)
[2018.10.17-14.41.55:128][958]LogModuleManager: Shutting down and abandoning module ActorPickerMode (590)
[2018.10.17-14.41.55:129][958]LogModuleManager: Shutting down and abandoning module GeometryMode (588)
[2018.10.17-14.41.55:129][958]LogModuleManager: Shutting down and abandoning module TextureAlignMode (586)
[2018.10.17-14.41.55:129][958]LogModuleManager: Shutting down and abandoning module BspMode (584)
[2018.10.17-14.41.55:129][958]LogModuleManager: Shutting down and abandoning module PIEPreviewDeviceProfileSelector (582)
[2018.10.17-14.41.55:134][958]LogModuleManager: Shutting down and abandoning module SequenceRecorderSections (580)
[2018.10.17-14.41.55:141][958]LogModuleManager: Shutting down and abandoning module AutomationWorker (578)
[2018.10.17-14.41.55:141][958]LogModuleManager: Shutting down and abandoning module AudioCaptureEditor (576)
[2018.10.17-14.41.55:141][958]LogModuleManager: Shutting down and abandoning module SequenceRecorder (575)
[2018.10.17-14.41.55:161][958]LogModuleManager: Shutting down and abandoning module MatineeToLevelSequence (572)
[2018.10.17-14.41.55:187][958]LogModuleManager: Shutting down and abandoning module LevelSequenceEditor (570)
[2018.10.17-14.41.55:222][958]LogModuleManager: Shutting down and abandoning module PlacementMode (569)
[2018.10.17-14.41.55:222][958]LogModuleManager: Shutting down and abandoning module MaterialEditor (568)
[2018.10.17-14.41.55:277][958]LogModuleManager: Shutting down and abandoning module WmfMediaFactory (564)
[2018.10.17-14.41.55:277][958]LogModuleManager: Shutting down and abandoning module WmfMediaEditor (562)
[2018.10.17-14.41.55:277][958]LogModuleManager: Shutting down and abandoning module MediaPlayerEditor (560)
[2018.10.17-14.41.55:343][958]LogModuleManager: Shutting down and abandoning module OpenExrWrapper (558)
[2018.10.17-14.41.55:343][958]LogModuleManager: Shutting down and abandoning module ImgMediaFactory (556)
[2018.10.17-14.41.55:343][958]LogModuleManager: Shutting down and abandoning module ImgMediaEditor (554)
[2018.10.17-14.41.55:343][958]LogModuleManager: Shutting down and abandoning module AvfMediaFactory (552)
[2018.10.17-14.41.55:343][958]LogModuleManager: Shutting down and abandoning module AvfMediaEditor (550)
[2018.10.17-14.41.55:343][958]LogModuleManager: Shutting down and abandoning module AndroidMediaFactory (548)
[2018.10.17-14.41.55:343][958]LogModuleManager: Shutting down and abandoning module AndroidMediaEditor (546)
[2018.10.17-14.41.55:343][958]LogModuleManager: Shutting down and abandoning module MagicLeapCameraPreviewFactory (544)
[2018.10.17-14.41.55:343][958]LogModuleManager: Shutting down and abandoning module MagicLeapMediaFactory (542)
[2018.10.17-14.41.55:343][958]LogModuleManager: Shutting down and abandoning module MagicLeapMediaEditor (540)
[2018.10.17-14.41.55:343][958]LogModuleManager: Shutting down and abandoning module CharacterAI (538)
[2018.10.17-14.41.55:343][958]LogModuleManager: Shutting down and abandoning module SmartSnapping (536)
[2018.10.17-14.41.55:343][958]LogModuleManager: Shutting down and abandoning module SessionServices (534)
[2018.10.17-14.41.55:343][958]LogModuleManager: Shutting down and abandoning module ViewportSnapping (532)
[2018.10.17-14.41.55:343][958]LogModuleManager: Shutting down and abandoning module ViewportInteraction (530)
[2018.10.17-14.41.55:343][958]LogModuleManager: Shutting down and abandoning module ClothPainter (528)
[2018.10.17-14.41.55:386][958]LogModuleManager: Shutting down and abandoning module SkeletalMeshEditor (527)
[2018.10.17-14.41.55:411][958]LogModuleManager: Shutting down and abandoning module LogVisualizer (524)
[2018.10.17-14.41.55:442][958]LogModuleManager: Shutting down and abandoning module IntroTutorials (522)
[2018.10.17-14.41.55:477][958]LogModuleManager: Shutting down and abandoning module GameProjectGeneration (521)
[2018.10.17-14.41.55:477][958]LogModuleManager: Shutting down and abandoning module LuminPlatformEditor (518)
[2018.10.17-14.41.55:477][958]LogModuleManager: Shutting down and abandoning module IOSPlatformEditor (516)
[2018.10.17-14.41.55:501][958]LogModuleManager: Shutting down and abandoning module HTML5PlatformEditor (514)
[2018.10.17-14.41.55:501][958]LogModuleManager: Shutting down and abandoning module AndroidPlatformEditor (512)
[2018.10.17-14.41.55:501][958]LogModuleManager: Shutting down and abandoning module AndroidDeviceDetection (511)
[2018.10.17-14.41.55:650][958]LogModuleManager: Shutting down and abandoning module WindowsPlatformEditor (508)
[2018.10.17-14.41.55:650][958]LogModuleManager: Shutting down and abandoning module LuminRuntimeSettings (506)
[2018.10.17-14.41.55:650][958]LogModuleManager: Shutting down and abandoning module IOSRuntimeSettings (504)
[2018.10.17-14.41.55:650][958]LogModuleManager: Shutting down and abandoning module AndroidRuntimeSettings (502)
[2018.10.17-14.41.55:650][958]LogModuleManager: Shutting down and abandoning module InputBindingEditor (500)
[2018.10.17-14.41.55:811][958]LogModuleManager: Shutting down and abandoning module MergeActors (498)
[2018.10.17-14.41.55:891][958]LogModuleManager: Shutting down and abandoning module LocalizationDashboard (496)
[2018.10.17-14.41.55:990][958]LogModuleManager: Shutting down and abandoning module LocalizationService (495)
[2018.10.17-14.41.55:999][958]LogModuleManager: Shutting down and abandoning module HardwareTargeting (492)
[2018.10.17-14.41.55:999][958]LogModuleManager: Shutting down and abandoning module DeviceProfileEditor (490)
[2018.10.17-14.41.55:999][958]LogModuleManager: Shutting down and abandoning module UndoHistory (488)
[2018.10.17-14.41.56:015][958]LogModuleManager: Shutting down and abandoning module XmlParser (486)
[2018.10.17-14.41.56:015][958]LogModuleManager: Shutting down and abandoning module Blutility (484)
[2018.10.17-14.41.56:028][958]LogModuleManager: Shutting down and abandoning module ProjectSettingsViewer (482)
[2018.10.17-14.41.56:029][958]LogModuleManager: Shutting down and abandoning module ProjectTargetPlatformEditor (481)
[2018.10.17-14.41.56:029][958]LogModuleManager: Shutting down and abandoning module EditorSettingsViewer (478)
[2018.10.17-14.41.56:029][958]LogModuleManager: Shutting down and abandoning module SettingsEditor (476)
[2018.10.17-14.41.56:084][958]LogModuleManager: Shutting down and abandoning module ProjectLauncher (474)
[2018.10.17-14.41.56:116][958]LogModuleManager: Shutting down and abandoning module SessionFrontend (472)
[2018.10.17-14.41.56:141][958]LogModuleManager: Shutting down and abandoning module ProfilerClient (470)
[2018.10.17-14.41.56:175][958]LogModuleManager: Shutting down and abandoning module DeviceManager (468)
[2018.10.17-14.41.56:212][958]LogModuleManager: Shutting down and abandoning module TargetDeviceServices (467)
[2018.10.17-14.41.56:278][958]LogModuleManager: Shutting down and abandoning module AutomationController (464)
[2018.10.17-14.41.56:414][958]LogModuleManager: Shutting down and abandoning module AutomationWindow (462)
[2018.10.17-14.41.56:441][958]LogModuleManager: Shutting down and abandoning module Layers (460)
[2018.10.17-14.41.56:483][958]LogModuleManager: Shutting down and abandoning module ComponentVisualizers (458)
[2018.10.17-14.41.56:483][958]LogModuleManager: Shutting down and abandoning module DetailCustomizations (456)
[2018.10.17-14.41.56:512][958]LogModuleManager: Shutting down and abandoning module PackagesDialog (454)
[2018.10.17-14.41.56:512][958]LogModuleManager: Shutting down and abandoning module Persona (452)
[2018.10.17-14.41.56:641][958]LogModuleManager: Shutting down and abandoning module AdvancedPreviewScene (451)
[2018.10.17-14.41.56:641][958]LogModuleManager: Shutting down and abandoning module AnimGraph (449)
[2018.10.17-14.41.56:684][958]LogModuleManager: Shutting down and abandoning module Kismet (446)
[2018.10.17-14.41.56:721][958]LogModuleManager: Shutting down and abandoning module GraphEditor (444)
[2018.10.17-14.41.56:722][958]LogModuleManager: Shutting down and abandoning module ClassViewer (442)
[2018.10.17-14.41.56:724][958]LogModuleManager: Shutting down and abandoning module Toolbox (440)
[2018.10.17-14.41.56:724][958]LogModuleManager: Shutting down and abandoning module DesktopPlatform (439)
[2018.10.17-14.41.56:764][958]LogModuleManager: Shutting down and abandoning module ModuleUI (436)
[2018.10.17-14.41.56:774][958]LogModuleManager: Shutting down and abandoning module MovieSceneTools (434)
[2018.10.17-14.41.56:815][958]LogModuleManager: Shutting down and abandoning module OutputLog (432)
[2018.10.17-14.41.56:815][958]LogModuleManager: Shutting down and abandoning module GammaUI (430)
[2018.10.17-14.41.56:834][958]LogModuleManager: Shutting down and abandoning module Documentation (428)
[2018.10.17-14.41.56:834][958]LogModuleManager: Shutting down and abandoning module MovieSceneTracks (426)
[2018.10.17-14.41.56:835][958]LogModuleManager: Shutting down and abandoning module MovieScene (424)
[2018.10.17-14.41.56:860][958]LogModuleManager: Shutting down and abandoning module StreamingPauseRendering (422)
[2018.10.17-14.41.56:918][958]LogModuleManager: Shutting down and abandoning module LauncherPlatform (420)
[2018.10.17-14.41.56:918][958]LogModuleManager: Shutting down and abandoning module AnalyticsET (418)
[2018.10.17-14.41.56:918][958]LogModuleManager: Shutting down and abandoning module PortalServices (416)
[2018.10.17-14.41.56:919][958]LogModuleManager: Shutting down and abandoning module PortalRpc (414)
[2018.10.17-14.41.56:919][958]LogModuleManager: Shutting down and abandoning module MessagingRpc (412)
[2018.10.17-14.41.56:919][958]LogModuleManager: Shutting down and abandoning module AIModule (410)
[2018.10.17-14.41.57:030][958]LogModuleManager: Shutting down and abandoning module GameplayDebugger (409)
[2018.10.17-14.41.57:084][958]LogModuleManager: Shutting down and abandoning module AITestSuite (407)
[2018.10.17-14.41.57:100][958]LogModuleManager: Shutting down and abandoning module NavigationSystem (405)
[2018.10.17-14.41.57:100][958]LogModuleManager: Shutting down and abandoning module ProfilerService (402)
[2018.10.17-14.41.57:199][958]LogModuleManager: Shutting down and abandoning module TaskGraph (400)
[2018.10.17-14.41.57:248][958]LogModuleManager: Shutting down and abandoning module SteamVRController (398)
[2018.10.17-14.41.57:248][958]LogModuleManager: Shutting down and abandoning module ProceduralMeshComponentEditor (396)
[2018.10.17-14.41.57:248][958]LogModuleManager: Shutting down and abandoning module ProceduralMeshComponent (394)
[2018.10.17-14.41.57:269][958]LogModuleManager: Shutting down and abandoning module OculusInput (392)
[2018.10.17-14.41.57:269][958]LogModuleManager: Shutting down and abandoning module MobilePatchingUtils (390)
[2018.10.17-14.41.57:269][958]LogModuleManager: Shutting down and abandoning module EditableMesh (388)
[2018.10.17-14.41.57:309][958]LogModuleManager: Shutting down and abandoning module CustomMeshComponent (386)
[2018.10.17-14.41.57:309][958]LogModuleManager: Shutting down and abandoning module CableComponent (384)
[2018.10.17-14.41.57:309][958]LogModuleManager: Shutting down and abandoning module AudioCapture (382)
[2018.10.17-14.41.57:309][958]LogModuleManager: Shutting down and abandoning module ArchVisCharacter (380)
[2018.10.17-14.41.57:309][958]LogModuleManager: Shutting down and abandoning module AndroidPermission (378)
[2018.10.17-14.41.57:309][958]LogModuleManager: Shutting down and abandoning module NUTUnrealEngine4 (376)
[2018.10.17-14.41.57:309][958]LogModuleManager: Shutting down and abandoning module NetcodeUnitTest (374)
[2018.10.17-14.41.57:487][958]LogModuleManager: Shutting down and abandoning module MediaCompositingEditor (372)
[2018.10.17-14.41.57:487][958]LogModuleManager: Shutting down and abandoning module MediaCompositing (370)
[2018.10.17-14.41.57:487][958]LogModuleManager: Shutting down and abandoning module LinearTimecode (368)
[2018.10.17-14.41.57:487][958]LogModuleManager: Shutting down and abandoning module ImgMedia (366)
[2018.10.17-14.41.57:508][958]LogModuleManager: Shutting down and abandoning module HTML5Networking (364)
[2018.10.17-14.41.57:508][958]LogModuleManager: Shutting down and abandoning module GeometryCacheTracks (362)
[2018.10.17-14.41.57:508][958]LogModuleManager: Shutting down and abandoning module GeometryCacheSequencer (360)
[2018.10.17-14.41.57:508][958]LogModuleManager: Shutting down and abandoning module BackChannel (358)
[2018.10.17-14.41.57:563][958]LogModuleManager: Shutting down and abandoning module AppleVision (356)
[2018.10.17-14.41.57:564][958]LogModuleManager: Shutting down and abandoning module AppleImageUtils (354)
[2018.10.17-14.41.57:564][958]LogModuleManager: Shutting down and abandoning module AlembicImporter (352)
[2018.10.17-14.41.57:564][958]LogModuleManager: Shutting down and abandoning module AlembicLibrary (351)
[2018.10.17-14.41.57:564][958]LogModuleManager: Shutting down and abandoning module GeometryCache (350)
[2018.10.17-14.41.57:564][958]LogModuleManager: Shutting down and abandoning module GeometryCacheEd (349)
[2018.10.17-14.41.57:564][958]LogModuleManager: Shutting down and abandoning module DatasmithContentEditor (344)
[2018.10.17-14.41.57:587][958]LogModuleManager: Shutting down and abandoning module DatasmithContent (342)
[2018.10.17-14.41.57:589][958]LogModuleManager: Shutting down and abandoning module SpeedTreeImporter (340)
[2018.10.17-14.41.57:589][958]LogModuleManager: Shutting down and abandoning module PluginBrowser (338)
[2018.10.17-14.41.57:650][958]LogModuleManager: Shutting down and abandoning module MobileLauncherProfileWizard (336)
[2018.10.17-14.41.57:671][958]LogModuleManager: Shutting down and abandoning module PolygonModeling (334)
[2018.10.17-14.41.57:671][958]LogModuleManager: Shutting down and abandoning module MeshEditor (332)
[2018.10.17-14.41.57:696][958]LogModuleManager: Shutting down and abandoning module CryptoKeysOpenSSL (330)
[2018.10.17-14.41.57:709][958]LogModuleManager: Shutting down and abandoning module CryptoKeys (328)
[2018.10.17-14.41.57:709][958]LogModuleManager: Shutting down and abandoning module VisualStudioSourceCodeAccess (326)
[2018.10.17-14.41.57:709][958]LogModuleManager: Shutting down and abandoning module VisualStudioCodeSourceCodeAccess (324)
[2018.10.17-14.41.57:709][958]LogModuleManager: Shutting down and abandoning module UObjectPlugin (322)
[2018.10.17-14.41.57:709][958]LogModuleManager: Shutting down and abandoning module SubversionSourceControl (320)
[2018.10.17-14.41.57:738][958]LogModuleManager: Shutting down and abandoning module PerforceSourceControl (318)
[2018.10.17-14.41.57:838][958]LogModuleManager: Shutting down and abandoning module GitSourceControl (316)
[2018.10.17-14.41.57:883][958]LogModuleManager: Shutting down and abandoning module SourceControl (315)
[2018.10.17-14.41.57:930][958]LogModuleManager: Shutting down and abandoning module CLionSourceCodeAccess (312)
[2018.10.17-14.41.57:930][958]LogModuleManager: Shutting down and abandoning module LightPropagationVolumeEditor (310)
[2018.10.17-14.41.57:930][958]LogModuleManager: Shutting down and abandoning module PaperTiledImporter (308)
[2018.10.17-14.41.57:931][958]LogModuleManager: Shutting down and abandoning module PaperSpriteSheetImporter (306)
[2018.10.17-14.41.57:931][958]LogModuleManager: Shutting down and abandoning module Paper2DEditor (304)
[2018.10.17-14.41.57:965][958]LogModuleManager: Shutting down and abandoning module MeshPaint (303)
[2018.10.17-14.41.58:012][958]LogModuleManager: Shutting down and abandoning module RuntimePhysXCooking (298)
[2018.10.17-14.41.58:012][958]LogModuleManager: Shutting down and abandoning module PhysXVehiclesEditor (296)
[2018.10.17-14.41.58:013][958]LogModuleManager: Shutting down and abandoning module PhysXVehicles (294)
[2018.10.17-14.41.58:013][958]LogModuleManager: Shutting down and abandoning module OculusEditor (292)
[2018.10.17-14.41.58:041][958]LogModuleManager: Shutting down and abandoning module LocationServicesBPLibrary (290)
[2018.10.17-14.41.58:041][958]LogModuleManager: Shutting down and abandoning module ImmediatePhysicsEditor (288)
[2018.10.17-14.41.58:041][958]LogModuleManager: Shutting down and abandoning module ImmediatePhysics (286)
[2018.10.17-14.41.58:072][958]LogModuleManager: Shutting down and abandoning module ActorSequence (284)
[2018.10.17-14.41.58:072][958]LogModuleManager: Shutting down and abandoning module UdpMessaging (282)
[2018.10.17-14.41.58:173][958]LogModuleManager: Shutting down and abandoning module TcpMessaging (280)
[2018.10.17-14.41.58:298][958]LogModuleManager: Shutting down and abandoning module MagicLeapAudio (278)
[2018.10.17-14.41.58:298][958]LogModuleManager: Shutting down and abandoning module GameplayTagsEditor (276)
[2018.10.17-14.41.58:312][958]LogModuleManager: Shutting down and abandoning module FacialAnimationEditor (274)
[2018.10.17-14.41.58:312][958]LogModuleManager: Shutting down and abandoning module FacialAnimation (272)
[2018.10.17-14.41.58:312][958]LogModuleManager: Shutting down and abandoning module DataValidation (270)
[2018.10.17-14.41.58:312][958]LogModuleManager: Shutting down and abandoning module AssetManagerEditor (268)
[2018.10.17-14.41.58:433][958]LogModuleManager: Shutting down and abandoning module LevelEditor (267)
[2018.10.17-14.41.58:505][958]LogModuleManager: Shutting down and abandoning module PixelInspectorModule (266)
[2018.10.17-14.41.58:534][958]LogModuleManager: Shutting down and abandoning module CommonMenuExtensions (264)
[2018.10.17-14.41.58:534][958]LogModuleManager: Shutting down and abandoning module MainFrame (262)
[2018.10.17-14.41.58:562][958]LogModuleManager: Shutting down and abandoning module HotReload (261)
[2018.10.17-14.41.58:563][958]LogModuleManager: Shutting down and abandoning module ContentBrowser (257)
[2018.10.17-14.41.58:567][958]LogModuleManager: Shutting down and abandoning module TreeMap (255)
[2018.10.17-14.41.58:582][958]LogModuleManager: Shutting down and abandoning module LightPropagationVolumeRuntime (252)
[2018.10.17-14.41.58:583][958]LogModuleManager: Shutting down and abandoning module AISupportModule (250)
[2018.10.17-14.41.58:583][958]LogModuleManager: Shutting down and abandoning module Paper2D (248)
[2018.10.17-14.41.58:598][958]LogModuleManager: Shutting down and abandoning module WindowsMoviePlayer (246)
[2018.10.17-14.41.58:633][958]LogModuleManager: Shutting down and abandoning module WmfMedia (244)
[2018.10.17-14.41.58:695][958]LogModuleManager: Shutting down and abandoning module Media (243)
[2018.10.17-14.41.58:702][958]LogModuleManager: Shutting down and abandoning module PacketHandler (240)
[2018.10.17-14.41.58:702][958]LogModuleManager: Shutting down and abandoning module ClothingSystemEditor (238)
[2018.10.17-14.41.58:703][958]LogModuleManager: Shutting down and abandoning module ClothingSystemRuntime (236)
[2018.10.17-14.41.58:746][958]LogModuleManager: Shutting down and abandoning module MediaAssets (234)
[2018.10.17-14.41.58:746][958]LogModuleManager: Shutting down and abandoning module Overlay (232)
[2018.10.17-14.41.58:746][958]LogModuleManager: Shutting down and abandoning module OverlayEditor (231)
[2018.10.17-14.41.58:746][958]LogModuleManager: Shutting down and abandoning module VREditor (228)
[2018.10.17-14.41.58:778][958]LogModuleManager: Shutting down and abandoning module StringTableEditor (226)
[2018.10.17-14.41.58:796][958]LogModuleManager: Shutting down and abandoning module GameplayTasksEditor (224)
[2018.10.17-14.41.58:796][958]LogModuleManager: Shutting down and abandoning module BehaviorTreeEditor (222)
[2018.10.17-14.41.58:912][958]LogModuleManager: Shutting down and abandoning module FunctionalTesting (220)
[2018.10.17-14.41.58:961][958]LogModuleManager: Shutting down and abandoning module CollisionAnalyzer (218)
[2018.10.17-14.41.58:999][958]LogModuleManager: Shutting down and abandoning module WorkspaceMenuStructure (217)
[2018.10.17-14.41.58:999][958]LogModuleManager: Shutting down and abandoning module UMG (214)
[2018.10.17-14.41.59:030][958]LogModuleManager: Shutting down and abandoning module UMGEditor (213)
[2018.10.17-14.41.59:063][958]LogModuleManager: Shutting down and abandoning module Sequencer (212)
[2018.10.17-14.41.59:259][958]LogModuleManager: Shutting down and abandoning module MessageLog (209)
[2018.10.17-14.41.59:259][958]LogModuleManager: Shutting down and abandoning module SlateReflector (204)
[2018.10.17-14.41.59:358][958]LogModuleManager: Shutting down and abandoning module Slate (202)
[2018.10.17-14.41.59:358][958]LogModuleManager: Shutting down and abandoning module EditorStyle (200)
[2018.10.17-14.41.59:359][958]LogModuleManager: Shutting down and abandoning module MRMesh (198)
[2018.10.17-14.41.59:400][958]LogModuleManager: Shutting down and abandoning module SourceCodeAccess (196)
[2018.10.17-14.41.59:400][958]LogModuleManager: Shutting down and abandoning module HeadMountedDisplay (194)
[2018.10.17-14.41.59:400][958]LogModuleManager: Shutting down and abandoning module XAudio2 (192)
[2018.10.17-14.41.59:400][958]LogModuleManager: Shutting down and abandoning module Networking (190)
[2018.10.17-14.41.59:400][958]LogModuleManager: Shutting down and abandoning module Core (188)
[2018.10.17-14.41.59:400][958]LogModuleManager: Shutting down and abandoning module LevelSequence (186)
[2018.10.17-14.41.59:400][958]LogModuleManager: Shutting down and abandoning module KismetCompiler (184)
[2018.10.17-14.41.59:400][958]LogModuleManager: Shutting down and abandoning module MeshUtilities (182)
[2018.10.17-14.41.59:469][958]LogModuleManager: Shutting down and abandoning module MeshMergeUtilities (181)
[2018.10.17-14.41.59:482][958]LogModuleManager: Shutting down and abandoning module MeshReductionInterface (180)
[2018.10.17-14.41.59:482][958]LogModuleManager: Shutting down and abandoning module SimplygonSwarm (179)
[2018.10.17-14.41.59:525][958]LogModuleManager: Shutting down and abandoning module ProxyLODMeshReduction (177)
[2018.10.17-14.41.59:703][958]LogModuleManager: Shutting down and abandoning module SimplygonMeshReduction (175)
[2018.10.17-14.41.59:703][958]LogModuleManager: Shutting down and abandoning module QuadricMeshReduction (173)
[2018.10.17-14.41.59:802][958]LogModuleManager: Shutting down and abandoning module MaterialBaking (169)
[2018.10.17-14.41.59:809][958]LogModuleManager: Shutting down and abandoning module DirectoryWatcher (165)
[2018.10.17-14.41.59:809][958]LogModuleManager: Shutting down and abandoning module DerivedDataCache (162)
[2018.10.17-14.41.59:840][958]LogDerivedDataCache: Shutdown
[2018.10.17-14.41.59:840][958]LogModuleManager: Shutting down and abandoning module XGEController (160)
[2018.10.17-14.41.59:840][958]LogXGEController: Cleaning working directory: C:/Users/Grizz/AppData/Local/Temp/UnrealXGEWorkingDir/
[2018.10.17-14.41.59:881][958]LogModuleManager: Shutting down and abandoning module TargetPlatform (158)
[2018.10.17-14.41.59:882][958]LogModuleManager: Shutting down and abandoning module VulkanShaderFormat (157)
[2018.10.17-14.41.59:895][958]LogModuleManager: Shutting down and abandoning module ShaderFormatVectorVM (155)
[2018.10.17-14.41.59:933][958]LogModuleManager: Shutting down and abandoning module ShaderFormatOpenGL (153)
[2018.10.17-14.41.59:938][958]LogModuleManager: Shutting down and abandoning module ShaderFormatD3D (151)
[2018.10.17-14.41.59:938][958]LogModuleManager: Shutting down and abandoning module MetalShaderFormat (149)
[2018.10.17-14.41.59:972][958]LogModuleManager: Shutting down and abandoning module TextureFormatUncompressed (147)
[2018.10.17-14.41.59:972][958]LogModuleManager: Shutting down and abandoning module TextureFormatPVR (145)
[2018.10.17-14.41.59:972][958]LogModuleManager: Shutting down and abandoning module TextureFormatDXT (143)
[2018.10.17-14.42.00:008][958]LogModuleManager: Shutting down and abandoning module TextureFormatIntelISPCTexComp (141)
[2018.10.17-14.42.00:018][958]LogModuleManager: Shutting down and abandoning module TextureFormatASTC (139)
[2018.10.17-14.42.00:018][958]LogModuleManager: Shutting down and abandoning module ImageWrapper (138)
[2018.10.17-14.42.00:018][958]LogModuleManager: Shutting down and abandoning module TextureFormatAndroid (135)
[2018.10.17-14.42.00:018][958]LogModuleManager: Shutting down and abandoning module AudioFormatOpus (133)
[2018.10.17-14.42.00:018][958]LogModuleManager: Shutting down and abandoning module AudioFormatOgg (131)
[2018.10.17-14.42.00:018][958]LogModuleManager: Shutting down and abandoning module AudioFormatADPCM (129)
[2018.10.17-14.42.00:018][958]LogModuleManager: Shutting down and abandoning module LuminTargetPlatform (127)
[2018.10.17-14.42.00:018][958]LogModuleManager: Shutting down and abandoning module LinuxTargetPlatform (125)
[2018.10.17-14.42.00:018][958]LogModuleManager: Shutting down and abandoning module LinuxServerTargetPlatform (123)
[2018.10.17-14.42.00:018][958]LogModuleManager: Shutting down and abandoning module LinuxNoEditorTargetPlatform (121)
[2018.10.17-14.42.00:043][958]LogModuleManager: Shutting down and abandoning module LinuxClientTargetPlatform (119)
[2018.10.17-14.42.00:050][958]LogModuleManager: Shutting down and abandoning module TVOSTargetPlatform (117)
[2018.10.17-14.42.00:051][958]LogModuleManager: Shutting down and abandoning module Messaging (115)
[2018.10.17-14.42.00:051][958]LogModuleManager: Shutting down and abandoning module IOSTargetPlatform (113)
[2018.10.17-14.42.00:052][958]LogModuleManager: Shutting down and abandoning module HTML5TargetPlatform (111)
[2018.10.17-14.42.00:052][958]LogModuleManager: Shutting down and abandoning module AndroidTargetPlatform (109)
[2018.10.17-14.42.00:093][958]LogModuleManager: Shutting down and abandoning module WindowsTargetPlatform (107)
[2018.10.17-14.42.00:093][958]LogModuleManager: Shutting down and abandoning module WindowsServerTargetPlatform (105)
[2018.10.17-14.42.00:093][958]LogModuleManager: Shutting down and abandoning module WindowsNoEditorTargetPlatform (103)
[2018.10.17-14.42.00:093][958]LogModuleManager: Shutting down and abandoning module WindowsClientTargetPlatform (101)
[2018.10.17-14.42.00:093][958]LogModuleManager: Shutting down and abandoning module MacTargetPlatform (99)
[2018.10.17-14.42.00:093][958]LogModuleManager: Shutting down and abandoning module MacServerTargetPlatform (97)
[2018.10.17-14.42.00:093][958]LogModuleManager: Shutting down and abandoning module MacNoEditorTargetPlatform (95)
[2018.10.17-14.42.00:093][958]LogModuleManager: Shutting down and abandoning module MacClientTargetPlatform (93)
[2018.10.17-14.42.00:093][958]LogModuleManager: Shutting down and abandoning module AllDesktopTargetPlatform (91)
[2018.10.17-14.42.00:093][958]LogModuleManager: Shutting down and abandoning module InputCore (88)
[2018.10.17-14.42.00:093][958]LogModuleManager: Shutting down and abandoning module Settings (86)
[2018.10.17-14.42.00:094][958]LogModuleManager: Shutting down and abandoning module PhysXCooking (84)
[2018.10.17-14.42.00:094][958]LogModuleManager: Shutting down and abandoning module SteamVR (82)
[2018.10.17-14.42.00:094][958]LogModuleManager: Shutting down and abandoning module OculusHMD (80)
[2018.10.17-14.42.00:116][958]LogModuleManager: Shutting down and abandoning module ExampleDeviceProfileSelector (78)
[2018.10.17-14.42.00:116][958]LogModuleManager: Shutting down and abandoning module LauncherChunkInstaller (76)
[2018.10.17-14.42.00:116][958]LogModuleManager: Shutting down and abandoning module OnlineBlueprintSupport (74)
[2018.10.17-14.42.00:116][958]LogModuleManager: Shutting down and abandoning module OnlineSubsystem (70)
[2018.10.17-14.42.00:157][958]LogModuleManager: Shutting down and abandoning module XMPP (65)
[2018.10.17-14.42.00:193][958]LogModuleManager: Shutting down and abandoning module WebSockets (64)
[2018.10.17-14.42.00:304][958]LogModuleManager: Shutting down and abandoning module HTTP (61)
[2018.10.17-14.42.00:320][958]LogHttp: Display: Http module shutting down, but needs to wait on 1 outstanding Http requests:
[2018.10.17-14.42.00:320][958]LogHttp: Display: 	verb=[POST] url=[https://datarouter.ol.epicgames.com/datarouter/api/v1/public/data?SessionID=%7B78143874-4BB1-E60B-0CD3-B7AA7804C43A%7D&AppID=UEEditor.Rocket.Release&AppVersion=4.20.3-4369336%2B%2B%2BUE4%2BRelease-4.20&UserID=99f1fef04ee08b5c0286e1bff4a3a914%7C376366b50c2344869c8cfe76ddc4be9a%7Cb69d4af5-f56e-4f70-9ec4-ba256a657e02&AppEnvironment=datacollector-binary&UploadType=eteventstream] status=Processing
[2018.10.17-14.42.00:327][958]LogModuleManager: Shutting down and abandoning module SSL (60)
[2018.10.17-14.42.00:362][958]LogModuleManager: Shutting down and abandoning module MagicLeapEmulator (56)
[2018.10.17-14.42.00:362][958]LogModuleManager: Shutting down and abandoning module MagicLeapPrivileges (54)
[2018.10.17-14.42.00:362][958]LogModuleManager: Shutting down and abandoning module MagicLeapIdentity (52)
[2018.10.17-14.42.00:362][958]LogModuleManager: Shutting down and abandoning module MagicLeapHelperVulkan (50)
[2018.10.17-14.42.00:362][958]LogModuleManager: Shutting down and abandoning module MagicLeapHelperOpenGL (48)
[2018.10.17-14.42.00:362][958]LogModuleManager: Shutting down and abandoning module MagicLeapSecureStorage (46)
[2018.10.17-14.42.00:362][958]LogModuleManager: Shutting down and abandoning module MagicLeapGestures (44)
[2018.10.17-14.42.00:362][958]LogModuleManager: Shutting down and abandoning module MagicLeapEyeTracker (42)
[2018.10.17-14.42.00:362][958]LogModuleManager: Shutting down and abandoning module MagicLeapController (40)
[2018.10.17-14.42.00:362][958]LogSlate: Slate User Destroyed.  User Index 0, Is Virtual User: 0
[2018.10.17-14.42.00:362][958]LogModuleManager: Shutting down and abandoning module MagicLeap (38)
[2018.10.17-14.42.00:362][958]LogModuleManager: Shutting down and abandoning module AnimationModifiers (36)
[2018.10.17-14.42.00:497][958]LogModuleManager: Shutting down and abandoning module PropertyEditor (35)
[2018.10.17-14.42.00:497][958]LogModuleManager: Shutting down and abandoning module AudioEditor (32)
[2018.10.17-14.42.00:704][958]LogModuleManager: Shutting down and abandoning module TextureCompressor (30)
[2018.10.17-14.42.00:825][958]LogModuleManager: Shutting down and abandoning module ShaderCore (28)
[2018.10.17-14.42.00:826][958]LogModuleManager: Shutting down and abandoning module Landscape (26)
[2018.10.17-14.42.00:826][958]LogModuleManager: Shutting down and abandoning module SlateRHIRenderer (24)
[2018.10.17-14.42.00:863][958]LogModuleManager: Shutting down and abandoning module OpenGLDrv (22)
[2018.10.17-14.42.00:891][958]LogModuleManager: Shutting down and abandoning module D3D11RHI (20)
[2018.10.17-14.42.00:891][958]LogModuleManager: Shutting down and abandoning module AnimGraphRuntime (18)
[2018.10.17-14.42.00:901][958]LogModuleManager: Shutting down and abandoning module Renderer (16)
[2018.10.17-14.42.00:901][958]LogModuleManager: Shutting down and abandoning module Engine (14)
[2018.10.17-14.42.00:901][958]LogModuleManager: Shutting down and abandoning module CoreUObject (12)
[2018.10.17-14.42.00:901][958]LogModuleManager: Shutting down and abandoning module NetworkFile (10)
[2018.10.17-14.42.00:927][958]LogModuleManager: Shutting down and abandoning module CookedIterativeFile (8)
[2018.10.17-14.42.00:927][958]LogModuleManager: Shutting down and abandoning module StreamingFile (6)
[2018.10.17-14.42.00:932][958]LogModuleManager: Shutting down and abandoning module SandboxFile (4)
[2018.10.17-14.42.00:932][958]LogModuleManager: Shutting down and abandoning module PakFile (2)
[2018.10.17-14.42.00:995][958]LogExit: Exiting.
[2018.10.17-14.42.01:030][958]Log file closed, 10/17/18 15:42:01
