Log file open, 11/21/18 19:45:58
LogWindows: Failed to load 'aqProf.dll' (GetLastError=126)
LogWindows: File 'aqProf.dll' does not exist
LogWindows: Failed to load 'VSPerf140.dll' (GetLastError=126)
LogWindows: File 'VSPerf140.dll' does not exist
LogWindows: Failed to load 'VtuneApi.dll' (GetLastError=126)
LogWindows: File 'VtuneApi.dll' does not exist
LogWindows: Failed to load 'VtuneApi32e.dll' (GetLastError=126)
LogWindows: File 'VtuneApi32e.dll' does not exist
LogInit: Display: Running engine for game: ProcGenCity
LogPlatformFile: Not using cached read wrapper
LogTaskGraph: Started task graph with 5 named threads and 23 total threads with 3 sets of task threads.
LogStats: Stats thread started at 0.326046
LogD3D11RHI: Loaded GFSDK_Aftermath_Lib.x64.dll
LogICUInternationalization: Display: ICU TimeZone Detection - Raw Offset: +0:00, Platform Override: ''
LogPluginManager: Mounting plugin Paper2D
LogPluginManager: Mounting plugin AISupport
LogPluginManager: Mounting plugin LightPropagationVolume
LogPluginManager: Mounting plugin CLionSourceCodeAccess
LogPluginManager: Mounting plugin CodeLiteSourceCodeAccess
LogPluginManager: Mounting plugin GitSourceControl
LogPluginManager: Mounting plugin KDevelopSourceCodeAccess
LogPluginManager: Mounting plugin NullSourceCodeAccess
LogPluginManager: Mounting plugin PerforceSourceControl
LogPluginManager: Mounting plugin SubversionSourceControl
LogPluginManager: Mounting plugin UObjectPlugin
LogPluginManager: Mounting plugin VisualStudioCodeSourceCodeAccess
LogPluginManager: Mounting plugin VisualStudioSourceCodeAccess
LogPluginManager: Mounting plugin XCodeSourceCodeAccess
LogPluginManager: Mounting plugin AssetManagerEditor
LogPluginManager: Mounting plugin CryptoKeys
LogPluginManager: Mounting plugin DataValidation
LogPluginManager: Mounting plugin FacialAnimation
LogPluginManager: Mounting plugin GameplayTagsEditor
LogPluginManager: Mounting plugin MacGraphicsSwitching
LogPluginManager: Mounting plugin MeshEditor
LogPluginManager: Mounting plugin MobileLauncherProfileWizard
LogPluginManager: Mounting plugin PluginBrowser
LogPluginManager: Mounting plugin SpeedTreeImporter
LogPluginManager: Mounting plugin DatasmithContent
LogPluginManager: Mounting plugin AlembicImporter
LogPluginManager: Mounting plugin AppleImageUtils
LogPluginManager: Mounting plugin AppleVision
LogPluginManager: Mounting plugin BackChannel
LogPluginManager: Mounting plugin CharacterAI
LogPluginManager: Mounting plugin GeometryCache
LogPluginManager: Mounting plugin HTML5Networking
LogPluginManager: Mounting plugin ProxyLODPlugin
LogPluginManager: Mounting plugin MagicLeap
LogPluginManager: Mounting plugin MagicLeapEmulator
LogPluginManager: Mounting plugin MagicLeapMedia
LogPluginManager: Mounting plugin AndroidMedia
LogPluginManager: Mounting plugin AvfMedia
LogPluginManager: Mounting plugin ImgMedia
LogPluginManager: Mounting plugin LinearTimecode
LogPluginManager: Mounting plugin MediaCompositing
LogPluginManager: Mounting plugin MediaPlayerEditor
LogPluginManager: Mounting plugin WmfMedia
LogPluginManager: Mounting plugin TcpMessaging
LogPluginManager: Mounting plugin UdpMessaging
LogPluginManager: Mounting plugin ActorSequence
LogPluginManager: Mounting plugin LevelSequenceEditor
LogPluginManager: Mounting plugin MatineeToLevelSequence
LogPluginManager: Mounting plugin NetcodeUnitTest
LogPluginManager: Mounting plugin NUTUnrealEngine4
LogPluginManager: Mounting plugin OnlineSubsystemGooglePlay
LogPluginManager: Mounting plugin OnlineSubsystemIOS
LogPluginManager: Mounting plugin OnlineSubsystem
LogPluginManager: Mounting plugin OnlineSubsystemNull
LogPluginManager: Mounting plugin OnlineSubsystemUtils
LogPluginManager: Mounting plugin LauncherChunkInstaller
LogPluginManager: Mounting plugin AndroidDeviceProfileSelector
LogPluginManager: Mounting plugin AndroidMoviePlayer
LogPluginManager: Mounting plugin AndroidPermission
LogPluginManager: Mounting plugin AppleMoviePlayer
LogPluginManager: Mounting plugin ArchVisCharacter
LogPluginManager: Mounting plugin AudioCapture
LogPluginManager: Mounting plugin CableComponent
LogPluginManager: Mounting plugin CustomMeshComponent
LogPluginManager: Mounting plugin EditableMesh
LogPluginManager: Mounting plugin ExampleDeviceProfileSelector
LogPluginManager: Mounting plugin GoogleCloudMessaging
LogPluginManager: Mounting plugin ImmediatePhysics
LogPluginManager: Mounting plugin IOSDeviceProfileSelector
LogPluginManager: Mounting plugin LinuxDeviceProfileSelector
LogPluginManager: Mounting plugin LocationServicesBPLibrary
LogPluginManager: Mounting plugin MobilePatchingUtils
LogPluginManager: Mounting plugin OculusVR
LogPluginManager: Plugin shader directory ../../../Engine/Plugins/Runtime/Oculus/OculusVR/Shaders found
LogPluginManager: Mapping shader source directory ../../../Engine/Plugins/Runtime/Oculus/OculusVR/Shaders to virtual directory /Plugin/OculusVR
LogPluginManager: Mounting plugin PhysXVehicles
LogPluginManager: Mounting plugin ProceduralMeshComponent
LogPluginManager: Mounting plugin RuntimePhysXCooking
LogPluginManager: Mounting plugin SteamVR
LogPluginManager: Mounting plugin WindowsMoviePlayer
LogStreaming: Display: Took  0.496s to configure plugins.
LogInit: Using libcurl 7.55.1-DEV
LogInit:  - built for x86_64-pc-win32
LogInit:  - supports SSL with OpenSSL/1.0.2h
LogInit:  - supports HTTP deflate (compression) using libz 1.2.8
LogInit:  - other features:
LogInit:      CURL_VERSION_SSL
LogInit:      CURL_VERSION_LIBZ
LogInit:      CURL_VERSION_IPV6
LogInit:      CURL_VERSION_ASYNCHDNS
LogInit:      CURL_VERSION_LARGEFILE
LogInit:      CURL_VERSION_IDN
LogInit:  CurlRequestOptions (configurable via config and command line):
LogInit:  - bVerifyPeer = false  - Libcurl will NOT verify peer certificate
LogInit:  - bUseHttpProxy = false  - Libcurl will NOT use HTTP proxy
LogInit:  - bDontReuseConnections = false  - Libcurl will reuse connections
LogInit:  - CertBundlePath = nullptr  - Libcurl will use whatever was configured at build time.
LogInit:  - MaxHostConnections = 16  - Libcurl will limit the number of connections to a host
LogInit:  - LocalHostAddr = Default
LogInit:  - BufferSize = 65536
LogInit: WinSock: version 1.1 (2.2), MaxSocks=32767, MaxUdp=65467
LogInit: Build: ++UE4+Release-4.20-CL-4369336
LogInit: Engine Version: 4.20.3-4369336+++UE4+Release-4.20
LogInit: Compatible Engine Version: 4.20.0-4212847+++UE4+Release-4.20
LogInit: Net CL: 4212847
LogInit: OS: Windows 10 (), CPU: Intel(R) Core(TM) i7-8550U CPU @ 1.80GHz, GPU: Intel(R) UHD Graphics 620
LogInit: Compiled (64-bit): Sep 17 2018 12:26:19
LogInit: Compiled with Visual C++: 19.13.26129.00
LogInit: Build Configuration: Development
LogInit: Branch Name: ++UE4+Release-4.20
LogInit: Command Line:  
LogInit: Base Directory: C:/Program Files/Epic Games/UE_4.20/Engine/Binaries/Win64/
LogInit: Installed Engine Build: 1
LogDevObjectVersion: Number of dev versions registered: 20
LogDevObjectVersion:   Dev-Blueprints (B0D832E4-1F89-4F0D-ACCF-7EB736FD4AA2): 10
LogDevObjectVersion:   Dev-Build (E1C64328-A22C-4D53-A36C-8E866417BD8C): 0
LogDevObjectVersion:   Dev-Core (375EC13C-06E4-48FB-B500-84F0262A717E): 2
LogDevObjectVersion:   Dev-Editor (E4B068ED-F494-42E9-A231-DA0B2E46BB41): 24
LogDevObjectVersion:   Dev-Framework (CFFC743F-43B0-4480-9391-14DF171D2073): 34
LogDevObjectVersion:   Dev-Mobile (B02B49B5-BB20-44E9-A304-32B752E40360): 2
LogDevObjectVersion:   Dev-Networking (A4E4105C-59A1-49B5-A7C5-40C4547EDFEE): 0
LogDevObjectVersion:   Dev-Online (39C831C9-5AE6-47DC-9A44-9C173E1C8E7C): 0
LogDevObjectVersion:   Dev-Physics (78F01B33-EBEA-4F98-B9B4-84EACCB95AA2): 0
LogDevObjectVersion:   Dev-Platform (6631380F-2D4D-43E0-8009-CF276956A95A): 0
LogDevObjectVersion:   Dev-Rendering (12F88B9F-8875-4AFC-A67C-D90C383ABD29): 26
LogDevObjectVersion:   Dev-Sequencer (7B5AE74C-D270-4C10-A958-57980B212A5A): 9
LogDevObjectVersion:   Dev-VR (D7296918-1DD6-4BDD-9DE2-64A83CC13884): 2
LogDevObjectVersion:   Dev-LoadTimes (C2A15278-BFE7-4AFE-6C17-90FF531DF755): 1
LogDevObjectVersion:   Private-Geometry (6EACA3D4-40EC-4CC1-B786-8BED09428FC5): 3
LogDevObjectVersion:   Dev-AnimPhys (29E575DD-E0A3-4627-9D10-D276232CDCEA): 17
LogDevObjectVersion:   Dev-ReflectionCapture (6B266CEC-1EC7-4B8F-A30B-E4D90942FC07): 1
LogDevObjectVersion:   Dev-Automation (0DF73D61-A23F-47EA-B727-89E90C41499A): 1
LogDevObjectVersion:   FortniteMain (601D1886-AC64-4F84-AA16-D3DE0DEAC7D6): 12
LogDevObjectVersion:   Dev-Enterprise (9DFFBCD6-494F-0158-E221-12823C92A888): 1
LogStreaming: Display: Took  0.018s to delete old logs.
LogInit: Presizing for max 8388607 objects, including 0 objects not considered by GC, pre-allocating 0 bytes for permanent pool.
LogInit: Object subsystem initialized
[2018.11.21-19.45.59:426][  0]LogInit: Selected Device Profile: [Windows]
[2018.11.21-19.45.59:426][  0]LogInit: Applying CVar settings loaded from the selected device profile: [Windows]
[2018.11.21-19.45.59:451][  0]LogHAL: Display: Platform has ~ 16 GB [17058729984 / 17179869184 / 16], which maps to Larger [LargestMinGB=32, LargerMinGB=12, DefaultMinGB=8, SmallerMinGB=6, SmallestMinGB=0)
[2018.11.21-19.45.59:451][  0]LogInit: Setting Device Profile CVar: [[r.Vulkan.UseRealUBs:1]]
[2018.11.21-19.45.59:451][  0]LogInit: Going up to parent DeviceProfile []
[2018.11.21-19.45.59:452][  0]LogInit: Computer: LAPTOP-TLBN2SQS
[2018.11.21-19.45.59:452][  0]LogInit: User: kevin
[2018.11.21-19.45.59:452][  0]LogInit: CPU Page size=4096, Cores=4
[2018.11.21-19.45.59:452][  0]LogInit: High frequency timer resolution =1.945315 MHz
[2018.11.21-19.45.59:452][  0]LogMemory: Memory total: Physical=15.9GB (16GB approx)
[2018.11.21-19.45.59:452][  0]LogMemory: Platform Memory Stats for Windows
[2018.11.21-19.45.59:452][  0]LogMemory: Process Physical Memory: 99.93 MB used, 99.93 MB peak
[2018.11.21-19.45.59:452][  0]LogMemory: Process Virtual Memory: 90.75 MB used, 90.75 MB peak
[2018.11.21-19.45.59:452][  0]LogMemory: Physical Memory: 7761.60 MB used,  8506.87 MB free, 16268.47 MB total
[2018.11.21-19.45.59:452][  0]LogMemory: Virtual Memory: 4640.04 MB used,  8506.87 MB free, 134217728.00 MB total
[2018.11.21-19.45.59:513][  0]LogInit: Using OS detected language (en-GB).
[2018.11.21-19.45.59:513][  0]LogInit: Using OS detected locale (en-GB).
[2018.11.21-19.45.59:516][  0]LogTextLocalizationManager: No specific localization for 'en-GB' exists, so the 'en' localization will be used.
[2018.11.21-19.46.00:101][  0]LogStreaming: Display: Took  0.588s to InitEngineTextLocalization.
[2018.11.21-19.46.00:101][  0]LogInit: Setting process to per monitor DPI aware
[2018.11.21-19.46.00:154][  0]LogSlate: New Slate User Created.  User Index 0, Is Virtual User: 0
[2018.11.21-19.46.00:154][  0]LogSlate: Slate User Registered.  User Index 0, Is Virtual User: 0
[2018.11.21-19.46.00:742][  0]LogHMD: Failed to initialize OpenVR with code 110
[2018.11.21-19.46.00:742][  0]LogD3D11RHI: D3D11 adapters:
[2018.11.21-19.46.01:837][  0]LogD3D11RHI:    0. 'NVIDIA GeForce MX150' (Feature Level 11_0)
[2018.11.21-19.46.01:837][  0]LogD3D11RHI:       4027/0/8134 MB DedicatedVideo/DedicatedSystem/SharedSystem, Outputs:1, VendorId:0x10de
[2018.11.21-19.46.01:863][  0]LogD3D11RHI:    1. 'Intel(R) UHD Graphics 620' (Feature Level 11_0)
[2018.11.21-19.46.01:863][  0]LogD3D11RHI:       128/0/8134 MB DedicatedVideo/DedicatedSystem/SharedSystem, Outputs:0, VendorId:0x8086
[2018.11.21-19.46.01:866][  0]LogD3D11RHI:    2. 'Microsoft Basic Render Driver' (Feature Level 11_0)
[2018.11.21-19.46.01:866][  0]LogD3D11RHI:       0/0/8134 MB DedicatedVideo/DedicatedSystem/SharedSystem, Outputs:0, VendorId:0x1414
[2018.11.21-19.46.01:866][  0]LogD3D11RHI: Chosen D3D11 Adapter: 0
[2018.11.21-19.46.01:910][  0]LogD3D11RHI: Creating new Direct3DDevice
[2018.11.21-19.46.01:910][  0]LogD3D11RHI:     GPU DeviceId: 0x1d10 (for the marketing name, search the web for "GPU Device Id")
[2018.11.21-19.46.01:910][  0]LogWindows: EnumDisplayDevices:
[2018.11.21-19.46.01:910][  0]LogWindows:    0. 'Intel(R) UHD Graphics 620' (P:1 D:1)
[2018.11.21-19.46.01:910][  0]LogWindows:    1. 'Intel(R) UHD Graphics 620' (P:0 D:0)
[2018.11.21-19.46.01:911][  0]LogWindows:    2. 'Intel(R) UHD Graphics 620' (P:0 D:0)
[2018.11.21-19.46.01:911][  0]LogWindows: DebugString: PrimaryIsNotTheChoosenAdapter PrimaryIsNotTheChoosenAdapter PrimaryIsNotTheChoosenAdapter FoundDriverCount:0 
[2018.11.21-19.46.01:911][  0]LogD3D11RHI:     Adapter Name: NVIDIA GeForce MX150
[2018.11.21-19.46.01:911][  0]LogD3D11RHI:   Driver Version: Unknown (internal:Unknown, unified:Unknown)
[2018.11.21-19.46.01:911][  0]LogD3D11RHI:      Driver Date: Unknown
[2018.11.21-19.46.01:911][  0]LogRHI: Texture pool is 2819 MB (70% of 4027 MB)
[2018.11.21-19.46.01:977][  0]LogD3D11RHI: Async texture creation enabled
[2018.11.21-19.46.01:997][  0]LogD3D11RHI: GPU Timing Frequency: 1000.000000 (Debug: 2 2)
[2018.11.21-19.46.01:998][  0]LogShaderCompilers: Guid format shader working directory is -28 characters bigger than the processId version (../../../../../../Users/kevin/Documents/GitHub/Honours-Project/ProcGenCity/Intermediate/Shaders/WorkingDirectory/1860/).
[2018.11.21-19.46.01:999][  0]LogShaderCompilers: Cleaned the shader compiler working directory 'C:/Users/kevin/AppData/Local/Temp/UnrealShaderWorkingDir/C6B699A9415CD4EF20DD0CADBF3BE356/'.
[2018.11.21-19.46.02:482][  0]LogTemp: Display: Loaded TP AllDesktopTargetPlatform
[2018.11.21-19.46.02:514][  0]LogTemp: Display: Loaded TP MacClientTargetPlatform
[2018.11.21-19.46.02:548][  0]LogTemp: Display: Loaded TP MacNoEditorTargetPlatform
[2018.11.21-19.46.02:579][  0]LogTemp: Display: Loaded TP MacServerTargetPlatform
[2018.11.21-19.46.02:607][  0]LogTemp: Display: Loaded TP MacTargetPlatform
[2018.11.21-19.46.02:632][  0]LogTemp: Display: Loaded TP WindowsClientTargetPlatform
[2018.11.21-19.46.02:656][  0]LogTemp: Display: Loaded TP WindowsNoEditorTargetPlatform
[2018.11.21-19.46.02:679][  0]LogTemp: Display: Loaded TP WindowsServerTargetPlatform
[2018.11.21-19.46.02:692][  0]LogTemp: Display: Loaded TP WindowsTargetPlatform
[2018.11.21-19.46.02:814][  0]LogTemp: Display: Loaded TP AndroidTargetPlatform
[2018.11.21-19.46.02:814][  0]LogTemp: Display: Loaded TP AndroidTargetPlatform
[2018.11.21-19.46.02:814][  0]LogTemp: Display: Loaded TP AndroidTargetPlatform
[2018.11.21-19.46.02:814][  0]LogTemp: Display: Loaded TP AndroidTargetPlatform
[2018.11.21-19.46.02:814][  0]LogTemp: Display: Loaded TP AndroidTargetPlatform
[2018.11.21-19.46.02:814][  0]LogTemp: Display: Loaded TP AndroidTargetPlatform
[2018.11.21-19.46.02:814][  0]LogTemp: Display: Loaded TP AndroidTargetPlatform
[2018.11.21-19.46.02:814][  0]LogTemp: Display: Loaded TP AndroidTargetPlatform
[2018.11.21-19.46.02:814][  0]LogTemp: Display: Loaded TP AndroidTargetPlatform
[2018.11.21-19.46.02:814][  0]LogTemp: Display: Loaded TP AndroidTargetPlatform
[2018.11.21-19.46.02:814][  0]LogTemp: Display: Loaded TP AndroidTargetPlatform
[2018.11.21-19.46.02:814][  0]LogTemp: Display: Loaded TP AndroidTargetPlatform
[2018.11.21-19.46.02:814][  0]LogTemp: Display: Loaded TP AndroidTargetPlatform
[2018.11.21-19.46.02:814][  0]LogTemp: Display: Loaded TP AndroidTargetPlatform
[2018.11.21-19.46.02:814][  0]LogTemp: Display: Loaded TP AndroidTargetPlatform
[2018.11.21-19.46.02:814][  0]LogTemp: Display: Loaded TP AndroidTargetPlatform
[2018.11.21-19.46.02:814][  0]LogTemp: Display: Loaded TP AndroidTargetPlatform
[2018.11.21-19.46.02:814][  0]LogTemp: Display: Loaded TP AndroidTargetPlatform
[2018.11.21-19.46.02:817][  0]LogTemp: Display: Loaded TP HTML5TargetPlatform
[2018.11.21-19.46.02:909][  0]LogTemp: Display: Loaded TP IOSTargetPlatform
[2018.11.21-19.46.02:909][  0]LogTemp: Display: Loaded TP IOSTargetPlatform
[2018.11.21-19.46.02:958][  0]LogTemp: Display: Loaded TP TVOSTargetPlatform
[2018.11.21-19.46.02:958][  0]LogTemp: Display: Loaded TP TVOSTargetPlatform
[2018.11.21-19.46.02:982][  0]LogTemp: Display: Loaded TP LinuxClientTargetPlatform
[2018.11.21-19.46.03:007][  0]LogTemp: Display: Loaded TP LinuxNoEditorTargetPlatform
[2018.11.21-19.46.03:028][  0]LogTemp: Display: Loaded TP LinuxServerTargetPlatform
[2018.11.21-19.46.03:049][  0]LogTemp: Display: Loaded TP LinuxTargetPlatform
[2018.11.21-19.46.03:062][  0]LogTemp: Display: Loaded TP LuminTargetPlatform
[2018.11.21-19.46.03:062][  0]LogTargetPlatformManager: Display: Building Assets For Windows
[2018.11.21-19.46.03:201][  0]LogXGEController: Cleaning working directory: C:/Users/kevin/AppData/Local/Temp/UnrealXGEWorkingDir/
[2018.11.21-19.46.03:201][  0]LogXGEController: Cannot use XGE Controller as Incredibuild is not installed on this machine.
[2018.11.21-19.46.03:201][  0]LogShaderCompilers: Cannot use XGE Shader Compiler as Incredibuild is not installed on this machine.
[2018.11.21-19.46.03:202][  0]LogShaderCompilers: Display: Using Local Shader Compiler.
[2018.11.21-19.46.04:803][  0]LogDerivedDataCache: Display: Max Cache Size: 512 MB
[2018.11.21-19.46.04:906][  0]LogDerivedDataCache: Loaded boot cache 0.10s 71MB C:/Users/kevin/AppData/Local/UnrealEngine/4.20/DerivedDataCache/Boot.ddc.
[2018.11.21-19.46.04:907][  0]LogDerivedDataCache: Display: Loaded Boot cache: C:/Users/kevin/AppData/Local/UnrealEngine/4.20/DerivedDataCache/Boot.ddc
[2018.11.21-19.46.04:907][  0]LogDerivedDataCache: FDerivedDataBackendGraph:  Pak pak cache file ../../../../../../Users/kevin/Documents/GitHub/Honours-Project/ProcGenCity/DerivedDataCache/DDC.ddp not found, will not use a pak cache.
[2018.11.21-19.46.04:907][  0]LogDerivedDataCache: Unable to find inner node Pak for hierarchical cache Hierarchy.
[2018.11.21-19.46.04:908][  0]LogDerivedDataCache: FDerivedDataBackendGraph:  CompressedPak pak cache file ../../../../../../Users/kevin/Documents/GitHub/Honours-Project/ProcGenCity/DerivedDataCache/Compressed.ddp not found, will not use a pak cache.
[2018.11.21-19.46.04:908][  0]LogDerivedDataCache: Unable to find inner node CompressedPak for hierarchical cache Hierarchy.
[2018.11.21-19.46.04:930][  0]LogDerivedDataCache: Display: Pak cache opened for reading ../../../Engine/DerivedDataCache/Compressed.ddp.
[2018.11.21-19.46.04:945][  0]LogDerivedDataCache: Using Local data cache path C:/Users/kevin/AppData/Local/UnrealEngine/Common/DerivedDataCache: Writable
[2018.11.21-19.46.04:945][  0]LogDerivedDataCache: Shared data cache path not found in *engine.ini, will not use an Shared cache.
[2018.11.21-19.46.04:945][  0]LogDerivedDataCache: Unable to find inner node Shared for hierarchical cache Hierarchy.
[2018.11.21-19.46.04:976][  0]LogMaterial: Verifying Global Shaders for PCD3D_SM5
[2018.11.21-19.46.04:978][  0]LogSlate: Using FreeType 2.6.0
[2018.11.21-19.46.04:979][  0]LogSlate: SlateFontServices - WITH_FREETYPE: 1, WITH_HARFBUZZ: 1
[2018.11.21-19.46.05:113][  0]LogAssetRegistry: FAssetRegistry took 0.0296 seconds to start up
[2018.11.21-19.46.05:827][  0]LogInit: Selected Device Profile: [Windows]
[2018.11.21-19.46.06:125][  0]LogSimplygon: Simplygon DLL not present - disabling.
[2018.11.21-19.46.06:135][  0]LogMeshReduction: Using SimplygonSwarm for distributed automatic mesh merging
[2018.11.21-19.46.06:135][  0]LogMeshReduction: Using ProxyLODMeshReduction for automatic mesh merging
[2018.11.21-19.46.06:135][  0]LogMeshReduction: Using QuadricMeshReduction for automatic static mesh reduction
[2018.11.21-19.46.06:135][  0]LogMeshReduction: No automatic skeletal mesh reduction module available
[2018.11.21-19.46.06:176][  0]LogNetVersion: ProcGenCity 1.0.0, NetCL: 4212847, EngineNetVer: 5, GameNetVer: 0 (Checksum: 2895139612)
[2018.11.21-19.46.07:227][  0]LogPackageLocalizationCache: Processed 11 localized package path(s) for 2 prioritized culture(s) in 0.258023 seconds
[2018.11.21-19.46.07:240][  0]LogUObjectArray: 38425 objects as part of root set at end of initial load.
[2018.11.21-19.46.07:240][  0]LogUObjectAllocator: 6690864 out of 0 bytes used by permanent object pool.
[2018.11.21-19.46.07:240][  0]LogUObjectArray: CloseDisregardForGC: 0/0 objects in disregard for GC pool
[2018.11.21-19.46.09:039][  0]LogTcpMessaging: Initializing TcpMessaging bridge
[2018.11.21-19.46.09:054][  0]LogUdpMessaging: Initializing bridge on interface 0.0.0.0:0 to multicast group 230.0.0.1:6666.
[2018.11.21-19.46.09:319][  0]SourceControl: Source control is disabled
[2018.11.21-19.46.09:319][  0]SourceControl: Source control is disabled
[2018.11.21-19.46.09:322][  0]SourceControl: Source control is disabled
[2018.11.21-19.46.09:325][  0]SourceControl: Source control is disabled
[2018.11.21-19.46.09:586][  0]LogAndroidPermission: UAndroidPermissionCallbackProxy::GetInstance
[2018.11.21-19.46.09:681][  0]LogOcInput: OculusInput pre-init called
[2018.11.21-19.46.09:780][  0]LogEngine: Initializing Engine...
[2018.11.21-19.46.09:783][  0]LogHMD: Failed to initialize OpenVR with code 110
[2018.11.21-19.46.09:785][  0]LogStats: UGameplayTagsManager::ConstructGameplayTagTree: ImportINI prefixes -  0.000 s
[2018.11.21-19.46.09:785][  0]LogStats: UGameplayTagsManager::ConstructGameplayTagTree: Construct from data asset -  0.000 s
[2018.11.21-19.46.09:786][  0]LogStats: UGameplayTagsManager::ConstructGameplayTagTree: ImportINI -  0.000 s
[2018.11.21-19.46.09:786][  0]LogStats: UGameplayTagsManager::ConstructGameplayTagTree: GameplayTagTreeChangedEvent.Broadcast -  0.000 s
[2018.11.21-19.46.10:185][  0]LogInit: Initializing FReadOnlyCVARCache
[2018.11.21-19.46.10:217][  0]LogAIModule: Creating AISystem for world Untitled
[2018.11.21-19.46.10:230][  0]LogInit: XAudio2 using 'Speaker/Headphone (Realtek High Definition Audio(SST))' : 2 channels at 48 kHz using 32 bits per sample (channel mask 0x3)
[2018.11.21-19.46.11:068][  0]LogInit: FAudioDevice initialized.
[2018.11.21-19.46.11:068][  0]LogNetVersion: Set ProjectVersion to 1.0.0.0. Version Checksum will be recalculated on next use.
[2018.11.21-19.46.11:210][  0]LogDerivedDataCache: Saved boot cache 0.14s 71MB C:/Users/kevin/AppData/Local/UnrealEngine/4.20/DerivedDataCache/Boot.ddc.
[2018.11.21-19.46.11:238][  0]LogInit: Texture streaming: Enabled
[2018.11.21-19.46.11:273][  0]LogEngineSessionManager: EngineSessionManager initialized
[2018.11.21-19.46.11:273][  0]LogEngineSessionManager: EngineSessionManager sent abnormal shutdown report. Type=AbnormalShutdown, SessionId={987EF6F7-42B8-A64C-DE47-719BA34FA83D}
[2018.11.21-19.46.11:273][  0]LogEngineSessionManager: EngineSessionManager sent abnormal shutdown report. Type=Crashed, SessionId={855E0C14-47B0-327F-0A3C-A1A8AF13D41D}
[2018.11.21-19.46.11:298][  0]LogInit: Transaction tracking system initialized
[2018.11.21-19.46.11:356][  0]BlueprintLog: New page: Editor Load
[2018.11.21-19.46.11:531][  0]LocalizationService: Localization service is disabled
[2018.11.21-19.46.12:523][  0]LogCook: Display: Max memory allowance for cook 16384mb min free memory 0mb
[2018.11.21-19.46.12:523][  0]LogCook: Display: Mobile HDR setting 1
[2018.11.21-19.46.12:523][  0]LogGameplayTags: Display: UGameplayTagsManager::DoneAddingNativeTags. DelegateIsBound: 0
[2018.11.21-19.46.12:523][  0]LogStats: UGameplayTagsManager::ConstructGameplayTagTree: ImportINI prefixes -  0.000 s
[2018.11.21-19.46.12:523][  0]LogStats: UGameplayTagsManager::ConstructGameplayTagTree: Construct from data asset -  0.000 s
[2018.11.21-19.46.12:524][  0]LogStats: UGameplayTagsManager::ConstructGameplayTagTree: ImportINI -  0.000 s
[2018.11.21-19.46.12:524][  0]LogStats: UGameplayTagsManager::ConstructGameplayTagTree: GameplayTagTreeChangedEvent.Broadcast -  0.000 s
[2018.11.21-19.46.12:783][  0]LogFileCache: Scanning file cache for directory 'C:/Users/kevin/Documents/GitHub/Honours-Project/ProcGenCity/Content/' took 0.02s
[2018.11.21-19.46.12:783][  0]SourceControl: Source control is disabled
[2018.11.21-19.46.12:887][  0]LogSlate: Took 0.000430 seconds to synchronously load lazily loaded font '../../../Engine/Content/Slate/Fonts/Roboto-Regular.ttf' (155K)
[2018.11.21-19.46.15:623][  0]LogSlate: Window 'Restore Packages' being destroyed
[2018.11.21-19.46.15:623][  0]LogWindowsTextInputMethodSystem: Display: IME system now deactivated.
[2018.11.21-19.46.15:644][  0]LogWindowsTextInputMethodSystem: Display: IME system now deactivated.
[2018.11.21-19.46.15:646][  0]Cmd: MAP LOAD FILE="../../../../../../Users/kevin/Documents/GitHub/Honours-Project/ProcGenCity/Content/StarterContent/Maps/Minimal_Default.umap" TEMPLATE=0 SHOWPROGRESS=1 FEATURELEVEL=3
[2018.11.21-19.46.15:647][  0]LightingResults: New page: Lighting Build
[2018.11.21-19.46.15:655][  0]MapCheck: New page: Map Check
[2018.11.21-19.46.15:656][  0]LightingResults: New page: Lighting Build
[2018.11.21-19.46.16:085][  0]LogLinker: Warning: Can't find file '/Game/BP/MyRoad'
[2018.11.21-19.46.16:086][  0]LogLinker: Warning: Can't find file for asset '/Game/BP/MyRoad' while loading ../../../../../../Users/kevin/Documents/GitHub/Honours-Project/ProcGenCity/Content/StarterContent/Maps/Minimal_Default.umap.
[2018.11.21-19.46.16:086][  0]LoadErrors: Error: /Game/StarterContent/Maps/Minimal_Default : Can't find file for asset. /Game/BP/MyRoad
[2018.11.21-19.46.16:115][  0]LogLinker: Warning: Can't find file '/Game/BP/MyRoad'
[2018.11.21-19.46.16:115][  0]LogLinker: Warning: Can't find file for asset '/Game/BP/MyRoad' while loading ../../../../../../Users/kevin/Documents/GitHub/Honours-Project/ProcGenCity/Content/StarterContent/Maps/Minimal_Default.umap.
[2018.11.21-19.46.16:115][  0]LoadErrors: Error: /Game/StarterContent/Maps/Minimal_Default : Can't find file for asset. /Game/BP/MyRoad
[2018.11.21-19.46.16:119][  0]LogLinker: Warning: Can't find file '/Game/BP/MyRoad'
[2018.11.21-19.46.16:119][  0]LogLinker: Warning: Can't find file for asset '/Game/BP/MyRoad' while loading ../../../../../../Users/kevin/Documents/GitHub/Honours-Project/ProcGenCity/Content/StarterContent/Maps/Minimal_Default.umap.
[2018.11.21-19.46.16:119][  0]LoadErrors: Error: /Game/StarterContent/Maps/Minimal_Default : Can't find file for asset. /Game/BP/MyRoad
[2018.11.21-19.46.16:130][  0]LogLinker: Warning: Can't find file '/Game/BP/MyRoad'
[2018.11.21-19.46.16:131][  0]LogLinker: Warning: Can't find file for asset '/Game/BP/MyRoad' while loading ../../../../../../Users/kevin/Documents/GitHub/Honours-Project/ProcGenCity/Content/StarterContent/Maps/Minimal_Default.umap.
[2018.11.21-19.46.16:131][  0]LoadErrors: Error: /Game/StarterContent/Maps/Minimal_Default : Can't find file for asset. /Game/BP/MyRoad
[2018.11.21-19.46.16:134][  0]LogLinker: Warning: Can't find file '/Game/BP/MyRoad'
[2018.11.21-19.46.16:134][  0]LogLinker: Warning: Can't find file for asset '/Game/BP/MyRoad' while loading NULL.
[2018.11.21-19.46.16:136][  0]LogLinker: Warning: Can't find file '/Game/BP/MyRoad'
[2018.11.21-19.46.16:136][  0]LogLinker: Warning: Can't find file for asset '/Game/BP/MyRoad' while loading NULL.
[2018.11.21-19.46.16:137][  0]LogLinker: Warning: Can't find file '/Game/BP/MyRoad'
[2018.11.21-19.46.16:138][  0]LogLinker: Warning: Can't find file for asset '/Game/BP/MyRoad' while loading NULL.
[2018.11.21-19.46.16:139][  0]LogLinker: Warning: Can't find file '/Game/BP/MyRoad'
[2018.11.21-19.46.16:139][  0]LogLinker: Warning: Can't find file for asset '/Game/BP/MyRoad' while loading NULL.
[2018.11.21-19.46.16:168][  0]LogLinker: Warning: Can't find file '/Game/BP/MyRoad'
[2018.11.21-19.46.16:168][  0]LogLinker: Warning: Can't find file for asset '/Game/BP/MyRoad' while loading NULL.
[2018.11.21-19.46.16:169][  0]LogLinker: Warning: Can't find file '/Game/BP/MyRoad'
[2018.11.21-19.46.16:170][  0]LogLinker: Warning: Can't find file for asset '/Game/BP/MyRoad' while loading NULL.
[2018.11.21-19.46.16:171][  0]LogLinker: Warning: Can't find file '/Game/BP/MyRoad'
[2018.11.21-19.46.16:171][  0]LogLinker: Warning: Can't find file for asset '/Game/BP/MyRoad' while loading NULL.
[2018.11.21-19.46.16:172][  0]LogLinker: Warning: Can't find file '/Game/BP/MyRoad'
[2018.11.21-19.46.16:173][  0]LogLinker: Warning: Can't find file for asset '/Game/BP/MyRoad' while loading NULL.
[2018.11.21-19.46.16:174][  0]LogLinker: Warning: Can't find file '/Game/BP/MyRoad'
[2018.11.21-19.46.16:174][  0]LogLinker: Warning: Can't find file for asset '/Game/BP/MyRoad' while loading NULL.
[2018.11.21-19.46.16:176][  0]LogLinker: Warning: Can't find file '/Game/BP/MyRoad'
[2018.11.21-19.46.16:176][  0]LogLinker: Warning: Can't find file for asset '/Game/BP/MyRoad' while loading NULL.
[2018.11.21-19.46.16:177][  0]LogLinker: Warning: Can't find file '/Game/BP/MyRoad'
[2018.11.21-19.46.16:177][  0]LogLinker: Warning: Can't find file for asset '/Game/BP/MyRoad' while loading NULL.
[2018.11.21-19.46.16:178][  0]LogLinker: Warning: Can't find file '/Game/BP/MyRoad'
[2018.11.21-19.46.16:179][  0]LogLinker: Warning: Can't find file for asset '/Game/BP/MyRoad' while loading NULL.
[2018.11.21-19.46.16:180][  0]LogLinker: Warning: Can't find file '/Game/BP/MyRoad'
[2018.11.21-19.46.16:180][  0]LogLinker: Warning: Can't find file for asset '/Game/BP/MyRoad' while loading NULL.
[2018.11.21-19.46.16:181][  0]LogLinker: Warning: Can't find file '/Game/BP/MyRoad'
[2018.11.21-19.46.16:181][  0]LogLinker: Warning: Can't find file for asset '/Game/BP/MyRoad' while loading NULL.
[2018.11.21-19.46.16:182][  0]LogLinker: Warning: Can't find file '/Game/BP/MyRoad'
[2018.11.21-19.46.16:182][  0]LogLinker: Warning: Can't find file for asset '/Game/BP/MyRoad' while loading NULL.
[2018.11.21-19.46.16:183][  0]LogLinker: Warning: Can't find file '/Game/BP/MyRoad'
[2018.11.21-19.46.16:183][  0]LogLinker: Warning: Can't find file for asset '/Game/BP/MyRoad' while loading NULL.
[2018.11.21-19.46.16:184][  0]LogLinker: Warning: Can't find file '/Game/BP/MyRoad'
[2018.11.21-19.46.16:185][  0]LogLinker: Warning: Can't find file for asset '/Game/BP/MyRoad' while loading NULL.
[2018.11.21-19.46.16:185][  0]LogLinker: Warning: Can't find file '/Game/BP/MyRoad'
[2018.11.21-19.46.16:186][  0]LogLinker: Warning: Can't find file for asset '/Game/BP/MyRoad' while loading NULL.
[2018.11.21-19.46.16:186][  0]LogLinker: Warning: Can't find file '/Game/BP/MyRoad'
[2018.11.21-19.46.16:187][  0]LogLinker: Warning: Can't find file for asset '/Game/BP/MyRoad' while loading NULL.
[2018.11.21-19.46.16:187][  0]LogLinker: Warning: Can't find file '/Game/BP/MyRoad'
[2018.11.21-19.46.16:188][  0]LogLinker: Warning: Can't find file for asset '/Game/BP/MyRoad' while loading NULL.
[2018.11.21-19.46.16:188][  0]LogLinker: Warning: Can't find file '/Game/BP/MyRoad'
[2018.11.21-19.46.16:189][  0]LogLinker: Warning: Can't find file for asset '/Game/BP/MyRoad' while loading NULL.
[2018.11.21-19.46.16:190][  0]LogLinker: Warning: Can't find file '/Game/BP/MyRoad'
[2018.11.21-19.46.16:190][  0]LogLinker: Warning: Can't find file for asset '/Game/BP/MyRoad' while loading NULL.
[2018.11.21-19.46.16:190][  0]LogLinker: Warning: Can't find file '/Game/BP/MyRoad'
[2018.11.21-19.46.16:191][  0]LogLinker: Warning: Can't find file for asset '/Game/BP/MyRoad' while loading NULL.
[2018.11.21-19.46.16:192][  0]LogLinker: Warning: Can't find file '/Game/BP/MyRoad'
[2018.11.21-19.46.16:192][  0]LogLinker: Warning: Can't find file for asset '/Game/BP/MyRoad' while loading NULL.
[2018.11.21-19.46.16:193][  0]LogLinker: Warning: Can't find file '/Game/BP/MyRoad'
[2018.11.21-19.46.16:193][  0]LogLinker: Warning: Can't find file for asset '/Game/BP/MyRoad' while loading NULL.
[2018.11.21-19.46.16:194][  0]LogLinker: Warning: Can't find file '/Game/BP/MyRoad'
[2018.11.21-19.46.16:194][  0]LogLinker: Warning: Can't find file for asset '/Game/BP/MyRoad' while loading NULL.
[2018.11.21-19.46.16:194][  0]LogLinker: Warning: Can't find file '/Game/BP/MyRoad'
[2018.11.21-19.46.16:195][  0]LogLinker: Warning: Can't find file for asset '/Game/BP/MyRoad' while loading NULL.
[2018.11.21-19.46.16:196][  0]LogLinker: Warning: Can't find file '/Game/BP/MyRoad'
[2018.11.21-19.46.16:196][  0]LogLinker: Warning: Can't find file for asset '/Game/BP/MyRoad' while loading NULL.
[2018.11.21-19.46.16:683][  0]LogAIModule: Creating AISystem for world Minimal_Default
[2018.11.21-19.46.16:746][  0]LogEditorServer: Finished looking for orphan Actors (0.000 secs)
[2018.11.21-19.46.16:795][  0]Cmd: MAP CHECKDEP NOCLEARLOG
[2018.11.21-19.46.17:026][  0]MapCheck: Map check complete: 0 Error(s), 0 Warning(s), took 230.524ms to complete.
[2018.11.21-19.46.17:027][  0]LogFileHelpers: Loading map 'Minimal_Default' took 1.380
[2018.11.21-19.46.17:194][  0]LogSlate: Updating window title bar state: overlay mode, drag disabled, window buttons hidden, title bar hidden
[2018.11.21-19.46.17:207][  0]LogSlate: Updating window title bar state: overlay mode, drag disabled, window buttons hidden, title bar hidden
[2018.11.21-19.46.17:219][  0]LogSlate: Updating window title bar state: overlay mode, drag disabled, window buttons hidden, title bar hidden
[2018.11.21-19.46.17:232][  0]LogSlate: Updating window title bar state: overlay mode, drag disabled, window buttons hidden, title bar hidden
[2018.11.21-19.46.17:245][  0]LogCollectionManager: Loaded 0 collections in 0.003693 seconds
[2018.11.21-19.46.17:301][  0]LogFileCache: Scanning file cache for directory 'C:/Users/kevin/Documents/GitHub/Honours-Project/ProcGenCity/Saved/Collections/' took 0.01s
[2018.11.21-19.46.17:301][  0]LogFileCache: Scanning file cache for directory 'C:/Users/kevin/Documents/GitHub/Honours-Project/ProcGenCity/Content/Developers/kevin/Collections/' took 0.01s
[2018.11.21-19.46.17:301][  0]LogFileCache: Scanning file cache for directory 'C:/Users/kevin/Documents/GitHub/Honours-Project/ProcGenCity/Content/Collections/' took 0.01s
[2018.11.21-19.46.17:301][  0]LogCollectionManager: Rebuilt the GUID cache for 0 collections in 0.000001 seconds
[2018.11.21-19.46.17:320][  0]LogContentBrowser: Native class hierarchy populated in 0.0176 seconds. Added 2578 classes and 605 folders.
[2018.11.21-19.46.17:330][  0]LogContentBrowser: Native class hierarchy updated for 'WidgetCarousel' in 0.0005 seconds. Added 0 classes and 0 folders.
[2018.11.21-19.46.17:461][  0]LogContentBrowser: Native class hierarchy updated for 'AddContentDialog' in 0.0007 seconds. Added 0 classes and 0 folders.
[2018.11.21-19.46.17:469][  0]LogContentBrowser: Native class hierarchy updated for 'SceneOutliner' in 0.0007 seconds. Added 1 classes and 2 folders.
[2018.11.21-19.46.17:490][  0]LogSlate: Took 0.000526 seconds to synchronously load lazily loaded font '../../../Engine/Content/Slate/Fonts/Roboto-Bold.ttf' (160K)
[2018.11.21-19.46.17:501][  0]LogSlate: Took 0.000499 seconds to synchronously load lazily loaded font '../../../Engine/Content/Editor/Slate/Fonts/FontAwesome.ttf' (139K)
[2018.11.21-19.46.17:595][  0]LogRenderer: Reallocating scene render targets to support 1208x576 Format 9 NumSamples 1 (Frame:1).
[2018.11.21-19.46.17:676][  0]LogSlate: Took 0.000399 seconds to synchronously load lazily loaded font '../../../Engine/Content/Slate/Fonts/Roboto-Light.ttf' (167K)
[2018.11.21-19.46.17:811][  0]LogContentBrowser: Native class hierarchy updated for 'HierarchicalLODOutliner' in 0.0009 seconds. Added 0 classes and 0 folders.
[2018.11.21-19.46.17:811][  0]LogLoad: (Engine Initialization) Total time: 22.56 seconds
[2018.11.21-19.46.17:811][  0]LogLoad: (Engine Initialization) Total Blueprint compile time: 0.00 seconds
[2018.11.21-19.46.17:833][  0]LoadErrors: Warning: CreateExport: Failed to load Outer for resource 'Mesh': MyRoad_C /Game/StarterContent/Maps/Minimal_Default.Minimal_Default:PersistentLevel.MyRoad10
[2018.11.21-19.46.17:833][  0]LoadErrors: Warning: CreateExport: Failed to load Outer for resource 'Mesh': MyRoad_C /Game/StarterContent/Maps/Minimal_Default.Minimal_Default:PersistentLevel.MyRoad11
[2018.11.21-19.46.17:833][  0]LoadErrors: Warning: CreateExport: Failed to load Outer for resource 'Mesh': MyRoad_C /Game/StarterContent/Maps/Minimal_Default.Minimal_Default:PersistentLevel.MyRoad12
[2018.11.21-19.46.17:834][  0]LoadErrors: Warning: CreateExport: Failed to load Outer for resource 'Mesh': MyRoad_C /Game/StarterContent/Maps/Minimal_Default.Minimal_Default:PersistentLevel.MyRoad2
[2018.11.21-19.46.17:834][  0]LoadErrors: Warning: CreateExport: Failed to load Outer for resource 'Mesh': MyRoad_C /Game/StarterContent/Maps/Minimal_Default.Minimal_Default:PersistentLevel.MyRoad3
[2018.11.21-19.46.17:834][  0]LoadErrors: Warning: CreateExport: Failed to load Outer for resource 'Mesh': MyRoad_C /Game/StarterContent/Maps/Minimal_Default.Minimal_Default:PersistentLevel.MyRoad4
[2018.11.21-19.46.17:834][  0]LoadErrors: Warning: CreateExport: Failed to load Outer for resource 'Mesh': MyRoad_C /Game/StarterContent/Maps/Minimal_Default.Minimal_Default:PersistentLevel.MyRoad5
[2018.11.21-19.46.17:834][  0]LoadErrors: Warning: CreateExport: Failed to load Outer for resource 'Mesh': MyRoad_C /Game/StarterContent/Maps/Minimal_Default.Minimal_Default:PersistentLevel.MyRoad6
[2018.11.21-19.46.17:834][  0]LoadErrors: Warning: CreateExport: Failed to load Outer for resource 'Mesh': MyRoad_C /Game/StarterContent/Maps/Minimal_Default.Minimal_Default:PersistentLevel.MyRoad7
[2018.11.21-19.46.17:834][  0]LoadErrors: Warning: CreateExport: Failed to load Outer for resource 'Mesh': MyRoad_C /Game/StarterContent/Maps/Minimal_Default.Minimal_Default:PersistentLevel.MyRoad8
[2018.11.21-19.46.17:834][  0]LoadErrors: Warning: CreateExport: Failed to load Outer for resource 'Mesh': MyRoad_C /Game/StarterContent/Maps/Minimal_Default.Minimal_Default:PersistentLevel.MyRoad9
[2018.11.21-19.46.17:834][  0]LoadErrors: Warning: CreateExport: Failed to load Outer for resource 'Mesh': MyRoad_C /Game/StarterContent/Maps/Minimal_Default.Minimal_Default:PersistentLevel.MyRoad_2
[2018.11.21-19.46.17:840][  0]LogActor: Warning: Road /Engine/Transient.World_0:PersistentLevel.Road_0 has natively added scene component(s), but none of them were set as the actor's RootComponent - picking one arbitrarily
[2018.11.21-19.46.17:864][  0]LogContentStreaming: Texture pool size now 400 MB
[2018.11.21-19.46.17:870][  0]LogSlate: FSceneViewport::OnFocusLost() reason 2
[2018.11.21-19.46.18:168][  1]LogActor: Warning: LotPlacement /Engine/Transient.World_1:PersistentLevel.LotPlacement_0 has natively added scene component(s), but none of them were set as the actor's RootComponent - picking one arbitrarily
[2018.11.21-19.46.18:246][  2]LogAssetRegistry: Asset discovery search completed in 13.1559 seconds
[2018.11.21-19.46.18:249][  2]LogCollectionManager: Rebuilt the object cache for 0 collections in 0.000000 seconds (found 0 objects)
[2018.11.21-19.46.18:249][  2]LogCollectionManager: Fixed up redirectors for 0 collections in 0.000074 seconds (updated 0 objects)
[2018.11.21-19.46.35:149][963]LogSlate: Window 'Message Log' being destroyed
[2018.11.21-19.46.35:156][963]LogSlate: Window 'Message Log' being destroyed
[2018.11.21-19.46.35:237][968]LogEditorViewport: Clicking on Actor (LMB): BP_Sky_Sphere_C (BP_Sky_Sphere)
[2018.11.21-19.46.35:346][969]LogEditorViewport: Clicking on Component (LMB): StaticMeshComponent (Sky Sphere mesh)
[2018.11.21-19.46.38:562][158]LogSlate: FSceneViewport::OnFocusLost() reason 0
[2018.11.21-19.46.38:796][171]LogActor: Warning: MyLotPlacement_C /Engine/Transient.World_5:PersistentLevel.MyLotPlacement_C_0 has natively added scene component(s), but none of them were set as the actor's RootComponent - picking one arbitrarily
[2018.11.21-19.46.46:783][646]LogSlate: Took 0.000390 seconds to synchronously load lazily loaded font '../../../Engine/Content/Slate/Fonts/Roboto-Light.ttf' (167K)
[2018.11.21-19.46.46:885][646]LogSlate: Took 0.000439 seconds to synchronously load lazily loaded font '../../../Engine/Content/Slate/Fonts/Roboto-BoldCondensed.ttf' (158K)
[2018.11.21-19.46.51:890][944]LogAssetEditorManager: Opening Asset editor for Blueprint /Game/BP/MyRoad.MyRoad
[2018.11.21-19.46.52:792][944]LogContentBrowser: Native class hierarchy updated for 'BlueprintGraph' in 0.0011 seconds. Added 116 classes and 0 folders.
[2018.11.21-19.46.54:024][944]LogSlate: Window 'Add Blueprint Class' being destroyed
[2018.11.21-19.46.54:032][944]LogActor: Warning: MyRoad_C /Engine/Transient.World_7:PersistentLevel.MyRoad_C_0 has natively added scene component(s), but none of them were set as the actor's RootComponent - picking one arbitrarily
[2018.11.21-19.46.54:170][944]LogRenderer: Reallocating scene render targets to support 1208x712 Format 9 NumSamples 1 (Frame:1).
[2018.11.21-19.46.54:199][945]LogActor: Warning: MyRoad_C /Engine/Transient.World_8:PersistentLevel.MyRoad_C_0 has natively added scene component(s), but none of them were set as the actor's RootComponent - picking one arbitrarily
[2018.11.21-19.46.57:380][106]LogSlate: Prevented a slow task dialog from being summoned while a context menu was open
[2018.11.21-19.47.01:807][335]LogSlate: Window 'MyRoad*' being destroyed
[2018.11.21-19.47.02:389][370]BlueprintLog: New page: Compile MyRoad
[2018.11.21-19.47.02:406][370]LogActor: Warning: MyRoad_C /Engine/Transient.World_7:PersistentLevel.MyRoad_C_0 has natively added scene component(s), but none of them were set as the actor's RootComponent - picking one arbitrarily
[2018.11.21-19.47.02:407][370]LogActor: Warning: MyRoad_C /Engine/Transient.World_8:PersistentLevel.MyRoad_C_0 has natively added scene component(s), but none of them were set as the actor's RootComponent - picking one arbitrarily
[2018.11.21-19.47.02:567][370]LogActor: Warning: MyRoad_C /Engine/Transient.World_8:PersistentLevel.MyRoad_C_1 has natively added scene component(s), but none of them were set as the actor's RootComponent - picking one arbitrarily
[2018.11.21-19.47.07:799][681]LogSlate: FSceneViewport::OnFocusLost() reason 0
[2018.11.21-19.47.14:438][ 76]LogAssetEditorManager: Opening Asset editor for Blueprint /Game/BP/MyLotDesigner.MyLotDesigner
[2018.11.21-19.47.18:042][251]LogAssetEditorManager: Opening Asset editor for Blueprint /Game/BP/MyLotDesigner.MyLotDesigner
[2018.11.21-19.47.21:711][434]LogSlate: Took 0.000551 seconds to synchronously load lazily loaded font '../../../Engine/Content/Slate/Fonts/Roboto-Italic.ttf' (157K)
[2018.11.21-19.47.44:419][783]LogSlate: FSceneViewport::OnFocusLost() reason 0
[2018.11.21-19.47.44:518][789]BlueprintLog: New page: Compile MyLotDesigner
[2018.11.21-19.47.45:411][826]Cmd: OBJ SAVEPACKAGE PACKAGE="/Game/BP/MyLotDesigner" FILE="../../../../../../Users/kevin/Documents/GitHub/Honours-Project/ProcGenCity/Content/BP/MyLotDesigner.uasset" SILENT=true
[2018.11.21-19.47.45:482][826]LogSavePackage: Moving '../../../../../../Users/kevin/Documents/GitHub/Honours-Project/ProcGenCity/Saved/MyLotDesignerF5F101C54462104B1B23A79EB35D8AFB.tmp' to '../../../../../../Users/kevin/Documents/GitHub/Honours-Project/ProcGenCity/Content/BP/MyLotDesigner.uasset'
[2018.11.21-19.47.48:738][ 18]Candidate modules for hot reload:
[2018.11.21-19.47.48:738][ 18]  ProcGenCity
[2018.11.21-19.47.48:738][ 18]Launching UnrealBuildTool... [C:/Program Files/Epic Games/UE_4.20/Engine/Binaries/DotNET/UnrealBuildTool.exe  -ModuleWithSuffix=ProcGenCity,6249 Win64 Development -TargetType=Editor -Project="../../../../../../Users/kevin/Documents/GitHub/Honours-Project/ProcGenCity/ProcGenCity.uproject" -canskiplink "C:/Users/kevin/Documents/GitHub/Honours-Project/ProcGenCity/ProcGenCity.uproject" ]
[2018.11.21-19.47.48:741][ 18]Warning: Starting HotReload took  0.0s.
[2018.11.21-19.47.54:203][333]LogEditorViewport: Clicking on Actor (LMB): StaticMeshActor (Ground99)
[2018.11.21-19.47.55:274][391]LogEditorViewport: Clicking on Actor (LMB): BP_Sky_Sphere_C (BP_Sky_Sphere)
[2018.11.21-19.47.56:216][444]CompilerResultsLog: New page: Compilation - 21 Nov 2018 19:47:56
[2018.11.21-19.47.56:216][444]CompilerResultsLog: Using 'git status' to determine working set for adaptive non-unity build.
[2018.11.21-19.47.56:216][444]CompilerResultsLog: Compiling game modules for hot reload
[2018.11.21-19.47.56:216][444]CompilerResultsLog: Target is up to date
[2018.11.21-19.47.56:216][444]CompilerResultsLog: Total build time: 6.83 seconds (NoActionsToExecute executor: 0.00 seconds)
[2018.11.21-19.47.56:216][444]LogMainFrame: MainFrame: Module compiling took 7.485 seconds
[2018.11.21-19.47.56:640][444]LogContentBrowser: Native class hierarchy populated in 0.0144 seconds. Added 2579 classes and 607 folders.
[2018.11.21-19.47.56:641][444]Display: HotReload took  7.9s.
[2018.11.21-19.48.01:956][762]LogSlate: FSceneViewport::OnFocusLost() reason 0
[2018.11.21-19.48.19:370][800]LogActor: Warning: MyRoad_C /Game/StarterContent/Maps/Minimal_Default.Minimal_Default:PersistentLevel.MyRoad_C_0 has natively added scene component(s), but none of them were set as the actor's RootComponent - picking one arbitrarily
[2018.11.21-19.48.19:928][832]LogActor: Warning: MyRoad_C /Game/StarterContent/Maps/Minimal_Default.Minimal_Default:PersistentLevel.MyRoad_C_1 has natively added scene component(s), but none of them were set as the actor's RootComponent - picking one arbitrarily
[2018.11.21-19.48.31:598][524]Cmd: EDIT COPY
[2018.11.21-19.48.32:234][562]Cmd: EDIT PASTE
[2018.11.21-19.48.32:238][562]LogActor: Warning: MyRoad_C /Game/StarterContent/Maps/Minimal_Default.Minimal_Default:PersistentLevel.MyRoad_3 has natively added scene component(s), but none of them were set as the actor's RootComponent - picking one arbitrarily
[2018.11.21-19.48.41:053][ 83]Cmd: EDIT COPY
[2018.11.21-19.48.41:271][ 96]Cmd: EDIT PASTE
[2018.11.21-19.48.41:278][ 96]LogActor: Warning: MyRoad_C /Game/StarterContent/Maps/Minimal_Default.Minimal_Default:PersistentLevel.MyRoad2_4 has natively added scene component(s), but none of them were set as the actor's RootComponent - picking one arbitrarily
[2018.11.21-19.49.01:449][274]LogEditorViewport: Clicking on Actor (LMB): BP_Sky_Sphere_C (BP_Sky_Sphere)
[2018.11.21-19.49.02:349][324]LogEditorViewport: Clicking on Actor (LMB): MyRoad_C (MyRoad)
[2018.11.21-19.49.03:282][376]LogEditorViewport: Clicking on Actor (LMB): MyRoad_C (MyRoad)
[2018.11.21-19.49.09:325][729]LogEditorViewport: Clicking on Actor (LMB): MyRoad_C (MyRoad3)
[2018.11.21-19.49.24:267][602]LogSlate: FSceneViewport::OnFocusLost() reason 0
[2018.11.21-19.49.39:727][516]LogSlate: FSceneViewport::OnFocusLost() reason 0
[2018.11.21-19.50.10:346][341]Cmd: DELETE
[2018.11.21-19.50.10:346][341]Cmd: ACTOR DELETE
[2018.11.21-19.50.10:358][341]LogEditorActor: Deleted Actor: MyLotDesigner_C
[2018.11.21-19.50.10:426][341]LogEditorActor: Deleted 1 Actors (0.080 secs)
[2018.11.21-19.50.14:297][572]LogEditorViewport: Clicking on Actor (LMB): MyLotDesigner_C (MyLotDesigner)
[2018.11.21-19.50.22:765][ 73]Cmd: DELETE
[2018.11.21-19.50.22:765][ 73]Cmd: ACTOR DELETE
[2018.11.21-19.50.22:778][ 73]LogEditorActor: Deleted Actor: MyLotDesigner_C
[2018.11.21-19.50.22:833][ 73]LogEditorActor: Deleted 1 Actors (0.069 secs)
[2018.11.21-19.50.44:858][260]LogSlate: FSceneViewport::OnFocusLost() reason 0
[2018.11.21-19.50.45:123][272]Candidate modules for hot reload:
[2018.11.21-19.50.45:123][272]  ProcGenCity
[2018.11.21-19.50.45:123][272]Launching UnrealBuildTool... [C:/Program Files/Epic Games/UE_4.20/Engine/Binaries/DotNET/UnrealBuildTool.exe  -ModuleWithSuffix=ProcGenCity,3881 Win64 Development -TargetType=Editor -Project="../../../../../../Users/kevin/Documents/GitHub/Honours-Project/ProcGenCity/ProcGenCity.uproject" -canskiplink "C:/Users/kevin/Documents/GitHub/Honours-Project/ProcGenCity/ProcGenCity.uproject" ]
[2018.11.21-19.50.45:127][272]Warning: Starting HotReload took  0.1s.
[2018.11.21-19.50.57:896][ 35]CompilerResultsLog: New page: Compilation - 21 Nov 2018 19:50:57
[2018.11.21-19.50.57:896][ 35]CompilerResultsLog: Using 'git status' to determine working set for adaptive non-unity build.
[2018.11.21-19.50.57:896][ 35]CompilerResultsLog: Compiling game modules for hot reload
[2018.11.21-19.50.57:896][ 35]CompilerResultsLog: Building 3 actions with 8 processes...
[2018.11.21-19.50.57:896][ 35]CompilerResultsLog:   [1/3] LotDesigner.cpp
[2018.11.21-19.50.57:896][ 35]CompilerResultsLog:   [2/3] UE4Editor-ProcGenCity-3881.lib
[2018.11.21-19.50.57:896][ 35]CompilerResultsLog:      Creating library C:\Users\kevin\Documents\GitHub\Honours-Project\ProcGenCity\Intermediate\Build\Win64\UE4Editor\Development\ProcGenCity\UE4Editor-ProcGenCity-3881.lib and object C:\Users\kevin\Documents\GitHub\Honours-Project\ProcGenCity\Intermediate\Build\Win64\UE4Editor\Development\ProcGenCity\UE4Editor-ProcGenCity-3881.exp
[2018.11.21-19.50.57:896][ 35]CompilerResultsLog:   [3/3] UE4Editor-ProcGenCity-3881.dll
[2018.11.21-19.50.57:897][ 35]CompilerResultsLog:      Creating library C:\Users\kevin\Documents\GitHub\Honours-Project\ProcGenCity\Intermediate\Build\Win64\UE4Editor\Development\ProcGenCity\UE4Editor-ProcGenCity-3881.suppressed.lib and object C:\Users\kevin\Documents\GitHub\Honours-Project\ProcGenCity\Intermediate\Build\Win64\UE4Editor\Development\ProcGenCity\UE4Editor-ProcGenCity-3881.suppressed.exp
[2018.11.21-19.50.57:897][ 35]CompilerResultsLog: Total build time: 12.11 seconds (Parallel executor: 5.34 seconds)
[2018.11.21-19.50.57:897][ 35]LogMainFrame: MainFrame: Module compiling took 12.781 seconds
[2018.11.21-19.51.01:249][ 35]LogHotReload: Re-instancing LotDesigner after hot-reload.
[2018.11.21-19.51.01:445][ 35]LogWindows: Windows GetLastError: The operation completed successfully. (0)
[2018.11.21-19.51.03:758][ 35]LogWindows: Error: === Critical error: ===
[2018.11.21-19.51.03:758][ 35]LogWindows: Error: 
[2018.11.21-19.51.03:758][ 35]LogWindows: Error: Assertion failed: OldArchetype == OldClass->GetDefaultObject() || NewArchetype [File:D:\Build\++UE4\Sync\Engine\Source\Editor\UnrealEd\Private\Kismet2\KismetReinstanceUtilities.cpp] [Line: 1763] 
[2018.11.21-19.51.03:758][ 35]LogWindows: Error: 
[2018.11.21-19.51.03:758][ 35]LogWindows: Error: 
[2018.11.21-19.51.03:758][ 35]LogWindows: Error: 
[2018.11.21-19.51.03:758][ 35]LogWindows: Error: [Callstack] 0x00007fff98b4a388 KERNELBASE.dll!UnknownFunction []
[2018.11.21-19.51.03:758][ 35]LogWindows: Error: [Callstack] 0x00007fff66376850 UE4Editor-ApplicationCore.dll!UnknownFunction []
[2018.11.21-19.51.03:758][ 35]LogWindows: Error: [Callstack] 0x00007fff477362fc UE4Editor-Core.dll!UnknownFunction []
[2018.11.21-19.51.03:759][ 35]LogWindows: Error: [Callstack] 0x00007fff476c51db UE4Editor-Core.dll!UnknownFunction []
[2018.11.21-19.51.03:759][ 35]LogWindows: Error: [Callstack] 0x00007fff43a09344 UE4Editor-UnrealEd.dll!UnknownFunction []
[2018.11.21-19.51.03:759][ 35]LogWindows: Error: [Callstack] 0x00007fff43a0b8ec UE4Editor-UnrealEd.dll!UnknownFunction []
[2018.11.21-19.51.03:759][ 35]LogWindows: Error: [Callstack] 0x00007fff43a09b7d UE4Editor-UnrealEd.dll!UnknownFunction []
[2018.11.21-19.51.03:759][ 35]LogWindows: Error: [Callstack] 0x00007fff43a04cf9 UE4Editor-UnrealEd.dll!UnknownFunction []
[2018.11.21-19.51.03:759][ 35]LogWindows: Error: [Callstack] 0x00007fff43a05ee2 UE4Editor-UnrealEd.dll!UnknownFunction []
[2018.11.21-19.51.03:759][ 35]LogWindows: Error: [Callstack] 0x00007fff2debac33 UE4Editor-HotReload.dll!UnknownFunction []
[2018.11.21-19.51.03:759][ 35]LogWindows: Error: [Callstack] 0x00007fff2debaf15 UE4Editor-HotReload.dll!UnknownFunction []
[2018.11.21-19.51.03:759][ 35]LogWindows: Error: [Callstack] 0x00007fff2deb2d56 UE4Editor-HotReload.dll!UnknownFunction []
[2018.11.21-19.51.03:759][ 35]LogWindows: Error: [Callstack] 0x00007fff5630c6ba UE4Editor-CoreUObject.dll!UnknownFunction []
[2018.11.21-19.51.03:759][ 35]LogWindows: Error: [Callstack] 0x00007fff562edaa6 UE4Editor-CoreUObject.dll!UnknownFunction []
[2018.11.21-19.51.03:759][ 35]LogWindows: Error: [Callstack] 0x00007fff56030a57 UE4Editor-CoreUObject.dll!UnknownFunction []
[2018.11.21-19.51.03:759][ 35]LogWindows: Error: [Callstack] 0x00007fff475de08e UE4Editor-Core.dll!UnknownFunction []
[2018.11.21-19.51.03:759][ 35]LogWindows: Error: [Callstack] 0x00007fff47797851 UE4Editor-Core.dll!UnknownFunction []
[2018.11.21-19.51.03:759][ 35]LogWindows: Error: [Callstack] 0x00007fff47796b49 UE4Editor-Core.dll!UnknownFunction []
[2018.11.21-19.51.03:759][ 35]LogWindows: Error: [Callstack] 0x00007fff2deb0673 UE4Editor-HotReload.dll!UnknownFunction []
[2018.11.21-19.51.03:759][ 35]LogWindows: Error: [Callstack] 0x00007fff2deae067 UE4Editor-HotReload.dll!UnknownFunction []
[2018.11.21-19.51.03:760][ 35]LogWindows: Error: [Callstack] 0x00007fff2deae9f7 UE4Editor-HotReload.dll!UnknownFunction []
[2018.11.21-19.51.03:760][ 35]LogWindows: Error: [Callstack] 0x00007fff2dec2d94 UE4Editor-HotReload.dll!UnknownFunction []
[2018.11.21-19.51.03:760][ 35]LogWindows: Error: [Callstack] 0x00007fff475647b2 UE4Editor-Core.dll!UnknownFunction []
[2018.11.21-19.51.03:760][ 35]LogWindows: Error: [Callstack] 0x00007ff6e1688269 UE4Editor.exe!UnknownFunction []
[2018.11.21-19.51.03:760][ 35]LogWindows: Error: [Callstack] 0x00007ff6e1695b3c UE4Editor.exe!UnknownFunction []
[2018.11.21-19.51.03:760][ 35]LogWindows: Error: [Callstack] 0x00007ff6e1695bba UE4Editor.exe!UnknownFunction []
[2018.11.21-19.51.03:760][ 35]LogWindows: Error: [Callstack] 0x00007ff6e16a3dac UE4Editor.exe!UnknownFunction []
[2018.11.21-19.51.03:760][ 35]LogWindows: Error: [Callstack] 0x00007ff6e16a5aaa UE4Editor.exe!UnknownFunction []
[2018.11.21-19.51.03:760][ 35]LogWindows: Error: [Callstack] 0x00007fff9bb93034 KERNEL32.DLL!UnknownFunction []
[2018.11.21-19.51.03:760][ 35]LogWindows: Error: [Callstack] 0x00007fff9c701471 ntdll.dll!UnknownFunction []
[2018.11.21-19.51.03:760][ 35]LogWindows: Error: 
[2018.11.21-19.51.03:780][ 35]LogExit: Executing StaticShutdownAfterError
[2018.11.21-19.51.03:785][ 35]LogWindows: FPlatformMisc::RequestExit(1)
[2018.11.21-19.51.03:797][ 35]Log file closed, 11/21/18 19:51:03
