Log file open, 11/21/18 20:18:31
LogWindows: Failed to load 'aqProf.dll' (GetLastError=126)
LogWindows: File 'aqProf.dll' does not exist
LogWindows: Failed to load 'VSPerf140.dll' (GetLastError=126)
LogWindows: File 'VSPerf140.dll' does not exist
LogWindows: Failed to load 'VtuneApi.dll' (GetLastError=126)
LogWindows: File 'VtuneApi.dll' does not exist
LogWindows: Failed to load 'VtuneApi32e.dll' (GetLastError=126)
LogWindows: File 'VtuneApi32e.dll' does not exist
LogInit: Display: Running engine for game: ProcGenCity
LogPlatformFile: Not using cached read wrapper
LogTaskGraph: Started task graph with 5 named threads and 23 total threads with 3 sets of task threads.
LogStats: Stats thread started at 0.284437
LogD3D11RHI: Loaded GFSDK_Aftermath_Lib.x64.dll
LogICUInternationalization: Display: ICU TimeZone Detection - Raw Offset: +0:00, Platform Override: ''
LogPluginManager: Mounting plugin Paper2D
LogPluginManager: Mounting plugin AISupport
LogPluginManager: Mounting plugin LightPropagationVolume
LogPluginManager: Mounting plugin CLionSourceCodeAccess
LogPluginManager: Mounting plugin CodeLiteSourceCodeAccess
LogPluginManager: Mounting plugin GitSourceControl
LogPluginManager: Mounting plugin KDevelopSourceCodeAccess
LogPluginManager: Mounting plugin NullSourceCodeAccess
LogPluginManager: Mounting plugin PerforceSourceControl
LogPluginManager: Mounting plugin SubversionSourceControl
LogPluginManager: Mounting plugin UObjectPlugin
LogPluginManager: Mounting plugin VisualStudioCodeSourceCodeAccess
LogPluginManager: Mounting plugin VisualStudioSourceCodeAccess
LogPluginManager: Mounting plugin XCodeSourceCodeAccess
LogPluginManager: Mounting plugin AssetManagerEditor
LogPluginManager: Mounting plugin CryptoKeys
LogPluginManager: Mounting plugin DataValidation
LogPluginManager: Mounting plugin FacialAnimation
LogPluginManager: Mounting plugin GameplayTagsEditor
LogPluginManager: Mounting plugin MacGraphicsSwitching
LogPluginManager: Mounting plugin MeshEditor
LogPluginManager: Mounting plugin MobileLauncherProfileWizard
LogPluginManager: Mounting plugin PluginBrowser
LogPluginManager: Mounting plugin SpeedTreeImporter
LogPluginManager: Mounting plugin DatasmithContent
LogPluginManager: Mounting plugin AlembicImporter
LogPluginManager: Mounting plugin AppleImageUtils
LogPluginManager: Mounting plugin AppleVision
LogPluginManager: Mounting plugin BackChannel
LogPluginManager: Mounting plugin CharacterAI
LogPluginManager: Mounting plugin GeometryCache
LogPluginManager: Mounting plugin HTML5Networking
LogPluginManager: Mounting plugin ProxyLODPlugin
LogPluginManager: Mounting plugin MagicLeap
LogPluginManager: Mounting plugin MagicLeapEmulator
LogPluginManager: Mounting plugin MagicLeapMedia
LogPluginManager: Mounting plugin AndroidMedia
LogPluginManager: Mounting plugin AvfMedia
LogPluginManager: Mounting plugin ImgMedia
LogPluginManager: Mounting plugin LinearTimecode
LogPluginManager: Mounting plugin MediaCompositing
LogPluginManager: Mounting plugin MediaPlayerEditor
LogPluginManager: Mounting plugin WmfMedia
LogPluginManager: Mounting plugin TcpMessaging
LogPluginManager: Mounting plugin UdpMessaging
LogPluginManager: Mounting plugin ActorSequence
LogPluginManager: Mounting plugin LevelSequenceEditor
LogPluginManager: Mounting plugin MatineeToLevelSequence
LogPluginManager: Mounting plugin NetcodeUnitTest
LogPluginManager: Mounting plugin NUTUnrealEngine4
LogPluginManager: Mounting plugin OnlineSubsystemGooglePlay
LogPluginManager: Mounting plugin OnlineSubsystemIOS
LogPluginManager: Mounting plugin OnlineSubsystem
LogPluginManager: Mounting plugin OnlineSubsystemNull
LogPluginManager: Mounting plugin OnlineSubsystemUtils
LogPluginManager: Mounting plugin LauncherChunkInstaller
LogPluginManager: Mounting plugin AndroidDeviceProfileSelector
LogPluginManager: Mounting plugin AndroidMoviePlayer
LogPluginManager: Mounting plugin AndroidPermission
LogPluginManager: Mounting plugin AppleMoviePlayer
LogPluginManager: Mounting plugin ArchVisCharacter
LogPluginManager: Mounting plugin AudioCapture
LogPluginManager: Mounting plugin CableComponent
LogPluginManager: Mounting plugin CustomMeshComponent
LogPluginManager: Mounting plugin EditableMesh
LogPluginManager: Mounting plugin ExampleDeviceProfileSelector
LogPluginManager: Mounting plugin GoogleCloudMessaging
LogPluginManager: Mounting plugin ImmediatePhysics
LogPluginManager: Mounting plugin IOSDeviceProfileSelector
LogPluginManager: Mounting plugin LinuxDeviceProfileSelector
LogPluginManager: Mounting plugin LocationServicesBPLibrary
LogPluginManager: Mounting plugin MobilePatchingUtils
LogPluginManager: Mounting plugin OculusVR
LogPluginManager: Plugin shader directory ../../../Engine/Plugins/Runtime/Oculus/OculusVR/Shaders found
LogPluginManager: Mapping shader source directory ../../../Engine/Plugins/Runtime/Oculus/OculusVR/Shaders to virtual directory /Plugin/OculusVR
LogPluginManager: Mounting plugin PhysXVehicles
LogPluginManager: Mounting plugin ProceduralMeshComponent
LogPluginManager: Mounting plugin RuntimePhysXCooking
LogPluginManager: Mounting plugin SteamVR
LogPluginManager: Mounting plugin WindowsMoviePlayer
LogStreaming: Display: Took  0.213s to configure plugins.
LogInit: Using libcurl 7.55.1-DEV
LogInit:  - built for x86_64-pc-win32
LogInit:  - supports SSL with OpenSSL/1.0.2h
LogInit:  - supports HTTP deflate (compression) using libz 1.2.8
LogInit:  - other features:
LogInit:      CURL_VERSION_SSL
LogInit:      CURL_VERSION_LIBZ
LogInit:      CURL_VERSION_IPV6
LogInit:      CURL_VERSION_ASYNCHDNS
LogInit:      CURL_VERSION_LARGEFILE
LogInit:      CURL_VERSION_IDN
LogInit:  CurlRequestOptions (configurable via config and command line):
LogInit:  - bVerifyPeer = false  - Libcurl will NOT verify peer certificate
LogInit:  - bUseHttpProxy = false  - Libcurl will NOT use HTTP proxy
LogInit:  - bDontReuseConnections = false  - Libcurl will reuse connections
LogInit:  - CertBundlePath = nullptr  - Libcurl will use whatever was configured at build time.
LogInit:  - MaxHostConnections = 16  - Libcurl will limit the number of connections to a host
LogInit:  - LocalHostAddr = Default
LogInit:  - BufferSize = 65536
LogInit: WinSock: version 1.1 (2.2), MaxSocks=32767, MaxUdp=65467
LogInit: Build: ++UE4+Release-4.20-CL-4369336
LogInit: Engine Version: 4.20.3-4369336+++UE4+Release-4.20
LogInit: Compatible Engine Version: 4.20.0-4212847+++UE4+Release-4.20
LogInit: Net CL: 4212847
LogInit: OS: Windows 10 (), CPU: Intel(R) Core(TM) i7-8550U CPU @ 1.80GHz, GPU: Intel(R) UHD Graphics 620
LogInit: Compiled (64-bit): Sep 17 2018 12:26:19
LogInit: Compiled with Visual C++: 19.13.26129.00
LogInit: Build Configuration: Development
LogInit: Branch Name: ++UE4+Release-4.20
LogInit: Command Line:  
LogInit: Base Directory: C:/Program Files/Epic Games/UE_4.20/Engine/Binaries/Win64/
LogInit: Installed Engine Build: 1
LogDevObjectVersion: Number of dev versions registered: 20
LogDevObjectVersion:   Dev-Blueprints (B0D832E4-1F89-4F0D-ACCF-7EB736FD4AA2): 10
LogDevObjectVersion:   Dev-Build (E1C64328-A22C-4D53-A36C-8E866417BD8C): 0
LogDevObjectVersion:   Dev-Core (375EC13C-06E4-48FB-B500-84F0262A717E): 2
LogDevObjectVersion:   Dev-Editor (E4B068ED-F494-42E9-A231-DA0B2E46BB41): 24
LogDevObjectVersion:   Dev-Framework (CFFC743F-43B0-4480-9391-14DF171D2073): 34
LogDevObjectVersion:   Dev-Mobile (B02B49B5-BB20-44E9-A304-32B752E40360): 2
LogDevObjectVersion:   Dev-Networking (A4E4105C-59A1-49B5-A7C5-40C4547EDFEE): 0
LogDevObjectVersion:   Dev-Online (39C831C9-5AE6-47DC-9A44-9C173E1C8E7C): 0
LogDevObjectVersion:   Dev-Physics (78F01B33-EBEA-4F98-B9B4-84EACCB95AA2): 0
LogDevObjectVersion:   Dev-Platform (6631380F-2D4D-43E0-8009-CF276956A95A): 0
LogDevObjectVersion:   Dev-Rendering (12F88B9F-8875-4AFC-A67C-D90C383ABD29): 26
LogDevObjectVersion:   Dev-Sequencer (7B5AE74C-D270-4C10-A958-57980B212A5A): 9
LogDevObjectVersion:   Dev-VR (D7296918-1DD6-4BDD-9DE2-64A83CC13884): 2
LogDevObjectVersion:   Dev-LoadTimes (C2A15278-BFE7-4AFE-6C17-90FF531DF755): 1
LogDevObjectVersion:   Private-Geometry (6EACA3D4-40EC-4CC1-B786-8BED09428FC5): 3
LogDevObjectVersion:   Dev-AnimPhys (29E575DD-E0A3-4627-9D10-D276232CDCEA): 17
LogDevObjectVersion:   Dev-ReflectionCapture (6B266CEC-1EC7-4B8F-A30B-E4D90942FC07): 1
LogDevObjectVersion:   Dev-Automation (0DF73D61-A23F-47EA-B727-89E90C41499A): 1
LogDevObjectVersion:   FortniteMain (601D1886-AC64-4F84-AA16-D3DE0DEAC7D6): 12
LogDevObjectVersion:   Dev-Enterprise (9DFFBCD6-494F-0158-E221-12823C92A888): 1
LogStreaming: Display: Took  0.007s to delete old logs.
LogInit: Presizing for max 8388607 objects, including 0 objects not considered by GC, pre-allocating 0 bytes for permanent pool.
LogInit: Object subsystem initialized
[2018.11.21-20.18.32:351][  0]LogInit: Selected Device Profile: [Windows]
[2018.11.21-20.18.32:351][  0]LogInit: Applying CVar settings loaded from the selected device profile: [Windows]
[2018.11.21-20.18.32:362][  0]LogHAL: Display: Platform has ~ 16 GB [17058729984 / 17179869184 / 16], which maps to Larger [LargestMinGB=32, LargerMinGB=12, DefaultMinGB=8, SmallerMinGB=6, SmallestMinGB=0)
[2018.11.21-20.18.32:362][  0]LogInit: Setting Device Profile CVar: [[r.Vulkan.UseRealUBs:1]]
[2018.11.21-20.18.32:362][  0]LogInit: Going up to parent DeviceProfile []
[2018.11.21-20.18.32:362][  0]LogInit: Computer: LAPTOP-TLBN2SQS
[2018.11.21-20.18.32:362][  0]LogInit: User: kevin
[2018.11.21-20.18.32:362][  0]LogInit: CPU Page size=4096, Cores=4
[2018.11.21-20.18.32:362][  0]LogInit: High frequency timer resolution =1.945315 MHz
[2018.11.21-20.18.32:363][  0]LogMemory: Memory total: Physical=15.9GB (16GB approx)
[2018.11.21-20.18.32:363][  0]LogMemory: Platform Memory Stats for Windows
[2018.11.21-20.18.32:363][  0]LogMemory: Process Physical Memory: 100.04 MB used, 100.04 MB peak
[2018.11.21-20.18.32:363][  0]LogMemory: Process Virtual Memory: 90.87 MB used, 90.87 MB peak
[2018.11.21-20.18.32:363][  0]LogMemory: Physical Memory: 7306.26 MB used,  8962.21 MB free, 16268.47 MB total
[2018.11.21-20.18.32:363][  0]LogMemory: Virtual Memory: 4640.04 MB used,  8962.21 MB free, 134217728.00 MB total
[2018.11.21-20.18.32:396][  0]LogInit: Using OS detected language (en-GB).
[2018.11.21-20.18.32:396][  0]LogInit: Using OS detected locale (en-GB).
[2018.11.21-20.18.32:397][  0]LogTextLocalizationManager: No specific localization for 'en-GB' exists, so the 'en' localization will be used.
[2018.11.21-20.18.32:718][  0]LogStreaming: Display: Took  0.323s to InitEngineTextLocalization.
[2018.11.21-20.18.32:718][  0]LogInit: Setting process to per monitor DPI aware
[2018.11.21-20.18.32:753][  0]LogSlate: New Slate User Created.  User Index 0, Is Virtual User: 0
[2018.11.21-20.18.32:753][  0]LogSlate: Slate User Registered.  User Index 0, Is Virtual User: 0
[2018.11.21-20.18.33:035][  0]LogHMD: Failed to initialize OpenVR with code 110
[2018.11.21-20.18.33:035][  0]LogD3D11RHI: D3D11 adapters:
[2018.11.21-20.18.34:026][  0]LogD3D11RHI:    0. 'NVIDIA GeForce MX150' (Feature Level 11_0)
[2018.11.21-20.18.34:026][  0]LogD3D11RHI:       4027/0/8134 MB DedicatedVideo/DedicatedSystem/SharedSystem, Outputs:1, VendorId:0x10de
[2018.11.21-20.18.34:043][  0]LogD3D11RHI:    1. 'Intel(R) UHD Graphics 620' (Feature Level 11_0)
[2018.11.21-20.18.34:043][  0]LogD3D11RHI:       128/0/8134 MB DedicatedVideo/DedicatedSystem/SharedSystem, Outputs:0, VendorId:0x8086
[2018.11.21-20.18.34:045][  0]LogD3D11RHI:    2. 'Microsoft Basic Render Driver' (Feature Level 11_0)
[2018.11.21-20.18.34:045][  0]LogD3D11RHI:       0/0/8134 MB DedicatedVideo/DedicatedSystem/SharedSystem, Outputs:0, VendorId:0x1414
[2018.11.21-20.18.34:045][  0]LogD3D11RHI: Chosen D3D11 Adapter: 0
[2018.11.21-20.18.34:070][  0]LogD3D11RHI: Creating new Direct3DDevice
[2018.11.21-20.18.34:070][  0]LogD3D11RHI:     GPU DeviceId: 0x1d10 (for the marketing name, search the web for "GPU Device Id")
[2018.11.21-20.18.34:070][  0]LogWindows: EnumDisplayDevices:
[2018.11.21-20.18.34:071][  0]LogWindows:    0. 'Intel(R) UHD Graphics 620' (P:1 D:1)
[2018.11.21-20.18.34:071][  0]LogWindows:    1. 'Intel(R) UHD Graphics 620' (P:0 D:0)
[2018.11.21-20.18.34:071][  0]LogWindows:    2. 'Intel(R) UHD Graphics 620' (P:0 D:0)
[2018.11.21-20.18.34:071][  0]LogWindows: DebugString: PrimaryIsNotTheChoosenAdapter PrimaryIsNotTheChoosenAdapter PrimaryIsNotTheChoosenAdapter FoundDriverCount:0 
[2018.11.21-20.18.34:071][  0]LogD3D11RHI:     Adapter Name: NVIDIA GeForce MX150
[2018.11.21-20.18.34:071][  0]LogD3D11RHI:   Driver Version: Unknown (internal:Unknown, unified:Unknown)
[2018.11.21-20.18.34:071][  0]LogD3D11RHI:      Driver Date: Unknown
[2018.11.21-20.18.34:071][  0]LogRHI: Texture pool is 2819 MB (70% of 4027 MB)
[2018.11.21-20.18.34:111][  0]LogD3D11RHI: Async texture creation enabled
[2018.11.21-20.18.34:129][  0]LogD3D11RHI: GPU Timing Frequency: 1000.000000 (Debug: 2 2)
[2018.11.21-20.18.34:129][  0]LogShaderCompilers: Guid format shader working directory is -29 characters bigger than the processId version (../../../../../../Users/kevin/Documents/GitHub/Honours-Project/ProcGenCity/Intermediate/Shaders/WorkingDirectory/26780/).
[2018.11.21-20.18.34:130][  0]LogShaderCompilers: Cleaned the shader compiler working directory 'C:/Users/kevin/AppData/Local/Temp/UnrealShaderWorkingDir/0B0008F54E51462A1597ABA218BC2CE4/'.
[2018.11.21-20.18.34:404][  0]LogTemp: Display: Loaded TP AllDesktopTargetPlatform
[2018.11.21-20.18.34:418][  0]LogTemp: Display: Loaded TP MacClientTargetPlatform
[2018.11.21-20.18.34:435][  0]LogTemp: Display: Loaded TP MacNoEditorTargetPlatform
[2018.11.21-20.18.34:449][  0]LogTemp: Display: Loaded TP MacServerTargetPlatform
[2018.11.21-20.18.34:464][  0]LogTemp: Display: Loaded TP MacTargetPlatform
[2018.11.21-20.18.34:479][  0]LogTemp: Display: Loaded TP WindowsClientTargetPlatform
[2018.11.21-20.18.34:494][  0]LogTemp: Display: Loaded TP WindowsNoEditorTargetPlatform
[2018.11.21-20.18.34:509][  0]LogTemp: Display: Loaded TP WindowsServerTargetPlatform
[2018.11.21-20.18.34:517][  0]LogTemp: Display: Loaded TP WindowsTargetPlatform
[2018.11.21-20.18.34:600][  0]LogTemp: Display: Loaded TP AndroidTargetPlatform
[2018.11.21-20.18.34:600][  0]LogTemp: Display: Loaded TP AndroidTargetPlatform
[2018.11.21-20.18.34:600][  0]LogTemp: Display: Loaded TP AndroidTargetPlatform
[2018.11.21-20.18.34:600][  0]LogTemp: Display: Loaded TP AndroidTargetPlatform
[2018.11.21-20.18.34:600][  0]LogTemp: Display: Loaded TP AndroidTargetPlatform
[2018.11.21-20.18.34:600][  0]LogTemp: Display: Loaded TP AndroidTargetPlatform
[2018.11.21-20.18.34:600][  0]LogTemp: Display: Loaded TP AndroidTargetPlatform
[2018.11.21-20.18.34:600][  0]LogTemp: Display: Loaded TP AndroidTargetPlatform
[2018.11.21-20.18.34:600][  0]LogTemp: Display: Loaded TP AndroidTargetPlatform
[2018.11.21-20.18.34:600][  0]LogTemp: Display: Loaded TP AndroidTargetPlatform
[2018.11.21-20.18.34:600][  0]LogTemp: Display: Loaded TP AndroidTargetPlatform
[2018.11.21-20.18.34:600][  0]LogTemp: Display: Loaded TP AndroidTargetPlatform
[2018.11.21-20.18.34:600][  0]LogTemp: Display: Loaded TP AndroidTargetPlatform
[2018.11.21-20.18.34:600][  0]LogTemp: Display: Loaded TP AndroidTargetPlatform
[2018.11.21-20.18.34:600][  0]LogTemp: Display: Loaded TP AndroidTargetPlatform
[2018.11.21-20.18.34:600][  0]LogTemp: Display: Loaded TP AndroidTargetPlatform
[2018.11.21-20.18.34:600][  0]LogTemp: Display: Loaded TP AndroidTargetPlatform
[2018.11.21-20.18.34:600][  0]LogTemp: Display: Loaded TP AndroidTargetPlatform
[2018.11.21-20.18.34:602][  0]LogTemp: Display: Loaded TP HTML5TargetPlatform
[2018.11.21-20.18.34:683][  0]LogTemp: Display: Loaded TP IOSTargetPlatform
[2018.11.21-20.18.34:683][  0]LogTemp: Display: Loaded TP IOSTargetPlatform
[2018.11.21-20.18.34:716][  0]LogTemp: Display: Loaded TP TVOSTargetPlatform
[2018.11.21-20.18.34:716][  0]LogTemp: Display: Loaded TP TVOSTargetPlatform
[2018.11.21-20.18.34:727][  0]LogTemp: Display: Loaded TP LinuxClientTargetPlatform
[2018.11.21-20.18.34:739][  0]LogTemp: Display: Loaded TP LinuxNoEditorTargetPlatform
[2018.11.21-20.18.34:750][  0]LogTemp: Display: Loaded TP LinuxServerTargetPlatform
[2018.11.21-20.18.34:762][  0]LogTemp: Display: Loaded TP LinuxTargetPlatform
[2018.11.21-20.18.34:772][  0]LogTemp: Display: Loaded TP LuminTargetPlatform
[2018.11.21-20.18.34:772][  0]LogTargetPlatformManager: Display: Building Assets For Windows
[2018.11.21-20.18.34:867][  0]LogXGEController: Cleaning working directory: C:/Users/kevin/AppData/Local/Temp/UnrealXGEWorkingDir/
[2018.11.21-20.18.34:867][  0]LogXGEController: Cannot use XGE Controller as Incredibuild is not installed on this machine.
[2018.11.21-20.18.34:867][  0]LogShaderCompilers: Cannot use XGE Shader Compiler as Incredibuild is not installed on this machine.
[2018.11.21-20.18.34:867][  0]LogShaderCompilers: Display: Using Local Shader Compiler.
[2018.11.21-20.18.35:740][  0]LogDerivedDataCache: Display: Max Cache Size: 512 MB
[2018.11.21-20.18.35:788][  0]LogDerivedDataCache: Loaded boot cache 0.05s 71MB C:/Users/kevin/AppData/Local/UnrealEngine/4.20/DerivedDataCache/Boot.ddc.
[2018.11.21-20.18.35:788][  0]LogDerivedDataCache: Display: Loaded Boot cache: C:/Users/kevin/AppData/Local/UnrealEngine/4.20/DerivedDataCache/Boot.ddc
[2018.11.21-20.18.35:788][  0]LogDerivedDataCache: FDerivedDataBackendGraph:  Pak pak cache file ../../../../../../Users/kevin/Documents/GitHub/Honours-Project/ProcGenCity/DerivedDataCache/DDC.ddp not found, will not use a pak cache.
[2018.11.21-20.18.35:788][  0]LogDerivedDataCache: Unable to find inner node Pak for hierarchical cache Hierarchy.
[2018.11.21-20.18.35:788][  0]LogDerivedDataCache: FDerivedDataBackendGraph:  CompressedPak pak cache file ../../../../../../Users/kevin/Documents/GitHub/Honours-Project/ProcGenCity/DerivedDataCache/Compressed.ddp not found, will not use a pak cache.
[2018.11.21-20.18.35:788][  0]LogDerivedDataCache: Unable to find inner node CompressedPak for hierarchical cache Hierarchy.
[2018.11.21-20.18.35:799][  0]LogDerivedDataCache: Display: Pak cache opened for reading ../../../Engine/DerivedDataCache/Compressed.ddp.
[2018.11.21-20.18.35:813][  0]LogDerivedDataCache: Using Local data cache path C:/Users/kevin/AppData/Local/UnrealEngine/Common/DerivedDataCache: Writable
[2018.11.21-20.18.35:813][  0]LogDerivedDataCache: Shared data cache path not found in *engine.ini, will not use an Shared cache.
[2018.11.21-20.18.35:813][  0]LogDerivedDataCache: Unable to find inner node Shared for hierarchical cache Hierarchy.
[2018.11.21-20.18.35:829][  0]LogMaterial: Verifying Global Shaders for PCD3D_SM5
[2018.11.21-20.18.35:830][  0]LogSlate: Using FreeType 2.6.0
[2018.11.21-20.18.35:831][  0]LogSlate: SlateFontServices - WITH_FREETYPE: 1, WITH_HARFBUZZ: 1
[2018.11.21-20.18.35:906][  0]LogAssetRegistry: FAssetRegistry took 0.0262 seconds to start up
[2018.11.21-20.18.36:237][  0]LogInit: Selected Device Profile: [Windows]
[2018.11.21-20.18.36:376][  0]LogSimplygon: Simplygon DLL not present - disabling.
[2018.11.21-20.18.36:380][  0]LogMeshReduction: Using SimplygonSwarm for distributed automatic mesh merging
[2018.11.21-20.18.36:381][  0]LogMeshReduction: Using ProxyLODMeshReduction for automatic mesh merging
[2018.11.21-20.18.36:381][  0]LogMeshReduction: Using QuadricMeshReduction for automatic static mesh reduction
[2018.11.21-20.18.36:381][  0]LogMeshReduction: No automatic skeletal mesh reduction module available
[2018.11.21-20.18.36:400][  0]LogNetVersion: ProcGenCity 1.0.0, NetCL: 4212847, EngineNetVer: 5, GameNetVer: 0 (Checksum: 2895139612)
[2018.11.21-20.18.37:058][  0]LogPackageLocalizationCache: Processed 11 localized package path(s) for 2 prioritized culture(s) in 0.180087 seconds
[2018.11.21-20.18.37:065][  0]LogUObjectArray: 38425 objects as part of root set at end of initial load.
[2018.11.21-20.18.37:065][  0]LogUObjectAllocator: 6690864 out of 0 bytes used by permanent object pool.
[2018.11.21-20.18.37:065][  0]LogUObjectArray: CloseDisregardForGC: 0/0 objects in disregard for GC pool
[2018.11.21-20.18.38:142][  0]LogTcpMessaging: Initializing TcpMessaging bridge
[2018.11.21-20.18.38:155][  0]LogUdpMessaging: Initializing bridge on interface 0.0.0.0:0 to multicast group 230.0.0.1:6666.
[2018.11.21-20.18.38:343][  0]SourceControl: Source control is disabled
[2018.11.21-20.18.38:343][  0]SourceControl: Source control is disabled
[2018.11.21-20.18.38:345][  0]SourceControl: Source control is disabled
[2018.11.21-20.18.38:346][  0]SourceControl: Source control is disabled
[2018.11.21-20.18.38:566][  0]LogAndroidPermission: UAndroidPermissionCallbackProxy::GetInstance
[2018.11.21-20.18.38:632][  0]LogOcInput: OculusInput pre-init called
[2018.11.21-20.18.38:705][  0]LogEngine: Initializing Engine...
[2018.11.21-20.18.38:706][  0]LogHMD: Failed to initialize OpenVR with code 110
[2018.11.21-20.18.38:707][  0]LogStats: UGameplayTagsManager::ConstructGameplayTagTree: ImportINI prefixes -  0.000 s
[2018.11.21-20.18.38:707][  0]LogStats: UGameplayTagsManager::ConstructGameplayTagTree: Construct from data asset -  0.000 s
[2018.11.21-20.18.38:708][  0]LogStats: UGameplayTagsManager::ConstructGameplayTagTree: ImportINI -  0.000 s
[2018.11.21-20.18.38:708][  0]LogStats: UGameplayTagsManager::ConstructGameplayTagTree: GameplayTagTreeChangedEvent.Broadcast -  0.000 s
[2018.11.21-20.18.38:990][  0]LogInit: Initializing FReadOnlyCVARCache
[2018.11.21-20.18.39:009][  0]LogAIModule: Creating AISystem for world Untitled
[2018.11.21-20.18.39:067][  0]LogInit: XAudio2 using 'Speaker/Headphone (Realtek High Definition Audio(SST))' : 2 channels at 48 kHz using 32 bits per sample (channel mask 0x3)
[2018.11.21-20.18.39:843][  0]LogInit: FAudioDevice initialized.
[2018.11.21-20.18.39:843][  0]LogNetVersion: Set ProjectVersion to 1.0.0.0. Version Checksum will be recalculated on next use.
[2018.11.21-20.18.39:950][  0]LogDerivedDataCache: Saved boot cache 0.11s 71MB C:/Users/kevin/AppData/Local/UnrealEngine/4.20/DerivedDataCache/Boot.ddc.
[2018.11.21-20.18.39:957][  0]LogInit: Texture streaming: Enabled
[2018.11.21-20.18.39:980][  0]LogEngineSessionManager: EngineSessionManager initialized
[2018.11.21-20.18.39:980][  0]LogEngineSessionManager: EngineSessionManager sent abnormal shutdown report. Type=Crashed, SessionId={D3EA6298-464C-B325-42F5-33A8D8FF72C5}
[2018.11.21-20.18.39:996][  0]LogInit: Transaction tracking system initialized
[2018.11.21-20.18.40:037][  0]BlueprintLog: New page: Editor Load
[2018.11.21-20.18.40:155][  0]LocalizationService: Localization service is disabled
[2018.11.21-20.18.40:833][  0]LogCook: Display: Max memory allowance for cook 16384mb min free memory 0mb
[2018.11.21-20.18.40:833][  0]LogCook: Display: Mobile HDR setting 1
[2018.11.21-20.18.40:833][  0]LogGameplayTags: Display: UGameplayTagsManager::DoneAddingNativeTags. DelegateIsBound: 0
[2018.11.21-20.18.40:833][  0]LogStats: UGameplayTagsManager::ConstructGameplayTagTree: ImportINI prefixes -  0.000 s
[2018.11.21-20.18.40:833][  0]LogStats: UGameplayTagsManager::ConstructGameplayTagTree: Construct from data asset -  0.000 s
[2018.11.21-20.18.40:834][  0]LogStats: UGameplayTagsManager::ConstructGameplayTagTree: ImportINI -  0.000 s
[2018.11.21-20.18.40:834][  0]LogStats: UGameplayTagsManager::ConstructGameplayTagTree: GameplayTagTreeChangedEvent.Broadcast -  0.000 s
[2018.11.21-20.18.40:999][  0]LogFileCache: Scanning file cache for directory 'C:/Users/kevin/Documents/GitHub/Honours-Project/ProcGenCity/Content/' took 0.02s
[2018.11.21-20.18.40:999][  0]SourceControl: Source control is disabled
[2018.11.21-20.18.40:999][  0]Cmd: MAP LOAD FILE="../../../../../../Users/kevin/Documents/GitHub/Honours-Project/ProcGenCity/Content/StarterContent/Maps/Minimal_Default.umap" TEMPLATE=0 SHOWPROGRESS=1 FEATURELEVEL=3
[2018.11.21-20.18.41:000][  0]LightingResults: New page: Lighting Build
[2018.11.21-20.18.41:004][  0]MapCheck: New page: Map Check
[2018.11.21-20.18.41:004][  0]LightingResults: New page: Lighting Build
[2018.11.21-20.18.41:445][  0]LogAIModule: Creating AISystem for world Minimal_Default
[2018.11.21-20.18.41:463][  0]LogEditorServer: Finished looking for orphan Actors (0.000 secs)
[2018.11.21-20.18.41:492][  0]Cmd: MAP CHECKDEP NOCLEARLOG
[2018.11.21-20.18.41:628][  0]MapCheck: Map check complete: 0 Error(s), 0 Warning(s), took 136.713ms to complete.
[2018.11.21-20.18.41:628][  0]LogFileHelpers: Loading map 'Minimal_Default' took 0.629
[2018.11.21-20.18.41:733][  0]LogSlate: Updating window title bar state: overlay mode, drag disabled, window buttons hidden, title bar hidden
[2018.11.21-20.18.41:742][  0]LogSlate: Updating window title bar state: overlay mode, drag disabled, window buttons hidden, title bar hidden
[2018.11.21-20.18.41:749][  0]LogSlate: Updating window title bar state: overlay mode, drag disabled, window buttons hidden, title bar hidden
[2018.11.21-20.18.41:759][  0]LogSlate: Updating window title bar state: overlay mode, drag disabled, window buttons hidden, title bar hidden
[2018.11.21-20.18.41:772][  0]LogCollectionManager: Loaded 0 collections in 0.003158 seconds
[2018.11.21-20.18.41:818][  0]LogFileCache: Scanning file cache for directory 'C:/Users/kevin/Documents/GitHub/Honours-Project/ProcGenCity/Saved/Collections/' took 0.01s
[2018.11.21-20.18.41:818][  0]LogFileCache: Scanning file cache for directory 'C:/Users/kevin/Documents/GitHub/Honours-Project/ProcGenCity/Content/Developers/kevin/Collections/' took 0.01s
[2018.11.21-20.18.41:818][  0]LogFileCache: Scanning file cache for directory 'C:/Users/kevin/Documents/GitHub/Honours-Project/ProcGenCity/Content/Collections/' took 0.01s
[2018.11.21-20.18.41:818][  0]LogCollectionManager: Rebuilt the GUID cache for 0 collections in 0.000001 seconds
[2018.11.21-20.18.41:829][  0]LogContentBrowser: Native class hierarchy populated in 0.0101 seconds. Added 2578 classes and 605 folders.
[2018.11.21-20.18.41:836][  0]LogContentBrowser: Native class hierarchy updated for 'WidgetCarousel' in 0.0003 seconds. Added 0 classes and 0 folders.
[2018.11.21-20.18.41:904][  0]LogContentBrowser: Native class hierarchy updated for 'AddContentDialog' in 0.0004 seconds. Added 0 classes and 0 folders.
[2018.11.21-20.18.41:912][  0]LogContentBrowser: Native class hierarchy updated for 'SceneOutliner' in 0.0004 seconds. Added 1 classes and 2 folders.
[2018.11.21-20.18.41:929][  0]LogSlate: Took 0.000268 seconds to synchronously load lazily loaded font '../../../Engine/Content/Slate/Fonts/Roboto-Regular.ttf' (155K)
[2018.11.21-20.18.41:931][  0]LogSlate: Took 0.000320 seconds to synchronously load lazily loaded font '../../../Engine/Content/Slate/Fonts/Roboto-Bold.ttf' (160K)
[2018.11.21-20.18.41:940][  0]LogSlate: Took 0.000351 seconds to synchronously load lazily loaded font '../../../Engine/Content/Editor/Slate/Fonts/FontAwesome.ttf' (139K)
[2018.11.21-20.18.42:044][  0]LogRenderer: Reallocating scene render targets to support 1208x576 Format 9 NumSamples 1 (Frame:1).
[2018.11.21-20.18.42:097][  0]LogSlate: Took 0.000240 seconds to synchronously load lazily loaded font '../../../Engine/Content/Slate/Fonts/Roboto-Light.ttf' (167K)
[2018.11.21-20.18.42:228][  0]LogContentBrowser: Native class hierarchy updated for 'HierarchicalLODOutliner' in 0.0004 seconds. Added 0 classes and 0 folders.
[2018.11.21-20.18.42:229][  0]LogLoad: (Engine Initialization) Total time: 12.11 seconds
[2018.11.21-20.18.42:229][  0]LogLoad: (Engine Initialization) Total Blueprint compile time: 0.00 seconds
[2018.11.21-20.18.42:256][  0]LogActor: Warning: Road /Engine/Transient.World_0:PersistentLevel.Road_0 has natively added scene component(s), but none of them were set as the actor's RootComponent - picking one arbitrarily
[2018.11.21-20.18.42:263][  0]LogActor: Warning: LotPlacement /Engine/Transient.World_1:PersistentLevel.LotPlacement_0 has natively added scene component(s), but none of them were set as the actor's RootComponent - picking one arbitrarily
[2018.11.21-20.18.42:284][  0]LogContentStreaming: Texture pool size now 400 MB
[2018.11.21-20.18.42:520][  1]LogAssetRegistry: Asset discovery search completed in 6.6367 seconds
[2018.11.21-20.18.42:522][  1]LogCollectionManager: Rebuilt the object cache for 0 collections in 0.000000 seconds (found 0 objects)
[2018.11.21-20.18.42:522][  1]LogCollectionManager: Fixed up redirectors for 0 collections in 0.000046 seconds (updated 0 objects)
[2018.11.21-20.19.06:925][358]LogSlate: FSceneViewport::OnFocusLost() reason 0
[2018.11.21-20.19.07:151][370]Candidate modules for hot reload:
[2018.11.21-20.19.07:151][370]  ProcGenCity
[2018.11.21-20.19.07:151][370]Launching UnrealBuildTool... [C:/Program Files/Epic Games/UE_4.20/Engine/Binaries/DotNET/UnrealBuildTool.exe  -ModuleWithSuffix=ProcGenCity,8514 Win64 Development -TargetType=Editor -Project="../../../../../../Users/kevin/Documents/GitHub/Honours-Project/ProcGenCity/ProcGenCity.uproject" -canskiplink "C:/Users/kevin/Documents/GitHub/Honours-Project/ProcGenCity/ProcGenCity.uproject" ]
[2018.11.21-20.19.07:154][370]Warning: Starting HotReload took  0.0s.
[2018.11.21-20.19.13:483][749]CompilerResultsLog: New page: Compilation - 21 Nov 2018 20:19:13
[2018.11.21-20.19.13:483][749]CompilerResultsLog: Using 'git status' to determine working set for adaptive non-unity build.
[2018.11.21-20.19.13:483][749]CompilerResultsLog: Compiling game modules for hot reload
[2018.11.21-20.19.13:483][749]CompilerResultsLog: Building 3 actions with 8 processes...
[2018.11.21-20.19.13:483][749]CompilerResultsLog:   [1/3] LotPlacement.cpp
[2018.11.21-20.19.13:483][749]CompilerResultsLog:   [2/3] UE4Editor-ProcGenCity-8514.lib
[2018.11.21-20.19.13:483][749]CompilerResultsLog:      Creating library C:\Users\kevin\Documents\GitHub\Honours-Project\ProcGenCity\Intermediate\Build\Win64\UE4Editor\Development\ProcGenCity\UE4Editor-ProcGenCity-8514.lib and object C:\Users\kevin\Documents\GitHub\Honours-Project\ProcGenCity\Intermediate\Build\Win64\UE4Editor\Development\ProcGenCity\UE4Editor-ProcGenCity-8514.exp
[2018.11.21-20.19.13:483][749]CompilerResultsLog:   [3/3] UE4Editor-ProcGenCity-8514.dll
[2018.11.21-20.19.13:483][749]CompilerResultsLog:      Creating library C:\Users\kevin\Documents\GitHub\Honours-Project\ProcGenCity\Intermediate\Build\Win64\UE4Editor\Development\ProcGenCity\UE4Editor-ProcGenCity-8514.suppressed.lib and object C:\Users\kevin\Documents\GitHub\Honours-Project\ProcGenCity\Intermediate\Build\Win64\UE4Editor\Development\ProcGenCity\UE4Editor-ProcGenCity-8514.suppressed.exp
[2018.11.21-20.19.13:483][749]CompilerResultsLog: Total build time: 5.98 seconds (Parallel executor: 2.73 seconds)
[2018.11.21-20.19.13:484][749]LogMainFrame: MainFrame: Module compiling took 6.337 seconds
[2018.11.21-20.19.15:037][749]LogContentBrowser: Native class hierarchy updated for 'ProcGenCity' in 0.0005 seconds. Added 6 classes and 2 folders.
[2018.11.21-20.19.15:039][749]Display: HotReload successful (0 functions remapped  0 scriptstructs remapped)
[2018.11.21-20.19.15:164][749]LogContentBrowser: Native class hierarchy populated in 0.0087 seconds. Added 2579 classes and 607 folders.
[2018.11.21-20.19.15:165][749]Display: HotReload took  8.0s.
[2018.11.21-20.19.22:589][194]LogActor: Warning: MyRoad_C /Engine/Transient.World_3:PersistentLevel.MyRoad_C_0 has natively added scene component(s), but none of them were set as the actor's RootComponent - picking one arbitrarily
[2018.11.21-20.19.22:593][194]LogActor: Warning: MyLotPlacement_C /Engine/Transient.World_4:PersistentLevel.MyLotPlacement_C_0 has natively added scene component(s), but none of them were set as the actor's RootComponent - picking one arbitrarily
[2018.11.21-20.19.24:024][280]LogActor: Warning: MyLotPlacement_C /Game/StarterContent/Maps/Minimal_Default.Minimal_Default:PersistentLevel.MyLotPlacement_C_0 has natively added scene component(s), but none of them were set as the actor's RootComponent - picking one arbitrarily
[2018.11.21-20.19.24:646][317]LogActor: Warning: MyLotPlacement_C /Game/StarterContent/Maps/Minimal_Default.Minimal_Default:PersistentLevel.MyLotPlacement_C_1 has natively added scene component(s), but none of them were set as the actor's RootComponent - picking one arbitrarily
[2018.11.21-20.19.29:106][580]LogSlate: FSceneViewport::OnFocusLost() reason 0
[2018.11.21-20.19.29:306][592]LogSpawn: Warning: SpawnActor failed because no class was specified
[2018.11.21-20.19.29:307][592]LogWindows: Windows GetLastError: The operation completed successfully. (0)
[2018.11.21-20.19.30:817][592]LogWindows: Error: === Critical error: ===
[2018.11.21-20.19.30:817][592]LogWindows: Error: 
[2018.11.21-20.19.30:817][592]LogWindows: Error: Assertion failed: (Index >= 0) & (Index < ArrayNum) [File:C:\Program Files\Epic Games\UE_4.20\Engine\Source\Runtime\Core\Public\Containers/Array.h] [Line: 611] 
[2018.11.21-20.19.30:817][592]LogWindows: Error: Array index out of bounds: 1 from an array of size 0
[2018.11.21-20.19.30:817][592]LogWindows: Error: 
[2018.11.21-20.19.30:817][592]LogWindows: Error: 
[2018.11.21-20.19.30:817][592]LogWindows: Error: [Callstack] 0x00007fff98b4a388 KERNELBASE.dll!UnknownFunction []
[2018.11.21-20.19.30:817][592]LogWindows: Error: [Callstack] 0x00007fff6e886850 UE4Editor-ApplicationCore.dll!UnknownFunction []
[2018.11.21-20.19.30:817][592]LogWindows: Error: [Callstack] 0x00007fff477362fc UE4Editor-Core.dll!UnknownFunction []
[2018.11.21-20.19.30:817][592]LogWindows: Error: [Callstack] 0x00007fff476c51db UE4Editor-Core.dll!UnknownFunction []
[2018.11.21-20.19.30:817][592]LogWindows: Error: [Callstack] 0x00007fff194282ae UE4Editor-ProcGenCity-8514.dll!ALotPlacement::GenerateRoad() [c:\users\kevin\documents\github\honours-project\procgencity\source\procgencity\lotplacement.cpp:258]
[2018.11.21-20.19.30:817][592]LogWindows: Error: [Callstack] 0x00007fff1942859a UE4Editor-ProcGenCity-8514.dll!ALotPlacement::OnConstruction() [c:\users\kevin\documents\github\honours-project\procgencity\source\procgencity\lotplacement.cpp:56]
[2018.11.21-20.19.30:817][592]LogWindows: Error: [Callstack] 0x00007fff44a34eff UE4Editor-Engine.dll!UnknownFunction []
[2018.11.21-20.19.30:817][592]LogWindows: Error: [Callstack] 0x00007fff44a671f1 UE4Editor-Engine.dll!UnknownFunction []
[2018.11.21-20.19.30:817][592]LogWindows: Error: [Callstack] 0x00007fff44a54e8e UE4Editor-Engine.dll!UnknownFunction []
[2018.11.21-20.19.30:817][592]LogWindows: Error: [Callstack] 0x00007fff606fcf73 UE4Editor-CoreUObject.dll!UnknownFunction []
[2018.11.21-20.19.30:817][592]LogWindows: Error: [Callstack] 0x00007fff40d569a6 UE4Editor-PropertyEditor.dll!UnknownFunction []
[2018.11.21-20.19.30:817][592]LogWindows: Error: [Callstack] 0x00007fff40d4a699 UE4Editor-PropertyEditor.dll!UnknownFunction []
[2018.11.21-20.19.30:817][592]LogWindows: Error: [Callstack] 0x00007fff40d4ac2d UE4Editor-PropertyEditor.dll!UnknownFunction []
[2018.11.21-20.19.30:817][592]LogWindows: Error: [Callstack] 0x00007fff40d4a8ce UE4Editor-PropertyEditor.dll!UnknownFunction []
[2018.11.21-20.19.30:817][592]LogWindows: Error: [Callstack] 0x00007fff40d93e1a UE4Editor-PropertyEditor.dll!UnknownFunction []
[2018.11.21-20.19.30:817][592]LogWindows: Error: [Callstack] 0x00007fff40e4817e UE4Editor-PropertyEditor.dll!UnknownFunction []
[2018.11.21-20.19.30:817][592]LogWindows: Error: [Callstack] 0x00007fff40e2a779 UE4Editor-PropertyEditor.dll!UnknownFunction []
[2018.11.21-20.19.30:817][592]LogWindows: Error: [Callstack] 0x00007fff5d509ddd UE4Editor-Slate.dll!UnknownFunction []
[2018.11.21-20.19.30:817][592]LogWindows: Error: [Callstack] 0x00007fff5d2f94c5 UE4Editor-Slate.dll!UnknownFunction []
[2018.11.21-20.19.30:817][592]LogWindows: Error: [Callstack] 0x00007fff5d391db2 UE4Editor-Slate.dll!UnknownFunction []
[2018.11.21-20.19.30:817][592]LogWindows: Error: [Callstack] 0x00007fff5d377c7a UE4Editor-Slate.dll!UnknownFunction []
[2018.11.21-20.19.30:817][592]LogWindows: Error: [Callstack] 0x00007fff5d36b25c UE4Editor-Slate.dll!UnknownFunction []
[2018.11.21-20.19.30:817][592]LogWindows: Error: [Callstack] 0x00007fff6e87d1c7 UE4Editor-ApplicationCore.dll!UnknownFunction []
[2018.11.21-20.19.30:817][592]LogWindows: Error: [Callstack] 0x00007fff6e870270 UE4Editor-ApplicationCore.dll!UnknownFunction []
[2018.11.21-20.19.30:817][592]LogWindows: Error: [Callstack] 0x00007fff6e87f4c5 UE4Editor-ApplicationCore.dll!UnknownFunction []
[2018.11.21-20.19.30:817][592]LogWindows: Error: [Callstack] 0x00007fff6e86c209 UE4Editor-ApplicationCore.dll!UnknownFunction []
[2018.11.21-20.19.30:817][592]LogWindows: Error: [Callstack] 0x00007fff9a3b6d41 USER32.dll!UnknownFunction []
[2018.11.21-20.19.30:817][592]LogWindows: Error: [Callstack] 0x00007fff9a3b6713 USER32.dll!UnknownFunction []
[2018.11.21-20.19.30:817][592]LogWindows: Error: [Callstack] 0x00007fff6e880646 UE4Editor-ApplicationCore.dll!UnknownFunction []
[2018.11.21-20.19.30:817][592]LogWindows: Error: [Callstack] 0x00007ff6e16854e5 UE4Editor.exe!UnknownFunction []
[2018.11.21-20.19.30:817][592]LogWindows: Error: [Callstack] 0x00007ff6e1695b3c UE4Editor.exe!UnknownFunction []
[2018.11.21-20.19.30:817][592]LogWindows: Error: [Callstack] 0x00007ff6e1695bba UE4Editor.exe!UnknownFunction []
[2018.11.21-20.19.30:817][592]LogWindows: Error: [Callstack] 0x00007ff6e16a3dac UE4Editor.exe!UnknownFunction []
[2018.11.21-20.19.30:817][592]LogWindows: Error: [Callstack] 0x00007ff6e16a5aaa UE4Editor.exe!UnknownFunction []
[2018.11.21-20.19.30:817][592]LogWindows: Error: [Callstack] 0x00007fff9bb93034 KERNEL32.DLL!UnknownFunction []
[2018.11.21-20.19.30:817][592]LogWindows: Error: [Callstack] 0x00007fff9c701471 ntdll.dll!UnknownFunction []
[2018.11.21-20.19.30:817][592]LogWindows: Error: 
[2018.11.21-20.19.30:828][592]LogExit: Executing StaticShutdownAfterError
[2018.11.21-20.19.30:830][592]LogWindows: FPlatformMisc::RequestExit(1)
[2018.11.21-20.19.30:840][592]Log file closed, 11/21/18 20:19:30
