Log file open, 02/26/19 20:58:18
LogWindows: Failed to load 'aqProf.dll' (GetLastError=126)
LogWindows: File 'aqProf.dll' does not exist
LogWindows: Failed to load 'VSPerf140.dll' (GetLastError=126)
LogWindows: File 'VSPerf140.dll' does not exist
LogWindows: Failed to load 'VtuneApi.dll' (GetLastError=126)
LogWindows: File 'VtuneApi.dll' does not exist
LogWindows: Failed to load 'VtuneApi32e.dll' (GetLastError=126)
LogWindows: File 'VtuneApi32e.dll' does not exist
LogInit: Display: Running engine for game: ProcGenCity
LogPlatformFile: Not using cached read wrapper
LogTaskGraph: Started task graph with 5 named threads and 23 total threads with 3 sets of task threads.
LogStats: Stats thread started at 0.480980
LogD3D11RHI: Loaded GFSDK_Aftermath_Lib.x64.dll
LogICUInternationalization: Display: ICU TimeZone Detection - Raw Offset: +0:00, Platform Override: ''
LogPluginManager: Mounting plugin Paper2D
LogPluginManager: Mounting plugin AISupport
LogPluginManager: Mounting plugin LightPropagationVolume
LogPluginManager: Mounting plugin CLionSourceCodeAccess
LogPluginManager: Mounting plugin CodeLiteSourceCodeAccess
LogPluginManager: Mounting plugin GitSourceControl
LogPluginManager: Mounting plugin KDevelopSourceCodeAccess
LogPluginManager: Mounting plugin NullSourceCodeAccess
LogPluginManager: Mounting plugin PerforceSourceControl
LogPluginManager: Mounting plugin SubversionSourceControl
LogPluginManager: Mounting plugin UObjectPlugin
LogPluginManager: Mounting plugin VisualStudioCodeSourceCodeAccess
LogPluginManager: Mounting plugin VisualStudioSourceCodeAccess
LogPluginManager: Mounting plugin XCodeSourceCodeAccess
LogPluginManager: Mounting plugin AssetManagerEditor
LogPluginManager: Mounting plugin CryptoKeys
LogPluginManager: Mounting plugin DataValidation
LogPluginManager: Mounting plugin FacialAnimation
LogPluginManager: Mounting plugin GameplayTagsEditor
LogPluginManager: Mounting plugin MacGraphicsSwitching
LogPluginManager: Mounting plugin MeshEditor
LogPluginManager: Mounting plugin MobileLauncherProfileWizard
LogPluginManager: Mounting plugin PluginBrowser
LogPluginManager: Mounting plugin SpeedTreeImporter
LogPluginManager: Mounting plugin DatasmithContent
LogPluginManager: Mounting plugin AlembicImporter
LogPluginManager: Mounting plugin AppleImageUtils
LogPluginManager: Mounting plugin AppleVision
LogPluginManager: Mounting plugin BackChannel
LogPluginManager: Mounting plugin CharacterAI
LogPluginManager: Mounting plugin GeometryCache
LogPluginManager: Mounting plugin HTML5Networking
LogPluginManager: Mounting plugin ProxyLODPlugin
LogPluginManager: Mounting plugin MagicLeap
LogPluginManager: Mounting plugin MagicLeapEmulator
LogPluginManager: Mounting plugin MagicLeapMedia
LogPluginManager: Mounting plugin AndroidMedia
LogPluginManager: Mounting plugin AvfMedia
LogPluginManager: Mounting plugin ImgMedia
LogPluginManager: Mounting plugin LinearTimecode
LogPluginManager: Mounting plugin MediaCompositing
LogPluginManager: Mounting plugin MediaPlayerEditor
LogPluginManager: Mounting plugin WmfMedia
LogPluginManager: Mounting plugin TcpMessaging
LogPluginManager: Mounting plugin UdpMessaging
LogPluginManager: Mounting plugin ActorSequence
LogPluginManager: Mounting plugin LevelSequenceEditor
LogPluginManager: Mounting plugin MatineeToLevelSequence
LogPluginManager: Mounting plugin NetcodeUnitTest
LogPluginManager: Mounting plugin NUTUnrealEngine4
LogPluginManager: Mounting plugin OnlineSubsystemGooglePlay
LogPluginManager: Mounting plugin OnlineSubsystemIOS
LogPluginManager: Mounting plugin OnlineSubsystem
LogPluginManager: Mounting plugin OnlineSubsystemNull
LogPluginManager: Mounting plugin OnlineSubsystemUtils
LogPluginManager: Mounting plugin LauncherChunkInstaller
LogPluginManager: Mounting plugin AndroidDeviceProfileSelector
LogPluginManager: Mounting plugin AndroidMoviePlayer
LogPluginManager: Mounting plugin AndroidPermission
LogPluginManager: Mounting plugin AppleMoviePlayer
LogPluginManager: Mounting plugin ArchVisCharacter
LogPluginManager: Mounting plugin AudioCapture
LogPluginManager: Mounting plugin CableComponent
LogPluginManager: Mounting plugin CustomMeshComponent
LogPluginManager: Mounting plugin EditableMesh
LogPluginManager: Mounting plugin ExampleDeviceProfileSelector
LogPluginManager: Mounting plugin GoogleCloudMessaging
LogPluginManager: Mounting plugin ImmediatePhysics
LogPluginManager: Mounting plugin IOSDeviceProfileSelector
LogPluginManager: Mounting plugin LinuxDeviceProfileSelector
LogPluginManager: Mounting plugin LocationServicesBPLibrary
LogPluginManager: Mounting plugin MobilePatchingUtils
LogPluginManager: Mounting plugin OculusVR
LogPluginManager: Plugin shader directory ../../../Engine/Plugins/Runtime/Oculus/OculusVR/Shaders found
LogPluginManager: Mapping shader source directory ../../../Engine/Plugins/Runtime/Oculus/OculusVR/Shaders to virtual directory /Plugin/OculusVR
LogPluginManager: Mounting plugin PhysXVehicles
LogPluginManager: Mounting plugin ProceduralMeshComponent
LogPluginManager: Mounting plugin RuntimePhysXCooking
LogPluginManager: Mounting plugin SteamVR
LogPluginManager: Mounting plugin WindowsMoviePlayer
LogStreaming: Display: Took  0.321s to configure plugins.
LogInit: Using libcurl 7.55.1-DEV
LogInit:  - built for x86_64-pc-win32
LogInit:  - supports SSL with OpenSSL/1.0.2h
LogInit:  - supports HTTP deflate (compression) using libz 1.2.8
LogInit:  - other features:
LogInit:      CURL_VERSION_SSL
LogInit:      CURL_VERSION_LIBZ
LogInit:      CURL_VERSION_IPV6
LogInit:      CURL_VERSION_ASYNCHDNS
LogInit:      CURL_VERSION_LARGEFILE
LogInit:      CURL_VERSION_IDN
LogInit:  CurlRequestOptions (configurable via config and command line):
LogInit:  - bVerifyPeer = false  - Libcurl will NOT verify peer certificate
LogInit:  - bUseHttpProxy = false  - Libcurl will NOT use HTTP proxy
LogInit:  - bDontReuseConnections = false  - Libcurl will reuse connections
LogInit:  - CertBundlePath = nullptr  - Libcurl will use whatever was configured at build time.
LogInit:  - MaxHostConnections = 16  - Libcurl will limit the number of connections to a host
LogInit:  - LocalHostAddr = Default
LogInit:  - BufferSize = 65536
LogInit: WinSock: version 1.1 (2.2), MaxSocks=32767, MaxUdp=65467
LogHMD: Failed initializing OVRPlugin 1.25.0
LogInit: Build: ++UE4+Release-4.20-CL-4369336
LogInit: Engine Version: 4.20.3-4369336+++UE4+Release-4.20
LogInit: Compatible Engine Version: 4.20.0-4212847+++UE4+Release-4.20
LogInit: Net CL: 4212847
LogInit: OS: Windows 10 (), CPU: Intel(R) Core(TM) i7-8550U CPU @ 1.80GHz, GPU: Intel(R) UHD Graphics 620
LogInit: Compiled (64-bit): Sep 17 2018 12:26:19
LogInit: Compiled with Visual C++: 19.13.26129.00
LogInit: Build Configuration: Development
LogInit: Branch Name: ++UE4+Release-4.20
LogInit: Command Line:  
LogInit: Base Directory: C:/Program Files/Epic Games/UE_4.20/Engine/Binaries/Win64/
LogInit: Installed Engine Build: 1
LogDevObjectVersion: Number of dev versions registered: 20
LogDevObjectVersion:   Dev-Blueprints (B0D832E4-1F89-4F0D-ACCF-7EB736FD4AA2): 10
LogDevObjectVersion:   Dev-Build (E1C64328-A22C-4D53-A36C-8E866417BD8C): 0
LogDevObjectVersion:   Dev-Core (375EC13C-06E4-48FB-B500-84F0262A717E): 2
LogDevObjectVersion:   Dev-Editor (E4B068ED-F494-42E9-A231-DA0B2E46BB41): 24
LogDevObjectVersion:   Dev-Framework (CFFC743F-43B0-4480-9391-14DF171D2073): 34
LogDevObjectVersion:   Dev-Mobile (B02B49B5-BB20-44E9-A304-32B752E40360): 2
LogDevObjectVersion:   Dev-Networking (A4E4105C-59A1-49B5-A7C5-40C4547EDFEE): 0
LogDevObjectVersion:   Dev-Online (39C831C9-5AE6-47DC-9A44-9C173E1C8E7C): 0
LogDevObjectVersion:   Dev-Physics (78F01B33-EBEA-4F98-B9B4-84EACCB95AA2): 0
LogDevObjectVersion:   Dev-Platform (6631380F-2D4D-43E0-8009-CF276956A95A): 0
LogDevObjectVersion:   Dev-Rendering (12F88B9F-8875-4AFC-A67C-D90C383ABD29): 26
LogDevObjectVersion:   Dev-Sequencer (7B5AE74C-D270-4C10-A958-57980B212A5A): 9
LogDevObjectVersion:   Dev-VR (D7296918-1DD6-4BDD-9DE2-64A83CC13884): 2
LogDevObjectVersion:   Dev-LoadTimes (C2A15278-BFE7-4AFE-6C17-90FF531DF755): 1
LogDevObjectVersion:   Private-Geometry (6EACA3D4-40EC-4CC1-B786-8BED09428FC5): 3
LogDevObjectVersion:   Dev-AnimPhys (29E575DD-E0A3-4627-9D10-D276232CDCEA): 17
LogDevObjectVersion:   Dev-ReflectionCapture (6B266CEC-1EC7-4B8F-A30B-E4D90942FC07): 1
LogDevObjectVersion:   Dev-Automation (0DF73D61-A23F-47EA-B727-89E90C41499A): 1
LogDevObjectVersion:   FortniteMain (601D1886-AC64-4F84-AA16-D3DE0DEAC7D6): 12
LogDevObjectVersion:   Dev-Enterprise (9DFFBCD6-494F-0158-E221-12823C92A888): 1
LogStreaming: Display: Took  0.016s to delete old logs.
LogInit: Presizing for max 8388607 objects, including 0 objects not considered by GC, pre-allocating 0 bytes for permanent pool.
LogInit: Object subsystem initialized
[2019.02.26-20.58.20:232][  0]LogInit: Selected Device Profile: [Windows]
[2019.02.26-20.58.20:232][  0]LogInit: Applying CVar settings loaded from the selected device profile: [Windows]
[2019.02.26-20.58.20:298][  0]LogHAL: Display: Platform has ~ 16 GB [17058729984 / 17179869184 / 16], which maps to Larger [LargestMinGB=32, LargerMinGB=12, DefaultMinGB=8, SmallerMinGB=6, SmallestMinGB=0)
[2019.02.26-20.58.20:298][  0]LogInit: Setting Device Profile CVar: [[r.Vulkan.UseRealUBs:1]]
[2019.02.26-20.58.20:298][  0]LogInit: Going up to parent DeviceProfile []
[2019.02.26-20.58.20:299][  0]LogInit: Computer: LAPTOP-TLBN2SQS
[2019.02.26-20.58.20:299][  0]LogInit: User: kevin
[2019.02.26-20.58.20:299][  0]LogInit: CPU Page size=4096, Cores=4
[2019.02.26-20.58.20:299][  0]LogInit: High frequency timer resolution =1.945312 MHz
[2019.02.26-20.58.20:299][  0]LogMemory: Memory total: Physical=15.9GB (16GB approx)
[2019.02.26-20.58.20:299][  0]LogMemory: Platform Memory Stats for Windows
[2019.02.26-20.58.20:299][  0]LogMemory: Process Physical Memory: 102.02 MB used, 102.02 MB peak
[2019.02.26-20.58.20:299][  0]LogMemory: Process Virtual Memory: 94.13 MB used, 94.13 MB peak
[2019.02.26-20.58.20:300][  0]LogMemory: Physical Memory: 8385.64 MB used,  7882.83 MB free, 16268.47 MB total
[2019.02.26-20.58.20:300][  0]LogMemory: Virtual Memory: 4655.32 MB used,  7882.83 MB free, 134217728.00 MB total
[2019.02.26-20.58.20:372][  0]LogInit: Using OS detected language (en-GB).
[2019.02.26-20.58.20:372][  0]LogInit: Using OS detected locale (en-GB).
[2019.02.26-20.58.20:375][  0]LogTextLocalizationManager: No specific localization for 'en-GB' exists, so the 'en' localization will be used.
[2019.02.26-20.58.21:744][  0]LogStreaming: Display: Took  1.372s to InitEngineTextLocalization.
[2019.02.26-20.58.21:744][  0]LogInit: Setting process to per monitor DPI aware
[2019.02.26-20.58.21:888][  0]LogSlate: New Slate User Created.  User Index 0, Is Virtual User: 0
[2019.02.26-20.58.21:888][  0]LogSlate: Slate User Registered.  User Index 0, Is Virtual User: 0
[2019.02.26-20.58.22:501][  0]LogHMD: Failed to initialize OpenVR with code 100
[2019.02.26-20.58.22:501][  0]LogD3D11RHI: D3D11 adapters:
[2019.02.26-20.58.23:560][  0]LogD3D11RHI:    0. 'NVIDIA GeForce MX150' (Feature Level 11_0)
[2019.02.26-20.58.23:560][  0]LogD3D11RHI:       4027/0/8134 MB DedicatedVideo/DedicatedSystem/SharedSystem, Outputs:1, VendorId:0x10de
[2019.02.26-20.58.23:584][  0]LogD3D11RHI:    1. 'Intel(R) UHD Graphics 620' (Feature Level 11_0)
[2019.02.26-20.58.23:584][  0]LogD3D11RHI:       128/0/8134 MB DedicatedVideo/DedicatedSystem/SharedSystem, Outputs:0, VendorId:0x8086
[2019.02.26-20.58.23:589][  0]LogD3D11RHI:    2. 'Microsoft Basic Render Driver' (Feature Level 11_0)
[2019.02.26-20.58.23:589][  0]LogD3D11RHI:       0/0/8134 MB DedicatedVideo/DedicatedSystem/SharedSystem, Outputs:0, VendorId:0x1414
[2019.02.26-20.58.23:589][  0]LogD3D11RHI: Chosen D3D11 Adapter: 0
[2019.02.26-20.58.23:650][  0]LogD3D11RHI: Creating new Direct3DDevice
[2019.02.26-20.58.23:651][  0]LogD3D11RHI:     GPU DeviceId: 0x1d10 (for the marketing name, search the web for "GPU Device Id")
[2019.02.26-20.58.23:651][  0]LogWindows: EnumDisplayDevices:
[2019.02.26-20.58.23:651][  0]LogWindows:    0. 'Intel(R) UHD Graphics 620' (P:1 D:1)
[2019.02.26-20.58.23:652][  0]LogWindows:    1. 'Intel(R) UHD Graphics 620' (P:0 D:0)
[2019.02.26-20.58.23:653][  0]LogWindows:    2. 'Intel(R) UHD Graphics 620' (P:0 D:0)
[2019.02.26-20.58.23:654][  0]LogWindows: DebugString: PrimaryIsNotTheChoosenAdapter PrimaryIsNotTheChoosenAdapter PrimaryIsNotTheChoosenAdapter FoundDriverCount:0 
[2019.02.26-20.58.23:654][  0]LogD3D11RHI:     Adapter Name: NVIDIA GeForce MX150
[2019.02.26-20.58.23:654][  0]LogD3D11RHI:   Driver Version: Unknown (internal:Unknown, unified:Unknown)
[2019.02.26-20.58.23:654][  0]LogD3D11RHI:      Driver Date: Unknown
[2019.02.26-20.58.23:654][  0]LogRHI: Texture pool is 2819 MB (70% of 4027 MB)
[2019.02.26-20.58.23:764][  0]LogD3D11RHI: Async texture creation enabled
[2019.02.26-20.58.23:789][  0]LogD3D11RHI: GPU Timing Frequency: 1000.000000 (Debug: 2 2)
[2019.02.26-20.58.23:793][  0]LogShaderCompilers: Guid format shader working directory is -29 characters bigger than the processId version (../../../../../../Users/kevin/Documents/GitHub/Honours-Project/ProcGenCity/Intermediate/Shaders/WorkingDirectory/26040/).
[2019.02.26-20.58.23:793][  0]LogShaderCompilers: Cleaned the shader compiler working directory 'C:/Users/kevin/AppData/Local/Temp/UnrealShaderWorkingDir/7FA5175E4507A709D525F4B7D562F9B6/'.
[2019.02.26-20.58.24:573][  0]LogTemp: Display: Loaded TP AllDesktopTargetPlatform
[2019.02.26-20.58.24:605][  0]LogTemp: Display: Loaded TP MacClientTargetPlatform
[2019.02.26-20.58.24:645][  0]LogTemp: Display: Loaded TP MacNoEditorTargetPlatform
[2019.02.26-20.58.24:682][  0]LogTemp: Display: Loaded TP MacServerTargetPlatform
[2019.02.26-20.58.24:724][  0]LogTemp: Display: Loaded TP MacTargetPlatform
[2019.02.26-20.58.24:762][  0]LogTemp: Display: Loaded TP WindowsClientTargetPlatform
[2019.02.26-20.58.24:806][  0]LogTemp: Display: Loaded TP WindowsNoEditorTargetPlatform
[2019.02.26-20.58.24:889][  0]LogTemp: Display: Loaded TP WindowsServerTargetPlatform
[2019.02.26-20.58.24:921][  0]LogTemp: Display: Loaded TP WindowsTargetPlatform
[2019.02.26-20.58.25:380][  0]LogTemp: Display: Loaded TP AndroidTargetPlatform
[2019.02.26-20.58.25:380][  0]LogTemp: Display: Loaded TP AndroidTargetPlatform
[2019.02.26-20.58.25:380][  0]LogTemp: Display: Loaded TP AndroidTargetPlatform
[2019.02.26-20.58.25:380][  0]LogTemp: Display: Loaded TP AndroidTargetPlatform
[2019.02.26-20.58.25:380][  0]LogTemp: Display: Loaded TP AndroidTargetPlatform
[2019.02.26-20.58.25:380][  0]LogTemp: Display: Loaded TP AndroidTargetPlatform
[2019.02.26-20.58.25:381][  0]LogTemp: Display: Loaded TP AndroidTargetPlatform
[2019.02.26-20.58.25:381][  0]LogTemp: Display: Loaded TP AndroidTargetPlatform
[2019.02.26-20.58.25:381][  0]LogTemp: Display: Loaded TP AndroidTargetPlatform
[2019.02.26-20.58.25:381][  0]LogTemp: Display: Loaded TP AndroidTargetPlatform
[2019.02.26-20.58.25:381][  0]LogTemp: Display: Loaded TP AndroidTargetPlatform
[2019.02.26-20.58.25:381][  0]LogTemp: Display: Loaded TP AndroidTargetPlatform
[2019.02.26-20.58.25:381][  0]LogTemp: Display: Loaded TP AndroidTargetPlatform
[2019.02.26-20.58.25:381][  0]LogTemp: Display: Loaded TP AndroidTargetPlatform
[2019.02.26-20.58.25:381][  0]LogTemp: Display: Loaded TP AndroidTargetPlatform
[2019.02.26-20.58.25:381][  0]LogTemp: Display: Loaded TP AndroidTargetPlatform
[2019.02.26-20.58.25:381][  0]LogTemp: Display: Loaded TP AndroidTargetPlatform
[2019.02.26-20.58.25:381][  0]LogTemp: Display: Loaded TP AndroidTargetPlatform
[2019.02.26-20.58.25:390][  0]LogTemp: Display: Loaded TP HTML5TargetPlatform
[2019.02.26-20.58.25:571][  0]LogTemp: Display: Loaded TP IOSTargetPlatform
[2019.02.26-20.58.25:571][  0]LogTemp: Display: Loaded TP IOSTargetPlatform
[2019.02.26-20.58.25:709][  0]LogTemp: Display: Loaded TP TVOSTargetPlatform
[2019.02.26-20.58.25:709][  0]LogTemp: Display: Loaded TP TVOSTargetPlatform
[2019.02.26-20.58.25:773][  0]LogTemp: Display: Loaded TP LinuxClientTargetPlatform
[2019.02.26-20.58.25:834][  0]LogTemp: Display: Loaded TP LinuxNoEditorTargetPlatform
[2019.02.26-20.58.25:891][  0]LogTemp: Display: Loaded TP LinuxServerTargetPlatform
[2019.02.26-20.58.25:948][  0]LogTemp: Display: Loaded TP LinuxTargetPlatform
[2019.02.26-20.58.25:991][  0]LogTemp: Display: Loaded TP LuminTargetPlatform
[2019.02.26-20.58.25:991][  0]LogTargetPlatformManager: Display: Building Assets For Windows
[2019.02.26-20.58.26:248][  0]LogXGEController: Cleaning working directory: C:/Users/kevin/AppData/Local/Temp/UnrealXGEWorkingDir/
[2019.02.26-20.58.26:248][  0]LogXGEController: Cannot use XGE Controller as Incredibuild is not installed on this machine.
[2019.02.26-20.58.26:248][  0]LogShaderCompilers: Cannot use XGE Shader Compiler as Incredibuild is not installed on this machine.
[2019.02.26-20.58.26:248][  0]LogShaderCompilers: Display: Using Local Shader Compiler.
[2019.02.26-20.58.28:011][  0]LogDerivedDataCache: Display: Max Cache Size: 512 MB
[2019.02.26-20.58.28:123][  0]LogDerivedDataCache: Loaded boot cache 0.11s 71MB C:/Users/kevin/AppData/Local/UnrealEngine/4.20/DerivedDataCache/Boot.ddc.
[2019.02.26-20.58.28:124][  0]LogDerivedDataCache: Display: Loaded Boot cache: C:/Users/kevin/AppData/Local/UnrealEngine/4.20/DerivedDataCache/Boot.ddc
[2019.02.26-20.58.28:124][  0]LogDerivedDataCache: FDerivedDataBackendGraph:  Pak pak cache file ../../../../../../Users/kevin/Documents/GitHub/Honours-Project/ProcGenCity/DerivedDataCache/DDC.ddp not found, will not use a pak cache.
[2019.02.26-20.58.28:124][  0]LogDerivedDataCache: Unable to find inner node Pak for hierarchical cache Hierarchy.
[2019.02.26-20.58.28:124][  0]LogDerivedDataCache: FDerivedDataBackendGraph:  CompressedPak pak cache file ../../../../../../Users/kevin/Documents/GitHub/Honours-Project/ProcGenCity/DerivedDataCache/Compressed.ddp not found, will not use a pak cache.
[2019.02.26-20.58.28:124][  0]LogDerivedDataCache: Unable to find inner node CompressedPak for hierarchical cache Hierarchy.
[2019.02.26-20.58.28:146][  0]LogDerivedDataCache: Display: Pak cache opened for reading ../../../Engine/DerivedDataCache/Compressed.ddp.
[2019.02.26-20.58.28:159][  0]LogDerivedDataCache: Using Local data cache path C:/Users/kevin/AppData/Local/UnrealEngine/Common/DerivedDataCache: Writable
[2019.02.26-20.58.28:159][  0]LogDerivedDataCache: Shared data cache path not found in *engine.ini, will not use an Shared cache.
[2019.02.26-20.58.28:159][  0]LogDerivedDataCache: Unable to find inner node Shared for hierarchical cache Hierarchy.
[2019.02.26-20.58.28:197][  0]LogMaterial: Verifying Global Shaders for PCD3D_SM5
[2019.02.26-20.58.28:199][  0]LogSlate: Using FreeType 2.6.0
[2019.02.26-20.58.28:200][  0]LogSlate: SlateFontServices - WITH_FREETYPE: 1, WITH_HARFBUZZ: 1
[2019.02.26-20.58.28:330][  0]LogAssetRegistry: FAssetRegistry took 0.0329 seconds to start up
[2019.02.26-20.58.29:543][  0]LogInit: Selected Device Profile: [Windows]
[2019.02.26-20.58.29:803][  0]LogSimplygon: Simplygon DLL not present - disabling.
[2019.02.26-20.58.29:814][  0]LogMeshReduction: Using SimplygonSwarm for distributed automatic mesh merging
[2019.02.26-20.58.29:814][  0]LogMeshReduction: Using ProxyLODMeshReduction for automatic mesh merging
[2019.02.26-20.58.29:814][  0]LogMeshReduction: Using QuadricMeshReduction for automatic static mesh reduction
[2019.02.26-20.58.29:814][  0]LogMeshReduction: No automatic skeletal mesh reduction module available
[2019.02.26-20.58.30:234][  0]LogNetVersion: ProcGenCity 1.0.0, NetCL: 4212847, EngineNetVer: 5, GameNetVer: 0 (Checksum: 2895139612)
[2019.02.26-20.58.32:257][  0]LogPackageLocalizationCache: Processed 11 localized package path(s) for 2 prioritized culture(s) in 0.412026 seconds
[2019.02.26-20.58.32:277][  0]LogUObjectArray: 38425 objects as part of root set at end of initial load.
[2019.02.26-20.58.32:277][  0]LogUObjectAllocator: 6690864 out of 0 bytes used by permanent object pool.
[2019.02.26-20.58.32:277][  0]LogUObjectArray: CloseDisregardForGC: 0/0 objects in disregard for GC pool
[2019.02.26-20.58.35:522][  0]LogTcpMessaging: Initializing TcpMessaging bridge
[2019.02.26-20.58.35:543][  0]LogUdpMessaging: Initializing bridge on interface 0.0.0.0:0 to multicast group 230.0.0.1:6666.
[2019.02.26-20.58.36:042][  0]SourceControl: Source control is disabled
[2019.02.26-20.58.36:042][  0]SourceControl: Source control is disabled
[2019.02.26-20.58.36:047][  0]SourceControl: Source control is disabled
[2019.02.26-20.58.36:050][  0]SourceControl: Source control is disabled
[2019.02.26-20.58.36:365][  0]LogAndroidPermission: UAndroidPermissionCallbackProxy::GetInstance
[2019.02.26-20.58.36:514][  0]LogOcInput: OculusInput pre-init called
[2019.02.26-20.58.36:721][  0]LogEngine: Initializing Engine...
[2019.02.26-20.58.36:724][  0]LogHMD: Failed to initialize OpenVR with code 100
[2019.02.26-20.58.36:727][  0]LogStats: UGameplayTagsManager::ConstructGameplayTagTree: ImportINI prefixes -  0.000 s
[2019.02.26-20.58.36:727][  0]LogStats: UGameplayTagsManager::ConstructGameplayTagTree: Construct from data asset -  0.000 s
[2019.02.26-20.58.36:727][  0]LogStats: UGameplayTagsManager::ConstructGameplayTagTree: ImportINI -  0.000 s
[2019.02.26-20.58.36:727][  0]LogStats: UGameplayTagsManager::ConstructGameplayTagTree: GameplayTagTreeChangedEvent.Broadcast -  0.000 s
[2019.02.26-20.58.37:531][  0]LogInit: Initializing FReadOnlyCVARCache
[2019.02.26-20.58.37:585][  0]LogAIModule: Creating AISystem for world Untitled
[2019.02.26-20.58.37:930][  0]LogInit: XAudio2 using 'Speaker/Headphone (Realtek High Definition Audio(SST))' : 2 channels at 48 kHz using 32 bits per sample (channel mask 0x3)
[2019.02.26-20.58.38:007][  0]LogInit: FAudioDevice initialized.
[2019.02.26-20.58.38:008][  0]LogNetVersion: Set ProjectVersion to 1.0.0.0. Version Checksum will be recalculated on next use.
[2019.02.26-20.58.38:164][  0]LogDerivedDataCache: Saved boot cache 0.16s 71MB C:/Users/kevin/AppData/Local/UnrealEngine/4.20/DerivedDataCache/Boot.ddc.
[2019.02.26-20.58.38:203][  0]LogInit: Texture streaming: Enabled
[2019.02.26-20.58.38:282][  0]LogEngineSessionManager: EngineSessionManager initialized
[2019.02.26-20.58.38:283][  0]LogEngineSessionManager: EngineSessionManager sent abnormal shutdown report. Type=Crashed, SessionId={380CA318-46D4-8D19-3C70-F9AE048AB3C8}
[2019.02.26-20.58.38:353][  0]LogInit: Transaction tracking system initialized
[2019.02.26-20.58.38:503][  0]BlueprintLog: New page: Editor Load
[2019.02.26-20.58.38:875][  0]LocalizationService: Localization service is disabled
[2019.02.26-20.58.40:826][  0]LogCook: Display: Max memory allowance for cook 16384mb min free memory 0mb
[2019.02.26-20.58.40:826][  0]LogCook: Display: Mobile HDR setting 1
[2019.02.26-20.58.40:826][  0]LogGameplayTags: Display: UGameplayTagsManager::DoneAddingNativeTags. DelegateIsBound: 0
[2019.02.26-20.58.40:827][  0]LogStats: UGameplayTagsManager::ConstructGameplayTagTree: ImportINI prefixes -  0.000 s
[2019.02.26-20.58.40:827][  0]LogStats: UGameplayTagsManager::ConstructGameplayTagTree: Construct from data asset -  0.000 s
[2019.02.26-20.58.40:827][  0]LogStats: UGameplayTagsManager::ConstructGameplayTagTree: ImportINI -  0.000 s
[2019.02.26-20.58.40:827][  0]LogStats: UGameplayTagsManager::ConstructGameplayTagTree: GameplayTagTreeChangedEvent.Broadcast -  0.000 s
[2019.02.26-20.58.41:242][  0]LogFileCache: Scanning file cache for directory 'C:/Users/kevin/Documents/GitHub/Honours-Project/ProcGenCity/Content/' took 0.03s
[2019.02.26-20.58.41:242][  0]SourceControl: Source control is disabled
[2019.02.26-20.58.41:243][  0]Cmd: MAP LOAD FILE="../../../../../../Users/kevin/Documents/GitHub/Honours-Project/ProcGenCity/Content/StarterContent/Maps/Minimal_Default.umap" TEMPLATE=0 SHOWPROGRESS=1 FEATURELEVEL=3
[2019.02.26-20.58.41:245][  0]LightingResults: New page: Lighting Build
[2019.02.26-20.58.41:261][  0]MapCheck: New page: Map Check
[2019.02.26-20.58.41:262][  0]LightingResults: New page: Lighting Build
[2019.02.26-20.58.42:752][  0]LogAIModule: Creating AISystem for world Minimal_Default
[2019.02.26-20.58.42:811][  0]LogEditorServer: Finished looking for orphan Actors (0.000 secs)
[2019.02.26-20.58.42:898][  0]Cmd: MAP CHECKDEP NOCLEARLOG
[2019.02.26-20.58.43:184][  0]MapCheck: Map check complete: 0 Error(s), 0 Warning(s), took 286.431ms to complete.
[2019.02.26-20.58.43:185][  0]LogFileHelpers: Loading map 'Minimal_Default' took 1.942
[2019.02.26-20.58.43:430][  0]LogSlate: Updating window title bar state: overlay mode, drag disabled, window buttons hidden, title bar hidden
[2019.02.26-20.58.43:469][  0]LogSlate: Updating window title bar state: overlay mode, drag disabled, window buttons hidden, title bar hidden
[2019.02.26-20.58.43:505][  0]LogSlate: Updating window title bar state: overlay mode, drag disabled, window buttons hidden, title bar hidden
[2019.02.26-20.58.43:539][  0]LogSlate: Updating window title bar state: overlay mode, drag disabled, window buttons hidden, title bar hidden
[2019.02.26-20.58.43:567][  0]LogCollectionManager: Loaded 0 collections in 0.006697 seconds
[2019.02.26-20.58.43:634][  0]LogFileCache: Scanning file cache for directory 'C:/Users/kevin/Documents/GitHub/Honours-Project/ProcGenCity/Saved/Collections/' took 0.01s
[2019.02.26-20.58.43:634][  0]LogFileCache: Scanning file cache for directory 'C:/Users/kevin/Documents/GitHub/Honours-Project/ProcGenCity/Content/Developers/kevin/Collections/' took 0.01s
[2019.02.26-20.58.43:634][  0]LogFileCache: Scanning file cache for directory 'C:/Users/kevin/Documents/GitHub/Honours-Project/ProcGenCity/Content/Collections/' took 0.01s
[2019.02.26-20.58.43:634][  0]LogCollectionManager: Rebuilt the GUID cache for 0 collections in 0.000002 seconds
[2019.02.26-20.58.43:682][  0]LogContentBrowser: Native class hierarchy populated in 0.0462 seconds. Added 2583 classes and 605 folders.
[2019.02.26-20.58.43:717][  0]LogContentBrowser: Native class hierarchy updated for 'WidgetCarousel' in 0.0015 seconds. Added 0 classes and 0 folders.
[2019.02.26-20.58.43:851][  0]LogContentBrowser: Native class hierarchy updated for 'AddContentDialog' in 0.0008 seconds. Added 0 classes and 0 folders.
[2019.02.26-20.58.43:864][  0]LogContentBrowser: Native class hierarchy updated for 'SceneOutliner' in 0.0010 seconds. Added 1 classes and 2 folders.
[2019.02.26-20.58.43:898][  0]LogSlate: Took 0.000423 seconds to synchronously load lazily loaded font '../../../Engine/Content/Slate/Fonts/Roboto-Regular.ttf' (155K)
[2019.02.26-20.58.43:908][  0]LogSlate: Took 0.000525 seconds to synchronously load lazily loaded font '../../../Engine/Content/Slate/Fonts/Roboto-Bold.ttf' (160K)
[2019.02.26-20.58.43:916][  0]LogSlate: Took 0.000256 seconds to synchronously load lazily loaded font '../../../Engine/Content/Editor/Slate/Fonts/FontAwesome.ttf' (139K)
[2019.02.26-20.58.44:143][  0]LogRenderer: Reallocating scene render targets to support 1284x576 Format 9 NumSamples 1 (Frame:1).
[2019.02.26-20.58.44:523][  0]LogContentBrowser: Native class hierarchy updated for 'HierarchicalLODOutliner' in 0.0011 seconds. Added 0 classes and 0 folders.
[2019.02.26-20.58.44:523][  0]LogLoad: (Engine Initialization) Total time: 30.85 seconds
[2019.02.26-20.58.44:524][  0]LogLoad: (Engine Initialization) Total Blueprint compile time: 0.00 seconds
[2019.02.26-20.58.44:565][  0]LogContentStreaming: Texture pool size now 400 MB
[2019.02.26-20.58.44:616][  0]LogSlate: Took 0.000621 seconds to synchronously load lazily loaded font '../../../Engine/Content/Slate/Fonts/Roboto-Light.ttf' (167K)
[2019.02.26-20.58.44:724][  2]LogAssetRegistry: Asset discovery search completed in 16.4171 seconds
[2019.02.26-20.58.44:728][  2]LogCollectionManager: Rebuilt the object cache for 0 collections in 0.000001 seconds (found 0 objects)
[2019.02.26-20.58.44:728][  2]LogCollectionManager: Fixed up redirectors for 0 collections in 0.000129 seconds (updated 0 objects)
[2019.02.26-20.58.46:059][  6]LogSlate: Took 0.000411 seconds to synchronously load lazily loaded font '../../../Engine/Content/Slate/Fonts/Roboto-Light.ttf' (167K)
[2019.02.26-21.06.36:629][183]LogSlate: FSceneViewport::OnFocusLost() reason 0
[2019.02.26-21.06.36:871][196]Candidate modules for hot reload:
[2019.02.26-21.06.36:871][196]  ProcGenCity
[2019.02.26-21.06.36:872][196]Launching UnrealBuildTool... [C:/Program Files/Epic Games/UE_4.20/Engine/Binaries/DotNET/UnrealBuildTool.exe  -ModuleWithSuffix=ProcGenCity,4872 Win64 Development -TargetType=Editor -Project="../../../../../../Users/kevin/Documents/GitHub/Honours-Project/ProcGenCity/ProcGenCity.uproject" -canskiplink "C:/Users/kevin/Documents/GitHub/Honours-Project/ProcGenCity/ProcGenCity.uproject" ]
[2019.02.26-21.06.36:876][196]Warning: Starting HotReload took  0.1s.
[2019.02.26-21.07.07:398][306]CompilerResultsLog: New page: Compilation - 26 Feb 2019 21:07:07
[2019.02.26-21.07.07:399][306]CompilerResultsLog: Using 'git status' to determine working set for adaptive non-unity build.
[2019.02.26-21.07.07:399][306]CompilerResultsLog: Compiling game modules for hot reload
[2019.02.26-21.07.07:399][306]CompilerResultsLog: Building 3 actions with 8 processes...
[2019.02.26-21.07.07:399][306]CompilerResultsLog:   [1/3] Checker.cpp
[2019.02.26-21.07.07:399][306]CompilerResultsLog:   [2/3] UE4Editor-ProcGenCity-4872.lib
[2019.02.26-21.07.07:399][306]CompilerResultsLog:      Creating library C:\Users\kevin\Documents\GitHub\Honours-Project\ProcGenCity\Intermediate\Build\Win64\UE4Editor\Development\ProcGenCity\UE4Editor-ProcGenCity-4872.lib and object C:\Users\kevin\Documents\GitHub\Honours-Project\ProcGenCity\Intermediate\Build\Win64\UE4Editor\Development\ProcGenCity\UE4Editor-ProcGenCity-4872.exp
[2019.02.26-21.07.07:399][306]CompilerResultsLog:   [3/3] UE4Editor-ProcGenCity-4872.dll
[2019.02.26-21.07.07:399][306]CompilerResultsLog:      Creating library C:\Users\kevin\Documents\GitHub\Honours-Project\ProcGenCity\Intermediate\Build\Win64\UE4Editor\Development\ProcGenCity\UE4Editor-ProcGenCity-4872.suppressed.lib and object C:\Users\kevin\Documents\GitHub\Honours-Project\ProcGenCity\Intermediate\Build\Win64\UE4Editor\Development\ProcGenCity\UE4Editor-ProcGenCity-4872.suppressed.exp
[2019.02.26-21.07.07:399][306]CompilerResultsLog: Total build time: 29.62 seconds (Parallel executor: 22.48 seconds)
[2019.02.26-21.07.07:399][306]LogMainFrame: MainFrame: Module compiling took 30.539 seconds
[2019.02.26-21.07.07:560][306]LogClass: EBranchState HotReload.
[2019.02.26-21.07.07:575][306]LogContentBrowser: Native class hierarchy updated for 'ProcGenCity' in 0.0013 seconds. Added 11 classes and 2 folders.
[2019.02.26-21.07.07:580][306]Display: HotReload successful (0 functions remapped  0 scriptstructs remapped)
[2019.02.26-21.07.07:781][306]LogContentBrowser: Native class hierarchy populated in 0.0190 seconds. Added 2584 classes and 607 folders.
[2019.02.26-21.07.07:783][306]Display: HotReload took 31.0s.
[2019.02.26-21.07.40:842][ 89]LogEditorViewport: Clicking on Actor (context menu): BP_Sky_Sphere_C (BP_Sky_Sphere)
[2019.02.26-21.07.40:902][ 89]LogSlate: FSceneViewport::OnFocusLost() reason 2
[2019.02.26-21.07.47:995][342]LogWindows: Error: === Critical error: ===
[2019.02.26-21.07.47:995][342]LogWindows: Error: 
[2019.02.26-21.07.47:995][342]LogWindows: Error: Fatal error!
[2019.02.26-21.07.47:995][342]LogWindows: Error: 
[2019.02.26-21.07.47:995][342]LogWindows: Error: Unhandled Exception: EXCEPTION_STACK_OVERFLOW
[2019.02.26-21.07.47:995][342]LogWindows: Error: 
[2019.02.26-21.07.47:995][342]LogWindows: Error: [Callstack] 0x00007ffaa0edef79 UE4Editor-Core.dll!UnknownFunction []
[2019.02.26-21.07.47:995][342]LogWindows: Error: [Callstack] 0x00007ffaa0ee1f28 UE4Editor-Core.dll!UnknownFunction []
[2019.02.26-21.07.47:995][342]LogWindows: Error: [Callstack] 0x00007ffaa0f18af1 UE4Editor-Core.dll!UnknownFunction []
[2019.02.26-21.07.47:995][342]LogWindows: Error: [Callstack] 0x00007ffaa0ef5026 UE4Editor-Core.dll!UnknownFunction []
[2019.02.26-21.07.47:995][342]LogWindows: Error: [Callstack] 0x00007ffaa0e123c7 UE4Editor-Core.dll!UnknownFunction []
[2019.02.26-21.07.47:995][342]LogWindows: Error: [Callstack] 0x00007ffaa0de1bfe UE4Editor-Core.dll!UnknownFunction []
[2019.02.26-21.07.47:995][342]LogWindows: Error: [Callstack] 0x00007ffaa17f60ac UE4Editor-CoreUObject.dll!UnknownFunction []
[2019.02.26-21.07.47:996][342]LogWindows: Error: [Callstack] 0x00007ffa8a30161e UE4Editor-Engine.dll!UnknownFunction []
[2019.02.26-21.07.47:996][342]LogWindows: Error: [Callstack] 0x00007ffa899053c9 UE4Editor-Engine.dll!UnknownFunction []
[2019.02.26-21.07.47:996][342]LogWindows: Error: [Callstack] 0x00007ffa85f9a7fc UE4Editor-Renderer.dll!UnknownFunction []
[2019.02.26-21.07.47:996][342]LogWindows: Error: [Callstack] 0x00007ffa89966ee5 UE4Editor-Engine.dll!UnknownFunction []
[2019.02.26-21.07.47:996][342]LogWindows: Error: [Callstack] 0x00007ffa898a90af UE4Editor-Engine.dll!UnknownFunction []
[2019.02.26-21.07.47:996][342]LogWindows: Error: [Callstack] 0x00007ffa898d2003 UE4Editor-Engine.dll!UnknownFunction []
[2019.02.26-21.07.47:996][342]LogWindows: Error: [Callstack] 0x00007ffa8952a3be UE4Editor-Engine.dll!UnknownFunction []
[2019.02.26-21.07.47:996][342]LogWindows: Error: [Callstack] 0x00007ffa8953943c UE4Editor-Engine.dll!UnknownFunction []
[2019.02.26-21.07.47:996][342]LogWindows: Error: [Callstack] 0x00007ffa89537390 UE4Editor-Engine.dll!UnknownFunction []
[2019.02.26-21.07.47:996][342]LogWindows: Error: [Callstack] 0x00007ffa89e7f646 UE4Editor-Engine.dll!UnknownFunction []
[2019.02.26-21.07.47:996][342]LogWindows: Error: [Callstack] 0x00007ffa89e7fc87 UE4Editor-Engine.dll!UnknownFunction []
[2019.02.26-21.07.47:996][342]LogWindows: Error: [Callstack] 0x00007ffaad8f7cbb UE4Editor-ProcGenCity-4872.dll!AChecker::GlobalGoals() [c:\users\kevin\documents\github\honours-project\procgencity\source\procgencity\checker.cpp:79]
[2019.02.26-21.07.47:996][342]LogWindows: Error: [Callstack] 0x00007ffa89514eff UE4Editor-Engine.dll!UnknownFunction []
[2019.02.26-21.07.47:996][342]LogWindows: Error: [Callstack] 0x00007ffa895187c4 UE4Editor-Engine.dll!UnknownFunction []
[2019.02.26-21.07.47:996][342]LogWindows: Error: [Callstack] 0x00007ffa895376f3 UE4Editor-Engine.dll!UnknownFunction []
[2019.02.26-21.07.47:996][342]LogWindows: Error: [Callstack] 0x00007ffa89e7f646 UE4Editor-Engine.dll!UnknownFunction []
[2019.02.26-21.07.47:996][342]LogWindows: Error: [Callstack] 0x00007ffa89e7fc87 UE4Editor-Engine.dll!UnknownFunction []
[2019.02.26-21.07.47:996][342]LogWindows: Error: [Callstack] 0x00007ffaad8f5727 UE4Editor-ProcGenCity-4872.dll!ABranch::SpawnUp() [c:\users\kevin\documents\github\honours-project\procgencity\source\procgencity\branch.cpp:114]
[2019.02.26-21.07.47:996][342]LogWindows: Error: [Callstack] 0x00007ffaad8f84dd UE4Editor-ProcGenCity-4872.dll!AChecker::SetNewBranchDirection() [c:\users\kevin\documents\github\honours-project\procgencity\source\procgencity\checker.cpp:114]
[2019.02.26-21.07.47:996][342]LogWindows: Error: [Callstack] 0x00007ffaad8f8912 UE4Editor-ProcGenCity-4872.dll!AChecker::SpawnBranch() [c:\users\kevin\documents\github\honours-project\procgencity\source\procgencity\checker.cpp:98]
[2019.02.26-21.07.47:996][342]LogWindows: Error: [Callstack] 0x00007ffaad8f7f38 UE4Editor-ProcGenCity-4872.dll!AChecker::GlobalGoals() [c:\users\kevin\documents\github\honours-project\procgencity\source\procgencity\checker.cpp:85]
[2019.02.26-21.07.47:996][342]LogWindows: Error: [Callstack] 0x00007ffa89514eff UE4Editor-Engine.dll!UnknownFunction []
[2019.02.26-21.07.47:996][342]LogWindows: Error: [Callstack] 0x00007ffa895187c4 UE4Editor-Engine.dll!UnknownFunction []
[2019.02.26-21.07.47:996][342]LogWindows: Error: [Callstack] 0x00007ffa895376f3 UE4Editor-Engine.dll!UnknownFunction []
[2019.02.26-21.07.47:996][342]LogWindows: Error: [Callstack] 0x00007ffa89e7f646 UE4Editor-Engine.dll!UnknownFunction []
[2019.02.26-21.07.47:996][342]LogWindows: Error: [Callstack] 0x00007ffa89e7fc87 UE4Editor-Engine.dll!UnknownFunction []
[2019.02.26-21.07.47:996][342]LogWindows: Error: [Callstack] 0x00007ffaad8f5727 UE4Editor-ProcGenCity-4872.dll!ABranch::SpawnUp() [c:\users\kevin\documents\github\honours-project\procgencity\source\procgencity\branch.cpp:114]
[2019.02.26-21.07.47:996][342]LogWindows: Error: [Callstack] 0x00007ffaad8f84dd UE4Editor-ProcGenCity-4872.dll!AChecker::SetNewBranchDirection() [c:\users\kevin\documents\github\honours-project\procgencity\source\procgencity\checker.cpp:114]
[2019.02.26-21.07.47:996][342]LogWindows: Error: [Callstack] 0x00007ffaad8f8912 UE4Editor-ProcGenCity-4872.dll!AChecker::SpawnBranch() [c:\users\kevin\documents\github\honours-project\procgencity\source\procgencity\checker.cpp:98]
[2019.02.26-21.07.47:996][342]LogWindows: Error: [Callstack] 0x00007ffaad8f7f38 UE4Editor-ProcGenCity-4872.dll!AChecker::GlobalGoals() [c:\users\kevin\documents\github\honours-project\procgencity\source\procgencity\checker.cpp:85]
[2019.02.26-21.07.47:996][342]LogWindows: Error: [Callstack] 0x00007ffa89514eff UE4Editor-Engine.dll!UnknownFunction []
[2019.02.26-21.07.47:996][342]LogWindows: Error: [Callstack] 0x00007ffa895187c4 UE4Editor-Engine.dll!UnknownFunction []
[2019.02.26-21.07.47:996][342]LogWindows: Error: [Callstack] 0x00007ffa895376f3 UE4Editor-Engine.dll!UnknownFunction []
[2019.02.26-21.07.47:996][342]LogWindows: Error: [Callstack] 0x00007ffa89e7f646 UE4Editor-Engine.dll!UnknownFunction []
[2019.02.26-21.07.47:996][342]LogWindows: Error: [Callstack] 0x00007ffa89e7fc87 UE4Editor-Engine.dll!UnknownFunction []
[2019.02.26-21.07.47:996][342]LogWindows: Error: [Callstack] 0x00007ffaad8f5727 UE4Editor-ProcGenCity-4872.dll!ABranch::SpawnUp() [c:\users\kevin\documents\github\honours-project\procgencity\source\procgencity\branch.cpp:114]
[2019.02.26-21.07.47:996][342]LogWindows: Error: [Callstack] 0x00007ffaad8f84dd UE4Editor-ProcGenCity-4872.dll!AChecker::SetNewBranchDirection() [c:\users\kevin\documents\github\honours-project\procgencity\source\procgencity\checker.cpp:114]
[2019.02.26-21.07.47:996][342]LogWindows: Error: [Callstack] 0x00007ffaad8f8912 UE4Editor-ProcGenCity-4872.dll!AChecker::SpawnBranch() [c:\users\kevin\documents\github\honours-project\procgencity\source\procgencity\checker.cpp:98]
[2019.02.26-21.07.47:996][342]LogWindows: Error: [Callstack] 0x00007ffaad8f7f38 UE4Editor-ProcGenCity-4872.dll!AChecker::GlobalGoals() [c:\users\kevin\documents\github\honours-project\procgencity\source\procgencity\checker.cpp:85]
[2019.02.26-21.07.47:996][342]LogWindows: Error: [Callstack] 0x00007ffa89514eff UE4Editor-Engine.dll!UnknownFunction []
[2019.02.26-21.07.47:996][342]LogWindows: Error: [Callstack] 0x00007ffa895187c4 UE4Editor-Engine.dll!UnknownFunction []
[2019.02.26-21.07.47:996][342]LogWindows: Error: [Callstack] 0x00007ffa895376f3 UE4Editor-Engine.dll!UnknownFunction []
[2019.02.26-21.07.47:996][342]LogWindows: Error: [Callstack] 0x00007ffa89e7f646 UE4Editor-Engine.dll!UnknownFunction []
[2019.02.26-21.07.47:996][342]LogWindows: Error: [Callstack] 0x00007ffa89e7fc87 UE4Editor-Engine.dll!UnknownFunction []
[2019.02.26-21.07.47:996][342]LogWindows: Error: [Callstack] 0x00007ffaad8f5727 UE4Editor-ProcGenCity-4872.dll!ABranch::SpawnUp() [c:\users\kevin\documents\github\honours-project\procgencity\source\procgencity\branch.cpp:114]
[2019.02.26-21.07.47:996][342]LogWindows: Error: [Callstack] 0x00007ffaad8f84dd UE4Editor-ProcGenCity-4872.dll!AChecker::SetNewBranchDirection() [c:\users\kevin\documents\github\honours-project\procgencity\source\procgencity\checker.cpp:114]
[2019.02.26-21.07.47:996][342]LogWindows: Error: [Callstack] 0x00007ffaad8f8912 UE4Editor-ProcGenCity-4872.dll!AChecker::SpawnBranch() [c:\users\kevin\documents\github\honours-project\procgencity\source\procgencity\checker.cpp:98]
[2019.02.26-21.07.47:996][342]LogWindows: Error: [Callstack] 0x00007ffaad8f7f38 UE4Editor-ProcGenCity-4872.dll!AChecker::GlobalGoals() [c:\users\kevin\documents\github\honours-project\procgencity\source\procgencity\checker.cpp:85]
[2019.02.26-21.07.47:996][342]LogWindows: Error: [Callstack] 0x00007ffa89514eff UE4Editor-Engine.dll!UnknownFunction []
[2019.02.26-21.07.47:996][342]LogWindows: Error: [Callstack] 0x00007ffa895187c4 UE4Editor-Engine.dll!UnknownFunction []
[2019.02.26-21.07.47:996][342]LogWindows: Error: [Callstack] 0x00007ffa895376f3 UE4Editor-Engine.dll!UnknownFunction []
[2019.02.26-21.07.47:996][342]LogWindows: Error: [Callstack] 0x00007ffa89e7f646 UE4Editor-Engine.dll!UnknownFunction []
[2019.02.26-21.07.47:996][342]LogWindows: Error: [Callstack] 0x00007ffa89e7fc87 UE4Editor-Engine.dll!UnknownFunction []
[2019.02.26-21.07.47:996][342]LogWindows: Error: [Callstack] 0x00007ffaad8f5727 UE4Editor-ProcGenCity-4872.dll!ABranch::SpawnUp() [c:\users\kevin\documents\github\honours-project\procgencity\source\procgencity\branch.cpp:114]
[2019.02.26-21.07.47:996][342]LogWindows: Error: [Callstack] 0x00007ffaad8f84dd UE4Editor-ProcGenCity-4872.dll!AChecker::SetNewBranchDirection() [c:\users\kevin\documents\github\honours-project\procgencity\source\procgencity\checker.cpp:114]
[2019.02.26-21.07.47:996][342]LogWindows: Error: [Callstack] 0x00007ffaad8f8912 UE4Editor-ProcGenCity-4872.dll!AChecker::SpawnBranch() [c:\users\kevin\documents\github\honours-project\procgencity\source\procgencity\checker.cpp:98]
[2019.02.26-21.07.47:996][342]LogWindows: Error: [Callstack] 0x00007ffaad8f7f38 UE4Editor-ProcGenCity-4872.dll!AChecker::GlobalGoals() [c:\users\kevin\documents\github\honours-project\procgencity\source\procgencity\checker.cpp:85]
[2019.02.26-21.07.47:996][342]LogWindows: Error: [Callstack] 0x00007ffa89514eff UE4Editor-Engine.dll!UnknownFunction []
[2019.02.26-21.07.47:996][342]LogWindows: Error: [Callstack] 0x00007ffa895187c4 UE4Editor-Engine.dll!UnknownFunction []
[2019.02.26-21.07.47:996][342]LogWindows: Error: [Callstack] 0x00007ffa895376f3 UE4Editor-Engine.dll!UnknownFunction []
[2019.02.26-21.07.47:996][342]LogWindows: Error: [Callstack] 0x00007ffa89e7f646 UE4Editor-Engine.dll!UnknownFunction []
[2019.02.26-21.07.47:996][342]LogWindows: Error: [Callstack] 0x00007ffa89e7fc87 UE4Editor-Engine.dll!UnknownFunction []
[2019.02.26-21.07.47:996][342]LogWindows: Error: [Callstack] 0x00007ffaad8f5727 UE4Editor-ProcGenCity-4872.dll!ABranch::SpawnUp() [c:\users\kevin\documents\github\honours-project\procgencity\source\procgencity\branch.cpp:114]
[2019.02.26-21.07.47:996][342]LogWindows: Error: [Callstack] 0x00007ffaad8f84dd UE4Editor-ProcGenCity-4872.dll!AChecker::SetNewBranchDirection() [c:\users\kevin\documents\github\honours-project\procgencity\source\procgencity\checker.cpp:114]
[2019.02.26-21.07.47:996][342]LogWindows: Error: [Callstack] 0x00007ffaad8f8912 UE4Editor-ProcGenCity-4872.dll!AChecker::SpawnBranch() [c:\users\kevin\documents\github\honours-project\procgencity\source\procgencity\checker.cpp:98]
[2019.02.26-21.07.47:996][342]LogWindows: Error: [Callstack] 0x00007ffaad8f7f38 UE4Editor-ProcGenCity-4872.dll!AChecker::GlobalGoals() [c:\users\kevin\documents\github\honours-project\procgencity\source\procgencity\checker.cpp:85]
[2019.02.26-21.07.47:996][342]LogWindows: Error: [Callstack] 0x00007ffa89514eff UE4Editor-Engine.dll!UnknownFunction []
[2019.02.26-21.07.47:996][342]LogWindows: Error: [Callstack] 0x00007ffa895187c4 UE4Editor-Engine.dll!UnknownFunction []
[2019.02.26-21.07.47:996][342]LogWindows: Error: [Callstack] 0x00007ffa895376f3 UE4Editor-Engine.dll!UnknownFunction []
[2019.02.26-21.07.47:996][342]LogWindows: Error: [Callstack] 0x00007ffa89e7f646 UE4Editor-Engine.dll!UnknownFunction []
[2019.02.26-21.07.47:996][342]LogWindows: Error: [Callstack] 0x00007ffa89e7fc87 UE4Editor-Engine.dll!UnknownFunction []
[2019.02.26-21.07.47:996][342]LogWindows: Error: [Callstack] 0x00007ffaad8f5727 UE4Editor-ProcGenCity-4872.dll!ABranch::SpawnUp() [c:\users\kevin\documents\github\honours-project\procgencity\source\procgencity\branch.cpp:114]
[2019.02.26-21.07.47:996][342]LogWindows: Error: [Callstack] 0x00007ffaad8f84dd UE4Editor-ProcGenCity-4872.dll!AChecker::SetNewBranchDirection() [c:\users\kevin\documents\github\honours-project\procgencity\source\procgencity\checker.cpp:114]
[2019.02.26-21.07.47:996][342]LogWindows: Error: [Callstack] 0x00007ffaad8f8912 UE4Editor-ProcGenCity-4872.dll!AChecker::SpawnBranch() [c:\users\kevin\documents\github\honours-project\procgencity\source\procgencity\checker.cpp:98]
[2019.02.26-21.07.47:996][342]LogWindows: Error: [Callstack] 0x00007ffaad8f7f38 UE4Editor-ProcGenCity-4872.dll!AChecker::GlobalGoals() [c:\users\kevin\documents\github\honours-project\procgencity\source\procgencity\checker.cpp:85]
[2019.02.26-21.07.47:997][342]LogWindows: Error: [Callstack] 0x00007ffa89514eff UE4Editor-Engine.dll!UnknownFunction []
[2019.02.26-21.07.47:997][342]LogWindows: Error: [Callstack] 0x00007ffa895187c4 UE4Editor-Engine.dll!UnknownFunction []
[2019.02.26-21.07.47:997][342]LogWindows: Error: [Callstack] 0x00007ffa895376f3 UE4Editor-Engine.dll!UnknownFunction []
[2019.02.26-21.07.47:997][342]LogWindows: Error: [Callstack] 0x00007ffa89e7f646 UE4Editor-Engine.dll!UnknownFunction []
[2019.02.26-21.07.47:997][342]LogWindows: Error: [Callstack] 0x00007ffa89e7fc87 UE4Editor-Engine.dll!UnknownFunction []
[2019.02.26-21.07.47:997][342]LogWindows: Error: [Callstack] 0x00007ffaad8f5727 UE4Editor-ProcGenCity-4872.dll!ABranch::SpawnUp() [c:\users\kevin\documents\github\honours-project\procgencity\source\procgencity\branch.cpp:114]
[2019.02.26-21.07.47:997][342]LogWindows: Error: [Callstack] 0x00007ffaad8f84dd UE4Editor-ProcGenCity-4872.dll!AChecker::SetNewBranchDirection() [c:\users\kevin\documents\github\honours-project\procgencity\source\procgencity\checker.cpp:114]
[2019.02.26-21.07.47:997][342]LogWindows: Error: [Callstack] 0x00007ffaad8f8912 UE4Editor-ProcGenCity-4872.dll!AChecker::SpawnBranch() [c:\users\kevin\documents\github\honours-project\procgencity\source\procgencity\checker.cpp:98]
[2019.02.26-21.07.47:997][342]LogWindows: Error: [Callstack] 0x00007ffaad8f7f38 UE4Editor-ProcGenCity-4872.dll!AChecker::GlobalGoals() [c:\users\kevin\documents\github\honours-project\procgencity\source\procgencity\checker.cpp:85]
[2019.02.26-21.07.47:997][342]LogWindows: Error: [Callstack] 0x00007ffa89514eff UE4Editor-Engine.dll!UnknownFunction []
[2019.02.26-21.07.47:997][342]LogWindows: Error: [Callstack] 0x00007ffa895187c4 UE4Editor-Engine.dll!UnknownFunction []
[2019.02.26-21.07.47:997][342]LogWindows: Error: [Callstack] 0x00007ffa895376f3 UE4Editor-Engine.dll!UnknownFunction []
[2019.02.26-21.07.47:997][342]LogWindows: Error: [Callstack] 0x00007ffa89e7f646 UE4Editor-Engine.dll!UnknownFunction []
[2019.02.26-21.07.47:997][342]LogWindows: Error: [Callstack] 0x00007ffa89e7fc87 UE4Editor-Engine.dll!UnknownFunction []
[2019.02.26-21.07.47:997][342]LogWindows: Error: [Callstack] 0x00007ffaad8f5727 UE4Editor-ProcGenCity-4872.dll!ABranch::SpawnUp() [c:\users\kevin\documents\github\honours-project\procgencity\source\procgencity\branch.cpp:114]
[2019.02.26-21.07.47:997][342]LogWindows: Error: [Callstack] 0x00007ffaad8f84dd UE4Editor-ProcGenCity-4872.dll!AChecker::SetNewBranchDirection() [c:\users\kevin\documents\github\honours-project\procgencity\source\procgencity\checker.cpp:114]
[2019.02.26-21.07.47:997][342]LogWindows: Error: [Callstack] 0x00007ffaad8f8912 UE4Editor-ProcGenCity-4872.dll!AChecker::SpawnBranch() [c:\users\kevin\documents\github\honours-project\procgencity\source\procgencity\checker.cpp:98]
[2019.02.26-21.07.47:997][342]LogWindows: Error: [Callstack] 0x00007ffaad8f7f38 UE4Editor-ProcGenCity-4872.dll!AChecker::GlobalGoals() [c:\users\kevin\documents\github\honours-project\procgencity\source\procgencity\checker.cpp:85]
[2019.02.26-21.07.47:997][342]LogWindows: Error: 
[2019.02.26-21.07.48:014][342]LogExit: Executing StaticShutdownAfterError
[2019.02.26-21.07.48:019][342]LogWindows: FPlatformMisc::RequestExit(1)
[2019.02.26-21.07.48:022][342]Log file closed, 02/26/19 21:07:48
