Log file open, 01/23/19 13:35:02
LogWindows: Failed to load 'aqProf.dll' (GetLastError=126)
LogWindows: File 'aqProf.dll' does not exist
LogWindows: Failed to load 'VtuneApi.dll' (GetLastError=126)
LogWindows: File 'VtuneApi.dll' does not exist
LogWindows: Failed to load 'VtuneApi32e.dll' (GetLastError=126)
LogWindows: File 'VtuneApi32e.dll' does not exist
LogInit: Display: Running engine for game: ProcGenCity
LogPlatformFile: Not using cached read wrapper
LogTaskGraph: Started task graph with 5 named threads and 23 total threads with 3 sets of task threads.
LogStats: Stats thread started at 0.319932
LogD3D11RHI: Loaded GFSDK_Aftermath_Lib.x64.dll
LogICUInternationalization: Display: ICU TimeZone Detection - Raw Offset: +0:00, Platform Override: ''
LogPluginManager: Mounting plugin Paper2D
LogPluginManager: Mounting plugin AISupport
LogPluginManager: Mounting plugin LightPropagationVolume
LogPluginManager: Mounting plugin CLionSourceCodeAccess
LogPluginManager: Mounting plugin CodeLiteSourceCodeAccess
LogPluginManager: Mounting plugin GitSourceControl
LogPluginManager: Mounting plugin KDevelopSourceCodeAccess
LogPluginManager: Mounting plugin NullSourceCodeAccess
LogPluginManager: Mounting plugin PerforceSourceControl
LogPluginManager: Mounting plugin SubversionSourceControl
LogPluginManager: Mounting plugin UObjectPlugin
LogPluginManager: Mounting plugin VisualStudioCodeSourceCodeAccess
LogPluginManager: Mounting plugin VisualStudioSourceCodeAccess
LogPluginManager: Mounting plugin XCodeSourceCodeAccess
LogPluginManager: Mounting plugin AssetManagerEditor
LogPluginManager: Mounting plugin CryptoKeys
LogPluginManager: Mounting plugin DataValidation
LogPluginManager: Mounting plugin FacialAnimation
LogPluginManager: Mounting plugin GameplayTagsEditor
LogPluginManager: Mounting plugin MacGraphicsSwitching
LogPluginManager: Mounting plugin MeshEditor
LogPluginManager: Mounting plugin MobileLauncherProfileWizard
LogPluginManager: Mounting plugin PluginBrowser
LogPluginManager: Mounting plugin SpeedTreeImporter
LogPluginManager: Mounting plugin DatasmithContent
LogPluginManager: Mounting plugin AlembicImporter
LogPluginManager: Mounting plugin AppleImageUtils
LogPluginManager: Mounting plugin AppleVision
LogPluginManager: Mounting plugin BackChannel
LogPluginManager: Mounting plugin CharacterAI
LogPluginManager: Mounting plugin GeometryCache
LogPluginManager: Mounting plugin HTML5Networking
LogPluginManager: Mounting plugin ProxyLODPlugin
LogPluginManager: Mounting plugin MagicLeap
LogPluginManager: Mounting plugin MagicLeapEmulator
LogPluginManager: Mounting plugin MagicLeapMedia
LogPluginManager: Mounting plugin AndroidMedia
LogPluginManager: Mounting plugin AvfMedia
LogPluginManager: Mounting plugin ImgMedia
LogPluginManager: Mounting plugin LinearTimecode
LogPluginManager: Mounting plugin MediaCompositing
LogPluginManager: Mounting plugin MediaPlayerEditor
LogPluginManager: Mounting plugin WmfMedia
LogPluginManager: Mounting plugin TcpMessaging
LogPluginManager: Mounting plugin UdpMessaging
LogPluginManager: Mounting plugin ActorSequence
LogPluginManager: Mounting plugin LevelSequenceEditor
LogPluginManager: Mounting plugin MatineeToLevelSequence
LogPluginManager: Mounting plugin NetcodeUnitTest
LogPluginManager: Mounting plugin NUTUnrealEngine4
LogPluginManager: Mounting plugin OnlineSubsystemGooglePlay
LogPluginManager: Mounting plugin OnlineSubsystemIOS
LogPluginManager: Mounting plugin OnlineSubsystem
LogPluginManager: Mounting plugin OnlineSubsystemNull
LogPluginManager: Mounting plugin OnlineSubsystemUtils
LogPluginManager: Mounting plugin LauncherChunkInstaller
LogPluginManager: Mounting plugin AndroidDeviceProfileSelector
LogPluginManager: Mounting plugin AndroidMoviePlayer
LogPluginManager: Mounting plugin AndroidPermission
LogPluginManager: Mounting plugin AppleMoviePlayer
LogPluginManager: Mounting plugin ArchVisCharacter
LogPluginManager: Mounting plugin AudioCapture
LogPluginManager: Mounting plugin CableComponent
LogPluginManager: Mounting plugin CustomMeshComponent
LogPluginManager: Mounting plugin EditableMesh
LogPluginManager: Mounting plugin ExampleDeviceProfileSelector
LogPluginManager: Mounting plugin GoogleCloudMessaging
LogPluginManager: Mounting plugin ImmediatePhysics
LogPluginManager: Mounting plugin IOSDeviceProfileSelector
LogPluginManager: Mounting plugin LinuxDeviceProfileSelector
LogPluginManager: Mounting plugin LocationServicesBPLibrary
LogPluginManager: Mounting plugin MobilePatchingUtils
LogPluginManager: Mounting plugin OculusVR
LogPluginManager: Plugin shader directory ../../../Engine/Plugins/Runtime/Oculus/OculusVR/Shaders found
LogPluginManager: Mapping shader source directory ../../../Engine/Plugins/Runtime/Oculus/OculusVR/Shaders to virtual directory /Plugin/OculusVR
LogPluginManager: Mounting plugin PhysXVehicles
LogPluginManager: Mounting plugin ProceduralMeshComponent
LogPluginManager: Mounting plugin RuntimePhysXCooking
LogPluginManager: Mounting plugin SteamVR
LogPluginManager: Mounting plugin WindowsMoviePlayer
LogStreaming: Display: Took  0.170s to configure plugins.
LogInit: Using libcurl 7.55.1-DEV
LogInit:  - built for x86_64-pc-win32
LogInit:  - supports SSL with OpenSSL/1.0.2h
LogInit:  - supports HTTP deflate (compression) using libz 1.2.8
LogInit:  - other features:
LogInit:      CURL_VERSION_SSL
LogInit:      CURL_VERSION_LIBZ
LogInit:      CURL_VERSION_IPV6
LogInit:      CURL_VERSION_ASYNCHDNS
LogInit:      CURL_VERSION_LARGEFILE
LogInit:      CURL_VERSION_IDN
LogInit:  CurlRequestOptions (configurable via config and command line):
LogInit:  - bVerifyPeer = false  - Libcurl will NOT verify peer certificate
LogInit:  - bUseHttpProxy = false  - Libcurl will NOT use HTTP proxy
LogInit:  - bDontReuseConnections = false  - Libcurl will reuse connections
LogInit:  - CertBundlePath = nullptr  - Libcurl will use whatever was configured at build time.
LogInit:  - MaxHostConnections = 16  - Libcurl will limit the number of connections to a host
LogInit:  - LocalHostAddr = Default
LogInit:  - BufferSize = 65536
LogInit: WinSock: version 1.1 (2.2), MaxSocks=32767, MaxUdp=65467
LogHMD: Failed initializing OVRPlugin 1.25.0
LogInit: Build: ++UE4+Release-4.20-CL-4369336
LogInit: Engine Version: 4.20.3-4369336+++UE4+Release-4.20
LogInit: Compatible Engine Version: 4.20.0-4212847+++UE4+Release-4.20
LogInit: Net CL: 4212847
LogInit: OS: Windows 10 (), CPU: Intel(R) Core(TM) i7-4770K CPU @ 3.50GHz, GPU: NVIDIA GeForce GTX 1060 6GB
LogInit: Compiled (64-bit): Sep 17 2018 12:26:19
LogInit: Compiled with Visual C++: 19.13.26129.00
LogInit: Build Configuration: Development
LogInit: Branch Name: ++UE4+Release-4.20
LogInit: Command Line:  
LogInit: Base Directory: C:/Program Files/Epic Games/UE_4.20/Engine/Binaries/Win64/
LogInit: Installed Engine Build: 1
LogDevObjectVersion: Number of dev versions registered: 20
LogDevObjectVersion:   Dev-Blueprints (B0D832E4-1F89-4F0D-ACCF-7EB736FD4AA2): 10
LogDevObjectVersion:   Dev-Build (E1C64328-A22C-4D53-A36C-8E866417BD8C): 0
LogDevObjectVersion:   Dev-Core (375EC13C-06E4-48FB-B500-84F0262A717E): 2
LogDevObjectVersion:   Dev-Editor (E4B068ED-F494-42E9-A231-DA0B2E46BB41): 24
LogDevObjectVersion:   Dev-Framework (CFFC743F-43B0-4480-9391-14DF171D2073): 34
LogDevObjectVersion:   Dev-Mobile (B02B49B5-BB20-44E9-A304-32B752E40360): 2
LogDevObjectVersion:   Dev-Networking (A4E4105C-59A1-49B5-A7C5-40C4547EDFEE): 0
LogDevObjectVersion:   Dev-Online (39C831C9-5AE6-47DC-9A44-9C173E1C8E7C): 0
LogDevObjectVersion:   Dev-Physics (78F01B33-EBEA-4F98-B9B4-84EACCB95AA2): 0
LogDevObjectVersion:   Dev-Platform (6631380F-2D4D-43E0-8009-CF276956A95A): 0
LogDevObjectVersion:   Dev-Rendering (12F88B9F-8875-4AFC-A67C-D90C383ABD29): 26
LogDevObjectVersion:   Dev-Sequencer (7B5AE74C-D270-4C10-A958-57980B212A5A): 9
LogDevObjectVersion:   Dev-VR (D7296918-1DD6-4BDD-9DE2-64A83CC13884): 2
LogDevObjectVersion:   Dev-LoadTimes (C2A15278-BFE7-4AFE-6C17-90FF531DF755): 1
LogDevObjectVersion:   Private-Geometry (6EACA3D4-40EC-4CC1-B786-8BED09428FC5): 3
LogDevObjectVersion:   Dev-AnimPhys (29E575DD-E0A3-4627-9D10-D276232CDCEA): 17
LogDevObjectVersion:   Dev-ReflectionCapture (6B266CEC-1EC7-4B8F-A30B-E4D90942FC07): 1
LogDevObjectVersion:   Dev-Automation (0DF73D61-A23F-47EA-B727-89E90C41499A): 1
LogDevObjectVersion:   FortniteMain (601D1886-AC64-4F84-AA16-D3DE0DEAC7D6): 12
LogDevObjectVersion:   Dev-Enterprise (9DFFBCD6-494F-0158-E221-12823C92A888): 1
LogStreaming: Display: Took  0.007s to delete old logs.
LogInit: Presizing for max 8388607 objects, including 0 objects not considered by GC, pre-allocating 0 bytes for permanent pool.
LogInit: Object subsystem initialized
[2019.01.23-13.35.03:237][  0]LogInit: Selected Device Profile: [Windows]
[2019.01.23-13.35.03:237][  0]LogInit: Applying CVar settings loaded from the selected device profile: [Windows]
[2019.01.23-13.35.03:250][  0]LogHAL: Display: Platform has ~ 16 GB [17062375424 / 17179869184 / 16], which maps to Larger [LargestMinGB=32, LargerMinGB=12, DefaultMinGB=8, SmallerMinGB=6, SmallestMinGB=0)
[2019.01.23-13.35.03:251][  0]LogInit: Setting Device Profile CVar: [[r.Vulkan.UseRealUBs:1]]
[2019.01.23-13.35.03:251][  0]LogInit: Going up to parent DeviceProfile []
[2019.01.23-13.35.03:251][  0]LogInit: Computer: KEVIN
[2019.01.23-13.35.03:251][  0]LogInit: User: Grizz
[2019.01.23-13.35.03:251][  0]LogInit: CPU Page size=4096, Cores=4
[2019.01.23-13.35.03:251][  0]LogInit: High frequency timer resolution =3.410073 MHz
[2019.01.23-13.35.03:251][  0]LogMemory: Memory total: Physical=15.9GB (16GB approx)
[2019.01.23-13.35.03:252][  0]LogMemory: Platform Memory Stats for Windows
[2019.01.23-13.35.03:252][  0]LogMemory: Process Physical Memory: 102.46 MB used, 102.46 MB peak
[2019.01.23-13.35.03:252][  0]LogMemory: Process Virtual Memory: 94.43 MB used, 94.43 MB peak
[2019.01.23-13.35.03:252][  0]LogMemory: Physical Memory: 8369.51 MB used,  7902.44 MB free, 16271.95 MB total
[2019.01.23-13.35.03:252][  0]LogMemory: Virtual Memory: 4655.52 MB used,  7902.44 MB free, 134217728.00 MB total
[2019.01.23-13.35.03:287][  0]LogInit: Using OS detected language (en-GB).
[2019.01.23-13.35.03:287][  0]LogInit: Using OS detected locale (en-GB).
[2019.01.23-13.35.03:289][  0]LogTextLocalizationManager: No specific localization for 'en-GB' exists, so the 'en' localization will be used.
[2019.01.23-13.35.03:713][  0]LogStreaming: Display: Took  0.426s to InitEngineTextLocalization.
[2019.01.23-13.35.03:713][  0]LogInit: Setting process to per monitor DPI aware
[2019.01.23-13.35.03:754][  0]LogSlate: New Slate User Created.  User Index 0, Is Virtual User: 0
[2019.01.23-13.35.03:754][  0]LogSlate: Slate User Registered.  User Index 0, Is Virtual User: 0
[2019.01.23-13.35.09:404][  0]LogHMD: Failed to initialize OpenVR with code 108
[2019.01.23-13.35.09:404][  0]LogD3D11RHI: D3D11 adapters:
[2019.01.23-13.35.09:476][  0]LogD3D11RHI:    0. 'NVIDIA GeForce GTX 1060 6GB' (Feature Level 11_0)
[2019.01.23-13.35.09:476][  0]LogD3D11RHI:       6052/0/8135 MB DedicatedVideo/DedicatedSystem/SharedSystem, Outputs:2, VendorId:0x10de
[2019.01.23-13.35.09:485][  0]LogD3D11RHI:    1. 'Intel(R) HD Graphics 4600' (Feature Level 11_0)
[2019.01.23-13.35.09:485][  0]LogD3D11RHI:       112/0/2048 MB DedicatedVideo/DedicatedSystem/SharedSystem, Outputs:0, VendorId:0x8086
[2019.01.23-13.35.09:489][  0]LogD3D11RHI:    2. 'Microsoft Basic Render Driver' (Feature Level 11_0)
[2019.01.23-13.35.09:489][  0]LogD3D11RHI:       0/0/8135 MB DedicatedVideo/DedicatedSystem/SharedSystem, Outputs:0, VendorId:0x1414
[2019.01.23-13.35.09:489][  0]LogD3D11RHI: Chosen D3D11 Adapter: 0
[2019.01.23-13.35.09:500][  0]LogD3D11RHI: Creating new Direct3DDevice
[2019.01.23-13.35.09:500][  0]LogD3D11RHI:     GPU DeviceId: 0x1c03 (for the marketing name, search the web for "GPU Device Id")
[2019.01.23-13.35.09:500][  0]LogWindows: EnumDisplayDevices:
[2019.01.23-13.35.09:500][  0]LogWindows:    0. 'NVIDIA GeForce GTX 1060 6GB' (P:0 D:1)
[2019.01.23-13.35.09:500][  0]LogWindows:    1. 'NVIDIA GeForce GTX 1060 6GB' (P:1 D:1)
[2019.01.23-13.35.09:501][  0]LogWindows:    2. 'NVIDIA GeForce GTX 1060 6GB' (P:0 D:0)
[2019.01.23-13.35.09:501][  0]LogWindows:    3. 'NVIDIA GeForce GTX 1060 6GB' (P:0 D:0)
[2019.01.23-13.35.09:501][  0]LogWindows:    4. 'Intel(R) HD Graphics 4600' (P:0 D:0)
[2019.01.23-13.35.09:502][  0]LogWindows:    5. 'Intel(R) HD Graphics 4600' (P:0 D:0)
[2019.01.23-13.35.09:502][  0]LogWindows:    6. 'Intel(R) HD Graphics 4600' (P:0 D:0)
[2019.01.23-13.35.09:502][  0]LogWindows: DebugString: PrimaryIsNotTheChoosenAdapter PrimaryIsNotTheChoosenAdapter PrimaryIsNotTheChoosenAdapter FoundDriverCount:4 
[2019.01.23-13.35.09:503][  0]LogD3D11RHI:     Adapter Name: NVIDIA GeForce GTX 1060 6GB
[2019.01.23-13.35.09:503][  0]LogD3D11RHI:   Driver Version: 416.94 (internal:25.21.14.1694, unified:416.94)
[2019.01.23-13.35.09:503][  0]LogD3D11RHI:      Driver Date: 11-12-2018
[2019.01.23-13.35.09:503][  0]LogRHI: Texture pool is 4236 MB (70% of 6052 MB)
[2019.01.23-13.35.09:555][  0]LogD3D11RHI: Async texture creation enabled
[2019.01.23-13.35.09:587][  0]LogD3D11RHI: GPU Timing Frequency: 1000.000000 (Debug: 2 2)
[2019.01.23-13.35.09:690][  0]LogShaderCompilers: Guid format shader working directory is -29 characters bigger than the processId version (../../../../../../Users/Grizz/Documents/GitHub/Honours-Project/ProcGenCity/Intermediate/Shaders/WorkingDirectory/25608/).
[2019.01.23-13.35.09:690][  0]LogShaderCompilers: Cleaned the shader compiler working directory 'C:/Users/Grizz/AppData/Local/Temp/UnrealShaderWorkingDir/C26311004EF6E0B20FA466BCF5CFD652/'.
[2019.01.23-13.35.10:361][  0]LogTemp: Display: Loaded TP AllDesktopTargetPlatform
[2019.01.23-13.35.10:385][  0]LogTemp: Display: Loaded TP MacClientTargetPlatform
[2019.01.23-13.35.10:413][  0]LogTemp: Display: Loaded TP MacNoEditorTargetPlatform
[2019.01.23-13.35.10:430][  0]LogTemp: Display: Loaded TP MacServerTargetPlatform
[2019.01.23-13.35.10:452][  0]LogTemp: Display: Loaded TP MacTargetPlatform
[2019.01.23-13.35.10:471][  0]LogTemp: Display: Loaded TP WindowsClientTargetPlatform
[2019.01.23-13.35.10:488][  0]LogTemp: Display: Loaded TP WindowsNoEditorTargetPlatform
[2019.01.23-13.35.10:504][  0]LogTemp: Display: Loaded TP WindowsServerTargetPlatform
[2019.01.23-13.35.10:515][  0]LogTemp: Display: Loaded TP WindowsTargetPlatform
[2019.01.23-13.35.10:620][  0]LogTemp: Display: Loaded TP AndroidTargetPlatform
[2019.01.23-13.35.10:620][  0]LogTemp: Display: Loaded TP AndroidTargetPlatform
[2019.01.23-13.35.10:620][  0]LogTemp: Display: Loaded TP AndroidTargetPlatform
[2019.01.23-13.35.10:620][  0]LogTemp: Display: Loaded TP AndroidTargetPlatform
[2019.01.23-13.35.10:620][  0]LogTemp: Display: Loaded TP AndroidTargetPlatform
[2019.01.23-13.35.10:620][  0]LogTemp: Display: Loaded TP AndroidTargetPlatform
[2019.01.23-13.35.10:620][  0]LogTemp: Display: Loaded TP AndroidTargetPlatform
[2019.01.23-13.35.10:620][  0]LogTemp: Display: Loaded TP AndroidTargetPlatform
[2019.01.23-13.35.10:620][  0]LogTemp: Display: Loaded TP AndroidTargetPlatform
[2019.01.23-13.35.10:620][  0]LogTemp: Display: Loaded TP AndroidTargetPlatform
[2019.01.23-13.35.10:621][  0]LogTemp: Display: Loaded TP AndroidTargetPlatform
[2019.01.23-13.35.10:621][  0]LogTemp: Display: Loaded TP AndroidTargetPlatform
[2019.01.23-13.35.10:621][  0]LogTemp: Display: Loaded TP AndroidTargetPlatform
[2019.01.23-13.35.10:621][  0]LogTemp: Display: Loaded TP AndroidTargetPlatform
[2019.01.23-13.35.10:621][  0]LogTemp: Display: Loaded TP AndroidTargetPlatform
[2019.01.23-13.35.10:621][  0]LogTemp: Display: Loaded TP AndroidTargetPlatform
[2019.01.23-13.35.10:621][  0]LogTemp: Display: Loaded TP AndroidTargetPlatform
[2019.01.23-13.35.10:621][  0]LogTemp: Display: Loaded TP AndroidTargetPlatform
[2019.01.23-13.35.10:623][  0]LogTemp: Display: Loaded TP HTML5TargetPlatform
[2019.01.23-13.35.10:699][  0]LogTemp: Display: Loaded TP IOSTargetPlatform
[2019.01.23-13.35.10:699][  0]LogTemp: Display: Loaded TP IOSTargetPlatform
[2019.01.23-13.35.10:734][  0]LogTemp: Display: Loaded TP TVOSTargetPlatform
[2019.01.23-13.35.10:734][  0]LogTemp: Display: Loaded TP TVOSTargetPlatform
[2019.01.23-13.35.10:756][  0]LogTemp: Display: Loaded TP LinuxClientTargetPlatform
[2019.01.23-13.35.10:776][  0]LogTemp: Display: Loaded TP LinuxNoEditorTargetPlatform
[2019.01.23-13.35.10:802][  0]LogTemp: Display: Loaded TP LinuxServerTargetPlatform
[2019.01.23-13.35.10:826][  0]LogTemp: Display: Loaded TP LinuxTargetPlatform
[2019.01.23-13.35.10:844][  0]LogTemp: Display: Loaded TP LuminTargetPlatform
[2019.01.23-13.35.10:844][  0]LogTargetPlatformManager: Display: Building Assets For Windows
[2019.01.23-13.35.10:962][  0]LogXGEController: Cleaning working directory: C:/Users/Grizz/AppData/Local/Temp/UnrealXGEWorkingDir/
[2019.01.23-13.35.10:962][  0]LogXGEController: Cannot use XGE Controller as Incredibuild is not installed on this machine.
[2019.01.23-13.35.10:962][  0]LogShaderCompilers: Cannot use XGE Shader Compiler as Incredibuild is not installed on this machine.
[2019.01.23-13.35.10:962][  0]LogShaderCompilers: Display: Using Local Shader Compiler.
[2019.01.23-13.35.11:928][  0]LogDerivedDataCache: Display: Max Cache Size: 512 MB
[2019.01.23-13.35.12:020][  0]LogDerivedDataCache: Loaded boot cache 0.09s 71MB C:/Users/Grizz/AppData/Local/UnrealEngine/4.20/DerivedDataCache/Boot.ddc.
[2019.01.23-13.35.12:021][  0]LogDerivedDataCache: Display: Loaded Boot cache: C:/Users/Grizz/AppData/Local/UnrealEngine/4.20/DerivedDataCache/Boot.ddc
[2019.01.23-13.35.12:021][  0]LogDerivedDataCache: FDerivedDataBackendGraph:  Pak pak cache file ../../../../../../Users/Grizz/Documents/GitHub/Honours-Project/ProcGenCity/DerivedDataCache/DDC.ddp not found, will not use a pak cache.
[2019.01.23-13.35.12:021][  0]LogDerivedDataCache: Unable to find inner node Pak for hierarchical cache Hierarchy.
[2019.01.23-13.35.12:021][  0]LogDerivedDataCache: FDerivedDataBackendGraph:  CompressedPak pak cache file ../../../../../../Users/Grizz/Documents/GitHub/Honours-Project/ProcGenCity/DerivedDataCache/Compressed.ddp not found, will not use a pak cache.
[2019.01.23-13.35.12:021][  0]LogDerivedDataCache: Unable to find inner node CompressedPak for hierarchical cache Hierarchy.
[2019.01.23-13.35.12:035][  0]LogDerivedDataCache: Display: Pak cache opened for reading ../../../Engine/DerivedDataCache/Compressed.ddp.
[2019.01.23-13.35.12:048][  0]LogDerivedDataCache: Using Local data cache path C:/Users/Grizz/AppData/Local/UnrealEngine/Common/DerivedDataCache: Writable
[2019.01.23-13.35.12:048][  0]LogDerivedDataCache: Shared data cache path not found in *engine.ini, will not use an Shared cache.
[2019.01.23-13.35.12:048][  0]LogDerivedDataCache: Unable to find inner node Shared for hierarchical cache Hierarchy.
[2019.01.23-13.35.12:068][  0]LogMaterial: Verifying Global Shaders for PCD3D_SM5
[2019.01.23-13.35.12:072][  0]LogSlate: Using FreeType 2.6.0
[2019.01.23-13.35.12:073][  0]LogSlate: SlateFontServices - WITH_FREETYPE: 1, WITH_HARFBUZZ: 1
[2019.01.23-13.35.12:159][  0]LogAssetRegistry: FAssetRegistry took 0.0273 seconds to start up
[2019.01.23-13.35.12:569][  0]LogInit: Selected Device Profile: [Windows]
[2019.01.23-13.35.12:749][  0]LogSimplygon: Simplygon DLL not present - disabling.
[2019.01.23-13.35.12:755][  0]LogMeshReduction: Using SimplygonSwarm for distributed automatic mesh merging
[2019.01.23-13.35.12:755][  0]LogMeshReduction: Using ProxyLODMeshReduction for automatic mesh merging
[2019.01.23-13.35.12:755][  0]LogMeshReduction: Using QuadricMeshReduction for automatic static mesh reduction
[2019.01.23-13.35.12:755][  0]LogMeshReduction: No automatic skeletal mesh reduction module available
[2019.01.23-13.35.12:807][  0]LogNetVersion: ProcGenCity 1.0.0, NetCL: 4212847, EngineNetVer: 5, GameNetVer: 0 (Checksum: 2895139612)
[2019.01.23-13.35.13:443][  0]LogPackageLocalizationCache: Processed 11 localized package path(s) for 2 prioritized culture(s) in 0.129041 seconds
[2019.01.23-13.35.13:453][  0]LogUObjectArray: 38425 objects as part of root set at end of initial load.
[2019.01.23-13.35.13:453][  0]LogUObjectAllocator: 6690864 out of 0 bytes used by permanent object pool.
[2019.01.23-13.35.13:453][  0]LogUObjectArray: CloseDisregardForGC: 0/0 objects in disregard for GC pool
[2019.01.23-13.35.14:460][  0]LogTcpMessaging: Initializing TcpMessaging bridge
[2019.01.23-13.35.14:474][  0]LogUdpMessaging: Initializing bridge on interface 0.0.0.0:0 to multicast group 230.0.0.1:6666.
[2019.01.23-13.35.14:658][  0]SourceControl: Source control is disabled
[2019.01.23-13.35.14:659][  0]SourceControl: Source control is disabled
[2019.01.23-13.35.14:661][  0]SourceControl: Source control is disabled
[2019.01.23-13.35.14:663][  0]SourceControl: Source control is disabled
[2019.01.23-13.35.14:856][  0]LogAndroidPermission: UAndroidPermissionCallbackProxy::GetInstance
[2019.01.23-13.35.15:324][  0]LogOcInput: OculusInput pre-init called
[2019.01.23-13.35.15:393][  0]LogEngine: Initializing Engine...
[2019.01.23-13.35.15:444][  0]LogHMD: Failed to initialize OpenVR with code 108
[2019.01.23-13.35.15:445][  0]LogStats: UGameplayTagsManager::ConstructGameplayTagTree: ImportINI prefixes -  0.000 s
[2019.01.23-13.35.15:445][  0]LogStats: UGameplayTagsManager::ConstructGameplayTagTree: Construct from data asset -  0.000 s
[2019.01.23-13.35.15:445][  0]LogStats: UGameplayTagsManager::ConstructGameplayTagTree: ImportINI -  0.000 s
[2019.01.23-13.35.15:445][  0]LogStats: UGameplayTagsManager::ConstructGameplayTagTree: GameplayTagTreeChangedEvent.Broadcast -  0.000 s
[2019.01.23-13.35.15:654][  0]LogInit: Initializing FReadOnlyCVARCache
[2019.01.23-13.35.15:676][  0]LogAIModule: Creating AISystem for world Untitled
[2019.01.23-13.35.15:849][  0]LogInit: XAudio2 using 'Speakers (Realtek High Definition Audio)' : 2 channels at 48 kHz using 32 bits per sample (channel mask 0x3)
[2019.01.23-13.35.15:863][  0]LogInit: FAudioDevice initialized.
[2019.01.23-13.35.15:863][  0]LogNetVersion: Set ProjectVersion to 1.0.0.0. Version Checksum will be recalculated on next use.
[2019.01.23-13.35.16:307][  0]LogDerivedDataCache: Saved boot cache 0.44s 71MB C:/Users/Grizz/AppData/Local/UnrealEngine/4.20/DerivedDataCache/Boot.ddc.
[2019.01.23-13.35.16:323][  0]LogInit: Texture streaming: Enabled
[2019.01.23-13.35.16:355][  0]LogEngineSessionManager: EngineSessionManager initialized
[2019.01.23-13.35.16:355][  0]LogEngineSessionManager: EngineSessionManager sent abnormal shutdown report. Type=Crashed, SessionId={00CE7D16-4266-E131-3747-698C9C4AAA55}
[2019.01.23-13.35.16:379][  0]LogInit: Transaction tracking system initialized
[2019.01.23-13.35.16:431][  0]BlueprintLog: New page: Editor Load
[2019.01.23-13.35.16:562][  0]LocalizationService: Localization service is disabled
[2019.01.23-13.35.16:875][  0]LogCook: Display: Max memory allowance for cook 16384mb min free memory 0mb
[2019.01.23-13.35.16:875][  0]LogCook: Display: Mobile HDR setting 1
[2019.01.23-13.35.16:875][  0]LogGameplayTags: Display: UGameplayTagsManager::DoneAddingNativeTags. DelegateIsBound: 0
[2019.01.23-13.35.16:875][  0]LogStats: UGameplayTagsManager::ConstructGameplayTagTree: ImportINI prefixes -  0.000 s
[2019.01.23-13.35.16:875][  0]LogStats: UGameplayTagsManager::ConstructGameplayTagTree: Construct from data asset -  0.000 s
[2019.01.23-13.35.16:875][  0]LogStats: UGameplayTagsManager::ConstructGameplayTagTree: ImportINI -  0.000 s
[2019.01.23-13.35.16:875][  0]LogStats: UGameplayTagsManager::ConstructGameplayTagTree: GameplayTagTreeChangedEvent.Broadcast -  0.000 s
[2019.01.23-13.35.17:023][  0]LogFileCache: Scanning file cache for directory 'C:/Users/Grizz/Documents/GitHub/Honours-Project/ProcGenCity/Content/' took 0.02s
[2019.01.23-13.35.17:023][  0]SourceControl: Source control is disabled
[2019.01.23-13.35.17:023][  0]Cmd: MAP LOAD FILE="../../../../../../Users/Grizz/Documents/GitHub/Honours-Project/ProcGenCity/Content/StarterContent/Maps/Minimal_Default.umap" TEMPLATE=0 SHOWPROGRESS=1 FEATURELEVEL=3
[2019.01.23-13.35.17:024][  0]LightingResults: New page: Lighting Build
[2019.01.23-13.35.17:028][  0]MapCheck: New page: Map Check
[2019.01.23-13.35.17:028][  0]LightingResults: New page: Lighting Build
[2019.01.23-13.35.17:376][  0]LogAIModule: Creating AISystem for world Minimal_Default
[2019.01.23-13.35.17:394][  0]LogEditorServer: Finished looking for orphan Actors (0.000 secs)
[2019.01.23-13.35.17:422][  0]Cmd: MAP CHECKDEP NOCLEARLOG
[2019.01.23-13.35.17:517][  0]MapCheck: Map check complete: 0 Error(s), 0 Warning(s), took 95.574ms to complete.
[2019.01.23-13.35.17:517][  0]LogFileHelpers: Loading map 'Minimal_Default' took 0.494
[2019.01.23-13.35.17:654][  0]LogSlate: Updating window title bar state: overlay mode, drag disabled, window buttons hidden, title bar hidden
[2019.01.23-13.35.17:662][  0]LogSlate: Updating window title bar state: overlay mode, drag disabled, window buttons hidden, title bar hidden
[2019.01.23-13.35.17:670][  0]LogSlate: Updating window title bar state: overlay mode, drag disabled, window buttons hidden, title bar hidden
[2019.01.23-13.35.17:679][  0]LogSlate: Updating window title bar state: overlay mode, drag disabled, window buttons hidden, title bar hidden
[2019.01.23-13.35.17:688][  0]LogCollectionManager: Loaded 0 collections in 0.003260 seconds
[2019.01.23-13.35.17:741][  0]LogFileCache: Scanning file cache for directory 'C:/Users/Grizz/Documents/GitHub/Honours-Project/ProcGenCity/Saved/Collections/' took 0.01s
[2019.01.23-13.35.17:741][  0]LogFileCache: Scanning file cache for directory 'C:/Users/Grizz/Documents/GitHub/Honours-Project/ProcGenCity/Content/Developers/Grizz/Collections/' took 0.01s
[2019.01.23-13.35.17:742][  0]LogFileCache: Scanning file cache for directory 'C:/Users/Grizz/Documents/GitHub/Honours-Project/ProcGenCity/Content/Collections/' took 0.01s
[2019.01.23-13.35.17:742][  0]LogCollectionManager: Rebuilt the GUID cache for 0 collections in 0.000000 seconds
[2019.01.23-13.35.17:754][  0]LogContentBrowser: Native class hierarchy populated in 0.0119 seconds. Added 2579 classes and 605 folders.
[2019.01.23-13.35.17:763][  0]LogContentBrowser: Native class hierarchy updated for 'WidgetCarousel' in 0.0004 seconds. Added 0 classes and 0 folders.
[2019.01.23-13.35.17:829][  0]LogContentBrowser: Native class hierarchy updated for 'AddContentDialog' in 0.0008 seconds. Added 0 classes and 0 folders.
[2019.01.23-13.35.17:839][  0]LogContentBrowser: Native class hierarchy updated for 'SceneOutliner' in 0.0005 seconds. Added 1 classes and 2 folders.
[2019.01.23-13.35.17:887][  0]LogContentBrowser: Native class hierarchy updated for 'HierarchicalLODOutliner' in 0.0004 seconds. Added 0 classes and 0 folders.
[2019.01.23-13.35.17:887][  0]LogLoad: (Engine Initialization) Total time: 17.97 seconds
[2019.01.23-13.35.17:887][  0]LogLoad: (Engine Initialization) Total Blueprint compile time: 0.00 seconds
[2019.01.23-13.35.17:924][  0]LogContentStreaming: Texture pool size now 1000 MB
[2019.01.23-13.35.17:927][  0]LogSlate: Took 0.000186 seconds to synchronously load lazily loaded font '../../../Engine/Content/Slate/Fonts/Roboto-Regular.ttf' (155K)
[2019.01.23-13.35.17:929][  0]LogSlate: Took 0.000229 seconds to synchronously load lazily loaded font '../../../Engine/Content/Slate/Fonts/Roboto-Bold.ttf' (160K)
[2019.01.23-13.35.17:940][  0]LogSlate: Took 0.000777 seconds to synchronously load lazily loaded font '../../../Engine/Content/Editor/Slate/Fonts/FontAwesome.ttf' (139K)
[2019.01.23-13.35.18:054][  0]LogSlate: Took 0.000223 seconds to synchronously load lazily loaded font '../../../Engine/Content/Slate/Fonts/Roboto-Light.ttf' (167K)
[2019.01.23-13.35.18:072][  1]LogRenderer: Reallocating scene render targets to support 800x460 Format 10 NumSamples 1 (Frame:1).
[2019.01.23-13.35.18:261][  1]LogActor: Warning: Road /Engine/Transient.World_0:PersistentLevel.Road_0 has natively added scene component(s), but none of them were set as the actor's RootComponent - picking one arbitrarily
[2019.01.23-13.35.18:271][  1]LogAssetRegistry: Asset discovery search completed in 6.1348 seconds
[2019.01.23-13.35.18:273][  1]LogCollectionManager: Rebuilt the object cache for 0 collections in 0.000000 seconds (found 0 objects)
[2019.01.23-13.35.18:273][  1]LogCollectionManager: Fixed up redirectors for 0 collections in 0.000047 seconds (updated 0 objects)
[2019.01.23-13.35.18:422][  2]LogActor: Warning: LotPlacement /Engine/Transient.World_1:PersistentLevel.LotPlacement_0 has natively added scene component(s), but none of them were set as the actor's RootComponent - picking one arbitrarily
[2019.01.23-13.35.39:482][ 65]LogSlate: FSceneViewport::OnFocusLost() reason 0
[2019.01.23-13.35.39:530][ 65]LogRenderer: Reallocating scene render targets to support 1616x1004 Format 10 NumSamples 1 (Frame:4).
[2019.01.23-13.35.49:840][282]LogActor: Warning: MyRoad_C /Engine/Transient.World_3:PersistentLevel.MyRoad_C_0 has natively added scene component(s), but none of them were set as the actor's RootComponent - picking one arbitrarily
[2019.01.23-13.35.50:751][382]Candidate modules for hot reload:
[2019.01.23-13.35.50:751][382]  ProcGenCity
[2019.01.23-13.35.50:751][382]Launching UnrealBuildTool... [C:/Program Files/Epic Games/UE_4.20/Engine/Binaries/DotNET/UnrealBuildTool.exe  -ModuleWithSuffix=ProcGenCity,9478 Win64 Development -TargetType=Editor -Project="../../../../../../Users/Grizz/Documents/GitHub/Honours-Project/ProcGenCity/ProcGenCity.uproject" -canskiplink "C:/Users/Grizz/Documents/GitHub/Honours-Project/ProcGenCity/ProcGenCity.uproject" ]
[2019.01.23-13.35.50:799][382]Warning: Starting HotReload took  0.1s.
[2019.01.23-13.35.57:793][995]CompilerResultsLog: New page: Compilation - 23 Jan 2019 13:35:57
[2019.01.23-13.35.57:793][995]CompilerResultsLog: Using 'git status' to determine working set for adaptive non-unity build.
[2019.01.23-13.35.57:793][995]CompilerResultsLog: Compiling game modules for hot reload
[2019.01.23-13.35.57:793][995]CompilerResultsLog: Building 3 actions with 8 processes...
[2019.01.23-13.35.57:793][995]CompilerResultsLog:   [1/3] NewProcMesh.cpp
[2019.01.23-13.35.57:793][995]CompilerResultsLog:   [2/3] UE4Editor-ProcGenCity-9478.lib
[2019.01.23-13.35.57:793][995]CompilerResultsLog:      Creating library C:\Users\Grizz\Documents\GitHub\Honours-Project\ProcGenCity\Intermediate\Build\Win64\UE4Editor\Development\ProcGenCity\UE4Editor-ProcGenCity-9478.lib and object C:\Users\Grizz\Documents\GitHub\Honours-Project\ProcGenCity\Intermediate\Build\Win64\UE4Editor\Development\ProcGenCity\UE4Editor-ProcGenCity-9478.exp
[2019.01.23-13.35.57:793][995]CompilerResultsLog:   [3/3] UE4Editor-ProcGenCity-9478.dll
[2019.01.23-13.35.57:793][995]CompilerResultsLog:      Creating library C:\Users\Grizz\Documents\GitHub\Honours-Project\ProcGenCity\Intermediate\Build\Win64\UE4Editor\Development\ProcGenCity\UE4Editor-ProcGenCity-9478.suppressed.lib and object C:\Users\Grizz\Documents\GitHub\Honours-Project\ProcGenCity\Intermediate\Build\Win64\UE4Editor\Development\ProcGenCity\UE4Editor-ProcGenCity-9478.suppressed.exp
[2019.01.23-13.35.57:793][995]CompilerResultsLog: Total build time: 6.63 seconds (Parallel executor: 3.32 seconds)
[2019.01.23-13.35.57:793][995]LogMainFrame: MainFrame: Module compiling took 7.056 seconds
[2019.01.23-13.35.57:836][995]LogContentBrowser: Native class hierarchy updated for 'ProcGenCity' in 0.0005 seconds. Added 7 classes and 2 folders.
[2019.01.23-13.35.57:837][995]Display: HotReload successful (0 functions remapped  0 scriptstructs remapped)
[2019.01.23-13.35.57:958][995]LogContentBrowser: Native class hierarchy populated in 0.0089 seconds. Added 2580 classes and 607 folders.
[2019.01.23-13.35.57:959][995]Display: HotReload took  7.2s.
[2019.01.23-13.36.08:553][225]LogSlate: FSceneViewport::OnFocusLost() reason 0
[2019.01.23-13.36.08:934][254]LogActor: Warning: NewProcMesh_C /Game/StarterContent/Maps/Minimal_Default.Minimal_Default:PersistentLevel.NewProcMesh_C_0 has natively added scene component(s), but none of them were set as the actor's RootComponent - picking one arbitrarily
[2019.01.23-13.36.09:836][342]LogActor: Warning: NewProcMesh_C /Game/StarterContent/Maps/Minimal_Default.Minimal_Default:PersistentLevel.NewProcMesh_C_1 has natively added scene component(s), but none of them were set as the actor's RootComponent - picking one arbitrarily
[2019.01.23-13.36.16:029][ 41]LogEditorViewport: Clicking on Actor (LMB): MyLotDesigner_C (MyLotDesigner)
[2019.01.23-13.36.22:033][715]LogSlate: FSceneViewport::OnFocusLost() reason 0
[2019.01.23-13.36.22:369][745]LogSlate: Took 0.000217 seconds to synchronously load lazily loaded font '../../../Engine/Content/Slate/Fonts/Roboto-Italic.ttf' (157K)
[2019.01.23-13.41.39:960][847]Candidate modules for hot reload:
[2019.01.23-13.41.39:960][847]  ProcGenCity
[2019.01.23-13.41.39:961][847]Launching UnrealBuildTool... [C:/Program Files/Epic Games/UE_4.20/Engine/Binaries/DotNET/UnrealBuildTool.exe  -ModuleWithSuffix=ProcGenCity,6026 Win64 Development -TargetType=Editor -Project="../../../../../../Users/Grizz/Documents/GitHub/Honours-Project/ProcGenCity/ProcGenCity.uproject" -canskiplink "C:/Users/Grizz/Documents/GitHub/Honours-Project/ProcGenCity/ProcGenCity.uproject" ]
[2019.01.23-13.41.40:026][847]Warning: Starting HotReload took  0.1s.
[2019.01.23-13.41.42:335][973]LogEditorActor: Deleted Actor: NewProcMesh_C
[2019.01.23-13.41.42:361][973]LogEditorActor: Deleted 1 Actors (0.036 secs)
[2019.01.23-13.41.47:996][211]CompilerResultsLog: New page: Compilation - 23 Jan 2019 13:41:47
[2019.01.23-13.41.47:996][211]CompilerResultsLog: Using 'git status' to determine working set for adaptive non-unity build.
[2019.01.23-13.41.47:996][211]CompilerResultsLog: Compiling game modules for hot reload
[2019.01.23-13.41.47:996][211]CompilerResultsLog: Building 3 actions with 8 processes...
[2019.01.23-13.41.47:996][211]CompilerResultsLog:   [1/3] NewProcMesh.cpp
[2019.01.23-13.41.47:996][211]CompilerResultsLog:   [2/3] UE4Editor-ProcGenCity-6026.lib
[2019.01.23-13.41.47:996][211]CompilerResultsLog:      Creating library C:\Users\Grizz\Documents\GitHub\Honours-Project\ProcGenCity\Intermediate\Build\Win64\UE4Editor\Development\ProcGenCity\UE4Editor-ProcGenCity-6026.lib and object C:\Users\Grizz\Documents\GitHub\Honours-Project\ProcGenCity\Intermediate\Build\Win64\UE4Editor\Development\ProcGenCity\UE4Editor-ProcGenCity-6026.exp
[2019.01.23-13.41.47:996][211]CompilerResultsLog:   [3/3] UE4Editor-ProcGenCity-6026.dll
[2019.01.23-13.41.47:996][211]CompilerResultsLog:      Creating library C:\Users\Grizz\Documents\GitHub\Honours-Project\ProcGenCity\Intermediate\Build\Win64\UE4Editor\Development\ProcGenCity\UE4Editor-ProcGenCity-6026.suppressed.lib and object C:\Users\Grizz\Documents\GitHub\Honours-Project\ProcGenCity\Intermediate\Build\Win64\UE4Editor\Development\ProcGenCity\UE4Editor-ProcGenCity-6026.suppressed.exp
[2019.01.23-13.41.47:996][211]CompilerResultsLog: Total build time: 7.30 seconds (Parallel executor: 3.68 seconds)
[2019.01.23-13.41.47:996][211]LogMainFrame: MainFrame: Module compiling took 8.050 seconds
[2019.01.23-13.41.48:080][211]LogContentBrowser: Native class hierarchy updated for 'ProcGenCity' in 0.0005 seconds. Added 7 classes and 2 folders.
[2019.01.23-13.41.48:082][211]Display: HotReload successful (0 functions remapped  0 scriptstructs remapped)
[2019.01.23-13.41.48:142][211]LogContentBrowser: Native class hierarchy populated in 0.0094 seconds. Added 2580 classes and 607 folders.
[2019.01.23-13.41.48:142][211]Display: HotReload took  8.2s.
[2019.01.23-13.41.50:154][341]Candidate modules for hot reload:
[2019.01.23-13.41.50:154][341]  ProcGenCity
[2019.01.23-13.41.50:154][341]Launching UnrealBuildTool... [C:/Program Files/Epic Games/UE_4.20/Engine/Binaries/DotNET/UnrealBuildTool.exe  -ModuleWithSuffix=ProcGenCity,8647 Win64 Development -TargetType=Editor -Project="../../../../../../Users/Grizz/Documents/GitHub/Honours-Project/ProcGenCity/ProcGenCity.uproject" -canskiplink "C:/Users/Grizz/Documents/GitHub/Honours-Project/ProcGenCity/ProcGenCity.uproject" ]
[2019.01.23-13.41.50:212][341]Warning: Starting HotReload took  0.1s.
[2019.01.23-13.41.57:293][532]CompilerResultsLog: New page: Compilation - 23 Jan 2019 13:41:57
[2019.01.23-13.41.57:293][532]CompilerResultsLog: Using 'git status' to determine working set for adaptive non-unity build.
[2019.01.23-13.41.57:293][532]CompilerResultsLog: Compiling game modules for hot reload
[2019.01.23-13.41.57:293][532]CompilerResultsLog: Building 3 actions with 8 processes...
[2019.01.23-13.41.57:293][532]CompilerResultsLog:   [1/3] NewProcMesh.cpp
[2019.01.23-13.41.57:293][532]CompilerResultsLog:   [2/3] UE4Editor-ProcGenCity-8647.lib
[2019.01.23-13.41.57:293][532]CompilerResultsLog:      Creating library C:\Users\Grizz\Documents\GitHub\Honours-Project\ProcGenCity\Intermediate\Build\Win64\UE4Editor\Development\ProcGenCity\UE4Editor-ProcGenCity-8647.lib and object C:\Users\Grizz\Documents\GitHub\Honours-Project\ProcGenCity\Intermediate\Build\Win64\UE4Editor\Development\ProcGenCity\UE4Editor-ProcGenCity-8647.exp
[2019.01.23-13.41.57:293][532]CompilerResultsLog:   [3/3] UE4Editor-ProcGenCity-8647.dll
[2019.01.23-13.41.57:293][532]CompilerResultsLog:      Creating library C:\Users\Grizz\Documents\GitHub\Honours-Project\ProcGenCity\Intermediate\Build\Win64\UE4Editor\Development\ProcGenCity\UE4Editor-ProcGenCity-8647.suppressed.lib and object C:\Users\Grizz\Documents\GitHub\Honours-Project\ProcGenCity\Intermediate\Build\Win64\UE4Editor\Development\ProcGenCity\UE4Editor-ProcGenCity-8647.suppressed.exp
[2019.01.23-13.41.57:293][532]CompilerResultsLog: Total build time: 6.67 seconds (Parallel executor: 3.15 seconds)
[2019.01.23-13.41.57:293][532]LogMainFrame: MainFrame: Module compiling took 7.152 seconds
[2019.01.23-13.41.57:330][532]LogContentBrowser: Native class hierarchy updated for 'ProcGenCity' in 0.0007 seconds. Added 7 classes and 2 folders.
[2019.01.23-13.41.57:332][532]Display: HotReload successful (0 functions remapped  0 scriptstructs remapped)
[2019.01.23-13.41.57:380][532]LogContentBrowser: Native class hierarchy populated in 0.0091 seconds. Added 2580 classes and 607 folders.
[2019.01.23-13.41.57:380][532]Display: HotReload took  7.3s.
[2019.01.23-13.42.03:769][550]LogActor: Warning: NewProcMesh_C /Game/StarterContent/Maps/Minimal_Default.Minimal_Default:PersistentLevel.NewProcMesh_C_3 has natively added scene component(s), but none of them were set as the actor's RootComponent - picking one arbitrarily
[2019.01.23-13.42.03:770][550]LogWindows: Windows GetLastError: The operation completed successfully. (0)
[2019.01.23-13.42.05:199][550]LogWindows: Error: === Critical error: ===
[2019.01.23-13.42.05:199][550]LogWindows: Error: 
[2019.01.23-13.42.05:199][550]LogWindows: Error: Assertion failed: (Index >= 0) & (Index < ArrayNum) [File:C:\Program Files\Epic Games\UE_4.20\Engine\Source\Runtime\Core\Public\Containers/Array.h] [Line: 611] 
[2019.01.23-13.42.05:199][550]LogWindows: Error: Array index out of bounds: 5 from an array of size 5
[2019.01.23-13.42.05:199][550]LogWindows: Error: 
[2019.01.23-13.42.05:200][550]LogWindows: Error: 
[2019.01.23-13.42.05:200][550]LogWindows: Error: [Callstack] 0x00007ffa809ba388 KERNELBASE.dll!UnknownFunction []
[2019.01.23-13.42.05:200][550]LogWindows: Error: [Callstack] 0x00007ffa615e6850 UE4Editor-ApplicationCore.dll!UnknownFunction []
[2019.01.23-13.42.05:200][550]LogWindows: Error: [Callstack] 0x00007ffa4d7d62fc UE4Editor-Core.dll!UnknownFunction []
[2019.01.23-13.42.05:200][550]LogWindows: Error: [Callstack] 0x00007ffa4d7651db UE4Editor-Core.dll!UnknownFunction []
[2019.01.23-13.42.05:200][550]LogWindows: Error: [Callstack] 0x00007ffa727513e4 UE4Editor-ProcGenCity-8647.dll!ANewProcMesh::CalcPointDist() [c:\users\grizz\documents\github\honours-project\procgencity\source\procgencity\newprocmesh.cpp:104]
[2019.01.23-13.42.05:200][550]LogWindows: Error: [Callstack] 0x00007ffa72752467 UE4Editor-ProcGenCity-8647.dll!ANewProcMesh::SetPlotPoints() [c:\users\grizz\documents\github\honours-project\procgencity\source\procgencity\newprocmesh.cpp:93]
[2019.01.23-13.42.05:200][550]LogWindows: Error: [Callstack] 0x00007ffa72751db7 UE4Editor-ProcGenCity-8647.dll!ANewProcMesh::OnConstruction() [c:\users\grizz\documents\github\honours-project\procgencity\source\procgencity\newprocmesh.cpp:61]
[2019.01.23-13.42.05:200][550]LogWindows: Error: [Callstack] 0x00007ffa29bb4eff UE4Editor-Engine.dll!UnknownFunction []
[2019.01.23-13.42.05:200][550]LogWindows: Error: [Callstack] 0x00007ffa29bb87c4 UE4Editor-Engine.dll!UnknownFunction []
[2019.01.23-13.42.05:200][550]LogWindows: Error: [Callstack] 0x00007ffa29bd76f3 UE4Editor-Engine.dll!UnknownFunction []
[2019.01.23-13.42.05:200][550]LogWindows: Error: [Callstack] 0x00007ffa2a51f646 UE4Editor-Engine.dll!UnknownFunction []
[2019.01.23-13.42.05:200][550]LogWindows: Error: [Callstack] 0x00007ffa287e5b93 UE4Editor-UnrealEd.dll!UnknownFunction []
[2019.01.23-13.42.05:200][550]LogWindows: Error: [Callstack] 0x00007ffa287af37c UE4Editor-UnrealEd.dll!UnknownFunction []
[2019.01.23-13.42.05:200][550]LogWindows: Error: [Callstack] 0x00007ffa283a4266 UE4Editor-UnrealEd.dll!UnknownFunction []
[2019.01.23-13.42.05:200][550]LogWindows: Error: [Callstack] 0x00007ffa28344792 UE4Editor-UnrealEd.dll!UnknownFunction []
[2019.01.23-13.42.05:200][550]LogWindows: Error: [Callstack] 0x00007ffa28be9c77 UE4Editor-UnrealEd.dll!UnknownFunction []
[2019.01.23-13.42.05:200][550]LogWindows: Error: [Callstack] 0x00007ffa28bbfe9f UE4Editor-UnrealEd.dll!UnknownFunction []
[2019.01.23-13.42.05:200][550]LogWindows: Error: [Callstack] 0x00007ffa28bbf577 UE4Editor-UnrealEd.dll!UnknownFunction []
[2019.01.23-13.42.05:200][550]LogWindows: Error: [Callstack] 0x00007ffa26748d9f UE4Editor-LevelEditor.dll!UnknownFunction []
[2019.01.23-13.42.05:200][550]LogWindows: Error: [Callstack] 0x00007ffa2676484e UE4Editor-LevelEditor.dll!UnknownFunction []
[2019.01.23-13.42.05:200][550]LogWindows: Error: [Callstack] 0x00007ffa4f7f65fe UE4Editor-Slate.dll!UnknownFunction []
[2019.01.23-13.42.05:200][550]LogWindows: Error: [Callstack] 0x00007ffa4f891263 UE4Editor-Slate.dll!UnknownFunction []
[2019.01.23-13.42.05:200][550]LogWindows: Error: [Callstack] 0x00007ffa4f878538 UE4Editor-Slate.dll!UnknownFunction []
[2019.01.23-13.42.05:200][550]LogWindows: Error: [Callstack] 0x00007ffa4f86b073 UE4Editor-Slate.dll!UnknownFunction []
[2019.01.23-13.42.05:200][550]LogWindows: Error: [Callstack] 0x00007ffa615dd007 UE4Editor-ApplicationCore.dll!UnknownFunction []
[2019.01.23-13.42.05:200][550]LogWindows: Error: [Callstack] 0x00007ffa615d0270 UE4Editor-ApplicationCore.dll!UnknownFunction []
[2019.01.23-13.42.05:200][550]LogWindows: Error: [Callstack] 0x00007ffa615df4c5 UE4Editor-ApplicationCore.dll!UnknownFunction []
[2019.01.23-13.42.05:200][550]LogWindows: Error: [Callstack] 0x00007ffa615cc209 UE4Editor-ApplicationCore.dll!UnknownFunction []
[2019.01.23-13.42.05:200][550]LogWindows: Error: [Callstack] 0x00007ffa837a6d41 USER32.dll!UnknownFunction []
[2019.01.23-13.42.05:200][550]LogWindows: Error: [Callstack] 0x00007ffa837a6713 USER32.dll!UnknownFunction []
[2019.01.23-13.42.05:200][550]LogWindows: Error: [Callstack] 0x00007ffa615e0646 UE4Editor-ApplicationCore.dll!UnknownFunction []
[2019.01.23-13.42.05:200][550]LogWindows: Error: [Callstack] 0x00007ff6521f54e5 UE4Editor.exe!UnknownFunction []
[2019.01.23-13.42.05:200][550]LogWindows: Error: [Callstack] 0x00007ff652205b3c UE4Editor.exe!UnknownFunction []
[2019.01.23-13.42.05:200][550]LogWindows: Error: [Callstack] 0x00007ff652205bba UE4Editor.exe!UnknownFunction []
[2019.01.23-13.42.05:200][550]LogWindows: Error: [Callstack] 0x00007ff652213dac UE4Editor.exe!UnknownFunction []
[2019.01.23-13.42.05:200][550]LogWindows: Error: [Callstack] 0x00007ff652215aaa UE4Editor.exe!UnknownFunction []
[2019.01.23-13.42.05:200][550]LogWindows: Error: [Callstack] 0x00007ffa82d03034 KERNEL32.DLL!UnknownFunction []
[2019.01.23-13.42.05:200][550]LogWindows: Error: [Callstack] 0x00007ffa83b23691 ntdll.dll!UnknownFunction []
[2019.01.23-13.42.05:201][550]LogWindows: Error: 
[2019.01.23-13.42.05:221][550]LogExit: Executing StaticShutdownAfterError
[2019.01.23-13.42.05:228][550]LogWindows: FPlatformMisc::RequestExit(1)
[2019.01.23-13.42.05:231][550]Log file closed, 01/23/19 13:42:05
