Log file open, 03/04/19 16:58:08
LogWindows: Failed to load 'aqProf.dll' (GetLastError=126)
LogWindows: File 'aqProf.dll' does not exist
LogWindows: Failed to load 'VSPerf140.dll' (GetLastError=126)
LogWindows: File 'VSPerf140.dll' does not exist
LogWindows: Failed to load 'VtuneApi.dll' (GetLastError=126)
LogWindows: File 'VtuneApi.dll' does not exist
LogWindows: Failed to load 'VtuneApi32e.dll' (GetLastError=126)
LogWindows: File 'VtuneApi32e.dll' does not exist
LogInit: Display: Running engine for game: ProcGenCity
LogPlatformFile: Not using cached read wrapper
LogTaskGraph: Started task graph with 5 named threads and 23 total threads with 3 sets of task threads.
LogStats: Stats thread started at 0.287387
LogD3D11RHI: Loaded GFSDK_Aftermath_Lib.x64.dll
LogICUInternationalization: Display: ICU TimeZone Detection - Raw Offset: +0:00, Platform Override: ''
LogPluginManager: Mounting plugin Paper2D
LogPluginManager: Mounting plugin AISupport
LogPluginManager: Mounting plugin LightPropagationVolume
LogPluginManager: Mounting plugin CLionSourceCodeAccess
LogPluginManager: Mounting plugin CodeLiteSourceCodeAccess
LogPluginManager: Mounting plugin GitSourceControl
LogPluginManager: Mounting plugin KDevelopSourceCodeAccess
LogPluginManager: Mounting plugin NullSourceCodeAccess
LogPluginManager: Mounting plugin PerforceSourceControl
LogPluginManager: Mounting plugin SubversionSourceControl
LogPluginManager: Mounting plugin UObjectPlugin
LogPluginManager: Mounting plugin VisualStudioCodeSourceCodeAccess
LogPluginManager: Mounting plugin VisualStudioSourceCodeAccess
LogPluginManager: Mounting plugin XCodeSourceCodeAccess
LogPluginManager: Mounting plugin AssetManagerEditor
LogPluginManager: Mounting plugin CryptoKeys
LogPluginManager: Mounting plugin DataValidation
LogPluginManager: Mounting plugin FacialAnimation
LogPluginManager: Mounting plugin GameplayTagsEditor
LogPluginManager: Mounting plugin MacGraphicsSwitching
LogPluginManager: Mounting plugin MeshEditor
LogPluginManager: Mounting plugin MobileLauncherProfileWizard
LogPluginManager: Mounting plugin PluginBrowser
LogPluginManager: Mounting plugin SpeedTreeImporter
LogPluginManager: Mounting plugin DatasmithContent
LogPluginManager: Mounting plugin AlembicImporter
LogPluginManager: Mounting plugin AppleImageUtils
LogPluginManager: Mounting plugin AppleVision
LogPluginManager: Mounting plugin BackChannel
LogPluginManager: Mounting plugin CharacterAI
LogPluginManager: Mounting plugin GeometryCache
LogPluginManager: Mounting plugin HTML5Networking
LogPluginManager: Mounting plugin ProxyLODPlugin
LogPluginManager: Mounting plugin MagicLeap
LogPluginManager: Mounting plugin MagicLeapEmulator
LogPluginManager: Mounting plugin MagicLeapMedia
LogPluginManager: Mounting plugin AndroidMedia
LogPluginManager: Mounting plugin AvfMedia
LogPluginManager: Mounting plugin ImgMedia
LogPluginManager: Mounting plugin LinearTimecode
LogPluginManager: Mounting plugin MediaCompositing
LogPluginManager: Mounting plugin MediaPlayerEditor
LogPluginManager: Mounting plugin WmfMedia
LogPluginManager: Mounting plugin TcpMessaging
LogPluginManager: Mounting plugin UdpMessaging
LogPluginManager: Mounting plugin ActorSequence
LogPluginManager: Mounting plugin LevelSequenceEditor
LogPluginManager: Mounting plugin MatineeToLevelSequence
LogPluginManager: Mounting plugin NetcodeUnitTest
LogPluginManager: Mounting plugin NUTUnrealEngine4
LogPluginManager: Mounting plugin OnlineSubsystemGooglePlay
LogPluginManager: Mounting plugin OnlineSubsystemIOS
LogPluginManager: Mounting plugin OnlineSubsystem
LogPluginManager: Mounting plugin OnlineSubsystemNull
LogPluginManager: Mounting plugin OnlineSubsystemUtils
LogPluginManager: Mounting plugin LauncherChunkInstaller
LogPluginManager: Mounting plugin AndroidDeviceProfileSelector
LogPluginManager: Mounting plugin AndroidMoviePlayer
LogPluginManager: Mounting plugin AndroidPermission
LogPluginManager: Mounting plugin AppleMoviePlayer
LogPluginManager: Mounting plugin ArchVisCharacter
LogPluginManager: Mounting plugin AudioCapture
LogPluginManager: Mounting plugin CableComponent
LogPluginManager: Mounting plugin CustomMeshComponent
LogPluginManager: Mounting plugin EditableMesh
LogPluginManager: Mounting plugin ExampleDeviceProfileSelector
LogPluginManager: Mounting plugin GoogleCloudMessaging
LogPluginManager: Mounting plugin ImmediatePhysics
LogPluginManager: Mounting plugin IOSDeviceProfileSelector
LogPluginManager: Mounting plugin LinuxDeviceProfileSelector
LogPluginManager: Mounting plugin LocationServicesBPLibrary
LogPluginManager: Mounting plugin MobilePatchingUtils
LogPluginManager: Mounting plugin OculusVR
LogPluginManager: Plugin shader directory ../../../Engine/Plugins/Runtime/Oculus/OculusVR/Shaders found
LogPluginManager: Mapping shader source directory ../../../Engine/Plugins/Runtime/Oculus/OculusVR/Shaders to virtual directory /Plugin/OculusVR
LogPluginManager: Mounting plugin PhysXVehicles
LogPluginManager: Mounting plugin ProceduralMeshComponent
LogPluginManager: Mounting plugin RuntimePhysXCooking
LogPluginManager: Mounting plugin SteamVR
LogPluginManager: Mounting plugin WindowsMoviePlayer
LogStreaming: Display: Took  0.150s to configure plugins.
LogInit: Using libcurl 7.55.1-DEV
LogInit:  - built for x86_64-pc-win32
LogInit:  - supports SSL with OpenSSL/1.0.2h
LogInit:  - supports HTTP deflate (compression) using libz 1.2.8
LogInit:  - other features:
LogInit:      CURL_VERSION_SSL
LogInit:      CURL_VERSION_LIBZ
LogInit:      CURL_VERSION_IPV6
LogInit:      CURL_VERSION_ASYNCHDNS
LogInit:      CURL_VERSION_LARGEFILE
LogInit:      CURL_VERSION_IDN
LogInit:  CurlRequestOptions (configurable via config and command line):
LogInit:  - bVerifyPeer = false  - Libcurl will NOT verify peer certificate
LogInit:  - bUseHttpProxy = false  - Libcurl will NOT use HTTP proxy
LogInit:  - bDontReuseConnections = false  - Libcurl will reuse connections
LogInit:  - CertBundlePath = nullptr  - Libcurl will use whatever was configured at build time.
LogInit:  - MaxHostConnections = 16  - Libcurl will limit the number of connections to a host
LogInit:  - LocalHostAddr = Default
LogInit:  - BufferSize = 65536
LogInit: WinSock: version 1.1 (2.2), MaxSocks=32767, MaxUdp=65467
LogHMD: Failed initializing OVRPlugin 1.25.0
LogInit: Build: ++UE4+Release-4.20-CL-4369336
LogInit: Engine Version: 4.20.3-4369336+++UE4+Release-4.20
LogInit: Compatible Engine Version: 4.20.0-4212847+++UE4+Release-4.20
LogInit: Net CL: 4212847
LogInit: OS: Windows 10 (), CPU: Intel(R) Core(TM) i7-8550U CPU @ 1.80GHz, GPU: Intel(R) UHD Graphics 620
LogInit: Compiled (64-bit): Sep 17 2018 12:26:19
LogInit: Compiled with Visual C++: 19.13.26129.00
LogInit: Build Configuration: Development
LogInit: Branch Name: ++UE4+Release-4.20
LogInit: Command Line:  
LogInit: Base Directory: C:/Program Files/Epic Games/UE_4.20/Engine/Binaries/Win64/
LogInit: Installed Engine Build: 1
LogDevObjectVersion: Number of dev versions registered: 20
LogDevObjectVersion:   Dev-Blueprints (B0D832E4-1F89-4F0D-ACCF-7EB736FD4AA2): 10
LogDevObjectVersion:   Dev-Build (E1C64328-A22C-4D53-A36C-8E866417BD8C): 0
LogDevObjectVersion:   Dev-Core (375EC13C-06E4-48FB-B500-84F0262A717E): 2
LogDevObjectVersion:   Dev-Editor (E4B068ED-F494-42E9-A231-DA0B2E46BB41): 24
LogDevObjectVersion:   Dev-Framework (CFFC743F-43B0-4480-9391-14DF171D2073): 34
LogDevObjectVersion:   Dev-Mobile (B02B49B5-BB20-44E9-A304-32B752E40360): 2
LogDevObjectVersion:   Dev-Networking (A4E4105C-59A1-49B5-A7C5-40C4547EDFEE): 0
LogDevObjectVersion:   Dev-Online (39C831C9-5AE6-47DC-9A44-9C173E1C8E7C): 0
LogDevObjectVersion:   Dev-Physics (78F01B33-EBEA-4F98-B9B4-84EACCB95AA2): 0
LogDevObjectVersion:   Dev-Platform (6631380F-2D4D-43E0-8009-CF276956A95A): 0
LogDevObjectVersion:   Dev-Rendering (12F88B9F-8875-4AFC-A67C-D90C383ABD29): 26
LogDevObjectVersion:   Dev-Sequencer (7B5AE74C-D270-4C10-A958-57980B212A5A): 9
LogDevObjectVersion:   Dev-VR (D7296918-1DD6-4BDD-9DE2-64A83CC13884): 2
LogDevObjectVersion:   Dev-LoadTimes (C2A15278-BFE7-4AFE-6C17-90FF531DF755): 1
LogDevObjectVersion:   Private-Geometry (6EACA3D4-40EC-4CC1-B786-8BED09428FC5): 3
LogDevObjectVersion:   Dev-AnimPhys (29E575DD-E0A3-4627-9D10-D276232CDCEA): 17
LogDevObjectVersion:   Dev-ReflectionCapture (6B266CEC-1EC7-4B8F-A30B-E4D90942FC07): 1
LogDevObjectVersion:   Dev-Automation (0DF73D61-A23F-47EA-B727-89E90C41499A): 1
LogDevObjectVersion:   FortniteMain (601D1886-AC64-4F84-AA16-D3DE0DEAC7D6): 12
LogDevObjectVersion:   Dev-Enterprise (9DFFBCD6-494F-0158-E221-12823C92A888): 1
LogStreaming: Display: Took  0.005s to delete old logs.
LogInit: Presizing for max 8388607 objects, including 0 objects not considered by GC, pre-allocating 0 bytes for permanent pool.
LogInit: Object subsystem initialized
[2019.03.04-16.58.09:125][  0]LogInit: Selected Device Profile: [Windows]
[2019.03.04-16.58.09:125][  0]LogInit: Applying CVar settings loaded from the selected device profile: [Windows]
[2019.03.04-16.58.09:141][  0]LogHAL: Display: Platform has ~ 16 GB [17058729984 / 17179869184 / 16], which maps to Larger [LargestMinGB=32, LargerMinGB=12, DefaultMinGB=8, SmallerMinGB=6, SmallestMinGB=0)
[2019.03.04-16.58.09:141][  0]LogInit: Setting Device Profile CVar: [[r.Vulkan.UseRealUBs:1]]
[2019.03.04-16.58.09:141][  0]LogInit: Going up to parent DeviceProfile []
[2019.03.04-16.58.09:142][  0]LogInit: Computer: LAPTOP-TLBN2SQS
[2019.03.04-16.58.09:142][  0]LogInit: User: kevin
[2019.03.04-16.58.09:142][  0]LogInit: CPU Page size=4096, Cores=4
[2019.03.04-16.58.09:142][  0]LogInit: High frequency timer resolution =1.945312 MHz
[2019.03.04-16.58.09:142][  0]LogMemory: Memory total: Physical=15.9GB (16GB approx)
[2019.03.04-16.58.09:142][  0]LogMemory: Platform Memory Stats for Windows
[2019.03.04-16.58.09:142][  0]LogMemory: Process Physical Memory: 101.91 MB used, 101.91 MB peak
[2019.03.04-16.58.09:142][  0]LogMemory: Process Virtual Memory: 94.21 MB used, 94.21 MB peak
[2019.03.04-16.58.09:142][  0]LogMemory: Physical Memory: 9529.75 MB used,  6738.73 MB free, 16268.47 MB total
[2019.03.04-16.58.09:142][  0]LogMemory: Virtual Memory: 4655.32 MB used,  6738.73 MB free, 134217728.00 MB total
[2019.03.04-16.58.09:165][  0]LogInit: Using OS detected language (en-GB).
[2019.03.04-16.58.09:165][  0]LogInit: Using OS detected locale (en-GB).
[2019.03.04-16.58.09:166][  0]LogTextLocalizationManager: No specific localization for 'en-GB' exists, so the 'en' localization will be used.
[2019.03.04-16.58.09:573][  0]LogStreaming: Display: Took  0.408s to InitEngineTextLocalization.
[2019.03.04-16.58.09:573][  0]LogInit: Setting process to per monitor DPI aware
[2019.03.04-16.58.09:611][  0]LogSlate: New Slate User Created.  User Index 0, Is Virtual User: 0
[2019.03.04-16.58.09:611][  0]LogSlate: Slate User Registered.  User Index 0, Is Virtual User: 0
[2019.03.04-16.58.09:837][  0]LogHMD: Failed to initialize OpenVR with code 100
[2019.03.04-16.58.09:837][  0]LogD3D11RHI: D3D11 adapters:
[2019.03.04-16.58.09:914][  0]LogD3D11RHI:    0. 'NVIDIA GeForce MX150' (Feature Level 11_0)
[2019.03.04-16.58.09:914][  0]LogD3D11RHI:       4027/0/8134 MB DedicatedVideo/DedicatedSystem/SharedSystem, Outputs:1, VendorId:0x10de
[2019.03.04-16.58.09:933][  0]LogD3D11RHI:    1. 'Intel(R) UHD Graphics 620' (Feature Level 11_0)
[2019.03.04-16.58.09:933][  0]LogD3D11RHI:       128/0/8134 MB DedicatedVideo/DedicatedSystem/SharedSystem, Outputs:0, VendorId:0x8086
[2019.03.04-16.58.09:935][  0]LogD3D11RHI:    2. 'Microsoft Basic Render Driver' (Feature Level 11_0)
[2019.03.04-16.58.09:935][  0]LogD3D11RHI:       0/0/8134 MB DedicatedVideo/DedicatedSystem/SharedSystem, Outputs:0, VendorId:0x1414
[2019.03.04-16.58.09:935][  0]LogD3D11RHI: Chosen D3D11 Adapter: 0
[2019.03.04-16.58.09:972][  0]LogD3D11RHI: Creating new Direct3DDevice
[2019.03.04-16.58.09:972][  0]LogD3D11RHI:     GPU DeviceId: 0x1d10 (for the marketing name, search the web for "GPU Device Id")
[2019.03.04-16.58.09:972][  0]LogWindows: EnumDisplayDevices:
[2019.03.04-16.58.09:972][  0]LogWindows:    0. 'Intel(R) UHD Graphics 620' (P:1 D:1)
[2019.03.04-16.58.09:973][  0]LogWindows:    1. 'Intel(R) UHD Graphics 620' (P:0 D:0)
[2019.03.04-16.58.09:973][  0]LogWindows:    2. 'Intel(R) UHD Graphics 620' (P:0 D:0)
[2019.03.04-16.58.09:973][  0]LogWindows: DebugString: PrimaryIsNotTheChoosenAdapter PrimaryIsNotTheChoosenAdapter PrimaryIsNotTheChoosenAdapter FoundDriverCount:0 
[2019.03.04-16.58.09:973][  0]LogD3D11RHI:     Adapter Name: NVIDIA GeForce MX150
[2019.03.04-16.58.09:973][  0]LogD3D11RHI:   Driver Version: Unknown (internal:Unknown, unified:Unknown)
[2019.03.04-16.58.09:973][  0]LogD3D11RHI:      Driver Date: Unknown
[2019.03.04-16.58.09:973][  0]LogRHI: Texture pool is 2819 MB (70% of 4027 MB)
[2019.03.04-16.58.10:018][  0]LogD3D11RHI: Async texture creation enabled
[2019.03.04-16.58.10:038][  0]LogD3D11RHI: GPU Timing Frequency: 1000.000000 (Debug: 2 2)
[2019.03.04-16.58.10:038][  0]LogShaderCompilers: Guid format shader working directory is -29 characters bigger than the processId version (../../../../../../Users/kevin/Documents/GitHub/Honours-Project/ProcGenCity/Intermediate/Shaders/WorkingDirectory/19608/).
[2019.03.04-16.58.10:038][  0]LogShaderCompilers: Cleaned the shader compiler working directory 'C:/Users/kevin/AppData/Local/Temp/UnrealShaderWorkingDir/B2B663E34D84161348F78D87C37D6E15/'.
[2019.03.04-16.58.10:382][  0]LogTemp: Display: Loaded TP AllDesktopTargetPlatform
[2019.03.04-16.58.10:399][  0]LogTemp: Display: Loaded TP MacClientTargetPlatform
[2019.03.04-16.58.10:418][  0]LogTemp: Display: Loaded TP MacNoEditorTargetPlatform
[2019.03.04-16.58.10:437][  0]LogTemp: Display: Loaded TP MacServerTargetPlatform
[2019.03.04-16.58.10:456][  0]LogTemp: Display: Loaded TP MacTargetPlatform
[2019.03.04-16.58.10:480][  0]LogTemp: Display: Loaded TP WindowsClientTargetPlatform
[2019.03.04-16.58.10:503][  0]LogTemp: Display: Loaded TP WindowsNoEditorTargetPlatform
[2019.03.04-16.58.10:523][  0]LogTemp: Display: Loaded TP WindowsServerTargetPlatform
[2019.03.04-16.58.10:532][  0]LogTemp: Display: Loaded TP WindowsTargetPlatform
[2019.03.04-16.58.10:639][  0]LogTemp: Display: Loaded TP AndroidTargetPlatform
[2019.03.04-16.58.10:639][  0]LogTemp: Display: Loaded TP AndroidTargetPlatform
[2019.03.04-16.58.10:639][  0]LogTemp: Display: Loaded TP AndroidTargetPlatform
[2019.03.04-16.58.10:639][  0]LogTemp: Display: Loaded TP AndroidTargetPlatform
[2019.03.04-16.58.10:639][  0]LogTemp: Display: Loaded TP AndroidTargetPlatform
[2019.03.04-16.58.10:639][  0]LogTemp: Display: Loaded TP AndroidTargetPlatform
[2019.03.04-16.58.10:639][  0]LogTemp: Display: Loaded TP AndroidTargetPlatform
[2019.03.04-16.58.10:639][  0]LogTemp: Display: Loaded TP AndroidTargetPlatform
[2019.03.04-16.58.10:639][  0]LogTemp: Display: Loaded TP AndroidTargetPlatform
[2019.03.04-16.58.10:639][  0]LogTemp: Display: Loaded TP AndroidTargetPlatform
[2019.03.04-16.58.10:639][  0]LogTemp: Display: Loaded TP AndroidTargetPlatform
[2019.03.04-16.58.10:639][  0]LogTemp: Display: Loaded TP AndroidTargetPlatform
[2019.03.04-16.58.10:639][  0]LogTemp: Display: Loaded TP AndroidTargetPlatform
[2019.03.04-16.58.10:639][  0]LogTemp: Display: Loaded TP AndroidTargetPlatform
[2019.03.04-16.58.10:639][  0]LogTemp: Display: Loaded TP AndroidTargetPlatform
[2019.03.04-16.58.10:639][  0]LogTemp: Display: Loaded TP AndroidTargetPlatform
[2019.03.04-16.58.10:639][  0]LogTemp: Display: Loaded TP AndroidTargetPlatform
[2019.03.04-16.58.10:639][  0]LogTemp: Display: Loaded TP AndroidTargetPlatform
[2019.03.04-16.58.10:641][  0]LogTemp: Display: Loaded TP HTML5TargetPlatform
[2019.03.04-16.58.10:708][  0]LogTemp: Display: Loaded TP IOSTargetPlatform
[2019.03.04-16.58.10:708][  0]LogTemp: Display: Loaded TP IOSTargetPlatform
[2019.03.04-16.58.10:732][  0]LogTemp: Display: Loaded TP TVOSTargetPlatform
[2019.03.04-16.58.10:732][  0]LogTemp: Display: Loaded TP TVOSTargetPlatform
[2019.03.04-16.58.10:745][  0]LogTemp: Display: Loaded TP LinuxClientTargetPlatform
[2019.03.04-16.58.10:758][  0]LogTemp: Display: Loaded TP LinuxNoEditorTargetPlatform
[2019.03.04-16.58.10:772][  0]LogTemp: Display: Loaded TP LinuxServerTargetPlatform
[2019.03.04-16.58.10:785][  0]LogTemp: Display: Loaded TP LinuxTargetPlatform
[2019.03.04-16.58.10:796][  0]LogTemp: Display: Loaded TP LuminTargetPlatform
[2019.03.04-16.58.10:796][  0]LogTargetPlatformManager: Display: Building Assets For Windows
[2019.03.04-16.58.10:869][  0]LogXGEController: Cleaning working directory: C:/Users/kevin/AppData/Local/Temp/UnrealXGEWorkingDir/
[2019.03.04-16.58.10:869][  0]LogXGEController: Cannot use XGE Controller as Incredibuild is not installed on this machine.
[2019.03.04-16.58.10:869][  0]LogShaderCompilers: Cannot use XGE Shader Compiler as Incredibuild is not installed on this machine.
[2019.03.04-16.58.10:869][  0]LogShaderCompilers: Display: Using Local Shader Compiler.
[2019.03.04-16.58.11:689][  0]LogDerivedDataCache: Display: Max Cache Size: 512 MB
[2019.03.04-16.58.11:748][  0]LogDerivedDataCache: Loaded boot cache 0.06s 71MB C:/Users/kevin/AppData/Local/UnrealEngine/4.20/DerivedDataCache/Boot.ddc.
[2019.03.04-16.58.11:748][  0]LogDerivedDataCache: Display: Loaded Boot cache: C:/Users/kevin/AppData/Local/UnrealEngine/4.20/DerivedDataCache/Boot.ddc
[2019.03.04-16.58.11:748][  0]LogDerivedDataCache: FDerivedDataBackendGraph:  Pak pak cache file ../../../../../../Users/kevin/Documents/GitHub/Honours-Project/ProcGenCity/DerivedDataCache/DDC.ddp not found, will not use a pak cache.
[2019.03.04-16.58.11:748][  0]LogDerivedDataCache: Unable to find inner node Pak for hierarchical cache Hierarchy.
[2019.03.04-16.58.11:748][  0]LogDerivedDataCache: FDerivedDataBackendGraph:  CompressedPak pak cache file ../../../../../../Users/kevin/Documents/GitHub/Honours-Project/ProcGenCity/DerivedDataCache/Compressed.ddp not found, will not use a pak cache.
[2019.03.04-16.58.11:748][  0]LogDerivedDataCache: Unable to find inner node CompressedPak for hierarchical cache Hierarchy.
[2019.03.04-16.58.11:761][  0]LogDerivedDataCache: Display: Pak cache opened for reading ../../../Engine/DerivedDataCache/Compressed.ddp.
[2019.03.04-16.58.11:774][  0]LogDerivedDataCache: Using Local data cache path C:/Users/kevin/AppData/Local/UnrealEngine/Common/DerivedDataCache: Writable
[2019.03.04-16.58.11:774][  0]LogDerivedDataCache: Shared data cache path not found in *engine.ini, will not use an Shared cache.
[2019.03.04-16.58.11:774][  0]LogDerivedDataCache: Unable to find inner node Shared for hierarchical cache Hierarchy.
[2019.03.04-16.58.11:795][  0]LogMaterial: Verifying Global Shaders for PCD3D_SM5
[2019.03.04-16.58.11:796][  0]LogSlate: Using FreeType 2.6.0
[2019.03.04-16.58.11:797][  0]LogSlate: SlateFontServices - WITH_FREETYPE: 1, WITH_HARFBUZZ: 1
[2019.03.04-16.58.11:875][  0]LogAssetRegistry: FAssetRegistry took 0.0255 seconds to start up
[2019.03.04-16.58.12:291][  0]LogInit: Selected Device Profile: [Windows]
[2019.03.04-16.58.12:443][  0]LogSimplygon: Simplygon DLL not present - disabling.
[2019.03.04-16.58.12:448][  0]LogMeshReduction: Using SimplygonSwarm for distributed automatic mesh merging
[2019.03.04-16.58.12:448][  0]LogMeshReduction: Using ProxyLODMeshReduction for automatic mesh merging
[2019.03.04-16.58.12:448][  0]LogMeshReduction: Using QuadricMeshReduction for automatic static mesh reduction
[2019.03.04-16.58.12:448][  0]LogMeshReduction: No automatic skeletal mesh reduction module available
[2019.03.04-16.58.12:467][  0]LogNetVersion: ProcGenCity 1.0.0, NetCL: 4212847, EngineNetVer: 5, GameNetVer: 0 (Checksum: 2895139612)
[2019.03.04-16.58.13:145][  0]LogPackageLocalizationCache: Processed 11 localized package path(s) for 2 prioritized culture(s) in 0.164765 seconds
[2019.03.04-16.58.13:151][  0]LogUObjectArray: 38425 objects as part of root set at end of initial load.
[2019.03.04-16.58.13:151][  0]LogUObjectAllocator: 6690872 out of 0 bytes used by permanent object pool.
[2019.03.04-16.58.13:151][  0]LogUObjectArray: CloseDisregardForGC: 0/0 objects in disregard for GC pool
[2019.03.04-16.58.14:169][  0]LogTcpMessaging: Initializing TcpMessaging bridge
[2019.03.04-16.58.14:182][  0]LogUdpMessaging: Initializing bridge on interface 0.0.0.0:0 to multicast group 230.0.0.1:6666.
[2019.03.04-16.58.14:386][  0]SourceControl: Source control is disabled
[2019.03.04-16.58.14:386][  0]SourceControl: Source control is disabled
[2019.03.04-16.58.14:387][  0]SourceControl: Source control is disabled
[2019.03.04-16.58.14:388][  0]SourceControl: Source control is disabled
[2019.03.04-16.58.14:554][  0]LogAndroidPermission: UAndroidPermissionCallbackProxy::GetInstance
[2019.03.04-16.58.14:615][  0]LogOcInput: OculusInput pre-init called
[2019.03.04-16.58.14:685][  0]LogEngine: Initializing Engine...
[2019.03.04-16.58.14:686][  0]LogHMD: Failed to initialize OpenVR with code 100
[2019.03.04-16.58.14:687][  0]LogStats: UGameplayTagsManager::ConstructGameplayTagTree: ImportINI prefixes -  0.000 s
[2019.03.04-16.58.14:687][  0]LogStats: UGameplayTagsManager::ConstructGameplayTagTree: Construct from data asset -  0.000 s
[2019.03.04-16.58.14:687][  0]LogStats: UGameplayTagsManager::ConstructGameplayTagTree: ImportINI -  0.000 s
[2019.03.04-16.58.14:687][  0]LogStats: UGameplayTagsManager::ConstructGameplayTagTree: GameplayTagTreeChangedEvent.Broadcast -  0.000 s
[2019.03.04-16.58.14:924][  0]LogInit: Initializing FReadOnlyCVARCache
[2019.03.04-16.58.14:940][  0]LogAIModule: Creating AISystem for world Untitled
[2019.03.04-16.58.14:984][  0]LogInit: XAudio2 using 'Speaker/Headphone (Realtek High Definition Audio(SST))' : 2 channels at 48 kHz using 32 bits per sample (channel mask 0x3)
[2019.03.04-16.58.15:716][  0]LogInit: FAudioDevice initialized.
[2019.03.04-16.58.15:717][  0]LogNetVersion: Set ProjectVersion to 1.0.0.0. Version Checksum will be recalculated on next use.
[2019.03.04-16.58.15:839][  0]LogDerivedDataCache: Saved boot cache 0.12s 71MB C:/Users/kevin/AppData/Local/UnrealEngine/4.20/DerivedDataCache/Boot.ddc.
[2019.03.04-16.58.15:848][  0]LogInit: Texture streaming: Enabled
[2019.03.04-16.58.15:869][  0]LogEngineSessionManager: EngineSessionManager initialized
[2019.03.04-16.58.15:869][  0]LogEngineSessionManager: EngineSessionManager sent abnormal shutdown report. Type=Crashed, SessionId={EF863D77-4208-C9AF-000D-13BD09C4DABB}
[2019.03.04-16.58.15:891][  0]LogInit: Transaction tracking system initialized
[2019.03.04-16.58.15:924][  0]BlueprintLog: New page: Editor Load
[2019.03.04-16.58.16:033][  0]LocalizationService: Localization service is disabled
[2019.03.04-16.58.16:691][  0]LogCook: Display: Max memory allowance for cook 16384mb min free memory 0mb
[2019.03.04-16.58.16:691][  0]LogCook: Display: Mobile HDR setting 1
[2019.03.04-16.58.16:691][  0]LogGameplayTags: Display: UGameplayTagsManager::DoneAddingNativeTags. DelegateIsBound: 0
[2019.03.04-16.58.16:691][  0]LogStats: UGameplayTagsManager::ConstructGameplayTagTree: ImportINI prefixes -  0.000 s
[2019.03.04-16.58.16:691][  0]LogStats: UGameplayTagsManager::ConstructGameplayTagTree: Construct from data asset -  0.000 s
[2019.03.04-16.58.16:692][  0]LogStats: UGameplayTagsManager::ConstructGameplayTagTree: ImportINI -  0.000 s
[2019.03.04-16.58.16:692][  0]LogStats: UGameplayTagsManager::ConstructGameplayTagTree: GameplayTagTreeChangedEvent.Broadcast -  0.000 s
[2019.03.04-16.58.16:841][  0]LogFileCache: Scanning file cache for directory 'C:/Users/kevin/Documents/GitHub/Honours-Project/ProcGenCity/Content/' took 0.03s
[2019.03.04-16.58.16:841][  0]SourceControl: Source control is disabled
[2019.03.04-16.58.16:841][  0]Cmd: MAP LOAD FILE="../../../../../../Users/kevin/Documents/GitHub/Honours-Project/ProcGenCity/Content/StarterContent/Maps/Minimal_Default.umap" TEMPLATE=0 SHOWPROGRESS=1 FEATURELEVEL=3
[2019.03.04-16.58.16:842][  0]LightingResults: New page: Lighting Build
[2019.03.04-16.58.16:846][  0]MapCheck: New page: Map Check
[2019.03.04-16.58.16:846][  0]LightingResults: New page: Lighting Build
[2019.03.04-16.58.17:288][  0]LogAIModule: Creating AISystem for world Minimal_Default
[2019.03.04-16.58.17:309][  0]LogEditorServer: Finished looking for orphan Actors (0.000 secs)
[2019.03.04-16.58.17:337][  0]Cmd: MAP CHECKDEP NOCLEARLOG
[2019.03.04-16.58.17:420][  0]MapCheck: Map check complete: 0 Error(s), 0 Warning(s), took 83.411ms to complete.
[2019.03.04-16.58.17:420][  0]LogFileHelpers: Loading map 'Minimal_Default' took 0.580
[2019.03.04-16.58.17:543][  0]LogSlate: Updating window title bar state: overlay mode, drag disabled, window buttons hidden, title bar hidden
[2019.03.04-16.58.17:551][  0]LogSlate: Updating window title bar state: overlay mode, drag disabled, window buttons hidden, title bar hidden
[2019.03.04-16.58.17:559][  0]LogSlate: Updating window title bar state: overlay mode, drag disabled, window buttons hidden, title bar hidden
[2019.03.04-16.58.17:568][  0]LogSlate: Updating window title bar state: overlay mode, drag disabled, window buttons hidden, title bar hidden
[2019.03.04-16.58.17:576][  0]LogCollectionManager: Loaded 0 collections in 0.002616 seconds
[2019.03.04-16.58.17:620][  0]LogFileCache: Scanning file cache for directory 'C:/Users/kevin/Documents/GitHub/Honours-Project/ProcGenCity/Saved/Collections/' took 0.01s
[2019.03.04-16.58.17:620][  0]LogFileCache: Scanning file cache for directory 'C:/Users/kevin/Documents/GitHub/Honours-Project/ProcGenCity/Content/Developers/kevin/Collections/' took 0.01s
[2019.03.04-16.58.17:620][  0]LogFileCache: Scanning file cache for directory 'C:/Users/kevin/Documents/GitHub/Honours-Project/ProcGenCity/Content/Collections/' took 0.01s
[2019.03.04-16.58.17:620][  0]LogCollectionManager: Rebuilt the GUID cache for 0 collections in 0.000000 seconds
[2019.03.04-16.58.17:632][  0]LogContentBrowser: Native class hierarchy populated in 0.0112 seconds. Added 2583 classes and 605 folders.
[2019.03.04-16.58.17:639][  0]LogContentBrowser: Native class hierarchy updated for 'WidgetCarousel' in 0.0004 seconds. Added 0 classes and 0 folders.
[2019.03.04-16.58.17:698][  0]LogContentBrowser: Native class hierarchy updated for 'AddContentDialog' in 0.0006 seconds. Added 0 classes and 0 folders.
[2019.03.04-16.58.17:704][  0]LogContentBrowser: Native class hierarchy updated for 'SceneOutliner' in 0.0004 seconds. Added 1 classes and 2 folders.
[2019.03.04-16.58.17:722][  0]LogSlate: Took 0.000273 seconds to synchronously load lazily loaded font '../../../Engine/Content/Slate/Fonts/Roboto-Regular.ttf' (155K)
[2019.03.04-16.58.17:728][  0]LogSlate: Took 0.000254 seconds to synchronously load lazily loaded font '../../../Engine/Content/Slate/Fonts/Roboto-Bold.ttf' (160K)
[2019.03.04-16.58.17:733][  0]LogSlate: Took 0.000214 seconds to synchronously load lazily loaded font '../../../Engine/Content/Editor/Slate/Fonts/FontAwesome.ttf' (139K)
[2019.03.04-16.58.17:842][  0]LogRenderer: Reallocating scene render targets to support 1284x576 Format 9 NumSamples 1 (Frame:1).
[2019.03.04-16.58.18:058][  0]LogContentBrowser: Native class hierarchy updated for 'HierarchicalLODOutliner' in 0.0005 seconds. Added 0 classes and 0 folders.
[2019.03.04-16.58.18:058][  0]LogLoad: (Engine Initialization) Total time: 11.70 seconds
[2019.03.04-16.58.18:058][  0]LogLoad: (Engine Initialization) Total Blueprint compile time: 0.00 seconds
[2019.03.04-16.58.18:101][  0]LogContentStreaming: Texture pool size now 400 MB
[2019.03.04-16.58.18:131][  0]LogSlate: Took 0.000165 seconds to synchronously load lazily loaded font '../../../Engine/Content/Slate/Fonts/Roboto-Light.ttf' (167K)
[2019.03.04-16.58.18:148][  1]LogActor: Warning: MyRoad_C /Engine/Transient.World_0:PersistentLevel.MyRoad_C_0 has natively added scene component(s), but none of them were set as the actor's RootComponent - picking one arbitrarily
[2019.03.04-16.58.18:170][  1]LogAssetRegistry: Asset discovery search completed in 6.3164 seconds
[2019.03.04-16.58.18:172][  1]LogCollectionManager: Rebuilt the object cache for 0 collections in 0.000000 seconds (found 0 objects)
[2019.03.04-16.58.18:172][  1]LogCollectionManager: Fixed up redirectors for 0 collections in 0.000081 seconds (updated 0 objects)
[2019.03.04-16.58.33:058][178]LogSlate: FSceneViewport::OnFocusLost() reason 0
[2019.03.04-16.58.43:341][774]LogEditorActor: Deleted Actor: Boundary_C
[2019.03.04-16.58.43:369][774]LogEditorActor: Deleted 1 Actors (0.058 secs)
[2019.03.04-16.59.01:103][816]LogSlate: FSceneViewport::OnFocusLost() reason 0
[2019.03.04-16.59.01:361][828]Candidate modules for hot reload:
[2019.03.04-16.59.01:361][828]  ProcGenCity
[2019.03.04-16.59.01:361][828]Launching UnrealBuildTool... [C:/Program Files/Epic Games/UE_4.20/Engine/Binaries/DotNET/UnrealBuildTool.exe  -ModuleWithSuffix=ProcGenCity,1021 Win64 Development -TargetType=Editor -Project="../../../../../../Users/kevin/Documents/GitHub/Honours-Project/ProcGenCity/ProcGenCity.uproject" -canskiplink "C:/Users/kevin/Documents/GitHub/Honours-Project/ProcGenCity/ProcGenCity.uproject" ]
[2019.03.04-16.59.01:364][828]Warning: Starting HotReload took  0.1s.
[2019.03.04-16.59.21:974][ 64]CompilerResultsLog: New page: Compilation - 4 Mar 2019 16:59:21
[2019.03.04-16.59.21:975][ 64]CompilerResultsLog: Using 'git status' to determine working set for adaptive non-unity build.
[2019.03.04-16.59.21:975][ 64]CompilerResultsLog: Compiling game modules for hot reload
[2019.03.04-16.59.21:975][ 64]CompilerResultsLog: Building 3 actions with 8 processes...
[2019.03.04-16.59.21:975][ 64]CompilerResultsLog:   [1/3] Boundary.cpp
[2019.03.04-16.59.21:975][ 64]CompilerResultsLog:   [2/3] UE4Editor-ProcGenCity-1021.lib
[2019.03.04-16.59.21:975][ 64]CompilerResultsLog:      Creating library C:\Users\kevin\Documents\GitHub\Honours-Project\ProcGenCity\Intermediate\Build\Win64\UE4Editor\Development\ProcGenCity\UE4Editor-ProcGenCity-1021.lib and object C:\Users\kevin\Documents\GitHub\Honours-Project\ProcGenCity\Intermediate\Build\Win64\UE4Editor\Development\ProcGenCity\UE4Editor-ProcGenCity-1021.exp
[2019.03.04-16.59.21:975][ 64]CompilerResultsLog:   [3/3] UE4Editor-ProcGenCity-1021.dll
[2019.03.04-16.59.21:975][ 64]CompilerResultsLog:      Creating library C:\Users\kevin\Documents\GitHub\Honours-Project\ProcGenCity\Intermediate\Build\Win64\UE4Editor\Development\ProcGenCity\UE4Editor-ProcGenCity-1021.suppressed.lib and object C:\Users\kevin\Documents\GitHub\Honours-Project\ProcGenCity\Intermediate\Build\Win64\UE4Editor\Development\ProcGenCity\UE4Editor-ProcGenCity-1021.suppressed.exp
[2019.03.04-16.59.21:975][ 64]CompilerResultsLog: Total build time: 20.23 seconds (Parallel executor: 15.50 seconds)
[2019.03.04-16.59.21:975][ 64]LogMainFrame: MainFrame: Module compiling took 20.620 seconds
[2019.03.04-16.59.22:023][ 64]LogClass: EBranchState HotReload.
[2019.03.04-16.59.22:029][ 64]LogContentBrowser: Native class hierarchy updated for 'ProcGenCity' in 0.0006 seconds. Added 11 classes and 2 folders.
[2019.03.04-16.59.22:031][ 64]Display: HotReload successful (0 functions remapped  0 scriptstructs remapped)
[2019.03.04-16.59.22:173][ 64]LogContentBrowser: Native class hierarchy populated in 0.0104 seconds. Added 2584 classes and 607 folders.
[2019.03.04-16.59.22:174][ 64]Display: HotReload took 20.9s.
[2019.03.04-16.59.26:898][342]LogSlate: Took 0.000396 seconds to synchronously load lazily loaded font '../../../Engine/Content/Slate/Fonts/Roboto-Light.ttf' (167K)
[2019.03.04-16.59.27:836][342]LogSavePackage: Moving '../../../../../../Users/kevin/Documents/GitHub/Honours-Project/ProcGenCity/Saved/Minimal_DefaultEE6C743942354BEF12CA4091AAE7B199.tmp' to '../../../../../../Users/kevin/Documents/GitHub/Honours-Project/ProcGenCity/Content/StarterContent/Maps/Minimal_Default.umap'
[2019.03.04-16.59.29:629][445]LogEditorViewport: Clicking on Actor (context menu): BP_Sky_Sphere_C (BP_Sky_Sphere)
[2019.03.04-16.59.29:676][445]LogSlate: FSceneViewport::OnFocusLost() reason 2
[2019.03.04-16.59.33:214][580]LogWindows: Error: === Critical error: ===
[2019.03.04-16.59.33:214][580]LogWindows: Error: 
[2019.03.04-16.59.33:214][580]LogWindows: Error: Fatal error!
[2019.03.04-16.59.33:214][580]LogWindows: Error: 
[2019.03.04-16.59.33:214][580]LogWindows: Error: Unhandled Exception: EXCEPTION_ACCESS_VIOLATION reading address 0x00000408
[2019.03.04-16.59.33:214][580]LogWindows: Error: 
[2019.03.04-16.59.33:214][580]LogWindows: Error: [Callstack] 0x00007ffa5cb13f07 UE4Editor-ProcGenCity-1021.dll!ABoundary::FindNumBranches() [c:\users\kevin\documents\github\honours-project\procgencity\source\procgencity\boundary.cpp:63]
[2019.03.04-16.59.33:214][580]LogWindows: Error: [Callstack] 0x00007ffa5cb13e1e UE4Editor-ProcGenCity-1021.dll!ABoundary::CalcBoundary() [c:\users\kevin\documents\github\honours-project\procgencity\source\procgencity\boundary.cpp:42]
[2019.03.04-16.59.33:214][580]LogWindows: Error: [Callstack] 0x00007ffa5cb16e6f UE4Editor-ProcGenCity-1021.dll!ABranch::OnConstruction() [c:\users\kevin\documents\github\honours-project\procgencity\source\procgencity\branch.cpp:25]
[2019.03.04-16.59.33:215][580]LogWindows: Error: [Callstack] 0x00007ffa741a4eff UE4Editor-Engine.dll!UnknownFunction []
[2019.03.04-16.59.33:215][580]LogWindows: Error: [Callstack] 0x00007ffa741a87c4 UE4Editor-Engine.dll!UnknownFunction []
[2019.03.04-16.59.33:215][580]LogWindows: Error: [Callstack] 0x00007ffa741c76f3 UE4Editor-Engine.dll!UnknownFunction []
[2019.03.04-16.59.33:215][580]LogWindows: Error: [Callstack] 0x00007ffa74b0f646 UE4Editor-Engine.dll!UnknownFunction []
[2019.03.04-16.59.33:215][580]LogWindows: Error: [Callstack] 0x00007ffa74b0fc87 UE4Editor-Engine.dll!UnknownFunction []
[2019.03.04-16.59.33:215][580]LogWindows: Error: [Callstack] 0x00007ffa79bdbd10 UE4Editor-UnrealEd.dll!UnknownFunction []
[2019.03.04-16.59.33:215][580]LogWindows: Error: [Callstack] 0x00007ffa79b675df UE4Editor-UnrealEd.dll!UnknownFunction []
[2019.03.04-16.59.33:215][580]LogWindows: Error: [Callstack] 0x00007ffa79849e49 UE4Editor-UnrealEd.dll!UnknownFunction []
[2019.03.04-16.59.33:215][580]LogWindows: Error: [Callstack] 0x00007ffa78fb9e9a UE4Editor-UnrealEd.dll!UnknownFunction []
[2019.03.04-16.59.33:215][580]LogWindows: Error: [Callstack] 0x00007ffa78eee612 UE4Editor-UnrealEd.dll!UnknownFunction []
[2019.03.04-16.59.33:215][580]LogWindows: Error: [Callstack] 0x00007ffa792e64b2 UE4Editor-UnrealEd.dll!UnknownFunction []
[2019.03.04-16.59.33:215][580]LogWindows: Error: [Callstack] 0x00007ffa79bdf666 UE4Editor-UnrealEd.dll!UnknownFunction []
[2019.03.04-16.59.33:215][580]LogWindows: Error: [Callstack] 0x00007ff61e455cbd UE4Editor.exe!UnknownFunction []
[2019.03.04-16.59.33:215][580]LogWindows: Error: [Callstack] 0x00007ff61e465b3c UE4Editor.exe!UnknownFunction []
[2019.03.04-16.59.33:215][580]LogWindows: Error: [Callstack] 0x00007ff61e465bba UE4Editor.exe!UnknownFunction []
[2019.03.04-16.59.33:215][580]LogWindows: Error: [Callstack] 0x00007ff61e473dac UE4Editor.exe!UnknownFunction []
[2019.03.04-16.59.33:215][580]LogWindows: Error: [Callstack] 0x00007ff61e475aaa UE4Editor.exe!UnknownFunction []
[2019.03.04-16.59.33:215][580]LogWindows: Error: [Callstack] 0x00007ffaef493dc4 KERNEL32.DLL!UnknownFunction []
[2019.03.04-16.59.33:215][580]LogWindows: Error: [Callstack] 0x00007ffaef633691 ntdll.dll!UnknownFunction []
[2019.03.04-16.59.33:215][580]LogWindows: Error: 
[2019.03.04-16.59.33:231][580]LogExit: Executing StaticShutdownAfterError
[2019.03.04-16.59.33:234][580]LogWindows: FPlatformMisc::RequestExit(1)
[2019.03.04-16.59.33:242][580]Log file closed, 03/04/19 16:59:33
