Log file open, 04/09/19 14:05:31
LogWindows: Failed to load 'aqProf.dll' (GetLastError=126)
LogWindows: File 'aqProf.dll' does not exist
LogWindows: Failed to load 'VSPerf140.dll' (GetLastError=126)
LogWindows: File 'VSPerf140.dll' does not exist
LogWindows: Failed to load 'VtuneApi.dll' (GetLastError=126)
LogWindows: File 'VtuneApi.dll' does not exist
LogWindows: Failed to load 'VtuneApi32e.dll' (GetLastError=126)
LogWindows: File 'VtuneApi32e.dll' does not exist
LogInit: Display: Running engine for game: ProcGenCity
LogPlatformFile: Not using cached read wrapper
LogTaskGraph: Started task graph with 5 named threads and 23 total threads with 3 sets of task threads.
LogStats: Stats thread started at 0.428130
LogD3D11RHI: Loaded GFSDK_Aftermath_Lib.x64.dll
LogICUInternationalization: Display: ICU TimeZone Detection - Raw Offset: +0:00, Platform Override: ''
LogPluginManager: Mounting plugin Paper2D
LogPluginManager: Mounting plugin AISupport
LogPluginManager: Mounting plugin LightPropagationVolume
LogPluginManager: Mounting plugin CLionSourceCodeAccess
LogPluginManager: Mounting plugin CodeLiteSourceCodeAccess
LogPluginManager: Mounting plugin GitSourceControl
LogPluginManager: Mounting plugin KDevelopSourceCodeAccess
LogPluginManager: Mounting plugin NullSourceCodeAccess
LogPluginManager: Mounting plugin PerforceSourceControl
LogPluginManager: Mounting plugin SubversionSourceControl
LogPluginManager: Mounting plugin UObjectPlugin
LogPluginManager: Mounting plugin VisualStudioCodeSourceCodeAccess
LogPluginManager: Mounting plugin VisualStudioSourceCodeAccess
LogPluginManager: Mounting plugin XCodeSourceCodeAccess
LogPluginManager: Mounting plugin AssetManagerEditor
LogPluginManager: Mounting plugin CryptoKeys
LogPluginManager: Mounting plugin DataValidation
LogPluginManager: Mounting plugin FacialAnimation
LogPluginManager: Mounting plugin GameplayTagsEditor
LogPluginManager: Mounting plugin MacGraphicsSwitching
LogPluginManager: Mounting plugin MeshEditor
LogPluginManager: Mounting plugin MobileLauncherProfileWizard
LogPluginManager: Mounting plugin PluginBrowser
LogPluginManager: Mounting plugin SpeedTreeImporter
LogPluginManager: Mounting plugin DatasmithContent
LogPluginManager: Mounting plugin AlembicImporter
LogPluginManager: Mounting plugin AppleImageUtils
LogPluginManager: Mounting plugin AppleVision
LogPluginManager: Mounting plugin BackChannel
LogPluginManager: Mounting plugin CharacterAI
LogPluginManager: Mounting plugin GeometryCache
LogPluginManager: Mounting plugin HTML5Networking
LogPluginManager: Mounting plugin ProxyLODPlugin
LogPluginManager: Mounting plugin MagicLeap
LogPluginManager: Mounting plugin MagicLeapEmulator
LogPluginManager: Mounting plugin MagicLeapMedia
LogPluginManager: Mounting plugin AndroidMedia
LogPluginManager: Mounting plugin AvfMedia
LogPluginManager: Mounting plugin ImgMedia
LogPluginManager: Mounting plugin LinearTimecode
LogPluginManager: Mounting plugin MediaCompositing
LogPluginManager: Mounting plugin MediaPlayerEditor
LogPluginManager: Mounting plugin WmfMedia
LogPluginManager: Mounting plugin TcpMessaging
LogPluginManager: Mounting plugin UdpMessaging
LogPluginManager: Mounting plugin ActorSequence
LogPluginManager: Mounting plugin LevelSequenceEditor
LogPluginManager: Mounting plugin MatineeToLevelSequence
LogPluginManager: Mounting plugin NetcodeUnitTest
LogPluginManager: Mounting plugin NUTUnrealEngine4
LogPluginManager: Mounting plugin OnlineSubsystemGooglePlay
LogPluginManager: Mounting plugin OnlineSubsystemIOS
LogPluginManager: Mounting plugin OnlineSubsystem
LogPluginManager: Mounting plugin OnlineSubsystemNull
LogPluginManager: Mounting plugin OnlineSubsystemUtils
LogPluginManager: Mounting plugin LauncherChunkInstaller
LogPluginManager: Mounting plugin AndroidDeviceProfileSelector
LogPluginManager: Mounting plugin AndroidMoviePlayer
LogPluginManager: Mounting plugin AndroidPermission
LogPluginManager: Mounting plugin AppleMoviePlayer
LogPluginManager: Mounting plugin ArchVisCharacter
LogPluginManager: Mounting plugin AudioCapture
LogPluginManager: Mounting plugin CableComponent
LogPluginManager: Mounting plugin CustomMeshComponent
LogPluginManager: Mounting plugin EditableMesh
LogPluginManager: Mounting plugin ExampleDeviceProfileSelector
LogPluginManager: Mounting plugin GoogleCloudMessaging
LogPluginManager: Mounting plugin ImmediatePhysics
LogPluginManager: Mounting plugin IOSDeviceProfileSelector
LogPluginManager: Mounting plugin LinuxDeviceProfileSelector
LogPluginManager: Mounting plugin LocationServicesBPLibrary
LogPluginManager: Mounting plugin MobilePatchingUtils
LogPluginManager: Mounting plugin OculusVR
LogPluginManager: Plugin shader directory ../../../Engine/Plugins/Runtime/Oculus/OculusVR/Shaders found
LogPluginManager: Mapping shader source directory ../../../Engine/Plugins/Runtime/Oculus/OculusVR/Shaders to virtual directory /Plugin/OculusVR
LogPluginManager: Mounting plugin PhysXVehicles
LogPluginManager: Mounting plugin ProceduralMeshComponent
LogPluginManager: Mounting plugin RuntimePhysXCooking
LogPluginManager: Mounting plugin SteamVR
LogPluginManager: Mounting plugin WindowsMoviePlayer
LogStreaming: Display: Took  0.406s to configure plugins.
LogInit: Using libcurl 7.55.1-DEV
LogInit:  - built for x86_64-pc-win32
LogInit:  - supports SSL with OpenSSL/1.0.2h
LogInit:  - supports HTTP deflate (compression) using libz 1.2.8
LogInit:  - other features:
LogInit:      CURL_VERSION_SSL
LogInit:      CURL_VERSION_LIBZ
LogInit:      CURL_VERSION_IPV6
LogInit:      CURL_VERSION_ASYNCHDNS
LogInit:      CURL_VERSION_LARGEFILE
LogInit:      CURL_VERSION_IDN
LogInit:  CurlRequestOptions (configurable via config and command line):
LogInit:  - bVerifyPeer = false  - Libcurl will NOT verify peer certificate
LogInit:  - bUseHttpProxy = false  - Libcurl will NOT use HTTP proxy
LogInit:  - bDontReuseConnections = false  - Libcurl will reuse connections
LogInit:  - CertBundlePath = nullptr  - Libcurl will use whatever was configured at build time.
LogInit:  - MaxHostConnections = 16  - Libcurl will limit the number of connections to a host
LogInit:  - LocalHostAddr = Default
LogInit:  - BufferSize = 65536
LogInit: WinSock: version 1.1 (2.2), MaxSocks=32767, MaxUdp=65467
LogHMD: Failed initializing OVRPlugin 1.25.0
LogInit: Build: ++UE4+Release-4.20-CL-4369336
LogInit: Engine Version: 4.20.3-4369336+++UE4+Release-4.20
LogInit: Compatible Engine Version: 4.20.0-4212847+++UE4+Release-4.20
LogInit: Net CL: 4212847
LogInit: OS: Windows 10 (), CPU: Intel(R) Core(TM) i7-8550U CPU @ 1.80GHz, GPU: Intel(R) UHD Graphics 620
LogInit: Compiled (64-bit): Sep 17 2018 12:26:19
LogInit: Compiled with Visual C++: 19.13.26129.00
LogInit: Build Configuration: Development
LogInit: Branch Name: ++UE4+Release-4.20
LogInit: Command Line:  
LogInit: Base Directory: C:/Program Files/Epic Games/UE_4.20/Engine/Binaries/Win64/
LogInit: Installed Engine Build: 1
LogDevObjectVersion: Number of dev versions registered: 20
LogDevObjectVersion:   Dev-Blueprints (B0D832E4-1F89-4F0D-ACCF-7EB736FD4AA2): 10
LogDevObjectVersion:   Dev-Build (E1C64328-A22C-4D53-A36C-8E866417BD8C): 0
LogDevObjectVersion:   Dev-Core (375EC13C-06E4-48FB-B500-84F0262A717E): 2
LogDevObjectVersion:   Dev-Editor (E4B068ED-F494-42E9-A231-DA0B2E46BB41): 24
LogDevObjectVersion:   Dev-Framework (CFFC743F-43B0-4480-9391-14DF171D2073): 34
LogDevObjectVersion:   Dev-Mobile (B02B49B5-BB20-44E9-A304-32B752E40360): 2
LogDevObjectVersion:   Dev-Networking (A4E4105C-59A1-49B5-A7C5-40C4547EDFEE): 0
LogDevObjectVersion:   Dev-Online (39C831C9-5AE6-47DC-9A44-9C173E1C8E7C): 0
LogDevObjectVersion:   Dev-Physics (78F01B33-EBEA-4F98-B9B4-84EACCB95AA2): 0
LogDevObjectVersion:   Dev-Platform (6631380F-2D4D-43E0-8009-CF276956A95A): 0
LogDevObjectVersion:   Dev-Rendering (12F88B9F-8875-4AFC-A67C-D90C383ABD29): 26
LogDevObjectVersion:   Dev-Sequencer (7B5AE74C-D270-4C10-A958-57980B212A5A): 9
LogDevObjectVersion:   Dev-VR (D7296918-1DD6-4BDD-9DE2-64A83CC13884): 2
LogDevObjectVersion:   Dev-LoadTimes (C2A15278-BFE7-4AFE-6C17-90FF531DF755): 1
LogDevObjectVersion:   Private-Geometry (6EACA3D4-40EC-4CC1-B786-8BED09428FC5): 3
LogDevObjectVersion:   Dev-AnimPhys (29E575DD-E0A3-4627-9D10-D276232CDCEA): 17
LogDevObjectVersion:   Dev-ReflectionCapture (6B266CEC-1EC7-4B8F-A30B-E4D90942FC07): 1
LogDevObjectVersion:   Dev-Automation (0DF73D61-A23F-47EA-B727-89E90C41499A): 1
LogDevObjectVersion:   FortniteMain (601D1886-AC64-4F84-AA16-D3DE0DEAC7D6): 12
LogDevObjectVersion:   Dev-Enterprise (9DFFBCD6-494F-0158-E221-12823C92A888): 1
LogStreaming: Display: Took  0.026s to delete old logs.
LogInit: Presizing for max 8388607 objects, including 0 objects not considered by GC, pre-allocating 0 bytes for permanent pool.
LogInit: Object subsystem initialized
[2019.04.09-13.05.32:969][  0]LogInit: Selected Device Profile: [Windows]
[2019.04.09-13.05.32:969][  0]LogInit: Applying CVar settings loaded from the selected device profile: [Windows]
[2019.04.09-13.05.33:026][  0]LogHAL: Display: Platform has ~ 16 GB [17058729984 / 17179869184 / 16], which maps to Larger [LargestMinGB=32, LargerMinGB=12, DefaultMinGB=8, SmallerMinGB=6, SmallestMinGB=0)
[2019.04.09-13.05.33:026][  0]LogInit: Setting Device Profile CVar: [[r.Vulkan.UseRealUBs:1]]
[2019.04.09-13.05.33:026][  0]LogInit: Going up to parent DeviceProfile []
[2019.04.09-13.05.33:028][  0]LogInit: Computer: LAPTOP-TLBN2SQS
[2019.04.09-13.05.33:028][  0]LogInit: User: kevin
[2019.04.09-13.05.33:028][  0]LogInit: CPU Page size=4096, Cores=4
[2019.04.09-13.05.33:028][  0]LogInit: High frequency timer resolution =1.945310 MHz
[2019.04.09-13.05.33:029][  0]LogMemory: Memory total: Physical=15.9GB (16GB approx)
[2019.04.09-13.05.33:029][  0]LogMemory: Platform Memory Stats for Windows
[2019.04.09-13.05.33:029][  0]LogMemory: Process Physical Memory: 102.05 MB used, 102.05 MB peak
[2019.04.09-13.05.33:029][  0]LogMemory: Process Virtual Memory: 94.01 MB used, 94.01 MB peak
[2019.04.09-13.05.33:029][  0]LogMemory: Physical Memory: 6680.89 MB used,  9587.58 MB free, 16268.47 MB total
[2019.04.09-13.05.33:029][  0]LogMemory: Virtual Memory: 4655.32 MB used,  9587.58 MB free, 134217728.00 MB total
[2019.04.09-13.05.33:100][  0]LogInit: Using OS detected language (en-GB).
[2019.04.09-13.05.33:100][  0]LogInit: Using OS detected locale (en-GB).
[2019.04.09-13.05.33:103][  0]LogTextLocalizationManager: No specific localization for 'en-GB' exists, so the 'en' localization will be used.
[2019.04.09-13.05.33:944][  0]LogStreaming: Display: Took  0.844s to InitEngineTextLocalization.
[2019.04.09-13.05.33:944][  0]LogInit: Setting process to per monitor DPI aware
[2019.04.09-13.05.34:011][  0]LogSlate: New Slate User Created.  User Index 0, Is Virtual User: 0
[2019.04.09-13.05.34:011][  0]LogSlate: Slate User Registered.  User Index 0, Is Virtual User: 0
[2019.04.09-13.05.34:603][  0]LogHMD: Failed to initialize OpenVR with code 100
[2019.04.09-13.05.34:603][  0]LogD3D11RHI: D3D11 adapters:
[2019.04.09-13.05.35:528][  0]LogD3D11RHI:    0. 'NVIDIA GeForce MX150' (Feature Level 11_0)
[2019.04.09-13.05.35:528][  0]LogD3D11RHI:       4027/0/8134 MB DedicatedVideo/DedicatedSystem/SharedSystem, Outputs:1, VendorId:0x10de
[2019.04.09-13.05.35:551][  0]LogD3D11RHI:    1. 'Intel(R) UHD Graphics 620' (Feature Level 11_0)
[2019.04.09-13.05.35:551][  0]LogD3D11RHI:       128/0/8134 MB DedicatedVideo/DedicatedSystem/SharedSystem, Outputs:0, VendorId:0x8086
[2019.04.09-13.05.35:555][  0]LogD3D11RHI:    2. 'Microsoft Basic Render Driver' (Feature Level 11_0)
[2019.04.09-13.05.35:555][  0]LogD3D11RHI:       0/0/8134 MB DedicatedVideo/DedicatedSystem/SharedSystem, Outputs:0, VendorId:0x1414
[2019.04.09-13.05.35:555][  0]LogD3D11RHI: Chosen D3D11 Adapter: 0
[2019.04.09-13.05.35:605][  0]LogD3D11RHI: Creating new Direct3DDevice
[2019.04.09-13.05.35:605][  0]LogD3D11RHI:     GPU DeviceId: 0x1d10 (for the marketing name, search the web for "GPU Device Id")
[2019.04.09-13.05.35:605][  0]LogWindows: EnumDisplayDevices:
[2019.04.09-13.05.35:605][  0]LogWindows:    0. 'Intel(R) UHD Graphics 620' (P:1 D:1)
[2019.04.09-13.05.35:605][  0]LogWindows:    1. 'Intel(R) UHD Graphics 620' (P:0 D:0)
[2019.04.09-13.05.35:606][  0]LogWindows:    2. 'Intel(R) UHD Graphics 620' (P:0 D:0)
[2019.04.09-13.05.35:606][  0]LogWindows: DebugString: PrimaryIsNotTheChoosenAdapter PrimaryIsNotTheChoosenAdapter PrimaryIsNotTheChoosenAdapter FoundDriverCount:0 
[2019.04.09-13.05.35:606][  0]LogD3D11RHI:     Adapter Name: NVIDIA GeForce MX150
[2019.04.09-13.05.35:606][  0]LogD3D11RHI:   Driver Version: Unknown (internal:Unknown, unified:Unknown)
[2019.04.09-13.05.35:606][  0]LogD3D11RHI:      Driver Date: Unknown
[2019.04.09-13.05.35:606][  0]LogRHI: Texture pool is 2819 MB (70% of 4027 MB)
[2019.04.09-13.05.35:707][  0]LogD3D11RHI: Async texture creation enabled
[2019.04.09-13.05.35:732][  0]LogD3D11RHI: GPU Timing Frequency: 1000.000000 (Debug: 2 2)
[2019.04.09-13.05.35:733][  0]LogShaderCompilers: Guid format shader working directory is -29 characters bigger than the processId version (../../../../../../Users/kevin/Documents/GitHub/Honours-Project/ProcGenCity/Intermediate/Shaders/WorkingDirectory/15288/).
[2019.04.09-13.05.35:734][  0]LogShaderCompilers: Cleaned the shader compiler working directory 'C:/Users/kevin/AppData/Local/Temp/UnrealShaderWorkingDir/F7FDB1A64A4FCF295731AE8A81773BBA/'.
[2019.04.09-13.05.36:453][  0]LogTemp: Display: Loaded TP AllDesktopTargetPlatform
[2019.04.09-13.05.36:502][  0]LogTemp: Display: Loaded TP MacClientTargetPlatform
[2019.04.09-13.05.36:537][  0]LogTemp: Display: Loaded TP MacNoEditorTargetPlatform
[2019.04.09-13.05.36:578][  0]LogTemp: Display: Loaded TP MacServerTargetPlatform
[2019.04.09-13.05.36:639][  0]LogTemp: Display: Loaded TP MacTargetPlatform
[2019.04.09-13.05.36:703][  0]LogTemp: Display: Loaded TP WindowsClientTargetPlatform
[2019.04.09-13.05.36:767][  0]LogTemp: Display: Loaded TP WindowsNoEditorTargetPlatform
[2019.04.09-13.05.36:821][  0]LogTemp: Display: Loaded TP WindowsServerTargetPlatform
[2019.04.09-13.05.36:846][  0]LogTemp: Display: Loaded TP WindowsTargetPlatform
[2019.04.09-13.05.37:133][  0]LogTemp: Display: Loaded TP AndroidTargetPlatform
[2019.04.09-13.05.37:133][  0]LogTemp: Display: Loaded TP AndroidTargetPlatform
[2019.04.09-13.05.37:133][  0]LogTemp: Display: Loaded TP AndroidTargetPlatform
[2019.04.09-13.05.37:133][  0]LogTemp: Display: Loaded TP AndroidTargetPlatform
[2019.04.09-13.05.37:133][  0]LogTemp: Display: Loaded TP AndroidTargetPlatform
[2019.04.09-13.05.37:133][  0]LogTemp: Display: Loaded TP AndroidTargetPlatform
[2019.04.09-13.05.37:133][  0]LogTemp: Display: Loaded TP AndroidTargetPlatform
[2019.04.09-13.05.37:133][  0]LogTemp: Display: Loaded TP AndroidTargetPlatform
[2019.04.09-13.05.37:133][  0]LogTemp: Display: Loaded TP AndroidTargetPlatform
[2019.04.09-13.05.37:133][  0]LogTemp: Display: Loaded TP AndroidTargetPlatform
[2019.04.09-13.05.37:133][  0]LogTemp: Display: Loaded TP AndroidTargetPlatform
[2019.04.09-13.05.37:133][  0]LogTemp: Display: Loaded TP AndroidTargetPlatform
[2019.04.09-13.05.37:133][  0]LogTemp: Display: Loaded TP AndroidTargetPlatform
[2019.04.09-13.05.37:133][  0]LogTemp: Display: Loaded TP AndroidTargetPlatform
[2019.04.09-13.05.37:133][  0]LogTemp: Display: Loaded TP AndroidTargetPlatform
[2019.04.09-13.05.37:133][  0]LogTemp: Display: Loaded TP AndroidTargetPlatform
[2019.04.09-13.05.37:133][  0]LogTemp: Display: Loaded TP AndroidTargetPlatform
[2019.04.09-13.05.37:133][  0]LogTemp: Display: Loaded TP AndroidTargetPlatform
[2019.04.09-13.05.37:138][  0]LogTemp: Display: Loaded TP HTML5TargetPlatform
[2019.04.09-13.05.37:273][  0]LogTemp: Display: Loaded TP IOSTargetPlatform
[2019.04.09-13.05.37:273][  0]LogTemp: Display: Loaded TP IOSTargetPlatform
[2019.04.09-13.05.37:356][  0]LogTemp: Display: Loaded TP TVOSTargetPlatform
[2019.04.09-13.05.37:356][  0]LogTemp: Display: Loaded TP TVOSTargetPlatform
[2019.04.09-13.05.37:397][  0]LogTemp: Display: Loaded TP LinuxClientTargetPlatform
[2019.04.09-13.05.37:433][  0]LogTemp: Display: Loaded TP LinuxNoEditorTargetPlatform
[2019.04.09-13.05.37:466][  0]LogTemp: Display: Loaded TP LinuxServerTargetPlatform
[2019.04.09-13.05.37:506][  0]LogTemp: Display: Loaded TP LinuxTargetPlatform
[2019.04.09-13.05.37:536][  0]LogTemp: Display: Loaded TP LuminTargetPlatform
[2019.04.09-13.05.37:536][  0]LogTargetPlatformManager: Display: Building Assets For Windows
[2019.04.09-13.05.37:721][  0]LogXGEController: Cleaning working directory: C:/Users/kevin/AppData/Local/Temp/UnrealXGEWorkingDir/
[2019.04.09-13.05.37:721][  0]LogXGEController: Cannot use XGE Controller as Incredibuild is not installed on this machine.
[2019.04.09-13.05.37:721][  0]LogShaderCompilers: Cannot use XGE Shader Compiler as Incredibuild is not installed on this machine.
[2019.04.09-13.05.37:721][  0]LogShaderCompilers: Display: Using Local Shader Compiler.
[2019.04.09-13.05.39:579][  0]LogDerivedDataCache: Display: Max Cache Size: 512 MB
[2019.04.09-13.05.39:703][  0]LogDerivedDataCache: Loaded boot cache 0.12s 71MB C:/Users/kevin/AppData/Local/UnrealEngine/4.20/DerivedDataCache/Boot.ddc.
[2019.04.09-13.05.39:704][  0]LogDerivedDataCache: Display: Loaded Boot cache: C:/Users/kevin/AppData/Local/UnrealEngine/4.20/DerivedDataCache/Boot.ddc
[2019.04.09-13.05.39:704][  0]LogDerivedDataCache: FDerivedDataBackendGraph:  Pak pak cache file ../../../../../../Users/kevin/Documents/GitHub/Honours-Project/ProcGenCity/DerivedDataCache/DDC.ddp not found, will not use a pak cache.
[2019.04.09-13.05.39:704][  0]LogDerivedDataCache: Unable to find inner node Pak for hierarchical cache Hierarchy.
[2019.04.09-13.05.39:704][  0]LogDerivedDataCache: FDerivedDataBackendGraph:  CompressedPak pak cache file ../../../../../../Users/kevin/Documents/GitHub/Honours-Project/ProcGenCity/DerivedDataCache/Compressed.ddp not found, will not use a pak cache.
[2019.04.09-13.05.39:704][  0]LogDerivedDataCache: Unable to find inner node CompressedPak for hierarchical cache Hierarchy.
[2019.04.09-13.05.39:743][  0]LogDerivedDataCache: Display: Pak cache opened for reading ../../../Engine/DerivedDataCache/Compressed.ddp.
[2019.04.09-13.05.39:756][  0]LogDerivedDataCache: Using Local data cache path C:/Users/kevin/AppData/Local/UnrealEngine/Common/DerivedDataCache: Writable
[2019.04.09-13.05.39:756][  0]LogDerivedDataCache: Shared data cache path not found in *engine.ini, will not use an Shared cache.
[2019.04.09-13.05.39:756][  0]LogDerivedDataCache: Unable to find inner node Shared for hierarchical cache Hierarchy.
[2019.04.09-13.05.39:786][  0]LogMaterial: Verifying Global Shaders for PCD3D_SM5
[2019.04.09-13.05.39:788][  0]LogSlate: Using FreeType 2.6.0
[2019.04.09-13.05.39:789][  0]LogSlate: SlateFontServices - WITH_FREETYPE: 1, WITH_HARFBUZZ: 1
[2019.04.09-13.05.39:911][  0]LogAssetRegistry: FAssetRegistry took 0.0304 seconds to start up
[2019.04.09-13.05.40:654][  0]LogInit: Selected Device Profile: [Windows]
[2019.04.09-13.05.40:968][  0]LogSimplygon: Simplygon DLL not present - disabling.
[2019.04.09-13.05.40:979][  0]LogMeshReduction: Using SimplygonSwarm for distributed automatic mesh merging
[2019.04.09-13.05.40:979][  0]LogMeshReduction: Using ProxyLODMeshReduction for automatic mesh merging
[2019.04.09-13.05.40:979][  0]LogMeshReduction: Using QuadricMeshReduction for automatic static mesh reduction
[2019.04.09-13.05.40:979][  0]LogMeshReduction: No automatic skeletal mesh reduction module available
[2019.04.09-13.05.41:006][  0]LogNetVersion: ProcGenCity 1.0.0, NetCL: 4212847, EngineNetVer: 5, GameNetVer: 0 (Checksum: 2895139612)
[2019.04.09-13.05.42:136][  0]LogPackageLocalizationCache: Processed 11 localized package path(s) for 2 prioritized culture(s) in 0.238443 seconds
[2019.04.09-13.05.42:148][  0]LogUObjectArray: 38425 objects as part of root set at end of initial load.
[2019.04.09-13.05.42:148][  0]LogUObjectAllocator: 6690872 out of 0 bytes used by permanent object pool.
[2019.04.09-13.05.42:148][  0]LogUObjectArray: CloseDisregardForGC: 0/0 objects in disregard for GC pool
[2019.04.09-13.05.44:144][  0]LogTcpMessaging: Initializing TcpMessaging bridge
[2019.04.09-13.05.44:160][  0]LogUdpMessaging: Initializing bridge on interface 0.0.0.0:0 to multicast group 230.0.0.1:6666.
[2019.04.09-13.05.44:519][  0]SourceControl: Source control is disabled
[2019.04.09-13.05.44:519][  0]SourceControl: Source control is disabled
[2019.04.09-13.05.44:521][  0]SourceControl: Source control is disabled
[2019.04.09-13.05.44:523][  0]SourceControl: Source control is disabled
[2019.04.09-13.05.44:755][  0]LogAndroidPermission: UAndroidPermissionCallbackProxy::GetInstance
[2019.04.09-13.05.44:836][  0]LogOcInput: OculusInput pre-init called
[2019.04.09-13.05.44:946][  0]LogEngine: Initializing Engine...
[2019.04.09-13.05.44:948][  0]LogHMD: Failed to initialize OpenVR with code 100
[2019.04.09-13.05.44:951][  0]LogStats: UGameplayTagsManager::ConstructGameplayTagTree: ImportINI prefixes -  0.000 s
[2019.04.09-13.05.44:951][  0]LogStats: UGameplayTagsManager::ConstructGameplayTagTree: Construct from data asset -  0.000 s
[2019.04.09-13.05.44:951][  0]LogStats: UGameplayTagsManager::ConstructGameplayTagTree: ImportINI -  0.000 s
[2019.04.09-13.05.44:951][  0]LogStats: UGameplayTagsManager::ConstructGameplayTagTree: GameplayTagTreeChangedEvent.Broadcast -  0.000 s
[2019.04.09-13.05.45:386][  0]LogInit: Initializing FReadOnlyCVARCache
[2019.04.09-13.05.45:416][  0]LogAIModule: Creating AISystem for world Untitled
[2019.04.09-13.05.45:433][  0]LogInit: XAudio2 using 'Speaker/Headphone (Realtek High Definition Audio(SST))' : 2 channels at 48 kHz using 32 bits per sample (channel mask 0x3)
[2019.04.09-13.05.45:467][  0]LogInit: FAudioDevice initialized.
[2019.04.09-13.05.45:467][  0]LogNetVersion: Set ProjectVersion to 1.0.0.0. Version Checksum will be recalculated on next use.
[2019.04.09-13.05.45:593][  0]LogDerivedDataCache: Saved boot cache 0.13s 71MB C:/Users/kevin/AppData/Local/UnrealEngine/4.20/DerivedDataCache/Boot.ddc.
[2019.04.09-13.05.45:626][  0]LogInit: Texture streaming: Enabled
[2019.04.09-13.05.45:659][  0]LogEngineSessionManager: EngineSessionManager initialized
[2019.04.09-13.05.45:659][  0]LogEngineSessionManager: EngineSessionManager sent abnormal shutdown report. Type=Crashed, SessionId={1CE1F3BA-4933-DB80-097A-B59BC55F38D3}
[2019.04.09-13.05.45:685][  0]LogInit: Transaction tracking system initialized
[2019.04.09-13.05.45:747][  0]BlueprintLog: New page: Editor Load
[2019.04.09-13.05.45:917][  0]LocalizationService: Localization service is disabled
[2019.04.09-13.05.47:006][  0]LogCook: Display: Max memory allowance for cook 16384mb min free memory 0mb
[2019.04.09-13.05.47:006][  0]LogCook: Display: Mobile HDR setting 1
[2019.04.09-13.05.47:006][  0]LogGameplayTags: Display: UGameplayTagsManager::DoneAddingNativeTags. DelegateIsBound: 0
[2019.04.09-13.05.47:007][  0]LogStats: UGameplayTagsManager::ConstructGameplayTagTree: ImportINI prefixes -  0.000 s
[2019.04.09-13.05.47:007][  0]LogStats: UGameplayTagsManager::ConstructGameplayTagTree: Construct from data asset -  0.000 s
[2019.04.09-13.05.47:007][  0]LogStats: UGameplayTagsManager::ConstructGameplayTagTree: ImportINI -  0.000 s
[2019.04.09-13.05.47:007][  0]LogStats: UGameplayTagsManager::ConstructGameplayTagTree: GameplayTagTreeChangedEvent.Broadcast -  0.000 s
[2019.04.09-13.05.47:293][  0]LogFileCache: Scanning file cache for directory 'C:/Users/kevin/Documents/GitHub/Honours-Project/ProcGenCity/Content/' took 0.02s
[2019.04.09-13.05.47:293][  0]SourceControl: Source control is disabled
[2019.04.09-13.05.47:293][  0]Cmd: MAP LOAD FILE="../../../../../../Users/kevin/Documents/GitHub/Honours-Project/ProcGenCity/Content/StarterContent/Maps/Minimal_Default.umap" TEMPLATE=0 SHOWPROGRESS=1 FEATURELEVEL=3
[2019.04.09-13.05.47:294][  0]LightingResults: New page: Lighting Build
[2019.04.09-13.05.47:300][  0]MapCheck: New page: Map Check
[2019.04.09-13.05.47:300][  0]LightingResults: New page: Lighting Build
[2019.04.09-13.05.47:953][  0]LogAIModule: Creating AISystem for world Minimal_Default
[2019.04.09-13.05.47:990][  0]LogEditorServer: Finished looking for orphan Actors (0.000 secs)
[2019.04.09-13.05.48:031][  0]Cmd: MAP CHECKDEP NOCLEARLOG
[2019.04.09-13.05.48:162][  0]MapCheck: Map check complete: 0 Error(s), 0 Warning(s), took 130.264ms to complete.
[2019.04.09-13.05.48:162][  0]LogFileHelpers: Loading map 'Minimal_Default' took 0.869
[2019.04.09-13.05.48:298][  0]LogSlate: Updating window title bar state: overlay mode, drag disabled, window buttons hidden, title bar hidden
[2019.04.09-13.05.48:309][  0]LogSlate: Updating window title bar state: overlay mode, drag disabled, window buttons hidden, title bar hidden
[2019.04.09-13.05.48:319][  0]LogSlate: Updating window title bar state: overlay mode, drag disabled, window buttons hidden, title bar hidden
[2019.04.09-13.05.48:331][  0]LogSlate: Updating window title bar state: overlay mode, drag disabled, window buttons hidden, title bar hidden
[2019.04.09-13.05.48:343][  0]LogCollectionManager: Loaded 0 collections in 0.003378 seconds
[2019.04.09-13.05.48:394][  0]LogFileCache: Scanning file cache for directory 'C:/Users/kevin/Documents/GitHub/Honours-Project/ProcGenCity/Saved/Collections/' took 0.01s
[2019.04.09-13.05.48:394][  0]LogFileCache: Scanning file cache for directory 'C:/Users/kevin/Documents/GitHub/Honours-Project/ProcGenCity/Content/Developers/kevin/Collections/' took 0.01s
[2019.04.09-13.05.48:394][  0]LogFileCache: Scanning file cache for directory 'C:/Users/kevin/Documents/GitHub/Honours-Project/ProcGenCity/Content/Collections/' took 0.01s
[2019.04.09-13.05.48:394][  0]LogCollectionManager: Rebuilt the GUID cache for 0 collections in 0.000001 seconds
[2019.04.09-13.05.48:411][  0]LogContentBrowser: Native class hierarchy populated in 0.0168 seconds. Added 2585 classes and 605 folders.
[2019.04.09-13.05.48:423][  0]LogContentBrowser: Native class hierarchy updated for 'WidgetCarousel' in 0.0007 seconds. Added 0 classes and 0 folders.
[2019.04.09-13.05.48:527][  0]LogContentBrowser: Native class hierarchy updated for 'AddContentDialog' in 0.0005 seconds. Added 0 classes and 0 folders.
[2019.04.09-13.05.48:536][  0]LogContentBrowser: Native class hierarchy updated for 'SceneOutliner' in 0.0006 seconds. Added 1 classes and 2 folders.
[2019.04.09-13.05.48:559][  0]LogSlate: Took 0.000323 seconds to synchronously load lazily loaded font '../../../Engine/Content/Slate/Fonts/Roboto-Regular.ttf' (155K)
[2019.04.09-13.05.48:565][  0]LogSlate: Took 0.000270 seconds to synchronously load lazily loaded font '../../../Engine/Content/Slate/Fonts/Roboto-Bold.ttf' (160K)
[2019.04.09-13.05.48:573][  0]LogSlate: Took 0.000406 seconds to synchronously load lazily loaded font '../../../Engine/Content/Editor/Slate/Fonts/FontAwesome.ttf' (139K)
[2019.04.09-13.05.48:736][  0]LogRenderer: Reallocating scene render targets to support 1276x576 Format 9 NumSamples 1 (Frame:1).
[2019.04.09-13.05.49:020][  0]LogContentBrowser: Native class hierarchy updated for 'HierarchicalLODOutliner' in 0.0014 seconds. Added 0 classes and 0 folders.
[2019.04.09-13.05.49:020][  0]LogLoad: (Engine Initialization) Total time: 22.21 seconds
[2019.04.09-13.05.49:020][  0]LogLoad: (Engine Initialization) Total Blueprint compile time: 0.00 seconds
[2019.04.09-13.05.49:075][  0]LogContentStreaming: Texture pool size now 400 MB
[2019.04.09-13.05.49:149][  0]LogSlate: Took 0.000425 seconds to synchronously load lazily loaded font '../../../Engine/Content/Slate/Fonts/Roboto-Light.ttf' (167K)
[2019.04.09-13.05.49:547][  4]LogAssetRegistry: Asset discovery search completed in 9.6586 seconds
[2019.04.09-13.05.49:551][  4]LogCollectionManager: Rebuilt the object cache for 0 collections in 0.000001 seconds (found 0 objects)
[2019.04.09-13.05.49:551][  4]LogCollectionManager: Fixed up redirectors for 0 collections in 0.000112 seconds (updated 0 objects)
[2019.04.09-13.06.08:786][120]LogSlate: FSceneViewport::OnFocusLost() reason 0
[2019.04.09-13.06.09:051][132]Candidate modules for hot reload:
[2019.04.09-13.06.09:051][132]  ProcGenCity
[2019.04.09-13.06.09:051][132]Launching UnrealBuildTool... [C:/Program Files/Epic Games/UE_4.20/Engine/Binaries/DotNET/UnrealBuildTool.exe  -ModuleWithSuffix=ProcGenCity,5566 Win64 Development -TargetType=Editor -Project="../../../../../../Users/kevin/Documents/GitHub/Honours-Project/ProcGenCity/ProcGenCity.uproject" -canskiplink "C:/Users/kevin/Documents/GitHub/Honours-Project/ProcGenCity/ProcGenCity.uproject" ]
[2019.04.09-13.06.09:058][132]Warning: Starting HotReload took  0.1s.
[2019.04.09-13.06.48:528][426]CompilerResultsLog: New page: Compilation - 9 Apr 2019 15:06:48
[2019.04.09-13.06.48:529][426]CompilerResultsLog: Using 'git status' to determine working set for adaptive non-unity build.
[2019.04.09-13.06.48:529][426]CompilerResultsLog: Compiling game modules for hot reload
[2019.04.09-13.06.48:529][426]CompilerResultsLog: Building 3 actions with 8 processes...
[2019.04.09-13.06.48:529][426]CompilerResultsLog:   [1/3] Placement.cpp
[2019.04.09-13.06.48:530][426]CompilerResultsLog:   [2/3] UE4Editor-ProcGenCity-5566.lib
[2019.04.09-13.06.48:530][426]CompilerResultsLog:      Creating library C:\Users\kevin\Documents\GitHub\Honours-Project\ProcGenCity\Intermediate\Build\Win64\UE4Editor\Development\ProcGenCity\UE4Editor-ProcGenCity-5566.lib and object C:\Users\kevin\Documents\GitHub\Honours-Project\ProcGenCity\Intermediate\Build\Win64\UE4Editor\Development\ProcGenCity\UE4Editor-ProcGenCity-5566.exp
[2019.04.09-13.06.48:530][426]CompilerResultsLog:   [3/3] UE4Editor-ProcGenCity-5566.dll
[2019.04.09-13.06.48:530][426]CompilerResultsLog:      Creating library C:\Users\kevin\Documents\GitHub\Honours-Project\ProcGenCity\Intermediate\Build\Win64\UE4Editor\Development\ProcGenCity\UE4Editor-ProcGenCity-5566.suppressed.lib and object C:\Users\kevin\Documents\GitHub\Honours-Project\ProcGenCity\Intermediate\Build\Win64\UE4Editor\Development\ProcGenCity\UE4Editor-ProcGenCity-5566.suppressed.exp
[2019.04.09-13.06.48:530][426]CompilerResultsLog: Total build time: 38.68 seconds (Parallel executor: 30.04 seconds)
[2019.04.09-13.06.48:531][426]LogMainFrame: MainFrame: Module compiling took 39.491 seconds
[2019.04.09-13.06.48:646][426]LogClass: EBranchDirection HotReload.
[2019.04.09-13.06.48:663][426]LogContentBrowser: Native class hierarchy updated for 'ProcGenCity' in 0.0018 seconds. Added 13 classes and 2 folders.
[2019.04.09-13.06.48:667][426]Display: HotReload successful (0 functions remapped  0 scriptstructs remapped)
[2019.04.09-13.06.48:915][426]LogContentBrowser: Native class hierarchy populated in 0.0330 seconds. Added 2586 classes and 607 folders.
[2019.04.09-13.06.48:917][426]Display: HotReload took 39.9s.
[2019.04.09-13.07.10:731][616]LogSlate: FSceneViewport::OnFocusLost() reason 0
[2019.04.09-13.07.10:859][621]LogEnum: Warning: EnumRedirect for enum EBranchDirection maps 'EBranchState::EB_INIT' to invalid value 'EBranchDirection::EB_INIT'!
[2019.04.09-13.07.17:774][911]LogSlate: FSceneViewport::OnFocusLost() reason 0
[2019.04.09-13.07.18:070][923]LogWindows: Windows GetLastError: The operation completed successfully. (0)
[2019.04.09-13.07.19:555][923]LogWindows: Error: === Critical error: ===
[2019.04.09-13.07.19:555][923]LogWindows: Error: 
[2019.04.09-13.07.19:555][923]LogWindows: Error: Assertion failed: (Index >= 0) & (Index < ArrayNum) [File:C:\Program Files\Epic Games\UE_4.20\Engine\Source\Runtime\Core\Public\Containers/Array.h] [Line: 611] 
[2019.04.09-13.07.19:555][923]LogWindows: Error: Array index out of bounds: 5 from an array of size 5
[2019.04.09-13.07.19:555][923]LogWindows: Error: 
[2019.04.09-13.07.19:555][923]LogWindows: Error: 
[2019.04.09-13.07.19:555][923]LogWindows: Error: [Callstack] 0x00007ffca21ca388 KERNELBASE.dll!UnknownFunction []
[2019.04.09-13.07.19:555][923]LogWindows: Error: [Callstack] 0x00007ffc89b06850 UE4Editor-ApplicationCore.dll!UnknownFunction []
[2019.04.09-13.07.19:555][923]LogWindows: Error: [Callstack] 0x00007ffc628562fc UE4Editor-Core.dll!UnknownFunction []
[2019.04.09-13.07.19:555][923]LogWindows: Error: [Callstack] 0x00007ffc627e51db UE4Editor-Core.dll!UnknownFunction []
[2019.04.09-13.07.19:555][923]LogWindows: Error: [Callstack] 0x00007ffc23f5fa8a UE4Editor-ProcGenCity-5566.dll!APlacement::DivideLots() [c:\users\kevin\documents\github\honours-project\procgencity\source\procgencity\placement.cpp:98]
[2019.04.09-13.07.19:555][923]LogWindows: Error: [Callstack] 0x00007ffc23f5f06d UE4Editor-ProcGenCity-5566.dll!APlacement::AllocatePoint() [c:\users\kevin\documents\github\honours-project\procgencity\source\procgencity\placement.cpp:58]
[2019.04.09-13.07.19:555][923]LogWindows: Error: [Callstack] 0x00007ffc23f608c0 UE4Editor-ProcGenCity-5566.dll!APlacement::GetCurrentCheckers() [c:\users\kevin\documents\github\honours-project\procgencity\source\procgencity\placement.cpp:48]
[2019.04.09-13.07.19:555][923]LogWindows: Error: [Callstack] 0x00007ffc23f55aa0 UE4Editor-ProcGenCity-5566.dll!AManager::OnConstruction() [c:\users\kevin\documents\github\honours-project\procgencity\source\procgencity\manager.cpp:49]
[2019.04.09-13.07.19:555][923]LogWindows: Error: [Callstack] 0x00007ffc419b4eff UE4Editor-Engine.dll!UnknownFunction []
[2019.04.09-13.07.19:555][923]LogWindows: Error: [Callstack] 0x00007ffc419e71f1 UE4Editor-Engine.dll!UnknownFunction []
[2019.04.09-13.07.19:555][923]LogWindows: Error: [Callstack] 0x00007ffc419d4e8e UE4Editor-Engine.dll!UnknownFunction []
[2019.04.09-13.07.19:555][923]LogWindows: Error: [Callstack] 0x00007ffc6225cf73 UE4Editor-CoreUObject.dll!UnknownFunction []
[2019.04.09-13.07.19:555][923]LogWindows: Error: [Callstack] 0x00007ffc3ff869a6 UE4Editor-PropertyEditor.dll!UnknownFunction []
[2019.04.09-13.07.19:555][923]LogWindows: Error: [Callstack] 0x00007ffc3ff7a699 UE4Editor-PropertyEditor.dll!UnknownFunction []
[2019.04.09-13.07.19:555][923]LogWindows: Error: [Callstack] 0x00007ffc3ff7ac2d UE4Editor-PropertyEditor.dll!UnknownFunction []
[2019.04.09-13.07.19:555][923]LogWindows: Error: [Callstack] 0x00007ffc3ff7a8ce UE4Editor-PropertyEditor.dll!UnknownFunction []
[2019.04.09-13.07.19:555][923]LogWindows: Error: [Callstack] 0x00007ffc3ffc3e1a UE4Editor-PropertyEditor.dll!UnknownFunction []
[2019.04.09-13.07.19:555][923]LogWindows: Error: [Callstack] 0x00007ffc4007817e UE4Editor-PropertyEditor.dll!UnknownFunction []
[2019.04.09-13.07.19:555][923]LogWindows: Error: [Callstack] 0x00007ffc4005a779 UE4Editor-PropertyEditor.dll!UnknownFunction []
[2019.04.09-13.07.19:555][923]LogWindows: Error: [Callstack] 0x00007ffc68939ddd UE4Editor-Slate.dll!UnknownFunction []
[2019.04.09-13.07.19:555][923]LogWindows: Error: [Callstack] 0x00007ffc687294c5 UE4Editor-Slate.dll!UnknownFunction []
[2019.04.09-13.07.19:556][923]LogWindows: Error: [Callstack] 0x00007ffc687c1db2 UE4Editor-Slate.dll!UnknownFunction []
[2019.04.09-13.07.19:556][923]LogWindows: Error: [Callstack] 0x00007ffc687a7c7a UE4Editor-Slate.dll!UnknownFunction []
[2019.04.09-13.07.19:556][923]LogWindows: Error: [Callstack] 0x00007ffc6879b25c UE4Editor-Slate.dll!UnknownFunction []
[2019.04.09-13.07.19:556][923]LogWindows: Error: [Callstack] 0x00007ffc89afd1c7 UE4Editor-ApplicationCore.dll!UnknownFunction []
[2019.04.09-13.07.19:556][923]LogWindows: Error: [Callstack] 0x00007ffc89af0270 UE4Editor-ApplicationCore.dll!UnknownFunction []
[2019.04.09-13.07.19:556][923]LogWindows: Error: [Callstack] 0x00007ffc89aff4c5 UE4Editor-ApplicationCore.dll!UnknownFunction []
[2019.04.09-13.07.19:556][923]LogWindows: Error: [Callstack] 0x00007ffc89aec209 UE4Editor-ApplicationCore.dll!UnknownFunction []
[2019.04.09-13.07.19:556][923]LogWindows: Error: [Callstack] 0x00007ffca4de6d41 USER32.dll!UnknownFunction []
[2019.04.09-13.07.19:556][923]LogWindows: Error: [Callstack] 0x00007ffca4de6713 USER32.dll!UnknownFunction []
[2019.04.09-13.07.19:556][923]LogWindows: Error: [Callstack] 0x00007ffc89b00646 UE4Editor-ApplicationCore.dll!UnknownFunction []
[2019.04.09-13.07.19:556][923]LogWindows: Error: [Callstack] 0x00007ff792fe54e5 UE4Editor.exe!UnknownFunction []
[2019.04.09-13.07.19:556][923]LogWindows: Error: [Callstack] 0x00007ff792ff5b3c UE4Editor.exe!UnknownFunction []
[2019.04.09-13.07.19:556][923]LogWindows: Error: [Callstack] 0x00007ff792ff5bba UE4Editor.exe!UnknownFunction []
[2019.04.09-13.07.19:556][923]LogWindows: Error: [Callstack] 0x00007ff793003dac UE4Editor.exe!UnknownFunction []
[2019.04.09-13.07.19:556][923]LogWindows: Error: [Callstack] 0x00007ff793005aaa UE4Editor.exe!UnknownFunction []
[2019.04.09-13.07.19:556][923]LogWindows: Error: [Callstack] 0x00007ffca4893dc4 KERNEL32.DLL!UnknownFunction []
[2019.04.09-13.07.19:556][923]LogWindows: Error: [Callstack] 0x00007ffca54d3691 ntdll.dll!UnknownFunction []
[2019.04.09-13.07.19:556][923]LogWindows: Error: 
[2019.04.09-13.07.19:574][923]LogExit: Executing StaticShutdownAfterError
[2019.04.09-13.07.19:581][923]LogWindows: FPlatformMisc::RequestExit(1)
[2019.04.09-13.07.19:582][923]Log file closed, 04/09/19 14:07:19
