Log file open, 02/05/19 21:12:37
LogWindows: Failed to load 'aqProf.dll' (GetLastError=126)
LogWindows: File 'aqProf.dll' does not exist
LogWindows: Failed to load 'VtuneApi.dll' (GetLastError=126)
LogWindows: File 'VtuneApi.dll' does not exist
LogWindows: Failed to load 'VtuneApi32e.dll' (GetLastError=126)
LogWindows: File 'VtuneApi32e.dll' does not exist
LogInit: Display: Running engine for game: ProcGenCity
LogPlatformFile: Not using cached read wrapper
LogTaskGraph: Started task graph with 5 named threads and 23 total threads with 3 sets of task threads.
LogStats: Stats thread started at 0.323713
LogD3D11RHI: Loaded GFSDK_Aftermath_Lib.x64.dll
LogICUInternationalization: Display: ICU TimeZone Detection - Raw Offset: +0:00, Platform Override: ''
LogPluginManager: Mounting plugin Paper2D
LogPluginManager: Mounting plugin AISupport
LogPluginManager: Mounting plugin LightPropagationVolume
LogPluginManager: Mounting plugin CLionSourceCodeAccess
LogPluginManager: Mounting plugin CodeLiteSourceCodeAccess
LogPluginManager: Mounting plugin GitSourceControl
LogPluginManager: Mounting plugin KDevelopSourceCodeAccess
LogPluginManager: Mounting plugin NullSourceCodeAccess
LogPluginManager: Mounting plugin PerforceSourceControl
LogPluginManager: Mounting plugin SubversionSourceControl
LogPluginManager: Mounting plugin UObjectPlugin
LogPluginManager: Mounting plugin VisualStudioCodeSourceCodeAccess
LogPluginManager: Mounting plugin VisualStudioSourceCodeAccess
LogPluginManager: Mounting plugin XCodeSourceCodeAccess
LogPluginManager: Mounting plugin AssetManagerEditor
LogPluginManager: Mounting plugin CryptoKeys
LogPluginManager: Mounting plugin DataValidation
LogPluginManager: Mounting plugin FacialAnimation
LogPluginManager: Mounting plugin GameplayTagsEditor
LogPluginManager: Mounting plugin MacGraphicsSwitching
LogPluginManager: Mounting plugin MeshEditor
LogPluginManager: Mounting plugin MobileLauncherProfileWizard
LogPluginManager: Mounting plugin PluginBrowser
LogPluginManager: Mounting plugin SpeedTreeImporter
LogPluginManager: Mounting plugin DatasmithContent
LogPluginManager: Mounting plugin AlembicImporter
LogPluginManager: Mounting plugin AppleImageUtils
LogPluginManager: Mounting plugin AppleVision
LogPluginManager: Mounting plugin BackChannel
LogPluginManager: Mounting plugin CharacterAI
LogPluginManager: Mounting plugin GeometryCache
LogPluginManager: Mounting plugin HTML5Networking
LogPluginManager: Mounting plugin ProxyLODPlugin
LogPluginManager: Mounting plugin MagicLeap
LogPluginManager: Mounting plugin MagicLeapEmulator
LogPluginManager: Mounting plugin MagicLeapMedia
LogPluginManager: Mounting plugin AndroidMedia
LogPluginManager: Mounting plugin AvfMedia
LogPluginManager: Mounting plugin ImgMedia
LogPluginManager: Mounting plugin LinearTimecode
LogPluginManager: Mounting plugin MediaCompositing
LogPluginManager: Mounting plugin MediaPlayerEditor
LogPluginManager: Mounting plugin WmfMedia
LogPluginManager: Mounting plugin TcpMessaging
LogPluginManager: Mounting plugin UdpMessaging
LogPluginManager: Mounting plugin ActorSequence
LogPluginManager: Mounting plugin LevelSequenceEditor
LogPluginManager: Mounting plugin MatineeToLevelSequence
LogPluginManager: Mounting plugin NetcodeUnitTest
LogPluginManager: Mounting plugin NUTUnrealEngine4
LogPluginManager: Mounting plugin OnlineSubsystemGooglePlay
LogPluginManager: Mounting plugin OnlineSubsystemIOS
LogPluginManager: Mounting plugin OnlineSubsystem
LogPluginManager: Mounting plugin OnlineSubsystemNull
LogPluginManager: Mounting plugin OnlineSubsystemUtils
LogPluginManager: Mounting plugin LauncherChunkInstaller
LogPluginManager: Mounting plugin AndroidDeviceProfileSelector
LogPluginManager: Mounting plugin AndroidMoviePlayer
LogPluginManager: Mounting plugin AndroidPermission
LogPluginManager: Mounting plugin AppleMoviePlayer
LogPluginManager: Mounting plugin ArchVisCharacter
LogPluginManager: Mounting plugin AudioCapture
LogPluginManager: Mounting plugin CableComponent
LogPluginManager: Mounting plugin CustomMeshComponent
LogPluginManager: Mounting plugin EditableMesh
LogPluginManager: Mounting plugin ExampleDeviceProfileSelector
LogPluginManager: Mounting plugin GoogleCloudMessaging
LogPluginManager: Mounting plugin ImmediatePhysics
LogPluginManager: Mounting plugin IOSDeviceProfileSelector
LogPluginManager: Mounting plugin LinuxDeviceProfileSelector
LogPluginManager: Mounting plugin LocationServicesBPLibrary
LogPluginManager: Mounting plugin MobilePatchingUtils
LogPluginManager: Mounting plugin OculusVR
LogPluginManager: Plugin shader directory ../../../Engine/Plugins/Runtime/Oculus/OculusVR/Shaders found
LogPluginManager: Mapping shader source directory ../../../Engine/Plugins/Runtime/Oculus/OculusVR/Shaders to virtual directory /Plugin/OculusVR
LogPluginManager: Mounting plugin PhysXVehicles
LogPluginManager: Mounting plugin ProceduralMeshComponent
LogPluginManager: Mounting plugin RuntimePhysXCooking
LogPluginManager: Mounting plugin SteamVR
LogPluginManager: Mounting plugin WindowsMoviePlayer
LogStreaming: Display: Took  0.146s to configure plugins.
LogInit: Using libcurl 7.55.1-DEV
LogInit:  - built for x86_64-pc-win32
LogInit:  - supports SSL with OpenSSL/1.0.2h
LogInit:  - supports HTTP deflate (compression) using libz 1.2.8
LogInit:  - other features:
LogInit:      CURL_VERSION_SSL
LogInit:      CURL_VERSION_LIBZ
LogInit:      CURL_VERSION_IPV6
LogInit:      CURL_VERSION_ASYNCHDNS
LogInit:      CURL_VERSION_LARGEFILE
LogInit:      CURL_VERSION_IDN
LogInit:  CurlRequestOptions (configurable via config and command line):
LogInit:  - bVerifyPeer = false  - Libcurl will NOT verify peer certificate
LogInit:  - bUseHttpProxy = false  - Libcurl will NOT use HTTP proxy
LogInit:  - bDontReuseConnections = false  - Libcurl will reuse connections
LogInit:  - CertBundlePath = nullptr  - Libcurl will use whatever was configured at build time.
LogInit:  - MaxHostConnections = 16  - Libcurl will limit the number of connections to a host
LogInit:  - LocalHostAddr = Default
LogInit:  - BufferSize = 65536
LogInit: WinSock: version 1.1 (2.2), MaxSocks=32767, MaxUdp=65467
LogHMD: Failed initializing OVRPlugin 1.25.0
LogInit: Build: ++UE4+Release-4.20-CL-4369336
LogInit: Engine Version: 4.20.3-4369336+++UE4+Release-4.20
LogInit: Compatible Engine Version: 4.20.0-4212847+++UE4+Release-4.20
LogInit: Net CL: 4212847
LogInit: OS: Windows 10 (), CPU: Intel(R) Core(TM) i7-4770K CPU @ 3.50GHz, GPU: NVIDIA GeForce GTX 1060 6GB
LogInit: Compiled (64-bit): Sep 17 2018 12:26:19
LogInit: Compiled with Visual C++: 19.13.26129.00
LogInit: Build Configuration: Development
LogInit: Branch Name: ++UE4+Release-4.20
LogInit: Command Line:  
LogInit: Base Directory: C:/Program Files/Epic Games/UE_4.20/Engine/Binaries/Win64/
LogInit: Installed Engine Build: 1
LogDevObjectVersion: Number of dev versions registered: 20
LogDevObjectVersion:   Dev-Blueprints (B0D832E4-1F89-4F0D-ACCF-7EB736FD4AA2): 10
LogDevObjectVersion:   Dev-Build (E1C64328-A22C-4D53-A36C-8E866417BD8C): 0
LogDevObjectVersion:   Dev-Core (375EC13C-06E4-48FB-B500-84F0262A717E): 2
LogDevObjectVersion:   Dev-Editor (E4B068ED-F494-42E9-A231-DA0B2E46BB41): 24
LogDevObjectVersion:   Dev-Framework (CFFC743F-43B0-4480-9391-14DF171D2073): 34
LogDevObjectVersion:   Dev-Mobile (B02B49B5-BB20-44E9-A304-32B752E40360): 2
LogDevObjectVersion:   Dev-Networking (A4E4105C-59A1-49B5-A7C5-40C4547EDFEE): 0
LogDevObjectVersion:   Dev-Online (39C831C9-5AE6-47DC-9A44-9C173E1C8E7C): 0
LogDevObjectVersion:   Dev-Physics (78F01B33-EBEA-4F98-B9B4-84EACCB95AA2): 0
LogDevObjectVersion:   Dev-Platform (6631380F-2D4D-43E0-8009-CF276956A95A): 0
LogDevObjectVersion:   Dev-Rendering (12F88B9F-8875-4AFC-A67C-D90C383ABD29): 26
LogDevObjectVersion:   Dev-Sequencer (7B5AE74C-D270-4C10-A958-57980B212A5A): 9
LogDevObjectVersion:   Dev-VR (D7296918-1DD6-4BDD-9DE2-64A83CC13884): 2
LogDevObjectVersion:   Dev-LoadTimes (C2A15278-BFE7-4AFE-6C17-90FF531DF755): 1
LogDevObjectVersion:   Private-Geometry (6EACA3D4-40EC-4CC1-B786-8BED09428FC5): 3
LogDevObjectVersion:   Dev-AnimPhys (29E575DD-E0A3-4627-9D10-D276232CDCEA): 17
LogDevObjectVersion:   Dev-ReflectionCapture (6B266CEC-1EC7-4B8F-A30B-E4D90942FC07): 1
LogDevObjectVersion:   Dev-Automation (0DF73D61-A23F-47EA-B727-89E90C41499A): 1
LogDevObjectVersion:   FortniteMain (601D1886-AC64-4F84-AA16-D3DE0DEAC7D6): 12
LogDevObjectVersion:   Dev-Enterprise (9DFFBCD6-494F-0158-E221-12823C92A888): 1
LogStreaming: Display: Took  0.007s to delete old logs.
LogInit: Presizing for max 8388607 objects, including 0 objects not considered by GC, pre-allocating 0 bytes for permanent pool.
LogInit: Object subsystem initialized
[2019.02.05-21.12.38:148][  0]LogInit: Selected Device Profile: [Windows]
[2019.02.05-21.12.38:148][  0]LogInit: Applying CVar settings loaded from the selected device profile: [Windows]
[2019.02.05-21.12.38:162][  0]LogHAL: Display: Platform has ~ 16 GB [17062375424 / 17179869184 / 16], which maps to Larger [LargestMinGB=32, LargerMinGB=12, DefaultMinGB=8, SmallerMinGB=6, SmallestMinGB=0)
[2019.02.05-21.12.38:162][  0]LogInit: Setting Device Profile CVar: [[r.Vulkan.UseRealUBs:1]]
[2019.02.05-21.12.38:162][  0]LogInit: Going up to parent DeviceProfile []
[2019.02.05-21.12.38:164][  0]LogInit: Computer: KEVIN
[2019.02.05-21.12.38:164][  0]LogInit: User: Grizz
[2019.02.05-21.12.38:164][  0]LogInit: CPU Page size=4096, Cores=4
[2019.02.05-21.12.38:164][  0]LogInit: High frequency timer resolution =3.410078 MHz
[2019.02.05-21.12.38:164][  0]LogMemory: Memory total: Physical=15.9GB (16GB approx)
[2019.02.05-21.12.38:164][  0]LogMemory: Platform Memory Stats for Windows
[2019.02.05-21.12.38:164][  0]LogMemory: Process Physical Memory: 102.34 MB used, 102.34 MB peak
[2019.02.05-21.12.38:164][  0]LogMemory: Process Virtual Memory: 94.14 MB used, 94.14 MB peak
[2019.02.05-21.12.38:164][  0]LogMemory: Physical Memory: 8724.05 MB used,  7547.90 MB free, 16271.95 MB total
[2019.02.05-21.12.38:164][  0]LogMemory: Virtual Memory: 4655.52 MB used,  7547.90 MB free, 134217728.00 MB total
[2019.02.05-21.12.38:193][  0]LogInit: Using OS detected language (en-GB).
[2019.02.05-21.12.38:193][  0]LogInit: Using OS detected locale (en-GB).
[2019.02.05-21.12.38:195][  0]LogTextLocalizationManager: No specific localization for 'en-GB' exists, so the 'en' localization will be used.
[2019.02.05-21.12.38:603][  0]LogStreaming: Display: Took  0.410s to InitEngineTextLocalization.
[2019.02.05-21.12.38:603][  0]LogInit: Setting process to per monitor DPI aware
[2019.02.05-21.12.38:663][  0]LogSlate: New Slate User Created.  User Index 0, Is Virtual User: 0
[2019.02.05-21.12.38:663][  0]LogSlate: Slate User Registered.  User Index 0, Is Virtual User: 0
[2019.02.05-21.12.44:180][  0]LogHMD: Failed to initialize OpenVR with code 108
[2019.02.05-21.12.44:180][  0]LogD3D11RHI: D3D11 adapters:
[2019.02.05-21.12.44:280][  0]LogD3D11RHI:    0. 'NVIDIA GeForce GTX 1060 6GB' (Feature Level 11_0)
[2019.02.05-21.12.44:280][  0]LogD3D11RHI:       6052/0/8135 MB DedicatedVideo/DedicatedSystem/SharedSystem, Outputs:2, VendorId:0x10de
[2019.02.05-21.12.44:287][  0]LogD3D11RHI:    1. 'Intel(R) HD Graphics 4600' (Feature Level 11_0)
[2019.02.05-21.12.44:287][  0]LogD3D11RHI:       112/0/2048 MB DedicatedVideo/DedicatedSystem/SharedSystem, Outputs:0, VendorId:0x8086
[2019.02.05-21.12.44:290][  0]LogD3D11RHI:    2. 'Microsoft Basic Render Driver' (Feature Level 11_0)
[2019.02.05-21.12.44:290][  0]LogD3D11RHI:       0/0/8135 MB DedicatedVideo/DedicatedSystem/SharedSystem, Outputs:0, VendorId:0x1414
[2019.02.05-21.12.44:290][  0]LogD3D11RHI: Chosen D3D11 Adapter: 0
[2019.02.05-21.12.44:305][  0]LogD3D11RHI: Creating new Direct3DDevice
[2019.02.05-21.12.44:305][  0]LogD3D11RHI:     GPU DeviceId: 0x1c03 (for the marketing name, search the web for "GPU Device Id")
[2019.02.05-21.12.44:305][  0]LogWindows: EnumDisplayDevices:
[2019.02.05-21.12.44:305][  0]LogWindows:    0. 'NVIDIA GeForce GTX 1060 6GB' (P:0 D:1)
[2019.02.05-21.12.44:306][  0]LogWindows:    1. 'NVIDIA GeForce GTX 1060 6GB' (P:1 D:1)
[2019.02.05-21.12.44:306][  0]LogWindows:    2. 'NVIDIA GeForce GTX 1060 6GB' (P:0 D:0)
[2019.02.05-21.12.44:307][  0]LogWindows:    3. 'NVIDIA GeForce GTX 1060 6GB' (P:0 D:0)
[2019.02.05-21.12.44:307][  0]LogWindows:    4. 'Intel(R) HD Graphics 4600' (P:0 D:0)
[2019.02.05-21.12.44:308][  0]LogWindows:    5. 'Intel(R) HD Graphics 4600' (P:0 D:0)
[2019.02.05-21.12.44:308][  0]LogWindows:    6. 'Intel(R) HD Graphics 4600' (P:0 D:0)
[2019.02.05-21.12.44:308][  0]LogWindows: DebugString: PrimaryIsNotTheChoosenAdapter PrimaryIsNotTheChoosenAdapter PrimaryIsNotTheChoosenAdapter FoundDriverCount:4 
[2019.02.05-21.12.44:308][  0]LogD3D11RHI:     Adapter Name: NVIDIA GeForce GTX 1060 6GB
[2019.02.05-21.12.44:308][  0]LogD3D11RHI:   Driver Version: 417.71 (internal:25.21.14.1771, unified:417.71)
[2019.02.05-21.12.44:308][  0]LogD3D11RHI:      Driver Date: 1-11-2019
[2019.02.05-21.12.44:308][  0]LogRHI: Texture pool is 4236 MB (70% of 6052 MB)
[2019.02.05-21.12.44:361][  0]LogD3D11RHI: Async texture creation enabled
[2019.02.05-21.12.44:402][  0]LogD3D11RHI: GPU Timing Frequency: 1000.000000 (Debug: 2 2)
[2019.02.05-21.12.44:513][  0]LogShaderCompilers: Guid format shader working directory is -29 characters bigger than the processId version (../../../../../../Users/Grizz/Documents/GitHub/Honours-Project/ProcGenCity/Intermediate/Shaders/WorkingDirectory/37528/).
[2019.02.05-21.12.44:514][  0]LogShaderCompilers: Cleaned the shader compiler working directory 'C:/Users/Grizz/AppData/Local/Temp/UnrealShaderWorkingDir/18C8AE9A48CBFAFE72CA668667E28A46/'.
[2019.02.05-21.12.45:006][  0]LogTemp: Display: Loaded TP AllDesktopTargetPlatform
[2019.02.05-21.12.45:021][  0]LogTemp: Display: Loaded TP MacClientTargetPlatform
[2019.02.05-21.12.45:036][  0]LogTemp: Display: Loaded TP MacNoEditorTargetPlatform
[2019.02.05-21.12.45:053][  0]LogTemp: Display: Loaded TP MacServerTargetPlatform
[2019.02.05-21.12.45:077][  0]LogTemp: Display: Loaded TP MacTargetPlatform
[2019.02.05-21.12.45:096][  0]LogTemp: Display: Loaded TP WindowsClientTargetPlatform
[2019.02.05-21.12.45:111][  0]LogTemp: Display: Loaded TP WindowsNoEditorTargetPlatform
[2019.02.05-21.12.45:128][  0]LogTemp: Display: Loaded TP WindowsServerTargetPlatform
[2019.02.05-21.12.45:138][  0]LogTemp: Display: Loaded TP WindowsTargetPlatform
[2019.02.05-21.12.45:229][  0]LogTemp: Display: Loaded TP AndroidTargetPlatform
[2019.02.05-21.12.45:229][  0]LogTemp: Display: Loaded TP AndroidTargetPlatform
[2019.02.05-21.12.45:229][  0]LogTemp: Display: Loaded TP AndroidTargetPlatform
[2019.02.05-21.12.45:229][  0]LogTemp: Display: Loaded TP AndroidTargetPlatform
[2019.02.05-21.12.45:229][  0]LogTemp: Display: Loaded TP AndroidTargetPlatform
[2019.02.05-21.12.45:229][  0]LogTemp: Display: Loaded TP AndroidTargetPlatform
[2019.02.05-21.12.45:229][  0]LogTemp: Display: Loaded TP AndroidTargetPlatform
[2019.02.05-21.12.45:229][  0]LogTemp: Display: Loaded TP AndroidTargetPlatform
[2019.02.05-21.12.45:229][  0]LogTemp: Display: Loaded TP AndroidTargetPlatform
[2019.02.05-21.12.45:229][  0]LogTemp: Display: Loaded TP AndroidTargetPlatform
[2019.02.05-21.12.45:229][  0]LogTemp: Display: Loaded TP AndroidTargetPlatform
[2019.02.05-21.12.45:229][  0]LogTemp: Display: Loaded TP AndroidTargetPlatform
[2019.02.05-21.12.45:229][  0]LogTemp: Display: Loaded TP AndroidTargetPlatform
[2019.02.05-21.12.45:229][  0]LogTemp: Display: Loaded TP AndroidTargetPlatform
[2019.02.05-21.12.45:229][  0]LogTemp: Display: Loaded TP AndroidTargetPlatform
[2019.02.05-21.12.45:229][  0]LogTemp: Display: Loaded TP AndroidTargetPlatform
[2019.02.05-21.12.45:229][  0]LogTemp: Display: Loaded TP AndroidTargetPlatform
[2019.02.05-21.12.45:229][  0]LogTemp: Display: Loaded TP AndroidTargetPlatform
[2019.02.05-21.12.45:231][  0]LogTemp: Display: Loaded TP HTML5TargetPlatform
[2019.02.05-21.12.45:295][  0]LogTemp: Display: Loaded TP IOSTargetPlatform
[2019.02.05-21.12.45:295][  0]LogTemp: Display: Loaded TP IOSTargetPlatform
[2019.02.05-21.12.45:326][  0]LogTemp: Display: Loaded TP TVOSTargetPlatform
[2019.02.05-21.12.45:326][  0]LogTemp: Display: Loaded TP TVOSTargetPlatform
[2019.02.05-21.12.45:352][  0]LogTemp: Display: Loaded TP LinuxClientTargetPlatform
[2019.02.05-21.12.45:376][  0]LogTemp: Display: Loaded TP LinuxNoEditorTargetPlatform
[2019.02.05-21.12.45:398][  0]LogTemp: Display: Loaded TP LinuxServerTargetPlatform
[2019.02.05-21.12.45:419][  0]LogTemp: Display: Loaded TP LinuxTargetPlatform
[2019.02.05-21.12.45:431][  0]LogTemp: Display: Loaded TP LuminTargetPlatform
[2019.02.05-21.12.45:431][  0]LogTargetPlatformManager: Display: Building Assets For Windows
[2019.02.05-21.12.45:557][  0]LogXGEController: Cleaning working directory: C:/Users/Grizz/AppData/Local/Temp/UnrealXGEWorkingDir/
[2019.02.05-21.12.45:557][  0]LogXGEController: Cannot use XGE Controller as Incredibuild is not installed on this machine.
[2019.02.05-21.12.45:557][  0]LogShaderCompilers: Cannot use XGE Shader Compiler as Incredibuild is not installed on this machine.
[2019.02.05-21.12.45:557][  0]LogShaderCompilers: Display: Using Local Shader Compiler.
[2019.02.05-21.12.46:671][  0]LogDerivedDataCache: Display: Max Cache Size: 512 MB
[2019.02.05-21.12.46:764][  0]LogDerivedDataCache: Loaded boot cache 0.09s 71MB C:/Users/Grizz/AppData/Local/UnrealEngine/4.20/DerivedDataCache/Boot.ddc.
[2019.02.05-21.12.46:765][  0]LogDerivedDataCache: Display: Loaded Boot cache: C:/Users/Grizz/AppData/Local/UnrealEngine/4.20/DerivedDataCache/Boot.ddc
[2019.02.05-21.12.46:765][  0]LogDerivedDataCache: FDerivedDataBackendGraph:  Pak pak cache file ../../../../../../Users/Grizz/Documents/GitHub/Honours-Project/ProcGenCity/DerivedDataCache/DDC.ddp not found, will not use a pak cache.
[2019.02.05-21.12.46:765][  0]LogDerivedDataCache: Unable to find inner node Pak for hierarchical cache Hierarchy.
[2019.02.05-21.12.46:765][  0]LogDerivedDataCache: FDerivedDataBackendGraph:  CompressedPak pak cache file ../../../../../../Users/Grizz/Documents/GitHub/Honours-Project/ProcGenCity/DerivedDataCache/Compressed.ddp not found, will not use a pak cache.
[2019.02.05-21.12.46:765][  0]LogDerivedDataCache: Unable to find inner node CompressedPak for hierarchical cache Hierarchy.
[2019.02.05-21.12.46:780][  0]LogDerivedDataCache: Display: Pak cache opened for reading ../../../Engine/DerivedDataCache/Compressed.ddp.
[2019.02.05-21.12.46:793][  0]LogDerivedDataCache: Using Local data cache path C:/Users/Grizz/AppData/Local/UnrealEngine/Common/DerivedDataCache: Writable
[2019.02.05-21.12.46:793][  0]LogDerivedDataCache: Shared data cache path not found in *engine.ini, will not use an Shared cache.
[2019.02.05-21.12.46:793][  0]LogDerivedDataCache: Unable to find inner node Shared for hierarchical cache Hierarchy.
[2019.02.05-21.12.46:811][  0]LogMaterial: Verifying Global Shaders for PCD3D_SM5
[2019.02.05-21.12.46:813][  0]LogSlate: Using FreeType 2.6.0
[2019.02.05-21.12.46:813][  0]LogSlate: SlateFontServices - WITH_FREETYPE: 1, WITH_HARFBUZZ: 1
[2019.02.05-21.12.46:896][  0]LogAssetRegistry: FAssetRegistry took 0.0262 seconds to start up
[2019.02.05-21.12.47:295][  0]LogInit: Selected Device Profile: [Windows]
[2019.02.05-21.12.47:447][  0]LogSimplygon: Simplygon DLL not present - disabling.
[2019.02.05-21.12.47:453][  0]LogMeshReduction: Using SimplygonSwarm for distributed automatic mesh merging
[2019.02.05-21.12.47:453][  0]LogMeshReduction: Using ProxyLODMeshReduction for automatic mesh merging
[2019.02.05-21.12.47:453][  0]LogMeshReduction: Using QuadricMeshReduction for automatic static mesh reduction
[2019.02.05-21.12.47:453][  0]LogMeshReduction: No automatic skeletal mesh reduction module available
[2019.02.05-21.12.47:485][  0]LogNetVersion: ProcGenCity 1.0.0, NetCL: 4212847, EngineNetVer: 5, GameNetVer: 0 (Checksum: 2895139612)
[2019.02.05-21.12.48:137][  0]LogPackageLocalizationCache: Processed 11 localized package path(s) for 2 prioritized culture(s) in 0.134263 seconds
[2019.02.05-21.12.48:143][  0]LogUObjectArray: 38425 objects as part of root set at end of initial load.
[2019.02.05-21.12.48:143][  0]LogUObjectAllocator: 6690872 out of 0 bytes used by permanent object pool.
[2019.02.05-21.12.48:143][  0]LogUObjectArray: CloseDisregardForGC: 0/0 objects in disregard for GC pool
[2019.02.05-21.12.49:216][  0]LogTcpMessaging: Initializing TcpMessaging bridge
[2019.02.05-21.12.49:229][  0]LogUdpMessaging: Initializing bridge on interface 0.0.0.0:0 to multicast group 230.0.0.1:6666.
[2019.02.05-21.12.49:405][  0]SourceControl: Source control is disabled
[2019.02.05-21.12.49:405][  0]SourceControl: Source control is disabled
[2019.02.05-21.12.49:407][  0]SourceControl: Source control is disabled
[2019.02.05-21.12.49:408][  0]SourceControl: Source control is disabled
[2019.02.05-21.12.49:583][  0]LogAndroidPermission: UAndroidPermissionCallbackProxy::GetInstance
[2019.02.05-21.12.50:017][  0]LogOcInput: OculusInput pre-init called
[2019.02.05-21.12.50:085][  0]LogEngine: Initializing Engine...
[2019.02.05-21.12.50:144][  0]LogHMD: Failed to initialize OpenVR with code 108
[2019.02.05-21.12.50:146][  0]LogStats: UGameplayTagsManager::ConstructGameplayTagTree: ImportINI prefixes -  0.000 s
[2019.02.05-21.12.50:146][  0]LogStats: UGameplayTagsManager::ConstructGameplayTagTree: Construct from data asset -  0.000 s
[2019.02.05-21.12.50:146][  0]LogStats: UGameplayTagsManager::ConstructGameplayTagTree: ImportINI -  0.000 s
[2019.02.05-21.12.50:146][  0]LogStats: UGameplayTagsManager::ConstructGameplayTagTree: GameplayTagTreeChangedEvent.Broadcast -  0.000 s
[2019.02.05-21.12.50:363][  0]LogInit: Initializing FReadOnlyCVARCache
[2019.02.05-21.12.50:385][  0]LogAIModule: Creating AISystem for world Untitled
[2019.02.05-21.12.50:551][  0]LogInit: XAudio2 using 'Speakers (Realtek High Definition Audio)' : 2 channels at 48 kHz using 32 bits per sample (channel mask 0x3)
[2019.02.05-21.12.50:563][  0]LogInit: FAudioDevice initialized.
[2019.02.05-21.12.50:563][  0]LogNetVersion: Set ProjectVersion to 1.0.0.0. Version Checksum will be recalculated on next use.
[2019.02.05-21.12.50:749][  0]LogDerivedDataCache: Saved boot cache 0.19s 71MB C:/Users/Grizz/AppData/Local/UnrealEngine/4.20/DerivedDataCache/Boot.ddc.
[2019.02.05-21.12.50:759][  0]LogInit: Texture streaming: Enabled
[2019.02.05-21.12.50:786][  0]LogEngineSessionManager: EngineSessionManager initialized
[2019.02.05-21.12.50:786][  0]LogEngineSessionManager: EngineSessionManager sent abnormal shutdown report. Type=Crashed, SessionId={54C0E2E7-42D4-B567-EE9F-E481DC1843CB}
[2019.02.05-21.12.50:811][  0]LogInit: Transaction tracking system initialized
[2019.02.05-21.12.50:855][  0]BlueprintLog: New page: Editor Load
[2019.02.05-21.12.50:980][  0]LocalizationService: Localization service is disabled
[2019.02.05-21.12.51:294][  0]LogCook: Display: Max memory allowance for cook 16384mb min free memory 0mb
[2019.02.05-21.12.51:294][  0]LogCook: Display: Mobile HDR setting 1
[2019.02.05-21.12.51:294][  0]LogGameplayTags: Display: UGameplayTagsManager::DoneAddingNativeTags. DelegateIsBound: 0
[2019.02.05-21.12.51:294][  0]LogStats: UGameplayTagsManager::ConstructGameplayTagTree: ImportINI prefixes -  0.000 s
[2019.02.05-21.12.51:295][  0]LogStats: UGameplayTagsManager::ConstructGameplayTagTree: Construct from data asset -  0.000 s
[2019.02.05-21.12.51:295][  0]LogStats: UGameplayTagsManager::ConstructGameplayTagTree: ImportINI -  0.000 s
[2019.02.05-21.12.51:295][  0]LogStats: UGameplayTagsManager::ConstructGameplayTagTree: GameplayTagTreeChangedEvent.Broadcast -  0.000 s
[2019.02.05-21.12.51:472][  0]LogFileCache: Scanning file cache for directory 'C:/Users/Grizz/Documents/GitHub/Honours-Project/ProcGenCity/Content/' took 0.02s
[2019.02.05-21.12.51:472][  0]SourceControl: Source control is disabled
[2019.02.05-21.12.51:472][  0]Cmd: MAP LOAD FILE="../../../../../../Users/Grizz/Documents/GitHub/Honours-Project/ProcGenCity/Content/StarterContent/Maps/Minimal_Default.umap" TEMPLATE=0 SHOWPROGRESS=1 FEATURELEVEL=3
[2019.02.05-21.12.51:473][  0]LightingResults: New page: Lighting Build
[2019.02.05-21.12.51:477][  0]MapCheck: New page: Map Check
[2019.02.05-21.12.51:477][  0]LightingResults: New page: Lighting Build
[2019.02.05-21.12.51:863][  0]LogAIModule: Creating AISystem for world Minimal_Default
[2019.02.05-21.12.51:881][  0]LogEditorServer: Finished looking for orphan Actors (0.000 secs)
[2019.02.05-21.12.51:906][  0]Cmd: MAP CHECKDEP NOCLEARLOG
[2019.02.05-21.12.52:009][  0]MapCheck: Map check complete: 0 Error(s), 0 Warning(s), took 102.499ms to complete.
[2019.02.05-21.12.52:009][  0]LogFileHelpers: Loading map 'Minimal_Default' took 0.537
[2019.02.05-21.12.52:152][  0]LogSlate: Updating window title bar state: overlay mode, drag disabled, window buttons hidden, title bar hidden
[2019.02.05-21.12.52:161][  0]LogSlate: Updating window title bar state: overlay mode, drag disabled, window buttons hidden, title bar hidden
[2019.02.05-21.12.52:170][  0]LogSlate: Updating window title bar state: overlay mode, drag disabled, window buttons hidden, title bar hidden
[2019.02.05-21.12.52:180][  0]LogSlate: Updating window title bar state: overlay mode, drag disabled, window buttons hidden, title bar hidden
[2019.02.05-21.12.52:191][  0]LogCollectionManager: Loaded 0 collections in 0.004056 seconds
[2019.02.05-21.12.52:244][  0]LogFileCache: Scanning file cache for directory 'C:/Users/Grizz/Documents/GitHub/Honours-Project/ProcGenCity/Saved/Collections/' took 0.01s
[2019.02.05-21.12.52:244][  0]LogFileCache: Scanning file cache for directory 'C:/Users/Grizz/Documents/GitHub/Honours-Project/ProcGenCity/Content/Developers/Grizz/Collections/' took 0.01s
[2019.02.05-21.12.52:244][  0]LogFileCache: Scanning file cache for directory 'C:/Users/Grizz/Documents/GitHub/Honours-Project/ProcGenCity/Content/Collections/' took 0.01s
[2019.02.05-21.12.52:244][  0]LogCollectionManager: Rebuilt the GUID cache for 0 collections in 0.000000 seconds
[2019.02.05-21.12.52:256][  0]LogContentBrowser: Native class hierarchy populated in 0.0111 seconds. Added 2579 classes and 605 folders.
[2019.02.05-21.12.52:269][  0]LogContentBrowser: Native class hierarchy updated for 'WidgetCarousel' in 0.0005 seconds. Added 0 classes and 0 folders.
[2019.02.05-21.12.52:348][  0]LogContentBrowser: Native class hierarchy updated for 'AddContentDialog' in 0.0004 seconds. Added 0 classes and 0 folders.
[2019.02.05-21.12.52:355][  0]LogContentBrowser: Native class hierarchy updated for 'SceneOutliner' in 0.0005 seconds. Added 1 classes and 2 folders.
[2019.02.05-21.12.52:376][  0]LogSlate: Took 0.000294 seconds to synchronously load lazily loaded font '../../../Engine/Content/Slate/Fonts/Roboto-Regular.ttf' (155K)
[2019.02.05-21.12.52:379][  0]LogSlate: Took 0.000336 seconds to synchronously load lazily loaded font '../../../Engine/Content/Slate/Fonts/Roboto-Bold.ttf' (160K)
[2019.02.05-21.12.52:387][  0]LogSlate: Took 0.000336 seconds to synchronously load lazily loaded font '../../../Engine/Content/Editor/Slate/Fonts/FontAwesome.ttf' (139K)
[2019.02.05-21.12.52:482][  0]LogRenderer: Reallocating scene render targets to support 1940x1228 Format 10 NumSamples 1 (Frame:1).
[2019.02.05-21.12.52:711][  0]LogContentBrowser: Native class hierarchy updated for 'HierarchicalLODOutliner' in 0.0006 seconds. Added 0 classes and 0 folders.
[2019.02.05-21.12.52:712][  0]LogLoad: (Engine Initialization) Total time: 17.92 seconds
[2019.02.05-21.12.52:712][  0]LogLoad: (Engine Initialization) Total Blueprint compile time: 0.00 seconds
[2019.02.05-21.12.52:721][  0]LogWindowsTextInputMethodSystem: Display: IME system now deactivated.
[2019.02.05-21.12.52:726][  0]LogActor: Warning: Road /Engine/Transient.World_0:PersistentLevel.Road_0 has natively added scene component(s), but none of them were set as the actor's RootComponent - picking one arbitrarily
[2019.02.05-21.12.52:740][  0]LogActor: Warning: LotPlacement /Engine/Transient.World_1:PersistentLevel.LotPlacement_0 has natively added scene component(s), but none of them were set as the actor's RootComponent - picking one arbitrarily
[2019.02.05-21.12.52:759][  0]LogContentStreaming: Texture pool size now 1000 MB
[2019.02.05-21.12.52:807][  1]LogAssetRegistry: Asset discovery search completed in 5.9340 seconds
[2019.02.05-21.12.52:810][  1]LogCollectionManager: Rebuilt the object cache for 0 collections in 0.000000 seconds (found 0 objects)
[2019.02.05-21.12.52:810][  1]LogCollectionManager: Fixed up redirectors for 0 collections in 0.000053 seconds (updated 0 objects)
[2019.02.05-21.12.56:911][222]LogSlate: FSceneViewport::OnFocusLost() reason 0
[2019.02.05-21.12.56:997][229]LogActor: Warning: MyRoad_C /Engine/Transient.World_3:PersistentLevel.MyRoad_C_0 has natively added scene component(s), but none of them were set as the actor's RootComponent - picking one arbitrarily
[2019.02.05-21.12.57:987][340]Candidate modules for hot reload:
[2019.02.05-21.12.57:987][340]  ProcGenCity
[2019.02.05-21.12.57:987][340]Launching UnrealBuildTool... [C:/Program Files/Epic Games/UE_4.20/Engine/Binaries/DotNET/UnrealBuildTool.exe  -ModuleWithSuffix=ProcGenCity,441 Win64 Development -TargetType=Editor -Project="../../../../../../Users/Grizz/Documents/GitHub/Honours-Project/ProcGenCity/ProcGenCity.uproject" -canskiplink "C:/Users/Grizz/Documents/GitHub/Honours-Project/ProcGenCity/ProcGenCity.uproject" ]
[2019.02.05-21.12.58:013][340]Warning: Starting HotReload took  0.1s.
[2019.02.05-21.13.06:102][466]CompilerResultsLog: New page: Compilation - 5 Feb 2019 21:13:06
[2019.02.05-21.13.06:102][466]CompilerResultsLog: Using 'git status' to determine working set for adaptive non-unity build.
[2019.02.05-21.13.06:102][466]CompilerResultsLog: Creating makefile for hot reloading ProcGenCityEditor (no existing makefile)
[2019.02.05-21.13.06:102][466]CompilerResultsLog: Compiling game modules for hot reload
[2019.02.05-21.13.06:102][466]CompilerResultsLog: Using Visual Studio 2017 14.15.26726 toolchain (C:\Program Files (x86)\Microsoft Visual Studio\2017\Community\VC\Tools\MSVC\14.15.26726) and Windows 10.0.17134.0 SDK (C:\Program Files (x86)\Windows Kits\10).
[2019.02.05-21.13.06:102][466]CompilerResultsLog: Target is up to date
[2019.02.05-21.13.06:102][466]CompilerResultsLog: Total build time: 7.47 seconds (NoActionsToExecute executor: 0.00 seconds)
[2019.02.05-21.13.06:102][466]LogMainFrame: MainFrame: Module compiling took 8.130 seconds
[2019.02.05-21.13.06:133][466]LogContentBrowser: Native class hierarchy populated in 0.0095 seconds. Added 2580 classes and 607 folders.
[2019.02.05-21.13.06:134][466]Display: HotReload took  8.2s.
[2019.02.05-21.13.10:311][620]LogActor: Warning: NewProcMesh_C /Game/StarterContent/Maps/Minimal_Default.Minimal_Default:PersistentLevel.NewProcMesh_C_0 has natively added scene component(s), but none of them were set as the actor's RootComponent - picking one arbitrarily
[2019.02.05-21.13.10:655][657]LogActor: Warning: NewProcMesh_C /Game/StarterContent/Maps/Minimal_Default.Minimal_Default:PersistentLevel.NewProcMesh_C_1 has natively added scene component(s), but none of them were set as the actor's RootComponent - picking one arbitrarily
[2019.02.05-21.13.27:030][511]LogEditorViewport: Clicking on Actor (LMB): NewProcMesh_C (NewProcMesh)
[2019.02.05-21.13.27:735][588]Cmd: DELETE
[2019.02.05-21.13.27:735][588]Cmd: ACTOR DELETE
[2019.02.05-21.13.27:742][588]LogEditorActor: Deleted Actor: NewProcMesh_C
[2019.02.05-21.13.27:763][588]LogEditorActor: Deleted 1 Actors (0.027 secs)
[2019.02.05-21.13.28:474][671]LogEditorViewport: Clicking on Actor (LMB): MyLotDesigner_C (4)
[2019.02.05-21.13.33:349][216]LogSlate: FSceneViewport::OnFocusLost() reason 0
[2019.02.05-21.13.33:465][224]LogActor: Warning: NewProcMesh_C /Game/StarterContent/Maps/Minimal_Default.Minimal_Default:PersistentLevel.NewProcMesh_C_3 has natively added scene component(s), but none of them were set as the actor's RootComponent - picking one arbitrarily
[2019.02.05-21.13.33:776][255]LogActor: Warning: NewProcMesh_C /Game/StarterContent/Maps/Minimal_Default.Minimal_Default:PersistentLevel.NewProcMesh_C_4 has natively added scene component(s), but none of them were set as the actor's RootComponent - picking one arbitrarily
[2019.02.05-21.14.09:781][124]LogEditorViewport: Clicking on Actor (LMB): BP_Sky_Sphere_C (BP_Sky_Sphere)
[2019.02.05-21.14.10:271][153]LogEditorViewport: Clicking on Actor (LMB): NewProcMesh_C (NewProcMesh)
[2019.02.05-21.14.11:488][282]Cmd: DELETE
[2019.02.05-21.14.11:488][282]Cmd: ACTOR DELETE
[2019.02.05-21.14.11:496][282]LogEditorActor: Deleted Actor: NewProcMesh_C
[2019.02.05-21.14.11:516][282]LogEditorActor: Deleted 1 Actors (0.028 secs)
[2019.02.05-21.14.12:244][366]LogEditorViewport: Clicking on Actor (LMB): MyLotDesigner_C (4)
[2019.02.05-21.14.15:248][702]LogEditorViewport: Clicking on Actor (LMB): MyLotDesigner_C (3)
[2019.02.05-21.14.19:258][137]LogSlate: FSceneViewport::OnFocusLost() reason 0
[2019.02.05-21.14.19:407][150]LogActor: Warning: NewProcMesh_C /Game/StarterContent/Maps/Minimal_Default.Minimal_Default:PersistentLevel.NewProcMesh_C_6 has natively added scene component(s), but none of them were set as the actor's RootComponent - picking one arbitrarily
[2019.02.05-21.14.19:767][187]LogActor: Warning: NewProcMesh_C /Game/StarterContent/Maps/Minimal_Default.Minimal_Default:PersistentLevel.NewProcMesh_C_7 has natively added scene component(s), but none of them were set as the actor's RootComponent - picking one arbitrarily
[2019.02.05-21.14.29:294][218]Cmd: DELETE
[2019.02.05-21.14.29:294][218]Cmd: ACTOR DELETE
[2019.02.05-21.14.29:301][218]LogEditorActor: Deleted Actor: NewProcMesh_C
[2019.02.05-21.14.29:323][218]LogEditorActor: Deleted 1 Actors (0.029 secs)
[2019.02.05-21.14.31:081][426]LogEditorViewport: Clicking on Actor (LMB): MyLotDesigner_C (3)
[2019.02.05-21.14.34:388][774]LogSlate: FSceneViewport::OnFocusLost() reason 0
[2019.02.05-21.14.34:597][794]LogActor: Warning: NewProcMesh_C /Game/StarterContent/Maps/Minimal_Default.Minimal_Default:PersistentLevel.NewProcMesh_C_9 has natively added scene component(s), but none of them were set as the actor's RootComponent - picking one arbitrarily
[2019.02.05-21.14.35:000][833]LogActor: Warning: NewProcMesh_C /Game/StarterContent/Maps/Minimal_Default.Minimal_Default:PersistentLevel.NewProcMesh_C_10 has natively added scene component(s), but none of them were set as the actor's RootComponent - picking one arbitrarily
[2019.02.05-21.14.58:603][535]LogEditorViewport: Clicking on Actor (LMB): BP_Sky_Sphere_C (BP_Sky_Sphere)
[2019.02.05-21.14.59:521][629]LogEditorViewport: Clicking on Actor (LMB): NewProcMesh_C (NewProcMesh)
[2019.02.05-21.15.04:556][186]LogEditorViewport: Clicking on Actor (LMB): BP_Sky_Sphere_C (BP_Sky_Sphere)
[2019.02.05-21.22.43:912][778]LogSlate: Took 0.000255 seconds to synchronously load lazily loaded font '../../../Engine/Content/Slate/Fonts/Roboto-Light.ttf' (167K)
[2019.02.05-21.22.53:585][805]LogSavePackage: Moving '../../../../../../Users/Grizz/Documents/GitHub/Honours-Project/ProcGenCity/Saved/Minimal_Default_Auto116A97CAA42C49B6FDCF266A558AA3348.tmp' to '../../../../../../Users/Grizz/Documents/GitHub/Honours-Project/ProcGenCity/Saved/Autosaves/Game/StarterContent/Maps/Minimal_Default_Auto1.umap'
[2019.02.05-21.22.53:590][805]LogFileHelpers: Editor autosave (incl. sublevels) for '/Game/StarterContent/Maps/Minimal_Default' took 0.442
[2019.02.05-21.22.53:590][805]LogFileHelpers: Editor autosave (incl. sublevels) for all levels took 0.442
[2019.02.05-21.43.42:952][725]LogSlate: FSceneViewport::OnFocusLost() reason 0
[2019.02.05-21.43.43:180][731]Candidate modules for hot reload:
[2019.02.05-21.43.43:181][731]  ProcGenCity
[2019.02.05-21.43.43:181][731]Launching UnrealBuildTool... [C:/Program Files/Epic Games/UE_4.20/Engine/Binaries/DotNET/UnrealBuildTool.exe  -ModuleWithSuffix=ProcGenCity,9492 Win64 Development -TargetType=Editor -Project="../../../../../../Users/Grizz/Documents/GitHub/Honours-Project/ProcGenCity/ProcGenCity.uproject" -canskiplink "C:/Users/Grizz/Documents/GitHub/Honours-Project/ProcGenCity/ProcGenCity.uproject" ]
[2019.02.05-21.43.43:222][731]Warning: Starting HotReload took  0.2s.
[2019.02.05-21.43.43:672][761]LogEditorViewport: Clicking on Actor (LMB): NewProcMesh_C (NewProcMesh)
[2019.02.05-21.43.44:855][871]Cmd: DELETE
[2019.02.05-21.43.44:855][871]Cmd: ACTOR DELETE
[2019.02.05-21.43.44:871][871]LogEditorActor: Deleted Actor: NewProcMesh_C
[2019.02.05-21.43.44:894][871]LogEditorActor: Deleted 1 Actors (0.038 secs)
[2019.02.05-21.44.06:640][536]CompilerResultsLog: New page: Compilation - 5 Feb 2019 21:44:06
[2019.02.05-21.44.06:640][536]CompilerResultsLog: Using 'git status' to determine working set for adaptive non-unity build.
[2019.02.05-21.44.06:640][536]CompilerResultsLog: Compiling game modules for hot reload
[2019.02.05-21.44.06:640][536]CompilerResultsLog: Parsing headers for ProcGenCityEditor
[2019.02.05-21.44.06:640][536]CompilerResultsLog:   Running UnrealHeaderTool "C:\Users\Grizz\Documents\GitHub\Honours-Project\ProcGenCity\ProcGenCity.uproject" "C:\Users\Grizz\Documents\GitHub\Honours-Project\ProcGenCity\Intermediate\Build\Win64\ProcGenCityEditor\Development\ProcGenCityEditor.uhtmanifest" -LogCmds="loginit warning, logexit warning, logdatabase error" -Unattended -WarningsAsErrors -installed
[2019.02.05-21.44.06:640][536]CompilerResultsLog: LogCompile: Error: Circular dependency detected for filename C:\Users\Grizz\Documents\GitHub\Honours-Project\ProcGenCity\Source\ProcGenCity\LotCalculator.h!
[2019.02.05-21.44.06:640][536]CompilerResultsLog: Reflection code generated for ProcGenCityEditor in 12.9875853 seconds
[2019.02.05-21.44.06:640][536]CompilerResultsLog: Building 4 actions with 8 processes...
[2019.02.05-21.44.06:640][536]CompilerResultsLog:   [1/4] NewProcMesh.gen.cpp
[2019.02.05-21.44.06:640][536]CompilerResultsLog:   [2/4] NewProcMesh.cpp
[2019.02.05-21.44.06:640][536]CompilerResultsLog:   [3/4] UE4Editor-ProcGenCity-9492.lib
[2019.02.05-21.44.06:640][536]CompilerResultsLog:      Creating library C:\Users\Grizz\Documents\GitHub\Honours-Project\ProcGenCity\Intermediate\Build\Win64\UE4Editor\Development\ProcGenCity\UE4Editor-ProcGenCity-9492.lib and object C:\Users\Grizz\Documents\GitHub\Honours-Project\ProcGenCity\Intermediate\Build\Win64\UE4Editor\Development\ProcGenCity\UE4Editor-ProcGenCity-9492.exp
[2019.02.05-21.44.06:640][536]CompilerResultsLog:   [4/4] UE4Editor-ProcGenCity-9492.dll
[2019.02.05-21.44.06:640][536]CompilerResultsLog:      Creating library C:\Users\Grizz\Documents\GitHub\Honours-Project\ProcGenCity\Intermediate\Build\Win64\UE4Editor\Development\ProcGenCity\UE4Editor-ProcGenCity-9492.suppressed.lib and object C:\Users\Grizz\Documents\GitHub\Honours-Project\ProcGenCity\Intermediate\Build\Win64\UE4Editor\Development\ProcGenCity\UE4Editor-ProcGenCity-9492.suppressed.exp
[2019.02.05-21.44.06:640][536]CompilerResultsLog: Total build time: 22.82 seconds (Parallel executor: 5.71 seconds)
[2019.02.05-21.44.06:640][536]LogMainFrame: MainFrame: Module compiling took 23.477 seconds
[2019.02.05-21.44.06:772][536]LogContentBrowser: Native class hierarchy updated for 'ProcGenCity' in 0.0010 seconds. Added 7 classes and 2 folders.
[2019.02.05-21.44.06:775][536]Display: HotReload successful (0 functions remapped  0 scriptstructs remapped)
[2019.02.05-21.44.06:904][536]LogContentBrowser: Native class hierarchy populated in 0.0110 seconds. Added 2580 classes and 607 folders.
[2019.02.05-21.44.06:904][536]Display: HotReload took 23.9s.
[2019.02.05-21.44.19:679][264]LogEditorViewport: Clicking on Actor (LMB): MyLotDesigner_C (4)
[2019.02.05-21.44.27:667][144]LogEditorViewport: Clicking on Actor (LMB): MyLotDesigner_C (3)
[2019.02.05-21.45.02:176][879]LogSavePackage: Moving '../../../../../../Users/Grizz/Documents/GitHub/Honours-Project/ProcGenCity/Saved/Minimal_Default_Auto22F7AE6E648DD037D1A11CEA9C4C75A34.tmp' to '../../../../../../Users/Grizz/Documents/GitHub/Honours-Project/ProcGenCity/Saved/Autosaves/Game/StarterContent/Maps/Minimal_Default_Auto2.umap'
[2019.02.05-21.45.02:182][879]LogFileHelpers: Editor autosave (incl. sublevels) for '/Game/StarterContent/Maps/Minimal_Default' took 0.458
[2019.02.05-21.45.02:182][879]LogFileHelpers: Editor autosave (incl. sublevels) for all levels took 0.458
[2019.02.05-21.48.38:009][701]LogSlate: FSceneViewport::OnFocusLost() reason 0
[2019.02.05-21.50.08:042][201]LogSlate: Took 0.000274 seconds to synchronously load lazily loaded font '../../../Engine/Content/Slate/Fonts/Roboto-Italic.ttf' (157K)
[2019.02.05-21.50.43:457][524]LogSlate: FSceneViewport::OnFocusLost() reason 0
[2019.02.05-21.50.43:706][531]LogActor: Warning: NewProcMesh_C /Game/StarterContent/Maps/Minimal_Default.Minimal_Default:PersistentLevel.NewProcMesh_C_12 has natively added scene component(s), but none of them were set as the actor's RootComponent - picking one arbitrarily
[2019.02.05-21.50.44:430][607]LogActor: Warning: NewProcMesh_C /Game/StarterContent/Maps/Minimal_Default.Minimal_Default:PersistentLevel.NewProcMesh_C_13 has natively added scene component(s), but none of them were set as the actor's RootComponent - picking one arbitrarily
[2019.02.05-21.51.00:308][177]LogEditorViewport: Clicking on Actor (LMB): NewProcMesh_C (NewProcMesh)
[2019.02.05-21.51.00:817][233]Cmd: DELETE
[2019.02.05-21.51.00:817][233]Cmd: ACTOR DELETE
[2019.02.05-21.51.00:825][233]LogEditorActor: Deleted Actor: NewProcMesh_C
[2019.02.05-21.51.00:847][233]LogEditorActor: Deleted 1 Actors (0.030 secs)
[2019.02.05-21.51.02:140][386]LogEditorViewport: Clicking on Actor (LMB): MyLotDesigner_C (4)
[2019.02.05-21.51.05:437][755]LogSlate: FSceneViewport::OnFocusLost() reason 0
[2019.02.05-21.51.05:584][769]LogActor: Warning: NewProcMesh_C /Game/StarterContent/Maps/Minimal_Default.Minimal_Default:PersistentLevel.NewProcMesh_C_15 has natively added scene component(s), but none of them were set as the actor's RootComponent - picking one arbitrarily
[2019.02.05-21.51.05:835][794]LogActor: Warning: NewProcMesh_C /Game/StarterContent/Maps/Minimal_Default.Minimal_Default:PersistentLevel.NewProcMesh_C_16 has natively added scene component(s), but none of them were set as the actor's RootComponent - picking one arbitrarily
[2019.02.05-21.51.17:884][198]Cmd: DELETE
[2019.02.05-21.51.17:884][198]Cmd: ACTOR DELETE
[2019.02.05-21.51.17:890][198]LogEditorActor: Deleted Actor: NewProcMesh_C
[2019.02.05-21.51.17:911][198]LogEditorActor: Deleted 1 Actors (0.027 secs)
[2019.02.05-21.51.19:849][427]LogEditorViewport: Clicking on Actor (LMB): MyLotDesigner_C (4)
[2019.02.05-21.51.24:037][899]LogSlate: FSceneViewport::OnFocusLost() reason 0
[2019.02.05-21.51.24:158][909]LogActor: Warning: NewProcMesh_C /Game/StarterContent/Maps/Minimal_Default.Minimal_Default:PersistentLevel.NewProcMesh_C_18 has natively added scene component(s), but none of them were set as the actor's RootComponent - picking one arbitrarily
[2019.02.05-21.51.24:335][926]LogActor: Warning: NewProcMesh_C /Game/StarterContent/Maps/Minimal_Default.Minimal_Default:PersistentLevel.NewProcMesh_C_19 has natively added scene component(s), but none of them were set as the actor's RootComponent - picking one arbitrarily
[2019.02.05-21.51.28:485][364]LogEditorViewport: Clicking on Actor (LMB): NewProcMesh_C (NewProcMesh)
[2019.02.05-21.51.28:996][421]Cmd: DELETE
[2019.02.05-21.51.28:996][421]Cmd: ACTOR DELETE
[2019.02.05-21.51.29:002][421]LogEditorActor: Deleted Actor: NewProcMesh_C
[2019.02.05-21.51.29:021][421]LogEditorActor: Deleted 1 Actors (0.026 secs)
[2019.02.05-21.51.30:051][543]LogEditorViewport: Clicking on Actor (LMB): MyLotDesigner_C (4)
[2019.02.05-21.51.32:223][789]LogEditorViewport: Clicking on Actor (LMB): MyLotDesigner_C (3)
[2019.02.05-21.51.34:227][ 17]LogEditorViewport: Clicking on Actor (LMB): BP_Sky_Sphere_C (BP_Sky_Sphere)
[2019.02.05-21.51.35:005][102]LogEditorViewport: Clicking on Actor (LMB): MyLotDesigner_C (3)
[2019.02.05-21.51.36:805][299]LogSlate: FSceneViewport::OnFocusLost() reason 0
[2019.02.05-21.51.36:927][309]LogActor: Warning: NewProcMesh_C /Game/StarterContent/Maps/Minimal_Default.Minimal_Default:PersistentLevel.NewProcMesh_C_21 has natively added scene component(s), but none of them were set as the actor's RootComponent - picking one arbitrarily
[2019.02.05-21.51.37:191][335]LogActor: Warning: NewProcMesh_C /Game/StarterContent/Maps/Minimal_Default.Minimal_Default:PersistentLevel.NewProcMesh_C_22 has natively added scene component(s), but none of them were set as the actor's RootComponent - picking one arbitrarily
[2019.02.05-21.51.47:066][467]LogEditorViewport: Clicking on Actor (LMB): NewProcMesh_C (NewProcMesh)
[2019.02.05-21.51.47:730][541]Cmd: DELETE
[2019.02.05-21.51.47:730][541]Cmd: ACTOR DELETE
[2019.02.05-21.51.47:738][541]LogEditorActor: Deleted Actor: NewProcMesh_C
[2019.02.05-21.51.47:759][541]LogEditorActor: Deleted 1 Actors (0.029 secs)
[2019.02.05-21.51.48:881][674]LogEditorViewport: Clicking on Actor (LMB): MyLotDesigner_C (0)
[2019.02.05-21.51.50:218][824]LogEditorViewport: Clicking on Actor (LMB): BP_Sky_Sphere_C (BP_Sky_Sphere)
[2019.02.05-21.51.50:866][894]LogEditorViewport: Clicking on Actor (LMB): MyLotDesigner_C (1)
[2019.02.05-21.51.51:852][  4]LogEditorViewport: Clicking on Actor (LMB): MyLotDesigner_C (2)
[2019.02.05-21.51.53:130][149]LogEditorViewport: Clicking on Actor (LMB): MyLotDesigner_C (4)
[2019.02.05-21.51.55:107][377]LogEditorViewport: Clicking on Actor (LMB): MyLotDesigner_C (3)
[2019.02.05-21.51.56:356][519]LogEditorViewport: Clicking on Actor (LMB): MyLotDesigner_C (4)
[2019.02.05-21.51.57:965][699]LogEditorViewport: Clicking on Actor (LMB): MyLotDesigner_C (3)
[2019.02.05-21.52.00:802][ 18]LogEditorViewport: Clicking on Actor (LMB): MyLotDesigner_C (4)
[2019.02.05-21.52.02:759][238]LogSlate: FSceneViewport::OnFocusLost() reason 0
[2019.02.05-21.52.02:897][250]LogActor: Warning: NewProcMesh_C /Game/StarterContent/Maps/Minimal_Default.Minimal_Default:PersistentLevel.NewProcMesh_C_24 has natively added scene component(s), but none of them were set as the actor's RootComponent - picking one arbitrarily
[2019.02.05-21.52.03:206][281]LogActor: Warning: NewProcMesh_C /Game/StarterContent/Maps/Minimal_Default.Minimal_Default:PersistentLevel.NewProcMesh_C_25 has natively added scene component(s), but none of them were set as the actor's RootComponent - picking one arbitrarily
[2019.02.05-21.52.05:749][550]LogEditorViewport: Clicking on Actor (LMB): BP_Sky_Sphere_C (BP_Sky_Sphere)
[2019.02.05-21.52.06:896][648]LogEditorViewport: Clicking on Actor (LMB): NewProcMesh_C (NewProcMesh)
[2019.02.05-21.52.07:926][760]Cmd: DELETE
[2019.02.05-21.52.07:926][760]Cmd: ACTOR DELETE
[2019.02.05-21.52.07:932][760]LogEditorActor: Deleted Actor: NewProcMesh_C
[2019.02.05-21.52.07:954][760]LogEditorActor: Deleted 1 Actors (0.029 secs)
[2019.02.05-21.52.16:877][502]LogEditorViewport: Clicking on Actor (LMB): MyLotDesigner_C (4)
[2019.02.05-21.52.22:648][117]LogSlate: FSceneViewport::OnFocusLost() reason 0
[2019.02.05-21.52.22:787][129]LogActor: Warning: NewProcMesh_C /Game/StarterContent/Maps/Minimal_Default.Minimal_Default:PersistentLevel.NewProcMesh_C_27 has natively added scene component(s), but none of them were set as the actor's RootComponent - picking one arbitrarily
[2019.02.05-21.52.23:141][164]LogActor: Warning: NewProcMesh_C /Game/StarterContent/Maps/Minimal_Default.Minimal_Default:PersistentLevel.NewProcMesh_C_28 has natively added scene component(s), but none of them were set as the actor's RootComponent - picking one arbitrarily
[2019.02.05-21.52.27:992][663]Cmd: DELETE
[2019.02.05-21.52.27:992][663]Cmd: ACTOR DELETE
[2019.02.05-21.52.27:998][663]LogEditorActor: Deleted Actor: NewProcMesh_C
[2019.02.05-21.52.28:022][663]LogEditorActor: Deleted 1 Actors (0.030 secs)
[2019.02.05-21.52.29:757][869]LogEditorViewport: Clicking on Actor (LMB): MyLotDesigner_C (4)
[2019.02.05-21.52.33:222][224]LogEditorViewport: Clicking on Actor (LMB): MyLotDesigner_C (5)
[2019.02.05-21.52.35:042][412]LogSlate: FSceneViewport::OnFocusLost() reason 0
[2019.02.05-21.52.35:178][422]LogActor: Warning: NewProcMesh_C /Game/StarterContent/Maps/Minimal_Default.Minimal_Default:PersistentLevel.NewProcMesh_C_30 has natively added scene component(s), but none of them were set as the actor's RootComponent - picking one arbitrarily
[2019.02.05-21.52.35:458][447]LogActor: Warning: NewProcMesh_C /Game/StarterContent/Maps/Minimal_Default.Minimal_Default:PersistentLevel.NewProcMesh_C_31 has natively added scene component(s), but none of them were set as the actor's RootComponent - picking one arbitrarily
[2019.02.05-21.52.38:741][772]LogEditorViewport: Clicking on Actor (LMB): BP_Sky_Sphere_C (BP_Sky_Sphere)
[2019.02.05-21.52.41:075][987]LogEditorViewport: Clicking on Actor (LMB): BP_Sky_Sphere_C (BP_Sky_Sphere)
[2019.02.05-21.52.42:900][160]LogEditorViewport: Clicking on Actor (LMB): NewProcMesh_C (NewProcMesh)
[2019.02.05-21.52.44:118][274]Cmd: DELETE
[2019.02.05-21.52.44:118][274]Cmd: ACTOR DELETE
[2019.02.05-21.52.44:127][274]LogEditorActor: Deleted Actor: NewProcMesh_C
[2019.02.05-21.52.44:150][274]LogEditorActor: Deleted 1 Actors (0.032 secs)
[2019.02.05-21.55.03:161][388]LogSavePackage: Moving '../../../../../../Users/Grizz/Documents/GitHub/Honours-Project/ProcGenCity/Saved/Minimal_Default_Auto3A0882EF847E5E35E70844E8F50FED5E2.tmp' to '../../../../../../Users/Grizz/Documents/GitHub/Honours-Project/ProcGenCity/Saved/Autosaves/Game/StarterContent/Maps/Minimal_Default_Auto3.umap'
[2019.02.05-21.55.03:170][388]LogFileHelpers: Editor autosave (incl. sublevels) for '/Game/StarterContent/Maps/Minimal_Default' took 0.465
[2019.02.05-21.55.03:170][388]LogFileHelpers: Editor autosave (incl. sublevels) for all levels took 0.465
[2019.02.05-21.56.08:757][890]LogEditorViewport: Clicking on Actor (LMB): BP_Sky_Sphere_C (BP_Sky_Sphere)
[2019.02.05-21.56.09:359][948]LogEditorViewport: Clicking on Actor (LMB): MyLotDesigner_C (3)
[2019.02.05-21.56.10:251][ 44]Cmd: EDIT COPY
[2019.02.05-21.56.10:794][ 93]Cmd: EDIT PASTE
[2019.02.05-21.56.24:477][605]LogSlate: FSceneViewport::OnFocusLost() reason 0
[2019.02.05-21.56.34:471][437]LogSlate: FSceneViewport::OnFocusLost() reason 0
[2019.02.05-21.56.34:599][437]LogActor: Warning: NewProcMesh_C /Game/StarterContent/Maps/Minimal_Default.Minimal_Default:PersistentLevel.NewProcMesh_C_33 has natively added scene component(s), but none of them were set as the actor's RootComponent - picking one arbitrarily
[2019.02.05-21.56.34:608][437]LogActor: Warning: NewProcMesh_C /Game/StarterContent/Maps/Minimal_Default.Minimal_Default:PersistentLevel.NewProcMesh_C_34 has natively added scene component(s), but none of them were set as the actor's RootComponent - picking one arbitrarily
[2019.02.05-21.56.34:970][473]LogActor: Warning: NewProcMesh_C /Game/StarterContent/Maps/Minimal_Default.Minimal_Default:PersistentLevel.NewProcMesh_C_36 has natively added scene component(s), but none of them were set as the actor's RootComponent - picking one arbitrarily
[2019.02.05-21.56.39:515][893]Cmd: DELETE
[2019.02.05-21.56.39:515][893]Cmd: ACTOR DELETE
[2019.02.05-21.56.39:524][893]LogEditorActor: Deleted Actor: NewProcMesh_C
[2019.02.05-21.56.39:549][893]LogEditorActor: Deleted 1 Actors (0.033 secs)
[2019.02.05-21.56.40:856][ 34]LogEditorViewport: Clicking on Actor (LMB): MyLotDesigner_C (6)
[2019.02.05-21.56.42:355][188]LogEditorViewport: Clicking on Actor (LMB): MyLotDesigner_C (4)
[2019.02.05-21.56.44:009][360]LogEditorViewport: Clicking on Actor (LMB): MyLotDesigner_C (5)
[2019.02.05-21.56.44:753][430]LogEditorViewport: Clicking on Actor (LMB): MyLotDesigner_C (6)
[2019.02.05-21.56.46:005][559]Cmd: DELETE
[2019.02.05-21.56.46:005][559]Cmd: ACTOR DELETE
[2019.02.05-21.56.46:014][559]LogEditorActor: Deleted Actor: MyLotDesigner_C
[2019.02.05-21.56.46:034][559]LogEditorActor: Deleted 1 Actors (0.029 secs)
[2019.02.05-21.56.46:661][626]LogEditorViewport: Clicking on Actor (LMB): MyLotDesigner_C (5)
[2019.02.05-21.56.53:935][968]LogEditorViewport: Clicking on Actor (LMB): BP_Sky_Sphere_C (BP_Sky_Sphere)
[2019.02.05-21.56.54:780][ 37]LogEditorViewport: Clicking on Actor (LMB): MyLotDesigner_C (5)
[2019.02.05-21.56.55:586][117]Cmd: EDIT COPY
[2019.02.05-21.56.55:785][134]Cmd: EDIT PASTE
[2019.02.05-21.56.57:692][327]LogEditorViewport: Clicking on Actor (LMB): MyLotDesigner_C (5)
[2019.02.05-21.57.00:743][630]LogSlate: FSceneViewport::OnFocusLost() reason 0
[2019.02.05-21.57.00:911][646]LogActor: Warning: NewProcMesh_C /Game/StarterContent/Maps/Minimal_Default.Minimal_Default:PersistentLevel.NewProcMesh_C_38 has natively added scene component(s), but none of them were set as the actor's RootComponent - picking one arbitrarily
[2019.02.05-21.57.01:237][678]LogActor: Warning: NewProcMesh_C /Game/StarterContent/Maps/Minimal_Default.Minimal_Default:PersistentLevel.NewProcMesh_C_39 has natively added scene component(s), but none of them were set as the actor's RootComponent - picking one arbitrarily
[2019.02.05-21.57.07:962][348]Cmd: DELETE
[2019.02.05-21.57.07:962][348]Cmd: ACTOR DELETE
[2019.02.05-21.57.07:969][348]LogEditorActor: Deleted Actor: NewProcMesh_C
[2019.02.05-21.57.07:994][348]LogEditorActor: Deleted 1 Actors (0.031 secs)
[2019.02.05-21.57.09:027][471]LogEditorViewport: Clicking on Actor (LMB): MyLotDesigner_C (5)
[2019.02.05-21.57.11:574][751]LogSlate: FSceneViewport::OnFocusLost() reason 0
[2019.02.05-21.57.11:700][762]LogActor: Warning: NewProcMesh_C /Game/StarterContent/Maps/Minimal_Default.Minimal_Default:PersistentLevel.NewProcMesh_C_41 has natively added scene component(s), but none of them were set as the actor's RootComponent - picking one arbitrarily
[2019.02.05-21.57.11:908][781]LogActor: Warning: NewProcMesh_C /Game/StarterContent/Maps/Minimal_Default.Minimal_Default:PersistentLevel.NewProcMesh_C_42 has natively added scene component(s), but none of them were set as the actor's RootComponent - picking one arbitrarily
[2019.02.05-22.01.43:470][139]LogEditorViewport: Clicking on Actor (LMB): NewProcMesh_C (NewProcMesh)
[2019.02.05-22.01.44:222][221]Cmd: DELETE
[2019.02.05-22.01.44:222][221]Cmd: ACTOR DELETE
[2019.02.05-22.01.44:229][221]LogEditorActor: Deleted Actor: NewProcMesh_C
[2019.02.05-22.01.44:253][221]LogEditorActor: Deleted 1 Actors (0.031 secs)
[2019.02.05-22.01.46:045][428]LogSlate: FSceneViewport::OnFocusLost() reason 2
[2019.02.05-22.01.47:103][543]LogSlate: FSceneViewport::OnFocusLost() reason 2
[2019.02.05-22.01.47:676][543]LogSavePackage: Moving '../../../../../../Users/Grizz/Documents/GitHub/Honours-Project/ProcGenCity/Saved/Minimal_Default4237090D46505062D06D7E9699DCAE71.tmp' to '../../../../../../Users/Grizz/Documents/GitHub/Honours-Project/ProcGenCity/Content/StarterContent/Maps/Minimal_Default.umap'
[2019.02.05-22.01.47:720][543]LogFileHelpers: Saving map 'Minimal_Default' took 0.603
[2019.02.05-22.01.48:899][682]LogSlate: FSceneViewport::OnFocusLost() reason 0
[2019.02.05-22.01.49:163][690]LogSlate: Window 'ProcGenCity - Unreal Editor' being destroyed
[2019.02.05-22.01.49:637][691]Cmd: QUIT_EDITOR
[2019.02.05-22.01.49:995][691]LogWindowsTextInputMethodSystem: Display: IME system now deactivated.
[2019.02.05-22.01.50:093][691]LogExit: Preparing to exit.
[2019.02.05-22.01.51:412][691]LogExit: Editor shut down
[2019.02.05-22.01.51:413][691]LogExit: Transaction tracking system shut down
[2019.02.05-22.01.53:300][691]LogExit: Object subsystem successfully closed.
[2019.02.05-22.01.53:359][691]LogShaderCompilers: Display: Shaders left to compile 0
[2019.02.05-22.01.53:480][691]LogD3D11RHI: Shutdown
[2019.02.05-22.01.53:480][691]LogD3D11RHI: CleanupD3DDevice
[2019.02.05-22.01.53:572][691]LogD3D11RHI: ~FD3D11DynamicRHI
[2019.02.05-22.01.54:985][691]LogModuleManager: Shutting down and abandoning module ProcGenCity (613)
[2019.02.05-22.01.54:985][691]LogModuleManager: Shutting down and abandoning module HierarchicalLODOutliner (612)
[2019.02.05-22.01.54:985][691]LogModuleManager: Shutting down and abandoning module SceneOutliner (610)
[2019.02.05-22.01.54:985][691]LogModuleManager: Shutting down and abandoning module AddContentDialog (608)
[2019.02.05-22.01.55:003][691]LogModuleManager: Shutting down and abandoning module WidgetCarousel (607)
[2019.02.05-22.01.55:003][691]LogModuleManager: Shutting down and abandoning module EditorWidgets (604)
[2019.02.05-22.01.55:003][691]LogModuleManager: Shutting down and abandoning module CollectionManager (602)
[2019.02.05-22.01.55:021][691]LogModuleManager: Shutting down and abandoning module StatsViewer (600)
[2019.02.05-22.01.55:024][691]LogModuleManager: Shutting down and abandoning module FoliageEdit (598)
[2019.02.05-22.01.55:030][691]LogModuleManager: Shutting down and abandoning module LandscapeEditor (596)
[2019.02.05-22.01.55:051][691]LogModuleManager: Shutting down and abandoning module MeshPaintMode (594)
[2019.02.05-22.01.55:056][691]LogModuleManager: Shutting down and abandoning module SceneDepthPickerMode (592)
[2019.02.05-22.01.55:056][691]LogModuleManager: Shutting down and abandoning module ActorPickerMode (590)
[2019.02.05-22.01.55:056][691]LogModuleManager: Shutting down and abandoning module GeometryMode (588)
[2019.02.05-22.01.55:056][691]LogModuleManager: Shutting down and abandoning module TextureAlignMode (586)
[2019.02.05-22.01.55:056][691]LogModuleManager: Shutting down and abandoning module BspMode (584)
[2019.02.05-22.01.55:057][691]LogModuleManager: Shutting down and abandoning module PIEPreviewDeviceProfileSelector (582)
[2019.02.05-22.01.55:060][691]LogModuleManager: Shutting down and abandoning module SequenceRecorderSections (580)
[2019.02.05-22.01.55:070][691]LogModuleManager: Shutting down and abandoning module AutomationWorker (578)
[2019.02.05-22.01.55:070][691]LogModuleManager: Shutting down and abandoning module AudioCaptureEditor (576)
[2019.02.05-22.01.55:070][691]LogModuleManager: Shutting down and abandoning module SequenceRecorder (575)
[2019.02.05-22.01.55:072][691]LogModuleManager: Shutting down and abandoning module MatineeToLevelSequence (572)
[2019.02.05-22.01.55:077][691]LogModuleManager: Shutting down and abandoning module LevelSequenceEditor (570)
[2019.02.05-22.01.55:086][691]LogModuleManager: Shutting down and abandoning module PlacementMode (569)
[2019.02.05-22.01.55:086][691]LogModuleManager: Shutting down and abandoning module MaterialEditor (568)
[2019.02.05-22.01.55:108][691]LogModuleManager: Shutting down and abandoning module WmfMediaFactory (564)
[2019.02.05-22.01.55:108][691]LogModuleManager: Shutting down and abandoning module WmfMediaEditor (562)
[2019.02.05-22.01.55:108][691]LogModuleManager: Shutting down and abandoning module MediaPlayerEditor (560)
[2019.02.05-22.01.55:120][691]LogModuleManager: Shutting down and abandoning module OpenExrWrapper (558)
[2019.02.05-22.01.55:120][691]LogModuleManager: Shutting down and abandoning module ImgMediaFactory (556)
[2019.02.05-22.01.55:120][691]LogModuleManager: Shutting down and abandoning module ImgMediaEditor (554)
[2019.02.05-22.01.55:120][691]LogModuleManager: Shutting down and abandoning module AvfMediaFactory (552)
[2019.02.05-22.01.55:120][691]LogModuleManager: Shutting down and abandoning module AvfMediaEditor (550)
[2019.02.05-22.01.55:120][691]LogModuleManager: Shutting down and abandoning module AndroidMediaFactory (548)
[2019.02.05-22.01.55:120][691]LogModuleManager: Shutting down and abandoning module AndroidMediaEditor (546)
[2019.02.05-22.01.55:120][691]LogModuleManager: Shutting down and abandoning module MagicLeapCameraPreviewFactory (544)
[2019.02.05-22.01.55:120][691]LogModuleManager: Shutting down and abandoning module MagicLeapMediaFactory (542)
[2019.02.05-22.01.55:120][691]LogModuleManager: Shutting down and abandoning module MagicLeapMediaEditor (540)
[2019.02.05-22.01.55:120][691]LogModuleManager: Shutting down and abandoning module CharacterAI (538)
[2019.02.05-22.01.55:120][691]LogModuleManager: Shutting down and abandoning module SmartSnapping (536)
[2019.02.05-22.01.55:120][691]LogModuleManager: Shutting down and abandoning module SessionServices (534)
[2019.02.05-22.01.55:120][691]LogModuleManager: Shutting down and abandoning module ViewportSnapping (532)
[2019.02.05-22.01.55:120][691]LogModuleManager: Shutting down and abandoning module ViewportInteraction (530)
[2019.02.05-22.01.55:120][691]LogModuleManager: Shutting down and abandoning module ClothPainter (528)
[2019.02.05-22.01.55:149][691]LogModuleManager: Shutting down and abandoning module SkeletalMeshEditor (527)
[2019.02.05-22.01.55:166][691]LogModuleManager: Shutting down and abandoning module LogVisualizer (524)
[2019.02.05-22.01.55:183][691]LogModuleManager: Shutting down and abandoning module IntroTutorials (522)
[2019.02.05-22.01.55:203][691]LogModuleManager: Shutting down and abandoning module GameProjectGeneration (521)
[2019.02.05-22.01.55:210][691]LogModuleManager: Shutting down and abandoning module LuminPlatformEditor (518)
[2019.02.05-22.01.55:210][691]LogModuleManager: Shutting down and abandoning module IOSPlatformEditor (516)
[2019.02.05-22.01.55:214][691]LogModuleManager: Shutting down and abandoning module HTML5PlatformEditor (514)
[2019.02.05-22.01.55:214][691]LogModuleManager: Shutting down and abandoning module AndroidPlatformEditor (512)
[2019.02.05-22.01.55:214][691]LogModuleManager: Shutting down and abandoning module AndroidDeviceDetection (511)
[2019.02.05-22.01.55:550][691]LogModuleManager: Shutting down and abandoning module WindowsPlatformEditor (508)
[2019.02.05-22.01.55:551][691]LogModuleManager: Shutting down and abandoning module LuminRuntimeSettings (506)
[2019.02.05-22.01.55:551][691]LogModuleManager: Shutting down and abandoning module IOSRuntimeSettings (504)
[2019.02.05-22.01.55:551][691]LogModuleManager: Shutting down and abandoning module AndroidRuntimeSettings (502)
[2019.02.05-22.01.55:551][691]LogModuleManager: Shutting down and abandoning module InputBindingEditor (500)
[2019.02.05-22.01.55:564][691]LogModuleManager: Shutting down and abandoning module MergeActors (498)
[2019.02.05-22.01.55:573][691]LogModuleManager: Shutting down and abandoning module LocalizationDashboard (496)
[2019.02.05-22.01.55:582][691]LogModuleManager: Shutting down and abandoning module LocalizationService (495)
[2019.02.05-22.01.55:588][691]LogModuleManager: Shutting down and abandoning module HardwareTargeting (492)
[2019.02.05-22.01.55:588][691]LogModuleManager: Shutting down and abandoning module DeviceProfileEditor (490)
[2019.02.05-22.01.55:588][691]LogModuleManager: Shutting down and abandoning module UndoHistory (488)
[2019.02.05-22.01.55:590][691]LogModuleManager: Shutting down and abandoning module XmlParser (486)
[2019.02.05-22.01.55:590][691]LogModuleManager: Shutting down and abandoning module Blutility (484)
[2019.02.05-22.01.55:598][691]LogModuleManager: Shutting down and abandoning module ProjectSettingsViewer (482)
[2019.02.05-22.01.55:598][691]LogModuleManager: Shutting down and abandoning module ProjectTargetPlatformEditor (481)
[2019.02.05-22.01.55:598][691]LogModuleManager: Shutting down and abandoning module EditorSettingsViewer (478)
[2019.02.05-22.01.55:598][691]LogModuleManager: Shutting down and abandoning module SettingsEditor (476)
[2019.02.05-22.01.55:624][691]LogModuleManager: Shutting down and abandoning module ProjectLauncher (474)
[2019.02.05-22.01.55:635][691]LogModuleManager: Shutting down and abandoning module SessionFrontend (472)
[2019.02.05-22.01.55:641][691]LogModuleManager: Shutting down and abandoning module ProfilerClient (470)
[2019.02.05-22.01.55:650][691]LogModuleManager: Shutting down and abandoning module DeviceManager (468)
[2019.02.05-22.01.55:660][691]LogModuleManager: Shutting down and abandoning module TargetDeviceServices (467)
[2019.02.05-22.01.55:726][691]LogModuleManager: Shutting down and abandoning module AutomationController (464)
[2019.02.05-22.01.55:744][691]LogModuleManager: Shutting down and abandoning module AutomationWindow (462)
[2019.02.05-22.01.55:758][691]LogModuleManager: Shutting down and abandoning module Layers (460)
[2019.02.05-22.01.55:774][691]LogModuleManager: Shutting down and abandoning module ComponentVisualizers (458)
[2019.02.05-22.01.55:774][691]LogModuleManager: Shutting down and abandoning module DetailCustomizations (456)
[2019.02.05-22.01.55:837][691]LogModuleManager: Shutting down and abandoning module PackagesDialog (454)
[2019.02.05-22.01.55:837][691]LogModuleManager: Shutting down and abandoning module Persona (452)
[2019.02.05-22.01.55:913][691]LogModuleManager: Shutting down and abandoning module AdvancedPreviewScene (451)
[2019.02.05-22.01.55:913][691]LogModuleManager: Shutting down and abandoning module AnimGraph (449)
[2019.02.05-22.01.55:923][691]LogModuleManager: Shutting down and abandoning module Kismet (446)
[2019.02.05-22.01.55:935][691]LogModuleManager: Shutting down and abandoning module GraphEditor (444)
[2019.02.05-22.01.55:958][691]LogModuleManager: Shutting down and abandoning module ClassViewer (442)
[2019.02.05-22.01.55:958][691]LogModuleManager: Shutting down and abandoning module Toolbox (440)
[2019.02.05-22.01.55:958][691]LogModuleManager: Shutting down and abandoning module DesktopPlatform (439)
[2019.02.05-22.01.55:958][691]LogModuleManager: Shutting down and abandoning module ModuleUI (436)
[2019.02.05-22.01.55:965][691]LogModuleManager: Shutting down and abandoning module MovieSceneTools (434)
[2019.02.05-22.01.55:973][691]LogModuleManager: Shutting down and abandoning module OutputLog (432)
[2019.02.05-22.01.55:973][691]LogModuleManager: Shutting down and abandoning module GammaUI (430)
[2019.02.05-22.01.55:982][691]LogModuleManager: Shutting down and abandoning module Documentation (428)
[2019.02.05-22.01.55:983][691]LogModuleManager: Shutting down and abandoning module MovieSceneTracks (426)
[2019.02.05-22.01.55:983][691]LogModuleManager: Shutting down and abandoning module MovieScene (424)
[2019.02.05-22.01.55:986][691]LogModuleManager: Shutting down and abandoning module StreamingPauseRendering (422)
[2019.02.05-22.01.55:994][691]LogModuleManager: Shutting down and abandoning module LauncherPlatform (420)
[2019.02.05-22.01.55:994][691]LogModuleManager: Shutting down and abandoning module AnalyticsET (418)
[2019.02.05-22.01.55:994][691]LogModuleManager: Shutting down and abandoning module PortalServices (416)
[2019.02.05-22.01.55:994][691]LogModuleManager: Shutting down and abandoning module PortalRpc (414)
[2019.02.05-22.01.55:994][691]LogModuleManager: Shutting down and abandoning module MessagingRpc (412)
[2019.02.05-22.01.55:994][691]LogModuleManager: Shutting down and abandoning module AIModule (410)
[2019.02.05-22.01.56:019][691]LogModuleManager: Shutting down and abandoning module GameplayDebugger (409)
[2019.02.05-22.01.56:027][691]LogModuleManager: Shutting down and abandoning module AITestSuite (407)
[2019.02.05-22.01.56:036][691]LogModuleManager: Shutting down and abandoning module NavigationSystem (405)
[2019.02.05-22.01.56:036][691]LogModuleManager: Shutting down and abandoning module ProfilerService (402)
[2019.02.05-22.01.56:203][691]LogModuleManager: Shutting down and abandoning module TaskGraph (400)
[2019.02.05-22.01.56:217][691]LogModuleManager: Shutting down and abandoning module SteamVRController (398)
[2019.02.05-22.01.56:217][691]LogModuleManager: Shutting down and abandoning module ProceduralMeshComponentEditor (396)
[2019.02.05-22.01.56:217][691]LogModuleManager: Shutting down and abandoning module ProceduralMeshComponent (394)
[2019.02.05-22.01.56:217][691]LogModuleManager: Shutting down and abandoning module OculusInput (392)
[2019.02.05-22.01.56:217][691]LogModuleManager: Shutting down and abandoning module MobilePatchingUtils (390)
[2019.02.05-22.01.56:217][691]LogModuleManager: Shutting down and abandoning module EditableMesh (388)
[2019.02.05-22.01.56:227][691]LogModuleManager: Shutting down and abandoning module CustomMeshComponent (386)
[2019.02.05-22.01.56:227][691]LogModuleManager: Shutting down and abandoning module CableComponent (384)
[2019.02.05-22.01.56:227][691]LogModuleManager: Shutting down and abandoning module AudioCapture (382)
[2019.02.05-22.01.56:227][691]LogModuleManager: Shutting down and abandoning module ArchVisCharacter (380)
[2019.02.05-22.01.56:227][691]LogModuleManager: Shutting down and abandoning module AndroidPermission (378)
[2019.02.05-22.01.56:227][691]LogModuleManager: Shutting down and abandoning module NUTUnrealEngine4 (376)
[2019.02.05-22.01.56:227][691]LogModuleManager: Shutting down and abandoning module NetcodeUnitTest (374)
[2019.02.05-22.01.56:248][691]LogModuleManager: Shutting down and abandoning module MediaCompositingEditor (372)
[2019.02.05-22.01.56:248][691]LogModuleManager: Shutting down and abandoning module MediaCompositing (370)
[2019.02.05-22.01.56:248][691]LogModuleManager: Shutting down and abandoning module LinearTimecode (368)
[2019.02.05-22.01.56:248][691]LogModuleManager: Shutting down and abandoning module ImgMedia (366)
[2019.02.05-22.01.56:257][691]LogModuleManager: Shutting down and abandoning module HTML5Networking (364)
[2019.02.05-22.01.56:257][691]LogModuleManager: Shutting down and abandoning module GeometryCacheTracks (362)
[2019.02.05-22.01.56:257][691]LogModuleManager: Shutting down and abandoning module GeometryCacheSequencer (360)
[2019.02.05-22.01.56:257][691]LogModuleManager: Shutting down and abandoning module BackChannel (358)
[2019.02.05-22.01.56:260][691]LogModuleManager: Shutting down and abandoning module AppleVision (356)
[2019.02.05-22.01.56:260][691]LogModuleManager: Shutting down and abandoning module AppleImageUtils (354)
[2019.02.05-22.01.56:260][691]LogModuleManager: Shutting down and abandoning module AlembicImporter (352)
[2019.02.05-22.01.56:260][691]LogModuleManager: Shutting down and abandoning module AlembicLibrary (351)
[2019.02.05-22.01.56:260][691]LogModuleManager: Shutting down and abandoning module GeometryCache (350)
[2019.02.05-22.01.56:260][691]LogModuleManager: Shutting down and abandoning module GeometryCacheEd (349)
[2019.02.05-22.01.56:260][691]LogModuleManager: Shutting down and abandoning module DatasmithContentEditor (344)
[2019.02.05-22.01.56:273][691]LogModuleManager: Shutting down and abandoning module DatasmithContent (342)
[2019.02.05-22.01.56:274][691]LogModuleManager: Shutting down and abandoning module SpeedTreeImporter (340)
[2019.02.05-22.01.56:274][691]LogModuleManager: Shutting down and abandoning module PluginBrowser (338)
[2019.02.05-22.01.56:321][691]LogModuleManager: Shutting down and abandoning module MobileLauncherProfileWizard (336)
[2019.02.05-22.01.56:326][691]LogModuleManager: Shutting down and abandoning module PolygonModeling (334)
[2019.02.05-22.01.56:326][691]LogModuleManager: Shutting down and abandoning module MeshEditor (332)
[2019.02.05-22.01.56:333][691]LogModuleManager: Shutting down and abandoning module CryptoKeysOpenSSL (330)
[2019.02.05-22.01.56:371][691]LogModuleManager: Shutting down and abandoning module CryptoKeys (328)
[2019.02.05-22.01.56:372][691]LogModuleManager: Shutting down and abandoning module VisualStudioSourceCodeAccess (326)
[2019.02.05-22.01.56:372][691]LogModuleManager: Shutting down and abandoning module VisualStudioCodeSourceCodeAccess (324)
[2019.02.05-22.01.56:372][691]LogModuleManager: Shutting down and abandoning module UObjectPlugin (322)
[2019.02.05-22.01.56:372][691]LogModuleManager: Shutting down and abandoning module SubversionSourceControl (320)
[2019.02.05-22.01.56:381][691]LogModuleManager: Shutting down and abandoning module PerforceSourceControl (318)
[2019.02.05-22.01.56:388][691]LogModuleManager: Shutting down and abandoning module GitSourceControl (316)
[2019.02.05-22.01.56:405][691]LogModuleManager: Shutting down and abandoning module SourceControl (315)
[2019.02.05-22.01.56:410][691]LogModuleManager: Shutting down and abandoning module CLionSourceCodeAccess (312)
[2019.02.05-22.01.56:410][691]LogModuleManager: Shutting down and abandoning module LightPropagationVolumeEditor (310)
[2019.02.05-22.01.56:410][691]LogModuleManager: Shutting down and abandoning module PaperTiledImporter (308)
[2019.02.05-22.01.56:410][691]LogModuleManager: Shutting down and abandoning module PaperSpriteSheetImporter (306)
[2019.02.05-22.01.56:410][691]LogModuleManager: Shutting down and abandoning module Paper2DEditor (304)
[2019.02.05-22.01.56:425][691]LogModuleManager: Shutting down and abandoning module MeshPaint (303)
[2019.02.05-22.01.56:435][691]LogModuleManager: Shutting down and abandoning module RuntimePhysXCooking (298)
[2019.02.05-22.01.56:435][691]LogModuleManager: Shutting down and abandoning module PhysXVehiclesEditor (296)
[2019.02.05-22.01.56:435][691]LogModuleManager: Shutting down and abandoning module PhysXVehicles (294)
[2019.02.05-22.01.56:435][691]LogModuleManager: Shutting down and abandoning module OculusEditor (292)
[2019.02.05-22.01.56:439][691]LogModuleManager: Shutting down and abandoning module LocationServicesBPLibrary (290)
[2019.02.05-22.01.56:439][691]LogModuleManager: Shutting down and abandoning module ImmediatePhysicsEditor (288)
[2019.02.05-22.01.56:439][691]LogModuleManager: Shutting down and abandoning module ImmediatePhysics (286)
[2019.02.05-22.01.56:443][691]LogModuleManager: Shutting down and abandoning module ActorSequence (284)
[2019.02.05-22.01.56:443][691]LogModuleManager: Shutting down and abandoning module UdpMessaging (282)
[2019.02.05-22.01.56:544][691]LogModuleManager: Shutting down and abandoning module TcpMessaging (280)
[2019.02.05-22.01.56:651][691]LogModuleManager: Shutting down and abandoning module MagicLeapAudio (278)
[2019.02.05-22.01.56:651][691]LogModuleManager: Shutting down and abandoning module GameplayTagsEditor (276)
[2019.02.05-22.01.56:669][691]LogModuleManager: Shutting down and abandoning module FacialAnimationEditor (274)
[2019.02.05-22.01.56:669][691]LogModuleManager: Shutting down and abandoning module FacialAnimation (272)
[2019.02.05-22.01.56:669][691]LogModuleManager: Shutting down and abandoning module DataValidation (270)
[2019.02.05-22.01.56:669][691]LogModuleManager: Shutting down and abandoning module AssetManagerEditor (268)
[2019.02.05-22.01.56:678][691]LogModuleManager: Shutting down and abandoning module LevelEditor (267)
[2019.02.05-22.01.56:696][691]LogModuleManager: Shutting down and abandoning module PixelInspectorModule (266)
[2019.02.05-22.01.56:705][691]LogModuleManager: Shutting down and abandoning module CommonMenuExtensions (264)
[2019.02.05-22.01.56:705][691]LogModuleManager: Shutting down and abandoning module MainFrame (262)
[2019.02.05-22.01.56:714][691]LogModuleManager: Shutting down and abandoning module HotReload (261)
[2019.02.05-22.01.56:715][691]LogModuleManager: Shutting down and abandoning module ContentBrowser (257)
[2019.02.05-22.01.56:716][691]LogModuleManager: Shutting down and abandoning module TreeMap (255)
[2019.02.05-22.01.56:724][691]LogModuleManager: Shutting down and abandoning module LightPropagationVolumeRuntime (252)
[2019.02.05-22.01.56:724][691]LogModuleManager: Shutting down and abandoning module AISupportModule (250)
[2019.02.05-22.01.56:724][691]LogModuleManager: Shutting down and abandoning module Paper2D (248)
[2019.02.05-22.01.56:731][691]LogModuleManager: Shutting down and abandoning module WindowsMoviePlayer (246)
[2019.02.05-22.01.56:740][691]LogModuleManager: Shutting down and abandoning module WmfMedia (244)
[2019.02.05-22.01.56:748][691]LogModuleManager: Shutting down and abandoning module Media (243)
[2019.02.05-22.01.56:754][691]LogModuleManager: Shutting down and abandoning module PacketHandler (240)
[2019.02.05-22.01.56:754][691]LogModuleManager: Shutting down and abandoning module ClothingSystemEditor (238)
[2019.02.05-22.01.56:754][691]LogModuleManager: Shutting down and abandoning module ClothingSystemRuntime (236)
[2019.02.05-22.01.56:771][691]LogModuleManager: Shutting down and abandoning module MediaAssets (234)
[2019.02.05-22.01.56:771][691]LogModuleManager: Shutting down and abandoning module Overlay (232)
[2019.02.05-22.01.56:771][691]LogModuleManager: Shutting down and abandoning module OverlayEditor (231)
[2019.02.05-22.01.56:771][691]LogModuleManager: Shutting down and abandoning module VREditor (228)
[2019.02.05-22.01.56:789][691]LogModuleManager: Shutting down and abandoning module StringTableEditor (226)
[2019.02.05-22.01.56:799][691]LogModuleManager: Shutting down and abandoning module GameplayTasksEditor (224)
[2019.02.05-22.01.56:799][691]LogModuleManager: Shutting down and abandoning module BehaviorTreeEditor (222)
[2019.02.05-22.01.56:824][691]LogModuleManager: Shutting down and abandoning module FunctionalTesting (220)
[2019.02.05-22.01.56:833][691]LogModuleManager: Shutting down and abandoning module CollisionAnalyzer (218)
[2019.02.05-22.01.56:847][691]LogModuleManager: Shutting down and abandoning module WorkspaceMenuStructure (217)
[2019.02.05-22.01.56:847][691]LogModuleManager: Shutting down and abandoning module UMG (214)
[2019.02.05-22.01.56:851][691]LogModuleManager: Shutting down and abandoning module UMGEditor (213)
[2019.02.05-22.01.56:872][691]LogModuleManager: Shutting down and abandoning module Sequencer (212)
[2019.02.05-22.01.56:891][691]LogModuleManager: Shutting down and abandoning module MessageLog (209)
[2019.02.05-22.01.56:891][691]LogModuleManager: Shutting down and abandoning module SlateReflector (204)
[2019.02.05-22.01.56:902][691]LogModuleManager: Shutting down and abandoning module Slate (202)
[2019.02.05-22.01.56:902][691]LogModuleManager: Shutting down and abandoning module EditorStyle (200)
[2019.02.05-22.01.56:905][691]LogModuleManager: Shutting down and abandoning module MRMesh (198)
[2019.02.05-22.01.56:912][691]LogModuleManager: Shutting down and abandoning module SourceCodeAccess (196)
[2019.02.05-22.01.56:912][691]LogModuleManager: Shutting down and abandoning module HeadMountedDisplay (194)
[2019.02.05-22.01.56:912][691]LogModuleManager: Shutting down and abandoning module XAudio2 (192)
[2019.02.05-22.01.56:912][691]LogModuleManager: Shutting down and abandoning module Networking (190)
[2019.02.05-22.01.56:912][691]LogModuleManager: Shutting down and abandoning module Core (188)
[2019.02.05-22.01.56:912][691]LogModuleManager: Shutting down and abandoning module LevelSequence (186)
[2019.02.05-22.01.56:912][691]LogModuleManager: Shutting down and abandoning module KismetCompiler (184)
[2019.02.05-22.01.56:912][691]LogModuleManager: Shutting down and abandoning module MeshUtilities (182)
[2019.02.05-22.01.56:917][691]LogModuleManager: Shutting down and abandoning module MeshMergeUtilities (181)
[2019.02.05-22.01.56:922][691]LogModuleManager: Shutting down and abandoning module MeshReductionInterface (180)
[2019.02.05-22.01.56:922][691]LogModuleManager: Shutting down and abandoning module SimplygonSwarm (179)
[2019.02.05-22.01.56:932][691]LogModuleManager: Shutting down and abandoning module ProxyLODMeshReduction (177)
[2019.02.05-22.01.56:944][691]LogModuleManager: Shutting down and abandoning module SimplygonMeshReduction (175)
[2019.02.05-22.01.56:944][691]LogModuleManager: Shutting down and abandoning module QuadricMeshReduction (173)
[2019.02.05-22.01.56:958][691]LogModuleManager: Shutting down and abandoning module MaterialBaking (169)
[2019.02.05-22.01.56:962][691]LogModuleManager: Shutting down and abandoning module DirectoryWatcher (165)
[2019.02.05-22.01.56:964][691]LogModuleManager: Shutting down and abandoning module DerivedDataCache (162)
[2019.02.05-22.01.56:995][691]LogDerivedDataCache: Shutdown
[2019.02.05-22.01.56:995][691]LogModuleManager: Shutting down and abandoning module XGEController (160)
[2019.02.05-22.01.56:995][691]LogXGEController: Cleaning working directory: C:/Users/Grizz/AppData/Local/Temp/UnrealXGEWorkingDir/
[2019.02.05-22.01.57:001][691]LogModuleManager: Shutting down and abandoning module TargetPlatform (158)
[2019.02.05-22.01.57:001][691]LogModuleManager: Shutting down and abandoning module VulkanShaderFormat (157)
[2019.02.05-22.01.57:009][691]LogModuleManager: Shutting down and abandoning module ShaderFormatVectorVM (155)
[2019.02.05-22.01.57:025][691]LogModuleManager: Shutting down and abandoning module ShaderFormatOpenGL (153)
[2019.02.05-22.01.57:041][691]LogModuleManager: Shutting down and abandoning module ShaderFormatD3D (151)
[2019.02.05-22.01.57:041][691]LogModuleManager: Shutting down and abandoning module MetalShaderFormat (149)
[2019.02.05-22.01.57:045][691]LogModuleManager: Shutting down and abandoning module TextureFormatUncompressed (147)
[2019.02.05-22.01.57:045][691]LogModuleManager: Shutting down and abandoning module TextureFormatPVR (145)
[2019.02.05-22.01.57:045][691]LogModuleManager: Shutting down and abandoning module TextureFormatDXT (143)
[2019.02.05-22.01.57:059][691]LogModuleManager: Shutting down and abandoning module TextureFormatIntelISPCTexComp (141)
[2019.02.05-22.01.57:065][691]LogModuleManager: Shutting down and abandoning module TextureFormatASTC (139)
[2019.02.05-22.01.57:065][691]LogModuleManager: Shutting down and abandoning module ImageWrapper (138)
[2019.02.05-22.01.57:065][691]LogModuleManager: Shutting down and abandoning module TextureFormatAndroid (135)
[2019.02.05-22.01.57:065][691]LogModuleManager: Shutting down and abandoning module AudioFormatOpus (133)
[2019.02.05-22.01.57:065][691]LogModuleManager: Shutting down and abandoning module AudioFormatOgg (131)
[2019.02.05-22.01.57:065][691]LogModuleManager: Shutting down and abandoning module AudioFormatADPCM (129)
[2019.02.05-22.01.57:065][691]LogModuleManager: Shutting down and abandoning module LuminTargetPlatform (127)
[2019.02.05-22.01.57:065][691]LogModuleManager: Shutting down and abandoning module LinuxTargetPlatform (125)
[2019.02.05-22.01.57:065][691]LogModuleManager: Shutting down and abandoning module LinuxServerTargetPlatform (123)
[2019.02.05-22.01.57:065][691]LogModuleManager: Shutting down and abandoning module LinuxNoEditorTargetPlatform (121)
[2019.02.05-22.01.57:073][691]LogModuleManager: Shutting down and abandoning module LinuxClientTargetPlatform (119)
[2019.02.05-22.01.57:079][691]LogModuleManager: Shutting down and abandoning module TVOSTargetPlatform (117)
[2019.02.05-22.01.57:092][691]LogModuleManager: Shutting down and abandoning module Messaging (115)
[2019.02.05-22.01.57:092][691]LogModuleManager: Shutting down and abandoning module IOSTargetPlatform (113)
[2019.02.05-22.01.57:102][691]LogModuleManager: Shutting down and abandoning module HTML5TargetPlatform (111)
[2019.02.05-22.01.57:102][691]LogModuleManager: Shutting down and abandoning module AndroidTargetPlatform (109)
[2019.02.05-22.01.57:169][691]LogModuleManager: Shutting down and abandoning module WindowsTargetPlatform (107)
[2019.02.05-22.01.57:169][691]LogModuleManager: Shutting down and abandoning module WindowsServerTargetPlatform (105)
[2019.02.05-22.01.57:169][691]LogModuleManager: Shutting down and abandoning module WindowsNoEditorTargetPlatform (103)
[2019.02.05-22.01.57:169][691]LogModuleManager: Shutting down and abandoning module WindowsClientTargetPlatform (101)
[2019.02.05-22.01.57:169][691]LogModuleManager: Shutting down and abandoning module MacTargetPlatform (99)
[2019.02.05-22.01.57:170][691]LogModuleManager: Shutting down and abandoning module MacServerTargetPlatform (97)
[2019.02.05-22.01.57:170][691]LogModuleManager: Shutting down and abandoning module MacNoEditorTargetPlatform (95)
[2019.02.05-22.01.57:170][691]LogModuleManager: Shutting down and abandoning module MacClientTargetPlatform (93)
[2019.02.05-22.01.57:170][691]LogModuleManager: Shutting down and abandoning module AllDesktopTargetPlatform (91)
[2019.02.05-22.01.57:170][691]LogModuleManager: Shutting down and abandoning module InputCore (88)
[2019.02.05-22.01.57:170][691]LogModuleManager: Shutting down and abandoning module Settings (86)
[2019.02.05-22.01.57:170][691]LogModuleManager: Shutting down and abandoning module PhysXCooking (84)
[2019.02.05-22.01.57:170][691]LogModuleManager: Shutting down and abandoning module SteamVR (82)
[2019.02.05-22.01.57:170][691]LogModuleManager: Shutting down and abandoning module OculusHMD (80)
[2019.02.05-22.01.57:181][691]LogModuleManager: Shutting down and abandoning module ExampleDeviceProfileSelector (78)
[2019.02.05-22.01.57:181][691]LogModuleManager: Shutting down and abandoning module LauncherChunkInstaller (76)
[2019.02.05-22.01.57:181][691]LogModuleManager: Shutting down and abandoning module OnlineBlueprintSupport (74)
[2019.02.05-22.01.57:181][691]LogModuleManager: Shutting down and abandoning module OnlineSubsystem (70)
[2019.02.05-22.01.57:200][691]LogModuleManager: Shutting down and abandoning module XMPP (65)
[2019.02.05-22.01.57:218][691]LogModuleManager: Shutting down and abandoning module WebSockets (64)
[2019.02.05-22.01.57:262][691]LogModuleManager: Shutting down and abandoning module HTTP (61)
[2019.02.05-22.01.57:268][691]LogHttp: Display: Http module shutting down, but needs to wait on 1 outstanding Http requests:
[2019.02.05-22.01.57:268][691]LogHttp: Display: 	verb=[POST] url=[https://datarouter.ol.epicgames.com/datarouter/api/v1/public/data?SessionID=%7B92BDB16D-4E72-511A-5D6D-F582758DAE59%7D&AppID=UEEditor.Rocket.Release&AppVersion=4.20.3-4369336%2B%2B%2BUE4%2BRelease-4.20&UserID=99f1fef04ee08b5c0286e1bff4a3a914%7C376366b50c2344869c8cfe76ddc4be9a%7Cb69d4af5-f56e-4f70-9ec4-ba256a657e02&AppEnvironment=datacollector-binary&UploadType=eteventstream] status=Processing
[2019.02.05-22.01.57:287][691]LogModuleManager: Shutting down and abandoning module SSL (60)
[2019.02.05-22.01.57:293][691]LogModuleManager: Shutting down and abandoning module MagicLeapEmulator (56)
[2019.02.05-22.01.57:293][691]LogModuleManager: Shutting down and abandoning module MagicLeapPrivileges (54)
[2019.02.05-22.01.57:293][691]LogModuleManager: Shutting down and abandoning module MagicLeapIdentity (52)
[2019.02.05-22.01.57:293][691]LogModuleManager: Shutting down and abandoning module MagicLeapHelperVulkan (50)
[2019.02.05-22.01.57:293][691]LogModuleManager: Shutting down and abandoning module MagicLeapHelperOpenGL (48)
[2019.02.05-22.01.57:294][691]LogModuleManager: Shutting down and abandoning module MagicLeapSecureStorage (46)
[2019.02.05-22.01.57:294][691]LogModuleManager: Shutting down and abandoning module MagicLeapGestures (44)
[2019.02.05-22.01.57:294][691]LogModuleManager: Shutting down and abandoning module MagicLeapEyeTracker (42)
[2019.02.05-22.01.57:294][691]LogModuleManager: Shutting down and abandoning module MagicLeapController (40)
[2019.02.05-22.01.57:295][691]LogSlate: Slate User Destroyed.  User Index 0, Is Virtual User: 0
[2019.02.05-22.01.57:295][691]LogModuleManager: Shutting down and abandoning module MagicLeap (38)
[2019.02.05-22.01.57:295][691]LogModuleManager: Shutting down and abandoning module AnimationModifiers (36)
[2019.02.05-22.01.57:307][691]LogModuleManager: Shutting down and abandoning module PropertyEditor (35)
[2019.02.05-22.01.57:317][691]LogModuleManager: Shutting down and abandoning module AudioEditor (32)
[2019.02.05-22.01.57:333][691]LogModuleManager: Shutting down and abandoning module TextureCompressor (30)
[2019.02.05-22.01.57:338][691]LogModuleManager: Shutting down and abandoning module ShaderCore (28)
[2019.02.05-22.01.57:338][691]LogModuleManager: Shutting down and abandoning module Landscape (26)
[2019.02.05-22.01.57:338][691]LogModuleManager: Shutting down and abandoning module SlateRHIRenderer (24)
[2019.02.05-22.01.57:354][691]LogModuleManager: Shutting down and abandoning module OpenGLDrv (22)
[2019.02.05-22.01.57:362][691]LogModuleManager: Shutting down and abandoning module D3D11RHI (20)
[2019.02.05-22.01.57:362][691]LogModuleManager: Shutting down and abandoning module AnimGraphRuntime (18)
[2019.02.05-22.01.57:364][691]LogModuleManager: Shutting down and abandoning module Renderer (16)
[2019.02.05-22.01.57:364][691]LogModuleManager: Shutting down and abandoning module Engine (14)
[2019.02.05-22.01.57:364][691]LogModuleManager: Shutting down and abandoning module CoreUObject (12)
[2019.02.05-22.01.57:364][691]LogModuleManager: Shutting down and abandoning module NetworkFile (10)
[2019.02.05-22.01.57:375][691]LogModuleManager: Shutting down and abandoning module CookedIterativeFile (8)
[2019.02.05-22.01.57:375][691]LogModuleManager: Shutting down and abandoning module StreamingFile (6)
[2019.02.05-22.01.57:377][691]LogModuleManager: Shutting down and abandoning module SandboxFile (4)
[2019.02.05-22.01.57:377][691]LogModuleManager: Shutting down and abandoning module PakFile (2)
[2019.02.05-22.01.57:398][691]LogExit: Exiting.
[2019.02.05-22.01.57:500][691]Log file closed, 02/05/19 22:01:57
