Log file open, 10/16/18 16:09:20
LogWindows: Failed to load 'aqProf.dll' (GetLastError=126)
LogWindows: File 'aqProf.dll' does not exist
LogWindows: Failed to load 'VtuneApi.dll' (GetLastError=126)
LogWindows: File 'VtuneApi.dll' does not exist
LogWindows: Failed to load 'VtuneApi32e.dll' (GetLastError=126)
LogWindows: File 'VtuneApi32e.dll' does not exist
LogInit: Display: Running engine for game: ProcGenCity
LogPlatformFile: Not using cached read wrapper
LogTaskGraph: Started task graph with 5 named threads and 23 total threads with 3 sets of task threads.
LogStats: Stats thread started at 0.313886
LogD3D11RHI: Loaded GFSDK_Aftermath_Lib.x64.dll
LogICUInternationalization: Display: ICU TimeZone Detection - Raw Offset: +0:00, Platform Override: ''
LogPluginManager: Mounting plugin Paper2D
LogPluginManager: Mounting plugin AISupport
LogPluginManager: Mounting plugin LightPropagationVolume
LogPluginManager: Mounting plugin CLionSourceCodeAccess
LogPluginManager: Mounting plugin CodeLiteSourceCodeAccess
LogPluginManager: Mounting plugin GitSourceControl
LogPluginManager: Mounting plugin KDevelopSourceCodeAccess
LogPluginManager: Mounting plugin NullSourceCodeAccess
LogPluginManager: Mounting plugin PerforceSourceControl
LogPluginManager: Mounting plugin SubversionSourceControl
LogPluginManager: Mounting plugin UObjectPlugin
LogPluginManager: Mounting plugin VisualStudioCodeSourceCodeAccess
LogPluginManager: Mounting plugin VisualStudioSourceCodeAccess
LogPluginManager: Mounting plugin XCodeSourceCodeAccess
LogPluginManager: Mounting plugin AssetManagerEditor
LogPluginManager: Mounting plugin CryptoKeys
LogPluginManager: Mounting plugin DataValidation
LogPluginManager: Mounting plugin FacialAnimation
LogPluginManager: Mounting plugin GameplayTagsEditor
LogPluginManager: Mounting plugin MacGraphicsSwitching
LogPluginManager: Mounting plugin MeshEditor
LogPluginManager: Mounting plugin MobileLauncherProfileWizard
LogPluginManager: Mounting plugin PluginBrowser
LogPluginManager: Mounting plugin SpeedTreeImporter
LogPluginManager: Mounting plugin DatasmithContent
LogPluginManager: Mounting plugin AlembicImporter
LogPluginManager: Mounting plugin AppleImageUtils
LogPluginManager: Mounting plugin AppleVision
LogPluginManager: Mounting plugin BackChannel
LogPluginManager: Mounting plugin CharacterAI
LogPluginManager: Mounting plugin GeometryCache
LogPluginManager: Mounting plugin HTML5Networking
LogPluginManager: Mounting plugin ProxyLODPlugin
LogPluginManager: Mounting plugin MagicLeap
LogPluginManager: Mounting plugin MagicLeapEmulator
LogPluginManager: Mounting plugin MagicLeapMedia
LogPluginManager: Mounting plugin AndroidMedia
LogPluginManager: Mounting plugin AvfMedia
LogPluginManager: Mounting plugin ImgMedia
LogPluginManager: Mounting plugin LinearTimecode
LogPluginManager: Mounting plugin MediaCompositing
LogPluginManager: Mounting plugin MediaPlayerEditor
LogPluginManager: Mounting plugin WmfMedia
LogPluginManager: Mounting plugin TcpMessaging
LogPluginManager: Mounting plugin UdpMessaging
LogPluginManager: Mounting plugin ActorSequence
LogPluginManager: Mounting plugin LevelSequenceEditor
LogPluginManager: Mounting plugin MatineeToLevelSequence
LogPluginManager: Mounting plugin NetcodeUnitTest
LogPluginManager: Mounting plugin NUTUnrealEngine4
LogPluginManager: Mounting plugin OnlineSubsystemGooglePlay
LogPluginManager: Mounting plugin OnlineSubsystemIOS
LogPluginManager: Mounting plugin OnlineSubsystem
LogPluginManager: Mounting plugin OnlineSubsystemNull
LogPluginManager: Mounting plugin OnlineSubsystemUtils
LogPluginManager: Mounting plugin LauncherChunkInstaller
LogPluginManager: Mounting plugin AndroidDeviceProfileSelector
LogPluginManager: Mounting plugin AndroidMoviePlayer
LogPluginManager: Mounting plugin AndroidPermission
LogPluginManager: Mounting plugin AppleMoviePlayer
LogPluginManager: Mounting plugin ArchVisCharacter
LogPluginManager: Mounting plugin AudioCapture
LogPluginManager: Mounting plugin CableComponent
LogPluginManager: Mounting plugin CustomMeshComponent
LogPluginManager: Mounting plugin EditableMesh
LogPluginManager: Mounting plugin ExampleDeviceProfileSelector
LogPluginManager: Mounting plugin GoogleCloudMessaging
LogPluginManager: Mounting plugin ImmediatePhysics
LogPluginManager: Mounting plugin IOSDeviceProfileSelector
LogPluginManager: Mounting plugin LinuxDeviceProfileSelector
LogPluginManager: Mounting plugin LocationServicesBPLibrary
LogPluginManager: Mounting plugin MobilePatchingUtils
LogPluginManager: Mounting plugin OculusVR
LogPluginManager: Plugin shader directory ../../../Engine/Plugins/Runtime/Oculus/OculusVR/Shaders found
LogPluginManager: Mapping shader source directory ../../../Engine/Plugins/Runtime/Oculus/OculusVR/Shaders to virtual directory /Plugin/OculusVR
LogPluginManager: Mounting plugin PhysXVehicles
LogPluginManager: Mounting plugin ProceduralMeshComponent
LogPluginManager: Mounting plugin RuntimePhysXCooking
LogPluginManager: Mounting plugin SteamVR
LogPluginManager: Mounting plugin WindowsMoviePlayer
LogStreaming: Display: Took  0.095s to configure plugins.
LogInit: Using libcurl 7.55.1-DEV
LogInit:  - built for x86_64-pc-win32
LogInit:  - supports SSL with OpenSSL/1.0.2h
LogInit:  - supports HTTP deflate (compression) using libz 1.2.8
LogInit:  - other features:
LogInit:      CURL_VERSION_SSL
LogInit:      CURL_VERSION_LIBZ
LogInit:      CURL_VERSION_IPV6
LogInit:      CURL_VERSION_ASYNCHDNS
LogInit:      CURL_VERSION_LARGEFILE
LogInit:      CURL_VERSION_IDN
LogInit:  CurlRequestOptions (configurable via config and command line):
LogInit:  - bVerifyPeer = false  - Libcurl will NOT verify peer certificate
LogInit:  - bUseHttpProxy = false  - Libcurl will NOT use HTTP proxy
LogInit:  - bDontReuseConnections = false  - Libcurl will reuse connections
LogInit:  - CertBundlePath = nullptr  - Libcurl will use whatever was configured at build time.
LogInit:  - MaxHostConnections = 16  - Libcurl will limit the number of connections to a host
LogInit:  - LocalHostAddr = Default
LogInit:  - BufferSize = 65536
LogInit: WinSock: version 1.1 (2.2), MaxSocks=32767, MaxUdp=65467
LogInit: Build: ++UE4+Release-4.20-CL-4369336
LogInit: Engine Version: 4.20.3-4369336+++UE4+Release-4.20
LogInit: Compatible Engine Version: 4.20.0-4212847+++UE4+Release-4.20
LogInit: Net CL: 4212847
LogInit: OS: Windows 10 (), CPU: Intel(R) Core(TM) i7-4770K CPU @ 3.50GHz, GPU: NVIDIA GeForce GTX 1060 6GB
LogInit: Compiled (64-bit): Sep 17 2018 12:26:19
LogInit: Compiled with Visual C++: 19.13.26129.00
LogInit: Build Configuration: Development
LogInit: Branch Name: ++UE4+Release-4.20
LogInit: Command Line: -EpicPortal 
LogInit: Base Directory: C:/Program Files/Epic Games/UE_4.20/Engine/Binaries/Win64/
LogInit: Installed Engine Build: 1
LogDevObjectVersion: Number of dev versions registered: 20
LogDevObjectVersion:   Dev-Blueprints (B0D832E4-1F89-4F0D-ACCF-7EB736FD4AA2): 10
LogDevObjectVersion:   Dev-Build (E1C64328-A22C-4D53-A36C-8E866417BD8C): 0
LogDevObjectVersion:   Dev-Core (375EC13C-06E4-48FB-B500-84F0262A717E): 2
LogDevObjectVersion:   Dev-Editor (E4B068ED-F494-42E9-A231-DA0B2E46BB41): 24
LogDevObjectVersion:   Dev-Framework (CFFC743F-43B0-4480-9391-14DF171D2073): 34
LogDevObjectVersion:   Dev-Mobile (B02B49B5-BB20-44E9-A304-32B752E40360): 2
LogDevObjectVersion:   Dev-Networking (A4E4105C-59A1-49B5-A7C5-40C4547EDFEE): 0
LogDevObjectVersion:   Dev-Online (39C831C9-5AE6-47DC-9A44-9C173E1C8E7C): 0
LogDevObjectVersion:   Dev-Physics (78F01B33-EBEA-4F98-B9B4-84EACCB95AA2): 0
LogDevObjectVersion:   Dev-Platform (6631380F-2D4D-43E0-8009-CF276956A95A): 0
LogDevObjectVersion:   Dev-Rendering (12F88B9F-8875-4AFC-A67C-D90C383ABD29): 26
LogDevObjectVersion:   Dev-Sequencer (7B5AE74C-D270-4C10-A958-57980B212A5A): 9
LogDevObjectVersion:   Dev-VR (D7296918-1DD6-4BDD-9DE2-64A83CC13884): 2
LogDevObjectVersion:   Dev-LoadTimes (C2A15278-BFE7-4AFE-6C17-90FF531DF755): 1
LogDevObjectVersion:   Private-Geometry (6EACA3D4-40EC-4CC1-B786-8BED09428FC5): 3
LogDevObjectVersion:   Dev-AnimPhys (29E575DD-E0A3-4627-9D10-D276232CDCEA): 17
LogDevObjectVersion:   Dev-ReflectionCapture (6B266CEC-1EC7-4B8F-A30B-E4D90942FC07): 1
LogDevObjectVersion:   Dev-Automation (0DF73D61-A23F-47EA-B727-89E90C41499A): 1
LogDevObjectVersion:   FortniteMain (601D1886-AC64-4F84-AA16-D3DE0DEAC7D6): 12
LogDevObjectVersion:   Dev-Enterprise (9DFFBCD6-494F-0158-E221-12823C92A888): 1
LogStreaming: Display: Took  0.002s to delete old logs.
LogInit: Presizing for max 8388607 objects, including 0 objects not considered by GC, pre-allocating 0 bytes for permanent pool.
LogInit: Object subsystem initialized
[2018.10.16-15.09.20:485][  0]LogInit: Selected Device Profile: [Windows]
[2018.10.16-15.09.20:485][  0]LogInit: Applying CVar settings loaded from the selected device profile: [Windows]
[2018.10.16-15.09.20:500][  0]LogHAL: Display: Platform has ~ 16 GB [17062375424 / 17179869184 / 16], which maps to Larger [LargestMinGB=32, LargerMinGB=12, DefaultMinGB=8, SmallerMinGB=6, SmallestMinGB=0)
[2018.10.16-15.09.20:500][  0]LogInit: Setting Device Profile CVar: [[r.Vulkan.UseRealUBs:1]]
[2018.10.16-15.09.20:500][  0]LogInit: Going up to parent DeviceProfile []
[2018.10.16-15.09.20:500][  0]LogInit: Computer: KEVIN
[2018.10.16-15.09.20:500][  0]LogInit: User: Grizz
[2018.10.16-15.09.20:500][  0]LogInit: CPU Page size=4096, Cores=4
[2018.10.16-15.09.20:500][  0]LogInit: High frequency timer resolution =3.410073 MHz
[2018.10.16-15.09.20:501][  0]LogMemory: Memory total: Physical=15.9GB (16GB approx)
[2018.10.16-15.09.20:501][  0]LogMemory: Platform Memory Stats for Windows
[2018.10.16-15.09.20:501][  0]LogMemory: Process Physical Memory: 99.93 MB used, 99.93 MB peak
[2018.10.16-15.09.20:501][  0]LogMemory: Process Virtual Memory: 91.09 MB used, 91.09 MB peak
[2018.10.16-15.09.20:501][  0]LogMemory: Physical Memory: 8964.05 MB used,  7307.89 MB free, 16271.95 MB total
[2018.10.16-15.09.20:501][  0]LogMemory: Virtual Memory: 4640.32 MB used,  7307.89 MB free, 134217728.00 MB total
[2018.10.16-15.09.20:522][  0]LogInit: Using OS detected language (en-GB).
[2018.10.16-15.09.20:522][  0]LogInit: Using OS detected locale (en-GB).
[2018.10.16-15.09.20:523][  0]LogTextLocalizationManager: No specific localization for 'en-GB' exists, so the 'en' localization will be used.
[2018.10.16-15.09.20:904][  0]LogStreaming: Display: Took  0.382s to InitEngineTextLocalization.
[2018.10.16-15.09.20:904][  0]LogInit: Setting process to per monitor DPI aware
[2018.10.16-15.09.21:053][  0]LogSlate: New Slate User Created.  User Index 0, Is Virtual User: 0
[2018.10.16-15.09.21:053][  0]LogSlate: Slate User Registered.  User Index 0, Is Virtual User: 0
[2018.10.16-15.09.21:241][  0]LogHMD: Failed to initialize OpenVR with code 105
[2018.10.16-15.09.21:241][  0]LogD3D11RHI: D3D11 adapters:
[2018.10.16-15.09.21:309][  0]LogD3D11RHI:    0. 'NVIDIA GeForce GTX 1060 6GB' (Feature Level 11_0)
[2018.10.16-15.09.21:309][  0]LogD3D11RHI:       6052/0/8135 MB DedicatedVideo/DedicatedSystem/SharedSystem, Outputs:2, VendorId:0x10de
[2018.10.16-15.09.21:316][  0]LogD3D11RHI:    1. 'Intel(R) HD Graphics 4600' (Feature Level 11_0)
[2018.10.16-15.09.21:316][  0]LogD3D11RHI:       112/0/2048 MB DedicatedVideo/DedicatedSystem/SharedSystem, Outputs:0, VendorId:0x8086
[2018.10.16-15.09.21:318][  0]LogD3D11RHI:    2. 'Microsoft Basic Render Driver' (Feature Level 11_0)
[2018.10.16-15.09.21:318][  0]LogD3D11RHI:       0/0/8135 MB DedicatedVideo/DedicatedSystem/SharedSystem, Outputs:0, VendorId:0x1414
[2018.10.16-15.09.21:318][  0]LogD3D11RHI: Chosen D3D11 Adapter: 0
[2018.10.16-15.09.21:326][  0]LogD3D11RHI: Creating new Direct3DDevice
[2018.10.16-15.09.21:326][  0]LogD3D11RHI:     GPU DeviceId: 0x1c03 (for the marketing name, search the web for "GPU Device Id")
[2018.10.16-15.09.21:326][  0]LogWindows: EnumDisplayDevices:
[2018.10.16-15.09.21:326][  0]LogWindows:    0. 'NVIDIA GeForce GTX 1060 6GB' (P:1 D:1)
[2018.10.16-15.09.21:327][  0]LogWindows:    1. 'NVIDIA GeForce GTX 1060 6GB' (P:0 D:1)
[2018.10.16-15.09.21:327][  0]LogWindows:    2. 'NVIDIA GeForce GTX 1060 6GB' (P:0 D:0)
[2018.10.16-15.09.21:327][  0]LogWindows:    3. 'NVIDIA GeForce GTX 1060 6GB' (P:0 D:0)
[2018.10.16-15.09.21:327][  0]LogWindows:    4. 'Intel(R) HD Graphics 4600' (P:0 D:0)
[2018.10.16-15.09.21:327][  0]LogWindows:    5. 'Intel(R) HD Graphics 4600' (P:0 D:0)
[2018.10.16-15.09.21:328][  0]LogWindows:    6. 'Intel(R) HD Graphics 4600' (P:0 D:0)
[2018.10.16-15.09.21:328][  0]LogWindows: DebugString: PrimaryIsNotTheChoosenAdapter PrimaryIsNotTheChoosenAdapter PrimaryIsNotTheChoosenAdapter FoundDriverCount:4 
[2018.10.16-15.09.21:328][  0]LogD3D11RHI:     Adapter Name: NVIDIA GeForce GTX 1060 6GB
[2018.10.16-15.09.21:328][  0]LogD3D11RHI:   Driver Version: 416.16 (internal:25.21.14.1616, unified:416.16)
[2018.10.16-15.09.21:328][  0]LogD3D11RHI:      Driver Date: 10-2-2018
[2018.10.16-15.09.21:328][  0]LogRHI: Texture pool is 4236 MB (70% of 6052 MB)
[2018.10.16-15.09.21:366][  0]LogD3D11RHI: Async texture creation enabled
[2018.10.16-15.09.21:671][  0]LogD3D11RHI: GPU Timing Frequency: 1000.000000 (Debug: 2 2)
[2018.10.16-15.09.21:766][  0]LogShaderCompilers: Guid format shader working directory is -29 characters bigger than the processId version (../../../../../../Users/Grizz/Documents/GitHub/Honours-Project/ProcGenCity/Intermediate/Shaders/WorkingDirectory/38364/).
[2018.10.16-15.09.21:766][  0]LogShaderCompilers: Cleaned the shader compiler working directory 'C:/Users/Grizz/AppData/Local/Temp/UnrealShaderWorkingDir/814543CC4CBF9A6C275D4E850002F1BE/'.
[2018.10.16-15.09.22:062][  0]LogTemp: Display: Loaded TP AllDesktopTargetPlatform
[2018.10.16-15.09.22:076][  0]LogTemp: Display: Loaded TP MacClientTargetPlatform
[2018.10.16-15.09.22:089][  0]LogTemp: Display: Loaded TP MacNoEditorTargetPlatform
[2018.10.16-15.09.22:102][  0]LogTemp: Display: Loaded TP MacServerTargetPlatform
[2018.10.16-15.09.22:117][  0]LogTemp: Display: Loaded TP MacTargetPlatform
[2018.10.16-15.09.22:130][  0]LogTemp: Display: Loaded TP WindowsClientTargetPlatform
[2018.10.16-15.09.22:144][  0]LogTemp: Display: Loaded TP WindowsNoEditorTargetPlatform
[2018.10.16-15.09.22:158][  0]LogTemp: Display: Loaded TP WindowsServerTargetPlatform
[2018.10.16-15.09.22:164][  0]LogTemp: Display: Loaded TP WindowsTargetPlatform
[2018.10.16-15.09.22:248][  0]LogTemp: Display: Loaded TP AndroidTargetPlatform
[2018.10.16-15.09.22:248][  0]LogTemp: Display: Loaded TP AndroidTargetPlatform
[2018.10.16-15.09.22:248][  0]LogTemp: Display: Loaded TP AndroidTargetPlatform
[2018.10.16-15.09.22:248][  0]LogTemp: Display: Loaded TP AndroidTargetPlatform
[2018.10.16-15.09.22:248][  0]LogTemp: Display: Loaded TP AndroidTargetPlatform
[2018.10.16-15.09.22:248][  0]LogTemp: Display: Loaded TP AndroidTargetPlatform
[2018.10.16-15.09.22:248][  0]LogTemp: Display: Loaded TP AndroidTargetPlatform
[2018.10.16-15.09.22:248][  0]LogTemp: Display: Loaded TP AndroidTargetPlatform
[2018.10.16-15.09.22:248][  0]LogTemp: Display: Loaded TP AndroidTargetPlatform
[2018.10.16-15.09.22:248][  0]LogTemp: Display: Loaded TP AndroidTargetPlatform
[2018.10.16-15.09.22:248][  0]LogTemp: Display: Loaded TP AndroidTargetPlatform
[2018.10.16-15.09.22:248][  0]LogTemp: Display: Loaded TP AndroidTargetPlatform
[2018.10.16-15.09.22:248][  0]LogTemp: Display: Loaded TP AndroidTargetPlatform
[2018.10.16-15.09.22:248][  0]LogTemp: Display: Loaded TP AndroidTargetPlatform
[2018.10.16-15.09.22:248][  0]LogTemp: Display: Loaded TP AndroidTargetPlatform
[2018.10.16-15.09.22:248][  0]LogTemp: Display: Loaded TP AndroidTargetPlatform
[2018.10.16-15.09.22:248][  0]LogTemp: Display: Loaded TP AndroidTargetPlatform
[2018.10.16-15.09.22:248][  0]LogTemp: Display: Loaded TP AndroidTargetPlatform
[2018.10.16-15.09.22:249][  0]LogTemp: Display: Loaded TP HTML5TargetPlatform
[2018.10.16-15.09.22:309][  0]LogTemp: Display: Loaded TP IOSTargetPlatform
[2018.10.16-15.09.22:309][  0]LogTemp: Display: Loaded TP IOSTargetPlatform
[2018.10.16-15.09.22:333][  0]LogTemp: Display: Loaded TP TVOSTargetPlatform
[2018.10.16-15.09.22:333][  0]LogTemp: Display: Loaded TP TVOSTargetPlatform
[2018.10.16-15.09.22:346][  0]LogTemp: Display: Loaded TP LinuxClientTargetPlatform
[2018.10.16-15.09.22:360][  0]LogTemp: Display: Loaded TP LinuxNoEditorTargetPlatform
[2018.10.16-15.09.22:373][  0]LogTemp: Display: Loaded TP LinuxServerTargetPlatform
[2018.10.16-15.09.22:386][  0]LogTemp: Display: Loaded TP LinuxTargetPlatform
[2018.10.16-15.09.22:396][  0]LogTemp: Display: Loaded TP LuminTargetPlatform
[2018.10.16-15.09.22:397][  0]LogTargetPlatformManager: Display: Building Assets For Windows
[2018.10.16-15.09.22:451][  0]LogXGEController: Cannot use XGE Controller as Incredibuild is not installed on this machine.
[2018.10.16-15.09.22:451][  0]LogShaderCompilers: Cannot use XGE Shader Compiler as Incredibuild is not installed on this machine.
[2018.10.16-15.09.22:451][  0]LogShaderCompilers: Display: Using Local Shader Compiler.
[2018.10.16-15.09.23:227][  0]LogDerivedDataCache: Display: Max Cache Size: 512 MB
[2018.10.16-15.09.23:277][  0]LogDerivedDataCache: Loaded boot cache 0.05s 71MB C:/Users/Grizz/AppData/Local/UnrealEngine/4.20/DerivedDataCache/Boot.ddc.
[2018.10.16-15.09.23:277][  0]LogDerivedDataCache: Display: Loaded Boot cache: C:/Users/Grizz/AppData/Local/UnrealEngine/4.20/DerivedDataCache/Boot.ddc
[2018.10.16-15.09.23:277][  0]LogDerivedDataCache: FDerivedDataBackendGraph:  Pak pak cache file ../../../../../../Users/Grizz/Documents/GitHub/Honours-Project/ProcGenCity/DerivedDataCache/DDC.ddp not found, will not use a pak cache.
[2018.10.16-15.09.23:277][  0]LogDerivedDataCache: Unable to find inner node Pak for hierarchical cache Hierarchy.
[2018.10.16-15.09.23:277][  0]LogDerivedDataCache: FDerivedDataBackendGraph:  CompressedPak pak cache file ../../../../../../Users/Grizz/Documents/GitHub/Honours-Project/ProcGenCity/DerivedDataCache/Compressed.ddp not found, will not use a pak cache.
[2018.10.16-15.09.23:277][  0]LogDerivedDataCache: Unable to find inner node CompressedPak for hierarchical cache Hierarchy.
[2018.10.16-15.09.23:289][  0]LogDerivedDataCache: Display: Pak cache opened for reading ../../../Engine/DerivedDataCache/Compressed.ddp.
[2018.10.16-15.09.23:301][  0]LogDerivedDataCache: Using Local data cache path C:/Users/Grizz/AppData/Local/UnrealEngine/Common/DerivedDataCache: Writable
[2018.10.16-15.09.23:301][  0]LogDerivedDataCache: Shared data cache path not found in *engine.ini, will not use an Shared cache.
[2018.10.16-15.09.23:301][  0]LogDerivedDataCache: Unable to find inner node Shared for hierarchical cache Hierarchy.
[2018.10.16-15.09.23:321][  0]LogMaterial: Verifying Global Shaders for PCD3D_SM5
[2018.10.16-15.09.23:322][  0]LogSlate: Using FreeType 2.6.0
[2018.10.16-15.09.23:323][  0]LogSlate: SlateFontServices - WITH_FREETYPE: 1, WITH_HARFBUZZ: 1
[2018.10.16-15.09.23:392][  0]LogAssetRegistry: FAssetRegistry took 0.0262 seconds to start up
[2018.10.16-15.09.23:706][  0]LogInit: Selected Device Profile: [Windows]
[2018.10.16-15.09.23:750][  0]LogSimplygon: Simplygon DLL not present - disabling.
[2018.10.16-15.09.23:753][  0]LogMeshReduction: Using SimplygonSwarm for distributed automatic mesh merging
[2018.10.16-15.09.23:753][  0]LogMeshReduction: Using ProxyLODMeshReduction for automatic mesh merging
[2018.10.16-15.09.23:753][  0]LogMeshReduction: Using QuadricMeshReduction for automatic static mesh reduction
[2018.10.16-15.09.23:753][  0]LogMeshReduction: No automatic skeletal mesh reduction module available
[2018.10.16-15.09.23:853][  0]LogNetVersion: ProcGenCity 1.0.0, NetCL: 4212847, EngineNetVer: 5, GameNetVer: 0 (Checksum: 2895139612)
[2018.10.16-15.09.24:395][  0]LogPackageLocalizationCache: Processed 11 localized package path(s) for 2 prioritized culture(s) in 0.091430 seconds
[2018.10.16-15.09.24:400][  0]LogUObjectArray: 38425 objects as part of root set at end of initial load.
[2018.10.16-15.09.24:400][  0]LogUObjectAllocator: 6690872 out of 0 bytes used by permanent object pool.
[2018.10.16-15.09.24:400][  0]LogUObjectArray: CloseDisregardForGC: 0/0 objects in disregard for GC pool
[2018.10.16-15.09.25:245][  0]LogTcpMessaging: Initializing TcpMessaging bridge
[2018.10.16-15.09.25:258][  0]LogUdpMessaging: Initializing bridge on interface 0.0.0.0:0 to multicast group 230.0.0.1:6666.
[2018.10.16-15.09.25:399][  0]SourceControl: Source control is disabled
[2018.10.16-15.09.25:399][  0]SourceControl: Source control is disabled
[2018.10.16-15.09.25:400][  0]SourceControl: Source control is disabled
[2018.10.16-15.09.25:401][  0]SourceControl: Source control is disabled
[2018.10.16-15.09.25:584][  0]LogAndroidPermission: UAndroidPermissionCallbackProxy::GetInstance
[2018.10.16-15.09.25:731][  0]LogOcInput: OculusInput pre-init called
[2018.10.16-15.09.25:789][  0]LogEngine: Initializing Engine...
[2018.10.16-15.09.25:792][  0]LogHMD: Failed to initialize OpenVR with code 105
[2018.10.16-15.09.25:793][  0]LogStats: UGameplayTagsManager::ConstructGameplayTagTree: ImportINI prefixes -  0.000 s
[2018.10.16-15.09.25:793][  0]LogStats: UGameplayTagsManager::ConstructGameplayTagTree: Construct from data asset -  0.000 s
[2018.10.16-15.09.25:793][  0]LogStats: UGameplayTagsManager::ConstructGameplayTagTree: ImportINI -  0.000 s
[2018.10.16-15.09.25:793][  0]LogStats: UGameplayTagsManager::ConstructGameplayTagTree: GameplayTagTreeChangedEvent.Broadcast -  0.000 s
[2018.10.16-15.09.26:001][  0]LogInit: Initializing FReadOnlyCVARCache
[2018.10.16-15.09.26:018][  0]LogAIModule: Creating AISystem for world Untitled
[2018.10.16-15.09.26:108][  0]LogInit: XAudio2 using 'Speakers (Razer Surround Audio Controller)' : 6 channels at 48 kHz using 16 bits per sample (channel mask 0x3f)
[2018.10.16-15.09.26:118][  0]LogInit: FAudioDevice initialized.
[2018.10.16-15.09.26:118][  0]LogNetVersion: Set ProjectVersion to 1.0.0.0. Version Checksum will be recalculated on next use.
[2018.10.16-15.09.26:233][  0]LogDerivedDataCache: Saved boot cache 0.11s 71MB C:/Users/Grizz/AppData/Local/UnrealEngine/4.20/DerivedDataCache/Boot.ddc.
[2018.10.16-15.09.26:263][  0]LogInit: Texture streaming: Enabled
[2018.10.16-15.09.26:302][  0]LogEngineSessionManager: EngineSessionManager initialized
[2018.10.16-15.09.26:332][  0]LogInit: Transaction tracking system initialized
[2018.10.16-15.09.26:361][  0]BlueprintLog: New page: Editor Load
[2018.10.16-15.09.26:429][  0]LocalizationService: Localization service is disabled
[2018.10.16-15.09.26:661][  0]LogCook: Display: Max memory allowance for cook 16384mb min free memory 0mb
[2018.10.16-15.09.26:661][  0]LogCook: Display: Mobile HDR setting 1
[2018.10.16-15.09.26:661][  0]LogGameplayTags: Display: UGameplayTagsManager::DoneAddingNativeTags. DelegateIsBound: 0
[2018.10.16-15.09.26:661][  0]LogStats: UGameplayTagsManager::ConstructGameplayTagTree: ImportINI prefixes -  0.000 s
[2018.10.16-15.09.26:661][  0]LogStats: UGameplayTagsManager::ConstructGameplayTagTree: Construct from data asset -  0.000 s
[2018.10.16-15.09.26:661][  0]LogStats: UGameplayTagsManager::ConstructGameplayTagTree: ImportINI -  0.000 s
[2018.10.16-15.09.26:661][  0]LogStats: UGameplayTagsManager::ConstructGameplayTagTree: GameplayTagTreeChangedEvent.Broadcast -  0.000 s
[2018.10.16-15.09.26:771][  0]LogFileCache: Scanning file cache for directory 'C:/Users/Grizz/Documents/GitHub/Honours-Project/ProcGenCity/Content/' took 0.01s
[2018.10.16-15.09.26:771][  0]SourceControl: Source control is disabled
[2018.10.16-15.09.26:771][  0]Cmd: MAP LOAD FILE="../../../../../../Users/Grizz/Documents/GitHub/Honours-Project/ProcGenCity/Content/StarterContent/Maps/Minimal_Default.umap" TEMPLATE=0 SHOWPROGRESS=1 FEATURELEVEL=3
[2018.10.16-15.09.26:771][  0]LightingResults: New page: Lighting Build
[2018.10.16-15.09.26:773][  0]MapCheck: New page: Map Check
[2018.10.16-15.09.26:774][  0]LightingResults: New page: Lighting Build
[2018.10.16-15.09.26:887][  0]LogLinker: Warning: Can't find file '/Game/StarterContent/Maps/Minimal_Default_BuiltData'
[2018.10.16-15.09.26:887][  0]LogLinker: Warning: Can't find file for asset '/Game/StarterContent/Maps/Minimal_Default_BuiltData' while loading ../../../../../../Users/Grizz/Documents/GitHub/Honours-Project/ProcGenCity/Content/StarterContent/Maps/Minimal_Default.umap.
[2018.10.16-15.09.26:887][  0]LoadErrors: Error: /Game/StarterContent/Maps/Minimal_Default : Can't find file for asset. /Game/StarterContent/Maps/Minimal_Default_BuiltData
[2018.10.16-15.09.26:890][  0]LogLinker: Warning: Can't find file '/Game/StarterContent/Maps/Minimal_Default_BuiltData'
[2018.10.16-15.09.26:890][  0]LogLinker: Warning: Can't find file for asset '/Game/StarterContent/Maps/Minimal_Default_BuiltData' while loading ../../../../../../Users/Grizz/Documents/GitHub/Honours-Project/ProcGenCity/Content/StarterContent/Maps/Minimal_Default.umap.
[2018.10.16-15.09.26:890][  0]LoadErrors: Error: /Game/StarterContent/Maps/Minimal_Default : Can't find file for asset. /Game/StarterContent/Maps/Minimal_Default_BuiltData
[2018.10.16-15.09.26:891][  0]LogLinker: Warning: Can't find file '/Game/StarterContent/Maps/Minimal_Default_BuiltData'
[2018.10.16-15.09.26:891][  0]LogLinker: Warning: Can't find file for asset '/Game/StarterContent/Maps/Minimal_Default_BuiltData' while loading NULL.
[2018.10.16-15.09.26:891][  0]LogLinker: Warning: Can't find file '/Game/StarterContent/Maps/Minimal_Default_BuiltData'
[2018.10.16-15.09.26:891][  0]LogLinker: Warning: Can't find file for asset '/Game/StarterContent/Maps/Minimal_Default_BuiltData' while loading NULL.
[2018.10.16-15.09.26:901][  0]LogLinker: Warning: Can't find file '/Game/StarterContent/Maps/Minimal_Default_BuiltData'
[2018.10.16-15.09.26:901][  0]LoadErrors: Failed to load /Game/StarterContent/Maps/Minimal_Default_BuiltData.Minimal_Default_BuiltData Referenced by PersistentLevel
[2018.10.16-15.09.26:901][  0]LogLinker: Warning: Can't find file for asset '/Game/StarterContent/Maps/Minimal_Default_BuiltData' while loading NULL.
[2018.10.16-15.09.26:901][  0]LoadErrors: Failed to load /Game/StarterContent/Maps/Minimal_Default_BuiltData.Minimal_Default_BuiltData Referenced by PersistentLevel
[2018.10.16-15.09.26:978][  0]LogAIModule: Creating AISystem for world Minimal_Default
[2018.10.16-15.09.26:984][  0]LogEditorServer: Finished looking for orphan Actors (0.000 secs)
[2018.10.16-15.09.27:005][  0]Cmd: MAP CHECKDEP NOCLEARLOG
[2018.10.16-15.09.27:063][  0]MapCheck: Map check complete: 0 Error(s), 0 Warning(s), took 57.989ms to complete.
[2018.10.16-15.09.27:063][  0]LogFileHelpers: Loading map 'Minimal_Default' took 0.292
[2018.10.16-15.09.27:200][  0]LogSlate: Updating window title bar state: overlay mode, drag disabled, window buttons hidden, title bar hidden
[2018.10.16-15.09.27:208][  0]LogSlate: Updating window title bar state: overlay mode, drag disabled, window buttons hidden, title bar hidden
[2018.10.16-15.09.27:219][  0]LogSlate: Updating window title bar state: overlay mode, drag disabled, window buttons hidden, title bar hidden
[2018.10.16-15.09.27:228][  0]LogSlate: Updating window title bar state: overlay mode, drag disabled, window buttons hidden, title bar hidden
[2018.10.16-15.09.27:236][  0]LogCollectionManager: Loaded 0 collections in 0.001818 seconds
[2018.10.16-15.09.27:279][  0]LogFileCache: Scanning file cache for directory 'C:/Users/Grizz/Documents/GitHub/Honours-Project/ProcGenCity/Saved/Collections/' took 0.01s
[2018.10.16-15.09.27:279][  0]LogFileCache: Scanning file cache for directory 'C:/Users/Grizz/Documents/GitHub/Honours-Project/ProcGenCity/Content/Developers/Grizz/Collections/' took 0.01s
[2018.10.16-15.09.27:279][  0]LogFileCache: Scanning file cache for directory 'C:/Users/Grizz/Documents/GitHub/Honours-Project/ProcGenCity/Content/Collections/' took 0.01s
[2018.10.16-15.09.27:279][  0]LogCollectionManager: Rebuilt the GUID cache for 0 collections in 0.000000 seconds
[2018.10.16-15.09.27:302][  0]LogContentBrowser: Native class hierarchy populated in 0.0220 seconds. Added 2573 classes and 605 folders.
[2018.10.16-15.09.27:321][  0]LogContentBrowser: Native class hierarchy updated for 'WidgetCarousel' in 0.0011 seconds. Added 0 classes and 0 folders.
[2018.10.16-15.09.27:392][  0]LogContentBrowser: Native class hierarchy updated for 'AddContentDialog' in 0.0003 seconds. Added 0 classes and 0 folders.
[2018.10.16-15.09.27:398][  0]LogContentBrowser: Native class hierarchy updated for 'SceneOutliner' in 0.0005 seconds. Added 1 classes and 2 folders.
[2018.10.16-15.09.29:123][  0]LogSlate: Only BGRA pngs, bmps or icos are supported in by External Image Picker
[2018.10.16-15.09.29:157][  0]LogSlate: Took 0.000235 seconds to synchronously load lazily loaded font '../../../Engine/Content/Slate/Fonts/Roboto-Regular.ttf' (155K)
[2018.10.16-15.09.29:159][  0]LogSlate: Took 0.000273 seconds to synchronously load lazily loaded font '../../../Engine/Content/Slate/Fonts/Roboto-Bold.ttf' (160K)
[2018.10.16-15.09.29:166][  0]LogSlate: Took 0.000223 seconds to synchronously load lazily loaded font '../../../Engine/Content/Editor/Slate/Fonts/FontAwesome.ttf' (139K)
[2018.10.16-15.09.29:257][  0]LogTemp: Executing iPhonePackager certificates Engine -bundlename com.YourCompany.ProcGenCity
[2018.10.16-15.09.29:257][  0]LogTemp: CWD: C:\Program Files\Epic Games\UE_4.20\Engine\Binaries\DotNET\IOS
[2018.10.16-15.09.29:257][  0]LogTemp: Initial Dir: C:\Program Files\Epic Games\UE_4.20
[2018.10.16-15.09.29:257][  0]LogTemp: Env CWD: C:\Program Files\Epic Games\UE_4.20\Engine\Binaries\DotNET\IOS
[2018.10.16-15.09.29:257][  0]LogTemp: BranchPath = KEVIN/C/Program Files/Epic Games/UE_4.20/Engine/Binaries --- GameBranchPath = KEVIN/C/Program Files/Epic Games/UE_4.20/Engine/Binaries
[2018.10.16-15.09.29:257][  0]LogTemp: IPP ERROR: Could not find provision directory 'C:\Users\Grizz\AppData\Local/Apple Computer/MobileDevice/Provisioning Profiles/'.
[2018.10.16-15.09.29:257][  0]LogRenderer: Reallocating scene render targets to support 1616x808 Format 10 NumSamples 1 (Frame:1).
[2018.10.16-15.09.29:401][  0]LogSlate: FSceneViewport::OnFocusLost() reason 2
[2018.10.16-15.09.29:417][  0]LogSlate: Window 'Tutorials' being destroyed
[2018.10.16-15.09.29:448][  0]LogContentBrowser: Native class hierarchy updated for 'HierarchicalLODOutliner' in 0.0004 seconds. Added 0 classes and 0 folders.
[2018.10.16-15.09.29:448][  0]LogLoad: (Engine Initialization) Total time: 10.70 seconds
[2018.10.16-15.09.29:448][  0]LogLoad: (Engine Initialization) Total Blueprint compile time: 0.00 seconds
[2018.10.16-15.09.29:488][  0]LogContentStreaming: Texture pool size now 1000 MB
[2018.10.16-15.09.29:498][  0]LogSlate: FSceneViewport::OnFocusLost() reason 2
[2018.10.16-15.09.29:547][  1]LogAssetRegistry: Asset discovery search completed in 6.1782 seconds
[2018.10.16-15.09.29:549][  1]LogCollectionManager: Rebuilt the object cache for 0 collections in 0.000001 seconds (found 0 objects)
[2018.10.16-15.09.29:549][  1]LogCollectionManager: Fixed up redirectors for 0 collections in 0.000049 seconds (updated 0 objects)
[2018.10.16-15.09.44:948][ 47]LogSlate: Window 'Message Log' being destroyed
[2018.10.16-15.09.44:951][ 47]LogSlate: Window 'Message Log' being destroyed
[2018.10.16-15.09.45:487][ 90]LogSlate: FSceneViewport::OnFocusLost() reason 0
[2018.10.16-15.09.45:573][100]LogSlate: Window 'Project Settings' being destroyed
[2018.10.16-15.09.45:577][100]LogSlate: Window 'Project Settings' being destroyed
[2018.10.16-15.09.51:806][600]LogSlate: FSceneViewport::OnFocusLost() reason 0
[2018.10.16-15.09.52:312][600]LogActorFactory: Actor Factory created Plane
[2018.10.16-15.09.52:474][600]LogActorFactory: Actor Factory created Plane
[2018.10.16-15.09.54:162][791]LogActorFactory: Actor Factory created Plane
[2018.10.16-15.09.59:334][312]LogSlate: Took 0.024764 seconds to synchronously load lazily loaded font '../../../Engine/Content/Slate/Fonts/Roboto-Italic.ttf' (157K)
[2018.10.16-15.10.00:286][420]LogSlate: FSceneViewport::OnFocusLost() reason 0
[2018.10.16-15.10.13:593][997]LogEditorViewport: Clicking on Actor (LMB): StaticMeshActor (Plane)
[2018.10.16-15.10.15:079][168]LogSlate: FSceneViewport::OnFocusLost() reason 0
[2018.10.16-15.10.15:704][225]LogSlate: Took 0.014692 seconds to synchronously load lazily loaded font '../../../Engine/Content/Slate/Fonts/Roboto-Light.ttf' (167K)
[2018.10.16-15.10.41:240][951]LogSlate: FSceneViewport::OnFocusLost() reason 0
[2018.10.16-15.11.26:738][244]Cmd: EDIT COPY
[2018.10.16-15.11.26:967][252]Cmd: EDIT PASTE
[2018.10.16-15.11.32:726][908]Cmd: EDIT PASTE
[2018.10.16-15.11.35:577][240]Cmd: EDIT PASTE
[2018.10.16-15.11.42:598][ 63]Cmd: EDIT PASTE
[2018.10.16-15.11.45:860][441]Cmd: EDIT PASTE
[2018.10.16-15.11.50:455][974]Cmd: EDIT PASTE
[2018.10.16-15.11.53:328][305]Cmd: EDIT PASTE
[2018.10.16-15.11.57:248][760]Cmd: EDIT PASTE
[2018.10.16-15.12.01:075][205]Cmd: EDIT PASTE
[2018.10.16-15.12.04:543][608]Cmd: EDIT PASTE
[2018.10.16-15.12.07:947][  3]LogEditorViewport: Clicking on Actor (LMB): StaticMeshActor (Ground11)
[2018.10.16-15.12.19:836][398]Cmd: EDIT PASTE
[2018.10.16-15.12.23:413][813]LogEditorViewport: Clicking on Actor (LMB): StaticMeshActor (Ground12)
[2018.10.16-15.12.26:395][163]Cmd: EDIT PASTE
[2018.10.16-15.12.29:130][483]LogEditorViewport: Clicking on Actor (LMB): BP_Sky_Sphere_C (BP_Sky_Sphere)
[2018.10.16-15.12.31:633][773]LogEditorViewport: Clicking on Actor (LMB): StaticMeshActor (Ground4)
[2018.10.16-15.12.34:899][132]Cmd: EDIT PASTE
[2018.10.16-15.12.41:062][854]Cmd: EDIT PASTE
[2018.10.16-15.12.45:941][411]LogSlate: FSceneViewport::OnFocusLost() reason 0
[2018.10.16-15.12.53:554][280]LogEditorActor: Deleted Actor: StaticMeshActor
[2018.10.16-15.12.53:569][280]LogEditorActor: Deleted Actor: StaticMeshActor
[2018.10.16-15.12.53:569][280]LogEditorActor: Deleted Actor: StaticMeshActor
[2018.10.16-15.12.53:569][280]LogEditorActor: Deleted Actor: StaticMeshActor
[2018.10.16-15.12.53:570][280]LogEditorActor: Deleted Actor: StaticMeshActor
[2018.10.16-15.12.53:570][280]LogEditorActor: Deleted Actor: StaticMeshActor
[2018.10.16-15.12.53:570][280]LogEditorActor: Deleted Actor: StaticMeshActor
[2018.10.16-15.12.53:571][280]LogEditorActor: Deleted Actor: StaticMeshActor
[2018.10.16-15.12.53:571][280]LogEditorActor: Deleted Actor: StaticMeshActor
[2018.10.16-15.12.53:571][280]LogEditorActor: Deleted Actor: StaticMeshActor
[2018.10.16-15.12.53:572][280]LogEditorActor: Deleted Actor: StaticMeshActor
[2018.10.16-15.12.53:590][280]LogEditorActor: Deleted 11 Actors (0.041 secs)
[2018.10.16-15.12.54:717][414]LogEditorViewport: Clicking on Actor (LMB): StaticMeshActor (Ground3)
[2018.10.16-15.12.57:644][736]Cmd: EDIT COPY
[2018.10.16-15.12.58:113][790]Cmd: EDIT PASTE
[2018.10.16-15.13.04:543][518]Cmd: EDIT PASTE
[2018.10.16-15.13.14:548][643]Cmd: EDIT COPY
[2018.10.16-15.13.15:014][696]Cmd: EDIT PASTE
[2018.10.16-15.13.19:500][214]Cmd: EDIT PASTE
[2018.10.16-15.13.25:028][852]Cmd: EDIT PASTE
[2018.10.16-15.13.32:805][762]Cmd: EDIT PASTE
[2018.10.16-15.13.36:429][178]LogEditorViewport: Clicking on Actor (LMB): BP_Sky_Sphere_C (BP_Sky_Sphere)
[2018.10.16-15.13.45:409][346]LogEditorViewport: Clicking on Actor (LMB): BP_Sky_Sphere_C (BP_Sky_Sphere)
[2018.10.16-15.13.51:385][ 31]LogSlate: FSceneViewport::OnFocusLost() reason 0
[2018.10.16-15.14.15:880][886]LogSlate: Window 'Pick Parent Class' being destroyed
[2018.10.16-15.14.32:238][805]LogAssetEditorManager: Opening Asset editor for Blueprint /Game/BP/myPlaneMesh.myPlaneMesh
[2018.10.16-15.14.34:029][805]LogContentBrowser: Native class hierarchy updated for 'BlueprintGraph' in 0.0028 seconds. Added 116 classes and 0 folders.
[2018.10.16-15.14.38:388][936]LogRenderer: Reallocating scene render targets to support 1616x1260 Format 10 NumSamples 1 (Frame:118).
[2018.10.16-15.14.38:598][960]LogSlate: Window 'myPlaneMesh*' being destroyed
[2018.10.16-15.15.28:198][849]BlueprintLog: New page: Compile myPlaneMesh
[2018.10.16-15.15.31:787][218]LogSlate: Took 0.027476 seconds to synchronously load lazily loaded font '../../../Engine/Content/Slate/Fonts/Roboto-BoldCondensed.ttf' (158K)
[2018.10.16-15.17.11:948][979]BlueprintLog: New page: Compile myPlaneMesh
[2018.10.16-15.17.26:807][674]LogMaterial: Warning: Material /Game/StarterContent/Materials/M_Basic_Wall.M_Basic_Wall needed to have new flag set bUsedWithSplineMeshes !
[2018.10.16-15.17.26:823][674]LogMaterial: Display: Missing cached shader map for material M_Basic_Wall, compiling. 
[2018.10.16-15.17.27:031][674]LogShaderCompilers: Display: Shaders left to compile 59
[2018.10.16-15.17.27:031][674]LogShaderCompilers: Display: Shaders left to compile 49
[2018.10.16-15.17.27:031][674]LogShaderCompilers: Display: Shaders left to compile 39
[2018.10.16-15.17.27:031][674]LogShaderCompilers: Display: Shaders left to compile 29
[2018.10.16-15.17.32:438][228]LogShaderCompilers: Display: Shaders left to compile 19
[2018.10.16-15.17.33:068][277]LogShaderCompilers: Display: Shaders left to compile 9
[2018.10.16-15.17.35:044][446]LogMaterial: Warning: Material /Game/StarterContent/Props/Materials/M_Door.M_Door needed to have new flag set bUsedWithSplineMeshes !
[2018.10.16-15.17.35:046][446]LogMaterial: Display: Missing cached shader map for material M_Door, compiling. 
[2018.10.16-15.17.35:100][446]LogShaderCompilers: Display: Shaders left to compile 59
[2018.10.16-15.17.35:100][446]LogShaderCompilers: Display: Shaders left to compile 49
[2018.10.16-15.17.35:495][479]LogShaderCompilers: Display: Shaders left to compile 39
[2018.10.16-15.17.35:729][499]LogShaderCompilers: Display: Shaders left to compile 29
[2018.10.16-15.17.37:149][582]LogShaderCompilers: Display: Shaders left to compile 19
[2018.10.16-15.17.38:242][671]LogShaderCompilers: Display: Shaders left to compile 9
[2018.10.16-15.17.41:051][935]LogMaterial: Warning: Material /Game/StarterContent/Materials/M_Metal_Gold.M_Metal_Gold needed to have new flag set bUsedWithSplineMeshes !
[2018.10.16-15.17.41:059][935]LogMaterial: Display: Missing cached shader map for material M_Metal_Gold, compiling. 
[2018.10.16-15.17.41:136][936]LogShaderCompilers: Display: Shaders left to compile 59
[2018.10.16-15.17.41:136][936]LogShaderCompilers: Display: Shaders left to compile 49
[2018.10.16-15.17.41:136][936]LogShaderCompilers: Display: Shaders left to compile 39
[2018.10.16-15.17.41:136][936]LogShaderCompilers: Display: Shaders left to compile 29
[2018.10.16-15.17.43:152][138]LogShaderCompilers: Display: Shaders left to compile 19
[2018.10.16-15.17.43:819][205]LogShaderCompilers: Display: Shaders left to compile 9
[2018.10.16-15.18.14:899][ 75]LogClass: Warning: In asset 'None', there is an enum property of type 'ESplineMeshAxis' with an invalid value of ''
[2018.10.16-15.18.18:851][542]BlueprintLog: New page: Compile myPlaneMesh
[2018.10.16-15.18.45:854][274]LogSlate: FSceneViewport::OnFocusLost() reason 0
[2018.10.16-15.19.03:880][416]LogSlate: FSceneViewport::OnFocusLost() reason 0
[2018.10.16-15.19.06:044][672]LogSlate: FSceneViewport::OnFocusLost() reason 0
[2018.10.16-15.19.15:106][755]LogSlate: FSceneViewport::OnFocusLost() reason 0
[2018.10.16-15.19.15:180][764]BlueprintLog: New page: Compile myPlaneMesh
[2018.10.16-15.21.38:543][691]BlueprintLog: New page: Compile myPlaneMesh
[2018.10.16-15.21.41:334][992]Cmd: OBJ SAVEPACKAGE PACKAGE="/Game/BP/myPlaneMesh" FILE="../../../../../../Users/Grizz/Documents/GitHub/Honours-Project/ProcGenCity/Content/BP/myPlaneMesh.uasset" SILENT=true
[2018.10.16-15.21.41:477][992]LogSavePackage: Moving '../../../../../../Users/Grizz/Documents/GitHub/Honours-Project/ProcGenCity/Saved/myPlaneMesh88058FC44C980998E289CC9B5A03DCD2.tmp' to '../../../../../../Users/Grizz/Documents/GitHub/Honours-Project/ProcGenCity/Content/BP/myPlaneMesh.uasset'
[2018.10.16-15.21.56:898][716]LogEditorViewport: Clicking on Actor (LMB): myPlaneMesh_C (myPlaneMesh)
[2018.10.16-15.22.02:106][329]Cmd: DELETE
[2018.10.16-15.22.02:106][329]Cmd: ACTOR DELETE
[2018.10.16-15.22.02:110][329]LogEditorActor: Deleted Actor: myPlaneMesh_C
[2018.10.16-15.22.02:137][329]LogEditorActor: Deleted 1 Actors (0.031 secs)
[2018.10.16-15.22.03:204][456]LogSlate: FSceneViewport::OnFocusLost() reason 0
[2018.10.16-15.22.06:158][806]LogSlate: FSceneViewport::OnFocusLost() reason 0
[2018.10.16-15.22.10:061][268]LogSlate: FSceneViewport::OnFocusLost() reason 0
[2018.10.16-15.22.10:136][277]BlueprintLog: New page: Compile myPlaneMesh
[2018.10.16-15.22.13:814][685]LogSlate: FSceneViewport::OnFocusLost() reason 0
[2018.10.16-15.22.17:605][120]Cmd: TRANSACTION UNDO
[2018.10.16-15.22.17:606][120]LogEditorTransaction: Undo Move Actors
[2018.10.16-15.22.18:074][165]Cmd: TRANSACTION UNDO
[2018.10.16-15.22.18:074][165]LogEditorTransaction: Undo Create Actors
[2018.10.16-15.22.18:681][231]Cmd: TRANSACTION UNDO
[2018.10.16-15.22.18:681][231]LogEditorTransaction: Undo Create Actors
[2018.10.16-15.22.19:650][345]LogSlate: FSceneViewport::OnFocusLost() reason 0
[2018.10.16-15.22.22:188][616]LogSlate: FSceneViewport::OnFocusLost() reason 2
[2018.10.16-15.22.31:772][505]LogSlate: FSceneViewport::OnFocusLost() reason 0
[2018.10.16-15.22.50:462][577]LogEditorTransaction: Undo Add Component
[2018.10.16-15.23.17:292][402]BlueprintLog: New page: Compile myPlaneMesh
[2018.10.16-15.23.25:999][393]LogSlate: FSceneViewport::OnFocusLost() reason 0
[2018.10.16-15.23.31:521][ 49]LogSlate: FSceneViewport::OnFocusLost() reason 0
[2018.10.16-15.23.31:596][ 58]BlueprintLog: New page: Compile myPlaneMesh
[2018.10.16-15.23.32:163][103]Cmd: OBJ SAVEPACKAGE PACKAGE="/Game/BP/myPlaneMesh" FILE="../../../../../../Users/Grizz/Documents/GitHub/Honours-Project/ProcGenCity/Content/BP/myPlaneMesh.uasset" SILENT=true
[2018.10.16-15.23.32:217][103]LogSavePackage: Moving '../../../../../../Users/Grizz/Documents/GitHub/Honours-Project/ProcGenCity/Saved/myPlaneMesh05DFB0E04F2EF19E8A985BB38ED8F5CC.tmp' to '../../../../../../Users/Grizz/Documents/GitHub/Honours-Project/ProcGenCity/Content/BP/myPlaneMesh.uasset'
[2018.10.16-15.23.43:491][397]LogSlate: FSceneViewport::OnFocusLost() reason 2
[2018.10.16-15.23.48:706][ 11]LogSlate: FSceneViewport::OnFocusLost() reason 2
[2018.10.16-15.24.14:283][980]LogEditorViewport: Clicking on Actor (LMB): StaticMeshActor (Ground)
[2018.10.16-15.24.15:691][139]LogEditorViewport: Clicking on Actor (LMB): DirectionalLight (Light Source)
[2018.10.16-15.24.16:929][238]LogSlate: FSceneViewport::OnFocusLost() reason 0
[2018.10.16-15.24.20:961][717]LogSlate: FSceneViewport::OnFocusLost() reason 0
[2018.10.16-15.24.26:729][333]LogMaterial: Warning: Material /Game/StarterContent/Materials/M_AssetPlatform.M_AssetPlatform needed to have new flag set bUsedWithSplineMeshes !
[2018.10.16-15.24.26:731][333]LogMaterial: Display: Missing cached shader map for material M_AssetPlatform, compiling. 
[2018.10.16-15.24.26:779][334]LogShaderCompilers: Display: Shaders left to compile 59
[2018.10.16-15.24.26:779][334]LogShaderCompilers: Display: Shaders left to compile 49
[2018.10.16-15.24.26:779][334]LogShaderCompilers: Display: Shaders left to compile 39
[2018.10.16-15.24.26:779][334]LogShaderCompilers: Display: Shaders left to compile 29
[2018.10.16-15.24.28:991][518]LogShaderCompilers: Display: Shaders left to compile 19
[2018.10.16-15.24.29:018][520]BlueprintLog: New page: Compile myPlaneMesh
[2018.10.16-15.24.29:620][540]Cmd: OBJ SAVEPACKAGE PACKAGE="/Game/BP/myPlaneMesh" FILE="../../../../../../Users/Grizz/Documents/GitHub/Honours-Project/ProcGenCity/Content/BP/myPlaneMesh.uasset" SILENT=true
[2018.10.16-15.24.29:667][540]LogSavePackage: Moving '../../../../../../Users/Grizz/Documents/GitHub/Honours-Project/ProcGenCity/Saved/myPlaneMesh2121F7C044ADDBB64AC8609DAF2C7679.tmp' to '../../../../../../Users/Grizz/Documents/GitHub/Honours-Project/ProcGenCity/Content/BP/myPlaneMesh.uasset'
[2018.10.16-15.24.29:714][542]LogShaderCompilers: Display: Shaders left to compile 9
[2018.10.16-15.24.31:749][726]LogEditorViewport: Clicking on Actor (LMB): myPlaneMesh_C (myPlaneMesh)
[2018.10.16-15.24.35:897][171]LogEditorViewport: Clicking on Actor (LMB): myPlaneMesh_C (myPlaneMesh)
[2018.10.16-15.24.35:977][175]LogEditorViewport: Clicking on Component (LMB): SplineMeshComponent (NODE_AddSplineMeshComponent-0_0)
[2018.10.16-15.24.39:511][593]LogSlate: FSceneViewport::OnFocusLost() reason 0
[2018.10.16-15.26.03:938][989]BlueprintLog: New page: Compile myPlaneMesh
[2018.10.16-15.26.11:686][716]LogSlate: Window 'Delete Assets' being destroyed
[2018.10.16-15.26.20:265][174]LogEditorViewport: Clicking on Actor (LMB): BP_Sky_Sphere_C (BP_Sky_Sphere)
[2018.10.16-15.26.20:457][182]Cmd: TRANSACTION UNDO
[2018.10.16-15.26.20:457][182]LogEditorTransaction: Undo Clicking on Actors
[2018.10.16-15.26.25:244][754]LogSlate: FSceneViewport::OnFocusLost() reason 0
[2018.10.16-15.26.30:667][906]LogSlate: Window 'Pick Parent Class' being destroyed
[2018.10.16-15.26.35:431][473]LogAssetEditorManager: Opening Asset editor for Blueprint /Game/BP/mySpline.mySpline
[2018.10.16-15.26.37:020][589]LogSlate: Window 'mySpline*' being destroyed
[2018.10.16-15.26.44:467][467]LogSlate: FSceneViewport::OnFocusLost() reason 0
[2018.10.16-15.26.58:360][102]BlueprintLog: New page: Compile mySpline
[2018.10.16-15.26.58:802][138]Cmd: OBJ SAVEPACKAGE PACKAGE="/Game/BP/mySpline" FILE="../../../../../../Users/Grizz/Documents/GitHub/Honours-Project/ProcGenCity/Content/BP/mySpline.uasset" SILENT=true
[2018.10.16-15.26.58:816][138]LogSavePackage: Moving '../../../../../../Users/Grizz/Documents/GitHub/Honours-Project/ProcGenCity/Saved/mySpline1E7A22CA48FC87012F608DBA1AEEECFB.tmp' to '../../../../../../Users/Grizz/Documents/GitHub/Honours-Project/ProcGenCity/Content/BP/mySpline.uasset'
[2018.10.16-15.28.04:559][ 91]BlueprintLog: New page: Compile mySpline
[2018.10.16-15.28.05:265][150]Cmd: OBJ SAVEPACKAGE PACKAGE="/Game/BP/mySpline" FILE="../../../../../../Users/Grizz/Documents/GitHub/Honours-Project/ProcGenCity/Content/BP/mySpline.uasset" SILENT=true
[2018.10.16-15.28.05:291][150]LogSavePackage: Moving '../../../../../../Users/Grizz/Documents/GitHub/Honours-Project/ProcGenCity/Saved/mySpline9724A4FD4281CA72E5A49C8A5F191DAC.tmp' to '../../../../../../Users/Grizz/Documents/GitHub/Honours-Project/ProcGenCity/Content/BP/mySpline.uasset'
[2018.10.16-15.29.55:739][920]BlueprintLog: New page: Compile mySpline
[2018.10.16-15.29.56:347][972]Cmd: OBJ SAVEPACKAGE PACKAGE="/Game/BP/mySpline" FILE="../../../../../../Users/Grizz/Documents/GitHub/Honours-Project/ProcGenCity/Content/BP/mySpline.uasset" SILENT=true
[2018.10.16-15.29.56:369][972]LogSavePackage: Moving '../../../../../../Users/Grizz/Documents/GitHub/Honours-Project/ProcGenCity/Saved/mySpline798CEB354B929953D716459B8E6AA85C.tmp' to '../../../../../../Users/Grizz/Documents/GitHub/Honours-Project/ProcGenCity/Content/BP/mySpline.uasset'
[2018.10.16-15.30.16:522][302]LogSlate: FSceneViewport::OnFocusLost() reason 2
[2018.10.16-15.30.30:764][960]LogSlate: FSceneViewport::OnFocusLost() reason 0
[2018.10.16-15.30.34:940][452]BlueprintLog: New page: Compile mySpline
[2018.10.16-15.30.35:517][497]Cmd: OBJ SAVEPACKAGE PACKAGE="/Game/BP/mySpline" FILE="../../../../../../Users/Grizz/Documents/GitHub/Honours-Project/ProcGenCity/Content/BP/mySpline.uasset" SILENT=true
[2018.10.16-15.30.35:540][497]LogSavePackage: Moving '../../../../../../Users/Grizz/Documents/GitHub/Honours-Project/ProcGenCity/Saved/mySpline2FA4B4F84E843838CA16068DEACC30B8.tmp' to '../../../../../../Users/Grizz/Documents/GitHub/Honours-Project/ProcGenCity/Content/BP/mySpline.uasset'
[2018.10.16-15.30.38:590][853]LogSlate: FSceneViewport::OnFocusLost() reason 2
[2018.10.16-15.30.58:476][167]LogEditorViewport: Clicking on Actor (context menu): StaticMeshActor (Ground27)
[2018.10.16-15.30.58:694][167]LogSlate: FSceneViewport::OnFocusLost() reason 2
[2018.10.16-15.30.59:169][217]LogEditorViewport: Clicking on Actor (LMB): mySpline_C (mySpline)
[2018.10.16-15.31.00:353][352]Cmd: DELETE
[2018.10.16-15.31.00:353][352]Cmd: ACTOR DELETE
[2018.10.16-15.31.00:356][352]LogEditorActor: Deleted Actor: mySpline_C
[2018.10.16-15.31.00:385][352]LogEditorActor: Deleted 1 Actors (0.032 secs)
[2018.10.16-15.31.01:256][456]LogSlate: FSceneViewport::OnFocusLost() reason 0
[2018.10.16-15.31.07:884][232]LogSlate: FSceneViewport::OnFocusLost() reason 2
[2018.10.16-15.31.23:531][ 82]LogEditorViewport: Clicking on Actor (LMB): StaticMeshActor (Ground50)
[2018.10.16-15.31.40:328][544]LogSlate: FSceneViewport::OnFocusLost() reason 0
[2018.10.16-15.31.45:648][145]BlueprintLog: New page: Compile mySpline
[2018.10.16-15.31.46:201][188]Cmd: OBJ SAVEPACKAGE PACKAGE="/Game/BP/mySpline" FILE="../../../../../../Users/Grizz/Documents/GitHub/Honours-Project/ProcGenCity/Content/BP/mySpline.uasset" SILENT=true
[2018.10.16-15.31.46:225][188]LogSavePackage: Moving '../../../../../../Users/Grizz/Documents/GitHub/Honours-Project/ProcGenCity/Saved/mySplineEADB25CE4F22DED4810F8CA7361102BF.tmp' to '../../../../../../Users/Grizz/Documents/GitHub/Honours-Project/ProcGenCity/Content/BP/mySpline.uasset'
[2018.10.16-15.31.49:179][408]LogEditorViewport: Clicking on Actor (LMB): mySpline_C (mySpline)
[2018.10.16-15.32.08:817][645]LogSlate: FSceneViewport::OnFocusLost() reason 0
[2018.10.16-15.32.16:641][532]Cmd: EDIT COPY
[2018.10.16-15.32.17:320][606]Cmd: EDIT PASTE
[2018.10.16-15.32.21:659][ 47]Cmd: EDIT COPY
[2018.10.16-15.32.22:003][ 84]Cmd: EDIT PASTE
[2018.10.16-15.32.29:259][813]Cmd: EDIT PASTE
[2018.10.16-15.32.37:705][647]LogEditorViewport: Clicking on Actor (LMB): mySpline_C (mySpline)
[2018.10.16-15.32.40:820][ 10]LogEditorViewport: Clicking on Actor (context menu): mySpline_C (mySpline)
[2018.10.16-15.32.40:848][ 10]LogSlate: FSceneViewport::OnFocusLost() reason 2
[2018.10.16-15.32.41:825][121]LogEditorViewport: Clicking on Actor (context menu): mySpline_C (mySpline)
[2018.10.16-15.32.41:854][121]LogSlate: FSceneViewport::OnFocusLost() reason 2
[2018.10.16-15.32.42:591][203]LogSlate: FSceneViewport::OnFocusLost() reason 2
[2018.10.16-15.32.51:918][296]LogSlate: FSceneViewport::OnFocusLost() reason 2
[2018.10.16-15.32.56:010][770]LogEditorViewport: Clicking on Actor (LMB): StaticMeshActor (Ground71)
[2018.10.16-15.32.57:132][894]LogEditorViewport: Clicking on Actor (LMB): BP_Sky_Sphere_C (BP_Sky_Sphere)
[2018.10.16-15.33.06:113][920]LogSlate: FSceneViewport::OnFocusLost() reason 0
[2018.10.16-15.34.13:019][422]LogSavePackage: Moving '../../../../../../Users/Grizz/Documents/GitHub/Honours-Project/ProcGenCity/Saved/Minimal_Default_Auto14B06065C433B47C3EA904C9D9C42B2A7.tmp' to '../../../../../../Users/Grizz/Documents/GitHub/Honours-Project/ProcGenCity/Saved/Autosaves/Game/StarterContent/Maps/Minimal_Default_Auto1.umap'
[2018.10.16-15.34.13:049][422]LogFileHelpers: Editor autosave (incl. sublevels) for '/Game/StarterContent/Maps/Minimal_Default' took 0.431
[2018.10.16-15.34.13:049][422]LogFileHelpers: Editor autosave (incl. sublevels) for all levels took 0.431
[2018.10.16-15.34.13:051][422]OBJ SavePackage: Generating thumbnails for [1] asset(s) in package [/Game/StarterContent/Materials/M_Basic_Wall] ([1] browsable assets)...
[2018.10.16-15.34.13:063][422]OBJ SavePackage:     Rendered thumbnail for [Material /Game/StarterContent/Materials/M_Basic_Wall.M_Basic_Wall]
[2018.10.16-15.34.13:063][422]OBJ SavePackage: Finished generating thumbnails for package [/Game/StarterContent/Materials/M_Basic_Wall]
[2018.10.16-15.34.13:115][422]LogSavePackage: Moving '../../../../../../Users/Grizz/Documents/GitHub/Honours-Project/ProcGenCity/Saved/M_Basic_Wall_Auto171D9781D433BE4C3870CCF9B18935D59.tmp' to '../../../../../../Users/Grizz/Documents/GitHub/Honours-Project/ProcGenCity/Saved/Autosaves/Game/StarterContent/Materials/M_Basic_Wall_Auto1.uasset'
[2018.10.16-15.34.13:116][422]OBJ SavePackage: Generating thumbnails for [1] asset(s) in package [/Game/StarterContent/Props/Materials/M_Door] ([1] browsable assets)...
[2018.10.16-15.34.13:128][422]OBJ SavePackage:     Rendered thumbnail for [Material /Game/StarterContent/Props/Materials/M_Door.M_Door]
[2018.10.16-15.34.13:128][422]OBJ SavePackage: Finished generating thumbnails for package [/Game/StarterContent/Props/Materials/M_Door]
[2018.10.16-15.34.13:193][422]LogSavePackage: Moving '../../../../../../Users/Grizz/Documents/GitHub/Honours-Project/ProcGenCity/Saved/M_Door_Auto10578640E41EA58617D1250A0267915B3.tmp' to '../../../../../../Users/Grizz/Documents/GitHub/Honours-Project/ProcGenCity/Saved/Autosaves/Game/StarterContent/Props/Materials/M_Door_Auto1.uasset'
[2018.10.16-15.34.13:195][422]OBJ SavePackage: Generating thumbnails for [1] asset(s) in package [/Game/StarterContent/Materials/M_Metal_Gold] ([1] browsable assets)...
[2018.10.16-15.34.13:209][422]OBJ SavePackage:     Rendered thumbnail for [Material /Game/StarterContent/Materials/M_Metal_Gold.M_Metal_Gold]
[2018.10.16-15.34.13:209][422]OBJ SavePackage: Finished generating thumbnails for package [/Game/StarterContent/Materials/M_Metal_Gold]
[2018.10.16-15.34.13:238][422]LogSavePackage: Moving '../../../../../../Users/Grizz/Documents/GitHub/Honours-Project/ProcGenCity/Saved/M_Metal_Gold_Auto17B502F2C4A61AB7839D5D3940F595A8E.tmp' to '../../../../../../Users/Grizz/Documents/GitHub/Honours-Project/ProcGenCity/Saved/Autosaves/Game/StarterContent/Materials/M_Metal_Gold_Auto1.uasset'
[2018.10.16-15.34.13:239][422]OBJ SavePackage: Generating thumbnails for [1] asset(s) in package [/Game/StarterContent/Materials/M_AssetPlatform] ([1] browsable assets)...
[2018.10.16-15.34.13:250][422]OBJ SavePackage:     Rendered thumbnail for [Material /Game/StarterContent/Materials/M_AssetPlatform.M_AssetPlatform]
[2018.10.16-15.34.13:250][422]OBJ SavePackage: Finished generating thumbnails for package [/Game/StarterContent/Materials/M_AssetPlatform]
[2018.10.16-15.34.13:273][422]LogSavePackage: Moving '../../../../../../Users/Grizz/Documents/GitHub/Honours-Project/ProcGenCity/Saved/M_AssetPlatform_Auto19094D53549CC2C77F15733B92ACDFA47.tmp' to '../../../../../../Users/Grizz/Documents/GitHub/Honours-Project/ProcGenCity/Saved/Autosaves/Game/StarterContent/Materials/M_AssetPlatform_Auto1.uasset'
[2018.10.16-15.34.13:275][422]LogFileHelpers: Auto-saving content packages took 0.225
[2018.10.16-15.34.25:575][840]LogRenderer: Reallocating scene render targets to support 1616x1284 Format 10 NumSamples 1 (Frame:60824).
[2018.10.16-15.35.07:936][636]LogAssetEditorManager: Opening Asset editor for Class /Script/ProcGenCity.SplineNetwork
[2018.10.16-15.52.10:441][948]LogSavePackage: Moving '../../../../../../Users/Grizz/Documents/GitHub/Honours-Project/ProcGenCity/Saved/Minimal_DefaultE6496E234C6A819B0D765FA92240BBA2.tmp' to '../../../../../../Users/Grizz/Documents/GitHub/Honours-Project/ProcGenCity/Content/StarterContent/Maps/Minimal_Default.umap'
[2018.10.16-15.52.10:545][948]LogFileHelpers: Saving map 'Minimal_Default' took 4.545
[2018.10.16-15.52.10:569][948]LogSavePackage: Moving '../../../../../../Users/Grizz/Documents/GitHub/Honours-Project/ProcGenCity/Saved/M_Basic_WallCFCE6F9C45B3816FBBD9A39F48A4020F.tmp' to '../../../../../../Users/Grizz/Documents/GitHub/Honours-Project/ProcGenCity/Content/StarterContent/Materials/M_Basic_Wall.uasset'
[2018.10.16-15.52.10:603][948]LogSavePackage: Moving '../../../../../../Users/Grizz/Documents/GitHub/Honours-Project/ProcGenCity/Saved/M_DoorEC35D7FB4172A4E14E7EF19E77234418.tmp' to '../../../../../../Users/Grizz/Documents/GitHub/Honours-Project/ProcGenCity/Content/StarterContent/Props/Materials/M_Door.uasset'
[2018.10.16-15.52.10:634][948]LogSavePackage: Moving '../../../../../../Users/Grizz/Documents/GitHub/Honours-Project/ProcGenCity/Saved/M_Metal_Gold86B1497340EA08B172E34BB8C6FE2050.tmp' to '../../../../../../Users/Grizz/Documents/GitHub/Honours-Project/ProcGenCity/Content/StarterContent/Materials/M_Metal_Gold.uasset'
[2018.10.16-15.52.10:658][948]LogSavePackage: Moving '../../../../../../Users/Grizz/Documents/GitHub/Honours-Project/ProcGenCity/Saved/M_AssetPlatformBC64D7584CD776970EDE729163F4526F.tmp' to '../../../../../../Users/Grizz/Documents/GitHub/Honours-Project/ProcGenCity/Content/StarterContent/Materials/M_AssetPlatform.uasset'
[2018.10.16-15.52.13:542][198]LogSlate: Window 'ProcGenCity - Unreal Editor' being destroyed
[2018.10.16-15.52.14:354][199]Cmd: QUIT_EDITOR
[2018.10.16-15.52.14:555][199]LogWindowsTextInputMethodSystem: Display: IME system now deactivated.
[2018.10.16-15.52.14:906][199]LogExit: Preparing to exit.
[2018.10.16-15.52.15:812][199]LogExit: Editor shut down
[2018.10.16-15.52.15:813][199]LogExit: Transaction tracking system shut down
[2018.10.16-15.52.17:063][199]LogExit: Object subsystem successfully closed.
[2018.10.16-15.52.17:207][199]LogShaderCompilers: Display: Shaders left to compile 0
[2018.10.16-15.52.17:232][199]LogD3D11RHI: Shutdown
[2018.10.16-15.52.17:232][199]LogD3D11RHI: CleanupD3DDevice
[2018.10.16-15.52.17:284][199]LogD3D11RHI: ~FD3D11DynamicRHI
[2018.10.16-15.52.17:332][199]LogModuleManager: Shutting down and abandoning module BlueprintGraph (618)
[2018.10.16-15.52.17:332][199]LogModuleManager: Shutting down and abandoning module HierarchicalLODUtilities (616)
[2018.10.16-15.52.17:332][199]LogModuleManager: Shutting down and abandoning module HierarchicalLODOutliner (614)
[2018.10.16-15.52.17:332][199]LogModuleManager: Shutting down and abandoning module ExternalImagePicker (612)
[2018.10.16-15.52.17:332][199]LogModuleManager: Shutting down and abandoning module SceneOutliner (610)
[2018.10.16-15.52.17:332][199]LogModuleManager: Shutting down and abandoning module AddContentDialog (608)
[2018.10.16-15.52.17:385][199]LogModuleManager: Shutting down and abandoning module WidgetCarousel (607)
[2018.10.16-15.52.17:385][199]LogModuleManager: Shutting down and abandoning module EditorWidgets (604)
[2018.10.16-15.52.17:385][199]LogModuleManager: Shutting down and abandoning module CollectionManager (602)
[2018.10.16-15.52.17:386][199]LogModuleManager: Shutting down and abandoning module StatsViewer (600)
[2018.10.16-15.52.17:386][199]LogModuleManager: Shutting down and abandoning module FoliageEdit (598)
[2018.10.16-15.52.17:386][199]LogModuleManager: Shutting down and abandoning module LandscapeEditor (596)
[2018.10.16-15.52.17:386][199]LogModuleManager: Shutting down and abandoning module MeshPaintMode (594)
[2018.10.16-15.52.17:386][199]LogModuleManager: Shutting down and abandoning module SceneDepthPickerMode (592)
[2018.10.16-15.52.17:386][199]LogModuleManager: Shutting down and abandoning module ActorPickerMode (590)
[2018.10.16-15.52.17:386][199]LogModuleManager: Shutting down and abandoning module GeometryMode (588)
[2018.10.16-15.52.17:386][199]LogModuleManager: Shutting down and abandoning module TextureAlignMode (586)
[2018.10.16-15.52.17:386][199]LogModuleManager: Shutting down and abandoning module BspMode (584)
[2018.10.16-15.52.17:386][199]LogModuleManager: Shutting down and abandoning module PIEPreviewDeviceProfileSelector (582)
[2018.10.16-15.52.17:386][199]LogModuleManager: Shutting down and abandoning module SequenceRecorderSections (580)
[2018.10.16-15.52.17:386][199]LogModuleManager: Shutting down and abandoning module AutomationWorker (578)
[2018.10.16-15.52.17:386][199]LogModuleManager: Shutting down and abandoning module AudioCaptureEditor (576)
[2018.10.16-15.52.17:386][199]LogModuleManager: Shutting down and abandoning module SequenceRecorder (575)
[2018.10.16-15.52.17:386][199]LogModuleManager: Shutting down and abandoning module MatineeToLevelSequence (572)
[2018.10.16-15.52.17:386][199]LogModuleManager: Shutting down and abandoning module LevelSequenceEditor (570)
[2018.10.16-15.52.17:386][199]LogModuleManager: Shutting down and abandoning module PlacementMode (569)
[2018.10.16-15.52.17:386][199]LogModuleManager: Shutting down and abandoning module MaterialEditor (568)
[2018.10.16-15.52.17:386][199]LogModuleManager: Shutting down and abandoning module WmfMediaFactory (564)
[2018.10.16-15.52.17:386][199]LogModuleManager: Shutting down and abandoning module WmfMediaEditor (562)
[2018.10.16-15.52.17:386][199]LogModuleManager: Shutting down and abandoning module MediaPlayerEditor (560)
[2018.10.16-15.52.17:386][199]LogModuleManager: Shutting down and abandoning module OpenExrWrapper (558)
[2018.10.16-15.52.17:386][199]LogModuleManager: Shutting down and abandoning module ImgMediaFactory (556)
[2018.10.16-15.52.17:386][199]LogModuleManager: Shutting down and abandoning module ImgMediaEditor (554)
[2018.10.16-15.52.17:386][199]LogModuleManager: Shutting down and abandoning module AvfMediaFactory (552)
[2018.10.16-15.52.17:386][199]LogModuleManager: Shutting down and abandoning module AvfMediaEditor (550)
[2018.10.16-15.52.17:386][199]LogModuleManager: Shutting down and abandoning module AndroidMediaFactory (548)
[2018.10.16-15.52.17:386][199]LogModuleManager: Shutting down and abandoning module AndroidMediaEditor (546)
[2018.10.16-15.52.17:386][199]LogModuleManager: Shutting down and abandoning module MagicLeapCameraPreviewFactory (544)
[2018.10.16-15.52.17:386][199]LogModuleManager: Shutting down and abandoning module MagicLeapMediaFactory (542)
[2018.10.16-15.52.17:387][199]LogModuleManager: Shutting down and abandoning module MagicLeapMediaEditor (540)
[2018.10.16-15.52.17:387][199]LogModuleManager: Shutting down and abandoning module CharacterAI (538)
[2018.10.16-15.52.17:387][199]LogModuleManager: Shutting down and abandoning module SmartSnapping (536)
[2018.10.16-15.52.17:387][199]LogModuleManager: Shutting down and abandoning module SessionServices (534)
[2018.10.16-15.52.17:387][199]LogModuleManager: Shutting down and abandoning module ViewportSnapping (532)
[2018.10.16-15.52.17:387][199]LogModuleManager: Shutting down and abandoning module ViewportInteraction (530)
[2018.10.16-15.52.17:387][199]LogModuleManager: Shutting down and abandoning module ClothPainter (528)
[2018.10.16-15.52.17:387][199]LogModuleManager: Shutting down and abandoning module SkeletalMeshEditor (527)
[2018.10.16-15.52.17:387][199]LogModuleManager: Shutting down and abandoning module LogVisualizer (524)
[2018.10.16-15.52.17:387][199]LogModuleManager: Shutting down and abandoning module IntroTutorials (522)
[2018.10.16-15.52.17:387][199]LogModuleManager: Shutting down and abandoning module GameProjectGeneration (521)
[2018.10.16-15.52.17:387][199]LogModuleManager: Shutting down and abandoning module LuminPlatformEditor (518)
[2018.10.16-15.52.17:387][199]LogModuleManager: Shutting down and abandoning module IOSPlatformEditor (516)
[2018.10.16-15.52.17:387][199]LogModuleManager: Shutting down and abandoning module HTML5PlatformEditor (514)
[2018.10.16-15.52.17:387][199]LogModuleManager: Shutting down and abandoning module AndroidPlatformEditor (512)
[2018.10.16-15.52.17:387][199]LogModuleManager: Shutting down and abandoning module AndroidDeviceDetection (511)
[2018.10.16-15.52.17:849][199]LogModuleManager: Shutting down and abandoning module WindowsPlatformEditor (508)
[2018.10.16-15.52.17:849][199]LogModuleManager: Shutting down and abandoning module LuminRuntimeSettings (506)
[2018.10.16-15.52.17:849][199]LogModuleManager: Shutting down and abandoning module IOSRuntimeSettings (504)
[2018.10.16-15.52.17:849][199]LogModuleManager: Shutting down and abandoning module AndroidRuntimeSettings (502)
[2018.10.16-15.52.17:849][199]LogModuleManager: Shutting down and abandoning module InputBindingEditor (500)
[2018.10.16-15.52.17:849][199]LogModuleManager: Shutting down and abandoning module MergeActors (498)
[2018.10.16-15.52.17:849][199]LogModuleManager: Shutting down and abandoning module LocalizationDashboard (496)
[2018.10.16-15.52.17:850][199]LogModuleManager: Shutting down and abandoning module LocalizationService (495)
[2018.10.16-15.52.17:850][199]LogModuleManager: Shutting down and abandoning module HardwareTargeting (492)
[2018.10.16-15.52.17:850][199]LogModuleManager: Shutting down and abandoning module DeviceProfileEditor (490)
[2018.10.16-15.52.17:850][199]LogModuleManager: Shutting down and abandoning module UndoHistory (488)
[2018.10.16-15.52.17:850][199]LogModuleManager: Shutting down and abandoning module XmlParser (486)
[2018.10.16-15.52.17:850][199]LogModuleManager: Shutting down and abandoning module Blutility (484)
[2018.10.16-15.52.17:850][199]LogModuleManager: Shutting down and abandoning module ProjectSettingsViewer (482)
[2018.10.16-15.52.17:850][199]LogModuleManager: Shutting down and abandoning module ProjectTargetPlatformEditor (481)
[2018.10.16-15.52.17:851][199]LogModuleManager: Shutting down and abandoning module EditorSettingsViewer (478)
[2018.10.16-15.52.17:851][199]LogModuleManager: Shutting down and abandoning module SettingsEditor (476)
[2018.10.16-15.52.17:851][199]LogModuleManager: Shutting down and abandoning module ProjectLauncher (474)
[2018.10.16-15.52.17:851][199]LogModuleManager: Shutting down and abandoning module SessionFrontend (472)
[2018.10.16-15.52.17:851][199]LogModuleManager: Shutting down and abandoning module ProfilerClient (470)
[2018.10.16-15.52.17:851][199]LogModuleManager: Shutting down and abandoning module DeviceManager (468)
[2018.10.16-15.52.17:851][199]LogModuleManager: Shutting down and abandoning module TargetDeviceServices (467)
[2018.10.16-15.52.17:918][199]LogModuleManager: Shutting down and abandoning module AutomationController (464)
[2018.10.16-15.52.17:918][199]LogModuleManager: Shutting down and abandoning module AutomationWindow (462)
[2018.10.16-15.52.17:918][199]LogModuleManager: Shutting down and abandoning module Layers (460)
[2018.10.16-15.52.17:918][199]LogModuleManager: Shutting down and abandoning module ComponentVisualizers (458)
[2018.10.16-15.52.17:918][199]LogModuleManager: Shutting down and abandoning module DetailCustomizations (456)
[2018.10.16-15.52.17:918][199]LogModuleManager: Shutting down and abandoning module PackagesDialog (454)
[2018.10.16-15.52.17:919][199]LogModuleManager: Shutting down and abandoning module Persona (452)
[2018.10.16-15.52.17:919][199]LogModuleManager: Shutting down and abandoning module AdvancedPreviewScene (451)
[2018.10.16-15.52.17:919][199]LogModuleManager: Shutting down and abandoning module AnimGraph (449)
[2018.10.16-15.52.17:919][199]LogModuleManager: Shutting down and abandoning module Kismet (446)
[2018.10.16-15.52.17:948][199]LogModuleManager: Shutting down and abandoning module GraphEditor (444)
[2018.10.16-15.52.17:948][199]LogModuleManager: Shutting down and abandoning module ClassViewer (442)
[2018.10.16-15.52.17:952][199]LogModuleManager: Shutting down and abandoning module Toolbox (440)
[2018.10.16-15.52.17:952][199]LogModuleManager: Shutting down and abandoning module DesktopPlatform (439)
[2018.10.16-15.52.17:952][199]LogModuleManager: Shutting down and abandoning module ModuleUI (436)
[2018.10.16-15.52.17:952][199]LogModuleManager: Shutting down and abandoning module MovieSceneTools (434)
[2018.10.16-15.52.17:952][199]LogModuleManager: Shutting down and abandoning module OutputLog (432)
[2018.10.16-15.52.17:952][199]LogModuleManager: Shutting down and abandoning module GammaUI (430)
[2018.10.16-15.52.17:953][199]LogModuleManager: Shutting down and abandoning module Documentation (428)
[2018.10.16-15.52.17:953][199]LogModuleManager: Shutting down and abandoning module MovieSceneTracks (426)
[2018.10.16-15.52.17:953][199]LogModuleManager: Shutting down and abandoning module MovieScene (424)
[2018.10.16-15.52.17:953][199]LogModuleManager: Shutting down and abandoning module StreamingPauseRendering (422)
[2018.10.16-15.52.17:954][199]LogModuleManager: Shutting down and abandoning module LauncherPlatform (420)
[2018.10.16-15.52.17:954][199]LogModuleManager: Shutting down and abandoning module AnalyticsET (418)
[2018.10.16-15.52.17:954][199]LogModuleManager: Shutting down and abandoning module PortalServices (416)
[2018.10.16-15.52.17:954][199]LogModuleManager: Shutting down and abandoning module PortalRpc (414)
[2018.10.16-15.52.17:954][199]LogModuleManager: Shutting down and abandoning module MessagingRpc (412)
[2018.10.16-15.52.17:954][199]LogModuleManager: Shutting down and abandoning module AIModule (410)
[2018.10.16-15.52.17:954][199]LogModuleManager: Shutting down and abandoning module GameplayDebugger (409)
[2018.10.16-15.52.17:954][199]LogModuleManager: Shutting down and abandoning module AITestSuite (407)
[2018.10.16-15.52.17:954][199]LogModuleManager: Shutting down and abandoning module NavigationSystem (405)
[2018.10.16-15.52.17:954][199]LogModuleManager: Shutting down and abandoning module ProfilerService (402)
[2018.10.16-15.52.18:194][199]LogModuleManager: Shutting down and abandoning module TaskGraph (400)
[2018.10.16-15.52.18:194][199]LogModuleManager: Shutting down and abandoning module SteamVRController (398)
[2018.10.16-15.52.18:194][199]LogModuleManager: Shutting down and abandoning module ProceduralMeshComponentEditor (396)
[2018.10.16-15.52.18:194][199]LogModuleManager: Shutting down and abandoning module ProceduralMeshComponent (394)
[2018.10.16-15.52.18:194][199]LogModuleManager: Shutting down and abandoning module OculusInput (392)
[2018.10.16-15.52.18:194][199]LogModuleManager: Shutting down and abandoning module MobilePatchingUtils (390)
[2018.10.16-15.52.18:194][199]LogModuleManager: Shutting down and abandoning module EditableMesh (388)
[2018.10.16-15.52.18:194][199]LogModuleManager: Shutting down and abandoning module CustomMeshComponent (386)
[2018.10.16-15.52.18:194][199]LogModuleManager: Shutting down and abandoning module CableComponent (384)
[2018.10.16-15.52.18:194][199]LogModuleManager: Shutting down and abandoning module AudioCapture (382)
[2018.10.16-15.52.18:194][199]LogModuleManager: Shutting down and abandoning module ArchVisCharacter (380)
[2018.10.16-15.52.18:194][199]LogModuleManager: Shutting down and abandoning module AndroidPermission (378)
[2018.10.16-15.52.18:195][199]LogModuleManager: Shutting down and abandoning module NUTUnrealEngine4 (376)
[2018.10.16-15.52.18:195][199]LogModuleManager: Shutting down and abandoning module NetcodeUnitTest (374)
[2018.10.16-15.52.18:195][199]LogModuleManager: Shutting down and abandoning module MediaCompositingEditor (372)
[2018.10.16-15.52.18:195][199]LogModuleManager: Shutting down and abandoning module MediaCompositing (370)
[2018.10.16-15.52.18:195][199]LogModuleManager: Shutting down and abandoning module LinearTimecode (368)
[2018.10.16-15.52.18:195][199]LogModuleManager: Shutting down and abandoning module ImgMedia (366)
[2018.10.16-15.52.18:202][199]LogModuleManager: Shutting down and abandoning module HTML5Networking (364)
[2018.10.16-15.52.18:202][199]LogModuleManager: Shutting down and abandoning module GeometryCacheTracks (362)
[2018.10.16-15.52.18:202][199]LogModuleManager: Shutting down and abandoning module GeometryCacheSequencer (360)
[2018.10.16-15.52.18:202][199]LogModuleManager: Shutting down and abandoning module BackChannel (358)
[2018.10.16-15.52.18:202][199]LogModuleManager: Shutting down and abandoning module AppleVision (356)
[2018.10.16-15.52.18:202][199]LogModuleManager: Shutting down and abandoning module AppleImageUtils (354)
[2018.10.16-15.52.18:202][199]LogModuleManager: Shutting down and abandoning module AlembicImporter (352)
[2018.10.16-15.52.18:202][199]LogModuleManager: Shutting down and abandoning module AlembicLibrary (351)
[2018.10.16-15.52.18:203][199]LogModuleManager: Shutting down and abandoning module GeometryCache (350)
[2018.10.16-15.52.18:203][199]LogModuleManager: Shutting down and abandoning module GeometryCacheEd (349)
[2018.10.16-15.52.18:203][199]LogModuleManager: Shutting down and abandoning module DatasmithContentEditor (344)
[2018.10.16-15.52.18:203][199]LogModuleManager: Shutting down and abandoning module DatasmithContent (342)
[2018.10.16-15.52.18:204][199]LogModuleManager: Shutting down and abandoning module SpeedTreeImporter (340)
[2018.10.16-15.52.18:204][199]LogModuleManager: Shutting down and abandoning module PluginBrowser (338)
[2018.10.16-15.52.18:204][199]LogModuleManager: Shutting down and abandoning module MobileLauncherProfileWizard (336)
[2018.10.16-15.52.18:204][199]LogModuleManager: Shutting down and abandoning module PolygonModeling (334)
[2018.10.16-15.52.18:204][199]LogModuleManager: Shutting down and abandoning module MeshEditor (332)
[2018.10.16-15.52.18:204][199]LogModuleManager: Shutting down and abandoning module CryptoKeysOpenSSL (330)
[2018.10.16-15.52.18:204][199]LogModuleManager: Shutting down and abandoning module CryptoKeys (328)
[2018.10.16-15.52.18:204][199]LogModuleManager: Shutting down and abandoning module VisualStudioSourceCodeAccess (326)
[2018.10.16-15.52.18:204][199]LogModuleManager: Shutting down and abandoning module VisualStudioCodeSourceCodeAccess (324)
[2018.10.16-15.52.18:204][199]LogModuleManager: Shutting down and abandoning module UObjectPlugin (322)
[2018.10.16-15.52.18:204][199]LogModuleManager: Shutting down and abandoning module SubversionSourceControl (320)
[2018.10.16-15.52.18:204][199]LogModuleManager: Shutting down and abandoning module PerforceSourceControl (318)
[2018.10.16-15.52.18:205][199]LogModuleManager: Shutting down and abandoning module GitSourceControl (316)
[2018.10.16-15.52.18:205][199]LogModuleManager: Shutting down and abandoning module SourceControl (315)
[2018.10.16-15.52.18:205][199]LogModuleManager: Shutting down and abandoning module CLionSourceCodeAccess (312)
[2018.10.16-15.52.18:205][199]LogModuleManager: Shutting down and abandoning module LightPropagationVolumeEditor (310)
[2018.10.16-15.52.18:205][199]LogModuleManager: Shutting down and abandoning module PaperTiledImporter (308)
[2018.10.16-15.52.18:205][199]LogModuleManager: Shutting down and abandoning module PaperSpriteSheetImporter (306)
[2018.10.16-15.52.18:205][199]LogModuleManager: Shutting down and abandoning module Paper2DEditor (304)
[2018.10.16-15.52.18:205][199]LogModuleManager: Shutting down and abandoning module MeshPaint (303)
[2018.10.16-15.52.18:205][199]LogModuleManager: Shutting down and abandoning module ProcGenCity (300)
[2018.10.16-15.52.18:205][199]LogModuleManager: Shutting down and abandoning module RuntimePhysXCooking (298)
[2018.10.16-15.52.18:205][199]LogModuleManager: Shutting down and abandoning module PhysXVehiclesEditor (296)
[2018.10.16-15.52.18:206][199]LogModuleManager: Shutting down and abandoning module PhysXVehicles (294)
[2018.10.16-15.52.18:206][199]LogModuleManager: Shutting down and abandoning module OculusEditor (292)
[2018.10.16-15.52.18:206][199]LogModuleManager: Shutting down and abandoning module LocationServicesBPLibrary (290)
[2018.10.16-15.52.18:206][199]LogModuleManager: Shutting down and abandoning module ImmediatePhysicsEditor (288)
[2018.10.16-15.52.18:206][199]LogModuleManager: Shutting down and abandoning module ImmediatePhysics (286)
[2018.10.16-15.52.18:206][199]LogModuleManager: Shutting down and abandoning module ActorSequence (284)
[2018.10.16-15.52.18:206][199]LogModuleManager: Shutting down and abandoning module UdpMessaging (282)
[2018.10.16-15.52.18:307][199]LogModuleManager: Shutting down and abandoning module TcpMessaging (280)
[2018.10.16-15.52.18:408][199]LogModuleManager: Shutting down and abandoning module MagicLeapAudio (278)
[2018.10.16-15.52.18:408][199]LogModuleManager: Shutting down and abandoning module GameplayTagsEditor (276)
[2018.10.16-15.52.18:408][199]LogModuleManager: Shutting down and abandoning module FacialAnimationEditor (274)
[2018.10.16-15.52.18:408][199]LogModuleManager: Shutting down and abandoning module FacialAnimation (272)
[2018.10.16-15.52.18:409][199]LogModuleManager: Shutting down and abandoning module DataValidation (270)
[2018.10.16-15.52.18:409][199]LogModuleManager: Shutting down and abandoning module AssetManagerEditor (268)
[2018.10.16-15.52.18:409][199]LogModuleManager: Shutting down and abandoning module LevelEditor (267)
[2018.10.16-15.52.18:414][199]LogModuleManager: Shutting down and abandoning module PixelInspectorModule (266)
[2018.10.16-15.52.18:415][199]LogModuleManager: Shutting down and abandoning module CommonMenuExtensions (264)
[2018.10.16-15.52.18:416][199]LogModuleManager: Shutting down and abandoning module MainFrame (262)
[2018.10.16-15.52.18:416][199]LogModuleManager: Shutting down and abandoning module HotReload (261)
[2018.10.16-15.52.18:417][199]LogModuleManager: Shutting down and abandoning module ContentBrowser (257)
[2018.10.16-15.52.18:425][199]LogModuleManager: Shutting down and abandoning module TreeMap (255)
[2018.10.16-15.52.18:425][199]LogModuleManager: Shutting down and abandoning module LightPropagationVolumeRuntime (252)
[2018.10.16-15.52.18:426][199]LogModuleManager: Shutting down and abandoning module AISupportModule (250)
[2018.10.16-15.52.18:426][199]LogModuleManager: Shutting down and abandoning module Paper2D (248)
[2018.10.16-15.52.18:426][199]LogModuleManager: Shutting down and abandoning module WindowsMoviePlayer (246)
[2018.10.16-15.52.18:426][199]LogModuleManager: Shutting down and abandoning module WmfMedia (244)
[2018.10.16-15.52.18:432][199]LogModuleManager: Shutting down and abandoning module Media (243)
[2018.10.16-15.52.18:439][199]LogModuleManager: Shutting down and abandoning module PacketHandler (240)
[2018.10.16-15.52.18:439][199]LogModuleManager: Shutting down and abandoning module ClothingSystemEditor (238)
[2018.10.16-15.52.18:439][199]LogModuleManager: Shutting down and abandoning module ClothingSystemRuntime (236)
[2018.10.16-15.52.18:439][199]LogModuleManager: Shutting down and abandoning module MediaAssets (234)
[2018.10.16-15.52.18:439][199]LogModuleManager: Shutting down and abandoning module Overlay (232)
[2018.10.16-15.52.18:439][199]LogModuleManager: Shutting down and abandoning module OverlayEditor (231)
[2018.10.16-15.52.18:439][199]LogModuleManager: Shutting down and abandoning module VREditor (228)
[2018.10.16-15.52.18:439][199]LogModuleManager: Shutting down and abandoning module StringTableEditor (226)
[2018.10.16-15.52.18:439][199]LogModuleManager: Shutting down and abandoning module GameplayTasksEditor (224)
[2018.10.16-15.52.18:439][199]LogModuleManager: Shutting down and abandoning module BehaviorTreeEditor (222)
[2018.10.16-15.52.18:439][199]LogModuleManager: Shutting down and abandoning module FunctionalTesting (220)
[2018.10.16-15.52.18:439][199]LogModuleManager: Shutting down and abandoning module CollisionAnalyzer (218)
[2018.10.16-15.52.18:440][199]LogModuleManager: Shutting down and abandoning module WorkspaceMenuStructure (217)
[2018.10.16-15.52.18:440][199]LogModuleManager: Shutting down and abandoning module UMG (214)
[2018.10.16-15.52.18:440][199]LogModuleManager: Shutting down and abandoning module UMGEditor (213)
[2018.10.16-15.52.18:440][199]LogModuleManager: Shutting down and abandoning module Sequencer (212)
[2018.10.16-15.52.18:440][199]LogModuleManager: Shutting down and abandoning module MessageLog (209)
[2018.10.16-15.52.18:440][199]LogModuleManager: Shutting down and abandoning module SlateReflector (204)
[2018.10.16-15.52.18:441][199]LogModuleManager: Shutting down and abandoning module Slate (202)
[2018.10.16-15.52.18:441][199]LogModuleManager: Shutting down and abandoning module EditorStyle (200)
[2018.10.16-15.52.18:446][199]LogModuleManager: Shutting down and abandoning module MRMesh (198)
[2018.10.16-15.52.18:446][199]LogModuleManager: Shutting down and abandoning module SourceCodeAccess (196)
[2018.10.16-15.52.18:446][199]LogModuleManager: Shutting down and abandoning module HeadMountedDisplay (194)
[2018.10.16-15.52.18:446][199]LogModuleManager: Shutting down and abandoning module XAudio2 (192)
[2018.10.16-15.52.18:446][199]LogModuleManager: Shutting down and abandoning module Networking (190)
[2018.10.16-15.52.18:446][199]LogModuleManager: Shutting down and abandoning module Core (188)
[2018.10.16-15.52.18:446][199]LogModuleManager: Shutting down and abandoning module LevelSequence (186)
[2018.10.16-15.52.18:446][199]LogModuleManager: Shutting down and abandoning module KismetCompiler (184)
[2018.10.16-15.52.18:446][199]LogModuleManager: Shutting down and abandoning module MeshUtilities (182)
[2018.10.16-15.52.18:446][199]LogModuleManager: Shutting down and abandoning module MeshMergeUtilities (181)
[2018.10.16-15.52.18:446][199]LogModuleManager: Shutting down and abandoning module MeshReductionInterface (180)
[2018.10.16-15.52.18:446][199]LogModuleManager: Shutting down and abandoning module SimplygonSwarm (179)
[2018.10.16-15.52.18:447][199]LogModuleManager: Shutting down and abandoning module ProxyLODMeshReduction (177)
[2018.10.16-15.52.18:447][199]LogModuleManager: Shutting down and abandoning module SimplygonMeshReduction (175)
[2018.10.16-15.52.18:447][199]LogModuleManager: Shutting down and abandoning module QuadricMeshReduction (173)
[2018.10.16-15.52.18:447][199]LogModuleManager: Shutting down and abandoning module MaterialBaking (169)
[2018.10.16-15.52.18:447][199]LogModuleManager: Shutting down and abandoning module DirectoryWatcher (165)
[2018.10.16-15.52.18:448][199]LogModuleManager: Shutting down and abandoning module DerivedDataCache (162)
[2018.10.16-15.52.18:515][199]LogDerivedDataCache: Shutdown
[2018.10.16-15.52.18:515][199]LogModuleManager: Shutting down and abandoning module XGEController (160)
[2018.10.16-15.52.18:515][199]LogModuleManager: Shutting down and abandoning module TargetPlatform (158)
[2018.10.16-15.52.18:516][199]LogModuleManager: Shutting down and abandoning module VulkanShaderFormat (157)
[2018.10.16-15.52.18:516][199]LogModuleManager: Shutting down and abandoning module ShaderFormatVectorVM (155)
[2018.10.16-15.52.18:516][199]LogModuleManager: Shutting down and abandoning module ShaderFormatOpenGL (153)
[2018.10.16-15.52.18:516][199]LogModuleManager: Shutting down and abandoning module ShaderFormatD3D (151)
[2018.10.16-15.52.18:516][199]LogModuleManager: Shutting down and abandoning module MetalShaderFormat (149)
[2018.10.16-15.52.18:516][199]LogModuleManager: Shutting down and abandoning module TextureFormatUncompressed (147)
[2018.10.16-15.52.18:516][199]LogModuleManager: Shutting down and abandoning module TextureFormatPVR (145)
[2018.10.16-15.52.18:516][199]LogModuleManager: Shutting down and abandoning module TextureFormatDXT (143)
[2018.10.16-15.52.18:516][199]LogModuleManager: Shutting down and abandoning module TextureFormatIntelISPCTexComp (141)
[2018.10.16-15.52.18:516][199]LogModuleManager: Shutting down and abandoning module TextureFormatASTC (139)
[2018.10.16-15.52.18:516][199]LogModuleManager: Shutting down and abandoning module ImageWrapper (138)
[2018.10.16-15.52.18:516][199]LogModuleManager: Shutting down and abandoning module TextureFormatAndroid (135)
[2018.10.16-15.52.18:516][199]LogModuleManager: Shutting down and abandoning module AudioFormatOpus (133)
[2018.10.16-15.52.18:516][199]LogModuleManager: Shutting down and abandoning module AudioFormatOgg (131)
[2018.10.16-15.52.18:516][199]LogModuleManager: Shutting down and abandoning module AudioFormatADPCM (129)
[2018.10.16-15.52.18:516][199]LogModuleManager: Shutting down and abandoning module LuminTargetPlatform (127)
[2018.10.16-15.52.18:516][199]LogModuleManager: Shutting down and abandoning module LinuxTargetPlatform (125)
[2018.10.16-15.52.18:516][199]LogModuleManager: Shutting down and abandoning module LinuxServerTargetPlatform (123)
[2018.10.16-15.52.18:516][199]LogModuleManager: Shutting down and abandoning module LinuxNoEditorTargetPlatform (121)
[2018.10.16-15.52.18:516][199]LogModuleManager: Shutting down and abandoning module LinuxClientTargetPlatform (119)
[2018.10.16-15.52.18:516][199]LogModuleManager: Shutting down and abandoning module TVOSTargetPlatform (117)
[2018.10.16-15.52.18:521][199]LogModuleManager: Shutting down and abandoning module Messaging (115)
[2018.10.16-15.52.18:521][199]LogModuleManager: Shutting down and abandoning module IOSTargetPlatform (113)
[2018.10.16-15.52.18:552][199]LogModuleManager: Shutting down and abandoning module HTML5TargetPlatform (111)
[2018.10.16-15.52.18:552][199]LogModuleManager: Shutting down and abandoning module AndroidTargetPlatform (109)
[2018.10.16-15.52.18:635][199]LogModuleManager: Shutting down and abandoning module WindowsTargetPlatform (107)
[2018.10.16-15.52.18:635][199]LogModuleManager: Shutting down and abandoning module WindowsServerTargetPlatform (105)
[2018.10.16-15.52.18:635][199]LogModuleManager: Shutting down and abandoning module WindowsNoEditorTargetPlatform (103)
[2018.10.16-15.52.18:635][199]LogModuleManager: Shutting down and abandoning module WindowsClientTargetPlatform (101)
[2018.10.16-15.52.18:635][199]LogModuleManager: Shutting down and abandoning module MacTargetPlatform (99)
[2018.10.16-15.52.18:635][199]LogModuleManager: Shutting down and abandoning module MacServerTargetPlatform (97)
[2018.10.16-15.52.18:635][199]LogModuleManager: Shutting down and abandoning module MacNoEditorTargetPlatform (95)
[2018.10.16-15.52.18:635][199]LogModuleManager: Shutting down and abandoning module MacClientTargetPlatform (93)
[2018.10.16-15.52.18:636][199]LogModuleManager: Shutting down and abandoning module AllDesktopTargetPlatform (91)
[2018.10.16-15.52.18:636][199]LogModuleManager: Shutting down and abandoning module InputCore (88)
[2018.10.16-15.52.18:636][199]LogModuleManager: Shutting down and abandoning module Settings (86)
[2018.10.16-15.52.18:636][199]LogModuleManager: Shutting down and abandoning module PhysXCooking (84)
[2018.10.16-15.52.18:636][199]LogModuleManager: Shutting down and abandoning module SteamVR (82)
[2018.10.16-15.52.18:636][199]LogModuleManager: Shutting down and abandoning module OculusHMD (80)
[2018.10.16-15.52.18:636][199]LogModuleManager: Shutting down and abandoning module ExampleDeviceProfileSelector (78)
[2018.10.16-15.52.18:636][199]LogModuleManager: Shutting down and abandoning module LauncherChunkInstaller (76)
[2018.10.16-15.52.18:636][199]LogModuleManager: Shutting down and abandoning module OnlineBlueprintSupport (74)
[2018.10.16-15.52.18:636][199]LogModuleManager: Shutting down and abandoning module OnlineSubsystem (70)
[2018.10.16-15.52.18:637][199]LogModuleManager: Shutting down and abandoning module XMPP (65)
[2018.10.16-15.52.18:637][199]LogModuleManager: Shutting down and abandoning module WebSockets (64)
[2018.10.16-15.52.18:669][199]LogModuleManager: Shutting down and abandoning module HTTP (61)
[2018.10.16-15.52.18:669][199]LogHttp: Display: Http module shutting down, but needs to wait on 1 outstanding Http requests:
[2018.10.16-15.52.18:670][199]LogHttp: Display: 	verb=[POST] url=[https://datarouter.ol.epicgames.com/datarouter/api/v1/public/data?SessionID=%7BEB171DCA-46EF-5F81-7890-F796E39FD07E%7D&AppID=UEEditor.Rocket.Release&AppVersion=4.20.3-4369336%2B%2B%2BUE4%2BRelease-4.20&UserID=99f1fef04ee08b5c0286e1bff4a3a914%7C376366b50c2344869c8cfe76ddc4be9a%7Cb69d4af5-f56e-4f70-9ec4-ba256a657e02&AppEnvironment=datacollector-binary&UploadType=eteventstream] status=Processing
[2018.10.16-15.52.18:725][199]LogModuleManager: Shutting down and abandoning module SSL (60)
[2018.10.16-15.52.18:971][199]LogModuleManager: Shutting down and abandoning module MagicLeapEmulator (56)
[2018.10.16-15.52.18:971][199]LogModuleManager: Shutting down and abandoning module MagicLeapPrivileges (54)
[2018.10.16-15.52.18:971][199]LogModuleManager: Shutting down and abandoning module MagicLeapIdentity (52)
[2018.10.16-15.52.18:971][199]LogModuleManager: Shutting down and abandoning module MagicLeapHelperVulkan (50)
[2018.10.16-15.52.18:971][199]LogModuleManager: Shutting down and abandoning module MagicLeapHelperOpenGL (48)
[2018.10.16-15.52.18:971][199]LogModuleManager: Shutting down and abandoning module MagicLeapSecureStorage (46)
[2018.10.16-15.52.18:971][199]LogModuleManager: Shutting down and abandoning module MagicLeapGestures (44)
[2018.10.16-15.52.18:971][199]LogModuleManager: Shutting down and abandoning module MagicLeapEyeTracker (42)
[2018.10.16-15.52.18:971][199]LogModuleManager: Shutting down and abandoning module MagicLeapController (40)
[2018.10.16-15.52.19:043][199]LogSlate: Slate User Destroyed.  User Index 0, Is Virtual User: 0
[2018.10.16-15.52.19:044][199]LogModuleManager: Shutting down and abandoning module MagicLeap (38)
[2018.10.16-15.52.19:044][199]LogModuleManager: Shutting down and abandoning module AnimationModifiers (36)
[2018.10.16-15.52.19:044][199]LogModuleManager: Shutting down and abandoning module PropertyEditor (35)
[2018.10.16-15.52.19:044][199]LogModuleManager: Shutting down and abandoning module AudioEditor (32)
[2018.10.16-15.52.19:044][199]LogModuleManager: Shutting down and abandoning module TextureCompressor (30)
[2018.10.16-15.52.19:046][199]LogModuleManager: Shutting down and abandoning module ShaderCore (28)
[2018.10.16-15.52.19:046][199]LogModuleManager: Shutting down and abandoning module Landscape (26)
[2018.10.16-15.52.19:046][199]LogModuleManager: Shutting down and abandoning module SlateRHIRenderer (24)
[2018.10.16-15.52.19:082][199]LogModuleManager: Shutting down and abandoning module OpenGLDrv (22)
[2018.10.16-15.52.19:082][199]LogModuleManager: Shutting down and abandoning module D3D11RHI (20)
[2018.10.16-15.52.19:082][199]LogModuleManager: Shutting down and abandoning module AnimGraphRuntime (18)
[2018.10.16-15.52.19:082][199]LogModuleManager: Shutting down and abandoning module Renderer (16)
[2018.10.16-15.52.19:082][199]LogModuleManager: Shutting down and abandoning module Engine (14)
[2018.10.16-15.52.19:082][199]LogModuleManager: Shutting down and abandoning module CoreUObject (12)
[2018.10.16-15.52.19:082][199]LogModuleManager: Shutting down and abandoning module NetworkFile (10)
[2018.10.16-15.52.19:082][199]LogModuleManager: Shutting down and abandoning module CookedIterativeFile (8)
[2018.10.16-15.52.19:082][199]LogModuleManager: Shutting down and abandoning module StreamingFile (6)
[2018.10.16-15.52.19:082][199]LogModuleManager: Shutting down and abandoning module SandboxFile (4)
[2018.10.16-15.52.19:082][199]LogModuleManager: Shutting down and abandoning module PakFile (2)
[2018.10.16-15.52.19:091][199]LogExit: Exiting.
[2018.10.16-15.52.19:283][199]Log file closed, 10/16/18 16:52:19
