Log file open, 10/19/18 12:22:59
LogWindows: Failed to load 'aqProf.dll' (GetLastError=126)
LogWindows: File 'aqProf.dll' does not exist
LogWindows: Failed to load 'VtuneApi.dll' (GetLastError=126)
LogWindows: File 'VtuneApi.dll' does not exist
LogWindows: Failed to load 'VtuneApi32e.dll' (GetLastError=126)
LogWindows: File 'VtuneApi32e.dll' does not exist
LogInit: Display: Running engine for game: ProcGenCity
LogPlatformFile: Not using cached read wrapper
LogTaskGraph: Started task graph with 5 named threads and 23 total threads with 3 sets of task threads.
LogStats: Stats thread started at 5.418810
LogD3D11RHI: Loaded GFSDK_Aftermath_Lib.x64.dll
LogICUInternationalization: Display: ICU TimeZone Detection - Raw Offset: +0:00, Platform Override: ''
LogPluginManager: Mounting plugin Paper2D
LogPluginManager: Mounting plugin AISupport
LogPluginManager: Mounting plugin LightPropagationVolume
LogPluginManager: Mounting plugin CLionSourceCodeAccess
LogPluginManager: Mounting plugin CodeLiteSourceCodeAccess
LogPluginManager: Mounting plugin GitSourceControl
LogPluginManager: Mounting plugin KDevelopSourceCodeAccess
LogPluginManager: Mounting plugin NullSourceCodeAccess
LogPluginManager: Mounting plugin PerforceSourceControl
LogPluginManager: Mounting plugin SubversionSourceControl
LogPluginManager: Mounting plugin UObjectPlugin
LogPluginManager: Mounting plugin VisualStudioCodeSourceCodeAccess
LogPluginManager: Mounting plugin VisualStudioSourceCodeAccess
LogPluginManager: Mounting plugin XCodeSourceCodeAccess
LogPluginManager: Mounting plugin AssetManagerEditor
LogPluginManager: Mounting plugin CryptoKeys
LogPluginManager: Mounting plugin DataValidation
LogPluginManager: Mounting plugin FacialAnimation
LogPluginManager: Mounting plugin GameplayTagsEditor
LogPluginManager: Mounting plugin MacGraphicsSwitching
LogPluginManager: Mounting plugin MeshEditor
LogPluginManager: Mounting plugin MobileLauncherProfileWizard
LogPluginManager: Mounting plugin PluginBrowser
LogPluginManager: Mounting plugin SpeedTreeImporter
LogPluginManager: Mounting plugin DatasmithContent
LogPluginManager: Mounting plugin AlembicImporter
LogPluginManager: Mounting plugin AppleImageUtils
LogPluginManager: Mounting plugin AppleVision
LogPluginManager: Mounting plugin BackChannel
LogPluginManager: Mounting plugin CharacterAI
LogPluginManager: Mounting plugin GeometryCache
LogPluginManager: Mounting plugin HTML5Networking
LogPluginManager: Mounting plugin ProxyLODPlugin
LogPluginManager: Mounting plugin MagicLeap
LogPluginManager: Mounting plugin MagicLeapEmulator
LogPluginManager: Mounting plugin MagicLeapMedia
LogPluginManager: Mounting plugin AndroidMedia
LogPluginManager: Mounting plugin AvfMedia
LogPluginManager: Mounting plugin ImgMedia
LogPluginManager: Mounting plugin LinearTimecode
LogPluginManager: Mounting plugin MediaCompositing
LogPluginManager: Mounting plugin MediaPlayerEditor
LogPluginManager: Mounting plugin WmfMedia
LogPluginManager: Mounting plugin TcpMessaging
LogPluginManager: Mounting plugin UdpMessaging
LogPluginManager: Mounting plugin ActorSequence
LogPluginManager: Mounting plugin LevelSequenceEditor
LogPluginManager: Mounting plugin MatineeToLevelSequence
LogPluginManager: Mounting plugin NetcodeUnitTest
LogPluginManager: Mounting plugin NUTUnrealEngine4
LogPluginManager: Mounting plugin OnlineSubsystemGooglePlay
LogPluginManager: Mounting plugin OnlineSubsystemIOS
LogPluginManager: Mounting plugin OnlineSubsystem
LogPluginManager: Mounting plugin OnlineSubsystemNull
LogPluginManager: Mounting plugin OnlineSubsystemUtils
LogPluginManager: Mounting plugin LauncherChunkInstaller
LogPluginManager: Mounting plugin AndroidDeviceProfileSelector
LogPluginManager: Mounting plugin AndroidMoviePlayer
LogPluginManager: Mounting plugin AndroidPermission
LogPluginManager: Mounting plugin AppleMoviePlayer
LogPluginManager: Mounting plugin ArchVisCharacter
LogPluginManager: Mounting plugin AudioCapture
LogPluginManager: Mounting plugin CableComponent
LogPluginManager: Mounting plugin CustomMeshComponent
LogPluginManager: Mounting plugin EditableMesh
LogPluginManager: Mounting plugin ExampleDeviceProfileSelector
LogPluginManager: Mounting plugin GoogleCloudMessaging
LogPluginManager: Mounting plugin ImmediatePhysics
LogPluginManager: Mounting plugin IOSDeviceProfileSelector
LogPluginManager: Mounting plugin LinuxDeviceProfileSelector
LogPluginManager: Mounting plugin LocationServicesBPLibrary
LogPluginManager: Mounting plugin MobilePatchingUtils
LogPluginManager: Mounting plugin OculusVR
LogPluginManager: Plugin shader directory ../../../Engine/Plugins/Runtime/Oculus/OculusVR/Shaders found
LogPluginManager: Mapping shader source directory ../../../Engine/Plugins/Runtime/Oculus/OculusVR/Shaders to virtual directory /Plugin/OculusVR
LogPluginManager: Mounting plugin PhysXVehicles
LogPluginManager: Mounting plugin ProceduralMeshComponent
LogPluginManager: Mounting plugin RuntimePhysXCooking
LogPluginManager: Mounting plugin SteamVR
LogPluginManager: Mounting plugin WindowsMoviePlayer
LogStreaming: Display: Took  0.437s to configure plugins.
LogInit: Using libcurl 7.55.1-DEV
LogInit:  - built for x86_64-pc-win32
LogInit:  - supports SSL with OpenSSL/1.0.2h
LogInit:  - supports HTTP deflate (compression) using libz 1.2.8
LogInit:  - other features:
LogInit:      CURL_VERSION_SSL
LogInit:      CURL_VERSION_LIBZ
LogInit:      CURL_VERSION_IPV6
LogInit:      CURL_VERSION_ASYNCHDNS
LogInit:      CURL_VERSION_LARGEFILE
LogInit:      CURL_VERSION_IDN
LogInit:  CurlRequestOptions (configurable via config and command line):
LogInit:  - bVerifyPeer = false  - Libcurl will NOT verify peer certificate
LogInit:  - bUseHttpProxy = false  - Libcurl will NOT use HTTP proxy
LogInit:  - bDontReuseConnections = false  - Libcurl will reuse connections
LogInit:  - CertBundlePath = nullptr  - Libcurl will use whatever was configured at build time.
LogInit:  - MaxHostConnections = 16  - Libcurl will limit the number of connections to a host
LogInit:  - LocalHostAddr = Default
LogInit:  - BufferSize = 65536
LogInit: WinSock: version 1.1 (2.2), MaxSocks=32767, MaxUdp=65467
LogInit: Build: ++UE4+Release-4.20-CL-4369336
LogInit: Engine Version: 4.20.3-4369336+++UE4+Release-4.20
LogInit: Compatible Engine Version: 4.20.0-4212847+++UE4+Release-4.20
LogInit: Net CL: 4212847
LogInit: OS: Windows 10 (), CPU: Intel(R) Core(TM) i7-4770K CPU @ 3.50GHz, GPU: NVIDIA GeForce GTX 1060 6GB
LogInit: Compiled (64-bit): Sep 17 2018 12:26:19
LogInit: Compiled with Visual C++: 19.13.26129.00
LogInit: Build Configuration: Development
LogInit: Branch Name: ++UE4+Release-4.20
LogInit: Command Line:  
LogInit: Base Directory: C:/Program Files/Epic Games/UE_4.20/Engine/Binaries/Win64/
LogInit: Installed Engine Build: 1
LogDevObjectVersion: Number of dev versions registered: 20
LogDevObjectVersion:   Dev-Blueprints (B0D832E4-1F89-4F0D-ACCF-7EB736FD4AA2): 10
LogDevObjectVersion:   Dev-Build (E1C64328-A22C-4D53-A36C-8E866417BD8C): 0
LogDevObjectVersion:   Dev-Core (375EC13C-06E4-48FB-B500-84F0262A717E): 2
LogDevObjectVersion:   Dev-Editor (E4B068ED-F494-42E9-A231-DA0B2E46BB41): 24
LogDevObjectVersion:   Dev-Framework (CFFC743F-43B0-4480-9391-14DF171D2073): 34
LogDevObjectVersion:   Dev-Mobile (B02B49B5-BB20-44E9-A304-32B752E40360): 2
LogDevObjectVersion:   Dev-Networking (A4E4105C-59A1-49B5-A7C5-40C4547EDFEE): 0
LogDevObjectVersion:   Dev-Online (39C831C9-5AE6-47DC-9A44-9C173E1C8E7C): 0
LogDevObjectVersion:   Dev-Physics (78F01B33-EBEA-4F98-B9B4-84EACCB95AA2): 0
LogDevObjectVersion:   Dev-Platform (6631380F-2D4D-43E0-8009-CF276956A95A): 0
LogDevObjectVersion:   Dev-Rendering (12F88B9F-8875-4AFC-A67C-D90C383ABD29): 26
LogDevObjectVersion:   Dev-Sequencer (7B5AE74C-D270-4C10-A958-57980B212A5A): 9
LogDevObjectVersion:   Dev-VR (D7296918-1DD6-4BDD-9DE2-64A83CC13884): 2
LogDevObjectVersion:   Dev-LoadTimes (C2A15278-BFE7-4AFE-6C17-90FF531DF755): 1
LogDevObjectVersion:   Private-Geometry (6EACA3D4-40EC-4CC1-B786-8BED09428FC5): 3
LogDevObjectVersion:   Dev-AnimPhys (29E575DD-E0A3-4627-9D10-D276232CDCEA): 17
LogDevObjectVersion:   Dev-ReflectionCapture (6B266CEC-1EC7-4B8F-A30B-E4D90942FC07): 1
LogDevObjectVersion:   Dev-Automation (0DF73D61-A23F-47EA-B727-89E90C41499A): 1
LogDevObjectVersion:   FortniteMain (601D1886-AC64-4F84-AA16-D3DE0DEAC7D6): 12
LogDevObjectVersion:   Dev-Enterprise (9DFFBCD6-494F-0158-E221-12823C92A888): 1
LogStreaming: Display: Took  0.034s to delete old logs.
LogInit: Presizing for max 8388607 objects, including 0 objects not considered by GC, pre-allocating 0 bytes for permanent pool.
LogInit: Object subsystem initialized
[2018.10.19-11.23.04:168][  0]LogInit: Selected Device Profile: [Windows]
[2018.10.19-11.23.04:168][  0]LogInit: Applying CVar settings loaded from the selected device profile: [Windows]
[2018.10.19-11.23.04:307][  0]LogHAL: Display: Platform has ~ 16 GB [17062375424 / 17179869184 / 16], which maps to Larger [LargestMinGB=32, LargerMinGB=12, DefaultMinGB=8, SmallerMinGB=6, SmallestMinGB=0)
[2018.10.19-11.23.04:331][  0]LogInit: Setting Device Profile CVar: [[r.Vulkan.UseRealUBs:1]]
[2018.10.19-11.23.04:331][  0]LogInit: Going up to parent DeviceProfile []
[2018.10.19-11.23.04:469][  0]LogInit: Computer: KEVIN
[2018.10.19-11.23.04:469][  0]LogInit: User: Grizz
[2018.10.19-11.23.04:469][  0]LogInit: CPU Page size=4096, Cores=4
[2018.10.19-11.23.04:470][  0]LogInit: High frequency timer resolution =3.410073 MHz
[2018.10.19-11.23.04:470][  0]LogMemory: Memory total: Physical=15.9GB (16GB approx)
[2018.10.19-11.23.04:470][  0]LogMemory: Platform Memory Stats for Windows
[2018.10.19-11.23.04:470][  0]LogMemory: Process Physical Memory: 99.94 MB used, 99.94 MB peak
[2018.10.19-11.23.04:470][  0]LogMemory: Process Virtual Memory: 91.20 MB used, 91.20 MB peak
[2018.10.19-11.23.04:470][  0]LogMemory: Physical Memory: 7695.38 MB used,  8576.57 MB free, 16271.95 MB total
[2018.10.19-11.23.04:470][  0]LogMemory: Virtual Memory: 4640.32 MB used,  8576.57 MB free, 134217728.00 MB total
[2018.10.19-11.23.05:986][  0]LogInit: Using OS detected language (en-GB).
[2018.10.19-11.23.05:986][  0]LogInit: Using OS detected locale (en-GB).
[2018.10.19-11.23.06:045][  0]LogTextLocalizationManager: No specific localization for 'en-GB' exists, so the 'en' localization will be used.
[2018.10.19-11.23.07:178][  0]LogStreaming: Display: Took  1.173s to InitEngineTextLocalization.
[2018.10.19-11.23.07:197][  0]LogInit: Setting process to per monitor DPI aware
[2018.10.19-11.23.08:055][  0]LogSlate: New Slate User Created.  User Index 0, Is Virtual User: 0
[2018.10.19-11.23.08:055][  0]LogSlate: Slate User Registered.  User Index 0, Is Virtual User: 0
[2018.10.19-11.23.18:723][  0]LogHMD: Failed to initialize OpenVR with code 105
[2018.10.19-11.23.18:723][  0]LogD3D11RHI: D3D11 adapters:
[2018.10.19-11.23.18:797][  0]LogD3D11RHI:    0. 'NVIDIA GeForce GTX 1060 6GB' (Feature Level 11_0)
[2018.10.19-11.23.18:797][  0]LogD3D11RHI:       6052/0/8135 MB DedicatedVideo/DedicatedSystem/SharedSystem, Outputs:2, VendorId:0x10de
[2018.10.19-11.23.18:810][  0]LogD3D11RHI:    1. 'Intel(R) HD Graphics 4600' (Feature Level 11_0)
[2018.10.19-11.23.18:810][  0]LogD3D11RHI:       112/0/2048 MB DedicatedVideo/DedicatedSystem/SharedSystem, Outputs:0, VendorId:0x8086
[2018.10.19-11.23.18:839][  0]LogD3D11RHI:    2. 'Microsoft Basic Render Driver' (Feature Level 11_0)
[2018.10.19-11.23.18:839][  0]LogD3D11RHI:       0/0/8135 MB DedicatedVideo/DedicatedSystem/SharedSystem, Outputs:0, VendorId:0x1414
[2018.10.19-11.23.18:839][  0]LogD3D11RHI: Chosen D3D11 Adapter: 0
[2018.10.19-11.23.18:871][  0]LogD3D11RHI: Creating new Direct3DDevice
[2018.10.19-11.23.18:871][  0]LogD3D11RHI:     GPU DeviceId: 0x1c03 (for the marketing name, search the web for "GPU Device Id")
[2018.10.19-11.23.18:884][  0]LogWindows: EnumDisplayDevices:
[2018.10.19-11.23.18:884][  0]LogWindows:    0. 'NVIDIA GeForce GTX 1060 6GB' (P:1 D:1)
[2018.10.19-11.23.18:885][  0]LogWindows:    1. 'NVIDIA GeForce GTX 1060 6GB' (P:0 D:1)
[2018.10.19-11.23.18:885][  0]LogWindows:    2. 'NVIDIA GeForce GTX 1060 6GB' (P:0 D:0)
[2018.10.19-11.23.18:885][  0]LogWindows:    3. 'NVIDIA GeForce GTX 1060 6GB' (P:0 D:0)
[2018.10.19-11.23.18:885][  0]LogWindows:    4. 'Intel(R) HD Graphics 4600' (P:0 D:0)
[2018.10.19-11.23.18:885][  0]LogWindows:    5. 'Intel(R) HD Graphics 4600' (P:0 D:0)
[2018.10.19-11.23.18:886][  0]LogWindows:    6. 'Intel(R) HD Graphics 4600' (P:0 D:0)
[2018.10.19-11.23.18:886][  0]LogWindows: DebugString: PrimaryIsNotTheChoosenAdapter PrimaryIsNotTheChoosenAdapter PrimaryIsNotTheChoosenAdapter FoundDriverCount:4 
[2018.10.19-11.23.18:886][  0]LogD3D11RHI:     Adapter Name: NVIDIA GeForce GTX 1060 6GB
[2018.10.19-11.23.18:886][  0]LogD3D11RHI:   Driver Version: 416.16 (internal:25.21.14.1616, unified:416.16)
[2018.10.19-11.23.18:886][  0]LogD3D11RHI:      Driver Date: 10-2-2018
[2018.10.19-11.23.18:886][  0]LogRHI: Texture pool is 4236 MB (70% of 6052 MB)
[2018.10.19-11.23.19:015][  0]LogD3D11RHI: Async texture creation enabled
[2018.10.19-11.23.19:471][  0]LogD3D11RHI: GPU Timing Frequency: 1000.000000 (Debug: 2 2)
[2018.10.19-11.23.19:678][  0]LogShaderCompilers: Guid format shader working directory is -30 characters bigger than the processId version (../../../../../../Users/Grizz/Documents/GitHub/Honours-Project/ProcGenCity/Intermediate/Shaders/WorkingDirectory/157356/).
[2018.10.19-11.23.19:678][  0]LogShaderCompilers: Cleaned the shader compiler working directory 'C:/Users/Grizz/AppData/Local/Temp/UnrealShaderWorkingDir/837EFC1942B11DE04FD174AE079C03D0/'.
[2018.10.19-11.23.21:840][  0]LogTemp: Display: Loaded TP AllDesktopTargetPlatform
[2018.10.19-11.23.21:936][  0]LogTemp: Display: Loaded TP MacClientTargetPlatform
[2018.10.19-11.23.21:973][  0]LogTemp: Display: Loaded TP MacNoEditorTargetPlatform
[2018.10.19-11.23.22:025][  0]LogTemp: Display: Loaded TP MacServerTargetPlatform
[2018.10.19-11.23.22:134][  0]LogTemp: Display: Loaded TP MacTargetPlatform
[2018.10.19-11.23.22:223][  0]LogTemp: Display: Loaded TP WindowsClientTargetPlatform
[2018.10.19-11.23.22:299][  0]LogTemp: Display: Loaded TP WindowsNoEditorTargetPlatform
[2018.10.19-11.23.22:361][  0]LogTemp: Display: Loaded TP WindowsServerTargetPlatform
[2018.10.19-11.23.22:402][  0]LogTemp: Display: Loaded TP WindowsTargetPlatform
[2018.10.19-11.23.22:713][  0]LogTemp: Display: Loaded TP AndroidTargetPlatform
[2018.10.19-11.23.22:713][  0]LogTemp: Display: Loaded TP AndroidTargetPlatform
[2018.10.19-11.23.22:713][  0]LogTemp: Display: Loaded TP AndroidTargetPlatform
[2018.10.19-11.23.22:713][  0]LogTemp: Display: Loaded TP AndroidTargetPlatform
[2018.10.19-11.23.22:713][  0]LogTemp: Display: Loaded TP AndroidTargetPlatform
[2018.10.19-11.23.22:713][  0]LogTemp: Display: Loaded TP AndroidTargetPlatform
[2018.10.19-11.23.22:713][  0]LogTemp: Display: Loaded TP AndroidTargetPlatform
[2018.10.19-11.23.22:713][  0]LogTemp: Display: Loaded TP AndroidTargetPlatform
[2018.10.19-11.23.22:713][  0]LogTemp: Display: Loaded TP AndroidTargetPlatform
[2018.10.19-11.23.22:713][  0]LogTemp: Display: Loaded TP AndroidTargetPlatform
[2018.10.19-11.23.22:713][  0]LogTemp: Display: Loaded TP AndroidTargetPlatform
[2018.10.19-11.23.22:714][  0]LogTemp: Display: Loaded TP AndroidTargetPlatform
[2018.10.19-11.23.22:714][  0]LogTemp: Display: Loaded TP AndroidTargetPlatform
[2018.10.19-11.23.22:714][  0]LogTemp: Display: Loaded TP AndroidTargetPlatform
[2018.10.19-11.23.22:714][  0]LogTemp: Display: Loaded TP AndroidTargetPlatform
[2018.10.19-11.23.22:714][  0]LogTemp: Display: Loaded TP AndroidTargetPlatform
[2018.10.19-11.23.22:714][  0]LogTemp: Display: Loaded TP AndroidTargetPlatform
[2018.10.19-11.23.22:714][  0]LogTemp: Display: Loaded TP AndroidTargetPlatform
[2018.10.19-11.23.22:792][  0]LogTemp: Display: Loaded TP HTML5TargetPlatform
[2018.10.19-11.23.23:006][  0]LogTemp: Display: Loaded TP IOSTargetPlatform
[2018.10.19-11.23.23:006][  0]LogTemp: Display: Loaded TP IOSTargetPlatform
[2018.10.19-11.23.23:091][  0]LogTemp: Display: Loaded TP TVOSTargetPlatform
[2018.10.19-11.23.23:092][  0]LogTemp: Display: Loaded TP TVOSTargetPlatform
[2018.10.19-11.23.23:128][  0]LogTemp: Display: Loaded TP LinuxClientTargetPlatform
[2018.10.19-11.23.23:246][  0]LogTemp: Display: Loaded TP LinuxNoEditorTargetPlatform
[2018.10.19-11.23.23:327][  0]LogTemp: Display: Loaded TP LinuxServerTargetPlatform
[2018.10.19-11.23.23:431][  0]LogTemp: Display: Loaded TP LinuxTargetPlatform
[2018.10.19-11.23.23:504][  0]LogTemp: Display: Loaded TP LuminTargetPlatform
[2018.10.19-11.23.23:504][  0]LogTargetPlatformManager: Display: Building Assets For Windows
[2018.10.19-11.23.24:900][  0]LogXGEController: Cleaning working directory: C:/Users/Grizz/AppData/Local/Temp/UnrealXGEWorkingDir/
[2018.10.19-11.23.24:900][  0]LogXGEController: Cannot use XGE Controller as Incredibuild is not installed on this machine.
[2018.10.19-11.23.24:900][  0]LogShaderCompilers: Cannot use XGE Shader Compiler as Incredibuild is not installed on this machine.
[2018.10.19-11.23.24:900][  0]LogShaderCompilers: Display: Using Local Shader Compiler.
[2018.10.19-11.23.34:782][  0]LogDerivedDataCache: Display: Max Cache Size: 512 MB
[2018.10.19-11.23.35:280][  0]LogDerivedDataCache: Loaded boot cache 0.48s 71MB C:/Users/Grizz/AppData/Local/UnrealEngine/4.20/DerivedDataCache/Boot.ddc.
[2018.10.19-11.23.35:281][  0]LogDerivedDataCache: Display: Loaded Boot cache: C:/Users/Grizz/AppData/Local/UnrealEngine/4.20/DerivedDataCache/Boot.ddc
[2018.10.19-11.23.35:281][  0]LogDerivedDataCache: FDerivedDataBackendGraph:  Pak pak cache file ../../../../../../Users/Grizz/Documents/GitHub/Honours-Project/ProcGenCity/DerivedDataCache/DDC.ddp not found, will not use a pak cache.
[2018.10.19-11.23.35:281][  0]LogDerivedDataCache: Unable to find inner node Pak for hierarchical cache Hierarchy.
[2018.10.19-11.23.35:281][  0]LogDerivedDataCache: FDerivedDataBackendGraph:  CompressedPak pak cache file ../../../../../../Users/Grizz/Documents/GitHub/Honours-Project/ProcGenCity/DerivedDataCache/Compressed.ddp not found, will not use a pak cache.
[2018.10.19-11.23.35:281][  0]LogDerivedDataCache: Unable to find inner node CompressedPak for hierarchical cache Hierarchy.
[2018.10.19-11.23.35:360][  0]LogDerivedDataCache: Display: Pak cache opened for reading ../../../Engine/DerivedDataCache/Compressed.ddp.
[2018.10.19-11.23.35:390][  0]LogDerivedDataCache: Using Local data cache path C:/Users/Grizz/AppData/Local/UnrealEngine/Common/DerivedDataCache: Writable
[2018.10.19-11.23.35:390][  0]LogDerivedDataCache: Shared data cache path not found in *engine.ini, will not use an Shared cache.
[2018.10.19-11.23.35:390][  0]LogDerivedDataCache: Unable to find inner node Shared for hierarchical cache Hierarchy.
[2018.10.19-11.23.35:456][  0]LogMaterial: Verifying Global Shaders for PCD3D_SM5
[2018.10.19-11.23.35:518][  0]LogSlate: Using FreeType 2.6.0
[2018.10.19-11.23.35:658][  0]LogSlate: SlateFontServices - WITH_FREETYPE: 1, WITH_HARFBUZZ: 1
[2018.10.19-11.23.38:242][  0]LogAssetRegistry: FAssetRegistry took 0.0373 seconds to start up
[2018.10.19-11.23.42:907][  0]LogInit: Selected Device Profile: [Windows]
[2018.10.19-11.23.48:471][  0]LogSimplygon: Simplygon DLL not present - disabling.
[2018.10.19-11.23.49:056][  0]LogMeshReduction: Using SimplygonSwarm for distributed automatic mesh merging
[2018.10.19-11.23.49:057][  0]LogMeshReduction: Using ProxyLODMeshReduction for automatic mesh merging
[2018.10.19-11.23.49:057][  0]LogMeshReduction: Using QuadricMeshReduction for automatic static mesh reduction
[2018.10.19-11.23.49:057][  0]LogMeshReduction: No automatic skeletal mesh reduction module available
[2018.10.19-11.23.49:811][  0]LogNetVersion: ProcGenCity 1.0.0, NetCL: 4212847, EngineNetVer: 5, GameNetVer: 0 (Checksum: 2895139612)
[2018.10.19-11.23.59:387][  0]LogPackageLocalizationCache: Processed 11 localized package path(s) for 2 prioritized culture(s) in 0.271559 seconds
[2018.10.19-11.23.59:433][  0]LogUObjectArray: 38425 objects as part of root set at end of initial load.
[2018.10.19-11.23.59:433][  0]LogUObjectAllocator: 6690872 out of 0 bytes used by permanent object pool.
[2018.10.19-11.23.59:433][  0]LogUObjectArray: CloseDisregardForGC: 0/0 objects in disregard for GC pool
[2018.10.19-11.24.31:901][  0]LogTcpMessaging: Initializing TcpMessaging bridge
[2018.10.19-11.24.31:951][  0]LogUdpMessaging: Initializing bridge on interface 0.0.0.0:0 to multicast group 230.0.0.1:6666.
[2018.10.19-11.24.34:942][  0]SourceControl: Source control is disabled
[2018.10.19-11.24.34:951][  0]SourceControl: Source control is disabled
[2018.10.19-11.24.35:102][  0]SourceControl: Source control is disabled
[2018.10.19-11.24.35:154][  0]SourceControl: Source control is disabled
[2018.10.19-11.24.37:935][  0]LogAndroidPermission: UAndroidPermissionCallbackProxy::GetInstance
[2018.10.19-11.24.38:704][  0]LogOcInput: OculusInput pre-init called
[2018.10.19-11.24.39:693][  0]LogEngine: Initializing Engine...
[2018.10.19-11.24.39:740][  0]LogHMD: Failed to initialize OpenVR with code 105
[2018.10.19-11.24.39:771][  0]LogStats: UGameplayTagsManager::ConstructGameplayTagTree: ImportINI prefixes -  0.001 s
[2018.10.19-11.24.39:771][  0]LogStats: UGameplayTagsManager::ConstructGameplayTagTree: Construct from data asset -  0.000 s
[2018.10.19-11.24.39:771][  0]LogStats: UGameplayTagsManager::ConstructGameplayTagTree: ImportINI -  0.000 s
[2018.10.19-11.24.39:772][  0]LogStats: UGameplayTagsManager::ConstructGameplayTagTree: GameplayTagTreeChangedEvent.Broadcast -  0.000 s
[2018.10.19-11.24.41:155][  0]LogInit: Initializing FReadOnlyCVARCache
[2018.10.19-11.24.41:769][  0]LogAIModule: Creating AISystem for world Untitled
[2018.10.19-11.24.41:933][  0]LogInit: XAudio2 using 'Speakers (Razer Surround Audio Controller)' : 6 channels at 48 kHz using 16 bits per sample (channel mask 0x3f)
[2018.10.19-11.24.41:994][  0]LogInit: FAudioDevice initialized.
[2018.10.19-11.24.41:994][  0]LogNetVersion: Set ProjectVersion to 1.0.0.0. Version Checksum will be recalculated on next use.
[2018.10.19-11.24.42:110][  0]LogDerivedDataCache: Saved boot cache 0.12s 71MB C:/Users/Grizz/AppData/Local/UnrealEngine/4.20/DerivedDataCache/Boot.ddc.
[2018.10.19-11.24.42:121][  0]LogInit: Texture streaming: Enabled
[2018.10.19-11.24.42:439][  0]LogEngineSessionManager: EngineSessionManager initialized
[2018.10.19-11.24.42:589][  0]LogInit: Transaction tracking system initialized
[2018.10.19-11.24.43:404][  0]BlueprintLog: New page: Editor Load
[2018.10.19-11.24.45:801][  0]LocalizationService: Localization service is disabled
[2018.10.19-11.24.51:772][  0]LogFileCache: Scanning file cache for directory 'C:/Users/Grizz/Documents/GitHub/Honours-Project/ProcGenCity/Content/' took 0.08s
[2018.10.19-11.24.51:772][  0]LogCook: Display: Max memory allowance for cook 16384mb min free memory 0mb
[2018.10.19-11.24.51:780][  0]LogCook: Display: Mobile HDR setting 1
[2018.10.19-11.24.51:793][  0]LogGameplayTags: Display: UGameplayTagsManager::DoneAddingNativeTags. DelegateIsBound: 0
[2018.10.19-11.24.51:793][  0]LogStats: UGameplayTagsManager::ConstructGameplayTagTree: ImportINI prefixes -  0.000 s
[2018.10.19-11.24.51:793][  0]LogStats: UGameplayTagsManager::ConstructGameplayTagTree: Construct from data asset -  0.000 s
[2018.10.19-11.24.51:794][  0]LogStats: UGameplayTagsManager::ConstructGameplayTagTree: ImportINI -  0.000 s
[2018.10.19-11.24.51:794][  0]LogStats: UGameplayTagsManager::ConstructGameplayTagTree: GameplayTagTreeChangedEvent.Broadcast -  0.000 s
[2018.10.19-11.24.58:288][  0]SourceControl: Source control is disabled
[2018.10.19-11.24.58:331][  0]Cmd: MAP LOAD FILE="../../../../../../Users/Grizz/Documents/GitHub/Honours-Project/ProcGenCity/Content/StarterContent/Maps/Minimal_Default.umap" TEMPLATE=0 SHOWPROGRESS=1 FEATURELEVEL=3
[2018.10.19-11.24.58:351][  0]LightingResults: New page: Lighting Build
[2018.10.19-11.24.58:697][  0]MapCheck: New page: Map Check
[2018.10.19-11.24.58:697][  0]LightingResults: New page: Lighting Build
[2018.10.19-11.25.02:052][  0]LogAIModule: Creating AISystem for world Minimal_Default
[2018.10.19-11.25.03:097][  0]LogEditorServer: Finished looking for orphan Actors (0.000 secs)
[2018.10.19-11.25.03:243][  0]Cmd: MAP CHECKDEP NOCLEARLOG
[2018.10.19-11.25.03:303][  0]MapCheck: Map check complete: 0 Error(s), 0 Warning(s), took 59.364ms to complete.
[2018.10.19-11.25.03:303][  0]LogFileHelpers: Loading map 'Minimal_Default' took 4.993
[2018.10.19-11.25.05:389][  0]LogSlate: Updating window title bar state: overlay mode, drag disabled, window buttons hidden, title bar hidden
[2018.10.19-11.25.05:397][  0]LogSlate: Updating window title bar state: overlay mode, drag disabled, window buttons hidden, title bar hidden
[2018.10.19-11.25.05:404][  0]LogSlate: Updating window title bar state: overlay mode, drag disabled, window buttons hidden, title bar hidden
[2018.10.19-11.25.05:411][  0]LogSlate: Updating window title bar state: overlay mode, drag disabled, window buttons hidden, title bar hidden
[2018.10.19-11.25.05:473][  0]LogCollectionManager: Loaded 0 collections in 0.001636 seconds
[2018.10.19-11.25.05:640][  0]LogFileCache: Scanning file cache for directory 'C:/Users/Grizz/Documents/GitHub/Honours-Project/ProcGenCity/Saved/Collections/' took 0.01s
[2018.10.19-11.25.05:640][  0]LogFileCache: Scanning file cache for directory 'C:/Users/Grizz/Documents/GitHub/Honours-Project/ProcGenCity/Content/Developers/Grizz/Collections/' took 0.01s
[2018.10.19-11.25.05:640][  0]LogFileCache: Scanning file cache for directory 'C:/Users/Grizz/Documents/GitHub/Honours-Project/ProcGenCity/Content/Collections/' took 0.01s
[2018.10.19-11.25.05:640][  0]LogCollectionManager: Rebuilt the GUID cache for 0 collections in 0.000001 seconds
[2018.10.19-11.25.05:747][  0]LogContentBrowser: Native class hierarchy populated in 0.1058 seconds. Added 2573 classes and 605 folders.
[2018.10.19-11.25.05:918][  0]LogContentBrowser: Native class hierarchy updated for 'WidgetCarousel' in 0.0015 seconds. Added 0 classes and 0 folders.
[2018.10.19-11.25.08:167][  0]LogContentBrowser: Native class hierarchy updated for 'AddContentDialog' in 0.0004 seconds. Added 0 classes and 0 folders.
[2018.10.19-11.25.08:217][  0]LogContentBrowser: Native class hierarchy updated for 'SceneOutliner' in 0.0004 seconds. Added 1 classes and 2 folders.
[2018.10.19-11.25.09:170][  0]LogSlate: Took 0.052933 seconds to synchronously load lazily loaded font '../../../Engine/Content/Slate/Fonts/Roboto-Regular.ttf' (155K)
[2018.10.19-11.25.09:236][  0]LogSlate: Took 0.047260 seconds to synchronously load lazily loaded font '../../../Engine/Content/Slate/Fonts/Roboto-Bold.ttf' (160K)
[2018.10.19-11.25.09:359][  0]LogSlate: Took 0.045995 seconds to synchronously load lazily loaded font '../../../Engine/Content/Editor/Slate/Fonts/FontAwesome.ttf' (139K)
[2018.10.19-11.25.10:230][  0]LogRenderer: Reallocating scene render targets to support 1616x1004 Format 10 NumSamples 1 (Frame:1).
[2018.10.19-11.25.11:386][  0]LogSlate: FSceneViewport::OnFocusLost() reason 2
[2018.10.19-11.25.11:648][  0]LogSlate: Window 'Tutorials' being destroyed
[2018.10.19-11.25.12:081][  0]LogContentBrowser: Native class hierarchy updated for 'HierarchicalLODOutliner' in 0.0016 seconds. Added 0 classes and 0 folders.
[2018.10.19-11.25.12:081][  0]LogLoad: (Engine Initialization) Total time: 162.48 seconds
[2018.10.19-11.25.12:081][  0]LogLoad: (Engine Initialization) Total Blueprint compile time: 0.00 seconds
[2018.10.19-11.25.12:304][  0]LogContentStreaming: Texture pool size now 1000 MB
[2018.10.19-11.25.12:842][  2]LogAssetRegistry: Asset discovery search completed in 94.6237 seconds
[2018.10.19-11.25.12:843][  2]LogCollectionManager: Rebuilt the object cache for 0 collections in 0.000000 seconds (found 0 objects)
[2018.10.19-11.25.12:843][  2]LogCollectionManager: Fixed up redirectors for 0 collections in 0.000063 seconds (updated 0 objects)
[2018.10.19-11.25.13:547][  4]LogSlate: Took 0.044621 seconds to synchronously load lazily loaded font '../../../Engine/Content/Slate/Fonts/Roboto-Light.ttf' (167K)
[2018.10.19-11.31.58:885][216]LogEditorViewport: Clicking on Actor (LMB): BP_Sky_Sphere_C (BP_Sky_Sphere)
[2018.10.19-11.32.05:732][684]LogEditorViewport: Clicking on Actor (LMB): mySpline_C (mySpline)
[2018.10.19-11.32.08:085][903]LogSlate: FSceneViewport::OnFocusLost() reason 0
[2018.10.19-11.32.08:356][918]LogAssetEditorManager: Opening Asset editor for Blueprint /Game/BP/mySpline.mySpline
[2018.10.19-11.32.11:454][918]LogContentBrowser: Native class hierarchy updated for 'BlueprintGraph' in 0.0209 seconds. Added 116 classes and 0 folders.
[2018.10.19-11.32.14:857][918]LogSlate: Took 0.034692 seconds to synchronously load lazily loaded font '../../../Engine/Content/Slate/Fonts/Roboto-BoldCondensed.ttf' (158K)
[2018.10.19-11.32.15:603][919]LogSlate: Took 0.037336 seconds to synchronously load lazily loaded font '../../../Engine/Content/Slate/Fonts/Roboto-Italic.ttf' (157K)
[2018.10.19-11.32.17:250][ 30]LogSlate: Window 'mySpline' being destroyed
[2018.10.19-11.32.29:035][293]LogAssetEditorManager: Opening Asset editor for Blueprint /Game/BP/MySplineNetwork.MySplineNetwork
[2018.10.19-11.32.52:917][795]LogSlate: FSceneViewport::OnFocusLost() reason 2
[2018.10.19-11.33.06:178][305]LogEditorViewport: Clicking on Actor (LMB): MySplineNetwork_C (MySplineNetwork)
[2018.10.19-11.33.23:240][890]LogEditorViewport: Clicking on Actor (context menu): MySplineNetwork_C (MySplineNetwork)
[2018.10.19-11.33.23:550][890]LogSlate: FSceneViewport::OnFocusLost() reason 2
[2018.10.19-11.33.25:258][ 75]LogSlate: FSceneViewport::OnFocusLost() reason 2
[2018.10.19-11.33.37:166][255]LogSlate: FSceneViewport::OnFocusLost() reason 0
[2018.10.19-11.33.45:103][142]LogSlate: FSceneViewport::OnFocusLost() reason 2
[2018.10.19-11.33.51:127][614]LogSlate: FSceneViewport::OnFocusLost() reason 2
[2018.10.19-11.33.53:077][813]LogStaticMesh: Building static mesh Floor_400x400...
[2018.10.19-11.33.53:091][813]LogSlate: FSceneViewport::OnFocusLost() reason 2
[2018.10.19-11.33.53:182][813]LogStaticMesh: Built static mesh [0.11s] /Game/StarterContent/Architecture/Floor_400x400.Floor_400x400
[2018.10.19-11.33.53:245][813]LogMaterial: Warning: Material /Game/StarterContent/Materials/M_Basic_Floor.M_Basic_Floor needed to have new flag set bUsedWithSplineMeshes !
[2018.10.19-11.33.53:262][813]LogMaterial: Display: Missing cached shader map for material M_Basic_Floor, compiling. 
[2018.10.19-11.33.53:769][813]LogShaderCompilers: Display: Shaders left to compile 59
[2018.10.19-11.33.53:769][813]LogShaderCompilers: Display: Shaders left to compile 49
[2018.10.19-11.33.53:769][813]LogShaderCompilers: Display: Shaders left to compile 39
[2018.10.19-11.33.53:769][813]LogShaderCompilers: Display: Shaders left to compile 29
[2018.10.19-11.33.58:802][231]LogShaderCompilers: Display: Shaders left to compile 19
[2018.10.19-11.33.59:471][287]LogShaderCompilers: Display: Shaders left to compile 9
[2018.10.19-11.34.15:084][978]LogSlate: FSceneViewport::OnFocusLost() reason 0
[2018.10.19-11.34.32:966][963]LogTemp: Display: Spline has too few points
[2018.10.19-11.34.34:168][105]LogTemp: Display: Spline has too few points
[2018.10.19-11.34.34:189][107]LogTemp: Display: Spline has too few points
[2018.10.19-11.34.34:199][108]LogTemp: Display: Spline has too few points
[2018.10.19-11.34.34:208][109]LogTemp: Display: Spline has too few points
[2018.10.19-11.34.34:217][110]LogTemp: Display: Spline has too few points
[2018.10.19-11.34.34:225][111]LogTemp: Display: Spline has too few points
[2018.10.19-11.34.34:234][112]LogTemp: Display: Spline has too few points
[2018.10.19-11.34.34:244][113]LogTemp: Display: Spline has too few points
[2018.10.19-11.34.34:254][114]LogTemp: Display: Spline has too few points
[2018.10.19-11.34.34:263][115]LogTemp: Display: Spline has too few points
[2018.10.19-11.34.34:272][116]LogTemp: Display: Spline has too few points
[2018.10.19-11.34.34:283][117]LogTemp: Display: Spline has too few points
[2018.10.19-11.34.34:292][118]LogTemp: Display: Spline has too few points
[2018.10.19-11.34.34:302][119]LogTemp: Display: Spline has too few points
[2018.10.19-11.34.34:310][120]LogTemp: Display: Spline has too few points
[2018.10.19-11.34.34:319][121]LogTemp: Display: Spline has too few points
[2018.10.19-11.34.34:327][122]LogTemp: Display: Spline has too few points
[2018.10.19-11.34.34:337][123]LogTemp: Display: Spline has too few points
[2018.10.19-11.34.34:347][124]LogTemp: Display: Spline has too few points
[2018.10.19-11.34.34:355][125]LogTemp: Display: Spline has too few points
[2018.10.19-11.34.34:364][126]LogTemp: Display: Spline has too few points
[2018.10.19-11.34.34:371][127]LogTemp: Display: Spline has too few points
[2018.10.19-11.34.34:380][128]LogTemp: Display: Spline has too few points
[2018.10.19-11.34.34:396][130]LogTemp: Display: Spline has too few points
[2018.10.19-11.34.34:405][131]LogTemp: Display: Spline has too few points
[2018.10.19-11.34.34:421][133]LogTemp: Display: Spline has too few points
[2018.10.19-11.34.34:430][134]LogTemp: Display: Spline has too few points
[2018.10.19-11.34.34:438][135]LogTemp: Display: Spline has too few points
[2018.10.19-11.34.34:447][136]LogTemp: Display: Spline has too few points
[2018.10.19-11.34.34:463][138]LogTemp: Display: Spline has too few points
[2018.10.19-11.34.34:472][139]LogTemp: Display: Spline has too few points
[2018.10.19-11.34.34:480][140]LogTemp: Display: Spline has too few points
[2018.10.19-11.34.34:656][161]LogTemp: Display: Spline has too few points
[2018.10.19-11.34.34:683][164]LogTemp: Display: Spline has too few points
[2018.10.19-11.34.34:692][165]LogTemp: Display: Spline has too few points
[2018.10.19-11.34.34:709][167]LogTemp: Display: Spline has too few points
[2018.10.19-11.34.34:728][169]LogTemp: Display: Spline has too few points
[2018.10.19-11.34.34:736][170]LogTemp: Display: Spline has too few points
[2018.10.19-11.34.34:752][172]LogTemp: Display: Spline has too few points
[2018.10.19-11.34.34:777][175]LogTemp: Display: Spline has too few points
[2018.10.19-11.34.34:802][178]LogTemp: Display: Spline has too few points
[2018.10.19-11.34.34:843][183]LogTemp: Display: Spline has too few points
[2018.10.19-11.34.34:903][190]LogTemp: Display: Spline has too few points
[2018.10.19-11.34.34:936][194]LogTemp: Display: Spline has too few points
[2018.10.19-11.34.35:794][293]LogEditorViewport: Clicking on Actor (LMB): StaticMeshActor (Ground160)
[2018.10.19-11.34.44:192][147]LogEditorViewport: Clicking on Actor (LMB): StaticMeshActor (Ground160)
[2018.10.19-11.34.48:505][642]LogSlate: FSceneViewport::OnFocusLost() reason 0
[2018.10.19-11.34.58:633][803]LogTemp: Display: Spline has too few points
[2018.10.19-11.34.58:649][805]LogTemp: Display: Spline has too few points
[2018.10.19-11.34.58:657][806]LogTemp: Display: Spline has too few points
[2018.10.19-11.34.58:666][807]LogTemp: Display: Spline has too few points
[2018.10.19-11.34.58:682][809]LogTemp: Display: Spline has too few points
[2018.10.19-11.34.58:699][811]LogTemp: Display: Spline has too few points
[2018.10.19-11.34.58:716][813]LogTemp: Display: Spline has too few points
[2018.10.19-11.34.58:724][814]LogTemp: Display: Spline has too few points
[2018.10.19-11.34.58:741][816]LogTemp: Display: Spline has too few points
[2018.10.19-11.34.58:758][818]LogTemp: Display: Spline has too few points
[2018.10.19-11.34.58:775][820]LogTemp: Display: Spline has too few points
[2018.10.19-11.34.58:793][822]LogTemp: Display: Spline has too few points
[2018.10.19-11.34.58:819][825]LogTemp: Display: Spline has too few points
[2018.10.19-11.34.58:837][827]LogTemp: Display: Spline has too few points
[2018.10.19-11.34.58:878][832]LogTemp: Display: Spline has too few points
[2018.10.19-11.34.58:954][841]LogTemp: Display: Spline has too few points
[2018.10.19-11.34.59:115][860]LogTemp: Display: Spline has too few points
[2018.10.19-11.34.59:123][861]LogTemp: Display: Spline has too few points
[2018.10.19-11.34.59:149][864]LogTemp: Display: Spline has too few points
[2018.10.19-11.34.59:157][865]LogTemp: Display: Spline has too few points
[2018.10.19-11.34.59:175][867]LogTemp: Display: Spline has too few points
[2018.10.19-11.34.59:396][893]LogTemp: Display: Spline has too few points
[2018.10.19-11.35.00:425][  7]LogSlate: FSceneViewport::OnFocusLost() reason 2
[2018.10.19-11.35.08:475][934]LogEditorViewport: Clicking on Actor (context menu): MySplineNetwork_C (MySplineNetwork)
[2018.10.19-11.35.08:507][934]LogSlate: FSceneViewport::OnFocusLost() reason 2
[2018.10.19-11.35.09:227][ 16]LogSlate: FSceneViewport::OnFocusLost() reason 2
[2018.10.19-11.35.15:527][670]LogSlate: FSceneViewport::OnFocusLost() reason 2
[2018.10.19-11.35.26:822][868]LogSlate: FSceneViewport::OnFocusLost() reason 0
[2018.10.19-11.35.27:637][961]LogAssetEditorManager: Opening Asset editor for Class /Script/ProcGenCity.SplineNetwork
[2018.10.19-11.35.52:568][  8]LogVSAccessor: Warning: Visual Studio is open but could not be queried - it may be blocked by a modal operation
[2018.10.19-11.35.52:612][  9]LogVSAccessor: Warning: Visual Studio is open but could not be queried - it may be blocked by a modal operation
[2018.10.19-11.35.52:945][ 10]LogVSAccessor: Warning: Visual Studio is open but could not be queried - it may be blocked by a modal operation
[2018.10.19-11.35.53:277][ 11]LogVSAccessor: Warning: Visual Studio is open but could not be queried - it may be blocked by a modal operation
[2018.10.19-11.35.53:618][ 12]LogVSAccessor: Warning: Visual Studio is open but could not be queried - it may be blocked by a modal operation
[2018.10.19-11.35.53:944][ 13]LogVSAccessor: Warning: Visual Studio is open but could not be queried - it may be blocked by a modal operation
[2018.10.19-11.35.54:279][ 14]LogVSAccessor: Warning: Visual Studio is open but could not be queried - it may be blocked by a modal operation
[2018.10.19-11.35.54:620][ 15]LogVSAccessor: Warning: Visual Studio is open but could not be queried - it may be blocked by a modal operation
[2018.10.19-11.35.54:957][ 16]LogVSAccessor: Warning: Visual Studio is open but could not be queried - it may be blocked by a modal operation
[2018.10.19-11.35.55:286][ 17]LogVSAccessor: Warning: Visual Studio is open but could not be queried - it may be blocked by a modal operation
[2018.10.19-11.35.55:633][ 18]LogVSAccessor: Warning: Visual Studio is open but could not be queried - it may be blocked by a modal operation
[2018.10.19-11.35.55:963][ 19]LogVSAccessor: Warning: Visual Studio is open but could not be queried - it may be blocked by a modal operation
[2018.10.19-11.35.56:299][ 20]LogVSAccessor: Warning: Visual Studio is open but could not be queried - it may be blocked by a modal operation
[2018.10.19-11.35.56:634][ 21]LogVSAccessor: Warning: Visual Studio is open but could not be queried - it may be blocked by a modal operation
[2018.10.19-11.35.56:969][ 22]LogVSAccessor: Warning: Visual Studio is open but could not be queried - it may be blocked by a modal operation
[2018.10.19-11.37.05:918][ 24]LogSavePackage: Moving '../../../../../../Users/Grizz/Documents/GitHub/Honours-Project/ProcGenCity/Saved/Minimal_Default_Auto1602EBBB143B42FC2AA4E2391D9FE0390.tmp' to '../../../../../../Users/Grizz/Documents/GitHub/Honours-Project/ProcGenCity/Saved/Autosaves/Game/StarterContent/Maps/Minimal_Default_Auto1.umap'
[2018.10.19-11.37.06:156][ 24]LogFileHelpers: Editor autosave (incl. sublevels) for '/Game/StarterContent/Maps/Minimal_Default' took 4.731
[2018.10.19-11.37.06:156][ 24]LogFileHelpers: Editor autosave (incl. sublevels) for all levels took 4.731
[2018.10.19-11.37.06:206][ 24]OBJ SavePackage: Generating thumbnails for [1] asset(s) in package [/Game/StarterContent/Materials/M_Basic_Floor] ([1] browsable assets)...
[2018.10.19-11.37.06:602][ 24]OBJ SavePackage:     Rendered thumbnail for [Material /Game/StarterContent/Materials/M_Basic_Floor.M_Basic_Floor]
[2018.10.19-11.37.06:602][ 24]OBJ SavePackage: Finished generating thumbnails for package [/Game/StarterContent/Materials/M_Basic_Floor]
[2018.10.19-11.37.06:761][ 24]LogSavePackage: Moving '../../../../../../Users/Grizz/Documents/GitHub/Honours-Project/ProcGenCity/Saved/M_Basic_Floor_Auto1856261AC44E275D44EA98DA5D7AC13C2.tmp' to '../../../../../../Users/Grizz/Documents/GitHub/Honours-Project/ProcGenCity/Saved/Autosaves/Game/StarterContent/Materials/M_Basic_Floor_Auto1.uasset'
[2018.10.19-11.37.06:763][ 24]LogFileHelpers: Auto-saving content packages took 0.604
[2018.10.19-11.41.00:932][728]LogEditorViewport: Clicking on Actor (LMB): BP_Sky_Sphere_C (BP_Sky_Sphere)
[2018.10.19-11.41.09:968][753]LogEditorViewport: Clicking on Actor (LMB): MySplineNetwork_C (MySplineNetwork)
[2018.10.19-11.41.47:676][844]LogSlate: FSceneViewport::OnFocusLost() reason 2
[2018.10.19-11.47.07:429][516]LogSavePackage: Moving '../../../../../../Users/Grizz/Documents/GitHub/Honours-Project/ProcGenCity/Saved/Minimal_Default_Auto2AB6A90A24CCAEAD6B2DFDD8AC5EAAD53.tmp' to '../../../../../../Users/Grizz/Documents/GitHub/Honours-Project/ProcGenCity/Saved/Autosaves/Game/StarterContent/Maps/Minimal_Default_Auto2.umap'
[2018.10.19-11.47.07:433][516]LogFileHelpers: Editor autosave (incl. sublevels) for '/Game/StarterContent/Maps/Minimal_Default' took 0.403
[2018.10.19-11.47.07:433][516]LogFileHelpers: Editor autosave (incl. sublevels) for all levels took 0.403
[2018.10.19-12.02.24:235][333]LogSlate: FSceneViewport::OnFocusLost() reason 0
[2018.10.19-12.02.24:426][341]Candidate modules for hot reload:
[2018.10.19-12.02.24:426][341]  ProcGenCity
[2018.10.19-12.02.24:427][341]Launching UnrealBuildTool... [C:/Program Files/Epic Games/UE_4.20/Engine/Binaries/DotNET/UnrealBuildTool.exe  -ModuleWithSuffix=ProcGenCity,9139 Win64 Development -TargetType=Editor -Project="../../../../../../Users/Grizz/Documents/GitHub/Honours-Project/ProcGenCity/ProcGenCity.uproject" -canskiplink "C:/Users/Grizz/Documents/GitHub/Honours-Project/ProcGenCity/ProcGenCity.uproject" ]
[2018.10.19-12.02.24:428][341]Warning: Starting HotReload took  0.1s.
[2018.10.19-12.09.28:949][908]CompilerResultsLog: New page: Compilation - 19 Oct 2018 14:09:28
[2018.10.19-12.09.28:966][908]CompilerResultsLog: Using 'git status' to determine working set for adaptive non-unity build.
[2018.10.19-12.09.28:966][908]CompilerResultsLog: Compiling game modules for hot reload
[2018.10.19-12.09.28:966][908]CompilerResultsLog: Parsing headers for ProcGenCityEditor
[2018.10.19-12.09.28:966][908]CompilerResultsLog:   Running UnrealHeaderTool "C:\Users\Grizz\Documents\GitHub\Honours-Project\ProcGenCity\ProcGenCity.uproject" "C:\Users\Grizz\Documents\GitHub\Honours-Project\ProcGenCity\Intermediate\Build\Win64\ProcGenCityEditor\Development\ProcGenCityEditor.uhtmanifest" -LogCmds="loginit warning, logexit warning, logdatabase error" -Unattended -WarningsAsErrors -installed
[2018.10.19-12.09.28:966][908]CompilerResultsLog: Reflection code generated for ProcGenCityEditor in 53.7385223 seconds
[2018.10.19-12.09.28:966][908]CompilerResultsLog: Building 4 actions with 8 processes...
[2018.10.19-12.09.28:966][908]CompilerResultsLog:   [1/4] SplineNetwork.cpp
[2018.10.19-12.09.28:966][908]CompilerResultsLog:   [2/4] SplineNetwork.gen.cpp
[2018.10.19-12.09.28:966][908]CompilerResultsLog:   [3/4] UE4Editor-ProcGenCity-9139.lib
[2018.10.19-12.09.28:966][908]CompilerResultsLog:      Creating library C:\Users\Grizz\Documents\GitHub\Honours-Project\ProcGenCity\Intermediate\Build\Win64\UE4Editor\Development\ProcGenCity\UE4Editor-ProcGenCity-9139.lib and object C:\Users\Grizz\Documents\GitHub\Honours-Project\ProcGenCity\Intermediate\Build\Win64\UE4Editor\Development\ProcGenCity\UE4Editor-ProcGenCity-9139.exp
[2018.10.19-12.09.28:966][908]CompilerResultsLog:   [4/4] UE4Editor-ProcGenCity-9139.dll
[2018.10.19-12.09.28:966][908]CompilerResultsLog:      Creating library C:\Users\Grizz\Documents\GitHub\Honours-Project\ProcGenCity\Intermediate\Build\Win64\UE4Editor\Development\ProcGenCity\UE4Editor-ProcGenCity-9139.suppressed.lib and object C:\Users\Grizz\Documents\GitHub\Honours-Project\ProcGenCity\Intermediate\Build\Win64\UE4Editor\Development\ProcGenCity\UE4Editor-ProcGenCity-9139.suppressed.exp
[2018.10.19-12.09.28:966][908]CompilerResultsLog: Total build time: 423.22 seconds (Parallel executor: 360.37 seconds)
[2018.10.19-12.09.28:966][908]LogMainFrame: MainFrame: Module compiling took 424.619 seconds
[2018.10.19-12.09.29:110][908]LogContentBrowser: Native class hierarchy updated for 'ProcGenCity' in 0.0010 seconds. Added 1 classes and 2 folders.
[2018.10.19-12.09.29:113][908]Display: HotReload successful (0 functions remapped  0 scriptstructs remapped)
[2018.10.19-12.09.29:751][908]LogContentBrowser: Native class hierarchy populated in 0.0119 seconds. Added 2574 classes and 607 folders.
[2018.10.19-12.09.30:452][908]Display: HotReload took 426.1s.
[2018.10.19-12.09.43:943][939]LogSlate: FSceneViewport::OnFocusLost() reason 0
[2018.10.19-12.09.46:286][204]BlueprintLog: New page: Compile MySplineNetwork
[2018.10.19-12.10.00:088][651]LogEditorViewport: Clicking on Actor (LMB): MySplineNetwork_C (MySplineNetwork2)
[2018.10.19-12.10.18:147][701]LogSlate: FSceneViewport::OnFocusLost() reason 2
[2018.10.19-12.10.26:017][588]LogEditorViewport: Clicking on Actor (LMB): BP_Sky_Sphere_C (BP_Sky_Sphere)
[2018.10.19-12.10.26:956][664]LogEditorViewport: Clicking on Actor (LMB): MySplineNetwork_C (MySplineNetwork2)
[2018.10.19-12.10.42:124][543]LogSlate: FSceneViewport::OnFocusLost() reason 0
[2018.10.19-12.10.42:249][551]Candidate modules for hot reload:
[2018.10.19-12.10.42:249][551]  ProcGenCity
[2018.10.19-12.10.42:250][551]Launching UnrealBuildTool... [C:/Program Files/Epic Games/UE_4.20/Engine/Binaries/DotNET/UnrealBuildTool.exe  -ModuleWithSuffix=ProcGenCity,4935 Win64 Development -TargetType=Editor -Project="../../../../../../Users/Grizz/Documents/GitHub/Honours-Project/ProcGenCity/ProcGenCity.uproject" -canskiplink "C:/Users/Grizz/Documents/GitHub/Honours-Project/ProcGenCity/ProcGenCity.uproject" ]
[2018.10.19-12.10.42:252][551]Warning: Starting HotReload took  0.1s.
[2018.10.19-12.10.43:224][649]LogEditorViewport: Clicking on Actor (LMB): BP_Sky_Sphere_C (BP_Sky_Sphere)
[2018.10.19-12.10.49:305][285]CompilerResultsLog: New page: Compilation - 19 Oct 2018 14:10:49
[2018.10.19-12.10.49:305][285]CompilerResultsLog: Using 'git status' to determine working set for adaptive non-unity build.
[2018.10.19-12.10.49:305][285]CompilerResultsLog: Compiling game modules for hot reload
[2018.10.19-12.10.49:305][285]CompilerResultsLog: Building 3 actions with 8 processes...
[2018.10.19-12.10.49:305][285]CompilerResultsLog:   [1/3] SplineNetwork.cpp
[2018.10.19-12.10.49:305][285]CompilerResultsLog:   [2/3] UE4Editor-ProcGenCity-4935.lib
[2018.10.19-12.10.49:305][285]CompilerResultsLog:      Creating library C:\Users\Grizz\Documents\GitHub\Honours-Project\ProcGenCity\Intermediate\Build\Win64\UE4Editor\Development\ProcGenCity\UE4Editor-ProcGenCity-4935.lib and object C:\Users\Grizz\Documents\GitHub\Honours-Project\ProcGenCity\Intermediate\Build\Win64\UE4Editor\Development\ProcGenCity\UE4Editor-ProcGenCity-4935.exp
[2018.10.19-12.10.49:305][285]CompilerResultsLog:   [3/3] UE4Editor-ProcGenCity-4935.dll
[2018.10.19-12.10.49:305][285]CompilerResultsLog:      Creating library C:\Users\Grizz\Documents\GitHub\Honours-Project\ProcGenCity\Intermediate\Build\Win64\UE4Editor\Development\ProcGenCity\UE4Editor-ProcGenCity-4935.suppressed.lib and object C:\Users\Grizz\Documents\GitHub\Honours-Project\ProcGenCity\Intermediate\Build\Win64\UE4Editor\Development\ProcGenCity\UE4Editor-ProcGenCity-4935.suppressed.exp
[2018.10.19-12.10.49:305][285]CompilerResultsLog: Total build time: 6.60 seconds (Parallel executor: 2.58 seconds)
[2018.10.19-12.10.49:305][285]LogMainFrame: MainFrame: Module compiling took 7.065 seconds
[2018.10.19-12.10.49:449][285]LogContentBrowser: Native class hierarchy updated for 'ProcGenCity' in 0.0011 seconds. Added 1 classes and 2 folders.
[2018.10.19-12.10.49:457][285]Display: HotReload successful (0 functions remapped  0 scriptstructs remapped)
[2018.10.19-12.10.49:821][285]LogContentBrowser: Native class hierarchy populated in 0.0094 seconds. Added 2574 classes and 607 folders.
[2018.10.19-12.10.49:821][285]Display: HotReload took  7.6s.
[2018.10.19-12.10.51:961][475]LogSlate: FSceneViewport::OnFocusLost() reason 0
[2018.10.19-12.11.03:016][640]LogSlate: FSceneViewport::OnFocusLost() reason 2
[2018.10.19-12.11.19:173][502]LogEditorViewport: Clicking on Actor (LMB): mySpline_C (mySpline)
[2018.10.19-12.11.25:320][144]LogEditorViewport: Clicking on Actor (LMB): MySplineNetwork_C (MySplineNetwork3)
[2018.10.19-12.11.34:062][ 99]LogSlate: FSceneViewport::OnFocusLost() reason 2
[2018.10.19-12.11.39:667][733]LogSlate: FSceneViewport::OnFocusLost() reason 2
[2018.10.19-12.11.47:004][513]LogEditorViewport: Clicking on Actor (LMB): StaticMeshActor (Ground133)
[2018.10.19-12.11.49:170][751]Cmd: TRANSACTION UNDO
[2018.10.19-12.11.49:170][751]LogEditorTransaction: Undo Move Actors
[2018.10.19-12.11.49:627][783]Cmd: TRANSACTION UNDO
[2018.10.19-12.11.49:627][783]LogEditorTransaction: Undo Move Actors
[2018.10.19-12.11.50:574][888]LogEditorViewport: Clicking on Actor (LMB): StaticMeshActor (Ground166)
[2018.10.19-12.11.53:453][209]Cmd: TRANSACTION UNDO
[2018.10.19-12.11.53:453][209]LogEditorTransaction: Undo Move Actors
[2018.10.19-12.11.53:961][255]Cmd: TRANSACTION UNDO
[2018.10.19-12.11.53:961][255]LogEditorTransaction: Undo Clicking on Actors
[2018.10.19-12.11.55:066][351]LogEditorViewport: Clicking on Actor (LMB): MySplineNetwork_C (MySplineNetwork3)
[2018.10.19-12.12.06:452][568]LogSlate: FSceneViewport::OnFocusLost() reason 2
[2018.10.19-12.12.08:215][758]LogSlate: FSceneViewport::OnFocusLost() reason 2
[2018.10.19-12.12.09:049][758]LogSavePackage: Moving '../../../../../../Users/Grizz/Documents/GitHub/Honours-Project/ProcGenCity/Saved/Minimal_Default77E5FB884735A632AE22E28129393646.tmp' to '../../../../../../Users/Grizz/Documents/GitHub/Honours-Project/ProcGenCity/Content/StarterContent/Maps/Minimal_Default.umap'
[2018.10.19-12.12.09:114][758]LogFileHelpers: Saving map 'Minimal_Default' took 0.893
[2018.10.19-12.12.09:134][758]LogSavePackage: Moving '../../../../../../Users/Grizz/Documents/GitHub/Honours-Project/ProcGenCity/Saved/M_Basic_FloorC52391E943741E7D3F86AF94CAFBCBD6.tmp' to '../../../../../../Users/Grizz/Documents/GitHub/Honours-Project/ProcGenCity/Content/StarterContent/Materials/M_Basic_Floor.uasset'
[2018.10.19-12.12.10:313][874]LogSlate: FSceneViewport::OnFocusLost() reason 0
[2018.10.19-12.12.11:250][882]LogActorComponent: UnregisterComponent: (/Engine/Transient.EditorFloorComp) Not registered. Aborting.
[2018.10.19-12.12.11:328][882]LogSlate: Window 'ProcGenCity - Unreal Editor' being destroyed
[2018.10.19-12.12.11:329][882]LogWindowsTextInputMethodSystem: Display: IME system now deactivated.
[2018.10.19-12.12.11:682][883]Cmd: QUIT_EDITOR
[2018.10.19-12.12.12:288][883]LogExit: Preparing to exit.
[2018.10.19-12.12.15:537][883]LogExit: Editor shut down
[2018.10.19-12.12.15:538][883]LogExit: Transaction tracking system shut down
[2018.10.19-12.12.22:394][883]LogExit: Object subsystem successfully closed.
[2018.10.19-12.12.24:015][883]LogShaderCompilers: Display: Shaders left to compile 0
[2018.10.19-12.12.24:377][883]LogD3D11RHI: Shutdown
[2018.10.19-12.12.24:377][883]LogD3D11RHI: CleanupD3DDevice
[2018.10.19-12.12.24:613][883]LogD3D11RHI: ~FD3D11DynamicRHI
[2018.10.19-12.12.27:930][883]LogModuleManager: Shutting down and abandoning module ProcGenCity (618)
[2018.10.19-12.12.27:930][883]LogModuleManager: Shutting down and abandoning module MeshBuilder (616)
[2018.10.19-12.12.27:930][883]LogModuleManager: Shutting down and abandoning module BlueprintGraph (614)
[2018.10.19-12.12.27:930][883]LogModuleManager: Shutting down and abandoning module HierarchicalLODOutliner (612)
[2018.10.19-12.12.27:930][883]LogModuleManager: Shutting down and abandoning module SceneOutliner (610)
[2018.10.19-12.12.27:930][883]LogModuleManager: Shutting down and abandoning module AddContentDialog (608)
[2018.10.19-12.12.27:983][883]LogModuleManager: Shutting down and abandoning module WidgetCarousel (607)
[2018.10.19-12.12.27:983][883]LogModuleManager: Shutting down and abandoning module EditorWidgets (604)
[2018.10.19-12.12.27:983][883]LogModuleManager: Shutting down and abandoning module CollectionManager (602)
[2018.10.19-12.12.28:026][883]LogModuleManager: Shutting down and abandoning module StatsViewer (600)
[2018.10.19-12.12.28:053][883]LogModuleManager: Shutting down and abandoning module FoliageEdit (598)
[2018.10.19-12.12.28:087][883]LogModuleManager: Shutting down and abandoning module LandscapeEditor (596)
[2018.10.19-12.12.28:150][883]LogModuleManager: Shutting down and abandoning module MeshPaintMode (594)
[2018.10.19-12.12.28:161][883]LogModuleManager: Shutting down and abandoning module SceneDepthPickerMode (592)
[2018.10.19-12.12.28:161][883]LogModuleManager: Shutting down and abandoning module ActorPickerMode (590)
[2018.10.19-12.12.28:161][883]LogModuleManager: Shutting down and abandoning module GeometryMode (588)
[2018.10.19-12.12.28:161][883]LogModuleManager: Shutting down and abandoning module TextureAlignMode (586)
[2018.10.19-12.12.28:161][883]LogModuleManager: Shutting down and abandoning module BspMode (584)
[2018.10.19-12.12.28:161][883]LogModuleManager: Shutting down and abandoning module PIEPreviewDeviceProfileSelector (582)
[2018.10.19-12.12.28:192][883]LogModuleManager: Shutting down and abandoning module SequenceRecorderSections (580)
[2018.10.19-12.12.28:199][883]LogModuleManager: Shutting down and abandoning module AutomationWorker (578)
[2018.10.19-12.12.28:199][883]LogModuleManager: Shutting down and abandoning module AudioCaptureEditor (576)
[2018.10.19-12.12.28:199][883]LogModuleManager: Shutting down and abandoning module SequenceRecorder (575)
[2018.10.19-12.12.28:243][883]LogModuleManager: Shutting down and abandoning module MatineeToLevelSequence (572)
[2018.10.19-12.12.28:243][883]LogModuleManager: Shutting down and abandoning module LevelSequenceEditor (570)
[2018.10.19-12.12.28:304][883]LogModuleManager: Shutting down and abandoning module PlacementMode (569)
[2018.10.19-12.12.28:304][883]LogModuleManager: Shutting down and abandoning module MaterialEditor (568)
[2018.10.19-12.12.28:409][883]LogModuleManager: Shutting down and abandoning module WmfMediaFactory (564)
[2018.10.19-12.12.28:409][883]LogModuleManager: Shutting down and abandoning module WmfMediaEditor (562)
[2018.10.19-12.12.28:409][883]LogModuleManager: Shutting down and abandoning module MediaPlayerEditor (560)
[2018.10.19-12.12.28:500][883]LogModuleManager: Shutting down and abandoning module OpenExrWrapper (558)
[2018.10.19-12.12.28:500][883]LogModuleManager: Shutting down and abandoning module ImgMediaFactory (556)
[2018.10.19-12.12.28:500][883]LogModuleManager: Shutting down and abandoning module ImgMediaEditor (554)
[2018.10.19-12.12.28:500][883]LogModuleManager: Shutting down and abandoning module AvfMediaFactory (552)
[2018.10.19-12.12.28:500][883]LogModuleManager: Shutting down and abandoning module AvfMediaEditor (550)
[2018.10.19-12.12.28:500][883]LogModuleManager: Shutting down and abandoning module AndroidMediaFactory (548)
[2018.10.19-12.12.28:500][883]LogModuleManager: Shutting down and abandoning module AndroidMediaEditor (546)
[2018.10.19-12.12.28:501][883]LogModuleManager: Shutting down and abandoning module MagicLeapCameraPreviewFactory (544)
[2018.10.19-12.12.28:501][883]LogModuleManager: Shutting down and abandoning module MagicLeapMediaFactory (542)
[2018.10.19-12.12.28:501][883]LogModuleManager: Shutting down and abandoning module MagicLeapMediaEditor (540)
[2018.10.19-12.12.28:501][883]LogModuleManager: Shutting down and abandoning module CharacterAI (538)
[2018.10.19-12.12.28:501][883]LogModuleManager: Shutting down and abandoning module SmartSnapping (536)
[2018.10.19-12.12.28:501][883]LogModuleManager: Shutting down and abandoning module SessionServices (534)
[2018.10.19-12.12.28:501][883]LogModuleManager: Shutting down and abandoning module ViewportSnapping (532)
[2018.10.19-12.12.28:501][883]LogModuleManager: Shutting down and abandoning module ViewportInteraction (530)
[2018.10.19-12.12.28:501][883]LogModuleManager: Shutting down and abandoning module ClothPainter (528)
[2018.10.19-12.12.28:543][883]LogModuleManager: Shutting down and abandoning module SkeletalMeshEditor (527)
[2018.10.19-12.12.28:576][883]LogModuleManager: Shutting down and abandoning module LogVisualizer (524)
[2018.10.19-12.12.28:607][883]LogModuleManager: Shutting down and abandoning module IntroTutorials (522)
[2018.10.19-12.12.28:678][883]LogModuleManager: Shutting down and abandoning module GameProjectGeneration (521)
[2018.10.19-12.12.28:706][883]LogModuleManager: Shutting down and abandoning module LuminPlatformEditor (518)
[2018.10.19-12.12.28:707][883]LogModuleManager: Shutting down and abandoning module IOSPlatformEditor (516)
[2018.10.19-12.12.28:726][883]LogModuleManager: Shutting down and abandoning module HTML5PlatformEditor (514)
[2018.10.19-12.12.28:726][883]LogModuleManager: Shutting down and abandoning module AndroidPlatformEditor (512)
[2018.10.19-12.12.28:726][883]LogModuleManager: Shutting down and abandoning module AndroidDeviceDetection (511)
[2018.10.19-12.12.29:005][883]LogModuleManager: Shutting down and abandoning module WindowsPlatformEditor (508)
[2018.10.19-12.12.29:005][883]LogModuleManager: Shutting down and abandoning module LuminRuntimeSettings (506)
[2018.10.19-12.12.29:005][883]LogModuleManager: Shutting down and abandoning module IOSRuntimeSettings (504)
[2018.10.19-12.12.29:005][883]LogModuleManager: Shutting down and abandoning module AndroidRuntimeSettings (502)
[2018.10.19-12.12.29:006][883]LogModuleManager: Shutting down and abandoning module InputBindingEditor (500)
[2018.10.19-12.12.29:035][883]LogModuleManager: Shutting down and abandoning module MergeActors (498)
[2018.10.19-12.12.29:041][883]LogModuleManager: Shutting down and abandoning module LocalizationDashboard (496)
[2018.10.19-12.12.29:088][883]LogModuleManager: Shutting down and abandoning module LocalizationService (495)
[2018.10.19-12.12.29:097][883]LogModuleManager: Shutting down and abandoning module HardwareTargeting (492)
[2018.10.19-12.12.29:097][883]LogModuleManager: Shutting down and abandoning module DeviceProfileEditor (490)
[2018.10.19-12.12.29:098][883]LogModuleManager: Shutting down and abandoning module UndoHistory (488)
[2018.10.19-12.12.29:113][883]LogModuleManager: Shutting down and abandoning module XmlParser (486)
[2018.10.19-12.12.29:113][883]LogModuleManager: Shutting down and abandoning module Blutility (484)
[2018.10.19-12.12.29:127][883]LogModuleManager: Shutting down and abandoning module ProjectSettingsViewer (482)
[2018.10.19-12.12.29:127][883]LogModuleManager: Shutting down and abandoning module ProjectTargetPlatformEditor (481)
[2018.10.19-12.12.29:128][883]LogModuleManager: Shutting down and abandoning module EditorSettingsViewer (478)
[2018.10.19-12.12.29:128][883]LogModuleManager: Shutting down and abandoning module SettingsEditor (476)
[2018.10.19-12.12.29:392][883]LogModuleManager: Shutting down and abandoning module ProjectLauncher (474)
[2018.10.19-12.12.29:407][883]LogModuleManager: Shutting down and abandoning module SessionFrontend (472)
[2018.10.19-12.12.29:457][883]LogModuleManager: Shutting down and abandoning module ProfilerClient (470)
[2018.10.19-12.12.29:466][883]LogModuleManager: Shutting down and abandoning module DeviceManager (468)
[2018.10.19-12.12.29:495][883]LogModuleManager: Shutting down and abandoning module TargetDeviceServices (467)
[2018.10.19-12.12.29:561][883]LogModuleManager: Shutting down and abandoning module AutomationController (464)
[2018.10.19-12.12.29:597][883]LogModuleManager: Shutting down and abandoning module AutomationWindow (462)
[2018.10.19-12.12.29:623][883]LogModuleManager: Shutting down and abandoning module Layers (460)
[2018.10.19-12.12.29:657][883]LogModuleManager: Shutting down and abandoning module ComponentVisualizers (458)
[2018.10.19-12.12.29:657][883]LogModuleManager: Shutting down and abandoning module DetailCustomizations (456)
[2018.10.19-12.12.29:702][883]LogModuleManager: Shutting down and abandoning module PackagesDialog (454)
[2018.10.19-12.12.29:702][883]LogModuleManager: Shutting down and abandoning module Persona (452)
[2018.10.19-12.12.29:756][883]LogModuleManager: Shutting down and abandoning module AdvancedPreviewScene (451)
[2018.10.19-12.12.29:756][883]LogModuleManager: Shutting down and abandoning module AnimGraph (449)
[2018.10.19-12.12.29:775][883]LogModuleManager: Shutting down and abandoning module Kismet (446)
[2018.10.19-12.12.29:797][883]LogModuleManager: Shutting down and abandoning module GraphEditor (444)
[2018.10.19-12.12.29:797][883]LogModuleManager: Shutting down and abandoning module ClassViewer (442)
[2018.10.19-12.12.29:797][883]LogModuleManager: Shutting down and abandoning module Toolbox (440)
[2018.10.19-12.12.29:797][883]LogModuleManager: Shutting down and abandoning module DesktopPlatform (439)
[2018.10.19-12.12.29:821][883]LogModuleManager: Shutting down and abandoning module ModuleUI (436)
[2018.10.19-12.12.29:831][883]LogModuleManager: Shutting down and abandoning module MovieSceneTools (434)
[2018.10.19-12.12.29:872][883]LogModuleManager: Shutting down and abandoning module OutputLog (432)
[2018.10.19-12.12.29:872][883]LogModuleManager: Shutting down and abandoning module GammaUI (430)
[2018.10.19-12.12.29:900][883]LogModuleManager: Shutting down and abandoning module Documentation (428)
[2018.10.19-12.12.29:900][883]LogModuleManager: Shutting down and abandoning module MovieSceneTracks (426)
[2018.10.19-12.12.29:900][883]LogModuleManager: Shutting down and abandoning module MovieScene (424)
[2018.10.19-12.12.29:926][883]LogModuleManager: Shutting down and abandoning module StreamingPauseRendering (422)
[2018.10.19-12.12.29:943][883]LogModuleManager: Shutting down and abandoning module LauncherPlatform (420)
[2018.10.19-12.12.29:943][883]LogModuleManager: Shutting down and abandoning module AnalyticsET (418)
[2018.10.19-12.12.29:943][883]LogModuleManager: Shutting down and abandoning module PortalServices (416)
[2018.10.19-12.12.29:943][883]LogModuleManager: Shutting down and abandoning module PortalRpc (414)
[2018.10.19-12.12.29:943][883]LogModuleManager: Shutting down and abandoning module MessagingRpc (412)
[2018.10.19-12.12.29:943][883]LogModuleManager: Shutting down and abandoning module AIModule (410)
[2018.10.19-12.12.29:971][883]LogModuleManager: Shutting down and abandoning module GameplayDebugger (409)
[2018.10.19-12.12.29:980][883]LogModuleManager: Shutting down and abandoning module AITestSuite (407)
[2018.10.19-12.12.29:991][883]LogModuleManager: Shutting down and abandoning module NavigationSystem (405)
[2018.10.19-12.12.29:991][883]LogModuleManager: Shutting down and abandoning module ProfilerService (402)
[2018.10.19-12.12.30:144][883]LogModuleManager: Shutting down and abandoning module TaskGraph (400)
[2018.10.19-12.12.30:170][883]LogModuleManager: Shutting down and abandoning module SteamVRController (398)
[2018.10.19-12.12.30:170][883]LogModuleManager: Shutting down and abandoning module ProceduralMeshComponentEditor (396)
[2018.10.19-12.12.30:170][883]LogModuleManager: Shutting down and abandoning module ProceduralMeshComponent (394)
[2018.10.19-12.12.30:185][883]LogModuleManager: Shutting down and abandoning module OculusInput (392)
[2018.10.19-12.12.30:185][883]LogModuleManager: Shutting down and abandoning module MobilePatchingUtils (390)
[2018.10.19-12.12.30:185][883]LogModuleManager: Shutting down and abandoning module EditableMesh (388)
[2018.10.19-12.12.30:199][883]LogModuleManager: Shutting down and abandoning module CustomMeshComponent (386)
[2018.10.19-12.12.30:199][883]LogModuleManager: Shutting down and abandoning module CableComponent (384)
[2018.10.19-12.12.30:199][883]LogModuleManager: Shutting down and abandoning module AudioCapture (382)
[2018.10.19-12.12.30:199][883]LogModuleManager: Shutting down and abandoning module ArchVisCharacter (380)
[2018.10.19-12.12.30:199][883]LogModuleManager: Shutting down and abandoning module AndroidPermission (378)
[2018.10.19-12.12.30:199][883]LogModuleManager: Shutting down and abandoning module NUTUnrealEngine4 (376)
[2018.10.19-12.12.30:199][883]LogModuleManager: Shutting down and abandoning module NetcodeUnitTest (374)
[2018.10.19-12.12.30:253][883]LogModuleManager: Shutting down and abandoning module MediaCompositingEditor (372)
[2018.10.19-12.12.30:253][883]LogModuleManager: Shutting down and abandoning module MediaCompositing (370)
[2018.10.19-12.12.30:253][883]LogModuleManager: Shutting down and abandoning module LinearTimecode (368)
[2018.10.19-12.12.30:253][883]LogModuleManager: Shutting down and abandoning module ImgMedia (366)
[2018.10.19-12.12.30:274][883]LogModuleManager: Shutting down and abandoning module HTML5Networking (364)
[2018.10.19-12.12.30:274][883]LogModuleManager: Shutting down and abandoning module GeometryCacheTracks (362)
[2018.10.19-12.12.30:274][883]LogModuleManager: Shutting down and abandoning module GeometryCacheSequencer (360)
[2018.10.19-12.12.30:274][883]LogModuleManager: Shutting down and abandoning module BackChannel (358)
[2018.10.19-12.12.30:287][883]LogModuleManager: Shutting down and abandoning module AppleVision (356)
[2018.10.19-12.12.30:287][883]LogModuleManager: Shutting down and abandoning module AppleImageUtils (354)
[2018.10.19-12.12.30:287][883]LogModuleManager: Shutting down and abandoning module AlembicImporter (352)
[2018.10.19-12.12.30:287][883]LogModuleManager: Shutting down and abandoning module AlembicLibrary (351)
[2018.10.19-12.12.30:287][883]LogModuleManager: Shutting down and abandoning module GeometryCache (350)
[2018.10.19-12.12.30:287][883]LogModuleManager: Shutting down and abandoning module GeometryCacheEd (349)
[2018.10.19-12.12.30:287][883]LogModuleManager: Shutting down and abandoning module DatasmithContentEditor (344)
[2018.10.19-12.12.30:303][883]LogModuleManager: Shutting down and abandoning module DatasmithContent (342)
[2018.10.19-12.12.30:304][883]LogModuleManager: Shutting down and abandoning module SpeedTreeImporter (340)
[2018.10.19-12.12.30:304][883]LogModuleManager: Shutting down and abandoning module PluginBrowser (338)
[2018.10.19-12.12.30:358][883]LogModuleManager: Shutting down and abandoning module MobileLauncherProfileWizard (336)
[2018.10.19-12.12.30:379][883]LogModuleManager: Shutting down and abandoning module PolygonModeling (334)
[2018.10.19-12.12.30:379][883]LogModuleManager: Shutting down and abandoning module MeshEditor (332)
[2018.10.19-12.12.30:404][883]LogModuleManager: Shutting down and abandoning module CryptoKeysOpenSSL (330)
[2018.10.19-12.12.30:433][883]LogModuleManager: Shutting down and abandoning module CryptoKeys (328)
[2018.10.19-12.12.30:434][883]LogModuleManager: Shutting down and abandoning module VisualStudioSourceCodeAccess (326)
[2018.10.19-12.12.30:434][883]LogModuleManager: Shutting down and abandoning module VisualStudioCodeSourceCodeAccess (324)
[2018.10.19-12.12.30:434][883]LogModuleManager: Shutting down and abandoning module UObjectPlugin (322)
[2018.10.19-12.12.30:434][883]LogModuleManager: Shutting down and abandoning module SubversionSourceControl (320)
[2018.10.19-12.12.30:454][883]LogModuleManager: Shutting down and abandoning module PerforceSourceControl (318)
[2018.10.19-12.12.30:504][883]LogModuleManager: Shutting down and abandoning module GitSourceControl (316)
[2018.10.19-12.12.30:516][883]LogModuleManager: Shutting down and abandoning module SourceControl (315)
[2018.10.19-12.12.30:530][883]LogModuleManager: Shutting down and abandoning module CLionSourceCodeAccess (312)
[2018.10.19-12.12.30:530][883]LogModuleManager: Shutting down and abandoning module LightPropagationVolumeEditor (310)
[2018.10.19-12.12.30:530][883]LogModuleManager: Shutting down and abandoning module PaperTiledImporter (308)
[2018.10.19-12.12.30:530][883]LogModuleManager: Shutting down and abandoning module PaperSpriteSheetImporter (306)
[2018.10.19-12.12.30:530][883]LogModuleManager: Shutting down and abandoning module Paper2DEditor (304)
[2018.10.19-12.12.30:581][883]LogModuleManager: Shutting down and abandoning module MeshPaint (303)
[2018.10.19-12.12.30:603][883]LogModuleManager: Shutting down and abandoning module RuntimePhysXCooking (298)
[2018.10.19-12.12.30:603][883]LogModuleManager: Shutting down and abandoning module PhysXVehiclesEditor (296)
[2018.10.19-12.12.30:603][883]LogModuleManager: Shutting down and abandoning module PhysXVehicles (294)
[2018.10.19-12.12.30:603][883]LogModuleManager: Shutting down and abandoning module OculusEditor (292)
[2018.10.19-12.12.30:624][883]LogModuleManager: Shutting down and abandoning module LocationServicesBPLibrary (290)
[2018.10.19-12.12.30:624][883]LogModuleManager: Shutting down and abandoning module ImmediatePhysicsEditor (288)
[2018.10.19-12.12.30:624][883]LogModuleManager: Shutting down and abandoning module ImmediatePhysics (286)
[2018.10.19-12.12.30:646][883]LogModuleManager: Shutting down and abandoning module ActorSequence (284)
[2018.10.19-12.12.30:646][883]LogModuleManager: Shutting down and abandoning module UdpMessaging (282)
[2018.10.19-12.12.30:747][883]LogModuleManager: Shutting down and abandoning module TcpMessaging (280)
[2018.10.19-12.12.30:997][883]LogModuleManager: Shutting down and abandoning module MagicLeapAudio (278)
[2018.10.19-12.12.30:997][883]LogModuleManager: Shutting down and abandoning module GameplayTagsEditor (276)
[2018.10.19-12.12.31:027][883]LogModuleManager: Shutting down and abandoning module FacialAnimationEditor (274)
[2018.10.19-12.12.31:028][883]LogModuleManager: Shutting down and abandoning module FacialAnimation (272)
[2018.10.19-12.12.31:028][883]LogModuleManager: Shutting down and abandoning module DataValidation (270)
[2018.10.19-12.12.31:028][883]LogModuleManager: Shutting down and abandoning module AssetManagerEditor (268)
[2018.10.19-12.12.31:042][883]LogModuleManager: Shutting down and abandoning module LevelEditor (267)
[2018.10.19-12.12.31:079][883]LogModuleManager: Shutting down and abandoning module PixelInspectorModule (266)
[2018.10.19-12.12.31:091][883]LogModuleManager: Shutting down and abandoning module CommonMenuExtensions (264)
[2018.10.19-12.12.31:091][883]LogModuleManager: Shutting down and abandoning module MainFrame (262)
[2018.10.19-12.12.31:102][883]LogModuleManager: Shutting down and abandoning module HotReload (261)
[2018.10.19-12.12.31:103][883]LogModuleManager: Shutting down and abandoning module ContentBrowser (257)
[2018.10.19-12.12.31:104][883]LogModuleManager: Shutting down and abandoning module TreeMap (255)
[2018.10.19-12.12.31:115][883]LogModuleManager: Shutting down and abandoning module LightPropagationVolumeRuntime (252)
[2018.10.19-12.12.31:115][883]LogModuleManager: Shutting down and abandoning module AISupportModule (250)
[2018.10.19-12.12.31:115][883]LogModuleManager: Shutting down and abandoning module Paper2D (248)
[2018.10.19-12.12.31:130][883]LogModuleManager: Shutting down and abandoning module WindowsMoviePlayer (246)
[2018.10.19-12.12.31:149][883]LogModuleManager: Shutting down and abandoning module WmfMedia (244)
[2018.10.19-12.12.31:169][883]LogModuleManager: Shutting down and abandoning module Media (243)
[2018.10.19-12.12.31:175][883]LogModuleManager: Shutting down and abandoning module PacketHandler (240)
[2018.10.19-12.12.31:175][883]LogModuleManager: Shutting down and abandoning module ClothingSystemEditor (238)
[2018.10.19-12.12.31:175][883]LogModuleManager: Shutting down and abandoning module ClothingSystemRuntime (236)
[2018.10.19-12.12.31:195][883]LogModuleManager: Shutting down and abandoning module MediaAssets (234)
[2018.10.19-12.12.31:195][883]LogModuleManager: Shutting down and abandoning module Overlay (232)
[2018.10.19-12.12.31:195][883]LogModuleManager: Shutting down and abandoning module OverlayEditor (231)
[2018.10.19-12.12.31:195][883]LogModuleManager: Shutting down and abandoning module VREditor (228)
[2018.10.19-12.12.31:228][883]LogModuleManager: Shutting down and abandoning module StringTableEditor (226)
[2018.10.19-12.12.31:245][883]LogModuleManager: Shutting down and abandoning module GameplayTasksEditor (224)
[2018.10.19-12.12.31:245][883]LogModuleManager: Shutting down and abandoning module BehaviorTreeEditor (222)
[2018.10.19-12.12.31:302][883]LogModuleManager: Shutting down and abandoning module FunctionalTesting (220)
[2018.10.19-12.12.31:327][883]LogModuleManager: Shutting down and abandoning module CollisionAnalyzer (218)
[2018.10.19-12.12.31:347][883]LogModuleManager: Shutting down and abandoning module WorkspaceMenuStructure (217)
[2018.10.19-12.12.31:347][883]LogModuleManager: Shutting down and abandoning module UMG (214)
[2018.10.19-12.12.31:362][883]LogModuleManager: Shutting down and abandoning module UMGEditor (213)
[2018.10.19-12.12.31:395][883]LogModuleManager: Shutting down and abandoning module Sequencer (212)
[2018.10.19-12.12.31:507][883]LogModuleManager: Shutting down and abandoning module MessageLog (209)
[2018.10.19-12.12.31:507][883]LogModuleManager: Shutting down and abandoning module SlateReflector (204)
[2018.10.19-12.12.31:549][883]LogModuleManager: Shutting down and abandoning module Slate (202)
[2018.10.19-12.12.31:549][883]LogModuleManager: Shutting down and abandoning module EditorStyle (200)
[2018.10.19-12.12.31:551][883]LogModuleManager: Shutting down and abandoning module MRMesh (198)
[2018.10.19-12.12.31:566][883]LogModuleManager: Shutting down and abandoning module SourceCodeAccess (196)
[2018.10.19-12.12.31:566][883]LogModuleManager: Shutting down and abandoning module HeadMountedDisplay (194)
[2018.10.19-12.12.31:566][883]LogModuleManager: Shutting down and abandoning module XAudio2 (192)
[2018.10.19-12.12.31:566][883]LogModuleManager: Shutting down and abandoning module Networking (190)
[2018.10.19-12.12.31:566][883]LogModuleManager: Shutting down and abandoning module Core (188)
[2018.10.19-12.12.31:567][883]LogModuleManager: Shutting down and abandoning module LevelSequence (186)
[2018.10.19-12.12.31:567][883]LogModuleManager: Shutting down and abandoning module KismetCompiler (184)
[2018.10.19-12.12.31:567][883]LogModuleManager: Shutting down and abandoning module MeshUtilities (182)
[2018.10.19-12.12.31:585][883]LogModuleManager: Shutting down and abandoning module MeshMergeUtilities (181)
[2018.10.19-12.12.31:598][883]LogModuleManager: Shutting down and abandoning module MeshReductionInterface (180)
[2018.10.19-12.12.31:598][883]LogModuleManager: Shutting down and abandoning module SimplygonSwarm (179)
[2018.10.19-12.12.31:608][883]LogModuleManager: Shutting down and abandoning module ProxyLODMeshReduction (177)
[2018.10.19-12.12.31:635][883]LogModuleManager: Shutting down and abandoning module SimplygonMeshReduction (175)
[2018.10.19-12.12.31:635][883]LogModuleManager: Shutting down and abandoning module QuadricMeshReduction (173)
[2018.10.19-12.12.31:651][883]LogModuleManager: Shutting down and abandoning module MaterialBaking (169)
[2018.10.19-12.12.31:658][883]LogModuleManager: Shutting down and abandoning module DirectoryWatcher (165)
[2018.10.19-12.12.31:659][883]LogModuleManager: Shutting down and abandoning module DerivedDataCache (162)
[2018.10.19-12.12.31:730][883]LogDerivedDataCache: Shutdown
[2018.10.19-12.12.31:730][883]LogModuleManager: Shutting down and abandoning module XGEController (160)
[2018.10.19-12.12.31:730][883]LogXGEController: Cleaning working directory: C:/Users/Grizz/AppData/Local/Temp/UnrealXGEWorkingDir/
[2018.10.19-12.12.31:756][883]LogModuleManager: Shutting down and abandoning module TargetPlatform (158)
[2018.10.19-12.12.31:756][883]LogModuleManager: Shutting down and abandoning module VulkanShaderFormat (157)
[2018.10.19-12.12.31:770][883]LogModuleManager: Shutting down and abandoning module ShaderFormatVectorVM (155)
[2018.10.19-12.12.31:783][883]LogModuleManager: Shutting down and abandoning module ShaderFormatOpenGL (153)
[2018.10.19-12.12.31:788][883]LogModuleManager: Shutting down and abandoning module ShaderFormatD3D (151)
[2018.10.19-12.12.31:788][883]LogModuleManager: Shutting down and abandoning module MetalShaderFormat (149)
[2018.10.19-12.12.31:804][883]LogModuleManager: Shutting down and abandoning module TextureFormatUncompressed (147)
[2018.10.19-12.12.31:805][883]LogModuleManager: Shutting down and abandoning module TextureFormatPVR (145)
[2018.10.19-12.12.31:805][883]LogModuleManager: Shutting down and abandoning module TextureFormatDXT (143)
[2018.10.19-12.12.31:816][883]LogModuleManager: Shutting down and abandoning module TextureFormatIntelISPCTexComp (141)
[2018.10.19-12.12.31:826][883]LogModuleManager: Shutting down and abandoning module TextureFormatASTC (139)
[2018.10.19-12.12.31:826][883]LogModuleManager: Shutting down and abandoning module ImageWrapper (138)
[2018.10.19-12.12.31:826][883]LogModuleManager: Shutting down and abandoning module TextureFormatAndroid (135)
[2018.10.19-12.12.31:826][883]LogModuleManager: Shutting down and abandoning module AudioFormatOpus (133)
[2018.10.19-12.12.31:826][883]LogModuleManager: Shutting down and abandoning module AudioFormatOgg (131)
[2018.10.19-12.12.31:827][883]LogModuleManager: Shutting down and abandoning module AudioFormatADPCM (129)
[2018.10.19-12.12.31:827][883]LogModuleManager: Shutting down and abandoning module LuminTargetPlatform (127)
[2018.10.19-12.12.31:827][883]LogModuleManager: Shutting down and abandoning module LinuxTargetPlatform (125)
[2018.10.19-12.12.31:827][883]LogModuleManager: Shutting down and abandoning module LinuxServerTargetPlatform (123)
[2018.10.19-12.12.31:827][883]LogModuleManager: Shutting down and abandoning module LinuxNoEditorTargetPlatform (121)
[2018.10.19-12.12.31:843][883]LogModuleManager: Shutting down and abandoning module LinuxClientTargetPlatform (119)
[2018.10.19-12.12.31:850][883]LogModuleManager: Shutting down and abandoning module TVOSTargetPlatform (117)
[2018.10.19-12.12.31:878][883]LogModuleManager: Shutting down and abandoning module Messaging (115)
[2018.10.19-12.12.31:878][883]LogModuleManager: Shutting down and abandoning module IOSTargetPlatform (113)
[2018.10.19-12.12.31:898][883]LogModuleManager: Shutting down and abandoning module HTML5TargetPlatform (111)
[2018.10.19-12.12.31:898][883]LogModuleManager: Shutting down and abandoning module AndroidTargetPlatform (109)
[2018.10.19-12.12.32:065][883]LogModuleManager: Shutting down and abandoning module WindowsTargetPlatform (107)
[2018.10.19-12.12.32:065][883]LogModuleManager: Shutting down and abandoning module WindowsServerTargetPlatform (105)
[2018.10.19-12.12.32:065][883]LogModuleManager: Shutting down and abandoning module WindowsNoEditorTargetPlatform (103)
[2018.10.19-12.12.32:065][883]LogModuleManager: Shutting down and abandoning module WindowsClientTargetPlatform (101)
[2018.10.19-12.12.32:065][883]LogModuleManager: Shutting down and abandoning module MacTargetPlatform (99)
[2018.10.19-12.12.32:065][883]LogModuleManager: Shutting down and abandoning module MacServerTargetPlatform (97)
[2018.10.19-12.12.32:065][883]LogModuleManager: Shutting down and abandoning module MacNoEditorTargetPlatform (95)
[2018.10.19-12.12.32:065][883]LogModuleManager: Shutting down and abandoning module MacClientTargetPlatform (93)
[2018.10.19-12.12.32:065][883]LogModuleManager: Shutting down and abandoning module AllDesktopTargetPlatform (91)
[2018.10.19-12.12.32:065][883]LogModuleManager: Shutting down and abandoning module InputCore (88)
[2018.10.19-12.12.32:065][883]LogModuleManager: Shutting down and abandoning module Settings (86)
[2018.10.19-12.12.32:065][883]LogModuleManager: Shutting down and abandoning module PhysXCooking (84)
[2018.10.19-12.12.32:066][883]LogModuleManager: Shutting down and abandoning module SteamVR (82)
[2018.10.19-12.12.32:066][883]LogModuleManager: Shutting down and abandoning module OculusHMD (80)
[2018.10.19-12.12.32:082][883]LogModuleManager: Shutting down and abandoning module ExampleDeviceProfileSelector (78)
[2018.10.19-12.12.32:082][883]LogModuleManager: Shutting down and abandoning module LauncherChunkInstaller (76)
[2018.10.19-12.12.32:083][883]LogModuleManager: Shutting down and abandoning module OnlineBlueprintSupport (74)
[2018.10.19-12.12.32:083][883]LogModuleManager: Shutting down and abandoning module OnlineSubsystem (70)
[2018.10.19-12.12.32:157][883]LogModuleManager: Shutting down and abandoning module XMPP (65)
[2018.10.19-12.12.32:192][883]LogModuleManager: Shutting down and abandoning module WebSockets (64)
[2018.10.19-12.12.32:346][883]LogModuleManager: Shutting down and abandoning module HTTP (61)
[2018.10.19-12.12.32:353][883]LogHttp: Display: Http module shutting down, but needs to wait on 1 outstanding Http requests:
[2018.10.19-12.12.32:353][883]LogHttp: Display: 	verb=[POST] url=[https://datarouter.ol.epicgames.com/datarouter/api/v1/public/data?SessionID=%7B34181D44-47BA-B32A-8DE6-ED8AF490075D%7D&AppID=UEEditor.Rocket.Release&AppVersion=4.20.3-4369336%2B%2B%2BUE4%2BRelease-4.20&UserID=99f1fef04ee08b5c0286e1bff4a3a914%7C376366b50c2344869c8cfe76ddc4be9a%7Cb69d4af5-f56e-4f70-9ec4-ba256a657e02&AppEnvironment=datacollector-binary&UploadType=eteventstream] status=Processing
[2018.10.19-12.12.32:372][883]LogModuleManager: Shutting down and abandoning module SSL (60)
[2018.10.19-12.12.32:406][883]LogModuleManager: Shutting down and abandoning module MagicLeapEmulator (56)
[2018.10.19-12.12.32:406][883]LogModuleManager: Shutting down and abandoning module MagicLeapPrivileges (54)
[2018.10.19-12.12.32:406][883]LogModuleManager: Shutting down and abandoning module MagicLeapIdentity (52)
[2018.10.19-12.12.32:406][883]LogModuleManager: Shutting down and abandoning module MagicLeapHelperVulkan (50)
[2018.10.19-12.12.32:406][883]LogModuleManager: Shutting down and abandoning module MagicLeapHelperOpenGL (48)
[2018.10.19-12.12.32:406][883]LogModuleManager: Shutting down and abandoning module MagicLeapSecureStorage (46)
[2018.10.19-12.12.32:406][883]LogModuleManager: Shutting down and abandoning module MagicLeapGestures (44)
[2018.10.19-12.12.32:406][883]LogModuleManager: Shutting down and abandoning module MagicLeapEyeTracker (42)
[2018.10.19-12.12.32:406][883]LogModuleManager: Shutting down and abandoning module MagicLeapController (40)
[2018.10.19-12.12.32:407][883]LogSlate: Slate User Destroyed.  User Index 0, Is Virtual User: 0
[2018.10.19-12.12.32:407][883]LogModuleManager: Shutting down and abandoning module MagicLeap (38)
[2018.10.19-12.12.32:407][883]LogModuleManager: Shutting down and abandoning module AnimationModifiers (36)
[2018.10.19-12.12.32:450][883]LogModuleManager: Shutting down and abandoning module PropertyEditor (35)
[2018.10.19-12.12.32:450][883]LogModuleManager: Shutting down and abandoning module AudioEditor (32)
[2018.10.19-12.12.32:512][883]LogModuleManager: Shutting down and abandoning module TextureCompressor (30)
[2018.10.19-12.12.32:525][883]LogModuleManager: Shutting down and abandoning module ShaderCore (28)
[2018.10.19-12.12.32:525][883]LogModuleManager: Shutting down and abandoning module Landscape (26)
[2018.10.19-12.12.32:525][883]LogModuleManager: Shutting down and abandoning module SlateRHIRenderer (24)
[2018.10.19-12.12.32:565][883]LogModuleManager: Shutting down and abandoning module OpenGLDrv (22)
[2018.10.19-12.12.32:598][883]LogModuleManager: Shutting down and abandoning module D3D11RHI (20)
[2018.10.19-12.12.32:599][883]LogModuleManager: Shutting down and abandoning module AnimGraphRuntime (18)
[2018.10.19-12.12.32:608][883]LogModuleManager: Shutting down and abandoning module Renderer (16)
[2018.10.19-12.12.32:609][883]LogModuleManager: Shutting down and abandoning module Engine (14)
[2018.10.19-12.12.32:609][883]LogModuleManager: Shutting down and abandoning module CoreUObject (12)
[2018.10.19-12.12.32:609][883]LogModuleManager: Shutting down and abandoning module NetworkFile (10)
[2018.10.19-12.12.32:643][883]LogModuleManager: Shutting down and abandoning module CookedIterativeFile (8)
[2018.10.19-12.12.32:643][883]LogModuleManager: Shutting down and abandoning module StreamingFile (6)
[2018.10.19-12.12.32:648][883]LogModuleManager: Shutting down and abandoning module SandboxFile (4)
[2018.10.19-12.12.32:648][883]LogModuleManager: Shutting down and abandoning module PakFile (2)
[2018.10.19-12.12.32:701][883]LogExit: Exiting.
[2018.10.19-12.12.32:800][883]Log file closed, 10/19/18 13:12:32
