Log file open, 11/06/18 15:10:17
LogWindows: Failed to load 'aqProf.dll' (GetLastError=126)
LogWindows: File 'aqProf.dll' does not exist
LogWindows: Failed to load 'VSPerf140.dll' (GetLastError=126)
LogWindows: File 'VSPerf140.dll' does not exist
LogWindows: Failed to load 'VtuneApi.dll' (GetLastError=126)
LogWindows: File 'VtuneApi.dll' does not exist
LogWindows: Failed to load 'VtuneApi32e.dll' (GetLastError=126)
LogWindows: File 'VtuneApi32e.dll' does not exist
LogInit: Display: Running engine for game: ProcGenCity
LogPlatformFile: Not using cached read wrapper
LogTaskGraph: Started task graph with 5 named threads and 23 total threads with 3 sets of task threads.
LogStats: Stats thread started at 0.284091
LogD3D11RHI: Loaded GFSDK_Aftermath_Lib.x64.dll
LogICUInternationalization: Display: ICU TimeZone Detection - Raw Offset: +0:00, Platform Override: ''
LogPluginManager: Mounting plugin Paper2D
LogPluginManager: Mounting plugin AISupport
LogPluginManager: Mounting plugin LightPropagationVolume
LogPluginManager: Mounting plugin CLionSourceCodeAccess
LogPluginManager: Mounting plugin CodeLiteSourceCodeAccess
LogPluginManager: Mounting plugin GitSourceControl
LogPluginManager: Mounting plugin KDevelopSourceCodeAccess
LogPluginManager: Mounting plugin NullSourceCodeAccess
LogPluginManager: Mounting plugin PerforceSourceControl
LogPluginManager: Mounting plugin SubversionSourceControl
LogPluginManager: Mounting plugin UObjectPlugin
LogPluginManager: Mounting plugin VisualStudioCodeSourceCodeAccess
LogPluginManager: Mounting plugin VisualStudioSourceCodeAccess
LogPluginManager: Mounting plugin XCodeSourceCodeAccess
LogPluginManager: Mounting plugin AssetManagerEditor
LogPluginManager: Mounting plugin CryptoKeys
LogPluginManager: Mounting plugin DataValidation
LogPluginManager: Mounting plugin FacialAnimation
LogPluginManager: Mounting plugin GameplayTagsEditor
LogPluginManager: Mounting plugin MacGraphicsSwitching
LogPluginManager: Mounting plugin MeshEditor
LogPluginManager: Mounting plugin MobileLauncherProfileWizard
LogPluginManager: Mounting plugin PluginBrowser
LogPluginManager: Mounting plugin SpeedTreeImporter
LogPluginManager: Mounting plugin DatasmithContent
LogPluginManager: Mounting plugin AlembicImporter
LogPluginManager: Mounting plugin AppleImageUtils
LogPluginManager: Mounting plugin AppleVision
LogPluginManager: Mounting plugin BackChannel
LogPluginManager: Mounting plugin CharacterAI
LogPluginManager: Mounting plugin GeometryCache
LogPluginManager: Mounting plugin HTML5Networking
LogPluginManager: Mounting plugin ProxyLODPlugin
LogPluginManager: Mounting plugin MagicLeap
LogPluginManager: Mounting plugin MagicLeapEmulator
LogPluginManager: Mounting plugin MagicLeapMedia
LogPluginManager: Mounting plugin AndroidMedia
LogPluginManager: Mounting plugin AvfMedia
LogPluginManager: Mounting plugin ImgMedia
LogPluginManager: Mounting plugin LinearTimecode
LogPluginManager: Mounting plugin MediaCompositing
LogPluginManager: Mounting plugin MediaPlayerEditor
LogPluginManager: Mounting plugin WmfMedia
LogPluginManager: Mounting plugin TcpMessaging
LogPluginManager: Mounting plugin UdpMessaging
LogPluginManager: Mounting plugin ActorSequence
LogPluginManager: Mounting plugin LevelSequenceEditor
LogPluginManager: Mounting plugin MatineeToLevelSequence
LogPluginManager: Mounting plugin NetcodeUnitTest
LogPluginManager: Mounting plugin NUTUnrealEngine4
LogPluginManager: Mounting plugin OnlineSubsystemGooglePlay
LogPluginManager: Mounting plugin OnlineSubsystemIOS
LogPluginManager: Mounting plugin OnlineSubsystem
LogPluginManager: Mounting plugin OnlineSubsystemNull
LogPluginManager: Mounting plugin OnlineSubsystemUtils
LogPluginManager: Mounting plugin LauncherChunkInstaller
LogPluginManager: Mounting plugin AndroidDeviceProfileSelector
LogPluginManager: Mounting plugin AndroidMoviePlayer
LogPluginManager: Mounting plugin AndroidPermission
LogPluginManager: Mounting plugin AppleMoviePlayer
LogPluginManager: Mounting plugin ArchVisCharacter
LogPluginManager: Mounting plugin AudioCapture
LogPluginManager: Mounting plugin CableComponent
LogPluginManager: Mounting plugin CustomMeshComponent
LogPluginManager: Mounting plugin EditableMesh
LogPluginManager: Mounting plugin ExampleDeviceProfileSelector
LogPluginManager: Mounting plugin GoogleCloudMessaging
LogPluginManager: Mounting plugin ImmediatePhysics
LogPluginManager: Mounting plugin IOSDeviceProfileSelector
LogPluginManager: Mounting plugin LinuxDeviceProfileSelector
LogPluginManager: Mounting plugin LocationServicesBPLibrary
LogPluginManager: Mounting plugin MobilePatchingUtils
LogPluginManager: Mounting plugin OculusVR
LogPluginManager: Plugin shader directory ../../../Engine/Plugins/Runtime/Oculus/OculusVR/Shaders found
LogPluginManager: Mapping shader source directory ../../../Engine/Plugins/Runtime/Oculus/OculusVR/Shaders to virtual directory /Plugin/OculusVR
LogPluginManager: Mounting plugin PhysXVehicles
LogPluginManager: Mounting plugin ProceduralMeshComponent
LogPluginManager: Mounting plugin RuntimePhysXCooking
LogPluginManager: Mounting plugin SteamVR
LogPluginManager: Mounting plugin WindowsMoviePlayer
LogStreaming: Display: Took  0.177s to configure plugins.
LogInit: Using libcurl 7.55.1-DEV
LogInit:  - built for x86_64-pc-win32
LogInit:  - supports SSL with OpenSSL/1.0.2h
LogInit:  - supports HTTP deflate (compression) using libz 1.2.8
LogInit:  - other features:
LogInit:      CURL_VERSION_SSL
LogInit:      CURL_VERSION_LIBZ
LogInit:      CURL_VERSION_IPV6
LogInit:      CURL_VERSION_ASYNCHDNS
LogInit:      CURL_VERSION_LARGEFILE
LogInit:      CURL_VERSION_IDN
LogInit:  CurlRequestOptions (configurable via config and command line):
LogInit:  - bVerifyPeer = false  - Libcurl will NOT verify peer certificate
LogInit:  - bUseHttpProxy = false  - Libcurl will NOT use HTTP proxy
LogInit:  - bDontReuseConnections = false  - Libcurl will reuse connections
LogInit:  - CertBundlePath = nullptr  - Libcurl will use whatever was configured at build time.
LogInit:  - MaxHostConnections = 16  - Libcurl will limit the number of connections to a host
LogInit:  - LocalHostAddr = Default
LogInit:  - BufferSize = 65536
LogInit: WinSock: version 1.1 (2.2), MaxSocks=32767, MaxUdp=65467
LogInit: Build: ++UE4+Release-4.20-CL-4369336
LogInit: Engine Version: 4.20.3-4369336+++UE4+Release-4.20
LogInit: Compatible Engine Version: 4.20.0-4212847+++UE4+Release-4.20
LogInit: Net CL: 4212847
LogInit: OS: Windows 10 (), CPU: Intel(R) Core(TM) i7-8550U CPU @ 1.80GHz, GPU: Intel(R) UHD Graphics 620
LogInit: Compiled (64-bit): Sep 17 2018 12:26:19
LogInit: Compiled with Visual C++: 19.13.26129.00
LogInit: Build Configuration: Development
LogInit: Branch Name: ++UE4+Release-4.20
LogInit: Command Line:  
LogInit: Base Directory: C:/Program Files/Epic Games/UE_4.20/Engine/Binaries/Win64/
LogInit: Installed Engine Build: 1
LogDevObjectVersion: Number of dev versions registered: 20
LogDevObjectVersion:   Dev-Blueprints (B0D832E4-1F89-4F0D-ACCF-7EB736FD4AA2): 10
LogDevObjectVersion:   Dev-Build (E1C64328-A22C-4D53-A36C-8E866417BD8C): 0
LogDevObjectVersion:   Dev-Core (375EC13C-06E4-48FB-B500-84F0262A717E): 2
LogDevObjectVersion:   Dev-Editor (E4B068ED-F494-42E9-A231-DA0B2E46BB41): 24
LogDevObjectVersion:   Dev-Framework (CFFC743F-43B0-4480-9391-14DF171D2073): 34
LogDevObjectVersion:   Dev-Mobile (B02B49B5-BB20-44E9-A304-32B752E40360): 2
LogDevObjectVersion:   Dev-Networking (A4E4105C-59A1-49B5-A7C5-40C4547EDFEE): 0
LogDevObjectVersion:   Dev-Online (39C831C9-5AE6-47DC-9A44-9C173E1C8E7C): 0
LogDevObjectVersion:   Dev-Physics (78F01B33-EBEA-4F98-B9B4-84EACCB95AA2): 0
LogDevObjectVersion:   Dev-Platform (6631380F-2D4D-43E0-8009-CF276956A95A): 0
LogDevObjectVersion:   Dev-Rendering (12F88B9F-8875-4AFC-A67C-D90C383ABD29): 26
LogDevObjectVersion:   Dev-Sequencer (7B5AE74C-D270-4C10-A958-57980B212A5A): 9
LogDevObjectVersion:   Dev-VR (D7296918-1DD6-4BDD-9DE2-64A83CC13884): 2
LogDevObjectVersion:   Dev-LoadTimes (C2A15278-BFE7-4AFE-6C17-90FF531DF755): 1
LogDevObjectVersion:   Private-Geometry (6EACA3D4-40EC-4CC1-B786-8BED09428FC5): 3
LogDevObjectVersion:   Dev-AnimPhys (29E575DD-E0A3-4627-9D10-D276232CDCEA): 17
LogDevObjectVersion:   Dev-ReflectionCapture (6B266CEC-1EC7-4B8F-A30B-E4D90942FC07): 1
LogDevObjectVersion:   Dev-Automation (0DF73D61-A23F-47EA-B727-89E90C41499A): 1
LogDevObjectVersion:   FortniteMain (601D1886-AC64-4F84-AA16-D3DE0DEAC7D6): 12
LogDevObjectVersion:   Dev-Enterprise (9DFFBCD6-494F-0158-E221-12823C92A888): 1
LogStreaming: Display: Took  0.003s to delete old logs.
LogInit: Presizing for max 8388607 objects, including 0 objects not considered by GC, pre-allocating 0 bytes for permanent pool.
LogInit: Object subsystem initialized
[2018.11.06-15.10.17:769][  0]LogInit: Selected Device Profile: [Windows]
[2018.11.06-15.10.17:769][  0]LogInit: Applying CVar settings loaded from the selected device profile: [Windows]
[2018.11.06-15.10.17:779][  0]LogHAL: Display: Platform has ~ 16 GB [17058729984 / 17179869184 / 16], which maps to Larger [LargestMinGB=32, LargerMinGB=12, DefaultMinGB=8, SmallerMinGB=6, SmallestMinGB=0)
[2018.11.06-15.10.17:779][  0]LogInit: Setting Device Profile CVar: [[r.Vulkan.UseRealUBs:1]]
[2018.11.06-15.10.17:779][  0]LogInit: Going up to parent DeviceProfile []
[2018.11.06-15.10.17:780][  0]LogInit: Computer: LAPTOP-TLBN2SQS
[2018.11.06-15.10.17:780][  0]LogInit: User: kevin
[2018.11.06-15.10.17:780][  0]LogInit: CPU Page size=4096, Cores=4
[2018.11.06-15.10.17:780][  0]LogInit: High frequency timer resolution =1.945311 MHz
[2018.11.06-15.10.17:780][  0]LogMemory: Memory total: Physical=15.9GB (16GB approx)
[2018.11.06-15.10.17:780][  0]LogMemory: Platform Memory Stats for Windows
[2018.11.06-15.10.17:780][  0]LogMemory: Process Physical Memory: 99.86 MB used, 99.86 MB peak
[2018.11.06-15.10.17:780][  0]LogMemory: Process Virtual Memory: 90.91 MB used, 90.91 MB peak
[2018.11.06-15.10.17:780][  0]LogMemory: Physical Memory: 6148.84 MB used,  10119.64 MB free, 16268.47 MB total
[2018.11.06-15.10.17:780][  0]LogMemory: Virtual Memory: 4640.04 MB used,  10119.64 MB free, 134217728.00 MB total
[2018.11.06-15.10.17:810][  0]LogInit: Using OS detected language (en-GB).
[2018.11.06-15.10.17:810][  0]LogInit: Using OS detected locale (en-GB).
[2018.11.06-15.10.17:811][  0]LogTextLocalizationManager: No specific localization for 'en-GB' exists, so the 'en' localization will be used.
[2018.11.06-15.10.18:137][  0]LogStreaming: Display: Took  0.328s to InitEngineTextLocalization.
[2018.11.06-15.10.18:138][  0]LogInit: Setting process to per monitor DPI aware
[2018.11.06-15.10.18:190][  0]LogSlate: New Slate User Created.  User Index 0, Is Virtual User: 0
[2018.11.06-15.10.18:190][  0]LogSlate: Slate User Registered.  User Index 0, Is Virtual User: 0
[2018.11.06-15.10.18:419][  0]LogHMD: Failed to initialize OpenVR with code 110
[2018.11.06-15.10.18:419][  0]LogD3D11RHI: D3D11 adapters:
[2018.11.06-15.10.19:364][  0]LogD3D11RHI:    0. 'NVIDIA GeForce MX150' (Feature Level 11_0)
[2018.11.06-15.10.19:364][  0]LogD3D11RHI:       4027/0/8134 MB DedicatedVideo/DedicatedSystem/SharedSystem, Outputs:1, VendorId:0x10de
[2018.11.06-15.10.19:380][  0]LogD3D11RHI:    1. 'Intel(R) UHD Graphics 620' (Feature Level 11_0)
[2018.11.06-15.10.19:380][  0]LogD3D11RHI:       128/0/8134 MB DedicatedVideo/DedicatedSystem/SharedSystem, Outputs:0, VendorId:0x8086
[2018.11.06-15.10.19:382][  0]LogD3D11RHI:    2. 'Microsoft Basic Render Driver' (Feature Level 11_0)
[2018.11.06-15.10.19:382][  0]LogD3D11RHI:       0/0/8134 MB DedicatedVideo/DedicatedSystem/SharedSystem, Outputs:0, VendorId:0x1414
[2018.11.06-15.10.19:382][  0]LogD3D11RHI: Chosen D3D11 Adapter: 0
[2018.11.06-15.10.19:406][  0]LogD3D11RHI: Creating new Direct3DDevice
[2018.11.06-15.10.19:406][  0]LogD3D11RHI:     GPU DeviceId: 0x1d10 (for the marketing name, search the web for "GPU Device Id")
[2018.11.06-15.10.19:406][  0]LogWindows: EnumDisplayDevices:
[2018.11.06-15.10.19:406][  0]LogWindows:    0. 'Intel(R) UHD Graphics 620' (P:1 D:1)
[2018.11.06-15.10.19:406][  0]LogWindows:    1. 'Intel(R) UHD Graphics 620' (P:0 D:0)
[2018.11.06-15.10.19:406][  0]LogWindows:    2. 'Intel(R) UHD Graphics 620' (P:0 D:0)
[2018.11.06-15.10.19:406][  0]LogWindows: DebugString: PrimaryIsNotTheChoosenAdapter PrimaryIsNotTheChoosenAdapter PrimaryIsNotTheChoosenAdapter FoundDriverCount:0 
[2018.11.06-15.10.19:406][  0]LogD3D11RHI:     Adapter Name: NVIDIA GeForce MX150
[2018.11.06-15.10.19:406][  0]LogD3D11RHI:   Driver Version: Unknown (internal:Unknown, unified:Unknown)
[2018.11.06-15.10.19:407][  0]LogD3D11RHI:      Driver Date: Unknown
[2018.11.06-15.10.19:407][  0]LogRHI: Texture pool is 2819 MB (70% of 4027 MB)
[2018.11.06-15.10.19:441][  0]LogD3D11RHI: Async texture creation enabled
[2018.11.06-15.10.19:458][  0]LogD3D11RHI: GPU Timing Frequency: 1000.000000 (Debug: 2 2)
[2018.11.06-15.10.19:458][  0]LogShaderCompilers: Guid format shader working directory is -28 characters bigger than the processId version (../../../../../../Users/kevin/Documents/GitHub/Honours-Project/ProcGenCity/Intermediate/Shaders/WorkingDirectory/7076/).
[2018.11.06-15.10.19:459][  0]LogShaderCompilers: Cleaned the shader compiler working directory 'C:/Users/kevin/AppData/Local/Temp/UnrealShaderWorkingDir/790CC741426B2E6583E63EABAEBA44B6/'.
[2018.11.06-15.10.19:728][  0]LogTemp: Display: Loaded TP AllDesktopTargetPlatform
[2018.11.06-15.10.19:740][  0]LogTemp: Display: Loaded TP MacClientTargetPlatform
[2018.11.06-15.10.19:753][  0]LogTemp: Display: Loaded TP MacNoEditorTargetPlatform
[2018.11.06-15.10.19:766][  0]LogTemp: Display: Loaded TP MacServerTargetPlatform
[2018.11.06-15.10.19:781][  0]LogTemp: Display: Loaded TP MacTargetPlatform
[2018.11.06-15.10.19:795][  0]LogTemp: Display: Loaded TP WindowsClientTargetPlatform
[2018.11.06-15.10.19:807][  0]LogTemp: Display: Loaded TP WindowsNoEditorTargetPlatform
[2018.11.06-15.10.19:821][  0]LogTemp: Display: Loaded TP WindowsServerTargetPlatform
[2018.11.06-15.10.19:827][  0]LogTemp: Display: Loaded TP WindowsTargetPlatform
[2018.11.06-15.10.19:898][  0]LogTemp: Display: Loaded TP AndroidTargetPlatform
[2018.11.06-15.10.19:898][  0]LogTemp: Display: Loaded TP AndroidTargetPlatform
[2018.11.06-15.10.19:898][  0]LogTemp: Display: Loaded TP AndroidTargetPlatform
[2018.11.06-15.10.19:898][  0]LogTemp: Display: Loaded TP AndroidTargetPlatform
[2018.11.06-15.10.19:898][  0]LogTemp: Display: Loaded TP AndroidTargetPlatform
[2018.11.06-15.10.19:898][  0]LogTemp: Display: Loaded TP AndroidTargetPlatform
[2018.11.06-15.10.19:898][  0]LogTemp: Display: Loaded TP AndroidTargetPlatform
[2018.11.06-15.10.19:898][  0]LogTemp: Display: Loaded TP AndroidTargetPlatform
[2018.11.06-15.10.19:898][  0]LogTemp: Display: Loaded TP AndroidTargetPlatform
[2018.11.06-15.10.19:898][  0]LogTemp: Display: Loaded TP AndroidTargetPlatform
[2018.11.06-15.10.19:898][  0]LogTemp: Display: Loaded TP AndroidTargetPlatform
[2018.11.06-15.10.19:898][  0]LogTemp: Display: Loaded TP AndroidTargetPlatform
[2018.11.06-15.10.19:898][  0]LogTemp: Display: Loaded TP AndroidTargetPlatform
[2018.11.06-15.10.19:899][  0]LogTemp: Display: Loaded TP AndroidTargetPlatform
[2018.11.06-15.10.19:899][  0]LogTemp: Display: Loaded TP AndroidTargetPlatform
[2018.11.06-15.10.19:899][  0]LogTemp: Display: Loaded TP AndroidTargetPlatform
[2018.11.06-15.10.19:899][  0]LogTemp: Display: Loaded TP AndroidTargetPlatform
[2018.11.06-15.10.19:899][  0]LogTemp: Display: Loaded TP AndroidTargetPlatform
[2018.11.06-15.10.19:900][  0]LogTemp: Display: Loaded TP HTML5TargetPlatform
[2018.11.06-15.10.19:971][  0]LogTemp: Display: Loaded TP IOSTargetPlatform
[2018.11.06-15.10.19:971][  0]LogTemp: Display: Loaded TP IOSTargetPlatform
[2018.11.06-15.10.19:994][  0]LogTemp: Display: Loaded TP TVOSTargetPlatform
[2018.11.06-15.10.19:994][  0]LogTemp: Display: Loaded TP TVOSTargetPlatform
[2018.11.06-15.10.20:006][  0]LogTemp: Display: Loaded TP LinuxClientTargetPlatform
[2018.11.06-15.10.20:017][  0]LogTemp: Display: Loaded TP LinuxNoEditorTargetPlatform
[2018.11.06-15.10.20:028][  0]LogTemp: Display: Loaded TP LinuxServerTargetPlatform
[2018.11.06-15.10.20:039][  0]LogTemp: Display: Loaded TP LinuxTargetPlatform
[2018.11.06-15.10.20:048][  0]LogTemp: Display: Loaded TP LuminTargetPlatform
[2018.11.06-15.10.20:048][  0]LogTargetPlatformManager: Display: Building Assets For Windows
[2018.11.06-15.10.20:112][  0]LogXGEController: Cleaning working directory: C:/Users/kevin/AppData/Local/Temp/UnrealXGEWorkingDir/
[2018.11.06-15.10.20:112][  0]LogXGEController: Cannot use XGE Controller as Incredibuild is not installed on this machine.
[2018.11.06-15.10.20:112][  0]LogShaderCompilers: Cannot use XGE Shader Compiler as Incredibuild is not installed on this machine.
[2018.11.06-15.10.20:112][  0]LogShaderCompilers: Display: Using Local Shader Compiler.
[2018.11.06-15.10.20:826][  0]LogDerivedDataCache: Display: Max Cache Size: 512 MB
[2018.11.06-15.10.20:874][  0]LogDerivedDataCache: Loaded boot cache 0.05s 71MB C:/Users/kevin/AppData/Local/UnrealEngine/4.20/DerivedDataCache/Boot.ddc.
[2018.11.06-15.10.20:875][  0]LogDerivedDataCache: Display: Loaded Boot cache: C:/Users/kevin/AppData/Local/UnrealEngine/4.20/DerivedDataCache/Boot.ddc
[2018.11.06-15.10.20:875][  0]LogDerivedDataCache: FDerivedDataBackendGraph:  Pak pak cache file ../../../../../../Users/kevin/Documents/GitHub/Honours-Project/ProcGenCity/DerivedDataCache/DDC.ddp not found, will not use a pak cache.
[2018.11.06-15.10.20:875][  0]LogDerivedDataCache: Unable to find inner node Pak for hierarchical cache Hierarchy.
[2018.11.06-15.10.20:875][  0]LogDerivedDataCache: FDerivedDataBackendGraph:  CompressedPak pak cache file ../../../../../../Users/kevin/Documents/GitHub/Honours-Project/ProcGenCity/DerivedDataCache/Compressed.ddp not found, will not use a pak cache.
[2018.11.06-15.10.20:875][  0]LogDerivedDataCache: Unable to find inner node CompressedPak for hierarchical cache Hierarchy.
[2018.11.06-15.10.20:886][  0]LogDerivedDataCache: Display: Pak cache opened for reading ../../../Engine/DerivedDataCache/Compressed.ddp.
[2018.11.06-15.10.20:899][  0]LogDerivedDataCache: Using Local data cache path C:/Users/kevin/AppData/Local/UnrealEngine/Common/DerivedDataCache: Writable
[2018.11.06-15.10.20:899][  0]LogDerivedDataCache: Shared data cache path not found in *engine.ini, will not use an Shared cache.
[2018.11.06-15.10.20:899][  0]LogDerivedDataCache: Unable to find inner node Shared for hierarchical cache Hierarchy.
[2018.11.06-15.10.20:928][  0]LogMaterial: Verifying Global Shaders for PCD3D_SM5
[2018.11.06-15.10.20:929][  0]LogSlate: Using FreeType 2.6.0
[2018.11.06-15.10.20:930][  0]LogSlate: SlateFontServices - WITH_FREETYPE: 1, WITH_HARFBUZZ: 1
[2018.11.06-15.10.21:002][  0]LogAssetRegistry: FAssetRegistry took 0.0254 seconds to start up
[2018.11.06-15.10.21:328][  0]LogInit: Selected Device Profile: [Windows]
[2018.11.06-15.10.21:384][  0]LogSimplygon: Simplygon DLL not present - disabling.
[2018.11.06-15.10.21:388][  0]LogMeshReduction: Using SimplygonSwarm for distributed automatic mesh merging
[2018.11.06-15.10.21:388][  0]LogMeshReduction: Using ProxyLODMeshReduction for automatic mesh merging
[2018.11.06-15.10.21:388][  0]LogMeshReduction: Using QuadricMeshReduction for automatic static mesh reduction
[2018.11.06-15.10.21:388][  0]LogMeshReduction: No automatic skeletal mesh reduction module available
[2018.11.06-15.10.21:472][  0]LogNetVersion: ProcGenCity 1.0.0, NetCL: 4212847, EngineNetVer: 5, GameNetVer: 0 (Checksum: 2895139612)
[2018.11.06-15.10.21:988][  0]LogPackageLocalizationCache: Processed 11 localized package path(s) for 2 prioritized culture(s) in 0.116577 seconds
[2018.11.06-15.10.21:993][  0]LogUObjectArray: 38425 objects as part of root set at end of initial load.
[2018.11.06-15.10.21:993][  0]LogUObjectAllocator: 6690872 out of 0 bytes used by permanent object pool.
[2018.11.06-15.10.21:993][  0]LogUObjectArray: CloseDisregardForGC: 0/0 objects in disregard for GC pool
[2018.11.06-15.10.22:858][  0]LogTcpMessaging: Initializing TcpMessaging bridge
[2018.11.06-15.10.22:875][  0]LogUdpMessaging: Initializing bridge on interface 0.0.0.0:0 to multicast group 230.0.0.1:6666.
[2018.11.06-15.10.23:049][  0]SourceControl: Source control is disabled
[2018.11.06-15.10.23:049][  0]SourceControl: Source control is disabled
[2018.11.06-15.10.23:051][  0]SourceControl: Source control is disabled
[2018.11.06-15.10.23:052][  0]SourceControl: Source control is disabled
[2018.11.06-15.10.23:247][  0]LogAndroidPermission: UAndroidPermissionCallbackProxy::GetInstance
[2018.11.06-15.10.23:294][  0]LogOcInput: OculusInput pre-init called
[2018.11.06-15.10.23:353][  0]LogEngine: Initializing Engine...
[2018.11.06-15.10.23:354][  0]LogHMD: Failed to initialize OpenVR with code 110
[2018.11.06-15.10.23:355][  0]LogStats: UGameplayTagsManager::ConstructGameplayTagTree: ImportINI prefixes -  0.000 s
[2018.11.06-15.10.23:355][  0]LogStats: UGameplayTagsManager::ConstructGameplayTagTree: Construct from data asset -  0.000 s
[2018.11.06-15.10.23:356][  0]LogStats: UGameplayTagsManager::ConstructGameplayTagTree: ImportINI -  0.000 s
[2018.11.06-15.10.23:356][  0]LogStats: UGameplayTagsManager::ConstructGameplayTagTree: GameplayTagTreeChangedEvent.Broadcast -  0.000 s
[2018.11.06-15.10.23:583][  0]LogInit: Initializing FReadOnlyCVARCache
[2018.11.06-15.10.23:601][  0]LogAIModule: Creating AISystem for world Untitled
[2018.11.06-15.10.23:608][  0]LogInit: XAudio2 using 'Speaker/Headphone (Realtek High Definition Audio(SST))' : 2 channels at 48 kHz using 32 bits per sample (channel mask 0x3)
[2018.11.06-15.10.24:394][  0]LogInit: FAudioDevice initialized.
[2018.11.06-15.10.24:394][  0]LogNetVersion: Set ProjectVersion to 1.0.0.0. Version Checksum will be recalculated on next use.
[2018.11.06-15.10.24:552][  0]LogDerivedDataCache: Saved boot cache 0.16s 71MB C:/Users/kevin/AppData/Local/UnrealEngine/4.20/DerivedDataCache/Boot.ddc.
[2018.11.06-15.10.24:566][  0]LogInit: Texture streaming: Enabled
[2018.11.06-15.10.24:586][  0]LogEngineSessionManager: EngineSessionManager initialized
[2018.11.06-15.10.24:586][  0]LogEngineSessionManager: EngineSessionManager sent abnormal shutdown report. Type=Crashed, SessionId={704BE5D7-42F7-7216-1E5E-6F8953E7509A}
[2018.11.06-15.10.24:602][  0]LogInit: Transaction tracking system initialized
[2018.11.06-15.10.24:630][  0]BlueprintLog: New page: Editor Load
[2018.11.06-15.10.24:712][  0]LocalizationService: Localization service is disabled
[2018.11.06-15.10.24:993][  0]LogCook: Display: Max memory allowance for cook 16384mb min free memory 0mb
[2018.11.06-15.10.24:993][  0]LogCook: Display: Mobile HDR setting 1
[2018.11.06-15.10.24:993][  0]LogGameplayTags: Display: UGameplayTagsManager::DoneAddingNativeTags. DelegateIsBound: 0
[2018.11.06-15.10.24:993][  0]LogStats: UGameplayTagsManager::ConstructGameplayTagTree: ImportINI prefixes -  0.000 s
[2018.11.06-15.10.24:993][  0]LogStats: UGameplayTagsManager::ConstructGameplayTagTree: Construct from data asset -  0.000 s
[2018.11.06-15.10.24:993][  0]LogStats: UGameplayTagsManager::ConstructGameplayTagTree: ImportINI -  0.000 s
[2018.11.06-15.10.24:993][  0]LogStats: UGameplayTagsManager::ConstructGameplayTagTree: GameplayTagTreeChangedEvent.Broadcast -  0.000 s
[2018.11.06-15.10.25:130][  0]LogFileCache: Scanning file cache for directory 'C:/Users/kevin/Documents/GitHub/Honours-Project/ProcGenCity/Content/' took 0.02s
[2018.11.06-15.10.25:130][  0]SourceControl: Source control is disabled
[2018.11.06-15.10.25:223][  0]LogWindowsTextInputMethodSystem: Display: IME system now deactivated.
[2018.11.06-15.10.25:224][  0]LogSlate: Took 0.000209 seconds to synchronously load lazily loaded font '../../../Engine/Content/Slate/Fonts/Roboto-Regular.ttf' (155K)
[2018.11.06-15.10.34:984][  0]LogSlate: Window 'Restore Packages' being destroyed
[2018.11.06-15.10.34:985][  0]LogWindowsTextInputMethodSystem: Display: IME system now deactivated.
[2018.11.06-15.10.34:996][  0]LogWindowsTextInputMethodSystem: Display: IME system now deactivated.
[2018.11.06-15.10.34:997][  0]Cmd: MAP LOAD FILE="../../../../../../Users/kevin/Documents/GitHub/Honours-Project/ProcGenCity/Content/StarterContent/Maps/Minimal_Default.umap" TEMPLATE=0 SHOWPROGRESS=1 FEATURELEVEL=3
[2018.11.06-15.10.34:998][  0]LightingResults: New page: Lighting Build
[2018.11.06-15.10.35:005][  0]MapCheck: New page: Map Check
[2018.11.06-15.10.35:005][  0]LightingResults: New page: Lighting Build
[2018.11.06-15.10.35:454][  0]LogAIModule: Creating AISystem for world Minimal_Default
[2018.11.06-15.10.35:484][  0]LogEditorServer: Finished looking for orphan Actors (0.000 secs)
[2018.11.06-15.10.35:508][  0]Cmd: MAP CHECKDEP NOCLEARLOG
[2018.11.06-15.10.35:621][  0]MapCheck: Map check complete: 0 Error(s), 0 Warning(s), took 112.36ms to complete.
[2018.11.06-15.10.35:621][  0]LogFileHelpers: Loading map 'Minimal_Default' took 0.624
[2018.11.06-15.10.35:653][  0]LogSlate: Updating window title bar state: overlay mode, drag disabled, window buttons hidden, title bar hidden
[2018.11.06-15.10.35:660][  0]LogSlate: Updating window title bar state: overlay mode, drag disabled, window buttons hidden, title bar hidden
[2018.11.06-15.10.35:667][  0]LogSlate: Updating window title bar state: overlay mode, drag disabled, window buttons hidden, title bar hidden
[2018.11.06-15.10.35:675][  0]LogSlate: Updating window title bar state: overlay mode, drag disabled, window buttons hidden, title bar hidden
[2018.11.06-15.10.35:683][  0]LogCollectionManager: Loaded 0 collections in 0.002710 seconds
[2018.11.06-15.10.35:726][  0]LogFileCache: Scanning file cache for directory 'C:/Users/kevin/Documents/GitHub/Honours-Project/ProcGenCity/Saved/Collections/' took 0.01s
[2018.11.06-15.10.35:726][  0]LogFileCache: Scanning file cache for directory 'C:/Users/kevin/Documents/GitHub/Honours-Project/ProcGenCity/Content/Developers/kevin/Collections/' took 0.01s
[2018.11.06-15.10.35:726][  0]LogFileCache: Scanning file cache for directory 'C:/Users/kevin/Documents/GitHub/Honours-Project/ProcGenCity/Content/Collections/' took 0.01s
[2018.11.06-15.10.35:726][  0]LogCollectionManager: Rebuilt the GUID cache for 0 collections in 0.000001 seconds
[2018.11.06-15.10.35:735][  0]LogContentBrowser: Native class hierarchy populated in 0.0086 seconds. Added 2575 classes and 605 folders.
[2018.11.06-15.10.35:744][  0]LogContentBrowser: Native class hierarchy updated for 'WidgetCarousel' in 0.0004 seconds. Added 0 classes and 0 folders.
[2018.11.06-15.10.35:820][  0]LogContentBrowser: Native class hierarchy updated for 'AddContentDialog' in 0.0004 seconds. Added 0 classes and 0 folders.
[2018.11.06-15.10.35:826][  0]LogContentBrowser: Native class hierarchy updated for 'SceneOutliner' in 0.0005 seconds. Added 1 classes and 2 folders.
[2018.11.06-15.10.35:839][  0]LogSlate: Took 0.000210 seconds to synchronously load lazily loaded font '../../../Engine/Content/Slate/Fonts/Roboto-Bold.ttf' (160K)
[2018.11.06-15.10.35:847][  0]LogSlate: Took 0.000362 seconds to synchronously load lazily loaded font '../../../Engine/Content/Editor/Slate/Fonts/FontAwesome.ttf' (139K)
[2018.11.06-15.10.35:908][  0]LogRenderer: Reallocating scene render targets to support 1208x576 Format 9 NumSamples 1 (Frame:1).
[2018.11.06-15.10.36:072][  0]LogSlate: FSceneViewport::OnFocusLost() reason 2
[2018.11.06-15.10.36:093][  0]LogSlate: Window 'Tutorials' being destroyed
[2018.11.06-15.10.36:130][  0]LogContentBrowser: Native class hierarchy updated for 'HierarchicalLODOutliner' in 0.0005 seconds. Added 0 classes and 0 folders.
[2018.11.06-15.10.36:130][  0]LogLoad: (Engine Initialization) Total time: 20.41 seconds
[2018.11.06-15.10.36:131][  0]LogLoad: (Engine Initialization) Total Blueprint compile time: 0.00 seconds
[2018.11.06-15.10.36:172][  0]LogContentStreaming: Texture pool size now 800 MB
[2018.11.06-15.10.36:201][  0]LogSlate: Took 0.000195 seconds to synchronously load lazily loaded font '../../../Engine/Content/Slate/Fonts/Roboto-Light.ttf' (167K)
[2018.11.06-15.10.36:220][  1]LogAssetRegistry: Asset discovery search completed in 15.2402 seconds
[2018.11.06-15.10.36:222][  1]LogCollectionManager: Rebuilt the object cache for 0 collections in 0.000001 seconds (found 0 objects)
[2018.11.06-15.10.36:222][  1]LogCollectionManager: Fixed up redirectors for 0 collections in 0.000039 seconds (updated 0 objects)
[2018.11.06-15.10.37:170][ 44]LogSlate: Took 0.000184 seconds to synchronously load lazily loaded font '../../../Engine/Content/Slate/Fonts/Roboto-Light.ttf' (167K)
[2018.11.06-15.10.39:753][175]LogSlate: FSceneViewport::OnFocusLost() reason 0
[2018.11.06-15.10.40:006][187]Candidate modules for hot reload:
[2018.11.06-15.10.40:006][187]  ProcGenCity
[2018.11.06-15.10.40:007][187]Launching UnrealBuildTool... [C:/Program Files/Epic Games/UE_4.20/Engine/Binaries/DotNET/UnrealBuildTool.exe  -ModuleWithSuffix=ProcGenCity,5069 Win64 Development -TargetType=Editor -Project="../../../../../../Users/kevin/Documents/GitHub/Honours-Project/ProcGenCity/ProcGenCity.uproject" -canskiplink "C:/Users/kevin/Documents/GitHub/Honours-Project/ProcGenCity/ProcGenCity.uproject" ]
[2018.11.06-15.10.40:008][187]Warning: Starting HotReload took  0.1s.
[2018.11.06-15.10.46:894][420]LogEditorViewport: Clicking on Actor (LMB): StaticMeshActor (Ground94)
[2018.11.06-15.10.48:513][461]LogSlate: FSceneViewport::OnFocusLost() reason 0
[2018.11.06-15.10.49:479][499]CompilerResultsLog: New page: Compilation - 6 Nov 2018 15:10:49
[2018.11.06-15.10.49:480][499]CompilerResultsLog: Using 'git status' to determine working set for adaptive non-unity build.
[2018.11.06-15.10.49:480][499]CompilerResultsLog: Compiling game modules for hot reload
[2018.11.06-15.10.49:480][499]CompilerResultsLog: Building 3 actions with 8 processes...
[2018.11.06-15.10.49:480][499]CompilerResultsLog:   [1/3] MyProcMesh.cpp
[2018.11.06-15.10.49:480][499]CompilerResultsLog:   [2/3] UE4Editor-ProcGenCity-5069.lib
[2018.11.06-15.10.49:480][499]CompilerResultsLog:      Creating library C:\Users\kevin\Documents\GitHub\Honours-Project\ProcGenCity\Intermediate\Build\Win64\UE4Editor\Development\ProcGenCity\UE4Editor-ProcGenCity-5069.lib and object C:\Users\kevin\Documents\GitHub\Honours-Project\ProcGenCity\Intermediate\Build\Win64\UE4Editor\Development\ProcGenCity\UE4Editor-ProcGenCity-5069.exp
[2018.11.06-15.10.49:480][499]CompilerResultsLog:   [3/3] UE4Editor-ProcGenCity-5069.dll
[2018.11.06-15.10.49:480][499]CompilerResultsLog:      Creating library C:\Users\kevin\Documents\GitHub\Honours-Project\ProcGenCity\Intermediate\Build\Win64\UE4Editor\Development\ProcGenCity\UE4Editor-ProcGenCity-5069.suppressed.lib and object C:\Users\kevin\Documents\GitHub\Honours-Project\ProcGenCity\Intermediate\Build\Win64\UE4Editor\Development\ProcGenCity\UE4Editor-ProcGenCity-5069.suppressed.exp
[2018.11.06-15.10.49:480][499]CompilerResultsLog: Total build time: 9.13 seconds (Parallel executor: 6.15 seconds)
[2018.11.06-15.10.49:480][499]LogMainFrame: MainFrame: Module compiling took 9.479 seconds
[2018.11.06-15.10.49:822][499]LogContentBrowser: Native class hierarchy updated for 'ProcGenCity' in 0.0009 seconds. Added 3 classes and 2 folders.
[2018.11.06-15.10.49:826][499]Display: HotReload successful (0 functions remapped  0 scriptstructs remapped)
[2018.11.06-15.10.49:997][499]LogContentBrowser: Native class hierarchy populated in 0.0137 seconds. Added 2576 classes and 607 folders.
[2018.11.06-15.10.49:998][499]Display: HotReload took 10.0s.
[2018.11.06-15.10.53:200][610]LogActor: Warning: MyMyProcMesh_C /Game/StarterContent/Maps/Minimal_Default.Minimal_Default:PersistentLevel.MyMyProcMesh_C_0 has natively added scene component(s), but none of them were set as the actor's RootComponent - picking one arbitrarily
[2018.11.06-15.10.55:261][683]LogActor: Warning: MyMyProcMesh_C /Game/StarterContent/Maps/Minimal_Default.Minimal_Default:PersistentLevel.MyMyProcMesh_C_1 has natively added scene component(s), but none of them were set as the actor's RootComponent - picking one arbitrarily
[2018.11.06-15.11.04:110][ 53]Cmd: DELETE
[2018.11.06-15.11.04:111][ 53]Cmd: ACTOR DELETE
[2018.11.06-15.11.04:122][ 53]LogEditorActor: Deleted Actor: MyMyProcMesh_C
[2018.11.06-15.11.04:161][ 53]LogEditorActor: Deleted 1 Actors (0.050 secs)
[2018.11.06-15.11.05:706][126]LogSlate: FSceneViewport::OnFocusLost() reason 0
[2018.11.06-15.11.05:884][135]LogAssetEditorManager: Opening Asset editor for Blueprint /Game/BP/MyMyProcMesh.MyMyProcMesh
[2018.11.06-15.11.06:501][135]LogContentBrowser: Native class hierarchy updated for 'BlueprintGraph' in 0.0006 seconds. Added 116 classes and 0 folders.
[2018.11.06-15.11.07:155][135]LogActor: Warning: MyMyProcMesh_C /Engine/Transient.World_2:PersistentLevel.MyMyProcMesh_C_0 has natively added scene component(s), but none of them were set as the actor's RootComponent - picking one arbitrarily
[2018.11.06-15.11.09:341][262]LogAssetEditorManager: Opening Asset editor for Blueprint /Game/BP/MyMyProcMesh.MyMyProcMesh
[2018.11.06-15.11.09:618][262]LogActor: Warning: MyMyProcMesh_C /Engine/Transient.World_3:PersistentLevel.MyMyProcMesh_C_0 has natively added scene component(s), but none of them were set as the actor's RootComponent - picking one arbitrarily
[2018.11.06-15.11.09:620][262]LogSlate: Took 0.000265 seconds to synchronously load lazily loaded font '../../../Engine/Content/Slate/Fonts/Roboto-BoldCondensed.ttf' (158K)
[2018.11.06-15.11.13:174][473]LogRenderer: Reallocating scene render targets to support 1208x900 Format 9 NumSamples 1 (Frame:1).
[2018.11.06-15.11.17:131][710]LogWindows: Windows GetLastError: The operation completed successfully. (0)
[2018.11.06-15.11.18:479][710]LogWindows: Error: === Critical error: ===
[2018.11.06-15.11.18:479][710]LogWindows: Error: 
[2018.11.06-15.11.18:479][710]LogWindows: Error: Assertion failed: (Index >= 0) & (Index < ArrayNum) [File:C:\Program Files\Epic Games\UE_4.20\Engine\Source\Runtime\Core\Public\Containers/Array.h] [Line: 611] 
[2018.11.06-15.11.18:479][710]LogWindows: Error: Array index out of bounds: 5 from an array of size 5
[2018.11.06-15.11.18:479][710]LogWindows: Error: 
[2018.11.06-15.11.18:479][710]LogWindows: Error: 
[2018.11.06-15.11.18:479][710]LogWindows: Error: [Callstack] 0x00007fffbd57a388 KERNELBASE.dll!UnknownFunction []
[2018.11.06-15.11.18:479][710]LogWindows: Error: [Callstack] 0x00007fff92506850 UE4Editor-ApplicationCore.dll!UnknownFunction []
[2018.11.06-15.11.18:479][710]LogWindows: Error: [Callstack] 0x00007fff768d62fc UE4Editor-Core.dll!UnknownFunction []
[2018.11.06-15.11.18:479][710]LogWindows: Error: [Callstack] 0x00007fff768651db UE4Editor-Core.dll!UnknownFunction []
[2018.11.06-15.11.18:479][710]LogWindows: Error: [Callstack] 0x00007fff3aca4e91 UE4Editor-ProcGenCity-5069.dll!AMyProcMesh::OnConstruction() [c:\users\kevin\documents\github\honours-project\procgencity\source\procgencity\myprocmesh.cpp:20]
[2018.11.06-15.11.18:479][710]LogWindows: Error: [Callstack] 0x00007fff73544eff UE4Editor-Engine.dll!UnknownFunction []
[2018.11.06-15.11.18:479][710]LogWindows: Error: [Callstack] 0x00007fff735771f1 UE4Editor-Engine.dll!UnknownFunction []
[2018.11.06-15.11.18:479][710]LogWindows: Error: [Callstack] 0x00007fff73564e8e UE4Editor-Engine.dll!UnknownFunction []
[2018.11.06-15.11.18:479][710]LogWindows: Error: [Callstack] 0x00007fff762dcf73 UE4Editor-CoreUObject.dll!UnknownFunction []
[2018.11.06-15.11.18:479][710]LogWindows: Error: [Callstack] 0x00007fff762e03ec UE4Editor-CoreUObject.dll!UnknownFunction []
[2018.11.06-15.11.18:479][710]LogWindows: Error: [Callstack] 0x00007fff762dc3b8 UE4Editor-CoreUObject.dll!UnknownFunction []
[2018.11.06-15.11.18:479][710]LogWindows: Error: [Callstack] 0x00007fff701869a6 UE4Editor-PropertyEditor.dll!UnknownFunction []
[2018.11.06-15.11.18:479][710]LogWindows: Error: [Callstack] 0x00007fff70125a89 UE4Editor-PropertyEditor.dll!UnknownFunction []
[2018.11.06-15.11.18:479][710]LogWindows: Error: [Callstack] 0x00007fff70127139 UE4Editor-PropertyEditor.dll!UnknownFunction []
[2018.11.06-15.11.18:479][710]LogWindows: Error: [Callstack] 0x00007fff70098314 UE4Editor-PropertyEditor.dll!UnknownFunction []
[2018.11.06-15.11.18:479][710]LogWindows: Error: [Callstack] 0x00007fff7004454f UE4Editor-PropertyEditor.dll!UnknownFunction []
[2018.11.06-15.11.18:479][710]LogWindows: Error: [Callstack] 0x00007fff701ce26a UE4Editor-PropertyEditor.dll!UnknownFunction []
[2018.11.06-15.11.18:479][710]LogWindows: Error: [Callstack] 0x00007fff86b0de9d UE4Editor-SlateCore.dll!UnknownFunction []
[2018.11.06-15.11.18:479][710]LogWindows: Error: [Callstack] 0x00007fff86b0ec31 UE4Editor-SlateCore.dll!UnknownFunction []
[2018.11.06-15.11.18:479][710]LogWindows: Error: [Callstack] 0x00007fff86b0ca04 UE4Editor-SlateCore.dll!UnknownFunction []
[2018.11.06-15.11.18:479][710]LogWindows: Error: [Callstack] 0x00007fff86b0e063 UE4Editor-SlateCore.dll!UnknownFunction []
[2018.11.06-15.11.18:479][710]LogWindows: Error: [Callstack] 0x00007fff7310f266 UE4Editor-Slate.dll!UnknownFunction []
[2018.11.06-15.11.18:479][710]LogWindows: Error: [Callstack] 0x00007fff86b0e063 UE4Editor-SlateCore.dll!UnknownFunction []
[2018.11.06-15.11.18:479][710]LogWindows: Error: [Callstack] 0x00007fff86b0ec31 UE4Editor-SlateCore.dll!UnknownFunction []
[2018.11.06-15.11.18:479][710]LogWindows: Error: [Callstack] 0x00007fff86b0ca04 UE4Editor-SlateCore.dll!UnknownFunction []
[2018.11.06-15.11.18:479][710]LogWindows: Error: [Callstack] 0x00007fff86b0e063 UE4Editor-SlateCore.dll!UnknownFunction []
[2018.11.06-15.11.18:479][710]LogWindows: Error: [Callstack] 0x00007fff86b0c289 UE4Editor-SlateCore.dll!UnknownFunction []
[2018.11.06-15.11.18:479][710]LogWindows: Error: [Callstack] 0x00007fff7310efcd UE4Editor-Slate.dll!UnknownFunction []
[2018.11.06-15.11.18:479][710]LogWindows: Error: [Callstack] 0x00007fff86b0e063 UE4Editor-SlateCore.dll!UnknownFunction []
[2018.11.06-15.11.18:479][710]LogWindows: Error: [Callstack] 0x00007fff86b0ec31 UE4Editor-SlateCore.dll!UnknownFunction []
[2018.11.06-15.11.18:479][710]LogWindows: Error: [Callstack] 0x00007fff86b0ca04 UE4Editor-SlateCore.dll!UnknownFunction []
[2018.11.06-15.11.18:479][710]LogWindows: Error: [Callstack] 0x00007fff86b0e063 UE4Editor-SlateCore.dll!UnknownFunction []
[2018.11.06-15.11.18:479][710]LogWindows: Error: [Callstack] 0x00007fff86b0c289 UE4Editor-SlateCore.dll!UnknownFunction []
[2018.11.06-15.11.18:479][710]LogWindows: Error: [Callstack] 0x00007fff86b0e063 UE4Editor-SlateCore.dll!UnknownFunction []
[2018.11.06-15.11.18:479][710]LogWindows: Error: [Callstack] 0x00007fff86b0c289 UE4Editor-SlateCore.dll!UnknownFunction []
[2018.11.06-15.11.18:479][710]LogWindows: Error: [Callstack] 0x00007fff7310efcd UE4Editor-Slate.dll!UnknownFunction []
[2018.11.06-15.11.18:479][710]LogWindows: Error: [Callstack] 0x00007fff86b0e063 UE4Editor-SlateCore.dll!UnknownFunction []
[2018.11.06-15.11.18:479][710]LogWindows: Error: [Callstack] 0x00007fff86b0c8a6 UE4Editor-SlateCore.dll!UnknownFunction []
[2018.11.06-15.11.18:479][710]LogWindows: Error: [Callstack] 0x00007fff86b0e063 UE4Editor-SlateCore.dll!UnknownFunction []
[2018.11.06-15.11.18:479][710]LogWindows: Error: [Callstack] 0x00007fff86b0ec31 UE4Editor-SlateCore.dll!UnknownFunction []
[2018.11.06-15.11.18:479][710]LogWindows: Error: [Callstack] 0x00007fff86b0ca04 UE4Editor-SlateCore.dll!UnknownFunction []
[2018.11.06-15.11.18:479][710]LogWindows: Error: [Callstack] 0x00007fff86b0e063 UE4Editor-SlateCore.dll!UnknownFunction []
[2018.11.06-15.11.18:479][710]LogWindows: Error: [Callstack] 0x00007fff86b0c289 UE4Editor-SlateCore.dll!UnknownFunction []
[2018.11.06-15.11.18:479][710]LogWindows: Error: [Callstack] 0x00007fff86b0e063 UE4Editor-SlateCore.dll!UnknownFunction []
[2018.11.06-15.11.18:479][710]LogWindows: Error: [Callstack] 0x00007fff86b0ec31 UE4Editor-SlateCore.dll!UnknownFunction []
[2018.11.06-15.11.18:479][710]LogWindows: Error: [Callstack] 0x00007fff7311438e UE4Editor-Slate.dll!UnknownFunction []
[2018.11.06-15.11.18:479][710]LogWindows: Error: [Callstack] 0x00007fff86b0e063 UE4Editor-SlateCore.dll!UnknownFunction []
[2018.11.06-15.11.18:479][710]LogWindows: Error: [Callstack] 0x00007fff86b0c8a6 UE4Editor-SlateCore.dll!UnknownFunction []
[2018.11.06-15.11.18:479][710]LogWindows: Error: [Callstack] 0x00007fff86b0e063 UE4Editor-SlateCore.dll!UnknownFunction []
[2018.11.06-15.11.18:479][710]LogWindows: Error: [Callstack] 0x00007fff86b0c289 UE4Editor-SlateCore.dll!UnknownFunction []
[2018.11.06-15.11.18:479][710]LogWindows: Error: [Callstack] 0x00007fff86b0e063 UE4Editor-SlateCore.dll!UnknownFunction []
[2018.11.06-15.11.18:479][710]LogWindows: Error: [Callstack] 0x00007fff86b0ec31 UE4Editor-SlateCore.dll!UnknownFunction []
[2018.11.06-15.11.18:479][710]LogWindows: Error: [Callstack] 0x00007fff86b0ca04 UE4Editor-SlateCore.dll!UnknownFunction []
[2018.11.06-15.11.18:479][710]LogWindows: Error: [Callstack] 0x00007fff86b0e063 UE4Editor-SlateCore.dll!UnknownFunction []
[2018.11.06-15.11.18:479][710]LogWindows: Error: [Callstack] 0x00007fff86b0c289 UE4Editor-SlateCore.dll!UnknownFunction []
[2018.11.06-15.11.18:479][710]LogWindows: Error: [Callstack] 0x00007fff86b0e063 UE4Editor-SlateCore.dll!UnknownFunction []
[2018.11.06-15.11.18:479][710]LogWindows: Error: [Callstack] 0x00007fff86b0c289 UE4Editor-SlateCore.dll!UnknownFunction []
[2018.11.06-15.11.18:479][710]LogWindows: Error: [Callstack] 0x00007fff7310efcd UE4Editor-Slate.dll!UnknownFunction []
[2018.11.06-15.11.18:479][710]LogWindows: Error: [Callstack] 0x00007fff86b0e063 UE4Editor-SlateCore.dll!UnknownFunction []
[2018.11.06-15.11.18:479][710]LogWindows: Error: [Callstack] 0x00007fff86b0c8a6 UE4Editor-SlateCore.dll!UnknownFunction []
[2018.11.06-15.11.18:480][710]LogWindows: Error: [Callstack] 0x00007fff86b0e063 UE4Editor-SlateCore.dll!UnknownFunction []
[2018.11.06-15.11.18:480][710]LogWindows: Error: [Callstack] 0x00007fff86b0ec31 UE4Editor-SlateCore.dll!UnknownFunction []
[2018.11.06-15.11.18:480][710]LogWindows: Error: [Callstack] 0x00007fff86b0ca04 UE4Editor-SlateCore.dll!UnknownFunction []
[2018.11.06-15.11.18:480][710]LogWindows: Error: [Callstack] 0x00007fff86b0e063 UE4Editor-SlateCore.dll!UnknownFunction []
[2018.11.06-15.11.18:480][710]LogWindows: Error: [Callstack] 0x00007fff86b0c289 UE4Editor-SlateCore.dll!UnknownFunction []
[2018.11.06-15.11.18:480][710]LogWindows: Error: [Callstack] 0x00007fff86b0e063 UE4Editor-SlateCore.dll!UnknownFunction []
[2018.11.06-15.11.18:480][710]LogWindows: Error: [Callstack] 0x00007fff86b0ec31 UE4Editor-SlateCore.dll!UnknownFunction []
[2018.11.06-15.11.18:480][710]LogWindows: Error: [Callstack] 0x00007fff7311438e UE4Editor-Slate.dll!UnknownFunction []
[2018.11.06-15.11.18:480][710]LogWindows: Error: [Callstack] 0x00007fff86b0e063 UE4Editor-SlateCore.dll!UnknownFunction []
[2018.11.06-15.11.18:480][710]LogWindows: Error: [Callstack] 0x00007fff86b0c8a6 UE4Editor-SlateCore.dll!UnknownFunction []
[2018.11.06-15.11.18:480][710]LogWindows: Error: [Callstack] 0x00007fff86b0e063 UE4Editor-SlateCore.dll!UnknownFunction []
[2018.11.06-15.11.18:480][710]LogWindows: Error: [Callstack] 0x00007fff86b0c289 UE4Editor-SlateCore.dll!UnknownFunction []
[2018.11.06-15.11.18:480][710]LogWindows: Error: [Callstack] 0x00007fff86b0e063 UE4Editor-SlateCore.dll!UnknownFunction []
[2018.11.06-15.11.18:480][710]LogWindows: Error: [Callstack] 0x00007fff86b0ec31 UE4Editor-SlateCore.dll!UnknownFunction []
[2018.11.06-15.11.18:480][710]LogWindows: Error: [Callstack] 0x00007fff86b0ca04 UE4Editor-SlateCore.dll!UnknownFunction []
[2018.11.06-15.11.18:480][710]LogWindows: Error: [Callstack] 0x00007fff86b0e063 UE4Editor-SlateCore.dll!UnknownFunction []
[2018.11.06-15.11.18:480][710]LogWindows: Error: [Callstack] 0x00007fff86b0ec31 UE4Editor-SlateCore.dll!UnknownFunction []
[2018.11.06-15.11.18:480][710]LogWindows: Error: [Callstack] 0x00007fff86b0ca04 UE4Editor-SlateCore.dll!UnknownFunction []
[2018.11.06-15.11.18:480][710]LogWindows: Error: [Callstack] 0x00007fff86b0e063 UE4Editor-SlateCore.dll!UnknownFunction []
[2018.11.06-15.11.18:480][710]LogWindows: Error: [Callstack] 0x00007fff86b0c8a6 UE4Editor-SlateCore.dll!UnknownFunction []
[2018.11.06-15.11.18:480][710]LogWindows: Error: [Callstack] 0x00007fff86b0e063 UE4Editor-SlateCore.dll!UnknownFunction []
[2018.11.06-15.11.18:480][710]LogWindows: Error: [Callstack] 0x00007fff86b0c289 UE4Editor-SlateCore.dll!UnknownFunction []
[2018.11.06-15.11.18:480][710]LogWindows: Error: [Callstack] 0x00007fff86b0caaa UE4Editor-SlateCore.dll!UnknownFunction []
[2018.11.06-15.11.18:480][710]LogWindows: Error: [Callstack] 0x00007fff86b0e063 UE4Editor-SlateCore.dll!UnknownFunction []
[2018.11.06-15.11.18:480][710]LogWindows: Error: [Callstack] 0x00007fff72ead5bc UE4Editor-Slate.dll!UnknownFunction []
[2018.11.06-15.11.18:480][710]LogWindows: Error: [Callstack] 0x00007fff72ee3783 UE4Editor-Slate.dll!UnknownFunction []
[2018.11.06-15.11.18:480][710]LogWindows: Error: [Callstack] 0x00007fff72eae7cf UE4Editor-Slate.dll!UnknownFunction []
[2018.11.06-15.11.18:480][710]LogWindows: Error: [Callstack] 0x00007fff72f0f010 UE4Editor-Slate.dll!UnknownFunction []
[2018.11.06-15.11.18:480][710]LogWindows: Error: [Callstack] 0x00007fff72f0dd17 UE4Editor-Slate.dll!UnknownFunction []
[2018.11.06-15.11.18:480][710]LogWindows: Error: [Callstack] 0x00007ff70b9d6aa7 UE4Editor.exe!UnknownFunction []
[2018.11.06-15.11.18:480][710]LogWindows: Error: [Callstack] 0x00007ff70b9e5b3c UE4Editor.exe!UnknownFunction []
[2018.11.06-15.11.18:480][710]LogWindows: Error: [Callstack] 0x00007ff70b9e5bba UE4Editor.exe!UnknownFunction []
[2018.11.06-15.11.18:480][710]LogWindows: Error: [Callstack] 0x00007ff70b9f3dac UE4Editor.exe!UnknownFunction []
[2018.11.06-15.11.18:480][710]LogWindows: Error: [Callstack] 0x00007ff70b9f5aaa UE4Editor.exe!UnknownFunction []
[2018.11.06-15.11.18:480][710]LogWindows: Error: [Callstack] 0x00007fffbdaa3034 KERNEL32.DLL!UnknownFunction []
[2018.11.06-15.11.18:480][710]LogWindows: Error: [Callstack] 0x00007fffc03a1461 ntdll.dll!UnknownFunction []
[2018.11.06-15.11.18:480][710]LogWindows: Error: 
[2018.11.06-15.11.18:495][710]LogExit: Executing StaticShutdownAfterError
[2018.11.06-15.11.18:498][710]LogWindows: FPlatformMisc::RequestExit(1)
[2018.11.06-15.11.18:509][710]Log file closed, 11/06/18 15:11:18
