Log file open, 03/04/19 21:01:59
LogWindows: Failed to load 'aqProf.dll' (GetLastError=126)
LogWindows: File 'aqProf.dll' does not exist
LogWindows: Failed to load 'VSPerf140.dll' (GetLastError=126)
LogWindows: File 'VSPerf140.dll' does not exist
LogWindows: Failed to load 'VtuneApi.dll' (GetLastError=126)
LogWindows: File 'VtuneApi.dll' does not exist
LogWindows: Failed to load 'VtuneApi32e.dll' (GetLastError=126)
LogWindows: File 'VtuneApi32e.dll' does not exist
LogInit: Display: Running engine for game: ProcGenCity
LogPlatformFile: Not using cached read wrapper
LogTaskGraph: Started task graph with 5 named threads and 23 total threads with 3 sets of task threads.
LogStats: Stats thread started at 0.304672
LogD3D11RHI: Loaded GFSDK_Aftermath_Lib.x64.dll
LogICUInternationalization: Display: ICU TimeZone Detection - Raw Offset: +0:00, Platform Override: ''
LogPluginManager: Mounting plugin Paper2D
LogPluginManager: Mounting plugin AISupport
LogPluginManager: Mounting plugin LightPropagationVolume
LogPluginManager: Mounting plugin CLionSourceCodeAccess
LogPluginManager: Mounting plugin CodeLiteSourceCodeAccess
LogPluginManager: Mounting plugin GitSourceControl
LogPluginManager: Mounting plugin KDevelopSourceCodeAccess
LogPluginManager: Mounting plugin NullSourceCodeAccess
LogPluginManager: Mounting plugin PerforceSourceControl
LogPluginManager: Mounting plugin SubversionSourceControl
LogPluginManager: Mounting plugin UObjectPlugin
LogPluginManager: Mounting plugin VisualStudioCodeSourceCodeAccess
LogPluginManager: Mounting plugin VisualStudioSourceCodeAccess
LogPluginManager: Mounting plugin XCodeSourceCodeAccess
LogPluginManager: Mounting plugin AssetManagerEditor
LogPluginManager: Mounting plugin CryptoKeys
LogPluginManager: Mounting plugin DataValidation
LogPluginManager: Mounting plugin FacialAnimation
LogPluginManager: Mounting plugin GameplayTagsEditor
LogPluginManager: Mounting plugin MacGraphicsSwitching
LogPluginManager: Mounting plugin MeshEditor
LogPluginManager: Mounting plugin MobileLauncherProfileWizard
LogPluginManager: Mounting plugin PluginBrowser
LogPluginManager: Mounting plugin SpeedTreeImporter
LogPluginManager: Mounting plugin DatasmithContent
LogPluginManager: Mounting plugin AlembicImporter
LogPluginManager: Mounting plugin AppleImageUtils
LogPluginManager: Mounting plugin AppleVision
LogPluginManager: Mounting plugin BackChannel
LogPluginManager: Mounting plugin CharacterAI
LogPluginManager: Mounting plugin GeometryCache
LogPluginManager: Mounting plugin HTML5Networking
LogPluginManager: Mounting plugin ProxyLODPlugin
LogPluginManager: Mounting plugin MagicLeap
LogPluginManager: Mounting plugin MagicLeapEmulator
LogPluginManager: Mounting plugin MagicLeapMedia
LogPluginManager: Mounting plugin AndroidMedia
LogPluginManager: Mounting plugin AvfMedia
LogPluginManager: Mounting plugin ImgMedia
LogPluginManager: Mounting plugin LinearTimecode
LogPluginManager: Mounting plugin MediaCompositing
LogPluginManager: Mounting plugin MediaPlayerEditor
LogPluginManager: Mounting plugin WmfMedia
LogPluginManager: Mounting plugin TcpMessaging
LogPluginManager: Mounting plugin UdpMessaging
LogPluginManager: Mounting plugin ActorSequence
LogPluginManager: Mounting plugin LevelSequenceEditor
LogPluginManager: Mounting plugin MatineeToLevelSequence
LogPluginManager: Mounting plugin NetcodeUnitTest
LogPluginManager: Mounting plugin NUTUnrealEngine4
LogPluginManager: Mounting plugin OnlineSubsystemGooglePlay
LogPluginManager: Mounting plugin OnlineSubsystemIOS
LogPluginManager: Mounting plugin OnlineSubsystem
LogPluginManager: Mounting plugin OnlineSubsystemNull
LogPluginManager: Mounting plugin OnlineSubsystemUtils
LogPluginManager: Mounting plugin LauncherChunkInstaller
LogPluginManager: Mounting plugin AndroidDeviceProfileSelector
LogPluginManager: Mounting plugin AndroidMoviePlayer
LogPluginManager: Mounting plugin AndroidPermission
LogPluginManager: Mounting plugin AppleMoviePlayer
LogPluginManager: Mounting plugin ArchVisCharacter
LogPluginManager: Mounting plugin AudioCapture
LogPluginManager: Mounting plugin CableComponent
LogPluginManager: Mounting plugin CustomMeshComponent
LogPluginManager: Mounting plugin EditableMesh
LogPluginManager: Mounting plugin ExampleDeviceProfileSelector
LogPluginManager: Mounting plugin GoogleCloudMessaging
LogPluginManager: Mounting plugin ImmediatePhysics
LogPluginManager: Mounting plugin IOSDeviceProfileSelector
LogPluginManager: Mounting plugin LinuxDeviceProfileSelector
LogPluginManager: Mounting plugin LocationServicesBPLibrary
LogPluginManager: Mounting plugin MobilePatchingUtils
LogPluginManager: Mounting plugin OculusVR
LogPluginManager: Plugin shader directory ../../../Engine/Plugins/Runtime/Oculus/OculusVR/Shaders found
LogPluginManager: Mapping shader source directory ../../../Engine/Plugins/Runtime/Oculus/OculusVR/Shaders to virtual directory /Plugin/OculusVR
LogPluginManager: Mounting plugin PhysXVehicles
LogPluginManager: Mounting plugin ProceduralMeshComponent
LogPluginManager: Mounting plugin RuntimePhysXCooking
LogPluginManager: Mounting plugin SteamVR
LogPluginManager: Mounting plugin WindowsMoviePlayer
LogStreaming: Display: Took  0.140s to configure plugins.
LogInit: Using libcurl 7.55.1-DEV
LogInit:  - built for x86_64-pc-win32
LogInit:  - supports SSL with OpenSSL/1.0.2h
LogInit:  - supports HTTP deflate (compression) using libz 1.2.8
LogInit:  - other features:
LogInit:      CURL_VERSION_SSL
LogInit:      CURL_VERSION_LIBZ
LogInit:      CURL_VERSION_IPV6
LogInit:      CURL_VERSION_ASYNCHDNS
LogInit:      CURL_VERSION_LARGEFILE
LogInit:      CURL_VERSION_IDN
LogInit:  CurlRequestOptions (configurable via config and command line):
LogInit:  - bVerifyPeer = false  - Libcurl will NOT verify peer certificate
LogInit:  - bUseHttpProxy = false  - Libcurl will NOT use HTTP proxy
LogInit:  - bDontReuseConnections = false  - Libcurl will reuse connections
LogInit:  - CertBundlePath = nullptr  - Libcurl will use whatever was configured at build time.
LogInit:  - MaxHostConnections = 16  - Libcurl will limit the number of connections to a host
LogInit:  - LocalHostAddr = Default
LogInit:  - BufferSize = 65536
LogInit: WinSock: version 1.1 (2.2), MaxSocks=32767, MaxUdp=65467
LogHMD: Failed initializing OVRPlugin 1.25.0
LogInit: Build: ++UE4+Release-4.20-CL-4369336
LogInit: Engine Version: 4.20.3-4369336+++UE4+Release-4.20
LogInit: Compatible Engine Version: 4.20.0-4212847+++UE4+Release-4.20
LogInit: Net CL: 4212847
LogInit: OS: Windows 10 (), CPU: Intel(R) Core(TM) i7-8550U CPU @ 1.80GHz, GPU: Intel(R) UHD Graphics 620
LogInit: Compiled (64-bit): Sep 17 2018 12:26:19
LogInit: Compiled with Visual C++: 19.13.26129.00
LogInit: Build Configuration: Development
LogInit: Branch Name: ++UE4+Release-4.20
LogInit: Command Line:  
LogInit: Base Directory: C:/Program Files/Epic Games/UE_4.20/Engine/Binaries/Win64/
LogInit: Installed Engine Build: 1
LogDevObjectVersion: Number of dev versions registered: 20
LogDevObjectVersion:   Dev-Blueprints (B0D832E4-1F89-4F0D-ACCF-7EB736FD4AA2): 10
LogDevObjectVersion:   Dev-Build (E1C64328-A22C-4D53-A36C-8E866417BD8C): 0
LogDevObjectVersion:   Dev-Core (375EC13C-06E4-48FB-B500-84F0262A717E): 2
LogDevObjectVersion:   Dev-Editor (E4B068ED-F494-42E9-A231-DA0B2E46BB41): 24
LogDevObjectVersion:   Dev-Framework (CFFC743F-43B0-4480-9391-14DF171D2073): 34
LogDevObjectVersion:   Dev-Mobile (B02B49B5-BB20-44E9-A304-32B752E40360): 2
LogDevObjectVersion:   Dev-Networking (A4E4105C-59A1-49B5-A7C5-40C4547EDFEE): 0
LogDevObjectVersion:   Dev-Online (39C831C9-5AE6-47DC-9A44-9C173E1C8E7C): 0
LogDevObjectVersion:   Dev-Physics (78F01B33-EBEA-4F98-B9B4-84EACCB95AA2): 0
LogDevObjectVersion:   Dev-Platform (6631380F-2D4D-43E0-8009-CF276956A95A): 0
LogDevObjectVersion:   Dev-Rendering (12F88B9F-8875-4AFC-A67C-D90C383ABD29): 26
LogDevObjectVersion:   Dev-Sequencer (7B5AE74C-D270-4C10-A958-57980B212A5A): 9
LogDevObjectVersion:   Dev-VR (D7296918-1DD6-4BDD-9DE2-64A83CC13884): 2
LogDevObjectVersion:   Dev-LoadTimes (C2A15278-BFE7-4AFE-6C17-90FF531DF755): 1
LogDevObjectVersion:   Private-Geometry (6EACA3D4-40EC-4CC1-B786-8BED09428FC5): 3
LogDevObjectVersion:   Dev-AnimPhys (29E575DD-E0A3-4627-9D10-D276232CDCEA): 17
LogDevObjectVersion:   Dev-ReflectionCapture (6B266CEC-1EC7-4B8F-A30B-E4D90942FC07): 1
LogDevObjectVersion:   Dev-Automation (0DF73D61-A23F-47EA-B727-89E90C41499A): 1
LogDevObjectVersion:   FortniteMain (601D1886-AC64-4F84-AA16-D3DE0DEAC7D6): 12
LogDevObjectVersion:   Dev-Enterprise (9DFFBCD6-494F-0158-E221-12823C92A888): 1
LogStreaming: Display: Took  0.010s to delete old logs.
LogInit: Presizing for max 8388607 objects, including 0 objects not considered by GC, pre-allocating 0 bytes for permanent pool.
LogInit: Object subsystem initialized
[2019.03.04-21.02.00:478][  0]LogInit: Selected Device Profile: [Windows]
[2019.03.04-21.02.00:478][  0]LogInit: Applying CVar settings loaded from the selected device profile: [Windows]
[2019.03.04-21.02.00:492][  0]LogHAL: Display: Platform has ~ 16 GB [17058729984 / 17179869184 / 16], which maps to Larger [LargestMinGB=32, LargerMinGB=12, DefaultMinGB=8, SmallerMinGB=6, SmallestMinGB=0)
[2019.03.04-21.02.00:492][  0]LogInit: Setting Device Profile CVar: [[r.Vulkan.UseRealUBs:1]]
[2019.03.04-21.02.00:492][  0]LogInit: Going up to parent DeviceProfile []
[2019.03.04-21.02.00:493][  0]LogInit: Computer: LAPTOP-TLBN2SQS
[2019.03.04-21.02.00:493][  0]LogInit: User: kevin
[2019.03.04-21.02.00:493][  0]LogInit: CPU Page size=4096, Cores=4
[2019.03.04-21.02.00:493][  0]LogInit: High frequency timer resolution =1.945312 MHz
[2019.03.04-21.02.00:493][  0]LogMemory: Memory total: Physical=15.9GB (16GB approx)
[2019.03.04-21.02.00:493][  0]LogMemory: Platform Memory Stats for Windows
[2019.03.04-21.02.00:493][  0]LogMemory: Process Physical Memory: 101.91 MB used, 101.91 MB peak
[2019.03.04-21.02.00:493][  0]LogMemory: Process Virtual Memory: 94.17 MB used, 94.17 MB peak
[2019.03.04-21.02.00:493][  0]LogMemory: Physical Memory: 7132.68 MB used,  9135.79 MB free, 16268.47 MB total
[2019.03.04-21.02.00:493][  0]LogMemory: Virtual Memory: 4655.32 MB used,  9135.79 MB free, 134217728.00 MB total
[2019.03.04-21.02.00:517][  0]LogInit: Using OS detected language (en-GB).
[2019.03.04-21.02.00:517][  0]LogInit: Using OS detected locale (en-GB).
[2019.03.04-21.02.00:519][  0]LogTextLocalizationManager: No specific localization for 'en-GB' exists, so the 'en' localization will be used.
[2019.03.04-21.02.00:942][  0]LogStreaming: Display: Took  0.425s to InitEngineTextLocalization.
[2019.03.04-21.02.00:942][  0]LogInit: Setting process to per monitor DPI aware
[2019.03.04-21.02.00:973][  0]LogSlate: New Slate User Created.  User Index 0, Is Virtual User: 0
[2019.03.04-21.02.00:973][  0]LogSlate: Slate User Registered.  User Index 0, Is Virtual User: 0
[2019.03.04-21.02.01:286][  0]LogHMD: Failed to initialize OpenVR with code 100
[2019.03.04-21.02.01:286][  0]LogD3D11RHI: D3D11 adapters:
[2019.03.04-21.02.01:375][  0]LogD3D11RHI:    0. 'NVIDIA GeForce MX150' (Feature Level 11_0)
[2019.03.04-21.02.01:375][  0]LogD3D11RHI:       4027/0/8134 MB DedicatedVideo/DedicatedSystem/SharedSystem, Outputs:1, VendorId:0x10de
[2019.03.04-21.02.01:394][  0]LogD3D11RHI:    1. 'Intel(R) UHD Graphics 620' (Feature Level 11_0)
[2019.03.04-21.02.01:394][  0]LogD3D11RHI:       128/0/8134 MB DedicatedVideo/DedicatedSystem/SharedSystem, Outputs:0, VendorId:0x8086
[2019.03.04-21.02.01:396][  0]LogD3D11RHI:    2. 'Microsoft Basic Render Driver' (Feature Level 11_0)
[2019.03.04-21.02.01:396][  0]LogD3D11RHI:       0/0/8134 MB DedicatedVideo/DedicatedSystem/SharedSystem, Outputs:0, VendorId:0x1414
[2019.03.04-21.02.01:396][  0]LogD3D11RHI: Chosen D3D11 Adapter: 0
[2019.03.04-21.02.01:436][  0]LogD3D11RHI: Creating new Direct3DDevice
[2019.03.04-21.02.01:436][  0]LogD3D11RHI:     GPU DeviceId: 0x1d10 (for the marketing name, search the web for "GPU Device Id")
[2019.03.04-21.02.01:436][  0]LogWindows: EnumDisplayDevices:
[2019.03.04-21.02.01:437][  0]LogWindows:    0. 'Intel(R) UHD Graphics 620' (P:1 D:1)
[2019.03.04-21.02.01:437][  0]LogWindows:    1. 'Intel(R) UHD Graphics 620' (P:0 D:0)
[2019.03.04-21.02.01:438][  0]LogWindows:    2. 'Intel(R) UHD Graphics 620' (P:0 D:0)
[2019.03.04-21.02.01:439][  0]LogWindows: DebugString: PrimaryIsNotTheChoosenAdapter PrimaryIsNotTheChoosenAdapter PrimaryIsNotTheChoosenAdapter FoundDriverCount:0 
[2019.03.04-21.02.01:439][  0]LogD3D11RHI:     Adapter Name: NVIDIA GeForce MX150
[2019.03.04-21.02.01:439][  0]LogD3D11RHI:   Driver Version: Unknown (internal:Unknown, unified:Unknown)
[2019.03.04-21.02.01:439][  0]LogD3D11RHI:      Driver Date: Unknown
[2019.03.04-21.02.01:440][  0]LogRHI: Texture pool is 2819 MB (70% of 4027 MB)
[2019.03.04-21.02.01:498][  0]LogD3D11RHI: Async texture creation enabled
[2019.03.04-21.02.01:519][  0]LogD3D11RHI: GPU Timing Frequency: 1000.000000 (Debug: 2 2)
[2019.03.04-21.02.01:522][  0]LogShaderCompilers: Guid format shader working directory is -29 characters bigger than the processId version (../../../../../../Users/kevin/Documents/GitHub/Honours-Project/ProcGenCity/Intermediate/Shaders/WorkingDirectory/10580/).
[2019.03.04-21.02.01:522][  0]LogShaderCompilers: Cleaned the shader compiler working directory 'C:/Users/kevin/AppData/Local/Temp/UnrealShaderWorkingDir/55226DE34FC11B73C85C3F99B90945B9/'.
[2019.03.04-21.02.02:005][  0]LogTemp: Display: Loaded TP AllDesktopTargetPlatform
[2019.03.04-21.02.02:021][  0]LogTemp: Display: Loaded TP MacClientTargetPlatform
[2019.03.04-21.02.02:036][  0]LogTemp: Display: Loaded TP MacNoEditorTargetPlatform
[2019.03.04-21.02.02:060][  0]LogTemp: Display: Loaded TP MacServerTargetPlatform
[2019.03.04-21.02.02:078][  0]LogTemp: Display: Loaded TP MacTargetPlatform
[2019.03.04-21.02.02:096][  0]LogTemp: Display: Loaded TP WindowsClientTargetPlatform
[2019.03.04-21.02.02:115][  0]LogTemp: Display: Loaded TP WindowsNoEditorTargetPlatform
[2019.03.04-21.02.02:135][  0]LogTemp: Display: Loaded TP WindowsServerTargetPlatform
[2019.03.04-21.02.02:143][  0]LogTemp: Display: Loaded TP WindowsTargetPlatform
[2019.03.04-21.02.02:247][  0]LogTemp: Display: Loaded TP AndroidTargetPlatform
[2019.03.04-21.02.02:248][  0]LogTemp: Display: Loaded TP AndroidTargetPlatform
[2019.03.04-21.02.02:248][  0]LogTemp: Display: Loaded TP AndroidTargetPlatform
[2019.03.04-21.02.02:248][  0]LogTemp: Display: Loaded TP AndroidTargetPlatform
[2019.03.04-21.02.02:248][  0]LogTemp: Display: Loaded TP AndroidTargetPlatform
[2019.03.04-21.02.02:248][  0]LogTemp: Display: Loaded TP AndroidTargetPlatform
[2019.03.04-21.02.02:248][  0]LogTemp: Display: Loaded TP AndroidTargetPlatform
[2019.03.04-21.02.02:248][  0]LogTemp: Display: Loaded TP AndroidTargetPlatform
[2019.03.04-21.02.02:248][  0]LogTemp: Display: Loaded TP AndroidTargetPlatform
[2019.03.04-21.02.02:248][  0]LogTemp: Display: Loaded TP AndroidTargetPlatform
[2019.03.04-21.02.02:248][  0]LogTemp: Display: Loaded TP AndroidTargetPlatform
[2019.03.04-21.02.02:248][  0]LogTemp: Display: Loaded TP AndroidTargetPlatform
[2019.03.04-21.02.02:248][  0]LogTemp: Display: Loaded TP AndroidTargetPlatform
[2019.03.04-21.02.02:248][  0]LogTemp: Display: Loaded TP AndroidTargetPlatform
[2019.03.04-21.02.02:248][  0]LogTemp: Display: Loaded TP AndroidTargetPlatform
[2019.03.04-21.02.02:248][  0]LogTemp: Display: Loaded TP AndroidTargetPlatform
[2019.03.04-21.02.02:248][  0]LogTemp: Display: Loaded TP AndroidTargetPlatform
[2019.03.04-21.02.02:248][  0]LogTemp: Display: Loaded TP AndroidTargetPlatform
[2019.03.04-21.02.02:249][  0]LogTemp: Display: Loaded TP HTML5TargetPlatform
[2019.03.04-21.02.02:316][  0]LogTemp: Display: Loaded TP IOSTargetPlatform
[2019.03.04-21.02.02:316][  0]LogTemp: Display: Loaded TP IOSTargetPlatform
[2019.03.04-21.02.02:345][  0]LogTemp: Display: Loaded TP TVOSTargetPlatform
[2019.03.04-21.02.02:345][  0]LogTemp: Display: Loaded TP TVOSTargetPlatform
[2019.03.04-21.02.02:360][  0]LogTemp: Display: Loaded TP LinuxClientTargetPlatform
[2019.03.04-21.02.02:374][  0]LogTemp: Display: Loaded TP LinuxNoEditorTargetPlatform
[2019.03.04-21.02.02:390][  0]LogTemp: Display: Loaded TP LinuxServerTargetPlatform
[2019.03.04-21.02.02:404][  0]LogTemp: Display: Loaded TP LinuxTargetPlatform
[2019.03.04-21.02.02:415][  0]LogTemp: Display: Loaded TP LuminTargetPlatform
[2019.03.04-21.02.02:415][  0]LogTargetPlatformManager: Display: Building Assets For Windows
[2019.03.04-21.02.02:492][  0]LogXGEController: Cleaning working directory: C:/Users/kevin/AppData/Local/Temp/UnrealXGEWorkingDir/
[2019.03.04-21.02.02:492][  0]LogXGEController: Cannot use XGE Controller as Incredibuild is not installed on this machine.
[2019.03.04-21.02.02:492][  0]LogShaderCompilers: Cannot use XGE Shader Compiler as Incredibuild is not installed on this machine.
[2019.03.04-21.02.02:492][  0]LogShaderCompilers: Display: Using Local Shader Compiler.
[2019.03.04-21.02.03:389][  0]LogDerivedDataCache: Display: Max Cache Size: 512 MB
[2019.03.04-21.02.03:454][  0]LogDerivedDataCache: Loaded boot cache 0.07s 71MB C:/Users/kevin/AppData/Local/UnrealEngine/4.20/DerivedDataCache/Boot.ddc.
[2019.03.04-21.02.03:454][  0]LogDerivedDataCache: Display: Loaded Boot cache: C:/Users/kevin/AppData/Local/UnrealEngine/4.20/DerivedDataCache/Boot.ddc
[2019.03.04-21.02.03:454][  0]LogDerivedDataCache: FDerivedDataBackendGraph:  Pak pak cache file ../../../../../../Users/kevin/Documents/GitHub/Honours-Project/ProcGenCity/DerivedDataCache/DDC.ddp not found, will not use a pak cache.
[2019.03.04-21.02.03:454][  0]LogDerivedDataCache: Unable to find inner node Pak for hierarchical cache Hierarchy.
[2019.03.04-21.02.03:454][  0]LogDerivedDataCache: FDerivedDataBackendGraph:  CompressedPak pak cache file ../../../../../../Users/kevin/Documents/GitHub/Honours-Project/ProcGenCity/DerivedDataCache/Compressed.ddp not found, will not use a pak cache.
[2019.03.04-21.02.03:454][  0]LogDerivedDataCache: Unable to find inner node CompressedPak for hierarchical cache Hierarchy.
[2019.03.04-21.02.03:470][  0]LogDerivedDataCache: Display: Pak cache opened for reading ../../../Engine/DerivedDataCache/Compressed.ddp.
[2019.03.04-21.02.03:483][  0]LogDerivedDataCache: Using Local data cache path C:/Users/kevin/AppData/Local/UnrealEngine/Common/DerivedDataCache: Writable
[2019.03.04-21.02.03:483][  0]LogDerivedDataCache: Shared data cache path not found in *engine.ini, will not use an Shared cache.
[2019.03.04-21.02.03:483][  0]LogDerivedDataCache: Unable to find inner node Shared for hierarchical cache Hierarchy.
[2019.03.04-21.02.03:502][  0]LogMaterial: Verifying Global Shaders for PCD3D_SM5
[2019.03.04-21.02.03:504][  0]LogSlate: Using FreeType 2.6.0
[2019.03.04-21.02.03:504][  0]LogSlate: SlateFontServices - WITH_FREETYPE: 1, WITH_HARFBUZZ: 1
[2019.03.04-21.02.03:585][  0]LogAssetRegistry: FAssetRegistry took 0.0285 seconds to start up
[2019.03.04-21.02.03:993][  0]LogInit: Selected Device Profile: [Windows]
[2019.03.04-21.02.04:066][  0]LogSimplygon: Simplygon DLL not present - disabling.
[2019.03.04-21.02.04:070][  0]LogMeshReduction: Using SimplygonSwarm for distributed automatic mesh merging
[2019.03.04-21.02.04:070][  0]LogMeshReduction: Using ProxyLODMeshReduction for automatic mesh merging
[2019.03.04-21.02.04:070][  0]LogMeshReduction: Using QuadricMeshReduction for automatic static mesh reduction
[2019.03.04-21.02.04:070][  0]LogMeshReduction: No automatic skeletal mesh reduction module available
[2019.03.04-21.02.04:180][  0]LogNetVersion: ProcGenCity 1.0.0, NetCL: 4212847, EngineNetVer: 5, GameNetVer: 0 (Checksum: 2895139612)
[2019.03.04-21.02.04:852][  0]LogPackageLocalizationCache: Processed 11 localized package path(s) for 2 prioritized culture(s) in 0.151714 seconds
[2019.03.04-21.02.04:859][  0]LogUObjectArray: 38425 objects as part of root set at end of initial load.
[2019.03.04-21.02.04:859][  0]LogUObjectAllocator: 6690864 out of 0 bytes used by permanent object pool.
[2019.03.04-21.02.04:859][  0]LogUObjectArray: CloseDisregardForGC: 0/0 objects in disregard for GC pool
[2019.03.04-21.02.05:933][  0]LogTcpMessaging: Initializing TcpMessaging bridge
[2019.03.04-21.02.05:949][  0]LogUdpMessaging: Initializing bridge on interface 0.0.0.0:0 to multicast group 230.0.0.1:6666.
[2019.03.04-21.02.06:143][  0]SourceControl: Source control is disabled
[2019.03.04-21.02.06:143][  0]SourceControl: Source control is disabled
[2019.03.04-21.02.06:145][  0]SourceControl: Source control is disabled
[2019.03.04-21.02.06:146][  0]SourceControl: Source control is disabled
[2019.03.04-21.02.06:319][  0]LogAndroidPermission: UAndroidPermissionCallbackProxy::GetInstance
[2019.03.04-21.02.06:386][  0]LogOcInput: OculusInput pre-init called
[2019.03.04-21.02.06:451][  0]LogEngine: Initializing Engine...
[2019.03.04-21.02.06:452][  0]LogHMD: Failed to initialize OpenVR with code 100
[2019.03.04-21.02.06:454][  0]LogStats: UGameplayTagsManager::ConstructGameplayTagTree: ImportINI prefixes -  0.000 s
[2019.03.04-21.02.06:454][  0]LogStats: UGameplayTagsManager::ConstructGameplayTagTree: Construct from data asset -  0.000 s
[2019.03.04-21.02.06:454][  0]LogStats: UGameplayTagsManager::ConstructGameplayTagTree: ImportINI -  0.000 s
[2019.03.04-21.02.06:454][  0]LogStats: UGameplayTagsManager::ConstructGameplayTagTree: GameplayTagTreeChangedEvent.Broadcast -  0.000 s
[2019.03.04-21.02.06:693][  0]LogInit: Initializing FReadOnlyCVARCache
[2019.03.04-21.02.06:714][  0]LogAIModule: Creating AISystem for world Untitled
[2019.03.04-21.02.06:721][  0]LogInit: XAudio2 using 'Speaker/Headphone (Realtek High Definition Audio(SST))' : 2 channels at 48 kHz using 32 bits per sample (channel mask 0x3)
[2019.03.04-21.02.07:455][  0]LogInit: FAudioDevice initialized.
[2019.03.04-21.02.07:455][  0]LogNetVersion: Set ProjectVersion to 1.0.0.0. Version Checksum will be recalculated on next use.
[2019.03.04-21.02.07:576][  0]LogDerivedDataCache: Saved boot cache 0.12s 71MB C:/Users/kevin/AppData/Local/UnrealEngine/4.20/DerivedDataCache/Boot.ddc.
[2019.03.04-21.02.07:588][  0]LogInit: Texture streaming: Enabled
[2019.03.04-21.02.07:610][  0]LogEngineSessionManager: EngineSessionManager initialized
[2019.03.04-21.02.07:630][  0]LogInit: Transaction tracking system initialized
[2019.03.04-21.02.07:668][  0]BlueprintLog: New page: Editor Load
[2019.03.04-21.02.07:780][  0]LocalizationService: Localization service is disabled
[2019.03.04-21.02.08:509][  0]LogCook: Display: Max memory allowance for cook 16384mb min free memory 0mb
[2019.03.04-21.02.08:509][  0]LogCook: Display: Mobile HDR setting 1
[2019.03.04-21.02.08:509][  0]LogGameplayTags: Display: UGameplayTagsManager::DoneAddingNativeTags. DelegateIsBound: 0
[2019.03.04-21.02.08:509][  0]LogStats: UGameplayTagsManager::ConstructGameplayTagTree: ImportINI prefixes -  0.000 s
[2019.03.04-21.02.08:509][  0]LogStats: UGameplayTagsManager::ConstructGameplayTagTree: Construct from data asset -  0.000 s
[2019.03.04-21.02.08:509][  0]LogStats: UGameplayTagsManager::ConstructGameplayTagTree: ImportINI -  0.000 s
[2019.03.04-21.02.08:509][  0]LogStats: UGameplayTagsManager::ConstructGameplayTagTree: GameplayTagTreeChangedEvent.Broadcast -  0.000 s
[2019.03.04-21.02.08:674][  0]LogFileCache: Scanning file cache for directory 'C:/Users/kevin/Documents/GitHub/Honours-Project/ProcGenCity/Content/' took 0.02s
[2019.03.04-21.02.08:674][  0]SourceControl: Source control is disabled
[2019.03.04-21.02.08:674][  0]Cmd: MAP LOAD FILE="../../../../../../Users/kevin/Documents/GitHub/Honours-Project/ProcGenCity/Content/StarterContent/Maps/Minimal_Default.umap" TEMPLATE=0 SHOWPROGRESS=1 FEATURELEVEL=3
[2019.03.04-21.02.08:674][  0]LightingResults: New page: Lighting Build
[2019.03.04-21.02.08:679][  0]MapCheck: New page: Map Check
[2019.03.04-21.02.08:680][  0]LightingResults: New page: Lighting Build
[2019.03.04-21.02.09:091][  0]LogAIModule: Creating AISystem for world Minimal_Default
[2019.03.04-21.02.09:112][  0]LogEditorServer: Finished looking for orphan Actors (0.000 secs)
[2019.03.04-21.02.09:138][  0]Cmd: MAP CHECKDEP NOCLEARLOG
[2019.03.04-21.02.09:240][  0]MapCheck: Map check complete: 0 Error(s), 0 Warning(s), took 101.824ms to complete.
[2019.03.04-21.02.09:240][  0]LogFileHelpers: Loading map 'Minimal_Default' took 0.566
[2019.03.04-21.02.09:365][  0]LogSlate: Updating window title bar state: overlay mode, drag disabled, window buttons hidden, title bar hidden
[2019.03.04-21.02.09:379][  0]LogSlate: Updating window title bar state: overlay mode, drag disabled, window buttons hidden, title bar hidden
[2019.03.04-21.02.09:391][  0]LogSlate: Updating window title bar state: overlay mode, drag disabled, window buttons hidden, title bar hidden
[2019.03.04-21.02.09:404][  0]LogSlate: Updating window title bar state: overlay mode, drag disabled, window buttons hidden, title bar hidden
[2019.03.04-21.02.09:413][  0]LogCollectionManager: Loaded 0 collections in 0.003200 seconds
[2019.03.04-21.02.09:455][  0]LogFileCache: Scanning file cache for directory 'C:/Users/kevin/Documents/GitHub/Honours-Project/ProcGenCity/Saved/Collections/' took 0.01s
[2019.03.04-21.02.09:455][  0]LogFileCache: Scanning file cache for directory 'C:/Users/kevin/Documents/GitHub/Honours-Project/ProcGenCity/Content/Developers/kevin/Collections/' took 0.01s
[2019.03.04-21.02.09:455][  0]LogFileCache: Scanning file cache for directory 'C:/Users/kevin/Documents/GitHub/Honours-Project/ProcGenCity/Content/Collections/' took 0.01s
[2019.03.04-21.02.09:455][  0]LogCollectionManager: Rebuilt the GUID cache for 0 collections in 0.000001 seconds
[2019.03.04-21.02.09:468][  0]LogContentBrowser: Native class hierarchy populated in 0.0137 seconds. Added 2584 classes and 605 folders.
[2019.03.04-21.02.09:477][  0]LogContentBrowser: Native class hierarchy updated for 'WidgetCarousel' in 0.0004 seconds. Added 0 classes and 0 folders.
[2019.03.04-21.02.09:550][  0]LogContentBrowser: Native class hierarchy updated for 'AddContentDialog' in 0.0004 seconds. Added 0 classes and 0 folders.
[2019.03.04-21.02.09:555][  0]LogContentBrowser: Native class hierarchy updated for 'SceneOutliner' in 0.0004 seconds. Added 1 classes and 2 folders.
[2019.03.04-21.02.09:575][  0]LogSlate: Took 0.000376 seconds to synchronously load lazily loaded font '../../../Engine/Content/Slate/Fonts/Roboto-Regular.ttf' (155K)
[2019.03.04-21.02.09:581][  0]LogSlate: Took 0.000243 seconds to synchronously load lazily loaded font '../../../Engine/Content/Slate/Fonts/Roboto-Bold.ttf' (160K)
[2019.03.04-21.02.09:585][  0]LogSlate: Took 0.000255 seconds to synchronously load lazily loaded font '../../../Engine/Content/Editor/Slate/Fonts/FontAwesome.ttf' (139K)
[2019.03.04-21.02.09:692][  0]LogRenderer: Reallocating scene render targets to support 1284x576 Format 9 NumSamples 1 (Frame:1).
[2019.03.04-21.02.09:851][  0]LogContentBrowser: Native class hierarchy updated for 'HierarchicalLODOutliner' in 0.0007 seconds. Added 0 classes and 0 folders.
[2019.03.04-21.02.09:851][  0]LogLoad: (Engine Initialization) Total time: 12.04 seconds
[2019.03.04-21.02.09:851][  0]LogLoad: (Engine Initialization) Total Blueprint compile time: 0.00 seconds
[2019.03.04-21.02.09:897][  0]LogContentStreaming: Texture pool size now 400 MB
[2019.03.04-21.02.09:930][  0]LogSlate: Took 0.000271 seconds to synchronously load lazily loaded font '../../../Engine/Content/Slate/Fonts/Roboto-Light.ttf' (167K)
[2019.03.04-21.02.09:948][  1]LogActor: Warning: MyRoad_C /Engine/Transient.World_0:PersistentLevel.MyRoad_C_0 has natively added scene component(s), but none of them were set as the actor's RootComponent - picking one arbitrarily
[2019.03.04-21.02.09:972][  1]LogAssetRegistry: Asset discovery search completed in 6.4103 seconds
[2019.03.04-21.02.09:975][  1]LogCollectionManager: Rebuilt the object cache for 0 collections in 0.000001 seconds (found 0 objects)
[2019.03.04-21.02.09:976][  1]LogCollectionManager: Fixed up redirectors for 0 collections in 0.000193 seconds (updated 0 objects)
[2019.03.04-21.02.18:379][197]LogSlate: FSceneViewport::OnFocusLost() reason 0
[2019.03.04-21.02.20:071][298]LogActor: Warning: Road /Engine/Transient.World_2:PersistentLevel.Road_0 has natively added scene component(s), but none of them were set as the actor's RootComponent - picking one arbitrarily
[2019.03.04-21.02.20:087][299]LogActor: Warning: LRoad /Engine/Transient.World_3:PersistentLevel.LRoad_0 has natively added scene component(s), but none of them were set as the actor's RootComponent - picking one arbitrarily
[2019.03.04-21.02.20:107][300]LogActor: Warning: LotPlacement /Engine/Transient.World_4:PersistentLevel.LotPlacement_0 has natively added scene component(s), but none of them were set as the actor's RootComponent - picking one arbitrarily
[2019.03.04-21.02.23:156][482]LogSlate: Took 0.000261 seconds to synchronously load lazily loaded font '../../../Engine/Content/Slate/Fonts/Roboto-Light.ttf' (167K)
[2019.03.04-21.02.23:228][482]LogSlate: Took 0.000270 seconds to synchronously load lazily loaded font '../../../Engine/Content/Slate/Fonts/Roboto-BoldCondensed.ttf' (158K)
[2019.03.04-21.02.26:409][672]LogAssetEditorManager: Opening Asset editor for Blueprint /Game/BP/MyManager.MyManager
[2019.03.04-21.02.26:989][672]LogContentBrowser: Native class hierarchy updated for 'BlueprintGraph' in 0.0007 seconds. Added 116 classes and 0 folders.
[2019.03.04-21.02.27:900][672]LogSlate: Window 'Add Blueprint Class' being destroyed
[2019.03.04-21.02.28:045][672]LogRenderer: Reallocating scene render targets to support 1284x712 Format 9 NumSamples 1 (Frame:1).
[2019.03.04-21.02.30:933][835]LogSlate: Prevented a slow task dialog from being summoned while a context menu was open
[2019.03.04-21.02.32:610][934]LogSlate: Prevented a slow task dialog from being summoned while a context menu was open
[2019.03.04-21.02.33:306][972]LogSlate: Prevented a slow task dialog from being summoned while a context menu was open
[2019.03.04-21.02.36:963][182]BlueprintLog: New page: Compile MyManager
[2019.03.04-21.02.38:074][234]Cmd: OBJ SAVEPACKAGE PACKAGE="/Game/BP/MyManager" FILE="../../../../../../Users/kevin/Documents/GitHub/Honours-Project/ProcGenCity/Content/BP/MyManager.uasset" SILENT=true
[2019.03.04-21.02.38:093][234]LogSavePackage: Moving '../../../../../../Users/kevin/Documents/GitHub/Honours-Project/ProcGenCity/Saved/MyManager8B7254AD43B56E69F8BF7EB552C8C7B4.tmp' to '../../../../../../Users/kevin/Documents/GitHub/Honours-Project/ProcGenCity/Content/BP/MyManager.uasset'
[2019.03.04-21.02.39:992][337]LogSlate: Window 'MyManager' being destroyed
