Log file open, 02/26/19 21:14:35
LogWindows: Failed to load 'aqProf.dll' (GetLastError=126)
LogWindows: File 'aqProf.dll' does not exist
LogWindows: Failed to load 'VSPerf140.dll' (GetLastError=126)
LogWindows: File 'VSPerf140.dll' does not exist
LogWindows: Failed to load 'VtuneApi.dll' (GetLastError=126)
LogWindows: File 'VtuneApi.dll' does not exist
LogWindows: Failed to load 'VtuneApi32e.dll' (GetLastError=126)
LogWindows: File 'VtuneApi32e.dll' does not exist
LogInit: Display: Running engine for game: ProcGenCity
LogPlatformFile: Not using cached read wrapper
LogTaskGraph: Started task graph with 5 named threads and 23 total threads with 3 sets of task threads.
LogStats: Stats thread started at 0.355635
LogD3D11RHI: Loaded GFSDK_Aftermath_Lib.x64.dll
LogICUInternationalization: Display: ICU TimeZone Detection - Raw Offset: +0:00, Platform Override: ''
LogPluginManager: Mounting plugin Paper2D
LogPluginManager: Mounting plugin AISupport
LogPluginManager: Mounting plugin LightPropagationVolume
LogPluginManager: Mounting plugin CLionSourceCodeAccess
LogPluginManager: Mounting plugin CodeLiteSourceCodeAccess
LogPluginManager: Mounting plugin GitSourceControl
LogPluginManager: Mounting plugin KDevelopSourceCodeAccess
LogPluginManager: Mounting plugin NullSourceCodeAccess
LogPluginManager: Mounting plugin PerforceSourceControl
LogPluginManager: Mounting plugin SubversionSourceControl
LogPluginManager: Mounting plugin UObjectPlugin
LogPluginManager: Mounting plugin VisualStudioCodeSourceCodeAccess
LogPluginManager: Mounting plugin VisualStudioSourceCodeAccess
LogPluginManager: Mounting plugin XCodeSourceCodeAccess
LogPluginManager: Mounting plugin AssetManagerEditor
LogPluginManager: Mounting plugin CryptoKeys
LogPluginManager: Mounting plugin DataValidation
LogPluginManager: Mounting plugin FacialAnimation
LogPluginManager: Mounting plugin GameplayTagsEditor
LogPluginManager: Mounting plugin MacGraphicsSwitching
LogPluginManager: Mounting plugin MeshEditor
LogPluginManager: Mounting plugin MobileLauncherProfileWizard
LogPluginManager: Mounting plugin PluginBrowser
LogPluginManager: Mounting plugin SpeedTreeImporter
LogPluginManager: Mounting plugin DatasmithContent
LogPluginManager: Mounting plugin AlembicImporter
LogPluginManager: Mounting plugin AppleImageUtils
LogPluginManager: Mounting plugin AppleVision
LogPluginManager: Mounting plugin BackChannel
LogPluginManager: Mounting plugin CharacterAI
LogPluginManager: Mounting plugin GeometryCache
LogPluginManager: Mounting plugin HTML5Networking
LogPluginManager: Mounting plugin ProxyLODPlugin
LogPluginManager: Mounting plugin MagicLeap
LogPluginManager: Mounting plugin MagicLeapEmulator
LogPluginManager: Mounting plugin MagicLeapMedia
LogPluginManager: Mounting plugin AndroidMedia
LogPluginManager: Mounting plugin AvfMedia
LogPluginManager: Mounting plugin ImgMedia
LogPluginManager: Mounting plugin LinearTimecode
LogPluginManager: Mounting plugin MediaCompositing
LogPluginManager: Mounting plugin MediaPlayerEditor
LogPluginManager: Mounting plugin WmfMedia
LogPluginManager: Mounting plugin TcpMessaging
LogPluginManager: Mounting plugin UdpMessaging
LogPluginManager: Mounting plugin ActorSequence
LogPluginManager: Mounting plugin LevelSequenceEditor
LogPluginManager: Mounting plugin MatineeToLevelSequence
LogPluginManager: Mounting plugin NetcodeUnitTest
LogPluginManager: Mounting plugin NUTUnrealEngine4
LogPluginManager: Mounting plugin OnlineSubsystemGooglePlay
LogPluginManager: Mounting plugin OnlineSubsystemIOS
LogPluginManager: Mounting plugin OnlineSubsystem
LogPluginManager: Mounting plugin OnlineSubsystemNull
LogPluginManager: Mounting plugin OnlineSubsystemUtils
LogPluginManager: Mounting plugin LauncherChunkInstaller
LogPluginManager: Mounting plugin AndroidDeviceProfileSelector
LogPluginManager: Mounting plugin AndroidMoviePlayer
LogPluginManager: Mounting plugin AndroidPermission
LogPluginManager: Mounting plugin AppleMoviePlayer
LogPluginManager: Mounting plugin ArchVisCharacter
LogPluginManager: Mounting plugin AudioCapture
LogPluginManager: Mounting plugin CableComponent
LogPluginManager: Mounting plugin CustomMeshComponent
LogPluginManager: Mounting plugin EditableMesh
LogPluginManager: Mounting plugin ExampleDeviceProfileSelector
LogPluginManager: Mounting plugin GoogleCloudMessaging
LogPluginManager: Mounting plugin ImmediatePhysics
LogPluginManager: Mounting plugin IOSDeviceProfileSelector
LogPluginManager: Mounting plugin LinuxDeviceProfileSelector
LogPluginManager: Mounting plugin LocationServicesBPLibrary
LogPluginManager: Mounting plugin MobilePatchingUtils
LogPluginManager: Mounting plugin OculusVR
LogPluginManager: Plugin shader directory ../../../Engine/Plugins/Runtime/Oculus/OculusVR/Shaders found
LogPluginManager: Mapping shader source directory ../../../Engine/Plugins/Runtime/Oculus/OculusVR/Shaders to virtual directory /Plugin/OculusVR
LogPluginManager: Mounting plugin PhysXVehicles
LogPluginManager: Mounting plugin ProceduralMeshComponent
LogPluginManager: Mounting plugin RuntimePhysXCooking
LogPluginManager: Mounting plugin SteamVR
LogPluginManager: Mounting plugin WindowsMoviePlayer
LogStreaming: Display: Took  0.268s to configure plugins.
LogInit: Using libcurl 7.55.1-DEV
LogInit:  - built for x86_64-pc-win32
LogInit:  - supports SSL with OpenSSL/1.0.2h
LogInit:  - supports HTTP deflate (compression) using libz 1.2.8
LogInit:  - other features:
LogInit:      CURL_VERSION_SSL
LogInit:      CURL_VERSION_LIBZ
LogInit:      CURL_VERSION_IPV6
LogInit:      CURL_VERSION_ASYNCHDNS
LogInit:      CURL_VERSION_LARGEFILE
LogInit:      CURL_VERSION_IDN
LogInit:  CurlRequestOptions (configurable via config and command line):
LogInit:  - bVerifyPeer = false  - Libcurl will NOT verify peer certificate
LogInit:  - bUseHttpProxy = false  - Libcurl will NOT use HTTP proxy
LogInit:  - bDontReuseConnections = false  - Libcurl will reuse connections
LogInit:  - CertBundlePath = nullptr  - Libcurl will use whatever was configured at build time.
LogInit:  - MaxHostConnections = 16  - Libcurl will limit the number of connections to a host
LogInit:  - LocalHostAddr = Default
LogInit:  - BufferSize = 65536
LogInit: WinSock: version 1.1 (2.2), MaxSocks=32767, MaxUdp=65467
LogHMD: Failed initializing OVRPlugin 1.25.0
LogInit: Build: ++UE4+Release-4.20-CL-4369336
LogInit: Engine Version: 4.20.3-4369336+++UE4+Release-4.20
LogInit: Compatible Engine Version: 4.20.0-4212847+++UE4+Release-4.20
LogInit: Net CL: 4212847
LogInit: OS: Windows 10 (), CPU: Intel(R) Core(TM) i7-8550U CPU @ 1.80GHz, GPU: Intel(R) UHD Graphics 620
LogInit: Compiled (64-bit): Sep 17 2018 12:26:19
LogInit: Compiled with Visual C++: 19.13.26129.00
LogInit: Build Configuration: Development
LogInit: Branch Name: ++UE4+Release-4.20
LogInit: Command Line:  
LogInit: Base Directory: C:/Program Files/Epic Games/UE_4.20/Engine/Binaries/Win64/
LogInit: Installed Engine Build: 1
LogDevObjectVersion: Number of dev versions registered: 20
LogDevObjectVersion:   Dev-Blueprints (B0D832E4-1F89-4F0D-ACCF-7EB736FD4AA2): 10
LogDevObjectVersion:   Dev-Build (E1C64328-A22C-4D53-A36C-8E866417BD8C): 0
LogDevObjectVersion:   Dev-Core (375EC13C-06E4-48FB-B500-84F0262A717E): 2
LogDevObjectVersion:   Dev-Editor (E4B068ED-F494-42E9-A231-DA0B2E46BB41): 24
LogDevObjectVersion:   Dev-Framework (CFFC743F-43B0-4480-9391-14DF171D2073): 34
LogDevObjectVersion:   Dev-Mobile (B02B49B5-BB20-44E9-A304-32B752E40360): 2
LogDevObjectVersion:   Dev-Networking (A4E4105C-59A1-49B5-A7C5-40C4547EDFEE): 0
LogDevObjectVersion:   Dev-Online (39C831C9-5AE6-47DC-9A44-9C173E1C8E7C): 0
LogDevObjectVersion:   Dev-Physics (78F01B33-EBEA-4F98-B9B4-84EACCB95AA2): 0
LogDevObjectVersion:   Dev-Platform (6631380F-2D4D-43E0-8009-CF276956A95A): 0
LogDevObjectVersion:   Dev-Rendering (12F88B9F-8875-4AFC-A67C-D90C383ABD29): 26
LogDevObjectVersion:   Dev-Sequencer (7B5AE74C-D270-4C10-A958-57980B212A5A): 9
LogDevObjectVersion:   Dev-VR (D7296918-1DD6-4BDD-9DE2-64A83CC13884): 2
LogDevObjectVersion:   Dev-LoadTimes (C2A15278-BFE7-4AFE-6C17-90FF531DF755): 1
LogDevObjectVersion:   Private-Geometry (6EACA3D4-40EC-4CC1-B786-8BED09428FC5): 3
LogDevObjectVersion:   Dev-AnimPhys (29E575DD-E0A3-4627-9D10-D276232CDCEA): 17
LogDevObjectVersion:   Dev-ReflectionCapture (6B266CEC-1EC7-4B8F-A30B-E4D90942FC07): 1
LogDevObjectVersion:   Dev-Automation (0DF73D61-A23F-47EA-B727-89E90C41499A): 1
LogDevObjectVersion:   FortniteMain (601D1886-AC64-4F84-AA16-D3DE0DEAC7D6): 12
LogDevObjectVersion:   Dev-Enterprise (9DFFBCD6-494F-0158-E221-12823C92A888): 1
LogStreaming: Display: Took  0.010s to delete old logs.
LogInit: Presizing for max 8388607 objects, including 0 objects not considered by GC, pre-allocating 0 bytes for permanent pool.
LogInit: Object subsystem initialized
[2019.02.26-21.14.36:861][  0]LogInit: Selected Device Profile: [Windows]
[2019.02.26-21.14.36:861][  0]LogInit: Applying CVar settings loaded from the selected device profile: [Windows]
[2019.02.26-21.14.36:896][  0]LogHAL: Display: Platform has ~ 16 GB [17058729984 / 17179869184 / 16], which maps to Larger [LargestMinGB=32, LargerMinGB=12, DefaultMinGB=8, SmallerMinGB=6, SmallestMinGB=0)
[2019.02.26-21.14.36:896][  0]LogInit: Setting Device Profile CVar: [[r.Vulkan.UseRealUBs:1]]
[2019.02.26-21.14.36:896][  0]LogInit: Going up to parent DeviceProfile []
[2019.02.26-21.14.36:897][  0]LogInit: Computer: LAPTOP-TLBN2SQS
[2019.02.26-21.14.36:897][  0]LogInit: User: kevin
[2019.02.26-21.14.36:897][  0]LogInit: CPU Page size=4096, Cores=4
[2019.02.26-21.14.36:897][  0]LogInit: High frequency timer resolution =1.945312 MHz
[2019.02.26-21.14.36:898][  0]LogMemory: Memory total: Physical=15.9GB (16GB approx)
[2019.02.26-21.14.36:898][  0]LogMemory: Platform Memory Stats for Windows
[2019.02.26-21.14.36:898][  0]LogMemory: Process Physical Memory: 102.11 MB used, 102.11 MB peak
[2019.02.26-21.14.36:898][  0]LogMemory: Process Virtual Memory: 94.43 MB used, 94.43 MB peak
[2019.02.26-21.14.36:898][  0]LogMemory: Physical Memory: 7844.64 MB used,  8423.83 MB free, 16268.47 MB total
[2019.02.26-21.14.36:898][  0]LogMemory: Virtual Memory: 4655.32 MB used,  8423.83 MB free, 134217728.00 MB total
[2019.02.26-21.14.36:955][  0]LogInit: Using OS detected language (en-GB).
[2019.02.26-21.14.36:955][  0]LogInit: Using OS detected locale (en-GB).
[2019.02.26-21.14.36:958][  0]LogTextLocalizationManager: No specific localization for 'en-GB' exists, so the 'en' localization will be used.
[2019.02.26-21.14.37:725][  0]LogStreaming: Display: Took  0.770s to InitEngineTextLocalization.
[2019.02.26-21.14.37:726][  0]LogInit: Setting process to per monitor DPI aware
[2019.02.26-21.14.37:784][  0]LogSlate: New Slate User Created.  User Index 0, Is Virtual User: 0
[2019.02.26-21.14.37:784][  0]LogSlate: Slate User Registered.  User Index 0, Is Virtual User: 0
[2019.02.26-21.14.38:458][  0]LogHMD: Failed to initialize OpenVR with code 100
[2019.02.26-21.14.38:458][  0]LogD3D11RHI: D3D11 adapters:
[2019.02.26-21.14.39:566][  0]LogD3D11RHI:    0. 'NVIDIA GeForce MX150' (Feature Level 11_0)
[2019.02.26-21.14.39:566][  0]LogD3D11RHI:       4027/0/8134 MB DedicatedVideo/DedicatedSystem/SharedSystem, Outputs:1, VendorId:0x10de
[2019.02.26-21.14.39:610][  0]LogD3D11RHI:    1. 'Intel(R) UHD Graphics 620' (Feature Level 11_0)
[2019.02.26-21.14.39:610][  0]LogD3D11RHI:       128/0/8134 MB DedicatedVideo/DedicatedSystem/SharedSystem, Outputs:0, VendorId:0x8086
[2019.02.26-21.14.39:614][  0]LogD3D11RHI:    2. 'Microsoft Basic Render Driver' (Feature Level 11_0)
[2019.02.26-21.14.39:614][  0]LogD3D11RHI:       0/0/8134 MB DedicatedVideo/DedicatedSystem/SharedSystem, Outputs:0, VendorId:0x1414
[2019.02.26-21.14.39:614][  0]LogD3D11RHI: Chosen D3D11 Adapter: 0
[2019.02.26-21.14.39:703][  0]LogD3D11RHI: Creating new Direct3DDevice
[2019.02.26-21.14.39:704][  0]LogD3D11RHI:     GPU DeviceId: 0x1d10 (for the marketing name, search the web for "GPU Device Id")
[2019.02.26-21.14.39:704][  0]LogWindows: EnumDisplayDevices:
[2019.02.26-21.14.39:704][  0]LogWindows:    0. 'Intel(R) UHD Graphics 620' (P:1 D:1)
[2019.02.26-21.14.39:705][  0]LogWindows:    1. 'Intel(R) UHD Graphics 620' (P:0 D:0)
[2019.02.26-21.14.39:706][  0]LogWindows:    2. 'Intel(R) UHD Graphics 620' (P:0 D:0)
[2019.02.26-21.14.39:706][  0]LogWindows: DebugString: PrimaryIsNotTheChoosenAdapter PrimaryIsNotTheChoosenAdapter PrimaryIsNotTheChoosenAdapter FoundDriverCount:0 
[2019.02.26-21.14.39:706][  0]LogD3D11RHI:     Adapter Name: NVIDIA GeForce MX150
[2019.02.26-21.14.39:706][  0]LogD3D11RHI:   Driver Version: Unknown (internal:Unknown, unified:Unknown)
[2019.02.26-21.14.39:706][  0]LogD3D11RHI:      Driver Date: Unknown
[2019.02.26-21.14.39:707][  0]LogRHI: Texture pool is 2819 MB (70% of 4027 MB)
[2019.02.26-21.14.39:850][  0]LogD3D11RHI: Async texture creation enabled
[2019.02.26-21.14.39:876][  0]LogD3D11RHI: GPU Timing Frequency: 1000.000000 (Debug: 2 2)
[2019.02.26-21.14.39:877][  0]LogShaderCompilers: Guid format shader working directory is -29 characters bigger than the processId version (../../../../../../Users/kevin/Documents/GitHub/Honours-Project/ProcGenCity/Intermediate/Shaders/WorkingDirectory/17700/).
[2019.02.26-21.14.39:878][  0]LogShaderCompilers: Cleaned the shader compiler working directory 'C:/Users/kevin/AppData/Local/Temp/UnrealShaderWorkingDir/5F94D6DE48DADE945D3F53A7CA8EA32C/'.
[2019.02.26-21.14.40:600][  0]LogTemp: Display: Loaded TP AllDesktopTargetPlatform
[2019.02.26-21.14.40:637][  0]LogTemp: Display: Loaded TP MacClientTargetPlatform
[2019.02.26-21.14.40:667][  0]LogTemp: Display: Loaded TP MacNoEditorTargetPlatform
[2019.02.26-21.14.40:693][  0]LogTemp: Display: Loaded TP MacServerTargetPlatform
[2019.02.26-21.14.40:714][  0]LogTemp: Display: Loaded TP MacTargetPlatform
[2019.02.26-21.14.40:735][  0]LogTemp: Display: Loaded TP WindowsClientTargetPlatform
[2019.02.26-21.14.40:755][  0]LogTemp: Display: Loaded TP WindowsNoEditorTargetPlatform
[2019.02.26-21.14.40:784][  0]LogTemp: Display: Loaded TP WindowsServerTargetPlatform
[2019.02.26-21.14.40:796][  0]LogTemp: Display: Loaded TP WindowsTargetPlatform
[2019.02.26-21.14.40:936][  0]LogTemp: Display: Loaded TP AndroidTargetPlatform
[2019.02.26-21.14.40:936][  0]LogTemp: Display: Loaded TP AndroidTargetPlatform
[2019.02.26-21.14.40:936][  0]LogTemp: Display: Loaded TP AndroidTargetPlatform
[2019.02.26-21.14.40:936][  0]LogTemp: Display: Loaded TP AndroidTargetPlatform
[2019.02.26-21.14.40:936][  0]LogTemp: Display: Loaded TP AndroidTargetPlatform
[2019.02.26-21.14.40:936][  0]LogTemp: Display: Loaded TP AndroidTargetPlatform
[2019.02.26-21.14.40:936][  0]LogTemp: Display: Loaded TP AndroidTargetPlatform
[2019.02.26-21.14.40:936][  0]LogTemp: Display: Loaded TP AndroidTargetPlatform
[2019.02.26-21.14.40:936][  0]LogTemp: Display: Loaded TP AndroidTargetPlatform
[2019.02.26-21.14.40:936][  0]LogTemp: Display: Loaded TP AndroidTargetPlatform
[2019.02.26-21.14.40:936][  0]LogTemp: Display: Loaded TP AndroidTargetPlatform
[2019.02.26-21.14.40:936][  0]LogTemp: Display: Loaded TP AndroidTargetPlatform
[2019.02.26-21.14.40:936][  0]LogTemp: Display: Loaded TP AndroidTargetPlatform
[2019.02.26-21.14.40:936][  0]LogTemp: Display: Loaded TP AndroidTargetPlatform
[2019.02.26-21.14.40:936][  0]LogTemp: Display: Loaded TP AndroidTargetPlatform
[2019.02.26-21.14.40:936][  0]LogTemp: Display: Loaded TP AndroidTargetPlatform
[2019.02.26-21.14.40:936][  0]LogTemp: Display: Loaded TP AndroidTargetPlatform
[2019.02.26-21.14.40:936][  0]LogTemp: Display: Loaded TP AndroidTargetPlatform
[2019.02.26-21.14.40:938][  0]LogTemp: Display: Loaded TP HTML5TargetPlatform
[2019.02.26-21.14.41:036][  0]LogTemp: Display: Loaded TP IOSTargetPlatform
[2019.02.26-21.14.41:036][  0]LogTemp: Display: Loaded TP IOSTargetPlatform
[2019.02.26-21.14.41:081][  0]LogTemp: Display: Loaded TP TVOSTargetPlatform
[2019.02.26-21.14.41:081][  0]LogTemp: Display: Loaded TP TVOSTargetPlatform
[2019.02.26-21.14.41:099][  0]LogTemp: Display: Loaded TP LinuxClientTargetPlatform
[2019.02.26-21.14.41:118][  0]LogTemp: Display: Loaded TP LinuxNoEditorTargetPlatform
[2019.02.26-21.14.41:142][  0]LogTemp: Display: Loaded TP LinuxServerTargetPlatform
[2019.02.26-21.14.41:161][  0]LogTemp: Display: Loaded TP LinuxTargetPlatform
[2019.02.26-21.14.41:176][  0]LogTemp: Display: Loaded TP LuminTargetPlatform
[2019.02.26-21.14.41:176][  0]LogTargetPlatformManager: Display: Building Assets For Windows
[2019.02.26-21.14.41:295][  0]LogXGEController: Cleaning working directory: C:/Users/kevin/AppData/Local/Temp/UnrealXGEWorkingDir/
[2019.02.26-21.14.41:295][  0]LogXGEController: Cannot use XGE Controller as Incredibuild is not installed on this machine.
[2019.02.26-21.14.41:295][  0]LogShaderCompilers: Cannot use XGE Shader Compiler as Incredibuild is not installed on this machine.
[2019.02.26-21.14.41:295][  0]LogShaderCompilers: Display: Using Local Shader Compiler.
[2019.02.26-21.14.42:502][  0]LogDerivedDataCache: Display: Max Cache Size: 512 MB
[2019.02.26-21.14.42:578][  0]LogDerivedDataCache: Loaded boot cache 0.08s 71MB C:/Users/kevin/AppData/Local/UnrealEngine/4.20/DerivedDataCache/Boot.ddc.
[2019.02.26-21.14.42:578][  0]LogDerivedDataCache: Display: Loaded Boot cache: C:/Users/kevin/AppData/Local/UnrealEngine/4.20/DerivedDataCache/Boot.ddc
[2019.02.26-21.14.42:579][  0]LogDerivedDataCache: FDerivedDataBackendGraph:  Pak pak cache file ../../../../../../Users/kevin/Documents/GitHub/Honours-Project/ProcGenCity/DerivedDataCache/DDC.ddp not found, will not use a pak cache.
[2019.02.26-21.14.42:579][  0]LogDerivedDataCache: Unable to find inner node Pak for hierarchical cache Hierarchy.
[2019.02.26-21.14.42:579][  0]LogDerivedDataCache: FDerivedDataBackendGraph:  CompressedPak pak cache file ../../../../../../Users/kevin/Documents/GitHub/Honours-Project/ProcGenCity/DerivedDataCache/Compressed.ddp not found, will not use a pak cache.
[2019.02.26-21.14.42:579][  0]LogDerivedDataCache: Unable to find inner node CompressedPak for hierarchical cache Hierarchy.
[2019.02.26-21.14.42:611][  0]LogDerivedDataCache: Display: Pak cache opened for reading ../../../Engine/DerivedDataCache/Compressed.ddp.
[2019.02.26-21.14.42:624][  0]LogDerivedDataCache: Using Local data cache path C:/Users/kevin/AppData/Local/UnrealEngine/Common/DerivedDataCache: Writable
[2019.02.26-21.14.42:624][  0]LogDerivedDataCache: Shared data cache path not found in *engine.ini, will not use an Shared cache.
[2019.02.26-21.14.42:624][  0]LogDerivedDataCache: Unable to find inner node Shared for hierarchical cache Hierarchy.
[2019.02.26-21.14.42:677][  0]LogMaterial: Verifying Global Shaders for PCD3D_SM5
[2019.02.26-21.14.42:680][  0]LogSlate: Using FreeType 2.6.0
[2019.02.26-21.14.42:682][  0]LogSlate: SlateFontServices - WITH_FREETYPE: 1, WITH_HARFBUZZ: 1
[2019.02.26-21.14.42:796][  0]LogAssetRegistry: FAssetRegistry took 0.0298 seconds to start up
[2019.02.26-21.14.43:453][  0]LogInit: Selected Device Profile: [Windows]
[2019.02.26-21.14.43:694][  0]LogSimplygon: Simplygon DLL not present - disabling.
[2019.02.26-21.14.43:701][  0]LogMeshReduction: Using SimplygonSwarm for distributed automatic mesh merging
[2019.02.26-21.14.43:701][  0]LogMeshReduction: Using ProxyLODMeshReduction for automatic mesh merging
[2019.02.26-21.14.43:701][  0]LogMeshReduction: Using QuadricMeshReduction for automatic static mesh reduction
[2019.02.26-21.14.43:701][  0]LogMeshReduction: No automatic skeletal mesh reduction module available
[2019.02.26-21.14.43:734][  0]LogNetVersion: ProcGenCity 1.0.0, NetCL: 4212847, EngineNetVer: 5, GameNetVer: 0 (Checksum: 2895139612)
[2019.02.26-21.14.45:029][  0]LogPackageLocalizationCache: Processed 11 localized package path(s) for 2 prioritized culture(s) in 0.320009 seconds
[2019.02.26-21.14.45:040][  0]LogUObjectArray: 38425 objects as part of root set at end of initial load.
[2019.02.26-21.14.45:040][  0]LogUObjectAllocator: 6690864 out of 0 bytes used by permanent object pool.
[2019.02.26-21.14.45:040][  0]LogUObjectArray: CloseDisregardForGC: 0/0 objects in disregard for GC pool
[2019.02.26-21.14.47:404][  0]LogTcpMessaging: Initializing TcpMessaging bridge
[2019.02.26-21.14.47:420][  0]LogUdpMessaging: Initializing bridge on interface 0.0.0.0:0 to multicast group 230.0.0.1:6666.
[2019.02.26-21.14.47:797][  0]SourceControl: Source control is disabled
[2019.02.26-21.14.47:797][  0]SourceControl: Source control is disabled
[2019.02.26-21.14.47:800][  0]SourceControl: Source control is disabled
[2019.02.26-21.14.47:804][  0]SourceControl: Source control is disabled
[2019.02.26-21.14.48:147][  0]LogAndroidPermission: UAndroidPermissionCallbackProxy::GetInstance
[2019.02.26-21.14.48:301][  0]LogOcInput: OculusInput pre-init called
[2019.02.26-21.14.48:496][  0]LogEngine: Initializing Engine...
[2019.02.26-21.14.48:500][  0]LogHMD: Failed to initialize OpenVR with code 100
[2019.02.26-21.14.48:507][  0]LogStats: UGameplayTagsManager::ConstructGameplayTagTree: ImportINI prefixes -  0.000 s
[2019.02.26-21.14.48:507][  0]LogStats: UGameplayTagsManager::ConstructGameplayTagTree: Construct from data asset -  0.000 s
[2019.02.26-21.14.48:507][  0]LogStats: UGameplayTagsManager::ConstructGameplayTagTree: ImportINI -  0.000 s
[2019.02.26-21.14.48:507][  0]LogStats: UGameplayTagsManager::ConstructGameplayTagTree: GameplayTagTreeChangedEvent.Broadcast -  0.000 s
[2019.02.26-21.14.49:300][  0]LogInit: Initializing FReadOnlyCVARCache
[2019.02.26-21.14.49:367][  0]LogAIModule: Creating AISystem for world Untitled
[2019.02.26-21.14.49:675][  0]LogInit: XAudio2 using 'Speaker/Headphone (Realtek High Definition Audio(SST))' : 2 channels at 48 kHz using 32 bits per sample (channel mask 0x3)
[2019.02.26-21.14.49:775][  0]LogInit: FAudioDevice initialized.
[2019.02.26-21.14.49:776][  0]LogNetVersion: Set ProjectVersion to 1.0.0.0. Version Checksum will be recalculated on next use.
[2019.02.26-21.14.49:895][  0]LogDerivedDataCache: Saved boot cache 0.12s 71MB C:/Users/kevin/AppData/Local/UnrealEngine/4.20/DerivedDataCache/Boot.ddc.
[2019.02.26-21.14.49:979][  0]LogInit: Texture streaming: Enabled
[2019.02.26-21.14.50:032][  0]LogEngineSessionManager: EngineSessionManager initialized
[2019.02.26-21.14.50:032][  0]LogEngineSessionManager: EngineSessionManager sent abnormal shutdown report. Type=Crashed, SessionId={D0F50CEC-4547-D4B7-7BE7-369556D65A02}
[2019.02.26-21.14.50:071][  0]LogInit: Transaction tracking system initialized
[2019.02.26-21.14.50:154][  0]BlueprintLog: New page: Editor Load
[2019.02.26-21.14.50:355][  0]LocalizationService: Localization service is disabled
[2019.02.26-21.14.51:883][  0]LogCook: Display: Max memory allowance for cook 16384mb min free memory 0mb
[2019.02.26-21.14.51:884][  0]LogCook: Display: Mobile HDR setting 1
[2019.02.26-21.14.51:884][  0]LogGameplayTags: Display: UGameplayTagsManager::DoneAddingNativeTags. DelegateIsBound: 0
[2019.02.26-21.14.51:884][  0]LogStats: UGameplayTagsManager::ConstructGameplayTagTree: ImportINI prefixes -  0.000 s
[2019.02.26-21.14.51:884][  0]LogStats: UGameplayTagsManager::ConstructGameplayTagTree: Construct from data asset -  0.000 s
[2019.02.26-21.14.51:885][  0]LogStats: UGameplayTagsManager::ConstructGameplayTagTree: ImportINI -  0.000 s
[2019.02.26-21.14.51:885][  0]LogStats: UGameplayTagsManager::ConstructGameplayTagTree: GameplayTagTreeChangedEvent.Broadcast -  0.000 s
[2019.02.26-21.14.52:293][  0]LogFileCache: Scanning file cache for directory 'C:/Users/kevin/Documents/GitHub/Honours-Project/ProcGenCity/Content/' took 0.02s
[2019.02.26-21.14.52:294][  0]SourceControl: Source control is disabled
[2019.02.26-21.14.52:294][  0]Cmd: MAP LOAD FILE="../../../../../../Users/kevin/Documents/GitHub/Honours-Project/ProcGenCity/Content/StarterContent/Maps/Minimal_Default.umap" TEMPLATE=0 SHOWPROGRESS=1 FEATURELEVEL=3
[2019.02.26-21.14.52:298][  0]LightingResults: New page: Lighting Build
[2019.02.26-21.14.52:314][  0]MapCheck: New page: Map Check
[2019.02.26-21.14.52:314][  0]LightingResults: New page: Lighting Build
[2019.02.26-21.14.53:694][  0]LogAIModule: Creating AISystem for world Minimal_Default
[2019.02.26-21.14.53:777][  0]LogEditorServer: Finished looking for orphan Actors (0.000 secs)
[2019.02.26-21.14.53:853][  0]Cmd: MAP CHECKDEP NOCLEARLOG
[2019.02.26-21.14.54:089][  0]MapCheck: Map check complete: 0 Error(s), 0 Warning(s), took 236.081ms to complete.
[2019.02.26-21.14.54:090][  0]LogFileHelpers: Loading map 'Minimal_Default' took 1.796
[2019.02.26-21.14.54:312][  0]LogSlate: Updating window title bar state: overlay mode, drag disabled, window buttons hidden, title bar hidden
[2019.02.26-21.14.54:332][  0]LogSlate: Updating window title bar state: overlay mode, drag disabled, window buttons hidden, title bar hidden
[2019.02.26-21.14.54:346][  0]LogSlate: Updating window title bar state: overlay mode, drag disabled, window buttons hidden, title bar hidden
[2019.02.26-21.14.54:359][  0]LogSlate: Updating window title bar state: overlay mode, drag disabled, window buttons hidden, title bar hidden
[2019.02.26-21.14.54:375][  0]LogCollectionManager: Loaded 0 collections in 0.005048 seconds
[2019.02.26-21.14.54:432][  0]LogFileCache: Scanning file cache for directory 'C:/Users/kevin/Documents/GitHub/Honours-Project/ProcGenCity/Saved/Collections/' took 0.01s
[2019.02.26-21.14.54:432][  0]LogFileCache: Scanning file cache for directory 'C:/Users/kevin/Documents/GitHub/Honours-Project/ProcGenCity/Content/Developers/kevin/Collections/' took 0.01s
[2019.02.26-21.14.54:432][  0]LogFileCache: Scanning file cache for directory 'C:/Users/kevin/Documents/GitHub/Honours-Project/ProcGenCity/Content/Collections/' took 0.01s
[2019.02.26-21.14.54:432][  0]LogCollectionManager: Rebuilt the GUID cache for 0 collections in 0.000001 seconds
[2019.02.26-21.14.54:461][  0]LogContentBrowser: Native class hierarchy populated in 0.0281 seconds. Added 2583 classes and 605 folders.
[2019.02.26-21.14.54:475][  0]LogContentBrowser: Native class hierarchy updated for 'WidgetCarousel' in 0.0005 seconds. Added 0 classes and 0 folders.
[2019.02.26-21.14.54:622][  0]LogContentBrowser: Native class hierarchy updated for 'AddContentDialog' in 0.0007 seconds. Added 0 classes and 0 folders.
[2019.02.26-21.14.54:632][  0]LogContentBrowser: Native class hierarchy updated for 'SceneOutliner' in 0.0010 seconds. Added 1 classes and 2 folders.
[2019.02.26-21.14.54:665][  0]LogSlate: Took 0.000692 seconds to synchronously load lazily loaded font '../../../Engine/Content/Slate/Fonts/Roboto-Regular.ttf' (155K)
[2019.02.26-21.14.54:686][  0]LogSlate: Took 0.000485 seconds to synchronously load lazily loaded font '../../../Engine/Content/Slate/Fonts/Roboto-Bold.ttf' (160K)
[2019.02.26-21.14.54:697][  0]LogSlate: Took 0.000705 seconds to synchronously load lazily loaded font '../../../Engine/Content/Editor/Slate/Fonts/FontAwesome.ttf' (139K)
[2019.02.26-21.14.54:947][  0]LogRenderer: Reallocating scene render targets to support 1284x576 Format 9 NumSamples 1 (Frame:1).
[2019.02.26-21.14.55:283][  0]LogContentBrowser: Native class hierarchy updated for 'HierarchicalLODOutliner' in 0.0015 seconds. Added 0 classes and 0 folders.
[2019.02.26-21.14.55:283][  0]LogLoad: (Engine Initialization) Total time: 24.01 seconds
[2019.02.26-21.14.55:283][  0]LogLoad: (Engine Initialization) Total Blueprint compile time: 0.00 seconds
[2019.02.26-21.14.55:336][  0]LogContentStreaming: Texture pool size now 400 MB
[2019.02.26-21.14.55:428][  0]LogSlate: Took 0.000489 seconds to synchronously load lazily loaded font '../../../Engine/Content/Slate/Fonts/Roboto-Light.ttf' (167K)
[2019.02.26-21.14.55:708][  2]LogAssetRegistry: Asset discovery search completed in 12.9350 seconds
[2019.02.26-21.14.55:713][  2]LogCollectionManager: Rebuilt the object cache for 0 collections in 0.000001 seconds (found 0 objects)
[2019.02.26-21.14.55:713][  2]LogCollectionManager: Fixed up redirectors for 0 collections in 0.000208 seconds (updated 0 objects)
[2019.02.26-21.14.56:693][  5]LogSlate: Took 0.000333 seconds to synchronously load lazily loaded font '../../../Engine/Content/Slate/Fonts/Roboto-Light.ttf' (167K)
[2019.02.26-21.17.05:164][675]LogSlate: FSceneViewport::OnFocusLost() reason 0
[2019.02.26-21.17.05:480][688]Candidate modules for hot reload:
[2019.02.26-21.17.05:480][688]  ProcGenCity
[2019.02.26-21.17.05:480][688]Launching UnrealBuildTool... [C:/Program Files/Epic Games/UE_4.20/Engine/Binaries/DotNET/UnrealBuildTool.exe  -ModuleWithSuffix=ProcGenCity,4985 Win64 Development -TargetType=Editor -Project="../../../../../../Users/kevin/Documents/GitHub/Honours-Project/ProcGenCity/ProcGenCity.uproject" -canskiplink "C:/Users/kevin/Documents/GitHub/Honours-Project/ProcGenCity/ProcGenCity.uproject" ]
[2019.02.26-21.17.05:488][688]Warning: Starting HotReload took  0.1s.
[2019.02.26-21.17.39:201][822]CompilerResultsLog: New page: Compilation - 26 Feb 2019 21:17:39
[2019.02.26-21.17.39:201][822]CompilerResultsLog: Using 'git status' to determine working set for adaptive non-unity build.
[2019.02.26-21.17.39:201][822]CompilerResultsLog: Compiling game modules for hot reload
[2019.02.26-21.17.39:201][822]CompilerResultsLog: Building 4 actions with 8 processes...
[2019.02.26-21.17.39:201][822]CompilerResultsLog:   [1/4] Branch.cpp
[2019.02.26-21.17.39:201][822]CompilerResultsLog:   [2/4] Checker.cpp
[2019.02.26-21.17.39:201][822]CompilerResultsLog:   [3/4] UE4Editor-ProcGenCity-4985.lib
[2019.02.26-21.17.39:201][822]CompilerResultsLog:      Creating library C:\Users\kevin\Documents\GitHub\Honours-Project\ProcGenCity\Intermediate\Build\Win64\UE4Editor\Development\ProcGenCity\UE4Editor-ProcGenCity-4985.lib and object C:\Users\kevin\Documents\GitHub\Honours-Project\ProcGenCity\Intermediate\Build\Win64\UE4Editor\Development\ProcGenCity\UE4Editor-ProcGenCity-4985.exp
[2019.02.26-21.17.39:201][822]CompilerResultsLog:   [4/4] UE4Editor-ProcGenCity-4985.dll
[2019.02.26-21.17.39:201][822]CompilerResultsLog:      Creating library C:\Users\kevin\Documents\GitHub\Honours-Project\ProcGenCity\Intermediate\Build\Win64\UE4Editor\Development\ProcGenCity\UE4Editor-ProcGenCity-4985.suppressed.lib and object C:\Users\kevin\Documents\GitHub\Honours-Project\ProcGenCity\Intermediate\Build\Win64\UE4Editor\Development\ProcGenCity\UE4Editor-ProcGenCity-4985.suppressed.exp
[2019.02.26-21.17.39:201][822]CompilerResultsLog: Total build time: 32.66 seconds (Parallel executor: 23.43 seconds)
[2019.02.26-21.17.39:201][822]LogMainFrame: MainFrame: Module compiling took 33.738 seconds
[2019.02.26-21.17.39:305][822]LogClass: EBranchState HotReload.
[2019.02.26-21.17.39:328][822]LogContentBrowser: Native class hierarchy updated for 'ProcGenCity' in 0.0018 seconds. Added 11 classes and 2 folders.
[2019.02.26-21.17.39:333][822]Display: HotReload successful (0 functions remapped  0 scriptstructs remapped)
[2019.02.26-21.17.39:494][822]LogContentBrowser: Native class hierarchy populated in 0.0166 seconds. Added 2584 classes and 607 folders.
[2019.02.26-21.17.39:496][822]Display: HotReload took 34.1s.
[2019.02.26-21.17.57:682][275]LogAssetEditorManager: Opening Asset editor for Blueprint /Game/BP/MyBranch.MyBranch
[2019.02.26-21.17.59:609][275]LogContentBrowser: Native class hierarchy updated for 'BlueprintGraph' in 0.0026 seconds. Added 116 classes and 0 folders.
[2019.02.26-21.18.05:981][275]LogWindows: Error: === Critical error: ===
[2019.02.26-21.18.05:981][275]LogWindows: Error: 
[2019.02.26-21.18.05:981][275]LogWindows: Error: Fatal error!
[2019.02.26-21.18.05:981][275]LogWindows: Error: 
[2019.02.26-21.18.05:981][275]LogWindows: Error: Unhandled Exception: EXCEPTION_STACK_OVERFLOW
[2019.02.26-21.18.05:981][275]LogWindows: Error: 
[2019.02.26-21.18.05:981][275]LogWindows: Error: [Callstack] 0x00007ffaa1571e67 UE4Editor-Core.dll!UnknownFunction []
[2019.02.26-21.18.05:981][275]LogWindows: Error: [Callstack] 0x00007ffaa15a8af1 UE4Editor-Core.dll!UnknownFunction []
[2019.02.26-21.18.05:981][275]LogWindows: Error: [Callstack] 0x00007ffaa1585026 UE4Editor-Core.dll!UnknownFunction []
[2019.02.26-21.18.05:981][275]LogWindows: Error: [Callstack] 0x00007ffaa0e25ff7 UE4Editor-CoreUObject.dll!UnknownFunction []
[2019.02.26-21.18.05:981][275]LogWindows: Error: [Callstack] 0x00007ffa8a30161e UE4Editor-Engine.dll!UnknownFunction []
[2019.02.26-21.18.05:981][275]LogWindows: Error: [Callstack] 0x00007ffa899053c9 UE4Editor-Engine.dll!UnknownFunction []
[2019.02.26-21.18.05:981][275]LogWindows: Error: [Callstack] 0x00007ffa85f9a7fc UE4Editor-Renderer.dll!UnknownFunction []
[2019.02.26-21.18.05:981][275]LogWindows: Error: [Callstack] 0x00007ffa89966ee5 UE4Editor-Engine.dll!UnknownFunction []
[2019.02.26-21.18.05:981][275]LogWindows: Error: [Callstack] 0x00007ffa898a90af UE4Editor-Engine.dll!UnknownFunction []
[2019.02.26-21.18.05:981][275]LogWindows: Error: [Callstack] 0x00007ffa898d2003 UE4Editor-Engine.dll!UnknownFunction []
[2019.02.26-21.18.05:981][275]LogWindows: Error: [Callstack] 0x00007ffa8952a3be UE4Editor-Engine.dll!UnknownFunction []
[2019.02.26-21.18.05:981][275]LogWindows: Error: [Callstack] 0x00007ffa8953943c UE4Editor-Engine.dll!UnknownFunction []
[2019.02.26-21.18.05:981][275]LogWindows: Error: [Callstack] 0x00007ffa89537390 UE4Editor-Engine.dll!UnknownFunction []
[2019.02.26-21.18.05:981][275]LogWindows: Error: [Callstack] 0x00007ffa89e7f646 UE4Editor-Engine.dll!UnknownFunction []
[2019.02.26-21.18.05:981][275]LogWindows: Error: [Callstack] 0x00007ffa89e7fc87 UE4Editor-Engine.dll!UnknownFunction []
[2019.02.26-21.18.05:981][275]LogWindows: Error: [Callstack] 0x00007ffa5a4e7ccb UE4Editor-ProcGenCity-4985.dll!AChecker::GlobalGoals() [c:\users\kevin\documents\github\honours-project\procgencity\source\procgencity\checker.cpp:81]
[2019.02.26-21.18.05:981][275]LogWindows: Error: [Callstack] 0x00007ffa89514eff UE4Editor-Engine.dll!UnknownFunction []
[2019.02.26-21.18.05:981][275]LogWindows: Error: [Callstack] 0x00007ffa895187c4 UE4Editor-Engine.dll!UnknownFunction []
[2019.02.26-21.18.05:981][275]LogWindows: Error: [Callstack] 0x00007ffa895376f3 UE4Editor-Engine.dll!UnknownFunction []
[2019.02.26-21.18.05:981][275]LogWindows: Error: [Callstack] 0x00007ffa89e7f646 UE4Editor-Engine.dll!UnknownFunction []
[2019.02.26-21.18.05:981][275]LogWindows: Error: [Callstack] 0x00007ffa89e7fc87 UE4Editor-Engine.dll!UnknownFunction []
[2019.02.26-21.18.05:981][275]LogWindows: Error: [Callstack] 0x00007ffa5a4e5727 UE4Editor-ProcGenCity-4985.dll!ABranch::SpawnUp() [c:\users\kevin\documents\github\honours-project\procgencity\source\procgencity\branch.cpp:117]
[2019.02.26-21.18.05:981][275]LogWindows: Error: [Callstack] 0x00007ffa5a4e84cd UE4Editor-ProcGenCity-4985.dll!AChecker::SetNewBranchDirection() [c:\users\kevin\documents\github\honours-project\procgencity\source\procgencity\checker.cpp:114]
[2019.02.26-21.18.05:981][275]LogWindows: Error: [Callstack] 0x00007ffa5a4e8902 UE4Editor-ProcGenCity-4985.dll!AChecker::SpawnBranch() [c:\users\kevin\documents\github\honours-project\procgencity\source\procgencity\checker.cpp:98]
[2019.02.26-21.18.05:981][275]LogWindows: Error: [Callstack] 0x00007ffa5a4e7f28 UE4Editor-ProcGenCity-4985.dll!AChecker::GlobalGoals() [c:\users\kevin\documents\github\honours-project\procgencity\source\procgencity\checker.cpp:87]
[2019.02.26-21.18.05:982][275]LogWindows: Error: [Callstack] 0x00007ffa89514eff UE4Editor-Engine.dll!UnknownFunction []
[2019.02.26-21.18.05:982][275]LogWindows: Error: [Callstack] 0x00007ffa895187c4 UE4Editor-Engine.dll!UnknownFunction []
[2019.02.26-21.18.05:982][275]LogWindows: Error: [Callstack] 0x00007ffa895376f3 UE4Editor-Engine.dll!UnknownFunction []
[2019.02.26-21.18.05:982][275]LogWindows: Error: [Callstack] 0x00007ffa89e7f646 UE4Editor-Engine.dll!UnknownFunction []
[2019.02.26-21.18.05:982][275]LogWindows: Error: [Callstack] 0x00007ffa89e7fc87 UE4Editor-Engine.dll!UnknownFunction []
[2019.02.26-21.18.05:982][275]LogWindows: Error: [Callstack] 0x00007ffa5a4e5727 UE4Editor-ProcGenCity-4985.dll!ABranch::SpawnUp() [c:\users\kevin\documents\github\honours-project\procgencity\source\procgencity\branch.cpp:117]
[2019.02.26-21.18.05:982][275]LogWindows: Error: [Callstack] 0x00007ffa5a4e84cd UE4Editor-ProcGenCity-4985.dll!AChecker::SetNewBranchDirection() [c:\users\kevin\documents\github\honours-project\procgencity\source\procgencity\checker.cpp:114]
[2019.02.26-21.18.05:982][275]LogWindows: Error: [Callstack] 0x00007ffa5a4e8902 UE4Editor-ProcGenCity-4985.dll!AChecker::SpawnBranch() [c:\users\kevin\documents\github\honours-project\procgencity\source\procgencity\checker.cpp:98]
[2019.02.26-21.18.05:982][275]LogWindows: Error: [Callstack] 0x00007ffa5a4e7f28 UE4Editor-ProcGenCity-4985.dll!AChecker::GlobalGoals() [c:\users\kevin\documents\github\honours-project\procgencity\source\procgencity\checker.cpp:87]
[2019.02.26-21.18.05:982][275]LogWindows: Error: [Callstack] 0x00007ffa89514eff UE4Editor-Engine.dll!UnknownFunction []
[2019.02.26-21.18.05:982][275]LogWindows: Error: [Callstack] 0x00007ffa895187c4 UE4Editor-Engine.dll!UnknownFunction []
[2019.02.26-21.18.05:982][275]LogWindows: Error: [Callstack] 0x00007ffa895376f3 UE4Editor-Engine.dll!UnknownFunction []
[2019.02.26-21.18.05:982][275]LogWindows: Error: [Callstack] 0x00007ffa89e7f646 UE4Editor-Engine.dll!UnknownFunction []
[2019.02.26-21.18.05:982][275]LogWindows: Error: [Callstack] 0x00007ffa89e7fc87 UE4Editor-Engine.dll!UnknownFunction []
[2019.02.26-21.18.05:983][275]LogWindows: Error: [Callstack] 0x00007ffa5a4e5727 UE4Editor-ProcGenCity-4985.dll!ABranch::SpawnUp() [c:\users\kevin\documents\github\honours-project\procgencity\source\procgencity\branch.cpp:117]
[2019.02.26-21.18.05:983][275]LogWindows: Error: [Callstack] 0x00007ffa5a4e84cd UE4Editor-ProcGenCity-4985.dll!AChecker::SetNewBranchDirection() [c:\users\kevin\documents\github\honours-project\procgencity\source\procgencity\checker.cpp:114]
[2019.02.26-21.18.05:983][275]LogWindows: Error: [Callstack] 0x00007ffa5a4e8902 UE4Editor-ProcGenCity-4985.dll!AChecker::SpawnBranch() [c:\users\kevin\documents\github\honours-project\procgencity\source\procgencity\checker.cpp:98]
[2019.02.26-21.18.05:983][275]LogWindows: Error: [Callstack] 0x00007ffa5a4e7f28 UE4Editor-ProcGenCity-4985.dll!AChecker::GlobalGoals() [c:\users\kevin\documents\github\honours-project\procgencity\source\procgencity\checker.cpp:87]
[2019.02.26-21.18.05:983][275]LogWindows: Error: [Callstack] 0x00007ffa89514eff UE4Editor-Engine.dll!UnknownFunction []
[2019.02.26-21.18.05:983][275]LogWindows: Error: [Callstack] 0x00007ffa895187c4 UE4Editor-Engine.dll!UnknownFunction []
[2019.02.26-21.18.05:983][275]LogWindows: Error: [Callstack] 0x00007ffa895376f3 UE4Editor-Engine.dll!UnknownFunction []
[2019.02.26-21.18.05:983][275]LogWindows: Error: [Callstack] 0x00007ffa89e7f646 UE4Editor-Engine.dll!UnknownFunction []
[2019.02.26-21.18.05:983][275]LogWindows: Error: [Callstack] 0x00007ffa89e7fc87 UE4Editor-Engine.dll!UnknownFunction []
[2019.02.26-21.18.05:983][275]LogWindows: Error: [Callstack] 0x00007ffa5a4e5727 UE4Editor-ProcGenCity-4985.dll!ABranch::SpawnUp() [c:\users\kevin\documents\github\honours-project\procgencity\source\procgencity\branch.cpp:117]
[2019.02.26-21.18.05:983][275]LogWindows: Error: [Callstack] 0x00007ffa5a4e84cd UE4Editor-ProcGenCity-4985.dll!AChecker::SetNewBranchDirection() [c:\users\kevin\documents\github\honours-project\procgencity\source\procgencity\checker.cpp:114]
[2019.02.26-21.18.05:983][275]LogWindows: Error: [Callstack] 0x00007ffa5a4e8902 UE4Editor-ProcGenCity-4985.dll!AChecker::SpawnBranch() [c:\users\kevin\documents\github\honours-project\procgencity\source\procgencity\checker.cpp:98]
[2019.02.26-21.18.05:983][275]LogWindows: Error: [Callstack] 0x00007ffa5a4e7f28 UE4Editor-ProcGenCity-4985.dll!AChecker::GlobalGoals() [c:\users\kevin\documents\github\honours-project\procgencity\source\procgencity\checker.cpp:87]
[2019.02.26-21.18.05:983][275]LogWindows: Error: [Callstack] 0x00007ffa89514eff UE4Editor-Engine.dll!UnknownFunction []
[2019.02.26-21.18.05:983][275]LogWindows: Error: [Callstack] 0x00007ffa895187c4 UE4Editor-Engine.dll!UnknownFunction []
[2019.02.26-21.18.05:983][275]LogWindows: Error: [Callstack] 0x00007ffa895376f3 UE4Editor-Engine.dll!UnknownFunction []
[2019.02.26-21.18.05:983][275]LogWindows: Error: [Callstack] 0x00007ffa89e7f646 UE4Editor-Engine.dll!UnknownFunction []
[2019.02.26-21.18.05:983][275]LogWindows: Error: [Callstack] 0x00007ffa89e7fc87 UE4Editor-Engine.dll!UnknownFunction []
[2019.02.26-21.18.05:983][275]LogWindows: Error: [Callstack] 0x00007ffa5a4e5727 UE4Editor-ProcGenCity-4985.dll!ABranch::SpawnUp() [c:\users\kevin\documents\github\honours-project\procgencity\source\procgencity\branch.cpp:117]
[2019.02.26-21.18.05:983][275]LogWindows: Error: [Callstack] 0x00007ffa5a4e84cd UE4Editor-ProcGenCity-4985.dll!AChecker::SetNewBranchDirection() [c:\users\kevin\documents\github\honours-project\procgencity\source\procgencity\checker.cpp:114]
[2019.02.26-21.18.05:983][275]LogWindows: Error: [Callstack] 0x00007ffa5a4e8902 UE4Editor-ProcGenCity-4985.dll!AChecker::SpawnBranch() [c:\users\kevin\documents\github\honours-project\procgencity\source\procgencity\checker.cpp:98]
[2019.02.26-21.18.05:983][275]LogWindows: Error: [Callstack] 0x00007ffa5a4e7f28 UE4Editor-ProcGenCity-4985.dll!AChecker::GlobalGoals() [c:\users\kevin\documents\github\honours-project\procgencity\source\procgencity\checker.cpp:87]
[2019.02.26-21.18.05:983][275]LogWindows: Error: [Callstack] 0x00007ffa89514eff UE4Editor-Engine.dll!UnknownFunction []
[2019.02.26-21.18.05:983][275]LogWindows: Error: [Callstack] 0x00007ffa895187c4 UE4Editor-Engine.dll!UnknownFunction []
[2019.02.26-21.18.05:983][275]LogWindows: Error: [Callstack] 0x00007ffa895376f3 UE4Editor-Engine.dll!UnknownFunction []
[2019.02.26-21.18.05:983][275]LogWindows: Error: [Callstack] 0x00007ffa89e7f646 UE4Editor-Engine.dll!UnknownFunction []
[2019.02.26-21.18.05:983][275]LogWindows: Error: [Callstack] 0x00007ffa89e7fc87 UE4Editor-Engine.dll!UnknownFunction []
[2019.02.26-21.18.05:983][275]LogWindows: Error: [Callstack] 0x00007ffa5a4e5727 UE4Editor-ProcGenCity-4985.dll!ABranch::SpawnUp() [c:\users\kevin\documents\github\honours-project\procgencity\source\procgencity\branch.cpp:117]
[2019.02.26-21.18.05:983][275]LogWindows: Error: [Callstack] 0x00007ffa5a4e84cd UE4Editor-ProcGenCity-4985.dll!AChecker::SetNewBranchDirection() [c:\users\kevin\documents\github\honours-project\procgencity\source\procgencity\checker.cpp:114]
[2019.02.26-21.18.05:983][275]LogWindows: Error: [Callstack] 0x00007ffa5a4e8902 UE4Editor-ProcGenCity-4985.dll!AChecker::SpawnBranch() [c:\users\kevin\documents\github\honours-project\procgencity\source\procgencity\checker.cpp:98]
[2019.02.26-21.18.05:983][275]LogWindows: Error: [Callstack] 0x00007ffa5a4e7f28 UE4Editor-ProcGenCity-4985.dll!AChecker::GlobalGoals() [c:\users\kevin\documents\github\honours-project\procgencity\source\procgencity\checker.cpp:87]
[2019.02.26-21.18.05:983][275]LogWindows: Error: [Callstack] 0x00007ffa89514eff UE4Editor-Engine.dll!UnknownFunction []
[2019.02.26-21.18.05:983][275]LogWindows: Error: [Callstack] 0x00007ffa895187c4 UE4Editor-Engine.dll!UnknownFunction []
[2019.02.26-21.18.05:983][275]LogWindows: Error: [Callstack] 0x00007ffa895376f3 UE4Editor-Engine.dll!UnknownFunction []
[2019.02.26-21.18.05:983][275]LogWindows: Error: [Callstack] 0x00007ffa89e7f646 UE4Editor-Engine.dll!UnknownFunction []
[2019.02.26-21.18.05:983][275]LogWindows: Error: [Callstack] 0x00007ffa89e7fc87 UE4Editor-Engine.dll!UnknownFunction []
[2019.02.26-21.18.05:983][275]LogWindows: Error: [Callstack] 0x00007ffa5a4e5727 UE4Editor-ProcGenCity-4985.dll!ABranch::SpawnUp() [c:\users\kevin\documents\github\honours-project\procgencity\source\procgencity\branch.cpp:117]
[2019.02.26-21.18.05:983][275]LogWindows: Error: [Callstack] 0x00007ffa5a4e84cd UE4Editor-ProcGenCity-4985.dll!AChecker::SetNewBranchDirection() [c:\users\kevin\documents\github\honours-project\procgencity\source\procgencity\checker.cpp:114]
[2019.02.26-21.18.05:983][275]LogWindows: Error: [Callstack] 0x00007ffa5a4e8902 UE4Editor-ProcGenCity-4985.dll!AChecker::SpawnBranch() [c:\users\kevin\documents\github\honours-project\procgencity\source\procgencity\checker.cpp:98]
[2019.02.26-21.18.05:983][275]LogWindows: Error: [Callstack] 0x00007ffa5a4e7f28 UE4Editor-ProcGenCity-4985.dll!AChecker::GlobalGoals() [c:\users\kevin\documents\github\honours-project\procgencity\source\procgencity\checker.cpp:87]
[2019.02.26-21.18.05:983][275]LogWindows: Error: [Callstack] 0x00007ffa89514eff UE4Editor-Engine.dll!UnknownFunction []
[2019.02.26-21.18.05:983][275]LogWindows: Error: [Callstack] 0x00007ffa895187c4 UE4Editor-Engine.dll!UnknownFunction []
[2019.02.26-21.18.05:983][275]LogWindows: Error: [Callstack] 0x00007ffa895376f3 UE4Editor-Engine.dll!UnknownFunction []
[2019.02.26-21.18.05:983][275]LogWindows: Error: [Callstack] 0x00007ffa89e7f646 UE4Editor-Engine.dll!UnknownFunction []
[2019.02.26-21.18.05:983][275]LogWindows: Error: [Callstack] 0x00007ffa89e7fc87 UE4Editor-Engine.dll!UnknownFunction []
[2019.02.26-21.18.05:983][275]LogWindows: Error: [Callstack] 0x00007ffa5a4e5727 UE4Editor-ProcGenCity-4985.dll!ABranch::SpawnUp() [c:\users\kevin\documents\github\honours-project\procgencity\source\procgencity\branch.cpp:117]
[2019.02.26-21.18.05:983][275]LogWindows: Error: [Callstack] 0x00007ffa5a4e84cd UE4Editor-ProcGenCity-4985.dll!AChecker::SetNewBranchDirection() [c:\users\kevin\documents\github\honours-project\procgencity\source\procgencity\checker.cpp:114]
[2019.02.26-21.18.05:983][275]LogWindows: Error: [Callstack] 0x00007ffa5a4e8902 UE4Editor-ProcGenCity-4985.dll!AChecker::SpawnBranch() [c:\users\kevin\documents\github\honours-project\procgencity\source\procgencity\checker.cpp:98]
[2019.02.26-21.18.05:983][275]LogWindows: Error: [Callstack] 0x00007ffa5a4e7f28 UE4Editor-ProcGenCity-4985.dll!AChecker::GlobalGoals() [c:\users\kevin\documents\github\honours-project\procgencity\source\procgencity\checker.cpp:87]
[2019.02.26-21.18.05:983][275]LogWindows: Error: [Callstack] 0x00007ffa89514eff UE4Editor-Engine.dll!UnknownFunction []
[2019.02.26-21.18.05:983][275]LogWindows: Error: [Callstack] 0x00007ffa895187c4 UE4Editor-Engine.dll!UnknownFunction []
[2019.02.26-21.18.05:983][275]LogWindows: Error: [Callstack] 0x00007ffa895376f3 UE4Editor-Engine.dll!UnknownFunction []
[2019.02.26-21.18.05:983][275]LogWindows: Error: [Callstack] 0x00007ffa89e7f646 UE4Editor-Engine.dll!UnknownFunction []
[2019.02.26-21.18.05:983][275]LogWindows: Error: [Callstack] 0x00007ffa89e7fc87 UE4Editor-Engine.dll!UnknownFunction []
[2019.02.26-21.18.05:983][275]LogWindows: Error: [Callstack] 0x00007ffa5a4e5727 UE4Editor-ProcGenCity-4985.dll!ABranch::SpawnUp() [c:\users\kevin\documents\github\honours-project\procgencity\source\procgencity\branch.cpp:117]
[2019.02.26-21.18.05:983][275]LogWindows: Error: [Callstack] 0x00007ffa5a4e84cd UE4Editor-ProcGenCity-4985.dll!AChecker::SetNewBranchDirection() [c:\users\kevin\documents\github\honours-project\procgencity\source\procgencity\checker.cpp:114]
[2019.02.26-21.18.05:983][275]LogWindows: Error: [Callstack] 0x00007ffa5a4e8902 UE4Editor-ProcGenCity-4985.dll!AChecker::SpawnBranch() [c:\users\kevin\documents\github\honours-project\procgencity\source\procgencity\checker.cpp:98]
[2019.02.26-21.18.05:983][275]LogWindows: Error: [Callstack] 0x00007ffa5a4e7f28 UE4Editor-ProcGenCity-4985.dll!AChecker::GlobalGoals() [c:\users\kevin\documents\github\honours-project\procgencity\source\procgencity\checker.cpp:87]
[2019.02.26-21.18.05:983][275]LogWindows: Error: [Callstack] 0x00007ffa89514eff UE4Editor-Engine.dll!UnknownFunction []
[2019.02.26-21.18.05:983][275]LogWindows: Error: [Callstack] 0x00007ffa895187c4 UE4Editor-Engine.dll!UnknownFunction []
[2019.02.26-21.18.05:983][275]LogWindows: Error: [Callstack] 0x00007ffa895376f3 UE4Editor-Engine.dll!UnknownFunction []
[2019.02.26-21.18.05:983][275]LogWindows: Error: 
[2019.02.26-21.18.06:003][275]LogExit: Executing StaticShutdownAfterError
[2019.02.26-21.18.06:008][275]LogWindows: FPlatformMisc::RequestExit(1)
[2019.02.26-21.18.06:013][275]Log file closed, 02/26/19 21:18:06
