Log file open, 12/11/18 13:45:13
LogWindows: Failed to load 'aqProf.dll' (GetLastError=126)
LogWindows: File 'aqProf.dll' does not exist
LogWindows: Failed to load 'VSPerf140.dll' (GetLastError=126)
LogWindows: File 'VSPerf140.dll' does not exist
LogWindows: Failed to load 'VtuneApi.dll' (GetLastError=126)
LogWindows: File 'VtuneApi.dll' does not exist
LogWindows: Failed to load 'VtuneApi32e.dll' (GetLastError=126)
LogWindows: File 'VtuneApi32e.dll' does not exist
LogInit: Display: Running engine for game: ProcGenCity
LogPlatformFile: Not using cached read wrapper
LogTaskGraph: Started task graph with 5 named threads and 23 total threads with 3 sets of task threads.
LogStats: Stats thread started at 0.608518
LogD3D11RHI: Loaded GFSDK_Aftermath_Lib.x64.dll
LogICUInternationalization: Display: ICU TimeZone Detection - Raw Offset: +0:00, Platform Override: ''
LogPluginManager: Mounting plugin Paper2D
LogPluginManager: Mounting plugin AISupport
LogPluginManager: Mounting plugin LightPropagationVolume
LogPluginManager: Mounting plugin CLionSourceCodeAccess
LogPluginManager: Mounting plugin CodeLiteSourceCodeAccess
LogPluginManager: Mounting plugin GitSourceControl
LogPluginManager: Mounting plugin KDevelopSourceCodeAccess
LogPluginManager: Mounting plugin NullSourceCodeAccess
LogPluginManager: Mounting plugin PerforceSourceControl
LogPluginManager: Mounting plugin SubversionSourceControl
LogPluginManager: Mounting plugin UObjectPlugin
LogPluginManager: Mounting plugin VisualStudioCodeSourceCodeAccess
LogPluginManager: Mounting plugin VisualStudioSourceCodeAccess
LogPluginManager: Mounting plugin XCodeSourceCodeAccess
LogPluginManager: Mounting plugin AssetManagerEditor
LogPluginManager: Mounting plugin CryptoKeys
LogPluginManager: Mounting plugin DataValidation
LogPluginManager: Mounting plugin FacialAnimation
LogPluginManager: Mounting plugin GameplayTagsEditor
LogPluginManager: Mounting plugin MacGraphicsSwitching
LogPluginManager: Mounting plugin MeshEditor
LogPluginManager: Mounting plugin MobileLauncherProfileWizard
LogPluginManager: Mounting plugin PluginBrowser
LogPluginManager: Mounting plugin SpeedTreeImporter
LogPluginManager: Mounting plugin DatasmithContent
LogPluginManager: Mounting plugin AlembicImporter
LogPluginManager: Mounting plugin AppleImageUtils
LogPluginManager: Mounting plugin AppleVision
LogPluginManager: Mounting plugin BackChannel
LogPluginManager: Mounting plugin CharacterAI
LogPluginManager: Mounting plugin GeometryCache
LogPluginManager: Mounting plugin HTML5Networking
LogPluginManager: Mounting plugin ProxyLODPlugin
LogPluginManager: Mounting plugin MagicLeap
LogPluginManager: Mounting plugin MagicLeapEmulator
LogPluginManager: Mounting plugin MagicLeapMedia
LogPluginManager: Mounting plugin AndroidMedia
LogPluginManager: Mounting plugin AvfMedia
LogPluginManager: Mounting plugin ImgMedia
LogPluginManager: Mounting plugin LinearTimecode
LogPluginManager: Mounting plugin MediaCompositing
LogPluginManager: Mounting plugin MediaPlayerEditor
LogPluginManager: Mounting plugin WmfMedia
LogPluginManager: Mounting plugin TcpMessaging
LogPluginManager: Mounting plugin UdpMessaging
LogPluginManager: Mounting plugin ActorSequence
LogPluginManager: Mounting plugin LevelSequenceEditor
LogPluginManager: Mounting plugin MatineeToLevelSequence
LogPluginManager: Mounting plugin NetcodeUnitTest
LogPluginManager: Mounting plugin NUTUnrealEngine4
LogPluginManager: Mounting plugin OnlineSubsystemGooglePlay
LogPluginManager: Mounting plugin OnlineSubsystemIOS
LogPluginManager: Mounting plugin OnlineSubsystem
LogPluginManager: Mounting plugin OnlineSubsystemNull
LogPluginManager: Mounting plugin OnlineSubsystemUtils
LogPluginManager: Mounting plugin LauncherChunkInstaller
LogPluginManager: Mounting plugin AndroidDeviceProfileSelector
LogPluginManager: Mounting plugin AndroidMoviePlayer
LogPluginManager: Mounting plugin AndroidPermission
LogPluginManager: Mounting plugin AppleMoviePlayer
LogPluginManager: Mounting plugin ArchVisCharacter
LogPluginManager: Mounting plugin AudioCapture
LogPluginManager: Mounting plugin CableComponent
LogPluginManager: Mounting plugin CustomMeshComponent
LogPluginManager: Mounting plugin EditableMesh
LogPluginManager: Mounting plugin ExampleDeviceProfileSelector
LogPluginManager: Mounting plugin GoogleCloudMessaging
LogPluginManager: Mounting plugin ImmediatePhysics
LogPluginManager: Mounting plugin IOSDeviceProfileSelector
LogPluginManager: Mounting plugin LinuxDeviceProfileSelector
LogPluginManager: Mounting plugin LocationServicesBPLibrary
LogPluginManager: Mounting plugin MobilePatchingUtils
LogPluginManager: Mounting plugin OculusVR
LogPluginManager: Plugin shader directory ../../../Engine/Plugins/Runtime/Oculus/OculusVR/Shaders found
LogPluginManager: Mapping shader source directory ../../../Engine/Plugins/Runtime/Oculus/OculusVR/Shaders to virtual directory /Plugin/OculusVR
LogPluginManager: Mounting plugin PhysXVehicles
LogPluginManager: Mounting plugin ProceduralMeshComponent
LogPluginManager: Mounting plugin RuntimePhysXCooking
LogPluginManager: Mounting plugin SteamVR
LogPluginManager: Mounting plugin WindowsMoviePlayer
LogStreaming: Display: Took  0.378s to configure plugins.
LogInit: Using libcurl 7.55.1-DEV
LogInit:  - built for x86_64-pc-win32
LogInit:  - supports SSL with OpenSSL/1.0.2h
LogInit:  - supports HTTP deflate (compression) using libz 1.2.8
LogInit:  - other features:
LogInit:      CURL_VERSION_SSL
LogInit:      CURL_VERSION_LIBZ
LogInit:      CURL_VERSION_IPV6
LogInit:      CURL_VERSION_ASYNCHDNS
LogInit:      CURL_VERSION_LARGEFILE
LogInit:      CURL_VERSION_IDN
LogInit:  CurlRequestOptions (configurable via config and command line):
LogInit:  - bVerifyPeer = false  - Libcurl will NOT verify peer certificate
LogInit:  - bUseHttpProxy = false  - Libcurl will NOT use HTTP proxy
LogInit:  - bDontReuseConnections = false  - Libcurl will reuse connections
LogInit:  - CertBundlePath = nullptr  - Libcurl will use whatever was configured at build time.
LogInit:  - MaxHostConnections = 16  - Libcurl will limit the number of connections to a host
LogInit:  - LocalHostAddr = Default
LogInit:  - BufferSize = 65536
LogInit: WinSock: version 1.1 (2.2), MaxSocks=32767, MaxUdp=65467
LogInit: Build: ++UE4+Release-4.20-CL-4369336
LogInit: Engine Version: 4.20.3-4369336+++UE4+Release-4.20
LogInit: Compatible Engine Version: 4.20.0-4212847+++UE4+Release-4.20
LogInit: Net CL: 4212847
LogInit: OS: Windows 10 (), CPU: Intel(R) Core(TM) i7-8550U CPU @ 1.80GHz, GPU: Intel(R) UHD Graphics 620
LogInit: Compiled (64-bit): Sep 17 2018 12:26:19
LogInit: Compiled with Visual C++: 19.13.26129.00
LogInit: Build Configuration: Development
LogInit: Branch Name: ++UE4+Release-4.20
LogInit: Command Line:  
LogInit: Base Directory: C:/Program Files/Epic Games/UE_4.20/Engine/Binaries/Win64/
LogInit: Installed Engine Build: 1
LogDevObjectVersion: Number of dev versions registered: 20
LogDevObjectVersion:   Dev-Blueprints (B0D832E4-1F89-4F0D-ACCF-7EB736FD4AA2): 10
LogDevObjectVersion:   Dev-Build (E1C64328-A22C-4D53-A36C-8E866417BD8C): 0
LogDevObjectVersion:   Dev-Core (375EC13C-06E4-48FB-B500-84F0262A717E): 2
LogDevObjectVersion:   Dev-Editor (E4B068ED-F494-42E9-A231-DA0B2E46BB41): 24
LogDevObjectVersion:   Dev-Framework (CFFC743F-43B0-4480-9391-14DF171D2073): 34
LogDevObjectVersion:   Dev-Mobile (B02B49B5-BB20-44E9-A304-32B752E40360): 2
LogDevObjectVersion:   Dev-Networking (A4E4105C-59A1-49B5-A7C5-40C4547EDFEE): 0
LogDevObjectVersion:   Dev-Online (39C831C9-5AE6-47DC-9A44-9C173E1C8E7C): 0
LogDevObjectVersion:   Dev-Physics (78F01B33-EBEA-4F98-B9B4-84EACCB95AA2): 0
LogDevObjectVersion:   Dev-Platform (6631380F-2D4D-43E0-8009-CF276956A95A): 0
LogDevObjectVersion:   Dev-Rendering (12F88B9F-8875-4AFC-A67C-D90C383ABD29): 26
LogDevObjectVersion:   Dev-Sequencer (7B5AE74C-D270-4C10-A958-57980B212A5A): 9
LogDevObjectVersion:   Dev-VR (D7296918-1DD6-4BDD-9DE2-64A83CC13884): 2
LogDevObjectVersion:   Dev-LoadTimes (C2A15278-BFE7-4AFE-6C17-90FF531DF755): 1
LogDevObjectVersion:   Private-Geometry (6EACA3D4-40EC-4CC1-B786-8BED09428FC5): 3
LogDevObjectVersion:   Dev-AnimPhys (29E575DD-E0A3-4627-9D10-D276232CDCEA): 17
LogDevObjectVersion:   Dev-ReflectionCapture (6B266CEC-1EC7-4B8F-A30B-E4D90942FC07): 1
LogDevObjectVersion:   Dev-Automation (0DF73D61-A23F-47EA-B727-89E90C41499A): 1
LogDevObjectVersion:   FortniteMain (601D1886-AC64-4F84-AA16-D3DE0DEAC7D6): 12
LogDevObjectVersion:   Dev-Enterprise (9DFFBCD6-494F-0158-E221-12823C92A888): 1
LogStreaming: Display: Took  0.003s to delete old logs.
LogInit: Presizing for max 8388607 objects, including 0 objects not considered by GC, pre-allocating 0 bytes for permanent pool.
LogInit: Object subsystem initialized
[2018.12.11-13.45.16:449][  0]LogInit: Selected Device Profile: [Windows]
[2018.12.11-13.45.16:450][  0]LogInit: Applying CVar settings loaded from the selected device profile: [Windows]
[2018.12.11-13.45.16:528][  0]LogHAL: Display: Platform has ~ 16 GB [17058729984 / 17179869184 / 16], which maps to Larger [LargestMinGB=32, LargerMinGB=12, DefaultMinGB=8, SmallerMinGB=6, SmallestMinGB=0)
[2018.12.11-13.45.16:528][  0]LogInit: Setting Device Profile CVar: [[r.Vulkan.UseRealUBs:1]]
[2018.12.11-13.45.16:528][  0]LogInit: Going up to parent DeviceProfile []
[2018.12.11-13.45.16:543][  0]LogInit: Computer: LAPTOP-TLBN2SQS
[2018.12.11-13.45.16:543][  0]LogInit: User: kevin
[2018.12.11-13.45.16:543][  0]LogInit: CPU Page size=4096, Cores=4
[2018.12.11-13.45.16:543][  0]LogInit: High frequency timer resolution =1.945312 MHz
[2018.12.11-13.45.16:543][  0]LogMemory: Memory total: Physical=15.9GB (16GB approx)
[2018.12.11-13.45.16:543][  0]LogMemory: Platform Memory Stats for Windows
[2018.12.11-13.45.16:543][  0]LogMemory: Process Physical Memory: 100.18 MB used, 100.18 MB peak
[2018.12.11-13.45.16:543][  0]LogMemory: Process Virtual Memory: 90.82 MB used, 90.82 MB peak
[2018.12.11-13.45.16:543][  0]LogMemory: Physical Memory: 5504.20 MB used,  10764.27 MB free, 16268.47 MB total
[2018.12.11-13.45.16:543][  0]LogMemory: Virtual Memory: 4640.04 MB used,  10764.27 MB free, 134217728.00 MB total
[2018.12.11-13.45.17:103][  0]LogInit: Using OS detected language (en-GB).
[2018.12.11-13.45.17:104][  0]LogInit: Using OS detected locale (en-GB).
[2018.12.11-13.45.17:106][  0]LogTextLocalizationManager: No specific localization for 'en-GB' exists, so the 'en' localization will be used.
[2018.12.11-13.45.18:186][  0]LogStreaming: Display: Took  1.083s to InitEngineTextLocalization.
[2018.12.11-13.45.18:186][  0]LogInit: Setting process to per monitor DPI aware
[2018.12.11-13.45.18:546][  0]LogSlate: New Slate User Created.  User Index 0, Is Virtual User: 0
[2018.12.11-13.45.18:546][  0]LogSlate: Slate User Registered.  User Index 0, Is Virtual User: 0
[2018.12.11-13.45.26:177][  0]LogHMD: Failed to initialize OpenVR with code 110
[2018.12.11-13.45.26:177][  0]LogD3D11RHI: D3D11 adapters:
[2018.12.11-13.45.27:363][  0]LogD3D11RHI:    0. 'NVIDIA GeForce MX150' (Feature Level 11_0)
[2018.12.11-13.45.27:363][  0]LogD3D11RHI:       4027/0/8134 MB DedicatedVideo/DedicatedSystem/SharedSystem, Outputs:1, VendorId:0x10de
[2018.12.11-13.45.27:413][  0]LogD3D11RHI:    1. 'Intel(R) UHD Graphics 620' (Feature Level 11_0)
[2018.12.11-13.45.27:413][  0]LogD3D11RHI:       128/0/8134 MB DedicatedVideo/DedicatedSystem/SharedSystem, Outputs:0, VendorId:0x8086
[2018.12.11-13.45.27:421][  0]LogD3D11RHI:    2. 'Microsoft Basic Render Driver' (Feature Level 11_0)
[2018.12.11-13.45.27:421][  0]LogD3D11RHI:       0/0/8134 MB DedicatedVideo/DedicatedSystem/SharedSystem, Outputs:0, VendorId:0x1414
[2018.12.11-13.45.27:421][  0]LogD3D11RHI: Chosen D3D11 Adapter: 0
[2018.12.11-13.45.27:484][  0]LogD3D11RHI: Creating new Direct3DDevice
[2018.12.11-13.45.27:484][  0]LogD3D11RHI:     GPU DeviceId: 0x1d10 (for the marketing name, search the web for "GPU Device Id")
[2018.12.11-13.45.27:484][  0]LogWindows: EnumDisplayDevices:
[2018.12.11-13.45.27:485][  0]LogWindows:    0. 'Intel(R) UHD Graphics 620' (P:1 D:1)
[2018.12.11-13.45.27:485][  0]LogWindows:    1. 'Intel(R) UHD Graphics 620' (P:0 D:0)
[2018.12.11-13.45.27:486][  0]LogWindows:    2. 'Intel(R) UHD Graphics 620' (P:0 D:0)
[2018.12.11-13.45.27:486][  0]LogWindows: DebugString: PrimaryIsNotTheChoosenAdapter PrimaryIsNotTheChoosenAdapter PrimaryIsNotTheChoosenAdapter FoundDriverCount:0 
[2018.12.11-13.45.27:486][  0]LogD3D11RHI:     Adapter Name: NVIDIA GeForce MX150
[2018.12.11-13.45.27:486][  0]LogD3D11RHI:   Driver Version: Unknown (internal:Unknown, unified:Unknown)
[2018.12.11-13.45.27:486][  0]LogD3D11RHI:      Driver Date: Unknown
[2018.12.11-13.45.27:487][  0]LogRHI: Texture pool is 2819 MB (70% of 4027 MB)
[2018.12.11-13.45.27:616][  0]LogD3D11RHI: Async texture creation enabled
[2018.12.11-13.45.27:645][  0]LogD3D11RHI: GPU Timing Frequency: 1000.000000 (Debug: 2 2)
[2018.12.11-13.45.27:648][  0]LogShaderCompilers: Guid format shader working directory is -28 characters bigger than the processId version (../../../../../../Users/kevin/Documents/GitHub/Honours-Project/ProcGenCity/Intermediate/Shaders/WorkingDirectory/1948/).
[2018.12.11-13.45.27:648][  0]LogShaderCompilers: Cleaned the shader compiler working directory 'C:/Users/kevin/AppData/Local/Temp/UnrealShaderWorkingDir/8E80D4A04FC6946404DC2288FE9CE219/'.
[2018.12.11-13.45.29:384][  0]LogTemp: Display: Loaded TP AllDesktopTargetPlatform
[2018.12.11-13.45.29:485][  0]LogTemp: Display: Loaded TP MacClientTargetPlatform
[2018.12.11-13.45.29:577][  0]LogTemp: Display: Loaded TP MacNoEditorTargetPlatform
[2018.12.11-13.45.29:655][  0]LogTemp: Display: Loaded TP MacServerTargetPlatform
[2018.12.11-13.45.29:758][  0]LogTemp: Display: Loaded TP MacTargetPlatform
[2018.12.11-13.45.29:863][  0]LogTemp: Display: Loaded TP WindowsClientTargetPlatform
[2018.12.11-13.45.29:956][  0]LogTemp: Display: Loaded TP WindowsNoEditorTargetPlatform
[2018.12.11-13.45.30:042][  0]LogTemp: Display: Loaded TP WindowsServerTargetPlatform
[2018.12.11-13.45.30:109][  0]LogTemp: Display: Loaded TP WindowsTargetPlatform
[2018.12.11-13.45.30:392][  0]LogTemp: Display: Loaded TP AndroidTargetPlatform
[2018.12.11-13.45.30:392][  0]LogTemp: Display: Loaded TP AndroidTargetPlatform
[2018.12.11-13.45.30:392][  0]LogTemp: Display: Loaded TP AndroidTargetPlatform
[2018.12.11-13.45.30:392][  0]LogTemp: Display: Loaded TP AndroidTargetPlatform
[2018.12.11-13.45.30:392][  0]LogTemp: Display: Loaded TP AndroidTargetPlatform
[2018.12.11-13.45.30:392][  0]LogTemp: Display: Loaded TP AndroidTargetPlatform
[2018.12.11-13.45.30:392][  0]LogTemp: Display: Loaded TP AndroidTargetPlatform
[2018.12.11-13.45.30:393][  0]LogTemp: Display: Loaded TP AndroidTargetPlatform
[2018.12.11-13.45.30:393][  0]LogTemp: Display: Loaded TP AndroidTargetPlatform
[2018.12.11-13.45.30:393][  0]LogTemp: Display: Loaded TP AndroidTargetPlatform
[2018.12.11-13.45.30:393][  0]LogTemp: Display: Loaded TP AndroidTargetPlatform
[2018.12.11-13.45.30:393][  0]LogTemp: Display: Loaded TP AndroidTargetPlatform
[2018.12.11-13.45.30:393][  0]LogTemp: Display: Loaded TP AndroidTargetPlatform
[2018.12.11-13.45.30:393][  0]LogTemp: Display: Loaded TP AndroidTargetPlatform
[2018.12.11-13.45.30:393][  0]LogTemp: Display: Loaded TP AndroidTargetPlatform
[2018.12.11-13.45.30:393][  0]LogTemp: Display: Loaded TP AndroidTargetPlatform
[2018.12.11-13.45.30:393][  0]LogTemp: Display: Loaded TP AndroidTargetPlatform
[2018.12.11-13.45.30:393][  0]LogTemp: Display: Loaded TP AndroidTargetPlatform
[2018.12.11-13.45.30:453][  0]LogTemp: Display: Loaded TP HTML5TargetPlatform
[2018.12.11-13.45.30:753][  0]LogTemp: Display: Loaded TP IOSTargetPlatform
[2018.12.11-13.45.30:753][  0]LogTemp: Display: Loaded TP IOSTargetPlatform
[2018.12.11-13.45.30:883][  0]LogTemp: Display: Loaded TP TVOSTargetPlatform
[2018.12.11-13.45.30:883][  0]LogTemp: Display: Loaded TP TVOSTargetPlatform
[2018.12.11-13.45.30:976][  0]LogTemp: Display: Loaded TP LinuxClientTargetPlatform
[2018.12.11-13.45.31:060][  0]LogTemp: Display: Loaded TP LinuxNoEditorTargetPlatform
[2018.12.11-13.45.31:143][  0]LogTemp: Display: Loaded TP LinuxServerTargetPlatform
[2018.12.11-13.45.31:245][  0]LogTemp: Display: Loaded TP LinuxTargetPlatform
[2018.12.11-13.45.31:339][  0]LogTemp: Display: Loaded TP LuminTargetPlatform
[2018.12.11-13.45.31:340][  0]LogTargetPlatformManager: Display: Building Assets For Windows
[2018.12.11-13.45.32:785][  0]LogXGEController: Cleaning working directory: C:/Users/kevin/AppData/Local/Temp/UnrealXGEWorkingDir/
[2018.12.11-13.45.32:785][  0]LogXGEController: Cannot use XGE Controller as Incredibuild is not installed on this machine.
[2018.12.11-13.45.32:785][  0]LogShaderCompilers: Cannot use XGE Shader Compiler as Incredibuild is not installed on this machine.
[2018.12.11-13.45.32:785][  0]LogShaderCompilers: Display: Using Local Shader Compiler.
[2018.12.11-13.45.38:176][  0]LogDerivedDataCache: Display: Max Cache Size: 512 MB
[2018.12.11-13.45.38:732][  0]LogDerivedDataCache: Loaded boot cache 0.56s 71MB C:/Users/kevin/AppData/Local/UnrealEngine/4.20/DerivedDataCache/Boot.ddc.
[2018.12.11-13.45.38:733][  0]LogDerivedDataCache: Display: Loaded Boot cache: C:/Users/kevin/AppData/Local/UnrealEngine/4.20/DerivedDataCache/Boot.ddc
[2018.12.11-13.45.38:734][  0]LogDerivedDataCache: FDerivedDataBackendGraph:  Pak pak cache file ../../../../../../Users/kevin/Documents/GitHub/Honours-Project/ProcGenCity/DerivedDataCache/DDC.ddp not found, will not use a pak cache.
[2018.12.11-13.45.38:734][  0]LogDerivedDataCache: Unable to find inner node Pak for hierarchical cache Hierarchy.
[2018.12.11-13.45.38:734][  0]LogDerivedDataCache: FDerivedDataBackendGraph:  CompressedPak pak cache file ../../../../../../Users/kevin/Documents/GitHub/Honours-Project/ProcGenCity/DerivedDataCache/Compressed.ddp not found, will not use a pak cache.
[2018.12.11-13.45.38:734][  0]LogDerivedDataCache: Unable to find inner node CompressedPak for hierarchical cache Hierarchy.
[2018.12.11-13.45.38:797][  0]LogDerivedDataCache: Display: Pak cache opened for reading ../../../Engine/DerivedDataCache/Compressed.ddp.
[2018.12.11-13.45.38:811][  0]LogDerivedDataCache: Using Local data cache path C:/Users/kevin/AppData/Local/UnrealEngine/Common/DerivedDataCache: Writable
[2018.12.11-13.45.38:811][  0]LogDerivedDataCache: Shared data cache path not found in *engine.ini, will not use an Shared cache.
[2018.12.11-13.45.38:811][  0]LogDerivedDataCache: Unable to find inner node Shared for hierarchical cache Hierarchy.
[2018.12.11-13.45.38:858][  0]LogMaterial: Verifying Global Shaders for PCD3D_SM5
[2018.12.11-13.45.38:861][  0]LogSlate: Using FreeType 2.6.0
[2018.12.11-13.45.38:903][  0]LogSlate: SlateFontServices - WITH_FREETYPE: 1, WITH_HARFBUZZ: 1
[2018.12.11-13.45.40:014][  0]LogAssetRegistry: FAssetRegistry took 0.0341 seconds to start up
[2018.12.11-13.45.40:856][  0]LogInit: Selected Device Profile: [Windows]
[2018.12.11-13.45.42:111][  0]LogSimplygon: Simplygon DLL not present - disabling.
[2018.12.11-13.45.42:398][  0]LogMeshReduction: Using SimplygonSwarm for distributed automatic mesh merging
[2018.12.11-13.45.42:398][  0]LogMeshReduction: Using ProxyLODMeshReduction for automatic mesh merging
[2018.12.11-13.45.42:398][  0]LogMeshReduction: Using QuadricMeshReduction for automatic static mesh reduction
[2018.12.11-13.45.42:398][  0]LogMeshReduction: No automatic skeletal mesh reduction module available
[2018.12.11-13.45.42:518][  0]LogNetVersion: ProcGenCity 1.0.0, NetCL: 4212847, EngineNetVer: 5, GameNetVer: 0 (Checksum: 2895139612)
[2018.12.11-13.45.46:006][  0]LogPackageLocalizationCache: Processed 11 localized package path(s) for 2 prioritized culture(s) in 0.310822 seconds
[2018.12.11-13.45.46:020][  0]LogUObjectArray: 38425 objects as part of root set at end of initial load.
[2018.12.11-13.45.46:020][  0]LogUObjectAllocator: 6690864 out of 0 bytes used by permanent object pool.
[2018.12.11-13.45.46:020][  0]LogUObjectArray: CloseDisregardForGC: 0/0 objects in disregard for GC pool
[2018.12.11-13.45.56:621][  0]LogTcpMessaging: Initializing TcpMessaging bridge
[2018.12.11-13.45.56:689][  0]LogUdpMessaging: Initializing bridge on interface 0.0.0.0:0 to multicast group 230.0.0.1:6666.
[2018.12.11-13.45.58:173][  0]SourceControl: Source control is disabled
[2018.12.11-13.45.58:174][  0]SourceControl: Source control is disabled
[2018.12.11-13.45.58:350][  0]SourceControl: Source control is disabled
[2018.12.11-13.45.58:413][  0]SourceControl: Source control is disabled
[2018.12.11-13.46.01:020][  0]LogAndroidPermission: UAndroidPermissionCallbackProxy::GetInstance
[2018.12.11-13.46.01:442][  0]LogOcInput: OculusInput pre-init called
[2018.12.11-13.46.02:000][  0]LogEngine: Initializing Engine...
[2018.12.11-13.46.02:002][  0]LogHMD: Failed to initialize OpenVR with code 110
[2018.12.11-13.46.02:007][  0]LogStats: UGameplayTagsManager::ConstructGameplayTagTree: ImportINI prefixes -  0.000 s
[2018.12.11-13.46.02:007][  0]LogStats: UGameplayTagsManager::ConstructGameplayTagTree: Construct from data asset -  0.000 s
[2018.12.11-13.46.02:007][  0]LogStats: UGameplayTagsManager::ConstructGameplayTagTree: ImportINI -  0.000 s
[2018.12.11-13.46.02:007][  0]LogStats: UGameplayTagsManager::ConstructGameplayTagTree: GameplayTagTreeChangedEvent.Broadcast -  0.000 s
[2018.12.11-13.46.03:162][  0]LogInit: Initializing FReadOnlyCVARCache
[2018.12.11-13.46.03:259][  0]LogAIModule: Creating AISystem for world Untitled
[2018.12.11-13.46.03:278][  0]LogInit: XAudio2 using 'Speaker/Headphone (Realtek High Definition Audio(SST))' : 2 channels at 48 kHz using 32 bits per sample (channel mask 0x3)
[2018.12.11-13.46.03:332][  0]LogInit: FAudioDevice initialized.
[2018.12.11-13.46.03:333][  0]LogNetVersion: Set ProjectVersion to 1.0.0.0. Version Checksum will be recalculated on next use.
[2018.12.11-13.46.03:478][  0]LogDerivedDataCache: Saved boot cache 0.15s 71MB C:/Users/kevin/AppData/Local/UnrealEngine/4.20/DerivedDataCache/Boot.ddc.
[2018.12.11-13.46.03:520][  0]LogInit: Texture streaming: Enabled
[2018.12.11-13.46.03:750][  0]LogEngineSessionManager: EngineSessionManager initialized
[2018.12.11-13.46.03:841][  0]LogInit: Transaction tracking system initialized
[2018.12.11-13.46.04:227][  0]BlueprintLog: New page: Editor Load
[2018.12.11-13.46.06:288][  0]LocalizationService: Localization service is disabled
[2018.12.11-13.46.09:680][  0]LogCook: Display: Max memory allowance for cook 16384mb min free memory 0mb
[2018.12.11-13.46.09:680][  0]LogCook: Display: Mobile HDR setting 1
[2018.12.11-13.46.09:680][  0]LogGameplayTags: Display: UGameplayTagsManager::DoneAddingNativeTags. DelegateIsBound: 0
[2018.12.11-13.46.09:680][  0]LogStats: UGameplayTagsManager::ConstructGameplayTagTree: ImportINI prefixes -  0.000 s
[2018.12.11-13.46.09:680][  0]LogStats: UGameplayTagsManager::ConstructGameplayTagTree: Construct from data asset -  0.000 s
[2018.12.11-13.46.09:681][  0]LogStats: UGameplayTagsManager::ConstructGameplayTagTree: ImportINI -  0.000 s
[2018.12.11-13.46.09:681][  0]LogStats: UGameplayTagsManager::ConstructGameplayTagTree: GameplayTagTreeChangedEvent.Broadcast -  0.000 s
[2018.12.11-13.46.10:547][  0]LogFileCache: Scanning file cache for directory 'C:/Users/kevin/Documents/GitHub/Honours-Project/ProcGenCity/Content/' took 0.05s
[2018.12.11-13.46.11:922][  0]SourceControl: Source control is disabled
[2018.12.11-13.46.11:923][  0]Cmd: MAP LOAD FILE="../../../../../../Users/kevin/Documents/GitHub/Honours-Project/ProcGenCity/Content/StarterContent/Maps/Minimal_Default.umap" TEMPLATE=0 SHOWPROGRESS=1 FEATURELEVEL=3
[2018.12.11-13.46.11:941][  0]LightingResults: New page: Lighting Build
[2018.12.11-13.46.11:953][  0]MapCheck: New page: Map Check
[2018.12.11-13.46.11:954][  0]LightingResults: New page: Lighting Build
[2018.12.11-13.46.13:430][  0]LogAIModule: Creating AISystem for world Minimal_Default
[2018.12.11-13.46.13:547][  0]LogActor: Warning: MyLotPlacement_C /Game/StarterContent/Maps/Minimal_Default.Minimal_Default:PersistentLevel.MyLotPlacement_C_0 has natively added scene component(s), but none of them were set as the actor's RootComponent - picking one arbitrarily
[2018.12.11-13.46.13:551][  0]LogActor: Warning: ProcMesh_C /Game/StarterContent/Maps/Minimal_Default.Minimal_Default:PersistentLevel.ProcMesh_C_0 has natively added scene component(s), but none of them were set as the actor's RootComponent - picking one arbitrarily
[2018.12.11-13.46.13:552][  0]LogActor: Warning: MyLotPlacement_C /Game/StarterContent/Maps/Minimal_Default.Minimal_Default:PersistentLevel.MyLotPlacement_C_1 has natively added scene component(s), but none of them were set as the actor's RootComponent - picking one arbitrarily
[2018.12.11-13.46.13:554][  0]LogActor: Warning: ProcMesh_C /Game/StarterContent/Maps/Minimal_Default.Minimal_Default:PersistentLevel.ProcMesh_C_1 has natively added scene component(s), but none of them were set as the actor's RootComponent - picking one arbitrarily
[2018.12.11-13.46.13:555][  0]LogActor: Warning: MyLotPlacement_C /Game/StarterContent/Maps/Minimal_Default.Minimal_Default:PersistentLevel.MyLotPlacement_C_2 has natively added scene component(s), but none of them were set as the actor's RootComponent - picking one arbitrarily
[2018.12.11-13.46.13:558][  0]LogActor: Warning: ProcMesh_C /Game/StarterContent/Maps/Minimal_Default.Minimal_Default:PersistentLevel.ProcMesh_C_2 has natively added scene component(s), but none of them were set as the actor's RootComponent - picking one arbitrarily
[2018.12.11-13.46.13:559][  0]LogActor: Warning: MyLotPlacement_C /Game/StarterContent/Maps/Minimal_Default.Minimal_Default:PersistentLevel.MyLotPlacement_C_3 has natively added scene component(s), but none of them were set as the actor's RootComponent - picking one arbitrarily
[2018.12.11-13.46.13:562][  0]LogActor: Warning: ProcMesh_C /Game/StarterContent/Maps/Minimal_Default.Minimal_Default:PersistentLevel.ProcMesh_C_3 has natively added scene component(s), but none of them were set as the actor's RootComponent - picking one arbitrarily
[2018.12.11-13.46.13:562][  0]LogActor: Warning: MyLotPlacement_C /Game/StarterContent/Maps/Minimal_Default.Minimal_Default:PersistentLevel.MyLotPlacement_C_4 has natively added scene component(s), but none of them were set as the actor's RootComponent - picking one arbitrarily
[2018.12.11-13.46.13:564][  0]LogActor: Warning: ProcMesh_C /Game/StarterContent/Maps/Minimal_Default.Minimal_Default:PersistentLevel.ProcMesh_C_4 has natively added scene component(s), but none of them were set as the actor's RootComponent - picking one arbitrarily
[2018.12.11-13.46.13:565][  0]LogActor: Warning: MyLotPlacement_C /Game/StarterContent/Maps/Minimal_Default.Minimal_Default:PersistentLevel.MyLotPlacement_C_5 has natively added scene component(s), but none of them were set as the actor's RootComponent - picking one arbitrarily
[2018.12.11-13.46.13:566][  0]LogActor: Warning: ProcMesh_C /Game/StarterContent/Maps/Minimal_Default.Minimal_Default:PersistentLevel.ProcMesh_C_5 has natively added scene component(s), but none of them were set as the actor's RootComponent - picking one arbitrarily
[2018.12.11-13.46.13:568][  0]LogActor: Warning: ProcMesh_C /Game/StarterContent/Maps/Minimal_Default.Minimal_Default:PersistentLevel.ProcMesh_C_6 has natively added scene component(s), but none of them were set as the actor's RootComponent - picking one arbitrarily
[2018.12.11-13.46.13:573][  0]LogEditorServer: Finished looking for orphan Actors (0.000 secs)
[2018.12.11-13.46.13:642][  0]Cmd: MAP CHECKDEP NOCLEARLOG
[2018.12.11-13.46.13:826][  0]MapCheck: Map check complete: 0 Error(s), 0 Warning(s), took 184.376ms to complete.
[2018.12.11-13.46.13:826][  0]LogFileHelpers: Loading map 'Minimal_Default' took 1.904
[2018.12.11-13.46.14:115][  0]LogSlate: Updating window title bar state: overlay mode, drag disabled, window buttons hidden, title bar hidden
[2018.12.11-13.46.14:133][  0]LogSlate: Updating window title bar state: overlay mode, drag disabled, window buttons hidden, title bar hidden
[2018.12.11-13.46.14:146][  0]LogSlate: Updating window title bar state: overlay mode, drag disabled, window buttons hidden, title bar hidden
[2018.12.11-13.46.14:161][  0]LogSlate: Updating window title bar state: overlay mode, drag disabled, window buttons hidden, title bar hidden
[2018.12.11-13.46.14:245][  0]LogCollectionManager: Loaded 0 collections in 0.008248 seconds
[2018.12.11-13.46.14:304][  0]LogFileCache: Scanning file cache for directory 'C:/Users/kevin/Documents/GitHub/Honours-Project/ProcGenCity/Saved/Collections/' took 0.01s
[2018.12.11-13.46.14:304][  0]LogFileCache: Scanning file cache for directory 'C:/Users/kevin/Documents/GitHub/Honours-Project/ProcGenCity/Content/Developers/kevin/Collections/' took 0.01s
[2018.12.11-13.46.14:304][  0]LogFileCache: Scanning file cache for directory 'C:/Users/kevin/Documents/GitHub/Honours-Project/ProcGenCity/Content/Collections/' took 0.01s
[2018.12.11-13.46.14:304][  0]LogCollectionManager: Rebuilt the GUID cache for 0 collections in 0.000001 seconds
[2018.12.11-13.46.14:329][  0]LogContentBrowser: Native class hierarchy populated in 0.0239 seconds. Added 2578 classes and 605 folders.
[2018.12.11-13.46.14:354][  0]LogContentBrowser: Native class hierarchy updated for 'WidgetCarousel' in 0.0018 seconds. Added 0 classes and 0 folders.
[2018.12.11-13.46.15:533][  0]LogContentBrowser: Native class hierarchy updated for 'AddContentDialog' in 0.0011 seconds. Added 0 classes and 0 folders.
[2018.12.11-13.46.15:636][  0]LogContentBrowser: Native class hierarchy updated for 'SceneOutliner' in 0.0012 seconds. Added 1 classes and 2 folders.
[2018.12.11-13.46.15:716][  0]LogSlate: Took 0.017441 seconds to synchronously load lazily loaded font '../../../Engine/Content/Slate/Fonts/Roboto-Regular.ttf' (155K)
[2018.12.11-13.46.15:737][  0]LogSlate: Took 0.014788 seconds to synchronously load lazily loaded font '../../../Engine/Content/Slate/Fonts/Roboto-Bold.ttf' (160K)
[2018.12.11-13.46.15:780][  0]LogSlate: Took 0.027117 seconds to synchronously load lazily loaded font '../../../Engine/Content/Editor/Slate/Fonts/FontAwesome.ttf' (139K)
[2018.12.11-13.46.16:233][  0]LogRenderer: Reallocating scene render targets to support 1208x576 Format 9 NumSamples 1 (Frame:1).
[2018.12.11-13.46.16:384][  0]LogSlate: Took 0.013230 seconds to synchronously load lazily loaded font '../../../Engine/Content/Slate/Fonts/Roboto-Light.ttf' (167K)
[2018.12.11-13.46.16:695][  0]LogContentBrowser: Native class hierarchy updated for 'HierarchicalLODOutliner' in 0.0016 seconds. Added 0 classes and 0 folders.
[2018.12.11-13.46.16:695][  0]LogLoad: (Engine Initialization) Total time: 70.71 seconds
[2018.12.11-13.46.16:695][  0]LogLoad: (Engine Initialization) Total Blueprint compile time: 0.00 seconds
[2018.12.11-13.46.16:729][  0]LogActor: Warning: Road /Engine/Transient.World_0:PersistentLevel.Road_0 has natively added scene component(s), but none of them were set as the actor's RootComponent - picking one arbitrarily
[2018.12.11-13.46.16:777][  0]LogContentStreaming: Texture pool size now 400 MB
[2018.12.11-13.46.16:928][  1]LogActor: Warning: LotPlacement /Engine/Transient.World_1:PersistentLevel.LotPlacement_0 has natively added scene component(s), but none of them were set as the actor's RootComponent - picking one arbitrarily
[2018.12.11-13.46.17:356][  5]LogAssetRegistry: Asset discovery search completed in 37.3664 seconds
[2018.12.11-13.46.17:362][  5]LogCollectionManager: Rebuilt the object cache for 0 collections in 0.000001 seconds (found 0 objects)
[2018.12.11-13.46.17:362][  5]LogCollectionManager: Fixed up redirectors for 0 collections in 0.000242 seconds (updated 0 objects)
