Log file open, 11/06/18 14:33:16
LogWindows: Failed to load 'aqProf.dll' (GetLastError=126)
LogWindows: File 'aqProf.dll' does not exist
LogWindows: Failed to load 'VSPerf140.dll' (GetLastError=126)
LogWindows: File 'VSPerf140.dll' does not exist
LogWindows: Failed to load 'VtuneApi.dll' (GetLastError=126)
LogWindows: File 'VtuneApi.dll' does not exist
LogWindows: Failed to load 'VtuneApi32e.dll' (GetLastError=126)
LogWindows: File 'VtuneApi32e.dll' does not exist
LogInit: Display: Running engine for game: ProcGenCity
LogPlatformFile: Not using cached read wrapper
LogTaskGraph: Started task graph with 5 named threads and 23 total threads with 3 sets of task threads.
LogStats: Stats thread started at 0.353650
LogD3D11RHI: Loaded GFSDK_Aftermath_Lib.x64.dll
LogICUInternationalization: Display: ICU TimeZone Detection - Raw Offset: +0:00, Platform Override: ''
LogPluginManager: Mounting plugin Paper2D
LogPluginManager: Mounting plugin AISupport
LogPluginManager: Mounting plugin LightPropagationVolume
LogPluginManager: Mounting plugin CLionSourceCodeAccess
LogPluginManager: Mounting plugin CodeLiteSourceCodeAccess
LogPluginManager: Mounting plugin GitSourceControl
LogPluginManager: Mounting plugin KDevelopSourceCodeAccess
LogPluginManager: Mounting plugin NullSourceCodeAccess
LogPluginManager: Mounting plugin PerforceSourceControl
LogPluginManager: Mounting plugin SubversionSourceControl
LogPluginManager: Mounting plugin UObjectPlugin
LogPluginManager: Mounting plugin VisualStudioCodeSourceCodeAccess
LogPluginManager: Mounting plugin VisualStudioSourceCodeAccess
LogPluginManager: Mounting plugin XCodeSourceCodeAccess
LogPluginManager: Mounting plugin AssetManagerEditor
LogPluginManager: Mounting plugin CryptoKeys
LogPluginManager: Mounting plugin DataValidation
LogPluginManager: Mounting plugin FacialAnimation
LogPluginManager: Mounting plugin GameplayTagsEditor
LogPluginManager: Mounting plugin MacGraphicsSwitching
LogPluginManager: Mounting plugin MeshEditor
LogPluginManager: Mounting plugin MobileLauncherProfileWizard
LogPluginManager: Mounting plugin PluginBrowser
LogPluginManager: Mounting plugin SpeedTreeImporter
LogPluginManager: Mounting plugin DatasmithContent
LogPluginManager: Mounting plugin AlembicImporter
LogPluginManager: Mounting plugin AppleImageUtils
LogPluginManager: Mounting plugin AppleVision
LogPluginManager: Mounting plugin BackChannel
LogPluginManager: Mounting plugin CharacterAI
LogPluginManager: Mounting plugin GeometryCache
LogPluginManager: Mounting plugin HTML5Networking
LogPluginManager: Mounting plugin ProxyLODPlugin
LogPluginManager: Mounting plugin MagicLeap
LogPluginManager: Mounting plugin MagicLeapEmulator
LogPluginManager: Mounting plugin MagicLeapMedia
LogPluginManager: Mounting plugin AndroidMedia
LogPluginManager: Mounting plugin AvfMedia
LogPluginManager: Mounting plugin ImgMedia
LogPluginManager: Mounting plugin LinearTimecode
LogPluginManager: Mounting plugin MediaCompositing
LogPluginManager: Mounting plugin MediaPlayerEditor
LogPluginManager: Mounting plugin WmfMedia
LogPluginManager: Mounting plugin TcpMessaging
LogPluginManager: Mounting plugin UdpMessaging
LogPluginManager: Mounting plugin ActorSequence
LogPluginManager: Mounting plugin LevelSequenceEditor
LogPluginManager: Mounting plugin MatineeToLevelSequence
LogPluginManager: Mounting plugin NetcodeUnitTest
LogPluginManager: Mounting plugin NUTUnrealEngine4
LogPluginManager: Mounting plugin OnlineSubsystemGooglePlay
LogPluginManager: Mounting plugin OnlineSubsystemIOS
LogPluginManager: Mounting plugin OnlineSubsystem
LogPluginManager: Mounting plugin OnlineSubsystemNull
LogPluginManager: Mounting plugin OnlineSubsystemUtils
LogPluginManager: Mounting plugin LauncherChunkInstaller
LogPluginManager: Mounting plugin AndroidDeviceProfileSelector
LogPluginManager: Mounting plugin AndroidMoviePlayer
LogPluginManager: Mounting plugin AndroidPermission
LogPluginManager: Mounting plugin AppleMoviePlayer
LogPluginManager: Mounting plugin ArchVisCharacter
LogPluginManager: Mounting plugin AudioCapture
LogPluginManager: Mounting plugin CableComponent
LogPluginManager: Mounting plugin CustomMeshComponent
LogPluginManager: Mounting plugin EditableMesh
LogPluginManager: Mounting plugin ExampleDeviceProfileSelector
LogPluginManager: Mounting plugin GoogleCloudMessaging
LogPluginManager: Mounting plugin ImmediatePhysics
LogPluginManager: Mounting plugin IOSDeviceProfileSelector
LogPluginManager: Mounting plugin LinuxDeviceProfileSelector
LogPluginManager: Mounting plugin LocationServicesBPLibrary
LogPluginManager: Mounting plugin MobilePatchingUtils
LogPluginManager: Mounting plugin OculusVR
LogPluginManager: Plugin shader directory ../../../Engine/Plugins/Runtime/Oculus/OculusVR/Shaders found
LogPluginManager: Mapping shader source directory ../../../Engine/Plugins/Runtime/Oculus/OculusVR/Shaders to virtual directory /Plugin/OculusVR
LogPluginManager: Mounting plugin PhysXVehicles
LogPluginManager: Mounting plugin ProceduralMeshComponent
LogPluginManager: Mounting plugin RuntimePhysXCooking
LogPluginManager: Mounting plugin SteamVR
LogPluginManager: Mounting plugin WindowsMoviePlayer
LogStreaming: Display: Took  0.347s to configure plugins.
LogInit: Using libcurl 7.55.1-DEV
LogInit:  - built for x86_64-pc-win32
LogInit:  - supports SSL with OpenSSL/1.0.2h
LogInit:  - supports HTTP deflate (compression) using libz 1.2.8
LogInit:  - other features:
LogInit:      CURL_VERSION_SSL
LogInit:      CURL_VERSION_LIBZ
LogInit:      CURL_VERSION_IPV6
LogInit:      CURL_VERSION_ASYNCHDNS
LogInit:      CURL_VERSION_LARGEFILE
LogInit:      CURL_VERSION_IDN
LogInit:  CurlRequestOptions (configurable via config and command line):
LogInit:  - bVerifyPeer = false  - Libcurl will NOT verify peer certificate
LogInit:  - bUseHttpProxy = false  - Libcurl will NOT use HTTP proxy
LogInit:  - bDontReuseConnections = false  - Libcurl will reuse connections
LogInit:  - CertBundlePath = nullptr  - Libcurl will use whatever was configured at build time.
LogInit:  - MaxHostConnections = 16  - Libcurl will limit the number of connections to a host
LogInit:  - LocalHostAddr = Default
LogInit:  - BufferSize = 65536
LogInit: WinSock: version 1.1 (2.2), MaxSocks=32767, MaxUdp=65467
LogInit: Build: ++UE4+Release-4.20-CL-4369336
LogInit: Engine Version: 4.20.3-4369336+++UE4+Release-4.20
LogInit: Compatible Engine Version: 4.20.0-4212847+++UE4+Release-4.20
LogInit: Net CL: 4212847
LogInit: OS: Windows 10 (), CPU: Intel(R) Core(TM) i7-8550U CPU @ 1.80GHz, GPU: Intel(R) UHD Graphics 620
LogInit: Compiled (64-bit): Sep 17 2018 12:26:19
LogInit: Compiled with Visual C++: 19.13.26129.00
LogInit: Build Configuration: Development
LogInit: Branch Name: ++UE4+Release-4.20
LogInit: Command Line: 
LogInit: Base Directory: C:/Program Files/Epic Games/UE_4.20/Engine/Binaries/Win64/
LogInit: Installed Engine Build: 1
LogDevObjectVersion: Number of dev versions registered: 20
LogDevObjectVersion:   Dev-Blueprints (B0D832E4-1F89-4F0D-ACCF-7EB736FD4AA2): 10
LogDevObjectVersion:   Dev-Build (E1C64328-A22C-4D53-A36C-8E866417BD8C): 0
LogDevObjectVersion:   Dev-Core (375EC13C-06E4-48FB-B500-84F0262A717E): 2
LogDevObjectVersion:   Dev-Editor (E4B068ED-F494-42E9-A231-DA0B2E46BB41): 24
LogDevObjectVersion:   Dev-Framework (CFFC743F-43B0-4480-9391-14DF171D2073): 34
LogDevObjectVersion:   Dev-Mobile (B02B49B5-BB20-44E9-A304-32B752E40360): 2
LogDevObjectVersion:   Dev-Networking (A4E4105C-59A1-49B5-A7C5-40C4547EDFEE): 0
LogDevObjectVersion:   Dev-Online (39C831C9-5AE6-47DC-9A44-9C173E1C8E7C): 0
LogDevObjectVersion:   Dev-Physics (78F01B33-EBEA-4F98-B9B4-84EACCB95AA2): 0
LogDevObjectVersion:   Dev-Platform (6631380F-2D4D-43E0-8009-CF276956A95A): 0
LogDevObjectVersion:   Dev-Rendering (12F88B9F-8875-4AFC-A67C-D90C383ABD29): 26
LogDevObjectVersion:   Dev-Sequencer (7B5AE74C-D270-4C10-A958-57980B212A5A): 9
LogDevObjectVersion:   Dev-VR (D7296918-1DD6-4BDD-9DE2-64A83CC13884): 2
LogDevObjectVersion:   Dev-LoadTimes (C2A15278-BFE7-4AFE-6C17-90FF531DF755): 1
LogDevObjectVersion:   Private-Geometry (6EACA3D4-40EC-4CC1-B786-8BED09428FC5): 3
LogDevObjectVersion:   Dev-AnimPhys (29E575DD-E0A3-4627-9D10-D276232CDCEA): 17
LogDevObjectVersion:   Dev-ReflectionCapture (6B266CEC-1EC7-4B8F-A30B-E4D90942FC07): 1
LogDevObjectVersion:   Dev-Automation (0DF73D61-A23F-47EA-B727-89E90C41499A): 1
LogDevObjectVersion:   FortniteMain (601D1886-AC64-4F84-AA16-D3DE0DEAC7D6): 12
LogDevObjectVersion:   Dev-Enterprise (9DFFBCD6-494F-0158-E221-12823C92A888): 1
LogStreaming: Display: Took  0.013s to delete old logs.
LogInit: Presizing for max 8388607 objects, including 0 objects not considered by GC, pre-allocating 0 bytes for permanent pool.
LogInit: Object subsystem initialized
[2018.11.06-14.33.16:759][  0]LogInit: Selected Device Profile: [Windows]
[2018.11.06-14.33.16:759][  0]LogInit: Applying CVar settings loaded from the selected device profile: [Windows]
[2018.11.06-14.33.16:796][  0]LogHAL: Display: Platform has ~ 16 GB [17058729984 / 17179869184 / 16], which maps to Larger [LargestMinGB=32, LargerMinGB=12, DefaultMinGB=8, SmallerMinGB=6, SmallestMinGB=0)
[2018.11.06-14.33.16:796][  0]LogInit: Setting Device Profile CVar: [[r.Vulkan.UseRealUBs:1]]
[2018.11.06-14.33.16:796][  0]LogInit: Going up to parent DeviceProfile []
[2018.11.06-14.33.16:797][  0]LogInit: Computer: LAPTOP-TLBN2SQS
[2018.11.06-14.33.16:797][  0]LogInit: User: kevin
[2018.11.06-14.33.16:797][  0]LogInit: CPU Page size=4096, Cores=4
[2018.11.06-14.33.16:797][  0]LogInit: High frequency timer resolution =1.945311 MHz
[2018.11.06-14.33.16:797][  0]LogMemory: Memory total: Physical=15.9GB (16GB approx)
[2018.11.06-14.33.16:797][  0]LogMemory: Platform Memory Stats for Windows
[2018.11.06-14.33.16:797][  0]LogMemory: Process Physical Memory: 100.91 MB used, 100.91 MB peak
[2018.11.06-14.33.16:797][  0]LogMemory: Process Virtual Memory: 92.04 MB used, 92.04 MB peak
[2018.11.06-14.33.16:798][  0]LogMemory: Physical Memory: 5571.62 MB used,  10696.86 MB free, 16268.47 MB total
[2018.11.06-14.33.16:798][  0]LogMemory: Virtual Memory: 4641.10 MB used,  10696.86 MB free, 134217728.00 MB total
[2018.11.06-14.33.16:840][  0]LogInit: Using OS detected language (en-GB).
[2018.11.06-14.33.16:840][  0]LogInit: Using OS detected locale (en-GB).
[2018.11.06-14.33.16:844][  0]LogTextLocalizationManager: No specific localization for 'en-GB' exists, so the 'en' localization will be used.
[2018.11.06-14.33.17:392][  0]LogStreaming: Display: Took  0.552s to InitEngineTextLocalization.
[2018.11.06-14.33.17:392][  0]LogInit: Setting process to per monitor DPI aware
[2018.11.06-14.33.17:461][  0]LogSlate: New Slate User Created.  User Index 0, Is Virtual User: 0
[2018.11.06-14.33.17:461][  0]LogSlate: Slate User Registered.  User Index 0, Is Virtual User: 0
[2018.11.06-14.33.17:925][  0]LogHMD: Failed to initialize OpenVR with code 110
[2018.11.06-14.33.17:925][  0]LogD3D11RHI: D3D11 adapters:
[2018.11.06-14.33.18:049][  0]LogD3D11RHI:    0. 'NVIDIA GeForce MX150' (Feature Level 11_0)
[2018.11.06-14.33.18:049][  0]LogD3D11RHI:       4027/0/8134 MB DedicatedVideo/DedicatedSystem/SharedSystem, Outputs:1, VendorId:0x10de
[2018.11.06-14.33.18:075][  0]LogD3D11RHI:    1. 'Intel(R) UHD Graphics 620' (Feature Level 11_0)
[2018.11.06-14.33.18:075][  0]LogD3D11RHI:       128/0/8134 MB DedicatedVideo/DedicatedSystem/SharedSystem, Outputs:0, VendorId:0x8086
[2018.11.06-14.33.18:079][  0]LogD3D11RHI:    2. 'Microsoft Basic Render Driver' (Feature Level 11_0)
[2018.11.06-14.33.18:079][  0]LogD3D11RHI:       0/0/8134 MB DedicatedVideo/DedicatedSystem/SharedSystem, Outputs:0, VendorId:0x1414
[2018.11.06-14.33.18:079][  0]LogD3D11RHI: Chosen D3D11 Adapter: 0
[2018.11.06-14.33.18:126][  0]LogD3D11RHI: Creating new Direct3DDevice
[2018.11.06-14.33.18:126][  0]LogD3D11RHI:     GPU DeviceId: 0x1d10 (for the marketing name, search the web for "GPU Device Id")
[2018.11.06-14.33.18:127][  0]LogWindows: EnumDisplayDevices:
[2018.11.06-14.33.18:127][  0]LogWindows:    0. 'Intel(R) UHD Graphics 620' (P:1 D:1)
[2018.11.06-14.33.18:127][  0]LogWindows:    1. 'Intel(R) UHD Graphics 620' (P:0 D:0)
[2018.11.06-14.33.18:128][  0]LogWindows:    2. 'Intel(R) UHD Graphics 620' (P:0 D:0)
[2018.11.06-14.33.18:128][  0]LogWindows: DebugString: PrimaryIsNotTheChoosenAdapter PrimaryIsNotTheChoosenAdapter PrimaryIsNotTheChoosenAdapter FoundDriverCount:0 
[2018.11.06-14.33.18:128][  0]LogD3D11RHI:     Adapter Name: NVIDIA GeForce MX150
[2018.11.06-14.33.18:128][  0]LogD3D11RHI:   Driver Version: Unknown (internal:Unknown, unified:Unknown)
[2018.11.06-14.33.18:128][  0]LogD3D11RHI:      Driver Date: Unknown
[2018.11.06-14.33.18:128][  0]LogRHI: Texture pool is 2819 MB (70% of 4027 MB)
[2018.11.06-14.33.18:191][  0]LogD3D11RHI: Async texture creation enabled
[2018.11.06-14.33.18:213][  0]LogD3D11RHI: GPU Timing Frequency: 1000.000000 (Debug: 2 2)
[2018.11.06-14.33.18:215][  0]LogShaderCompilers: Guid format shader working directory is -29 characters bigger than the processId version (../../../../../../Users/kevin/Documents/GitHub/Honours-Project/ProcGenCity/Intermediate/Shaders/WorkingDirectory/17804/).
[2018.11.06-14.33.18:215][  0]LogShaderCompilers: Cleaned the shader compiler working directory 'C:/Users/kevin/AppData/Local/Temp/UnrealShaderWorkingDir/D2EF268346AB4B91D0AC0EBCC066923A/'.
[2018.11.06-14.33.18:674][  0]LogTemp: Display: Loaded TP AllDesktopTargetPlatform
[2018.11.06-14.33.18:695][  0]LogTemp: Display: Loaded TP MacClientTargetPlatform
[2018.11.06-14.33.18:715][  0]LogTemp: Display: Loaded TP MacNoEditorTargetPlatform
[2018.11.06-14.33.18:733][  0]LogTemp: Display: Loaded TP MacServerTargetPlatform
[2018.11.06-14.33.18:751][  0]LogTemp: Display: Loaded TP MacTargetPlatform
[2018.11.06-14.33.18:774][  0]LogTemp: Display: Loaded TP WindowsClientTargetPlatform
[2018.11.06-14.33.18:792][  0]LogTemp: Display: Loaded TP WindowsNoEditorTargetPlatform
[2018.11.06-14.33.18:811][  0]LogTemp: Display: Loaded TP WindowsServerTargetPlatform
[2018.11.06-14.33.18:820][  0]LogTemp: Display: Loaded TP WindowsTargetPlatform
[2018.11.06-14.33.18:971][  0]LogTemp: Display: Loaded TP AndroidTargetPlatform
[2018.11.06-14.33.18:971][  0]LogTemp: Display: Loaded TP AndroidTargetPlatform
[2018.11.06-14.33.18:971][  0]LogTemp: Display: Loaded TP AndroidTargetPlatform
[2018.11.06-14.33.18:971][  0]LogTemp: Display: Loaded TP AndroidTargetPlatform
[2018.11.06-14.33.18:971][  0]LogTemp: Display: Loaded TP AndroidTargetPlatform
[2018.11.06-14.33.18:971][  0]LogTemp: Display: Loaded TP AndroidTargetPlatform
[2018.11.06-14.33.18:971][  0]LogTemp: Display: Loaded TP AndroidTargetPlatform
[2018.11.06-14.33.18:971][  0]LogTemp: Display: Loaded TP AndroidTargetPlatform
[2018.11.06-14.33.18:971][  0]LogTemp: Display: Loaded TP AndroidTargetPlatform
[2018.11.06-14.33.18:971][  0]LogTemp: Display: Loaded TP AndroidTargetPlatform
[2018.11.06-14.33.18:971][  0]LogTemp: Display: Loaded TP AndroidTargetPlatform
[2018.11.06-14.33.18:971][  0]LogTemp: Display: Loaded TP AndroidTargetPlatform
[2018.11.06-14.33.18:971][  0]LogTemp: Display: Loaded TP AndroidTargetPlatform
[2018.11.06-14.33.18:971][  0]LogTemp: Display: Loaded TP AndroidTargetPlatform
[2018.11.06-14.33.18:971][  0]LogTemp: Display: Loaded TP AndroidTargetPlatform
[2018.11.06-14.33.18:971][  0]LogTemp: Display: Loaded TP AndroidTargetPlatform
[2018.11.06-14.33.18:971][  0]LogTemp: Display: Loaded TP AndroidTargetPlatform
[2018.11.06-14.33.18:971][  0]LogTemp: Display: Loaded TP AndroidTargetPlatform
[2018.11.06-14.33.18:974][  0]LogTemp: Display: Loaded TP HTML5TargetPlatform
[2018.11.06-14.33.19:066][  0]LogTemp: Display: Loaded TP IOSTargetPlatform
[2018.11.06-14.33.19:066][  0]LogTemp: Display: Loaded TP IOSTargetPlatform
[2018.11.06-14.33.19:120][  0]LogTemp: Display: Loaded TP TVOSTargetPlatform
[2018.11.06-14.33.19:120][  0]LogTemp: Display: Loaded TP TVOSTargetPlatform
[2018.11.06-14.33.19:156][  0]LogTemp: Display: Loaded TP LinuxClientTargetPlatform
[2018.11.06-14.33.19:193][  0]LogTemp: Display: Loaded TP LinuxNoEditorTargetPlatform
[2018.11.06-14.33.19:223][  0]LogTemp: Display: Loaded TP LinuxServerTargetPlatform
[2018.11.06-14.33.19:266][  0]LogTemp: Display: Loaded TP LinuxTargetPlatform
[2018.11.06-14.33.19:300][  0]LogTemp: Display: Loaded TP LuminTargetPlatform
[2018.11.06-14.33.19:301][  0]LogTargetPlatformManager: Display: Building Assets For Windows
[2018.11.06-14.33.19:527][  0]LogXGEController: Cannot use XGE Controller as Incredibuild is not installed on this machine.
[2018.11.06-14.33.19:528][  0]LogShaderCompilers: Cannot use XGE Shader Compiler as Incredibuild is not installed on this machine.
[2018.11.06-14.33.19:528][  0]LogShaderCompilers: Display: Using Local Shader Compiler.
[2018.11.06-14.33.21:779][  0]LogDerivedDataCache: Display: Max Cache Size: 512 MB
[2018.11.06-14.33.21:866][  0]LogDerivedDataCache: Loaded boot cache 0.09s 71MB C:/Users/kevin/AppData/Local/UnrealEngine/4.20/DerivedDataCache/Boot.ddc.
[2018.11.06-14.33.21:867][  0]LogDerivedDataCache: Display: Loaded Boot cache: C:/Users/kevin/AppData/Local/UnrealEngine/4.20/DerivedDataCache/Boot.ddc
[2018.11.06-14.33.21:867][  0]LogDerivedDataCache: FDerivedDataBackendGraph:  Pak pak cache file ../../../../../../Users/kevin/Documents/GitHub/Honours-Project/ProcGenCity/DerivedDataCache/DDC.ddp not found, will not use a pak cache.
[2018.11.06-14.33.21:867][  0]LogDerivedDataCache: Unable to find inner node Pak for hierarchical cache Hierarchy.
[2018.11.06-14.33.21:867][  0]LogDerivedDataCache: FDerivedDataBackendGraph:  CompressedPak pak cache file ../../../../../../Users/kevin/Documents/GitHub/Honours-Project/ProcGenCity/DerivedDataCache/Compressed.ddp not found, will not use a pak cache.
[2018.11.06-14.33.21:867][  0]LogDerivedDataCache: Unable to find inner node CompressedPak for hierarchical cache Hierarchy.
[2018.11.06-14.33.21:902][  0]LogDerivedDataCache: Display: Pak cache opened for reading ../../../Engine/DerivedDataCache/Compressed.ddp.
[2018.11.06-14.33.21:915][  0]LogDerivedDataCache: Using Local data cache path C:/Users/kevin/AppData/Local/UnrealEngine/Common/DerivedDataCache: Writable
[2018.11.06-14.33.21:915][  0]LogDerivedDataCache: Shared data cache path not found in *engine.ini, will not use an Shared cache.
[2018.11.06-14.33.21:915][  0]LogDerivedDataCache: Unable to find inner node Shared for hierarchical cache Hierarchy.
[2018.11.06-14.33.21:949][  0]LogMaterial: Verifying Global Shaders for PCD3D_SM5
[2018.11.06-14.33.21:951][  0]LogSlate: Using FreeType 2.6.0
[2018.11.06-14.33.21:953][  0]LogSlate: SlateFontServices - WITH_FREETYPE: 1, WITH_HARFBUZZ: 1
[2018.11.06-14.33.22:100][  0]LogAssetRegistry: FAssetRegistry took 0.0338 seconds to start up
[2018.11.06-14.33.22:756][  0]LogInit: Selected Device Profile: [Windows]
[2018.11.06-14.33.23:095][  0]LogSimplygon: Simplygon DLL not present - disabling.
[2018.11.06-14.33.23:103][  0]LogMeshReduction: Using SimplygonSwarm for distributed automatic mesh merging
[2018.11.06-14.33.23:103][  0]LogMeshReduction: Using ProxyLODMeshReduction for automatic mesh merging
[2018.11.06-14.33.23:103][  0]LogMeshReduction: Using QuadricMeshReduction for automatic static mesh reduction
[2018.11.06-14.33.23:103][  0]LogMeshReduction: No automatic skeletal mesh reduction module available
[2018.11.06-14.33.23:144][  0]LogNetVersion: ProcGenCity 1.0.0, NetCL: 4212847, EngineNetVer: 5, GameNetVer: 0 (Checksum: 2895139612)
[2018.11.06-14.33.24:214][  0]LogPackageLocalizationCache: Processed 11 localized package path(s) for 2 prioritized culture(s) in 0.218940 seconds
[2018.11.06-14.33.24:231][  0]LogUObjectArray: 38425 objects as part of root set at end of initial load.
[2018.11.06-14.33.24:231][  0]LogUObjectAllocator: 6690864 out of 0 bytes used by permanent object pool.
[2018.11.06-14.33.24:231][  0]LogUObjectArray: CloseDisregardForGC: 0/0 objects in disregard for GC pool
[2018.11.06-14.33.26:106][  0]LogTcpMessaging: Initializing TcpMessaging bridge
[2018.11.06-14.33.26:122][  0]LogUdpMessaging: Initializing bridge on interface 0.0.0.0:0 to multicast group 230.0.0.1:6666.
[2018.11.06-14.33.26:420][  0]SourceControl: Source control is disabled
[2018.11.06-14.33.26:420][  0]SourceControl: Source control is disabled
[2018.11.06-14.33.26:424][  0]SourceControl: Source control is disabled
[2018.11.06-14.33.26:427][  0]SourceControl: Source control is disabled
[2018.11.06-14.33.26:787][  0]LogAndroidPermission: UAndroidPermissionCallbackProxy::GetInstance
[2018.11.06-14.33.26:893][  0]LogOcInput: OculusInput pre-init called
[2018.11.06-14.33.27:044][  0]LogEngine: Initializing Engine...
[2018.11.06-14.33.27:046][  0]LogHMD: Failed to initialize OpenVR with code 110
[2018.11.06-14.33.27:048][  0]LogStats: UGameplayTagsManager::ConstructGameplayTagTree: ImportINI prefixes -  0.000 s
[2018.11.06-14.33.27:048][  0]LogStats: UGameplayTagsManager::ConstructGameplayTagTree: Construct from data asset -  0.000 s
[2018.11.06-14.33.27:048][  0]LogStats: UGameplayTagsManager::ConstructGameplayTagTree: ImportINI -  0.000 s
[2018.11.06-14.33.27:048][  0]LogStats: UGameplayTagsManager::ConstructGameplayTagTree: GameplayTagTreeChangedEvent.Broadcast -  0.000 s
[2018.11.06-14.33.27:444][  0]LogInit: Initializing FReadOnlyCVARCache
[2018.11.06-14.33.27:473][  0]LogAIModule: Creating AISystem for world Untitled
[2018.11.06-14.33.27:485][  0]LogInit: XAudio2 using 'Speaker/Headphone (Realtek High Definition Audio(SST))' : 2 channels at 48 kHz using 32 bits per sample (channel mask 0x3)
[2018.11.06-14.33.28:269][  0]LogInit: FAudioDevice initialized.
[2018.11.06-14.33.28:269][  0]LogNetVersion: Set ProjectVersion to 1.0.0.0. Version Checksum will be recalculated on next use.
[2018.11.06-14.33.28:443][  0]LogDerivedDataCache: Saved boot cache 0.18s 71MB C:/Users/kevin/AppData/Local/UnrealEngine/4.20/DerivedDataCache/Boot.ddc.
[2018.11.06-14.33.28:462][  0]LogInit: Texture streaming: Enabled
[2018.11.06-14.33.28:500][  0]LogEngineSessionManager: EngineSessionManager initialized
[2018.11.06-14.33.28:525][  0]LogInit: Transaction tracking system initialized
[2018.11.06-14.33.28:597][  0]BlueprintLog: New page: Editor Load
[2018.11.06-14.33.28:812][  0]LocalizationService: Localization service is disabled
[2018.11.06-14.33.29:405][  0]LogCook: Display: Max memory allowance for cook 16384mb min free memory 0mb
[2018.11.06-14.33.29:405][  0]LogCook: Display: Mobile HDR setting 1
[2018.11.06-14.33.29:406][  0]LogGameplayTags: Display: UGameplayTagsManager::DoneAddingNativeTags. DelegateIsBound: 0
[2018.11.06-14.33.29:406][  0]LogStats: UGameplayTagsManager::ConstructGameplayTagTree: ImportINI prefixes -  0.000 s
[2018.11.06-14.33.29:406][  0]LogStats: UGameplayTagsManager::ConstructGameplayTagTree: Construct from data asset -  0.000 s
[2018.11.06-14.33.29:406][  0]LogStats: UGameplayTagsManager::ConstructGameplayTagTree: ImportINI -  0.000 s
[2018.11.06-14.33.29:406][  0]LogStats: UGameplayTagsManager::ConstructGameplayTagTree: GameplayTagTreeChangedEvent.Broadcast -  0.000 s
[2018.11.06-14.33.29:558][  0]LogFileCache: Scanning file cache for directory 'C:/Users/kevin/Documents/GitHub/Honours-Project/ProcGenCity/Content/' took 0.03s
[2018.11.06-14.33.29:733][  0]SourceControl: Source control is disabled
[2018.11.06-14.33.29:734][  0]Cmd: MAP LOAD FILE="../../../../../../Users/kevin/Documents/GitHub/Honours-Project/ProcGenCity/Content/StarterContent/Maps/Minimal_Default.umap" TEMPLATE=0 SHOWPROGRESS=1 FEATURELEVEL=3
[2018.11.06-14.33.29:734][  0]LightingResults: New page: Lighting Build
[2018.11.06-14.33.29:743][  0]MapCheck: New page: Map Check
[2018.11.06-14.33.29:744][  0]LightingResults: New page: Lighting Build
[2018.11.06-14.33.30:775][  0]LogAIModule: Creating AISystem for world Minimal_Default
[2018.11.06-14.33.30:834][  0]LogEditorServer: Finished looking for orphan Actors (0.000 secs)
[2018.11.06-14.33.30:881][  0]Cmd: MAP CHECKDEP NOCLEARLOG
[2018.11.06-14.33.31:061][  0]MapCheck: Map check complete: 0 Error(s), 0 Warning(s), took 180.104ms to complete.
[2018.11.06-14.33.31:061][  0]LogFileHelpers: Loading map 'Minimal_Default' took 1.328
[2018.11.06-14.33.31:243][  0]LogSlate: Updating window title bar state: overlay mode, drag disabled, window buttons hidden, title bar hidden
[2018.11.06-14.33.31:259][  0]LogSlate: Updating window title bar state: overlay mode, drag disabled, window buttons hidden, title bar hidden
[2018.11.06-14.33.31:271][  0]LogSlate: Updating window title bar state: overlay mode, drag disabled, window buttons hidden, title bar hidden
[2018.11.06-14.33.31:281][  0]LogSlate: Updating window title bar state: overlay mode, drag disabled, window buttons hidden, title bar hidden
[2018.11.06-14.33.31:299][  0]LogCollectionManager: Loaded 0 collections in 0.004622 seconds
[2018.11.06-14.33.31:391][  0]LogFileCache: Scanning file cache for directory 'C:/Users/kevin/Documents/GitHub/Honours-Project/ProcGenCity/Saved/Collections/' took 0.01s
[2018.11.06-14.33.31:391][  0]LogFileCache: Scanning file cache for directory 'C:/Users/kevin/Documents/GitHub/Honours-Project/ProcGenCity/Content/Developers/kevin/Collections/' took 0.01s
[2018.11.06-14.33.31:391][  0]LogFileCache: Scanning file cache for directory 'C:/Users/kevin/Documents/GitHub/Honours-Project/ProcGenCity/Content/Collections/' took 0.01s
[2018.11.06-14.33.31:391][  0]LogCollectionManager: Rebuilt the GUID cache for 0 collections in 0.000001 seconds
[2018.11.06-14.33.31:420][  0]LogContentBrowser: Native class hierarchy populated in 0.0270 seconds. Added 2575 classes and 605 folders.
[2018.11.06-14.33.31:443][  0]LogContentBrowser: Native class hierarchy updated for 'WidgetCarousel' in 0.0007 seconds. Added 0 classes and 0 folders.
[2018.11.06-14.33.31:753][  0]LogContentBrowser: Native class hierarchy updated for 'AddContentDialog' in 0.0008 seconds. Added 0 classes and 0 folders.
[2018.11.06-14.33.31:776][  0]LogContentBrowser: Native class hierarchy updated for 'SceneOutliner' in 0.0011 seconds. Added 1 classes and 2 folders.
[2018.11.06-14.33.31:858][  0]LogSlate: Took 0.000372 seconds to synchronously load lazily loaded font '../../../Engine/Content/Slate/Fonts/Roboto-Regular.ttf' (155K)
[2018.11.06-14.33.31:867][  0]LogSlate: Took 0.001869 seconds to synchronously load lazily loaded font '../../../Engine/Content/Slate/Fonts/Roboto-Bold.ttf' (160K)
[2018.11.06-14.33.31:886][  0]LogSlate: Took 0.001646 seconds to synchronously load lazily loaded font '../../../Engine/Content/Editor/Slate/Fonts/FontAwesome.ttf' (139K)
[2018.11.06-14.33.32:062][  0]LogRenderer: Reallocating scene render targets to support 1208x576 Format 9 NumSamples 1 (Frame:1).
[2018.11.06-14.33.32:338][  0]LogSlate: FSceneViewport::OnFocusLost() reason 2
[2018.11.06-14.33.32:393][  0]LogSlate: Window 'Tutorials' being destroyed
[2018.11.06-14.33.32:442][  0]LogContentBrowser: Native class hierarchy updated for 'HierarchicalLODOutliner' in 0.0010 seconds. Added 0 classes and 0 folders.
[2018.11.06-14.33.32:442][  0]LogLoad: (Engine Initialization) Total time: 19.29 seconds
[2018.11.06-14.33.32:442][  0]LogLoad: (Engine Initialization) Total Blueprint compile time: 0.00 seconds
[2018.11.06-14.33.32:453][  0]LogWindowsTextInputMethodSystem: Display: IME system now deactivated.
[2018.11.06-14.33.32:480][  0]LogContentStreaming: Texture pool size now 800 MB
[2018.11.06-14.33.32:531][  0]LogSlate: Took 0.001479 seconds to synchronously load lazily loaded font '../../../Engine/Content/Slate/Fonts/Roboto-Light.ttf' (167K)
[2018.11.06-14.33.32:598][  2]LogAssetRegistry: Asset discovery search completed in 10.5214 seconds
[2018.11.06-14.33.32:600][  2]LogCollectionManager: Rebuilt the object cache for 0 collections in 0.000001 seconds (found 0 objects)
[2018.11.06-14.33.32:600][  2]LogCollectionManager: Fixed up redirectors for 0 collections in 0.000053 seconds (updated 0 objects)
[2018.11.06-14.33.36:233][169]LogSlate: FSceneViewport::OnFocusLost() reason 0
[2018.11.06-14.33.44:964][866]LogActor: Warning: MyMyProcMesh_C /Game/StarterContent/Maps/Minimal_Default.Minimal_Default:PersistentLevel.MyMyProcMesh_C_0 has natively added scene component(s), but none of them were set as the actor's RootComponent - picking one arbitrarily
[2018.11.06-14.33.45:771][904]LogActor: Warning: MyMyProcMesh_C /Game/StarterContent/Maps/Minimal_Default.Minimal_Default:PersistentLevel.MyMyProcMesh_C_1 has natively added scene component(s), but none of them were set as the actor's RootComponent - picking one arbitrarily
[2018.11.06-14.34.00:738][519]LogSlate: FSceneViewport::OnFocusLost() reason 2
[2018.11.06-14.34.06:770][795]LogSlate: Took 0.000357 seconds to synchronously load lazily loaded font '../../../Engine/Content/Slate/Fonts/Roboto-Light.ttf' (167K)
[2018.11.06-14.34.06:783][795]LogAssetEditorManager: Opening Asset editor for Class /Script/ProcGenCity.MyProcMesh
[2018.11.06-14.36.33:907][567]LogEditorViewport: Clicking on Actor (LMB): MyMyProcMesh_C (MyMyProcMesh)
[2018.11.06-14.36.34:348][584]Cmd: DELETE
[2018.11.06-14.36.34:348][584]Cmd: ACTOR DELETE
[2018.11.06-14.36.34:390][584]LogEditorActor: Deleted Actor: MyMyProcMesh_C
[2018.11.06-14.36.34:440][584]LogEditorActor: Deleted 1 Actors (0.063 secs)
[2018.11.06-14.36.36:706][693]LogSlate: FSceneViewport::OnFocusLost() reason 0
[2018.11.06-14.36.36:913][707]LogEditor: Attempting to add actor of class 'MyProcMesh' to level at 1060.00,-80.00,140.00
[2018.11.06-14.36.36:913][707]LogActor: Warning: MyProcMesh /Game/StarterContent/Maps/Minimal_Default.Minimal_Default:PersistentLevel.MyProcMesh_0 has natively added scene component(s), but none of them were set as the actor's RootComponent - picking one arbitrarily
[2018.11.06-14.36.37:617][738]LogEditor: Attempting to add actor of class 'MyProcMesh' to level at 740.00,-10.00,140.00
[2018.11.06-14.36.37:618][738]LogActor: Warning: MyProcMesh /Game/StarterContent/Maps/Minimal_Default.Minimal_Default:PersistentLevel.MyProcMesh_1 has natively added scene component(s), but none of them were set as the actor's RootComponent - picking one arbitrarily
[2018.11.06-14.37.15:049][  2]LogSlate: FSceneViewport::OnFocusLost() reason 2
[2018.11.06-14.37.16:547][ 57]Candidate modules for hot reload:
[2018.11.06-14.37.16:547][ 57]  ProcGenCity
[2018.11.06-14.37.16:548][ 57]Launching UnrealBuildTool... [C:/Program Files/Epic Games/UE_4.20/Engine/Binaries/DotNET/UnrealBuildTool.exe  -ModuleWithSuffix=ProcGenCity,1776 Win64 Development -TargetType=Editor -Project="../../../../../../Users/kevin/Documents/GitHub/Honours-Project/ProcGenCity/ProcGenCity.uproject" -canskiplink "C:/Users/kevin/Documents/GitHub/Honours-Project/ProcGenCity/ProcGenCity.uproject" ]
[2018.11.06-14.37.16:551][ 57]Warning: Starting HotReload took  0.1s.
[2018.11.06-14.37.18:207][117]LogEditorViewport: Clicking on Actor (LMB): MyProcMesh (MyProcMesh1)
[2018.11.06-14.37.18:470][123]Cmd: DELETE
[2018.11.06-14.37.18:471][123]Cmd: ACTOR DELETE
[2018.11.06-14.37.18:488][123]LogEditorActor: Deleted Actor: MyProcMesh
[2018.11.06-14.37.18:529][123]LogEditorActor: Deleted 1 Actors (0.058 secs)
[2018.11.06-14.37.20:141][186]LogSlate: FSceneViewport::OnFocusLost() reason 0
[2018.11.06-14.37.59:844][762]CompilerResultsLog: New page: Compilation - 6 Nov 2018 14:37:59
[2018.11.06-14.37.59:844][762]CompilerResultsLog: Using 'git status' to determine working set for adaptive non-unity build.
[2018.11.06-14.37.59:844][762]CompilerResultsLog: Compiling game modules for hot reload
[2018.11.06-14.37.59:844][762]CompilerResultsLog: Parsing headers for ProcGenCityEditor
[2018.11.06-14.37.59:844][762]CompilerResultsLog:   Running UnrealHeaderTool "C:\Users\kevin\Documents\GitHub\Honours-Project\ProcGenCity\ProcGenCity.uproject" "C:\Users\kevin\Documents\GitHub\Honours-Project\ProcGenCity\Intermediate\Build\Win64\ProcGenCityEditor\Development\ProcGenCityEditor.uhtmanifest" -LogCmds="loginit warning, logexit warning, logdatabase error" -Unattended -WarningsAsErrors -installed
[2018.11.06-14.37.59:844][762]CompilerResultsLog: Reflection code generated for ProcGenCityEditor in 24.7637817 seconds
[2018.11.06-14.37.59:844][762]CompilerResultsLog: Building 4 actions with 8 processes...
[2018.11.06-14.37.59:844][762]CompilerResultsLog:   [1/4] MyProcMesh.gen.cpp
[2018.11.06-14.37.59:844][762]CompilerResultsLog:   [2/4] MyProcMesh.cpp
[2018.11.06-14.37.59:844][762]CompilerResultsLog:   [3/4] UE4Editor-ProcGenCity-1776.lib
[2018.11.06-14.37.59:844][762]CompilerResultsLog:      Creating library C:\Users\kevin\Documents\GitHub\Honours-Project\ProcGenCity\Intermediate\Build\Win64\UE4Editor\Development\ProcGenCity\UE4Editor-ProcGenCity-1776.lib and object C:\Users\kevin\Documents\GitHub\Honours-Project\ProcGenCity\Intermediate\Build\Win64\UE4Editor\Development\ProcGenCity\UE4Editor-ProcGenCity-1776.exp
[2018.11.06-14.37.59:844][762]CompilerResultsLog:   [4/4] UE4Editor-ProcGenCity-1776.dll
[2018.11.06-14.37.59:844][762]CompilerResultsLog:      Creating library C:\Users\kevin\Documents\GitHub\Honours-Project\ProcGenCity\Intermediate\Build\Win64\UE4Editor\Development\ProcGenCity\UE4Editor-ProcGenCity-1776.suppressed.lib and object C:\Users\kevin\Documents\GitHub\Honours-Project\ProcGenCity\Intermediate\Build\Win64\UE4Editor\Development\ProcGenCity\UE4Editor-ProcGenCity-1776.suppressed.exp
[2018.11.06-14.37.59:844][762]CompilerResultsLog: Total build time: 42.65 seconds (Parallel executor: 10.67 seconds)
[2018.11.06-14.37.59:844][762]LogMainFrame: MainFrame: Module compiling took 43.313 seconds
[2018.11.06-14.38.04:510][762]LogContentBrowser: Native class hierarchy updated for 'ProcGenCity' in 0.0009 seconds. Added 3 classes and 2 folders.
[2018.11.06-14.38.04:514][762]Display: HotReload successful (0 functions remapped  0 scriptstructs remapped)
[2018.11.06-14.38.04:677][762]LogContentBrowser: Native class hierarchy populated in 0.0163 seconds. Added 2576 classes and 607 folders.
[2018.11.06-14.38.04:680][762]Display: HotReload took 48.2s.
[2018.11.06-14.38.12:680][239]LogEditor: Attempting to add actor of class 'MyProcMesh' to level at 1070.00,-70.00,140.00
[2018.11.06-14.38.12:680][239]LogActor: Warning: MyProcMesh /Game/StarterContent/Maps/Minimal_Default.Minimal_Default:PersistentLevel.MyProcMesh_2 has natively added scene component(s), but none of them were set as the actor's RootComponent - picking one arbitrarily
[2018.11.06-14.38.13:642][279]LogEditor: Attempting to add actor of class 'MyProcMesh' to level at 740.00,-40.00,140.00
[2018.11.06-14.38.13:643][279]LogActor: Warning: MyProcMesh /Game/StarterContent/Maps/Minimal_Default.Minimal_Default:PersistentLevel.MyProcMesh_3 has natively added scene component(s), but none of them were set as the actor's RootComponent - picking one arbitrarily
[2018.11.06-14.38.57:792][627]LogSlate: FSceneViewport::OnFocusLost() reason 2
[2018.11.06-14.38.59:103][673]Candidate modules for hot reload:
[2018.11.06-14.38.59:103][673]  ProcGenCity
[2018.11.06-14.38.59:104][673]Launching UnrealBuildTool... [C:/Program Files/Epic Games/UE_4.20/Engine/Binaries/DotNET/UnrealBuildTool.exe  -ModuleWithSuffix=ProcGenCity,946 Win64 Development -TargetType=Editor -Project="../../../../../../Users/kevin/Documents/GitHub/Honours-Project/ProcGenCity/ProcGenCity.uproject" -canskiplink "C:/Users/kevin/Documents/GitHub/Honours-Project/ProcGenCity/ProcGenCity.uproject" ]
[2018.11.06-14.38.59:107][673]Warning: Starting HotReload took  0.1s.
[2018.11.06-14.39.07:839][ 34]Cmd: DELETE
[2018.11.06-14.39.07:839][ 34]Cmd: ACTOR DELETE
[2018.11.06-14.39.07:860][ 34]LogEditorActor: Deleted Actor: MyProcMesh
[2018.11.06-14.39.07:906][ 34]LogEditorActor: Deleted 1 Actors (0.066 secs)
[2018.11.06-14.39.29:322][960]CompilerResultsLog: New page: Compilation - 6 Nov 2018 14:39:29
[2018.11.06-14.39.29:322][960]CompilerResultsLog: Using 'git status' to determine working set for adaptive non-unity build.
[2018.11.06-14.39.29:322][960]CompilerResultsLog: Compiling game modules for hot reload
[2018.11.06-14.39.29:322][960]CompilerResultsLog: Parsing headers for ProcGenCityEditor
[2018.11.06-14.39.29:322][960]CompilerResultsLog:   Running UnrealHeaderTool "C:\Users\kevin\Documents\GitHub\Honours-Project\ProcGenCity\ProcGenCity.uproject" "C:\Users\kevin\Documents\GitHub\Honours-Project\ProcGenCity\Intermediate\Build\Win64\ProcGenCityEditor\Development\ProcGenCityEditor.uhtmanifest" -LogCmds="loginit warning, logexit warning, logdatabase error" -Unattended -WarningsAsErrors -installed
[2018.11.06-14.39.29:322][960]CompilerResultsLog: Error: C:/Users/kevin/Documents/GitHub/Honours-Project/ProcGenCity/Source/ProcGenCity/MyProcMesh.h(22)  : LogCompile: Error: Unknown variable specifier 'EditableAnywhere'
[2018.11.06-14.39.29:322][960]CompilerResultsLog: Error: C:/Users/kevin/Documents/GitHub/Honours-Project/ProcGenCity/Source/ProcGenCity/MyProcMesh.h(23)  : LogCompile: Error: Property has a Category set but is not exposed to the editor or Blueprints with EditAnywhere, BlueprintReadWrite, VisibleAnywhere, BlueprintReadOnly, BlueprintAssignable, BlueprintCallable keywords.
[2018.11.06-14.39.29:322][960]CompilerResultsLog: UnrealHeaderTool failed for target 'ProcGenCityEditor' (platform: Win64, module info: C:\Users\kevin\Documents\GitHub\Honours-Project\ProcGenCity\Intermediate\Build\Win64\ProcGenCityEditor\Development\ProcGenCityEditor.uhtmanifest).
[2018.11.06-14.39.29:322][960]LogMainFrame: MainFrame: Module compiling took 30.227 seconds
[2018.11.06-14.39.29:322][960]Warning: HotReload failed, recompile failed
[2018.11.06-14.39.58:566][ 84]Candidate modules for hot reload:
[2018.11.06-14.39.58:566][ 84]  ProcGenCity
[2018.11.06-14.39.58:567][ 84]Launching UnrealBuildTool... [C:/Program Files/Epic Games/UE_4.20/Engine/Binaries/DotNET/UnrealBuildTool.exe  -ModuleWithSuffix=ProcGenCity,6844 Win64 Development -TargetType=Editor -Project="../../../../../../Users/kevin/Documents/GitHub/Honours-Project/ProcGenCity/ProcGenCity.uproject" -canskiplink "C:/Users/kevin/Documents/GitHub/Honours-Project/ProcGenCity/ProcGenCity.uproject" ]
[2018.11.06-14.39.58:569][ 84]Warning: Starting HotReload took  0.1s.
[2018.11.06-14.40.28:812][300]CompilerResultsLog: New page: Compilation - 6 Nov 2018 14:40:28
[2018.11.06-14.40.28:812][300]CompilerResultsLog: Using 'git status' to determine working set for adaptive non-unity build.
[2018.11.06-14.40.28:812][300]CompilerResultsLog: Compiling game modules for hot reload
[2018.11.06-14.40.28:812][300]CompilerResultsLog: Parsing headers for ProcGenCityEditor
[2018.11.06-14.40.28:812][300]CompilerResultsLog:   Running UnrealHeaderTool "C:\Users\kevin\Documents\GitHub\Honours-Project\ProcGenCity\ProcGenCity.uproject" "C:\Users\kevin\Documents\GitHub\Honours-Project\ProcGenCity\Intermediate\Build\Win64\ProcGenCityEditor\Development\ProcGenCityEditor.uhtmanifest" -LogCmds="loginit warning, logexit warning, logdatabase error" -Unattended -WarningsAsErrors -installed
[2018.11.06-14.40.28:812][300]CompilerResultsLog: Error: C:/Users/kevin/Documents/GitHub/Honours-Project/ProcGenCity/Source/ProcGenCity/MyProcMesh.h(22)  : LogCompile: Error: Unknown variable specifier 'EditableAnywhere'
[2018.11.06-14.40.28:812][300]CompilerResultsLog: UnrealHeaderTool failed for target 'ProcGenCityEditor' (platform: Win64, module info: C:\Users\kevin\Documents\GitHub\Honours-Project\ProcGenCity\Intermediate\Build\Win64\ProcGenCityEditor\Development\ProcGenCityEditor.uhtmanifest).
[2018.11.06-14.40.28:812][300]LogMainFrame: MainFrame: Module compiling took 30.255 seconds
[2018.11.06-14.40.28:813][300]Warning: HotReload failed, recompile failed
[2018.11.06-14.40.42:478][610]Candidate modules for hot reload:
[2018.11.06-14.40.42:478][610]  ProcGenCity
[2018.11.06-14.40.42:480][610]Launching UnrealBuildTool... [C:/Program Files/Epic Games/UE_4.20/Engine/Binaries/DotNET/UnrealBuildTool.exe  -ModuleWithSuffix=ProcGenCity,2624 Win64 Development -TargetType=Editor -Project="../../../../../../Users/kevin/Documents/GitHub/Honours-Project/ProcGenCity/ProcGenCity.uproject" -canskiplink "C:/Users/kevin/Documents/GitHub/Honours-Project/ProcGenCity/ProcGenCity.uproject" ]
[2018.11.06-14.40.42:481][610]Warning: Starting HotReload took  0.1s.
[2018.11.06-14.41.18:071][  4]CompilerResultsLog: New page: Compilation - 6 Nov 2018 14:41:18
[2018.11.06-14.41.18:072][  4]CompilerResultsLog: Using 'git status' to determine working set for adaptive non-unity build.
[2018.11.06-14.41.18:072][  4]CompilerResultsLog: Compiling game modules for hot reload
[2018.11.06-14.41.18:072][  4]CompilerResultsLog: Parsing headers for ProcGenCityEditor
[2018.11.06-14.41.18:072][  4]CompilerResultsLog:   Running UnrealHeaderTool "C:\Users\kevin\Documents\GitHub\Honours-Project\ProcGenCity\ProcGenCity.uproject" "C:\Users\kevin\Documents\GitHub\Honours-Project\ProcGenCity\Intermediate\Build\Win64\ProcGenCityEditor\Development\ProcGenCityEditor.uhtmanifest" -LogCmds="loginit warning, logexit warning, logdatabase error" -Unattended -WarningsAsErrors -installed
[2018.11.06-14.41.18:072][  4]CompilerResultsLog: Reflection code generated for ProcGenCityEditor in 24.7971522 seconds
[2018.11.06-14.41.18:072][  4]CompilerResultsLog: Building 5 actions with 8 processes...
[2018.11.06-14.41.18:072][  4]CompilerResultsLog:   [1/5] ProcGenCity.init.gen.cpp
[2018.11.06-14.41.18:072][  4]CompilerResultsLog:   [2/5] MyProcMesh.cpp
[2018.11.06-14.41.18:072][  4]CompilerResultsLog:   [3/5] MyProcMesh.gen.cpp
[2018.11.06-14.41.18:072][  4]CompilerResultsLog:   [4/5] UE4Editor-ProcGenCity-2624.lib
[2018.11.06-14.41.18:072][  4]CompilerResultsLog:      Creating library C:\Users\kevin\Documents\GitHub\Honours-Project\ProcGenCity\Intermediate\Build\Win64\UE4Editor\Development\ProcGenCity\UE4Editor-ProcGenCity-2624.lib and object C:\Users\kevin\Documents\GitHub\Honours-Project\ProcGenCity\Intermediate\Build\Win64\UE4Editor\Development\ProcGenCity\UE4Editor-ProcGenCity-2624.exp
[2018.11.06-14.41.18:072][  4]CompilerResultsLog:   [5/5] UE4Editor-ProcGenCity-2624.dll
[2018.11.06-14.41.18:072][  4]CompilerResultsLog:      Creating library C:\Users\kevin\Documents\GitHub\Honours-Project\ProcGenCity\Intermediate\Build\Win64\UE4Editor\Development\ProcGenCity\UE4Editor-ProcGenCity-2624.suppressed.lib and object C:\Users\kevin\Documents\GitHub\Honours-Project\ProcGenCity\Intermediate\Build\Win64\UE4Editor\Development\ProcGenCity\UE4Editor-ProcGenCity-2624.suppressed.exp
[2018.11.06-14.41.18:072][  4]CompilerResultsLog: Total build time: 35.01 seconds (Parallel executor: 3.54 seconds)
[2018.11.06-14.41.18:072][  4]LogMainFrame: MainFrame: Module compiling took 35.601 seconds
[2018.11.06-14.41.21:069][  4]LogClass: Could not find existing class MyProcMesh in package /Script/ProcGenCity for HotReload, assuming new class
[2018.11.06-14.41.21:076][  4]LogHotReload: Re-instancing MyProcMesh after hot-reload.
[2018.11.06-14.41.21:162][  4]LogContentBrowser: Native class hierarchy updated for 'ProcGenCity' in 0.0008 seconds. Added 3 classes and 2 folders.
[2018.11.06-14.41.21:165][  4]Display: HotReload successful (0 functions remapped  0 scriptstructs remapped)
[2018.11.06-14.41.21:240][  4]LogContentBrowser: Native class hierarchy populated in 0.0125 seconds. Added 2576 classes and 607 folders.
[2018.11.06-14.41.21:240][  4]Display: HotReload took 38.8s.
[2018.11.06-14.41.31:297][649]LogEditor: Attempting to add actor of class 'MyProcMesh' to level at 1410.00,-170.00,190.00
[2018.11.06-14.41.31:297][649]LogActor: Warning: MyProcMesh /Game/StarterContent/Maps/Minimal_Default.Minimal_Default:PersistentLevel.MyProcMesh_0 has natively added scene component(s), but none of them were set as the actor's RootComponent - picking one arbitrarily
[2018.11.06-14.41.32:783][721]LogEditor: Attempting to add actor of class 'MyProcMesh' to level at 820.00,-110.00,140.00
[2018.11.06-14.41.32:785][721]LogActor: Warning: MyProcMesh /Game/StarterContent/Maps/Minimal_Default.Minimal_Default:PersistentLevel.MyProcMesh_2 has natively added scene component(s), but none of them were set as the actor's RootComponent - picking one arbitrarily
[2018.11.06-14.41.50:289][608]LogSlate: FSceneViewport::OnFocusLost() reason 0
[2018.11.06-14.41.53:377][768]Cmd: DELETE
[2018.11.06-14.41.53:377][768]Cmd: ACTOR DELETE
[2018.11.06-14.41.53:388][768]LogEditorActor: Deleted Actor: MyProcMesh
[2018.11.06-14.41.53:425][768]LogEditorActor: Deleted 1 Actors (0.048 secs)
[2018.11.06-14.41.55:211][859]LogSlate: FSceneViewport::OnFocusLost() reason 0
[2018.11.06-14.41.55:351][865]LogActor: Warning: MyMyProcMesh_C /Game/StarterContent/Maps/Minimal_Default.Minimal_Default:PersistentLevel.MyMyProcMesh_C_3 has natively added scene component(s), but none of them were set as the actor's RootComponent - picking one arbitrarily
[2018.11.06-14.41.56:296][910]LogActor: Warning: MyMyProcMesh_C /Game/StarterContent/Maps/Minimal_Default.Minimal_Default:PersistentLevel.MyMyProcMesh_C_4 has natively added scene component(s), but none of them were set as the actor's RootComponent - picking one arbitrarily
[2018.11.06-14.42.01:345][159]LogSlate: FSceneViewport::OnFocusLost() reason 0
[2018.11.06-14.42.22:418][527]LogSlate: Window 'Message Log' being destroyed
[2018.11.06-14.42.22:433][527]LogSlate: Window 'Message Log' being destroyed
[2018.11.06-14.42.29:190][679]LogSlate: Window 'Delete Assets' being destroyed
[2018.11.06-14.42.31:415][781]LogAssetEditorManager: Opening Asset editor for Blueprint /Game/BP/MyMyProcMesh.MyMyProcMesh
[2018.11.06-14.42.32:395][781]LogContentBrowser: Native class hierarchy updated for 'BlueprintGraph' in 0.0010 seconds. Added 116 classes and 0 folders.
[2018.11.06-14.42.33:643][781]LogActor: Warning: MyMyProcMesh_C /Engine/Transient.World_0:PersistentLevel.MyMyProcMesh_C_0 has natively added scene component(s), but none of them were set as the actor's RootComponent - picking one arbitrarily
[2018.11.06-14.42.35:860][909]LogSlate: Window 'MyMyProcMesh' being destroyed
[2018.11.06-14.42.38:519][194]LogAssetEditorManager: Opening Asset editor for Blueprint /Game/BP/MyMyProcMesh.MyMyProcMesh
[2018.11.06-14.42.39:089][194]LogActor: Warning: MyMyProcMesh_C /Engine/Transient.World_1:PersistentLevel.MyMyProcMesh_C_0 has natively added scene component(s), but none of them were set as the actor's RootComponent - picking one arbitrarily
[2018.11.06-14.42.39:096][194]LogSlate: Took 0.001630 seconds to synchronously load lazily loaded font '../../../Engine/Content/Slate/Fonts/Roboto-BoldCondensed.ttf' (158K)
[2018.11.06-14.43.33:730][538]LogSavePackage: Moving '../../../../../../Users/kevin/Documents/GitHub/Honours-Project/ProcGenCity/Saved/Minimal_Default_Auto1DEA7183242894E9A9AC9028134DFE976.tmp' to '../../../../../../Users/kevin/Documents/GitHub/Honours-Project/ProcGenCity/Saved/Autosaves/Game/StarterContent/Maps/Minimal_Default_Auto1.umap'
[2018.11.06-14.43.33:768][538]LogFileHelpers: Editor autosave (incl. sublevels) for '/Game/StarterContent/Maps/Minimal_Default' took 0.925
[2018.11.06-14.43.33:768][538]LogFileHelpers: Editor autosave (incl. sublevels) for all levels took 0.925
[2018.11.06-14.44.09:323][770]LogSlate: Window 'MyMyProcMesh' being destroyed
[2018.11.06-14.44.11:472][875]Candidate modules for hot reload:
[2018.11.06-14.44.11:472][875]  ProcGenCity
[2018.11.06-14.44.11:473][875]Launching UnrealBuildTool... [C:/Program Files/Epic Games/UE_4.20/Engine/Binaries/DotNET/UnrealBuildTool.exe  -ModuleWithSuffix=ProcGenCity,6139 Win64 Development -TargetType=Editor -Project="../../../../../../Users/kevin/Documents/GitHub/Honours-Project/ProcGenCity/ProcGenCity.uproject" -canskiplink "C:/Users/kevin/Documents/GitHub/Honours-Project/ProcGenCity/ProcGenCity.uproject" ]
[2018.11.06-14.44.11:475][875]Warning: Starting HotReload took  0.1s.
[2018.11.06-14.44.12:460][909]LogEditorViewport: Clicking on Actor (LMB): MyMyProcMesh_C (MyMyProcMesh)
[2018.11.06-14.44.12:816][919]Cmd: DELETE
[2018.11.06-14.44.12:817][919]Cmd: ACTOR DELETE
[2018.11.06-14.44.12:833][919]LogEditorActor: Deleted Actor: MyMyProcMesh_C
[2018.11.06-14.44.12:886][919]LogEditorActor: Deleted 1 Actors (0.070 secs)
[2018.11.06-14.44.45:331][305]CompilerResultsLog: New page: Compilation - 6 Nov 2018 14:44:45
[2018.11.06-14.44.45:331][305]CompilerResultsLog: Using 'git status' to determine working set for adaptive non-unity build.
[2018.11.06-14.44.45:331][305]CompilerResultsLog: Compiling game modules for hot reload
[2018.11.06-14.44.45:331][305]CompilerResultsLog: Parsing headers for ProcGenCityEditor
[2018.11.06-14.44.45:331][305]CompilerResultsLog:   Running UnrealHeaderTool "C:\Users\kevin\Documents\GitHub\Honours-Project\ProcGenCity\ProcGenCity.uproject" "C:\Users\kevin\Documents\GitHub\Honours-Project\ProcGenCity\Intermediate\Build\Win64\ProcGenCityEditor\Development\ProcGenCityEditor.uhtmanifest" -LogCmds="loginit warning, logexit warning, logdatabase error" -Unattended -WarningsAsErrors -installed
[2018.11.06-14.44.45:331][305]CompilerResultsLog: Reflection code generated for ProcGenCityEditor in 23.4496 seconds
[2018.11.06-14.44.45:331][305]CompilerResultsLog: Building 5 actions with 8 processes...
[2018.11.06-14.44.45:332][305]CompilerResultsLog:   [1/5] ProcGenCity.init.gen.cpp
[2018.11.06-14.44.45:332][305]CompilerResultsLog:   [2/5] MyProcMesh.gen.cpp
[2018.11.06-14.44.45:332][305]CompilerResultsLog:   [3/5] MyProcMesh.cpp
[2018.11.06-14.44.45:332][305]CompilerResultsLog:   [4/5] UE4Editor-ProcGenCity-6139.lib
[2018.11.06-14.44.45:332][305]CompilerResultsLog:      Creating library C:\Users\kevin\Documents\GitHub\Honours-Project\ProcGenCity\Intermediate\Build\Win64\UE4Editor\Development\ProcGenCity\UE4Editor-ProcGenCity-6139.lib and object C:\Users\kevin\Documents\GitHub\Honours-Project\ProcGenCity\Intermediate\Build\Win64\UE4Editor\Development\ProcGenCity\UE4Editor-ProcGenCity-6139.exp
[2018.11.06-14.44.45:332][305]CompilerResultsLog:   [5/5] UE4Editor-ProcGenCity-6139.dll
[2018.11.06-14.44.45:332][305]CompilerResultsLog:      Creating library C:\Users\kevin\Documents\GitHub\Honours-Project\ProcGenCity\Intermediate\Build\Win64\UE4Editor\Development\ProcGenCity\UE4Editor-ProcGenCity-6139.suppressed.lib and object C:\Users\kevin\Documents\GitHub\Honours-Project\ProcGenCity\Intermediate\Build\Win64\UE4Editor\Development\ProcGenCity\UE4Editor-ProcGenCity-6139.suppressed.exp
[2018.11.06-14.44.45:332][305]CompilerResultsLog: Total build time: 33.27 seconds (Parallel executor: 3.38 seconds)
[2018.11.06-14.44.45:332][305]LogMainFrame: MainFrame: Module compiling took 33.868 seconds
[2018.11.06-14.44.48:828][305]LogClass: Could not find existing class MyProcMesh in package /Script/ProcGenCity for HotReload, assuming new class
[2018.11.06-14.44.48:840][305]LogHotReload: Re-instancing MyProcMesh after hot-reload.
[2018.11.06-14.44.48:851][305]LogActor: Warning: MyMyProcMesh_C /Engine/Transient.World_1:PersistentLevel.MyMyProcMesh_C_0 has natively added scene component(s), but none of them were set as the actor's RootComponent - picking one arbitrarily
[2018.11.06-14.44.49:120][305]LogContentBrowser: Native class hierarchy updated for 'ProcGenCity' in 0.0009 seconds. Added 3 classes and 2 folders.
[2018.11.06-14.44.49:124][305]Display: HotReload successful (0 functions remapped  0 scriptstructs remapped)
[2018.11.06-14.44.49:585][305]LogContentBrowser: Native class hierarchy populated in 0.0122 seconds. Added 2576 classes and 607 folders.
[2018.11.06-14.44.49:585][305]Display: HotReload took 38.2s.
[2018.11.06-14.44.51:105][368]LogSlate: FSceneViewport::OnFocusLost() reason 0
[2018.11.06-14.44.53:219][487]LogActor: Warning: MyMyProcMesh_C /Game/StarterContent/Maps/Minimal_Default.Minimal_Default:PersistentLevel.MyMyProcMesh_C_6 has natively added scene component(s), but none of them were set as the actor's RootComponent - picking one arbitrarily
[2018.11.06-14.44.54:166][528]LogActor: Warning: MyMyProcMesh_C /Game/StarterContent/Maps/Minimal_Default.Minimal_Default:PersistentLevel.MyMyProcMesh_C_7 has natively added scene component(s), but none of them were set as the actor's RootComponent - picking one arbitrarily
[2018.11.06-14.44.58:057][704]LogSlate: FSceneViewport::OnFocusLost() reason 0
[2018.11.06-14.45.04:961][ 13]LogSlate: FSceneViewport::OnFocusLost() reason 0
[2018.11.06-14.45.08:112][160]Cmd: DELETE
[2018.11.06-14.45.08:112][160]Cmd: ACTOR DELETE
[2018.11.06-14.45.08:124][160]LogEditorActor: Deleted Actor: MyMyProcMesh_C
[2018.11.06-14.45.08:202][160]LogEditorActor: Deleted 1 Actors (0.090 secs)
[2018.11.06-14.45.12:742][411]LogRenderer: Reallocating scene render targets to support 1208x900 Format 9 NumSamples 1 (Frame:1).
[2018.11.06-14.45.40:637][503]LogActor: Warning: MyMyProcMesh_C /Game/StarterContent/Maps/Minimal_Default.Minimal_Default:PersistentLevel.MyMyProcMesh_C_9 has natively added scene component(s), but none of them were set as the actor's RootComponent - picking one arbitrarily
[2018.11.06-14.45.41:372][536]LogActor: Warning: MyMyProcMesh_C /Game/StarterContent/Maps/Minimal_Default.Minimal_Default:PersistentLevel.MyMyProcMesh_C_10 has natively added scene component(s), but none of them were set as the actor's RootComponent - picking one arbitrarily
[2018.11.06-14.45.45:303][717]LogSlate: FSceneViewport::OnFocusLost() reason 0
[2018.11.06-14.45.50:545][989]Cmd: CAMERA ALIGN ACTIVEVIEWPORTONLY
[2018.11.06-14.45.54:412][180]LogSlate: FSceneViewport::OnFocusLost() reason 0
[2018.11.06-14.46.09:059][979]LogSlate: Took 0.001881 seconds to synchronously load lazily loaded font '../../../Engine/Content/Slate/Fonts/Roboto-Italic.ttf' (157K)
[2018.11.06-14.46.10:329][ 44]LogSlate: FSceneViewport::OnFocusLost() reason 0
[2018.11.06-14.46.12:694][176]Cmd: DELETE
[2018.11.06-14.46.12:694][176]Cmd: ACTOR DELETE
[2018.11.06-14.46.12:704][176]LogEditorActor: Deleted Actor: MyMyProcMesh_C
[2018.11.06-14.46.12:775][176]LogEditorActor: Deleted 1 Actors (0.081 secs)
[2018.11.06-14.46.30:205][470]LogAssetEditorManager: Opening Asset editor for Class /Script/ProcGenCity.SplineNetwork
[2018.11.06-14.53.34:598][986]LogSavePackage: Moving '../../../../../../Users/kevin/Documents/GitHub/Honours-Project/ProcGenCity/Saved/Minimal_Default_Auto227EF6FF14D9397C4CDBAE48438375711.tmp' to '../../../../../../Users/kevin/Documents/GitHub/Honours-Project/ProcGenCity/Saved/Autosaves/Game/StarterContent/Maps/Minimal_Default_Auto2.umap'
[2018.11.06-14.53.34:603][986]LogFileHelpers: Editor autosave (incl. sublevels) for '/Game/StarterContent/Maps/Minimal_Default' took 0.390
[2018.11.06-14.53.34:603][986]LogFileHelpers: Editor autosave (incl. sublevels) for all levels took 0.390
[2018.11.06-14.53.34:608][986]OBJ SavePackage: Generating thumbnails for [0] asset(s) in package [/Game/BP/MyMyProcMesh] ([1] browsable assets)...
[2018.11.06-14.53.34:608][986]OBJ SavePackage: Finished generating thumbnails for package [/Game/BP/MyMyProcMesh]
[2018.11.06-14.53.34:623][986]LogSavePackage: Moving '../../../../../../Users/kevin/Documents/GitHub/Honours-Project/ProcGenCity/Saved/MyMyProcMesh_Auto26430E7AB40759C324897989994DC3136.tmp' to '../../../../../../Users/kevin/Documents/GitHub/Honours-Project/ProcGenCity/Saved/Autosaves/Game/BP/MyMyProcMesh_Auto2.uasset'
[2018.11.06-14.53.34:625][986]LogFileHelpers: Auto-saving content packages took 0.020
[2018.11.06-15.01.49:316][549]Candidate modules for hot reload:
[2018.11.06-15.01.49:316][549]  ProcGenCity
[2018.11.06-15.01.49:316][549]Launching UnrealBuildTool... [C:/Program Files/Epic Games/UE_4.20/Engine/Binaries/DotNET/UnrealBuildTool.exe  -ModuleWithSuffix=ProcGenCity,9412 Win64 Development -TargetType=Editor -Project="../../../../../../Users/kevin/Documents/GitHub/Honours-Project/ProcGenCity/ProcGenCity.uproject" -canskiplink "C:/Users/kevin/Documents/GitHub/Honours-Project/ProcGenCity/ProcGenCity.uproject" ]
[2018.11.06-15.01.49:318][549]Warning: Starting HotReload took  0.0s.
[2018.11.06-15.02.09:570][605]CompilerResultsLog: New page: Compilation - 6 Nov 2018 15:02:09
[2018.11.06-15.02.09:570][605]CompilerResultsLog: Using 'git status' to determine working set for adaptive non-unity build.
[2018.11.06-15.02.09:570][605]CompilerResultsLog: Compiling game modules for hot reload
[2018.11.06-15.02.09:570][605]CompilerResultsLog: Parsing headers for ProcGenCityEditor
[2018.11.06-15.02.09:570][605]CompilerResultsLog:   Running UnrealHeaderTool "C:\Users\kevin\Documents\GitHub\Honours-Project\ProcGenCity\ProcGenCity.uproject" "C:\Users\kevin\Documents\GitHub\Honours-Project\ProcGenCity\Intermediate\Build\Win64\ProcGenCityEditor\Development\ProcGenCityEditor.uhtmanifest" -LogCmds="loginit warning, logexit warning, logdatabase error" -Unattended -WarningsAsErrors -installed
[2018.11.06-15.02.09:570][605]CompilerResultsLog: Reflection code generated for ProcGenCityEditor in 11.8860279 seconds
[2018.11.06-15.02.09:570][605]CompilerResultsLog: Building 5 actions with 8 processes...
[2018.11.06-15.02.09:570][605]CompilerResultsLog:   [1/5] MyProcMesh.cpp
[2018.11.06-15.02.09:570][605]CompilerResultsLog:    C:\Users\kevin\Documents\GitHub\Honours-Project\ProcGenCity\Source\ProcGenCity\MyProcMesh.cpp(16) : error C3867: 'TArray<FVector,FDefaultAllocator>::Max': non-standard syntax; use '&' to create a pointer to member
[2018.11.06-15.02.09:570][605]CompilerResultsLog:    C:\Users\kevin\Documents\GitHub\Honours-Project\ProcGenCity\Source\ProcGenCity\MyProcMesh.cpp(16) : error C2446: '<': no conversion from 'int' to 'int32 (__cdecl TArray<FVector,FDefaultAllocator>::* )(void) const'
[2018.11.06-15.02.09:570][605]CompilerResultsLog:   C:\Users\kevin\Documents\GitHub\Honours-Project\ProcGenCity\Source\ProcGenCity\MyProcMesh.cpp(16): note: There are no conversions from integral values to pointer-to-member values
[2018.11.06-15.02.09:570][605]CompilerResultsLog:   [2/5] ProcGenCity.init.gen.cpp
[2018.11.06-15.02.09:570][605]CompilerResultsLog:   [3/5] MyProcMesh.gen.cpp
[2018.11.06-15.02.09:571][605]CompilerResultsLog: ERROR: UBT ERROR: Failed to produce item: C:\Users\kevin\Documents\GitHub\Honours-Project\ProcGenCity\Binaries\Win64\UE4Editor-ProcGenCity-9412.dll
[2018.11.06-15.02.09:571][605]CompilerResultsLog:        (see ../Programs/UnrealBuildTool/Log.txt for full exception trace)
[2018.11.06-15.02.09:571][605]CompilerResultsLog: Total build time: 19.93 seconds (Parallel executor: 0.00 seconds)
[2018.11.06-15.02.09:571][605]LogMainFrame: MainFrame: Module compiling took 20.261 seconds
[2018.11.06-15.02.09:571][605]Warning: HotReload failed, recompile failed
[2018.11.06-15.02.46:434][591]Candidate modules for hot reload:
[2018.11.06-15.02.46:434][591]  ProcGenCity
[2018.11.06-15.02.46:434][591]Launching UnrealBuildTool... [C:/Program Files/Epic Games/UE_4.20/Engine/Binaries/DotNET/UnrealBuildTool.exe  -ModuleWithSuffix=ProcGenCity,8763 Win64 Development -TargetType=Editor -Project="../../../../../../Users/kevin/Documents/GitHub/Honours-Project/ProcGenCity/ProcGenCity.uproject" -canskiplink "C:/Users/kevin/Documents/GitHub/Honours-Project/ProcGenCity/ProcGenCity.uproject" ]
[2018.11.06-15.02.46:436][591]Warning: Starting HotReload took  0.0s.
[2018.11.06-15.02.51:964][921]CompilerResultsLog: New page: Compilation - 6 Nov 2018 15:02:51
[2018.11.06-15.02.51:964][921]CompilerResultsLog: Using 'git status' to determine working set for adaptive non-unity build.
[2018.11.06-15.02.51:964][921]CompilerResultsLog: Compiling game modules for hot reload
[2018.11.06-15.02.51:964][921]CompilerResultsLog: Building 3 actions with 8 processes...
[2018.11.06-15.02.51:964][921]CompilerResultsLog:   [1/3] MyProcMesh.cpp
[2018.11.06-15.02.51:964][921]CompilerResultsLog:   [2/3] UE4Editor-ProcGenCity-8763.lib
[2018.11.06-15.02.51:964][921]CompilerResultsLog:      Creating library C:\Users\kevin\Documents\GitHub\Honours-Project\ProcGenCity\Intermediate\Build\Win64\UE4Editor\Development\ProcGenCity\UE4Editor-ProcGenCity-8763.lib and object C:\Users\kevin\Documents\GitHub\Honours-Project\ProcGenCity\Intermediate\Build\Win64\UE4Editor\Development\ProcGenCity\UE4Editor-ProcGenCity-8763.exp
[2018.11.06-15.02.51:964][921]CompilerResultsLog:   [3/3] UE4Editor-ProcGenCity-8763.dll
[2018.11.06-15.02.51:964][921]CompilerResultsLog:      Creating library C:\Users\kevin\Documents\GitHub\Honours-Project\ProcGenCity\Intermediate\Build\Win64\UE4Editor\Development\ProcGenCity\UE4Editor-ProcGenCity-8763.suppressed.lib and object C:\Users\kevin\Documents\GitHub\Honours-Project\ProcGenCity\Intermediate\Build\Win64\UE4Editor\Development\ProcGenCity\UE4Editor-ProcGenCity-8763.suppressed.exp
[2018.11.06-15.02.51:964][921]CompilerResultsLog: Total build time: 5.21 seconds (Parallel executor: 2.10 seconds)
[2018.11.06-15.02.51:965][921]LogMainFrame: MainFrame: Module compiling took 5.535 seconds
[2018.11.06-15.02.53:710][921]LogClass: Could not find existing class MyProcMesh in package /Script/ProcGenCity for HotReload, assuming new class
[2018.11.06-15.02.53:720][921]LogHotReload: Re-instancing MyProcMesh after hot-reload.
[2018.11.06-15.02.53:816][921]LogContentBrowser: Native class hierarchy updated for 'ProcGenCity' in 0.0005 seconds. Added 3 classes and 2 folders.
[2018.11.06-15.02.53:819][921]Display: HotReload successful (0 functions remapped  0 scriptstructs remapped)
[2018.11.06-15.02.54:113][921]LogContentBrowser: Native class hierarchy populated in 0.0090 seconds. Added 2576 classes and 607 folders.
[2018.11.06-15.02.54:113][921]Display: HotReload took  7.7s.
[2018.11.06-15.03.00:437][299]LogAssetEditorManager: Opening Asset editor for Blueprint /Game/BP/MyMyProcMesh.MyMyProcMesh
[2018.11.06-15.03.00:818][299]LogActor: Warning: MyMyProcMesh_C /Engine/Transient.World_2:PersistentLevel.MyMyProcMesh_C_0 has natively added scene component(s), but none of them were set as the actor's RootComponent - picking one arbitrarily
[2018.11.06-15.03.14:774][133]BlueprintLog: New page: Compile MyMyProcMesh
[2018.11.06-15.03.14:786][133]LogActor: Warning: MyMyProcMesh_C /Engine/Transient.World_2:PersistentLevel.MyMyProcMesh_C_0 has natively added scene component(s), but none of them were set as the actor's RootComponent - picking one arbitrarily
[2018.11.06-15.03.46:028][772]LogFileHelpers: Editor autosave (incl. sublevels) for '/Game/StarterContent/Maps/Minimal_Default' took 0.042
[2018.11.06-15.03.46:031][772]OBJ SavePackage: Generating thumbnails for [0] asset(s) in package [/Game/BP/MyMyProcMesh] ([1] browsable assets)...
[2018.11.06-15.03.46:032][772]OBJ SavePackage: Finished generating thumbnails for package [/Game/BP/MyMyProcMesh]
[2018.11.06-15.03.46:052][772]LogSavePackage: Moving '../../../../../../Users/kevin/Documents/GitHub/Honours-Project/ProcGenCity/Saved/MyMyProcMesh_Auto3B313B02646024DF434E48282DAFA0316.tmp' to '../../../../../../Users/kevin/Documents/GitHub/Honours-Project/ProcGenCity/Saved/Autosaves/Game/BP/MyMyProcMesh_Auto3.uasset'
[2018.11.06-15.03.46:054][772]LogFileHelpers: Auto-saving content packages took 0.026
[2018.11.06-15.04.24:440][291]BlueprintLog: New page: Compile MyMyProcMesh
[2018.11.06-15.04.24:452][291]LogActor: Warning: MyMyProcMesh_C /Engine/Transient.World_2:PersistentLevel.MyMyProcMesh_C_0 has natively added scene component(s), but none of them were set as the actor's RootComponent - picking one arbitrarily
[2018.11.06-15.04.27:936][492]LogActor: Warning: MyMyProcMesh_C /Game/StarterContent/Maps/Minimal_Default.Minimal_Default:PersistentLevel.MyMyProcMesh_C_12 has natively added scene component(s), but none of them were set as the actor's RootComponent - picking one arbitrarily
[2018.11.06-15.04.29:238][570]LogActor: Warning: MyMyProcMesh_C /Game/StarterContent/Maps/Minimal_Default.Minimal_Default:PersistentLevel.MyMyProcMesh_C_13 has natively added scene component(s), but none of them were set as the actor's RootComponent - picking one arbitrarily
[2018.11.06-15.04.40:472][236]Cmd: CAMERA ALIGN ACTIVEVIEWPORTONLY
[2018.11.06-15.05.35:747][929]LogSlate: FSceneViewport::OnFocusLost() reason 2
[2018.11.06-15.05.36:954][975]Candidate modules for hot reload:
[2018.11.06-15.05.36:955][975]  ProcGenCity
[2018.11.06-15.05.36:955][975]Launching UnrealBuildTool... [C:/Program Files/Epic Games/UE_4.20/Engine/Binaries/DotNET/UnrealBuildTool.exe  -ModuleWithSuffix=ProcGenCity,1103 Win64 Development -TargetType=Editor -Project="../../../../../../Users/kevin/Documents/GitHub/Honours-Project/ProcGenCity/ProcGenCity.uproject" -canskiplink "C:/Users/kevin/Documents/GitHub/Honours-Project/ProcGenCity/ProcGenCity.uproject" ]
[2018.11.06-15.05.36:956][975]Warning: Starting HotReload took  0.0s.
[2018.11.06-15.05.43:506][311]CompilerResultsLog: New page: Compilation - 6 Nov 2018 15:05:43
[2018.11.06-15.05.43:506][311]CompilerResultsLog: Using 'git status' to determine working set for adaptive non-unity build.
[2018.11.06-15.05.43:506][311]CompilerResultsLog: Compiling game modules for hot reload
[2018.11.06-15.05.43:506][311]CompilerResultsLog: Building 3 actions with 8 processes...
[2018.11.06-15.05.43:506][311]CompilerResultsLog:   [1/3] MyProcMesh.cpp
[2018.11.06-15.05.43:506][311]CompilerResultsLog:   [2/3] UE4Editor-ProcGenCity-1103.lib
[2018.11.06-15.05.43:506][311]CompilerResultsLog:      Creating library C:\Users\kevin\Documents\GitHub\Honours-Project\ProcGenCity\Intermediate\Build\Win64\UE4Editor\Development\ProcGenCity\UE4Editor-ProcGenCity-1103.lib and object C:\Users\kevin\Documents\GitHub\Honours-Project\ProcGenCity\Intermediate\Build\Win64\UE4Editor\Development\ProcGenCity\UE4Editor-ProcGenCity-1103.exp
[2018.11.06-15.05.43:506][311]CompilerResultsLog:   [3/3] UE4Editor-ProcGenCity-1103.dll
[2018.11.06-15.05.43:506][311]CompilerResultsLog:      Creating library C:\Users\kevin\Documents\GitHub\Honours-Project\ProcGenCity\Intermediate\Build\Win64\UE4Editor\Development\ProcGenCity\UE4Editor-ProcGenCity-1103.suppressed.lib and object C:\Users\kevin\Documents\GitHub\Honours-Project\ProcGenCity\Intermediate\Build\Win64\UE4Editor\Development\ProcGenCity\UE4Editor-ProcGenCity-1103.suppressed.exp
[2018.11.06-15.05.43:506][311]CompilerResultsLog: Total build time: 6.19 seconds (Parallel executor: 2.45 seconds)
[2018.11.06-15.05.43:506][311]LogMainFrame: MainFrame: Module compiling took 6.558 seconds
[2018.11.06-15.05.44:876][311]LogContentBrowser: Native class hierarchy updated for 'ProcGenCity' in 0.0005 seconds. Added 3 classes and 2 folders.
[2018.11.06-15.05.44:879][311]Display: HotReload successful (0 functions remapped  0 scriptstructs remapped)
[2018.11.06-15.05.45:171][311]LogContentBrowser: Native class hierarchy populated in 0.0092 seconds. Added 2576 classes and 607 folders.
[2018.11.06-15.05.45:171][311]Display: HotReload took  8.2s.
[2018.11.06-15.05.49:013][541]LogEditorViewport: Clicking on Actor (LMB): StaticMeshActor (Ground83)
[2018.11.06-15.05.49:647][572]Cmd: DELETE
[2018.11.06-15.05.49:647][572]Cmd: ACTOR DELETE
[2018.11.06-15.05.49:653][572]LogEditorActor: Deleted Actor: StaticMeshActor
[2018.11.06-15.05.49:702][572]LogEditorActor: Deleted 1 Actors (0.055 secs)
[2018.11.06-15.05.51:580][684]Cmd: TRANSACTION UNDO
[2018.11.06-15.05.51:580][684]LogEditorTransaction: Undo Delete Actors
[2018.11.06-15.05.53:317][779]LogSlate: FSceneViewport::OnFocusLost() reason 0
[2018.11.06-15.05.53:444][786]LogActor: Warning: MyMyProcMesh_C /Game/StarterContent/Maps/Minimal_Default.Minimal_Default:PersistentLevel.MyMyProcMesh_C_15 has natively added scene component(s), but none of them were set as the actor's RootComponent - picking one arbitrarily
[2018.11.06-15.05.54:158][826]LogActor: Warning: MyMyProcMesh_C /Game/StarterContent/Maps/Minimal_Default.Minimal_Default:PersistentLevel.MyMyProcMesh_C_16 has natively added scene component(s), but none of them were set as the actor's RootComponent - picking one arbitrarily
[2018.11.06-15.05.57:025][994]LogSlate: FSceneViewport::OnFocusLost() reason 0
[2018.11.06-15.05.57:836][ 41]LogEditorActor: Deleted Actor: MyMyProcMesh_C
[2018.11.06-15.05.57:871][ 41]LogEditorActor: Deleted 1 Actors (0.042 secs)
[2018.11.06-15.06.01:360][249]LogEditorActor: Deleted Actor: MyMyProcMesh_C
[2018.11.06-15.06.01:389][249]LogEditorActor: Deleted 1 Actors (0.035 secs)
[2018.11.06-15.06.11:020][825]LogActor: Warning: MyMyProcMesh_C /Game/StarterContent/Maps/Minimal_Default.Minimal_Default:PersistentLevel.MyMyProcMesh_C_18 has natively added scene component(s), but none of them were set as the actor's RootComponent - picking one arbitrarily
[2018.11.06-15.06.11:355][844]LogActor: Warning: MyMyProcMesh_C /Game/StarterContent/Maps/Minimal_Default.Minimal_Default:PersistentLevel.MyMyProcMesh_C_19 has natively added scene component(s), but none of them were set as the actor's RootComponent - picking one arbitrarily
[2018.11.06-15.07.09:683][338]LogSlate: FSceneViewport::OnFocusLost() reason 2
[2018.11.06-15.07.11:178][391]Candidate modules for hot reload:
[2018.11.06-15.07.11:178][391]  ProcGenCity
[2018.11.06-15.07.11:179][391]Launching UnrealBuildTool... [C:/Program Files/Epic Games/UE_4.20/Engine/Binaries/DotNET/UnrealBuildTool.exe  -ModuleWithSuffix=ProcGenCity,1116 Win64 Development -TargetType=Editor -Project="../../../../../../Users/kevin/Documents/GitHub/Honours-Project/ProcGenCity/ProcGenCity.uproject" -canskiplink "C:/Users/kevin/Documents/GitHub/Honours-Project/ProcGenCity/ProcGenCity.uproject" ]
[2018.11.06-15.07.11:180][391]Warning: Starting HotReload took  0.1s.
[2018.11.06-15.07.13:107][479]Cmd: DELETE
[2018.11.06-15.07.13:107][479]Cmd: ACTOR DELETE
[2018.11.06-15.07.13:117][479]LogEditorActor: Deleted Actor: MyMyProcMesh_C
[2018.11.06-15.07.13:146][479]LogEditorActor: Deleted 1 Actors (0.038 secs)
[2018.11.06-15.07.16:312][665]CompilerResultsLog: New page: Compilation - 6 Nov 2018 15:07:16
[2018.11.06-15.07.16:312][665]CompilerResultsLog: Using 'git status' to determine working set for adaptive non-unity build.
[2018.11.06-15.07.16:312][665]CompilerResultsLog: Compiling game modules for hot reload
[2018.11.06-15.07.16:312][665]CompilerResultsLog: Building 3 actions with 8 processes...
[2018.11.06-15.07.16:312][665]CompilerResultsLog:   [1/3] MyProcMesh.cpp
[2018.11.06-15.07.16:312][665]CompilerResultsLog:   [2/3] UE4Editor-ProcGenCity-1116.lib
[2018.11.06-15.07.16:312][665]CompilerResultsLog:      Creating library C:\Users\kevin\Documents\GitHub\Honours-Project\ProcGenCity\Intermediate\Build\Win64\UE4Editor\Development\ProcGenCity\UE4Editor-ProcGenCity-1116.lib and object C:\Users\kevin\Documents\GitHub\Honours-Project\ProcGenCity\Intermediate\Build\Win64\UE4Editor\Development\ProcGenCity\UE4Editor-ProcGenCity-1116.exp
[2018.11.06-15.07.16:312][665]CompilerResultsLog:   [3/3] UE4Editor-ProcGenCity-1116.dll
[2018.11.06-15.07.16:312][665]CompilerResultsLog:      Creating library C:\Users\kevin\Documents\GitHub\Honours-Project\ProcGenCity\Intermediate\Build\Win64\UE4Editor\Development\ProcGenCity\UE4Editor-ProcGenCity-1116.suppressed.lib and object C:\Users\kevin\Documents\GitHub\Honours-Project\ProcGenCity\Intermediate\Build\Win64\UE4Editor\Development\ProcGenCity\UE4Editor-ProcGenCity-1116.suppressed.exp
[2018.11.06-15.07.16:312][665]CompilerResultsLog: Total build time: 4.84 seconds (Parallel executor: 1.89 seconds)
[2018.11.06-15.07.16:313][665]LogMainFrame: MainFrame: Module compiling took 5.140 seconds
[2018.11.06-15.07.16:615][665]LogContentBrowser: Native class hierarchy updated for 'ProcGenCity' in 0.0004 seconds. Added 3 classes and 2 folders.
[2018.11.06-15.07.16:619][665]Display: HotReload successful (0 functions remapped  0 scriptstructs remapped)
[2018.11.06-15.07.16:930][665]LogContentBrowser: Native class hierarchy populated in 0.0085 seconds. Added 2576 classes and 607 folders.
[2018.11.06-15.07.16:930][665]Display: HotReload took  5.8s.
[2018.11.06-15.07.50:507][629]LogActor: Warning: MyMyProcMesh_C /Game/StarterContent/Maps/Minimal_Default.Minimal_Default:PersistentLevel.MyMyProcMesh_C_21 has natively added scene component(s), but none of them were set as the actor's RootComponent - picking one arbitrarily
[2018.11.06-15.07.51:069][661]LogActor: Warning: MyMyProcMesh_C /Game/StarterContent/Maps/Minimal_Default.Minimal_Default:PersistentLevel.MyMyProcMesh_C_22 has natively added scene component(s), but none of them were set as the actor's RootComponent - picking one arbitrarily
[2018.11.06-15.07.55:690][932]Cmd: DELETE
[2018.11.06-15.07.55:690][932]Cmd: ACTOR DELETE
[2018.11.06-15.07.55:697][932]LogEditorActor: Deleted Actor: MyMyProcMesh_C
[2018.11.06-15.07.55:758][932]LogEditorActor: Deleted 1 Actors (0.067 secs)
[2018.11.06-15.07.57:376][ 28]LogSlate: FSceneViewport::OnFocusLost() reason 0
[2018.11.06-15.08.14:803][531]Candidate modules for hot reload:
[2018.11.06-15.08.14:803][531]  ProcGenCity
[2018.11.06-15.08.14:803][531]Launching UnrealBuildTool... [C:/Program Files/Epic Games/UE_4.20/Engine/Binaries/DotNET/UnrealBuildTool.exe  -ModuleWithSuffix=ProcGenCity,4056 Win64 Development -TargetType=Editor -Project="../../../../../../Users/kevin/Documents/GitHub/Honours-Project/ProcGenCity/ProcGenCity.uproject" -canskiplink "C:/Users/kevin/Documents/GitHub/Honours-Project/ProcGenCity/ProcGenCity.uproject" ]
[2018.11.06-15.08.14:805][531]Warning: Starting HotReload took  0.1s.
[2018.11.06-15.08.26:621][869]CompilerResultsLog: New page: Compilation - 6 Nov 2018 15:08:26
[2018.11.06-15.08.26:621][869]CompilerResultsLog: Using 'git status' to determine working set for adaptive non-unity build.
[2018.11.06-15.08.26:622][869]CompilerResultsLog: Compiling game modules for hot reload
[2018.11.06-15.08.26:622][869]CompilerResultsLog: Building 3 actions with 8 processes...
[2018.11.06-15.08.26:622][869]CompilerResultsLog:   [1/3] MyProcMesh.cpp
[2018.11.06-15.08.26:622][869]CompilerResultsLog:   [2/3] UE4Editor-ProcGenCity-4056.lib
[2018.11.06-15.08.26:622][869]CompilerResultsLog:      Creating library C:\Users\kevin\Documents\GitHub\Honours-Project\ProcGenCity\Intermediate\Build\Win64\UE4Editor\Development\ProcGenCity\UE4Editor-ProcGenCity-4056.lib and object C:\Users\kevin\Documents\GitHub\Honours-Project\ProcGenCity\Intermediate\Build\Win64\UE4Editor\Development\ProcGenCity\UE4Editor-ProcGenCity-4056.exp
[2018.11.06-15.08.26:622][869]CompilerResultsLog:   [3/3] UE4Editor-ProcGenCity-4056.dll
[2018.11.06-15.08.26:622][869]CompilerResultsLog:      Creating library C:\Users\kevin\Documents\GitHub\Honours-Project\ProcGenCity\Intermediate\Build\Win64\UE4Editor\Development\ProcGenCity\UE4Editor-ProcGenCity-4056.suppressed.lib and object C:\Users\kevin\Documents\GitHub\Honours-Project\ProcGenCity\Intermediate\Build\Win64\UE4Editor\Development\ProcGenCity\UE4Editor-ProcGenCity-4056.suppressed.exp
[2018.11.06-15.08.26:622][869]CompilerResultsLog: Total build time: 11.49 seconds (Parallel executor: 4.01 seconds)
[2018.11.06-15.08.26:622][869]LogMainFrame: MainFrame: Module compiling took 11.825 seconds
[2018.11.06-15.08.27:006][869]LogContentBrowser: Native class hierarchy updated for 'ProcGenCity' in 0.0007 seconds. Added 3 classes and 2 folders.
[2018.11.06-15.08.27:011][869]Display: HotReload successful (0 functions remapped  0 scriptstructs remapped)
[2018.11.06-15.08.27:686][869]LogContentBrowser: Native class hierarchy populated in 0.0187 seconds. Added 2576 classes and 607 folders.
[2018.11.06-15.08.27:687][869]Display: HotReload took 12.9s.
[2018.11.06-15.08.30:557][983]LogActor: Warning: MyMyProcMesh_C /Game/StarterContent/Maps/Minimal_Default.Minimal_Default:PersistentLevel.MyMyProcMesh_C_24 has natively added scene component(s), but none of them were set as the actor's RootComponent - picking one arbitrarily
[2018.11.06-15.08.31:604][ 22]LogActor: Warning: MyMyProcMesh_C /Game/StarterContent/Maps/Minimal_Default.Minimal_Default:PersistentLevel.MyMyProcMesh_C_25 has natively added scene component(s), but none of them were set as the actor's RootComponent - picking one arbitrarily
[2018.11.06-15.09.23:157][809]LogSlate: FSceneViewport::OnFocusLost() reason 2
[2018.11.06-15.09.24:577][879]Candidate modules for hot reload:
[2018.11.06-15.09.24:577][879]  ProcGenCity
[2018.11.06-15.09.24:577][879]Launching UnrealBuildTool... [C:/Program Files/Epic Games/UE_4.20/Engine/Binaries/DotNET/UnrealBuildTool.exe  -ModuleWithSuffix=ProcGenCity,3832 Win64 Development -TargetType=Editor -Project="../../../../../../Users/kevin/Documents/GitHub/Honours-Project/ProcGenCity/ProcGenCity.uproject" -canskiplink "C:/Users/kevin/Documents/GitHub/Honours-Project/ProcGenCity/ProcGenCity.uproject" ]
[2018.11.06-15.09.24:579][879]Warning: Starting HotReload took  0.0s.
[2018.11.06-15.09.29:560][944]CompilerResultsLog: New page: Compilation - 6 Nov 2018 15:09:29
[2018.11.06-15.09.29:561][944]CompilerResultsLog: Using 'git status' to determine working set for adaptive non-unity build.
[2018.11.06-15.09.29:561][944]CompilerResultsLog: Compiling game modules for hot reload
[2018.11.06-15.09.29:561][944]CompilerResultsLog: Building 3 actions with 8 processes...
[2018.11.06-15.09.29:561][944]CompilerResultsLog:   [1/3] MyProcMesh.cpp
[2018.11.06-15.09.29:561][944]CompilerResultsLog:   [2/3] UE4Editor-ProcGenCity-3832.lib
[2018.11.06-15.09.29:561][944]CompilerResultsLog:      Creating library C:\Users\kevin\Documents\GitHub\Honours-Project\ProcGenCity\Intermediate\Build\Win64\UE4Editor\Development\ProcGenCity\UE4Editor-ProcGenCity-3832.lib and object C:\Users\kevin\Documents\GitHub\Honours-Project\ProcGenCity\Intermediate\Build\Win64\UE4Editor\Development\ProcGenCity\UE4Editor-ProcGenCity-3832.exp
[2018.11.06-15.09.29:561][944]CompilerResultsLog:   [3/3] UE4Editor-ProcGenCity-3832.dll
[2018.11.06-15.09.29:561][944]CompilerResultsLog:      Creating library C:\Users\kevin\Documents\GitHub\Honours-Project\ProcGenCity\Intermediate\Build\Win64\UE4Editor\Development\ProcGenCity\UE4Editor-ProcGenCity-3832.suppressed.lib and object C:\Users\kevin\Documents\GitHub\Honours-Project\ProcGenCity\Intermediate\Build\Win64\UE4Editor\Development\ProcGenCity\UE4Editor-ProcGenCity-3832.suppressed.exp
[2018.11.06-15.09.29:561][944]CompilerResultsLog: Total build time: 4.31 seconds (Parallel executor: 1.64 seconds)
[2018.11.06-15.09.29:561][944]LogMainFrame: MainFrame: Module compiling took 4.989 seconds
[2018.11.06-15.09.29:833][944]LogContentBrowser: Native class hierarchy updated for 'ProcGenCity' in 0.0006 seconds. Added 3 classes and 2 folders.
[2018.11.06-15.09.29:837][944]Display: HotReload successful (0 functions remapped  0 scriptstructs remapped)
[2018.11.06-15.09.30:229][944]LogContentBrowser: Native class hierarchy populated in 0.0114 seconds. Added 2576 classes and 607 folders.
[2018.11.06-15.09.30:229][944]Display: HotReload took  5.7s.
[2018.11.06-15.09.32:682][ 60]LogEditorActor: Deleted Actor: MyMyProcMesh_C
[2018.11.06-15.09.32:740][ 60]LogEditorActor: Deleted 1 Actors (0.065 secs)
[2018.11.06-15.09.34:830][180]LogActor: Warning: MyMyProcMesh_C /Game/StarterContent/Maps/Minimal_Default.Minimal_Default:PersistentLevel.MyMyProcMesh_C_27 has natively added scene component(s), but none of them were set as the actor's RootComponent - picking one arbitrarily
[2018.11.06-15.09.34:831][180]LogWindows: Windows GetLastError: The operation completed successfully. (0)
[2018.11.06-15.09.36:676][180]LogWindows: Error: === Critical error: ===
[2018.11.06-15.09.36:676][180]LogWindows: Error: 
[2018.11.06-15.09.36:676][180]LogWindows: Error: Assertion failed: (Index >= 0) & (Index < ArrayNum) [File:C:\Program Files\Epic Games\UE_4.20\Engine\Source\Runtime\Core\Public\Containers/Array.h] [Line: 611] 
[2018.11.06-15.09.36:676][180]LogWindows: Error: Array index out of bounds: 8 from an array of size 8
[2018.11.06-15.09.36:676][180]LogWindows: Error: 
[2018.11.06-15.09.36:676][180]LogWindows: Error: 
[2018.11.06-15.09.36:677][180]LogWindows: Error: [Callstack] 0x00007fffbd57a388 KERNELBASE.dll!UnknownFunction []
[2018.11.06-15.09.36:677][180]LogWindows: Error: [Callstack] 0x00007fff98866850 UE4Editor-ApplicationCore.dll!UnknownFunction []
[2018.11.06-15.09.36:677][180]LogWindows: Error: [Callstack] 0x00007fff770062fc UE4Editor-Core.dll!UnknownFunction []
[2018.11.06-15.09.36:677][180]LogWindows: Error: [Callstack] 0x00007fff76f951db UE4Editor-Core.dll!UnknownFunction []
[2018.11.06-15.09.36:677][180]LogWindows: Error: [Callstack] 0x00007fff92654e91 UE4Editor-ProcGenCity-3832.dll!AMyProcMesh::OnConstruction() [c:\users\kevin\documents\github\honours-project\procgencity\source\procgencity\myprocmesh.cpp:20]
[2018.11.06-15.09.36:677][180]LogWindows: Error: [Callstack] 0x00007fff74304eff UE4Editor-Engine.dll!UnknownFunction []
[2018.11.06-15.09.36:677][180]LogWindows: Error: [Callstack] 0x00007fff743087c4 UE4Editor-Engine.dll!UnknownFunction []
[2018.11.06-15.09.36:677][180]LogWindows: Error: [Callstack] 0x00007fff743276f3 UE4Editor-Engine.dll!UnknownFunction []
[2018.11.06-15.09.36:677][180]LogWindows: Error: [Callstack] 0x00007fff74c6f646 UE4Editor-Engine.dll!UnknownFunction []
[2018.11.06-15.09.36:677][180]LogWindows: Error: [Callstack] 0x00007fff67285b93 UE4Editor-UnrealEd.dll!UnknownFunction []
[2018.11.06-15.09.36:677][180]LogWindows: Error: [Callstack] 0x00007fff6724f37c UE4Editor-UnrealEd.dll!UnknownFunction []
[2018.11.06-15.09.36:677][180]LogWindows: Error: [Callstack] 0x00007fff66e44266 UE4Editor-UnrealEd.dll!UnknownFunction []
[2018.11.06-15.09.36:677][180]LogWindows: Error: [Callstack] 0x00007fff66de4792 UE4Editor-UnrealEd.dll!UnknownFunction []
[2018.11.06-15.09.36:677][180]LogWindows: Error: [Callstack] 0x00007fff67689c77 UE4Editor-UnrealEd.dll!UnknownFunction []
[2018.11.06-15.09.36:677][180]LogWindows: Error: [Callstack] 0x00007fff6765fe9f UE4Editor-UnrealEd.dll!UnknownFunction []
[2018.11.06-15.09.36:677][180]LogWindows: Error: [Callstack] 0x00007fff6765f577 UE4Editor-UnrealEd.dll!UnknownFunction []
[2018.11.06-15.09.36:677][180]LogWindows: Error: [Callstack] 0x00007fff66b38d9f UE4Editor-LevelEditor.dll!UnknownFunction []
[2018.11.06-15.09.36:677][180]LogWindows: Error: [Callstack] 0x00007fff66b5484e UE4Editor-LevelEditor.dll!UnknownFunction []
[2018.11.06-15.09.36:677][180]LogWindows: Error: [Callstack] 0x00007fff738c65fe UE4Editor-Slate.dll!UnknownFunction []
[2018.11.06-15.09.36:677][180]LogWindows: Error: [Callstack] 0x00007fff73961263 UE4Editor-Slate.dll!UnknownFunction []
[2018.11.06-15.09.36:677][180]LogWindows: Error: [Callstack] 0x00007fff73948538 UE4Editor-Slate.dll!UnknownFunction []
[2018.11.06-15.09.36:677][180]LogWindows: Error: [Callstack] 0x00007fff7393b073 UE4Editor-Slate.dll!UnknownFunction []
[2018.11.06-15.09.36:677][180]LogWindows: Error: [Callstack] 0x00007fff9885d007 UE4Editor-ApplicationCore.dll!UnknownFunction []
[2018.11.06-15.09.36:677][180]LogWindows: Error: [Callstack] 0x00007fff98850270 UE4Editor-ApplicationCore.dll!UnknownFunction []
[2018.11.06-15.09.36:677][180]LogWindows: Error: [Callstack] 0x00007fff9885f4c5 UE4Editor-ApplicationCore.dll!UnknownFunction []
[2018.11.06-15.09.36:677][180]LogWindows: Error: [Callstack] 0x00007fff9884c209 UE4Editor-ApplicationCore.dll!UnknownFunction []
[2018.11.06-15.09.36:677][180]LogWindows: Error: [Callstack] 0x00007fffbfc86cc1 USER32.dll!UnknownFunction []
[2018.11.06-15.09.36:677][180]LogWindows: Error: [Callstack] 0x00007fffbfc86693 USER32.dll!UnknownFunction []
[2018.11.06-15.09.36:677][180]LogWindows: Error: [Callstack] 0x00007fff98860646 UE4Editor-ApplicationCore.dll!UnknownFunction []
[2018.11.06-15.09.36:677][180]LogWindows: Error: [Callstack] 0x00007ff70b9d54e5 UE4Editor.exe!UnknownFunction []
[2018.11.06-15.09.36:677][180]LogWindows: Error: [Callstack] 0x00007ff70b9e5b3c UE4Editor.exe!UnknownFunction []
[2018.11.06-15.09.36:677][180]LogWindows: Error: [Callstack] 0x00007ff70b9e5bba UE4Editor.exe!UnknownFunction []
[2018.11.06-15.09.36:677][180]LogWindows: Error: [Callstack] 0x00007ff70b9f3dac UE4Editor.exe!UnknownFunction []
[2018.11.06-15.09.36:677][180]LogWindows: Error: [Callstack] 0x00007ff70b9f5aaa UE4Editor.exe!UnknownFunction []
[2018.11.06-15.09.36:677][180]LogWindows: Error: [Callstack] 0x00007fffbdaa3034 KERNEL32.DLL!UnknownFunction []
[2018.11.06-15.09.36:678][180]LogWindows: Error: [Callstack] 0x00007fffc03a1461 ntdll.dll!UnknownFunction []
[2018.11.06-15.09.36:678][180]LogWindows: Error: 
[2018.11.06-15.09.36:692][180]LogExit: Executing StaticShutdownAfterError
[2018.11.06-15.09.36:696][180]LogWindows: FPlatformMisc::RequestExit(1)
[2018.11.06-15.09.36:707][180]Log file closed, 11/06/18 15:09:36
